Customizing shell for Lassen.

Lmod is automatically replacing "xl/2021.09.22" with "gcc/8.3.1".


Due to MODULEPATH changes, the following have been reloaded:
  1) spectrum-mpi/rolling-release

Running with EMIRGE_HOME=/p/gpfs1/mtcampbe/CEESD/AutomatedTesting/MIRGE-Timing/timing/emirge
Activating 'nozzle.lazy.timing.env' environment for '/p/gpfs1/mtcampbe/CEESD/AutomatedTesting/MIRGE-Timing/timing/emirge/miniforge3/bin/conda'.
/p/gpfs1/mtcampbe/CEESD/AutomatedTesting/MIRGE-Timing/timing/emirge/miniforge3/envs/nozzle.lazy.timing.env/bin/python
# conda environments:
#
                         /p/gpfs1/mtcampbe/CEESD/AutomatedTesting/MIRGE-Timing/testing/emirge/miniforge3/envs/ceesd.testing.env
                         /p/gpfs1/mtcampbe/CEESD/AutomatedTesting/MIRGE-Timing/testing/test-x/emirge/miniforge3/envs/testing.test.x
base                     /p/gpfs1/mtcampbe/CEESD/AutomatedTesting/MIRGE-Timing/timing/emirge/miniforge3
nozzle.lazy.timing.env  *  /p/gpfs1/mtcampbe/CEESD/AutomatedTesting/MIRGE-Timing/timing/emirge/miniforge3/envs/nozzle.lazy.timing.env
                         /p/gpfs1/mtcampbe/CEESD/Experimental/svm/notsvm/miniforge3/envs/x.notsvm
                         /p/gpfs1/mtcampbe/CEESD/Experimental/svm/svmfuse/miniforge3/envs/x.svm
                         /usr/workspace/wsa/xpacc/Users/mtcampbe/CEESD/Quartz/Install/conda
                         /usr/workspace/wsa/xpacc/Users/mtcampbe/CEESD/Quartz/Install/conda/envs/abate.mtc_euler.env
                         /usr/workspace/wsa/xpacc/Users/mtcampbe/CEESD/Quartz/Install/conda/envs/ceesd.master
                         /usr/workspace/wsa/xpacc/Users/mtcampbe/CEESD/Quartz/Install/conda/envs/chem.master
                         /usr/workspace/wsa/xpacc/Users/mtcampbe/CEESD/Quartz/Install/conda/envs/dgfem
                         /usr/workspace/wsa/xpacc/Users/mtcampbe/CEESD/Quartz/Install/conda/envs/mc.master

Default casename nozzle
Reading user input from file: timing_params.yaml
Running ./nozzle.py

#### Simluation control data: ####
	nviz = 100
	nrestart = 100
	nhealth = 100
	nstatus = 1
	current_dt = 5e-08
	t_final = 1e-06
	order = 1
	Shock capturing parameters: alpha 0.5, s0 -5.0, kappa 0.5
	Time integration rk4
	Dependent variable logging is OFF.
#### Simluation control data: ####
inlet Mach number 0.13914536705094316
inlet temperature 297.16860334713266
inlet pressure 987.6162965049273
final inlet pressure 148142.4444757391
./nozzle.py:521: DeprecationWarning: IsothermalNoSlipBoundary is deprecated. Use IsothermalWallBoundary instead.
  wall = IsothermalNoSlipBoundary()
rank 0: sent all mesh parts
Making discretization
./nozzle.py:559: DeprecationWarning: EagerDGDiscretization is deprecated and will go away in 2022. Use the base DiscretizationCollection with grudge.op instead.
  dcoll = EagerDGDiscretization(actx,
preprocess_program on 'frozen_nodes0_3d': completed (6.39s wall 0.02x CPU)
build program: kernel 'frozen_nodes0_3d' was part of a lengthy source build resulting from a binary cache miss (0.85 s)
build program: kernel 'frozen_nodes1_3d' was part of a lengthy source build resulting from a binary cache miss (0.40 s)
build program: kernel 'frozen_nodes2_3d' was part of a lengthy source build resulting from a binary cache miss (0.40 s)
./nozzle.py:564: DeprecationWarning: Calling thaw(ary, actx) is deprecated, call actx.thaw(ary) instead. This will stop working in 2023.
  nodes = thaw(dcoll.nodes(), actx)
Initializing soln.
Initialization for Case(nozzle)
===
Num 3d order-1 elements: 107554
Num global elements: 107554
Timestep:        5e-08
Initial time:    0
Final time:      1e-06
CFL:             1.0
Constant CFL:    False
Initialization:  pseudoY0
EOS:             IdealSingleGas

Stepping.
frozen_result: generate code: completed (0.63s wall 1.00x CPU)
build program: kernel 'frozen_result' was part of a lengthy source build resulting from a binary cache miss (0.44 s)
build program: kernel 'frozen_result' was part of a lengthy source build resulting from a binary cache miss (0.36 s)
frozen_area_el_vol: check array access within bounds: completed (0.43s wall 1.00x CPU)
frozen_area_el_vol: schedule: completed (1.52s wall 1.00x CPU)
frozen_area_el_vol: generate code: completed (3.93s wall 1.00x CPU)
build program: kernel 'frozen_area_el_vol' was part of a lengthy source build resulting from a binary cache miss (2.14 s)
building face restriction: start
building face restriction: done
build program: kernel 'frozen_nodes0_3d' was part of a lengthy source build resulting from a binary cache miss (0.40 s)
build program: kernel 'frozen_nodes1_3d' was part of a lengthy source build resulting from a binary cache miss (0.40 s)
build program: kernel 'frozen_nodes2_3d' was part of a lengthy source build resulting from a binary cache miss (0.40 s)
frozen_area_el_f_all: check array access within bounds: completed (0.33s wall 1.00x CPU)
frozen_area_el_f_all: schedule: completed (1.18s wall 1.00x CPU)
frozen_area_el_f_all: generate code: completed (3.29s wall 1.00x CPU)
build program: kernel 'frozen_area_el_f_all' was part of a lengthy source build resulting from a binary cache miss (1.71 s)
frozen_dt_geometric_vol: generate code: completed (0.62s wall 1.00x CPU)
build program: kernel 'frozen_dt_geometric_vol' was part of a lengthy source build resulting from a binary cache miss (0.75 s)
build program: kernel 'frozen_char_lscales' was part of a lengthy source build resulting from a binary cache miss (0.38 s)
frozen_result: generate code: completed (0.50s wall 1.00x CPU)
build program: kernel 'frozen_result' was part of a lengthy source build resulting from a binary cache miss (0.45 s)
build program: kernel 'reduce_kernel_stage1' was part of a lengthy source build resulting from a binary cache miss (0.47 s)
build program: kernel 'reduce_kernel_stage2' was part of a lengthy source build resulting from a binary cache miss (0.46 s)
build program: kernel 'frozen_result' was part of a lengthy source build resulting from a binary cache miss (0.37 s)
build program: kernel 'frozen_result' was part of a lengthy source build resulting from a binary cache miss (0.40 s)
build program: kernel 'reduce_kernel_stage1' was part of a lengthy source build resulting from a binary cache miss (0.45 s)
build program: kernel 'reduce_kernel_stage2' was part of a lengthy source build resulting from a binary cache miss (0.45 s)
build program: kernel 'frozen_result' was part of a lengthy source build resulting from a binary cache miss (0.36 s)
build program: kernel 'reduce_kernel_stage1' was part of a lengthy source build resulting from a binary cache miss (0.46 s)
build program: kernel 'reduce_kernel_stage2' was part of a lengthy source build resulting from a binary cache miss (0.46 s)
build program: kernel 'frozen_result' was part of a lengthy source build resulting from a binary cache miss (0.37 s)
./nozzle.py:757: DeprecationWarning: allsync is deprecated and will disappear in Q1 2022. Use global_reduce instead.
  health_errors = allsync(my_health_check(dv), comm,
/p/gpfs1/mtcampbe/CEESD/AutomatedTesting/MIRGE-Timing/timing/emirge/mirgecom/mirgecom/simutil.py:235: UserWarning: Using `write_visfile` in parallel without an MPI communicator is deprecated and will stop working in Fall 2022. For parallel writes, specify an MPI communicator with the `mpi_communicator` argument.
  warn("Using `write_visfile` in parallel without an MPI communicator is "
build program: kernel 'frozen_result' was part of a lengthy source build resulting from a binary cache miss (0.39 s)
build program: kernel 'frozen_result' was part of a lengthy source build resulting from a binary cache miss (0.41 s)
build program: kernel 'frozen_result' was part of a lengthy source build resulting from a binary cache miss (0.40 s)
build program: kernel 'frozen_result' was part of a lengthy source build resulting from a binary cache miss (0.41 s)
build program: kernel 'frozen_result' was part of a lengthy source build resulting from a binary cache miss (0.38 s)
build program: kernel 'frozen_result' was part of a lengthy source build resulting from a binary cache miss (0.39 s)
frozen_result: generate code: completed (0.62s wall 1.00x CPU)
build program: kernel 'frozen_result' was part of a lengthy source build resulting from a binary cache miss (0.88 s)
frozen_result: generate code: completed (0.58s wall 1.00x CPU)
build program: kernel 'frozen_result' was part of a lengthy source build resulting from a binary cache miss (0.59 s)
data wrapper de-duplication: 1 encountered, 1 kept, 0 eliminated
data wrapper de-duplication: 1 encountered, 1 kept, 0 eliminated
data wrapper de-duplication: 1 encountered, 1 kept, 0 eliminated
data wrapper de-duplication: 1 encountered, 1 kept, 0 eliminated
data wrapper de-duplication: 1 encountered, 1 kept, 0 eliminated
building face restriction: start
building face restriction: done
building face restriction: start
building face restriction: done
building face restriction: start
building face restriction: done
building face restriction: start
building face restriction: done
build program: kernel 'frozen_nodes0_3d' was part of a lengthy source build resulting from a binary cache miss (0.39 s)
build program: kernel 'frozen_nodes1_3d' was part of a lengthy source build resulting from a binary cache miss (0.39 s)
build program: kernel 'frozen_nodes2_3d' was part of a lengthy source build resulting from a binary cache miss (0.39 s)
/p/gpfs1/mtcampbe/CEESD/AutomatedTesting/MIRGE-Timing/timing/emirge/grudge/grudge/trace_pair.py:515: UserWarning: Encountered unknown symbolic tag '<class 'mirgecom.gas_model._FluidCVTag'>', assigning a value of '627736185'. This is a temporary workaround, please ensure that tags are sufficiently distinct for your use case.
  warn("Encountered unknown symbolic tag "
/p/gpfs1/mtcampbe/CEESD/AutomatedTesting/MIRGE-Timing/timing/emirge/grudge/grudge/trace_pair.py:515: UserWarning: Encountered unknown symbolic tag '<class 'mirgecom.gas_model._FluidSmoothnessTag'>', assigning a value of '69767970'. This is a temporary workaround, please ensure that tags are sufficiently distinct for your use case.
  warn("Encountered unknown symbolic tag "
build program: kernel 'frozen_nodes0_3d' was part of a lengthy source build resulting from a binary cache miss (0.37 s)
build program: kernel 'frozen_nodes1_3d' was part of a lengthy source build resulting from a binary cache miss (0.37 s)
build program: kernel 'frozen_nodes2_3d' was part of a lengthy source build resulting from a binary cache miss (0.37 s)
./nozzle.py:505: DeprecationWarning: Calling thaw(ary, actx) is deprecated, call actx.thaw(ary) instead. This will stop working in 2023.
  nodes = thaw(bnd_discr.nodes(), actx)
frozen_area_el_b_Inflow: check array access within bounds: completed (0.33s wall 1.00x CPU)
frozen_area_el_b_Inflow: schedule: completed (1.17s wall 1.00x CPU)
frozen_area_el_b_Inflow: generate code: completed (2.98s wall 1.00x CPU)
build program: kernel 'frozen_area_el_b_Inflow' was part of a lengthy source build resulting from a binary cache miss (1.21 s)
frozen_normal_4_b_Inflow: schedule: completed (0.38s wall 1.00x CPU)
frozen_normal_4_b_Inflow: generate code: completed (1.09s wall 1.00x CPU)
build program: kernel 'frozen_normal_4_b_Inflow' was part of a lengthy source build resulting from a binary cache miss (0.92 s)
frozen_normal_2_b_Inflow: schedule: completed (0.38s wall 1.00x CPU)
frozen_normal_2_b_Inflow: generate code: completed (1.09s wall 1.00x CPU)
build program: kernel 'frozen_normal_2_b_Inflow' was part of a lengthy source build resulting from a binary cache miss (0.92 s)
frozen_normal_1_b_Inflow: schedule: completed (0.38s wall 1.00x CPU)
frozen_normal_1_b_Inflow: generate code: completed (1.09s wall 1.00x CPU)
build program: kernel 'frozen_normal_1_b_Inflow' was part of a lengthy source build resulting from a binary cache miss (0.93 s)
build program: kernel 'frozen_f2allf_ind' was part of a lengthy source build resulting from a binary cache miss (0.37 s)
build program: kernel 'frozen_f2allf_ind' was part of a lengthy source build resulting from a binary cache miss (0.37 s)
build program: kernel 'frozen_f2allf_ind' was part of a lengthy source build resulting from a binary cache miss (0.37 s)
build program: kernel 'frozen_f2allf_ind' was part of a lengthy source build resulting from a binary cache miss (0.37 s)
build program: kernel 'frozen_nodes0_3d' was part of a lengthy source build resulting from a binary cache miss (0.38 s)
build program: kernel 'frozen_nodes1_3d' was part of a lengthy source build resulting from a binary cache miss (0.37 s)
build program: kernel 'frozen_nodes2_3d' was part of a lengthy source build resulting from a binary cache miss (0.37 s)
frozen_area_el_b_Outflow: check array access within bounds: completed (0.33s wall 1.00x CPU)
frozen_area_el_b_Outflow: schedule: completed (1.17s wall 1.00x CPU)
frozen_area_el_b_Outflow: generate code: completed (3.13s wall 1.00x CPU)
build program: kernel 'frozen_area_el_b_Outflow' was part of a lengthy source build resulting from a binary cache miss (1.22 s)
frozen_normal_4_b_Outflow: schedule: completed (0.38s wall 1.00x CPU)
frozen_normal_4_b_Outflow: generate code: completed (1.13s wall 1.00x CPU)
build program: kernel 'frozen_normal_4_b_Outflow' was part of a lengthy source build resulting from a binary cache miss (0.93 s)
frozen_normal_2_b_Outflow: schedule: completed (0.38s wall 1.00x CPU)
frozen_normal_2_b_Outflow: generate code: completed (1.13s wall 1.00x CPU)
build program: kernel 'frozen_normal_2_b_Outflow' was part of a lengthy source build resulting from a binary cache miss (0.93 s)
frozen_normal_1_b_Outflow: schedule: completed (0.38s wall 1.00x CPU)
frozen_normal_1_b_Outflow: generate code: completed (1.13s wall 1.00x CPU)
build program: kernel 'frozen_normal_1_b_Outflow' was part of a lengthy source build resulting from a binary cache miss (0.93 s)
build program: kernel 'frozen_f2allf_ind' was part of a lengthy source build resulting from a binary cache miss (0.36 s)
build program: kernel 'frozen_f2allf_ind' was part of a lengthy source build resulting from a binary cache miss (0.36 s)
build program: kernel 'frozen_f2allf_ind' was part of a lengthy source build resulting from a binary cache miss (0.36 s)
build program: kernel 'frozen_f2allf_ind' was part of a lengthy source build resulting from a binary cache miss (0.36 s)
build program: kernel 'frozen_nodes0_3d' was part of a lengthy source build resulting from a binary cache miss (0.39 s)
build program: kernel 'frozen_nodes1_3d' was part of a lengthy source build resulting from a binary cache miss (0.40 s)
build program: kernel 'frozen_nodes2_3d' was part of a lengthy source build resulting from a binary cache miss (0.39 s)
frozen_area_el_b_Wall: check array access within bounds: completed (0.33s wall 1.00x CPU)
frozen_area_el_b_Wall: schedule: completed (1.18s wall 1.00x CPU)
frozen_area_el_b_Wall: generate code: completed (3.30s wall 1.00x CPU)
build program: kernel 'frozen_area_el_b_Wall' was part of a lengthy source build resulting from a binary cache miss (1.72 s)
frozen_normal_4_b_Wall: schedule: completed (0.39s wall 1.00x CPU)
frozen_normal_4_b_Wall: generate code: completed (1.21s wall 1.00x CPU)
build program: kernel 'frozen_normal_4_b_Wall' was part of a lengthy source build resulting from a binary cache miss (1.03 s)
frozen_normal_2_b_Wall: schedule: completed (0.39s wall 1.00x CPU)
frozen_normal_2_b_Wall: generate code: completed (1.21s wall 1.00x CPU)
build program: kernel 'frozen_normal_2_b_Wall' was part of a lengthy source build resulting from a binary cache miss (1.04 s)
frozen_normal_1_b_Wall: schedule: completed (0.39s wall 1.00x CPU)
frozen_normal_1_b_Wall: generate code: completed (1.21s wall 1.00x CPU)
build program: kernel 'frozen_normal_1_b_Wall' was part of a lengthy source build resulting from a binary cache miss (1.04 s)
build program: kernel 'frozen_f2allf_ind' was part of a lengthy source build resulting from a binary cache miss (0.38 s)
build program: kernel 'frozen_f2allf_ind' was part of a lengthy source build resulting from a binary cache miss (0.37 s)
build program: kernel 'frozen_f2allf_ind' was part of a lengthy source build resulting from a binary cache miss (0.37 s)
build program: kernel 'frozen_f2allf_ind' was part of a lengthy source build resulting from a binary cache miss (0.37 s)
frozen_area_el_f_int: check array access within bounds: completed (0.33s wall 1.00x CPU)
frozen_area_el_f_int: schedule: completed (1.18s wall 1.00x CPU)
frozen_area_el_f_int: generate code: completed (3.33s wall 1.00x CPU)
build program: kernel 'frozen_area_el_f_int' was part of a lengthy source build resulting from a binary cache miss (1.71 s)
frozen_normal_4_f_int: schedule: completed (0.39s wall 1.00x CPU)
frozen_normal_4_f_int: generate code: completed (1.21s wall 1.00x CPU)
build program: kernel 'frozen_normal_4_f_int' was part of a lengthy source build resulting from a binary cache miss (1.03 s)
frozen_normal_2_f_int: schedule: completed (0.39s wall 1.00x CPU)
frozen_normal_2_f_int: generate code: completed (1.21s wall 1.00x CPU)
build program: kernel 'frozen_normal_2_f_int' was part of a lengthy source build resulting from a binary cache miss (1.04 s)
frozen_normal_1_f_int: schedule: completed (0.39s wall 1.00x CPU)
frozen_normal_1_f_int: generate code: completed (1.21s wall 1.00x CPU)
build program: kernel 'frozen_normal_1_f_int' was part of a lengthy source build resulting from a binary cache miss (1.04 s)
build program: kernel 'frozen_f2allf_ind' was part of a lengthy source build resulting from a binary cache miss (0.38 s)
build program: kernel 'frozen_f2allf_ind' was part of a lengthy source build resulting from a binary cache miss (0.38 s)
build program: kernel 'frozen_f2allf_ind' was part of a lengthy source build resulting from a binary cache miss (0.38 s)
build program: kernel 'frozen_f2allf_ind' was part of a lengthy source build resulting from a binary cache miss (0.38 s)
frozen_inv_metric_deriv_vol: preprocess: completed (0.31s wall 1.00x CPU)
preprocess_program on 'frozen_inv_metric_deriv_vol': completed (7.20s wall 1.00x CPU)
frozen_inv_metric_deriv_vol: check array access within bounds: completed (5.56s wall 1.00x CPU)
frozen_inv_metric_deriv_vol: schedule: completed (190.98s wall 1.00x CPU)
frozen_inv_metric_deriv_vol: generate code: completed (104.75s wall 1.00x CPU)
build program: kernel 'frozen_inv_metric_deriv_vol' was part of a lengthy source build resulting from a binary cache miss (21.51 s)
/p/gpfs1/mtcampbe/CEESD/AutomatedTesting/MIRGE-Timing/timing/emirge/grudge/grudge/trace_pair.py:515: UserWarning: Encountered unknown symbolic tag '<class 'mirgecom.navierstokes._NSGradCVTag'>', assigning a value of '737376887'. This is a temporary workaround, please ensure that tags are sufficiently distinct for your use case.
  warn("Encountered unknown symbolic tag "
/p/gpfs1/mtcampbe/CEESD/AutomatedTesting/MIRGE-Timing/timing/emirge/grudge/grudge/trace_pair.py:515: UserWarning: Encountered unknown symbolic tag '<class 'mirgecom.navierstokes._NSGradTemperatureTag'>', assigning a value of '484119136'. This is a temporary workaround, please ensure that tags are sufficiently distinct for your use case.
  warn("Encountered unknown symbolic tag "
/p/gpfs1/mtcampbe/CEESD/AutomatedTesting/MIRGE-Timing/timing/emirge/mirgecom/mirgecom/artificial_viscosity.py:221: UserWarning: The AV boundary_kwargs interface is deprecated, please pass gas_model and time directly.
  warn("The AV boundary_kwargs interface is deprecated, please pass gas_model"
/p/gpfs1/mtcampbe/CEESD/AutomatedTesting/MIRGE-Timing/timing/emirge/grudge/grudge/trace_pair.py:515: UserWarning: Encountered unknown symbolic tag '<class 'mirgecom.artificial_viscosity._AVRTag'>', assigning a value of '2138941513'. This is a temporary workaround, please ensure that tags are sufficiently distinct for your use case.
  warn("Encountered unknown symbolic tag "
data wrapper de-duplication: 1645 encountered, 54 kept, 1591 eliminated
transform_dag for '<function main.<locals>.my_rhs at 0x20027bf68ee0>': completed (1.31s wall 1.00x CPU)
generate_loopy for '<function main.<locals>.my_rhs at 0x20027bf68ee0>': completed (10.74s wall 1.00x CPU)
transform_loopy_program for '<function main.<locals>.my_rhs at 0x20027bf68ee0>': completed (87.95s wall 1.00x CPU)
my_rhs: preprocess: completed (0.46s wall 1.00x CPU)
preprocess_program on 'my_rhs': completed (9.05s wall 1.00x CPU)
my_rhs: check array access within bounds: completed (13.57s wall 1.00x CPU)
my_rhs: schedule: completed (55.39s wall 1.00x CPU)
my_rhs: generate code: completed (381.17s wall 1.00x CPU)
build program: kernel 'my_rhs' was part of a lengthy source build resulting from a binary cache miss (37.16 s)
build program: kernel 'frozen_result' was part of a lengthy source build resulting from a binary cache miss (0.39 s)
build program: kernel 'frozen_result' was part of a lengthy source build resulting from a binary cache miss (0.39 s)
/p/gpfs1/mtcampbe/CEESD/AutomatedTesting/MIRGE-Timing/timing/emirge/mirgecom/mirgecom/steppers.py:425: UserWarning: Deduced force_eval=True for this timestepper. This can have a nontrivial performance impact. If you know that your timestepper does not require per-step forced evaluation, explicitly set force_eval=False.
  _advance_state_stepper_func(
frozen_result: generate code: completed (0.71s wall 1.00x CPU)
build program: kernel 'frozen_result' was part of a lengthy source build resulting from a binary cache miss (0.47 s)
step = 0, sim time: 0.000000e+00 s, cfl = 1.0000
------- step walltime: 1126.32 s, log walltime: 0.000194073 s

step = 1, sim time: 5.000000e-08 s, cfl = 0.0443
------- step walltime: 0.30956 s, log walltime: 0.000209332 s

step = 2, sim time: 1.000000e-07 s, cfl = 0.0444
------- step walltime: 0.303587 s, log walltime: 0.00010848 s

step = 3, sim time: 1.500000e-07 s, cfl = 0.0444
------- step walltime: 0.301754 s, log walltime: 0.000107288 s

step = 4, sim time: 2.000000e-07 s, cfl = 0.0444
------- step walltime: 0.30134 s, log walltime: 0.000107765 s

step = 5, sim time: 2.500000e-07 s, cfl = 0.0444
------- step walltime: 0.301983 s, log walltime: 0.000106335 s

step = 6, sim time: 3.000000e-07 s, cfl = 0.0444
------- step walltime: 0.301327 s, log walltime: 0.000118256 s

step = 7, sim time: 3.500000e-07 s, cfl = 0.0444
------- step walltime: 0.301268 s, log walltime: 0.000107527 s

step = 8, sim time: 4.000000e-07 s, cfl = 0.0444
------- step walltime: 0.301764 s, log walltime: 0.000106335 s

step = 9, sim time: 4.500000e-07 s, cfl = 0.0444
------- step walltime: 0.301264 s, log walltime: 0.000107527 s

step = 10, sim time: 5.000000e-07 s, cfl = 0.0444
------- step walltime: 0.301288 s, log walltime: 0.000106573 s

step = 11, sim time: 5.500000e-07 s, cfl = 0.0444
------- step walltime: 0.301837 s, log walltime: 0.000106812 s

step = 12, sim time: 6.000000e-07 s, cfl = 0.0444
------- step walltime: 0.30141 s, log walltime: 0.000123739 s

step = 13, sim time: 6.500000e-07 s, cfl = 0.0444
------- step walltime: 0.301429 s, log walltime: 0.000107288 s

step = 14, sim time: 7.000000e-07 s, cfl = 0.0445
------- step walltime: 0.301883 s, log walltime: 0.000108957 s

step = 15, sim time: 7.500000e-07 s, cfl = 0.0445
------- step walltime: 0.301336 s, log walltime: 0.000108719 s

step = 16, sim time: 8.000000e-07 s, cfl = 0.0445
------- step walltime: 0.301644 s, log walltime: 0.000107527 s

step = 17, sim time: 8.500000e-07 s, cfl = 0.0445
------- step walltime: 0.301778 s, log walltime: 0.000107288 s

step = 18, sim time: 9.000000e-07 s, cfl = 0.0445
------- step walltime: 0.302191 s, log walltime: 0.000106335 s

step = 19, sim time: 9.500000e-07 s, cfl = 0.0445
------- step walltime: 0.301853 s, log walltime: 0.00010848 s

build program: kernel 'frozen_result' was part of a lengthy source build resulting from a binary cache miss (0.39 s)
build program: kernel 'frozen_result' was part of a lengthy source build resulting from a binary cache miss (0.39 s)
frozen_result: generate code: completed (0.71s wall 1.00x CPU)
build program: kernel 'frozen_result' was part of a lengthy source build resulting from a binary cache miss (0.47 s)
step = 20, sim time: 1.000000e-06 s, cfl = 0.0445
------- step walltime: 3.11408 s, log walltime: 0.000105858 s

Checkpointing final state ...

------------------------------------------------------------
Sender: LSF System <lsfadmin@lassen710>
Subject: Job 3896065: <nozzle_timing_job.sh> in cluster <lassen> Done

Job <nozzle_timing_job.sh> was submitted from host <lassen708> by user <mtcampbe> in cluster <lassen> at Thu Sep  8 01:01:24 2022
Job was executed on host(s) <1*lassen710>, in queue <pdebug>, as user <mtcampbe> in cluster <lassen> at Thu Sep  8 01:01:26 2022
                            <40*lassen34>
</g/g17/mtcampbe> was used as the home directory.
</p/gpfs1/mtcampbe/CEESD/AutomatedTesting/MIRGE-Timing/timing/emirge/mirgecom/y1-production-nozzle-lazy/timing_run> was used as the working directory.
Started at Thu Sep  8 01:01:26 2022
Terminated at Thu Sep  8 01:22:30 2022
Results reported at Thu Sep  8 01:22:30 2022

Your job looked like:

------------------------------------------------------------
# LSBATCH: User input
#!/bin/bash

#BSUB -nnodes 1
#BSUB -G uiuc
#BSUB -W 60
#BSUB -q pdebug
#BSUB -o nozzle_lazy_2022.09.08-01.00.04.out

printf "Running with EMIRGE_HOME=/p/gpfs1/mtcampbe/CEESD/AutomatedTesting/MIRGE-Timing/timing/emirge\n"

source "/p/gpfs1/mtcampbe/CEESD/AutomatedTesting/MIRGE-Timing/timing/emirge/config/activate_env.sh"
export PYOPENCL_CTX="port:tesla"
export XDG_CACHE_HOME="/tmp/mtcampbe/xdg-scratch"
rm -rf $XDG_CACHE_HOME
rm -f timing-run-done
which python
conda env list
jsrun -g 1 -a 1 -n 1 python -O -u -m mpi4py ./nozzle.py -i timing_params.yaml --lazy --log
touch timing-run-done


------------------------------------------------------------

Successfully completed.

Resource usage summary:

    CPU time :                                   0.50 sec.
    Max Memory :                                 59 MB
    Average Memory :                             58.70 MB
    Total Requested Memory :                     -
    Delta Memory :                               -
    Max Swap :                                   1634 MB
    Max Processes :                              4
    Max Threads :                                27
    Run time :                                   1264 sec.
    Turnaround time :                            1266 sec.

The output (if any) is above this job summary.

