Customizing shell for Lassen.
Running with EMIRGE_HOME=/p/gpfs1/mtcampbe/CEESD/AutomatedTesting/MIRGE-Timing/timing/emirge
Activating 'nozzle.lazy.timing.env' environment for '/p/gpfs1/mtcampbe/CEESD/AutomatedTesting/MIRGE-Timing/timing/emirge/miniforge3/bin/conda'.
/p/gpfs1/mtcampbe/CEESD/AutomatedTesting/MIRGE-Timing/timing/emirge/miniforge3/envs/nozzle.lazy.timing.env/bin/python
# conda environments:
#
base                     /p/gpfs1/mtcampbe/CEESD/AutomatedTesting/MIRGE-Timing/timing/emirge/miniforge3
nozzle.lazy.timing.env  *  /p/gpfs1/mtcampbe/CEESD/AutomatedTesting/MIRGE-Timing/timing/emirge/miniforge3/envs/nozzle.lazy.timing.env
                         /p/gpfs1/mtcampbe/CEESD/AutomatedTesting/MIRGE-Timing/timing/y3-prediction-nowall-scaling-run/emirge/miniforge3/envs/big.scale
                         /p/gpfs1/mtcampbe/CEESD/Experimental/prediciton/mirge-test/miniforge3/envs/prediction.mirge.test
                         /p/gpfs1/mtcampbe/CEESD/Experimental/prediciton/mirge/miniforge3/envs/x.mirge
                         /p/gpfs1/mtcampbe/CEESD/Experimental/scalability/emirge/miniforge3/envs/big.scale2
                         /usr/WS1/xpacc/Users/mtcampbe/CEESD/Lassen/test_emirge/emirge/miniforge3/envs/test.emirge.fk
                         /usr/workspace/wsa/xpacc/Users/mtcampbe/CEESD/Quartz/Install/conda
                         /usr/workspace/wsa/xpacc/Users/mtcampbe/CEESD/Quartz/Install/conda/envs/abate.mtc_euler.env
                         /usr/workspace/wsa/xpacc/Users/mtcampbe/CEESD/Quartz/Install/conda/envs/ceesd.master
                         /usr/workspace/wsa/xpacc/Users/mtcampbe/CEESD/Quartz/Install/conda/envs/chem.master
                         /usr/workspace/wsa/xpacc/Users/mtcampbe/CEESD/Quartz/Install/conda/envs/dgfem
                         /usr/workspace/wsa/xpacc/Users/mtcampbe/CEESD/Quartz/Install/conda/envs/mc.master

Default casename nozzle
Reading user input from file: timing_params.yaml
Running ./nozzle.py

#### Simluation control data: ####
	nviz = 100
	nrestart = 100
	nhealth = 100
	nstatus = 1
	current_dt = 5e-08
	t_final = 1e-06
	order = 1
	Shock capturing parameters: alpha 0.5, s0 -5.0, kappa 0.5
	Time integration rk4
	Dependent variable logging is OFF.
#### Simluation control data: ####
inlet Mach number 0.13914536705094316
inlet temperature 297.16860334713266
inlet pressure 987.6162965049273
final inlet pressure 148142.4444757391
./nozzle.py:550: DeprecationWarning: generate_and_distribute_mesh is deprecated and will go away Q4 2022. Use distribute_mesh instead.
  local_mesh, global_nelements = generate_and_distribute_mesh(
Read GMSH: 1.8784124851226807
MeshData: 3.6456549167633057
Making discretization
./nozzle.py:559: DeprecationWarning: EagerDGDiscretization is deprecated and will go away in 2022. Use the base DiscretizationCollection with grudge.op instead.
  dcoll = EagerDGDiscretization(actx,
preprocess_program on 'frozen_nodes0_3d': completed (3.65s wall 0.14x CPU)
build program: kernel 'frozen_nodes0_3d' was part of a lengthy source build resulting from a binary cache miss (0.87 s)
build program: kernel 'frozen_nodes1_3d' was part of a lengthy source build resulting from a binary cache miss (0.37 s)
build program: kernel 'frozen_nodes2_3d' was part of a lengthy source build resulting from a binary cache miss (0.37 s)
./nozzle.py:564: DeprecationWarning: Calling thaw(ary, actx) is deprecated, call actx.thaw(ary) instead. This will stop working in 2023.
  nodes = thaw(dcoll.nodes(), actx)
Initializing soln.
Initialization for Case(nozzle)
===
Num 3d order-1 elements: 107554
Num global elements: 107554
Timestep:        5e-08
Initial time:    0
Final time:      1e-06
CFL:             1.0
Constant CFL:    False
Initialization:  pseudoY0
EOS:             IdealSingleGas

Stepping.
build program: kernel 'frozen_result' was part of a lengthy source build resulting from a binary cache miss (0.43 s)
frozen_area_el_vol: schedule: completed (0.50s wall 1.00x CPU)
frozen_area_el_vol: generate code: completed (1.35s wall 1.00x CPU)
build program: kernel 'frozen_area_el_vol' was part of a lengthy source build resulting from a binary cache miss (2.17 s)
building face restriction: start
building face restriction: done
build program: kernel 'frozen_nodes0_3d' was part of a lengthy source build resulting from a binary cache miss (0.37 s)
build program: kernel 'frozen_nodes1_3d' was part of a lengthy source build resulting from a binary cache miss (0.37 s)
build program: kernel 'frozen_nodes2_3d' was part of a lengthy source build resulting from a binary cache miss (0.37 s)
frozen_area_el_b_face_restr_all: schedule: completed (0.38s wall 1.00x CPU)
frozen_area_el_b_face_restr_all: generate code: completed (1.04s wall 1.00x CPU)
build program: kernel 'frozen_area_el_b_face_restr_all' was part of a lengthy source build resulting from a binary cache miss (1.66 s)
build program: kernel 'frozen_dt_geometric_vol' was part of a lengthy source build resulting from a binary cache miss (0.74 s)
build program: kernel 'frozen_char_lscales' was part of a lengthy source build resulting from a binary cache miss (0.36 s)
build program: kernel 'frozen_result' was part of a lengthy source build resulting from a binary cache miss (0.44 s)
build program: kernel 'reduce_kernel_stage1' was part of a lengthy source build resulting from a binary cache miss (0.46 s)
build program: kernel 'reduce_kernel_stage2' was part of a lengthy source build resulting from a binary cache miss (0.45 s)
build program: kernel 'frozen_result' was part of a lengthy source build resulting from a binary cache miss (0.35 s)
build program: kernel 'frozen_result' was part of a lengthy source build resulting from a binary cache miss (0.38 s)
build program: kernel 'reduce_kernel_stage1' was part of a lengthy source build resulting from a binary cache miss (0.44 s)
build program: kernel 'reduce_kernel_stage2' was part of a lengthy source build resulting from a binary cache miss (0.44 s)
build program: kernel 'frozen_result' was part of a lengthy source build resulting from a binary cache miss (0.35 s)
build program: kernel 'reduce_kernel_stage1' was part of a lengthy source build resulting from a binary cache miss (0.45 s)
build program: kernel 'reduce_kernel_stage2' was part of a lengthy source build resulting from a binary cache miss (0.45 s)
build program: kernel 'frozen_result' was part of a lengthy source build resulting from a binary cache miss (0.35 s)
./nozzle.py:753: DeprecationWarning: allsync is deprecated and will disappear in Q1 2022. Use global_reduce instead.
  health_errors = allsync(my_health_check(dv), comm,
/p/gpfs1/mtcampbe/CEESD/AutomatedTesting/MIRGE-Timing/timing/emirge/mirgecom/mirgecom/simutil.py:339: UserWarning: Using `write_visfile` in parallel without an MPI communicator is deprecated and will stop working in Fall 2022. For parallel writes, specify an MPI communicator with the `mpi_communicator` argument.
  warn("Using `write_visfile` in parallel without an MPI communicator is "
build program: kernel 'frozen_result' was part of a lengthy source build resulting from a binary cache miss (0.37 s)
build program: kernel 'frozen_result' was part of a lengthy source build resulting from a binary cache miss (0.37 s)
build program: kernel 'frozen_result' was part of a lengthy source build resulting from a binary cache miss (0.37 s)
build program: kernel 'frozen_result' was part of a lengthy source build resulting from a binary cache miss (0.37 s)
build program: kernel 'frozen_result' was part of a lengthy source build resulting from a binary cache miss (0.39 s)
build program: kernel 'frozen_result' was part of a lengthy source build resulting from a binary cache miss (0.39 s)
build program: kernel 'frozen_result' was part of a lengthy source build resulting from a binary cache miss (0.39 s)
build program: kernel 'frozen_result' was part of a lengthy source build resulting from a binary cache miss (0.37 s)
build program: kernel 'frozen_result' was part of a lengthy source build resulting from a binary cache miss (0.38 s)
build program: kernel 'frozen_result' was part of a lengthy source build resulting from a binary cache miss (0.87 s)
build program: kernel 'frozen_result' was part of a lengthy source build resulting from a binary cache miss (0.58 s)
data wrapper de-duplication: 1 encountered, 1 kept, 0 eliminated
data wrapper de-duplication: 1 encountered, 1 kept, 0 eliminated
data wrapper de-duplication: 1 encountered, 1 kept, 0 eliminated
data wrapper de-duplication: 1 encountered, 1 kept, 0 eliminated
data wrapper de-duplication: 1 encountered, 1 kept, 0 eliminated
building face restriction: start
building face restriction: done
building face restriction: start
building face restriction: done
building face restriction: start
building face restriction: done
building face restriction: start
building face restriction: done
build program: kernel 'frozen_nodes0_3d' was part of a lengthy source build resulting from a binary cache miss (0.37 s)
build program: kernel 'frozen_nodes1_3d' was part of a lengthy source build resulting from a binary cache miss (0.37 s)
build program: kernel 'frozen_nodes2_3d' was part of a lengthy source build resulting from a binary cache miss (0.37 s)
build program: kernel 'frozen_nodes0_3d' was part of a lengthy source build resulting from a binary cache miss (0.36 s)
build program: kernel 'frozen_nodes1_3d' was part of a lengthy source build resulting from a binary cache miss (0.35 s)
build program: kernel 'frozen_nodes2_3d' was part of a lengthy source build resulting from a binary cache miss (0.35 s)
./nozzle.py:505: DeprecationWarning: Calling thaw(ary, actx) is deprecated, call actx.thaw(ary) instead. This will stop working in 2023.
  nodes = thaw(bnd_discr.nodes(), actx)
frozen_area_el_b_Inflow: schedule: completed (0.36s wall 1.00x CPU)
frozen_area_el_b_Inflow: generate code: completed (0.95s wall 1.00x CPU)
build program: kernel 'frozen_area_el_b_Inflow' was part of a lengthy source build resulting from a binary cache miss (1.21 s)
frozen_normal_4_b_Inflow: generate code: completed (0.34s wall 1.00x CPU)
build program: kernel 'frozen_normal_4_b_Inflow' was part of a lengthy source build resulting from a binary cache miss (0.92 s)
frozen_normal_2_b_Inflow: generate code: completed (0.34s wall 1.00x CPU)
build program: kernel 'frozen_normal_2_b_Inflow' was part of a lengthy source build resulting from a binary cache miss (0.92 s)
frozen_normal_1_b_Inflow: generate code: completed (0.34s wall 1.00x CPU)
build program: kernel 'frozen_normal_1_b_Inflow' was part of a lengthy source build resulting from a binary cache miss (0.92 s)
build program: kernel 'frozen_f2allf_ind' was part of a lengthy source build resulting from a binary cache miss (0.35 s)
build program: kernel 'frozen_f2allf_ind' was part of a lengthy source build resulting from a binary cache miss (0.35 s)
build program: kernel 'frozen_f2allf_ind' was part of a lengthy source build resulting from a binary cache miss (0.35 s)
build program: kernel 'frozen_f2allf_ind' was part of a lengthy source build resulting from a binary cache miss (0.35 s)
build program: kernel 'frozen_nodes0_3d' was part of a lengthy source build resulting from a binary cache miss (0.36 s)
build program: kernel 'frozen_nodes1_3d' was part of a lengthy source build resulting from a binary cache miss (0.35 s)
build program: kernel 'frozen_nodes2_3d' was part of a lengthy source build resulting from a binary cache miss (0.36 s)
frozen_area_el_b_Outflow: schedule: completed (0.36s wall 1.00x CPU)
frozen_area_el_b_Outflow: generate code: completed (0.98s wall 1.00x CPU)
build program: kernel 'frozen_area_el_b_Outflow' was part of a lengthy source build resulting from a binary cache miss (1.22 s)
frozen_normal_4_b_Outflow: generate code: completed (0.35s wall 1.00x CPU)
build program: kernel 'frozen_normal_4_b_Outflow' was part of a lengthy source build resulting from a binary cache miss (0.93 s)
frozen_normal_2_b_Outflow: generate code: completed (0.35s wall 1.00x CPU)
build program: kernel 'frozen_normal_2_b_Outflow' was part of a lengthy source build resulting from a binary cache miss (0.93 s)
frozen_normal_1_b_Outflow: generate code: completed (0.35s wall 1.00x CPU)
build program: kernel 'frozen_normal_1_b_Outflow' was part of a lengthy source build resulting from a binary cache miss (0.93 s)
build program: kernel 'frozen_f2allf_ind' was part of a lengthy source build resulting from a binary cache miss (0.35 s)
build program: kernel 'frozen_f2allf_ind' was part of a lengthy source build resulting from a binary cache miss (0.35 s)
build program: kernel 'frozen_f2allf_ind' was part of a lengthy source build resulting from a binary cache miss (0.35 s)
build program: kernel 'frozen_f2allf_ind' was part of a lengthy source build resulting from a binary cache miss (0.35 s)
build program: kernel 'frozen_nodes0_3d' was part of a lengthy source build resulting from a binary cache miss (0.37 s)
build program: kernel 'frozen_nodes1_3d' was part of a lengthy source build resulting from a binary cache miss (0.37 s)
build program: kernel 'frozen_nodes2_3d' was part of a lengthy source build resulting from a binary cache miss (0.37 s)
frozen_area_el_b_Wall: schedule: completed (0.38s wall 1.00x CPU)
frozen_area_el_b_Wall: generate code: completed (1.11s wall 1.00x CPU)
build program: kernel 'frozen_area_el_b_Wall' was part of a lengthy source build resulting from a binary cache miss (1.66 s)
frozen_normal_4_b_Wall: generate code: completed (0.38s wall 1.00x CPU)
build program: kernel 'frozen_normal_4_b_Wall' was part of a lengthy source build resulting from a binary cache miss (1.04 s)
frozen_normal_2_b_Wall: generate code: completed (0.38s wall 1.00x CPU)
build program: kernel 'frozen_normal_2_b_Wall' was part of a lengthy source build resulting from a binary cache miss (1.03 s)
frozen_normal_1_b_Wall: generate code: completed (0.38s wall 1.00x CPU)
build program: kernel 'frozen_normal_1_b_Wall' was part of a lengthy source build resulting from a binary cache miss (1.03 s)
build program: kernel 'frozen_f2allf_ind' was part of a lengthy source build resulting from a binary cache miss (0.35 s)
build program: kernel 'frozen_f2allf_ind' was part of a lengthy source build resulting from a binary cache miss (0.35 s)
build program: kernel 'frozen_f2allf_ind' was part of a lengthy source build resulting from a binary cache miss (0.35 s)
build program: kernel 'frozen_f2allf_ind' was part of a lengthy source build resulting from a binary cache miss (0.35 s)
frozen_area_el_b_face_restr_interior: schedule: completed (0.38s wall 1.00x CPU)
frozen_area_el_b_face_restr_interior: generate code: completed (1.07s wall 1.00x CPU)
build program: kernel 'frozen_area_el_b_face_restr_interior' was part of a lengthy source build resulting from a binary cache miss (1.66 s)
frozen_normal_4_b_face_restr_interior: generate code: completed (0.39s wall 1.00x CPU)
build program: kernel 'frozen_normal_4_b_face_restr_interior' was part of a lengthy source build resulting from a binary cache miss (1.03 s)
frozen_normal_2_b_face_restr_interior: generate code: completed (0.38s wall 1.00x CPU)
build program: kernel 'frozen_normal_2_b_face_restr_interior' was part of a lengthy source build resulting from a binary cache miss (1.04 s)
frozen_normal_1_b_face_restr_interior: generate code: completed (0.38s wall 1.00x CPU)
build program: kernel 'frozen_normal_1_b_face_restr_interior' was part of a lengthy source build resulting from a binary cache miss (1.03 s)
build program: kernel 'frozen_f2allf_ind' was part of a lengthy source build resulting from a binary cache miss (0.37 s)
build program: kernel 'frozen_f2allf_ind' was part of a lengthy source build resulting from a binary cache miss (0.37 s)
build program: kernel 'frozen_f2allf_ind' was part of a lengthy source build resulting from a binary cache miss (0.37 s)
build program: kernel 'frozen_f2allf_ind' was part of a lengthy source build resulting from a binary cache miss (0.37 s)
frozen_inv_metric_deriv_vol: preprocess: completed (0.32s wall 1.00x CPU)
preprocess_program on 'frozen_inv_metric_deriv_vol': completed (4.72s wall 1.00x CPU)
frozen_inv_metric_deriv_vol: schedule: completed (118.73s wall 1.00x CPU)
frozen_inv_metric_deriv_vol: generate code: completed (49.67s wall 1.00x CPU)
build program: kernel 'frozen_inv_metric_deriv_vol' was part of a lengthy source build resulting from a binary cache miss (22.00 s)
/p/gpfs1/mtcampbe/CEESD/AutomatedTesting/MIRGE-Timing/timing/emirge/mirgecom/mirgecom/artificial_viscosity.py:347: UserWarning: The AV boundary_kwargs interface is deprecated, please pass gas_model and time directly.
  warn("The AV boundary_kwargs interface is deprecated, please pass gas_model"
data wrapper de-duplication: 1577 encountered, 56 kept, 1521 eliminated
transform_dag for '<function main.<locals>.my_rhs at 0x2002fbfc85e0>': completed (7.71s wall 1.00x CPU)
generate_loopy for '<function main.<locals>.my_rhs at 0x2002fbfc85e0>': completed (13.57s wall 1.00x CPU)
transform_loopy_program for '<function main.<locals>.my_rhs at 0x2002fbfc85e0>': completed (29.59s wall 1.00x CPU)
my_rhs: preprocess: completed (0.69s wall 1.00x CPU)
preprocess_program on 'my_rhs': completed (6.90s wall 1.00x CPU)
my_rhs: schedule: completed (19.24s wall 1.00x CPU)
my_rhs: generate code: completed (154.08s wall 1.00x CPU)
build program: kernel 'my_rhs' was part of a lengthy source build resulting from a binary cache miss (32.38 s)
build program: kernel 'frozen_result' was part of a lengthy source build resulting from a binary cache miss (0.38 s)
build program: kernel 'frozen_result' was part of a lengthy source build resulting from a binary cache miss (0.37 s)
/p/gpfs1/mtcampbe/CEESD/AutomatedTesting/MIRGE-Timing/timing/emirge/mirgecom/mirgecom/steppers.py:439: UserWarning: Deduced force_eval=True for this timestepper. This can have a nontrivial performance impact. If you know that your timestepper does not require per-step forced evaluation, explicitly set force_eval=False.
  _advance_state_stepper_func(
build program: kernel 'frozen_result' was part of a lengthy source build resulting from a binary cache miss (0.45 s)
step = 0, sim time: 0.000000e+00 s, ------- step walltime: 615.098 s, log walltime: 0.000123061 s

step = 1, sim time: 5.000000e-08 s, ------- step walltime: 0.302925 s, log walltime: 0.000113882 s

step = 2, sim time: 1.000000e-07 s, ------- step walltime: 0.303325 s, log walltime: 3.99537e-05 s

step = 3, sim time: 1.500000e-07 s, ------- step walltime: 0.293964 s, log walltime: 4.14439e-05 s

step = 4, sim time: 2.000000e-07 s, ------- step walltime: 0.294412 s, log walltime: 3.98681e-05 s

step = 5, sim time: 2.500000e-07 s, ------- step walltime: 0.293663 s, log walltime: 4.00022e-05 s

step = 6, sim time: 3.000000e-07 s, ------- step walltime: 0.296567 s, log walltime: 4.01288e-05 s

step = 7, sim time: 3.500000e-07 s, ------- step walltime: 0.293911 s, log walltime: 4.13768e-05 s

step = 8, sim time: 4.000000e-07 s, ------- step walltime: 0.294747 s, log walltime: 3.89926e-05 s

step = 9, sim time: 4.500000e-07 s, ------- step walltime: 0.294366 s, log walltime: 3.84487e-05 s

step = 10, sim time: 5.000000e-07 s, ------- step walltime: 0.293841 s, log walltime: 3.91081e-05 s

step = 11, sim time: 5.500000e-07 s, ------- step walltime: 0.298117 s, log walltime: 3.98159e-05 s

step = 12, sim time: 6.000000e-07 s, ------- step walltime: 0.29758 s, log walltime: 3.85307e-05 s

step = 13, sim time: 6.500000e-07 s, ------- step walltime: 0.296504 s, log walltime: 3.8024e-05 s

step = 14, sim time: 7.000000e-07 s, ------- step walltime: 0.293746 s, log walltime: 3.83668e-05 s

step = 15, sim time: 7.500000e-07 s, ------- step walltime: 0.294137 s, log walltime: 3.85754e-05 s

step = 16, sim time: 8.000000e-07 s, ------- step walltime: 0.294219 s, log walltime: 3.91304e-05 s

step = 17, sim time: 8.500000e-07 s, ------- step walltime: 0.293646 s, log walltime: 3.95775e-05 s

step = 18, sim time: 9.000000e-07 s, ------- step walltime: 0.294545 s, log walltime: 4.02667e-05 s

step = 19, sim time: 9.500000e-07 s, ------- step walltime: 0.293999 s, log walltime: 3.89665e-05 s

build program: kernel 'frozen_result' was part of a lengthy source build resulting from a binary cache miss (0.37 s)
build program: kernel 'frozen_result' was part of a lengthy source build resulting from a binary cache miss (0.37 s)
build program: kernel 'frozen_result' was part of a lengthy source build resulting from a binary cache miss (0.45 s)
step = 20, sim time: 1.000000e-06 s, ------- step walltime: 2.30377 s, log walltime: 3.91491e-05 s

Checkpointing final state ...

------------------------------------------------------------
Sender: LSF System <lsfadmin@lassen710>
Subject: Job 5209998: <nozzle_timing_job.sh> in cluster <lassen> Done

Job <nozzle_timing_job.sh> was submitted from host <lassen708> by user <mtcampbe> in cluster <lassen> at Wed Sep 20 01:12:12 2023
Job was executed on host(s) <1*lassen710>, in queue <pdebug>, as user <mtcampbe> in cluster <lassen> at Wed Sep 20 01:12:15 2023
                            <40*lassen13>
</g/g17/mtcampbe> was used as the home directory.
</p/gpfs1/mtcampbe/CEESD/AutomatedTesting/MIRGE-Timing/timing/emirge/mirgecom/y1-production-nozzle-lazy/timing_run> was used as the working directory.
Started at Wed Sep 20 01:12:15 2023
Terminated at Wed Sep 20 01:24:18 2023
Results reported at Wed Sep 20 01:24:18 2023

Your job looked like:

------------------------------------------------------------
# LSBATCH: User input
#!/bin/bash

#BSUB -nnodes 1
#BSUB -G uiuc
#BSUB -W 60
#BSUB -q pdebug
#BSUB -o nozzle_lazy_2023.09.20-01.01.04.out

printf "Running with EMIRGE_HOME=/p/gpfs1/mtcampbe/CEESD/AutomatedTesting/MIRGE-Timing/timing/emirge\n"

source "/p/gpfs1/mtcampbe/CEESD/AutomatedTesting/MIRGE-Timing/timing/emirge/config/activate_env.sh"
export PYOPENCL_CTX="port:tesla"
export XDG_CACHE_HOME="/tmp/mtcampbe/xdg-scratch"
rm -rf $XDG_CACHE_HOME
rm -f timing-run-done
which python
conda env list
jsrun -g 1 -a 1 -n 1 python -O -u -m mpi4py ./nozzle.py -i timing_params.yaml --lazy --log
touch timing-run-done


------------------------------------------------------------

Successfully completed.

Resource usage summary:

    CPU time :                                   0.38 sec.
    Max Memory :                                 59 MB
    Average Memory :                             58.64 MB
    Total Requested Memory :                     -
    Delta Memory :                               -
    Max Swap :                                   1634 MB
    Max Processes :                              4
    Max Threads :                                27
    Run time :                                   723 sec.
    Turnaround time :                            726 sec.

The output (if any) is above this job summary.

