Customizing shell for Lassen.
Running with EMIRGE_HOME=/p/gpfs1/mtcampbe/CEESD/AutomatedTesting/MIRGE-Timing/timing/emirge
Activating 'nozzle.lazy.timing.env' environment for '/p/gpfs1/mtcampbe/CEESD/AutomatedTesting/MIRGE-Timing/timing/emirge/miniforge3/bin/conda'.
/p/gpfs1/mtcampbe/CEESD/AutomatedTesting/MIRGE-Timing/timing/emirge/miniforge3/envs/nozzle.lazy.timing.env/bin/python
# conda environments:
#
                         /p/gpfs1/mtcampbe/CEESD/AutomatedTesting/MIRGE-Timing/parsl.timing/emirge/miniforge3/envs/parsl.timing
                         /p/gpfs1/mtcampbe/CEESD/AutomatedTesting/MIRGE-Timing/playground/esdg/miniforge3/envs/playground.esdg
                         /p/gpfs1/mtcampbe/CEESD/AutomatedTesting/MIRGE-Timing/testing/emirge/miniforge3/envs/ceesd.testing.env
base                     /p/gpfs1/mtcampbe/CEESD/AutomatedTesting/MIRGE-Timing/timing/emirge/miniforge3
nozzle.lazy.timing.env  *  /p/gpfs1/mtcampbe/CEESD/AutomatedTesting/MIRGE-Timing/timing/emirge/miniforge3/envs/nozzle.lazy.timing.env
                         /p/gpfs1/mtcampbe/CEESD/AutomatedTesting/MIRGE-Timing/timing/y3-prediction-performance-testing/emirge/miniforge3/envs/y3.test.production
                         /usr/WS1/xpacc/Users/mtcampbe/CEESD/Lassen/test_emirge/emirge/miniforge3/envs/test.emirge.fk
                         /usr/workspace/wsa/xpacc/Users/mtcampbe/CEESD/Quartz/Install/conda
                         /usr/workspace/wsa/xpacc/Users/mtcampbe/CEESD/Quartz/Install/conda/envs/abate.mtc_euler.env
                         /usr/workspace/wsa/xpacc/Users/mtcampbe/CEESD/Quartz/Install/conda/envs/ceesd.master
                         /usr/workspace/wsa/xpacc/Users/mtcampbe/CEESD/Quartz/Install/conda/envs/chem.master
                         /usr/workspace/wsa/xpacc/Users/mtcampbe/CEESD/Quartz/Install/conda/envs/dgfem
                         /usr/workspace/wsa/xpacc/Users/mtcampbe/CEESD/Quartz/Install/conda/envs/mc.master

Default casename nozzle
Reading user input from file: timing_params.yaml
Running ./nozzle.py

#### Simluation control data: ####
	nviz = 100
	nrestart = 100
	nhealth = 100
	nstatus = 1
	current_dt = 5e-08
	t_final = 1e-06
	order = 1
	Shock capturing parameters: alpha 0.5, s0 -5.0, kappa 0.5
	Time integration rk4
	Dependent variable logging is OFF.
#### Simluation control data: ####
inlet Mach number 0.13914536705094316
inlet temperature 297.16860334713266
inlet pressure 987.6162965049273
final inlet pressure 148142.4444757391
./nozzle.py:550: DeprecationWarning: generate_and_distribute_mesh is deprecated and will go away Q4 2022. Use distribute_mesh instead.
  local_mesh, global_nelements = generate_and_distribute_mesh(
Making discretization
./nozzle.py:559: DeprecationWarning: EagerDGDiscretization is deprecated and will go away in 2022. Use the base DiscretizationCollection with grudge.op instead.
  dcoll = EagerDGDiscretization(actx,
preprocess_program on 'frozen_nodes0_3d': completed (5.12s wall 0.10x CPU)
build program: kernel 'frozen_nodes0_3d' was part of a lengthy source build resulting from a binary cache miss (0.90 s)
build program: kernel 'frozen_nodes1_3d' was part of a lengthy source build resulting from a binary cache miss (0.37 s)
build program: kernel 'frozen_nodes2_3d' was part of a lengthy source build resulting from a binary cache miss (0.37 s)
./nozzle.py:564: DeprecationWarning: Calling thaw(ary, actx) is deprecated, call actx.thaw(ary) instead. This will stop working in 2023.
  nodes = thaw(dcoll.nodes(), actx)
Initializing soln.
Initialization for Case(nozzle)
===
Num 3d order-1 elements: 107554
Num global elements: 107554
Timestep:        5e-08
Initial time:    0
Final time:      1e-06
CFL:             1.0
Constant CFL:    False
Initialization:  pseudoY0
EOS:             IdealSingleGas

Stepping.
frozen_result: generate code: completed (0.83s wall 1.00x CPU)
build program: kernel 'frozen_result' was part of a lengthy source build resulting from a binary cache miss (0.43 s)
frozen_area_el_vol: check array access within bounds: completed (0.44s wall 1.00x CPU)
frozen_area_el_vol: schedule: completed (1.53s wall 1.00x CPU)
frozen_area_el_vol: generate code: completed (4.34s wall 1.00x CPU)
build program: kernel 'frozen_area_el_vol' was part of a lengthy source build resulting from a binary cache miss (2.16 s)
building face restriction: start
building face restriction: done
build program: kernel 'frozen_nodes0_3d' was part of a lengthy source build resulting from a binary cache miss (0.37 s)
build program: kernel 'frozen_nodes1_3d' was part of a lengthy source build resulting from a binary cache miss (0.37 s)
build program: kernel 'frozen_nodes2_3d' was part of a lengthy source build resulting from a binary cache miss (0.37 s)
frozen_area_el_b_face_restr_all: check array access within bounds: completed (0.34s wall 1.00x CPU)
frozen_area_el_b_face_restr_all: schedule: completed (1.20s wall 1.00x CPU)
frozen_area_el_b_face_restr_all: generate code: completed (3.61s wall 1.00x CPU)
build program: kernel 'frozen_area_el_b_face_restr_all' was part of a lengthy source build resulting from a binary cache miss (1.66 s)
frozen_dt_geometric_vol: generate code: completed (0.68s wall 1.00x CPU)
build program: kernel 'frozen_dt_geometric_vol' was part of a lengthy source build resulting from a binary cache miss (0.73 s)
build program: kernel 'frozen_char_lscales' was part of a lengthy source build resulting from a binary cache miss (0.36 s)
frozen_result: generate code: completed (0.52s wall 1.00x CPU)
build program: kernel 'frozen_result' was part of a lengthy source build resulting from a binary cache miss (0.44 s)
build program: kernel 'reduce_kernel_stage1' was part of a lengthy source build resulting from a binary cache miss (0.47 s)
build program: kernel 'reduce_kernel_stage2' was part of a lengthy source build resulting from a binary cache miss (0.45 s)
build program: kernel 'frozen_result' was part of a lengthy source build resulting from a binary cache miss (0.35 s)
build program: kernel 'frozen_result' was part of a lengthy source build resulting from a binary cache miss (0.38 s)
build program: kernel 'reduce_kernel_stage1' was part of a lengthy source build resulting from a binary cache miss (0.43 s)
build program: kernel 'reduce_kernel_stage2' was part of a lengthy source build resulting from a binary cache miss (0.43 s)
build program: kernel 'frozen_result' was part of a lengthy source build resulting from a binary cache miss (0.34 s)
build program: kernel 'reduce_kernel_stage1' was part of a lengthy source build resulting from a binary cache miss (0.45 s)
build program: kernel 'reduce_kernel_stage2' was part of a lengthy source build resulting from a binary cache miss (0.45 s)
build program: kernel 'frozen_result' was part of a lengthy source build resulting from a binary cache miss (0.35 s)
./nozzle.py:753: DeprecationWarning: allsync is deprecated and will disappear in Q1 2022. Use global_reduce instead.
  health_errors = allsync(my_health_check(dv), comm,
/p/gpfs1/mtcampbe/CEESD/AutomatedTesting/MIRGE-Timing/timing/emirge/mirgecom/mirgecom/simutil.py:256: UserWarning: Using `write_visfile` in parallel without an MPI communicator is deprecated and will stop working in Fall 2022. For parallel writes, specify an MPI communicator with the `mpi_communicator` argument.
  warn("Using `write_visfile` in parallel without an MPI communicator is "
build program: kernel 'frozen_result' was part of a lengthy source build resulting from a binary cache miss (0.37 s)
build program: kernel 'frozen_result' was part of a lengthy source build resulting from a binary cache miss (0.36 s)
build program: kernel 'frozen_result' was part of a lengthy source build resulting from a binary cache miss (0.36 s)
build program: kernel 'frozen_result' was part of a lengthy source build resulting from a binary cache miss (0.36 s)
build program: kernel 'frozen_result' was part of a lengthy source build resulting from a binary cache miss (0.41 s)
build program: kernel 'frozen_result' was part of a lengthy source build resulting from a binary cache miss (0.41 s)
build program: kernel 'frozen_result' was part of a lengthy source build resulting from a binary cache miss (0.42 s)
build program: kernel 'frozen_result' was part of a lengthy source build resulting from a binary cache miss (0.41 s)
build program: kernel 'frozen_result' was part of a lengthy source build resulting from a binary cache miss (0.40 s)
frozen_result: generate code: completed (0.67s wall 1.00x CPU)
build program: kernel 'frozen_result' was part of a lengthy source build resulting from a binary cache miss (0.87 s)
frozen_result: generate code: completed (0.62s wall 1.00x CPU)
build program: kernel 'frozen_result' was part of a lengthy source build resulting from a binary cache miss (0.58 s)
data wrapper de-duplication: 1 encountered, 1 kept, 0 eliminated
data wrapper de-duplication: 1 encountered, 1 kept, 0 eliminated
data wrapper de-duplication: 1 encountered, 1 kept, 0 eliminated
data wrapper de-duplication: 1 encountered, 1 kept, 0 eliminated
data wrapper de-duplication: 1 encountered, 1 kept, 0 eliminated
building face restriction: start
building face restriction: done
building face restriction: start
building face restriction: done
building face restriction: start
building face restriction: done
building face restriction: start
building face restriction: done
build program: kernel 'frozen_nodes0_3d' was part of a lengthy source build resulting from a binary cache miss (0.37 s)
build program: kernel 'frozen_nodes1_3d' was part of a lengthy source build resulting from a binary cache miss (0.37 s)
build program: kernel 'frozen_nodes2_3d' was part of a lengthy source build resulting from a binary cache miss (0.37 s)
build program: kernel 'frozen_nodes0_3d' was part of a lengthy source build resulting from a binary cache miss (0.35 s)
build program: kernel 'frozen_nodes1_3d' was part of a lengthy source build resulting from a binary cache miss (0.35 s)
build program: kernel 'frozen_nodes2_3d' was part of a lengthy source build resulting from a binary cache miss (0.35 s)
./nozzle.py:505: DeprecationWarning: Calling thaw(ary, actx) is deprecated, call actx.thaw(ary) instead. This will stop working in 2023.
  nodes = thaw(bnd_discr.nodes(), actx)
frozen_area_el_b_Inflow: check array access within bounds: completed (0.34s wall 1.00x CPU)
frozen_area_el_b_Inflow: schedule: completed (1.18s wall 1.00x CPU)
frozen_area_el_b_Inflow: generate code: completed (3.33s wall 1.00x CPU)
build program: kernel 'frozen_area_el_b_Inflow' was part of a lengthy source build resulting from a binary cache miss (1.20 s)
frozen_normal_4_b_Inflow: schedule: completed (0.39s wall 1.00x CPU)
frozen_normal_4_b_Inflow: generate code: completed (1.22s wall 1.00x CPU)
build program: kernel 'frozen_normal_4_b_Inflow' was part of a lengthy source build resulting from a binary cache miss (0.91 s)
frozen_normal_2_b_Inflow: schedule: completed (0.40s wall 1.00x CPU)
frozen_normal_2_b_Inflow: generate code: completed (1.22s wall 1.00x CPU)
build program: kernel 'frozen_normal_2_b_Inflow' was part of a lengthy source build resulting from a binary cache miss (0.91 s)
frozen_normal_1_b_Inflow: schedule: completed (0.39s wall 1.00x CPU)
frozen_normal_1_b_Inflow: generate code: completed (1.28s wall 1.00x CPU)
build program: kernel 'frozen_normal_1_b_Inflow' was part of a lengthy source build resulting from a binary cache miss (0.91 s)
build program: kernel 'frozen_f2allf_ind' was part of a lengthy source build resulting from a binary cache miss (0.35 s)
build program: kernel 'frozen_f2allf_ind' was part of a lengthy source build resulting from a binary cache miss (0.35 s)
build program: kernel 'frozen_f2allf_ind' was part of a lengthy source build resulting from a binary cache miss (0.35 s)
build program: kernel 'frozen_f2allf_ind' was part of a lengthy source build resulting from a binary cache miss (0.35 s)
build program: kernel 'frozen_nodes0_3d' was part of a lengthy source build resulting from a binary cache miss (0.35 s)
build program: kernel 'frozen_nodes1_3d' was part of a lengthy source build resulting from a binary cache miss (0.35 s)
build program: kernel 'frozen_nodes2_3d' was part of a lengthy source build resulting from a binary cache miss (0.35 s)
frozen_area_el_b_Outflow: check array access within bounds: completed (0.34s wall 1.00x CPU)
frozen_area_el_b_Outflow: schedule: completed (1.18s wall 1.00x CPU)
frozen_area_el_b_Outflow: generate code: completed (3.48s wall 1.00x CPU)
build program: kernel 'frozen_area_el_b_Outflow' was part of a lengthy source build resulting from a binary cache miss (1.22 s)
frozen_normal_4_b_Outflow: schedule: completed (0.40s wall 1.00x CPU)
frozen_normal_4_b_Outflow: generate code: completed (1.26s wall 1.00x CPU)
build program: kernel 'frozen_normal_4_b_Outflow' was part of a lengthy source build resulting from a binary cache miss (0.92 s)
frozen_normal_2_b_Outflow: schedule: completed (0.39s wall 1.00x CPU)
frozen_normal_2_b_Outflow: generate code: completed (1.32s wall 1.00x CPU)
build program: kernel 'frozen_normal_2_b_Outflow' was part of a lengthy source build resulting from a binary cache miss (0.92 s)
frozen_normal_1_b_Outflow: schedule: completed (0.39s wall 1.00x CPU)
frozen_normal_1_b_Outflow: generate code: completed (1.26s wall 1.00x CPU)
build program: kernel 'frozen_normal_1_b_Outflow' was part of a lengthy source build resulting from a binary cache miss (0.92 s)
build program: kernel 'frozen_f2allf_ind' was part of a lengthy source build resulting from a binary cache miss (0.34 s)
build program: kernel 'frozen_f2allf_ind' was part of a lengthy source build resulting from a binary cache miss (0.35 s)
build program: kernel 'frozen_f2allf_ind' was part of a lengthy source build resulting from a binary cache miss (0.34 s)
build program: kernel 'frozen_f2allf_ind' was part of a lengthy source build resulting from a binary cache miss (0.34 s)
build program: kernel 'frozen_nodes0_3d' was part of a lengthy source build resulting from a binary cache miss (0.37 s)
build program: kernel 'frozen_nodes1_3d' was part of a lengthy source build resulting from a binary cache miss (0.37 s)
build program: kernel 'frozen_nodes2_3d' was part of a lengthy source build resulting from a binary cache miss (0.37 s)
frozen_area_el_b_Wall: check array access within bounds: completed (0.34s wall 1.00x CPU)
frozen_area_el_b_Wall: schedule: completed (1.20s wall 1.00x CPU)
frozen_area_el_b_Wall: generate code: completed (3.59s wall 1.00x CPU)
build program: kernel 'frozen_area_el_b_Wall' was part of a lengthy source build resulting from a binary cache miss (1.65 s)
frozen_normal_4_b_Wall: schedule: completed (0.40s wall 1.00x CPU)
frozen_normal_4_b_Wall: generate code: completed (1.31s wall 1.00x CPU)
build program: kernel 'frozen_normal_4_b_Wall' was part of a lengthy source build resulting from a binary cache miss (1.03 s)
frozen_normal_2_b_Wall: schedule: completed (0.40s wall 1.00x CPU)
frozen_normal_2_b_Wall: generate code: completed (1.31s wall 1.00x CPU)
build program: kernel 'frozen_normal_2_b_Wall' was part of a lengthy source build resulting from a binary cache miss (1.03 s)
frozen_normal_1_b_Wall: schedule: completed (0.40s wall 1.00x CPU)
frozen_normal_1_b_Wall: generate code: completed (1.32s wall 1.00x CPU)
build program: kernel 'frozen_normal_1_b_Wall' was part of a lengthy source build resulting from a binary cache miss (1.03 s)
build program: kernel 'frozen_f2allf_ind' was part of a lengthy source build resulting from a binary cache miss (0.35 s)
build program: kernel 'frozen_f2allf_ind' was part of a lengthy source build resulting from a binary cache miss (0.35 s)
build program: kernel 'frozen_f2allf_ind' was part of a lengthy source build resulting from a binary cache miss (0.35 s)
build program: kernel 'frozen_f2allf_ind' was part of a lengthy source build resulting from a binary cache miss (0.35 s)
frozen_area_el_b_face_restr_interior: check array access within bounds: completed (0.34s wall 1.00x CPU)
frozen_area_el_b_face_restr_interior: schedule: completed (1.20s wall 1.00x CPU)
frozen_area_el_b_face_restr_interior: generate code: completed (3.61s wall 1.00x CPU)
build program: kernel 'frozen_area_el_b_face_restr_interior' was part of a lengthy source build resulting from a binary cache miss (1.65 s)
frozen_normal_4_b_face_restr_interior: schedule: completed (0.40s wall 1.00x CPU)
frozen_normal_4_b_face_restr_interior: generate code: completed (1.31s wall 1.00x CPU)
build program: kernel 'frozen_normal_4_b_face_restr_interior' was part of a lengthy source build resulting from a binary cache miss (1.03 s)
frozen_normal_2_b_face_restr_interior: schedule: completed (0.41s wall 1.00x CPU)
frozen_normal_2_b_face_restr_interior: generate code: completed (1.31s wall 1.00x CPU)
build program: kernel 'frozen_normal_2_b_face_restr_interior' was part of a lengthy source build resulting from a binary cache miss (1.03 s)
frozen_normal_1_b_face_restr_interior: schedule: completed (0.40s wall 1.00x CPU)
frozen_normal_1_b_face_restr_interior: generate code: completed (1.32s wall 1.00x CPU)
build program: kernel 'frozen_normal_1_b_face_restr_interior' was part of a lengthy source build resulting from a binary cache miss (1.03 s)
build program: kernel 'frozen_f2allf_ind' was part of a lengthy source build resulting from a binary cache miss (0.36 s)
build program: kernel 'frozen_f2allf_ind' was part of a lengthy source build resulting from a binary cache miss (0.36 s)
build program: kernel 'frozen_f2allf_ind' was part of a lengthy source build resulting from a binary cache miss (0.36 s)
build program: kernel 'frozen_f2allf_ind' was part of a lengthy source build resulting from a binary cache miss (0.36 s)
frozen_inv_metric_deriv_vol: preprocess: completed (0.43s wall 1.00x CPU)
preprocess_program on 'frozen_inv_metric_deriv_vol': completed (7.17s wall 1.00x CPU)
frozen_inv_metric_deriv_vol: check array access within bounds: completed (5.61s wall 1.00x CPU)
frozen_inv_metric_deriv_vol: schedule: completed (190.50s wall 1.00x CPU)
frozen_inv_metric_deriv_vol: generate code: completed (130.83s wall 1.00x CPU)
build program: kernel 'frozen_inv_metric_deriv_vol' was part of a lengthy source build resulting from a binary cache miss (21.93 s)
/p/gpfs1/mtcampbe/CEESD/AutomatedTesting/MIRGE-Timing/timing/emirge/mirgecom/mirgecom/artificial_viscosity.py:347: UserWarning: The AV boundary_kwargs interface is deprecated, please pass gas_model and time directly.
  warn("The AV boundary_kwargs interface is deprecated, please pass gas_model"
data wrapper de-duplication: 1607 encountered, 56 kept, 1551 eliminated
transform_dag for '<function main.<locals>.my_rhs at 0x20028b4d0180>': completed (1.24s wall 1.00x CPU)
generate_loopy for '<function main.<locals>.my_rhs at 0x20028b4d0180>': completed (11.30s wall 1.00x CPU)
transform_loopy_program for '<function main.<locals>.my_rhs at 0x20028b4d0180>': completed (76.37s wall 1.00x CPU)
my_rhs: preprocess: completed (0.73s wall 1.00x CPU)
preprocess_program on 'my_rhs': completed (8.58s wall 1.00x CPU)
my_rhs: check array access within bounds: completed (14.18s wall 1.00x CPU)
my_rhs: schedule: completed (55.92s wall 1.00x CPU)
my_rhs: generate code: completed (389.10s wall 1.00x CPU)
build program: kernel 'my_rhs' was part of a lengthy source build resulting from a binary cache miss (34.98 s)
build program: kernel 'frozen_result' was part of a lengthy source build resulting from a binary cache miss (0.37 s)
build program: kernel 'frozen_result' was part of a lengthy source build resulting from a binary cache miss (0.37 s)
/p/gpfs1/mtcampbe/CEESD/AutomatedTesting/MIRGE-Timing/timing/emirge/mirgecom/mirgecom/steppers.py:439: UserWarning: Deduced force_eval=True for this timestepper. This can have a nontrivial performance impact. If you know that your timestepper does not require per-step forced evaluation, explicitly set force_eval=False.
  _advance_state_stepper_func(
frozen_result: generate code: completed (0.71s wall 1.00x CPU)
build program: kernel 'frozen_result' was part of a lengthy source build resulting from a binary cache miss (0.45 s)
step = 0, sim time: 0.000000e+00 s, ------- step walltime: 1151.14 s, log walltime: 0.000117406 s

step = 1, sim time: 5.000000e-08 s, ------- step walltime: 0.320223 s, log walltime: 0.000113215 s

step = 2, sim time: 1.000000e-07 s, ------- step walltime: 0.310039 s, log walltime: 3.8573e-05 s

step = 3, sim time: 1.500000e-07 s, ------- step walltime: 0.31471 s, log walltime: 3.9327e-05 s

step = 4, sim time: 2.000000e-07 s, ------- step walltime: 0.308067 s, log walltime: 3.9074e-05 s

step = 5, sim time: 2.500000e-07 s, ------- step walltime: 0.307778 s, log walltime: 3.8798e-05 s

step = 6, sim time: 3.000000e-07 s, ------- step walltime: 0.307276 s, log walltime: 3.8751e-05 s

step = 7, sim time: 3.500000e-07 s, ------- step walltime: 0.313971 s, log walltime: 4.1299e-05 s

step = 8, sim time: 4.000000e-07 s, ------- step walltime: 0.311007 s, log walltime: 3.8631e-05 s

step = 9, sim time: 4.500000e-07 s, ------- step walltime: 0.307991 s, log walltime: 3.8481e-05 s

step = 10, sim time: 5.000000e-07 s, ------- step walltime: 0.307332 s, log walltime: 3.8136e-05 s

step = 11, sim time: 5.500000e-07 s, ------- step walltime: 0.307432 s, log walltime: 3.8366e-05 s

step = 12, sim time: 6.000000e-07 s, ------- step walltime: 0.307745 s, log walltime: 3.8604e-05 s

step = 13, sim time: 6.500000e-07 s, ------- step walltime: 0.307188 s, log walltime: 3.7301e-05 s

step = 14, sim time: 7.000000e-07 s, ------- step walltime: 0.31014 s, log walltime: 3.752e-05 s

step = 15, sim time: 7.500000e-07 s, ------- step walltime: 0.307271 s, log walltime: 3.7659e-05 s

step = 16, sim time: 8.000000e-07 s, ------- step walltime: 0.308102 s, log walltime: 3.8909e-05 s

step = 17, sim time: 8.500000e-07 s, ------- step walltime: 0.307546 s, log walltime: 3.7705e-05 s

step = 18, sim time: 9.000000e-07 s, ------- step walltime: 0.307687 s, log walltime: 3.7729e-05 s

step = 19, sim time: 9.500000e-07 s, ------- step walltime: 0.312022 s, log walltime: 3.9309e-05 s

build program: kernel 'frozen_result' was part of a lengthy source build resulting from a binary cache miss (0.37 s)
build program: kernel 'frozen_result' was part of a lengthy source build resulting from a binary cache miss (0.37 s)
frozen_result: generate code: completed (0.71s wall 1.00x CPU)
build program: kernel 'frozen_result' was part of a lengthy source build resulting from a binary cache miss (0.45 s)
step = 20, sim time: 1.000000e-06 s, ------- step walltime: 3.06549 s, log walltime: 4.0198e-05 s

Checkpointing final state ...

------------------------------------------------------------
Sender: LSF System <lsfadmin@lassen710>
Subject: Job 4982723: <nozzle_timing_job.sh> in cluster <lassen> Done

Job <nozzle_timing_job.sh> was submitted from host <lassen708> by user <mtcampbe> in cluster <lassen> at Sun Jul  2 01:12:34 2023
Job was executed on host(s) <1*lassen710>, in queue <pdebug>, as user <mtcampbe> in cluster <lassen> at Sun Jul  2 01:12:36 2023
                            <40*lassen35>
</g/g17/mtcampbe> was used as the home directory.
</p/gpfs1/mtcampbe/CEESD/AutomatedTesting/MIRGE-Timing/timing/emirge/mirgecom/y1-production-nozzle-lazy/timing_run> was used as the working directory.
Started at Sun Jul  2 01:12:36 2023
Terminated at Sun Jul  2 01:33:56 2023
Results reported at Sun Jul  2 01:33:56 2023

Your job looked like:

------------------------------------------------------------
# LSBATCH: User input
#!/bin/bash

#BSUB -nnodes 1
#BSUB -G uiuc
#BSUB -W 60
#BSUB -q pdebug
#BSUB -o nozzle_lazy_2023.07.02-01.01.04.out

printf "Running with EMIRGE_HOME=/p/gpfs1/mtcampbe/CEESD/AutomatedTesting/MIRGE-Timing/timing/emirge\n"

source "/p/gpfs1/mtcampbe/CEESD/AutomatedTesting/MIRGE-Timing/timing/emirge/config/activate_env.sh"
export PYOPENCL_CTX="port:tesla"
export XDG_CACHE_HOME="/tmp/mtcampbe/xdg-scratch"
rm -rf $XDG_CACHE_HOME
rm -f timing-run-done
which python
conda env list
jsrun -g 1 -a 1 -n 1 python -O -u -m mpi4py ./nozzle.py -i timing_params.yaml --lazy --log
touch timing-run-done


------------------------------------------------------------

Successfully completed.

Resource usage summary:

    CPU time :                                   0.59 sec.
    Max Memory :                                 59 MB
    Average Memory :                             58.80 MB
    Total Requested Memory :                     -
    Delta Memory :                               -
    Max Swap :                                   1634 MB
    Max Processes :                              4
    Max Threads :                                27
    Run time :                                   1280 sec.
    Turnaround time :                            1282 sec.

The output (if any) is above this job summary.

