Customizing shell for Lassen.
Running with EMIRGE_HOME=/p/gpfs1/mtcampbe/CEESD/AutomatedTesting/MIRGE-Timing/timing/emirge
Activating 'nozzle.lazy.timing.env' environment for '/p/gpfs1/mtcampbe/CEESD/AutomatedTesting/MIRGE-Timing/timing/emirge/miniforge3/bin/conda'.
/p/gpfs1/mtcampbe/CEESD/AutomatedTesting/MIRGE-Timing/timing/emirge/miniforge3/envs/nozzle.lazy.timing.env/bin/python
# conda environments:
#
test.parsl               /g/g17/mtcampbe/.conda/envs/test.parsl
                         /p/gpfs1/mtcampbe/CEESD/AutomatedTesting/MIRGE-Timing/testing/temporary-test/alpha/miniforge3/envs/temp.test.alpha
base                     /p/gpfs1/mtcampbe/CEESD/AutomatedTesting/MIRGE-Timing/timing/emirge/miniforge3
nozzle.lazy.timing.env  *  /p/gpfs1/mtcampbe/CEESD/AutomatedTesting/MIRGE-Timing/timing/emirge/miniforge3/envs/nozzle.lazy.timing.env
                         /p/gpfs1/mtcampbe/CEESD/AutomatedTesting/MIRGE-Timing/timing/y3-prediction-nowall-scaling-run/emirge/miniforge3/envs/big.scale
                         /p/gpfs1/mtcampbe/CEESD/Experimental/cache-db/miniforge3/envs/x.cache.db
                         /p/gpfs1/mtcampbe/CEESD/Experimental/m-to-n-prediction/emirge/miniforge3/envs/y3.m2n
                         /p/gpfs1/mtcampbe/CEESD/Experimental/performance-model/miniforge3/envs/x.perf.model
                         /p/gpfs1/mtcampbe/CEESD/Experimental/scalability/emirge/miniforge3/envs/big.scale2
                         /p/gpfs1/mtcampbe/CEESD/Experimental/tpe-test/miniforge3/envs/x.tpe.exmp
                         /p/gpfs1/mtcampbe/CEESD/Experimental/zirui/emirge/miniforge3/envs/ex.zirui
                         /usr/WS1/xpacc/Users/mtcampbe/CEESD/Lassen/test_emirge/emirge/miniforge3/envs/test.emirge.fk
                         /usr/workspace/wsa/xpacc/Users/mtcampbe/CEESD/Quartz/Install/conda
                         /usr/workspace/wsa/xpacc/Users/mtcampbe/CEESD/Quartz/Install/conda/envs/abate.mtc_euler.env
                         /usr/workspace/wsa/xpacc/Users/mtcampbe/CEESD/Quartz/Install/conda/envs/ceesd.master
                         /usr/workspace/wsa/xpacc/Users/mtcampbe/CEESD/Quartz/Install/conda/envs/chem.master
                         /usr/workspace/wsa/xpacc/Users/mtcampbe/CEESD/Quartz/Install/conda/envs/dgfem
                         /usr/workspace/wsa/xpacc/Users/mtcampbe/CEESD/Quartz/Install/conda/envs/mc.master

LMOD_FAMILY_COMPILER_VERSION=8.3.1
LLNL_IPISOLATE=0
MANPATH=/usr/tce/packages/spectrum-mpi/ibm/spectrum-mpi-rolling-release/share/man:/usr/tce/packages/gcc/gcc-8.3.1/man:/opt/ibm/spectrumcomputing/lsf/10.1.0.10/man:/usr/man:/usr/share/man:/usr/local/man:/usr/X11R6/man:/usr/lib64/mvapich/default/man:/opt/ibm/spectrum_mpi/jsm_pmix/share/man
LSB_EXEC_CLUSTER=lassen
OMPI_COMM_WORLD_RANK=0
LMOD_FAMILY_CUDA=cuda
LMOD_ANCIENT_TIME=3600
GUESTFISH_INIT=\e[1;34m
_ModuleTable003_=IHt9LApzdGFja0RlcHRoID0gMSwKc3RhdHVzID0gImFjdGl2ZSIsCnVzZXJOYW1lID0gImN1ZGEvMTEuMi4wIiwKd1YgPSAiXjAwMDAwMDExLjAwMDAwMDAwMi4qemZpbmFsIiwKfSwKZ2NjID0gewpmbiA9ICIvdXNyL3RjZXRtcC9tb2R1bGVmaWxlcy9Db3JlL2djYy84LjMuMS5sdWEiLApmdWxsTmFtZSA9ICJnY2MvOC4zLjEiLApsb2FkT3JkZXIgPSA1LApwcm9wVCA9IHt9LApzdGFja0RlcHRoID0gMCwKc3RhdHVzID0gImFjdGl2ZSIsCnVzZXJOYW1lID0gImdjYy84LjMuMSIsCndWID0gIjAwMDAwMDAwOC4wMDAwMDAwMDMuMDAwMDAwMDAxLip6ZmluYWwiLAp9LApsYWxsb2MgPSB7CmZuID0gIi91c3IvdGNldG1wL21vZHVsZWZpbGVzL0NvcmUvbGFsbG9jLzIuMC5sdWEi
HOSTNAME=lassen251
PROJ_DATA=/p/gpfs1/mtcampbe/CEESD/AutomatedTesting/MIRGE-Timing/timing/emirge/miniforge3/envs/nozzle.lazy.timing.env/share/proj
LSB_EFFECTIVE_RSRCREQ=1*{select[(LN) && (type == any)] order[r15s:pg] span[hosts=1]}+40*{select[(CN) && (type == any)] order[r15s:pg] span[ptile=40]}
LSB_DOCKER_JOB_STARTTS=1715322879
BBHASH=78cd679a0af646c6bf7a80423d797cee
JSM_TMPDIR=/var/tmp
MIRGE_TIMING_HOME=/p/gpfs1/mtcampbe/CEESD/AutomatedTesting/MIRGE-Timing/timing
LSF_LOGDIR=/opt/ibm/spectrumcomputing/lsf/log
LSF_LIM_API_NTRIES=1
LSB_BATCH_JID=5855696
__LMOD_REF_COUNT_MODULEPATH=/usr/tce/modulefiles/MPI/gcc/8.3.1/spectrum-mpi/rolling-release:1;/usr/tce/modulefiles/Compiler/gcc/8.3.1:1;/usr/tcetmp/modulefiles/Core:1;/usr/apps/modulefiles:1;/usr/share/modulefiles/Linux:1;/usr/share/modulefiles/Core:1;/usr/share/lmod/lmod/modulefiles/Core:1;/collab/usr/global/tools/modulefiles/blueos_3_ppc64le_ib_p9/Core:1
MAILTO=mtcampbe@illinois.edu,andreask@illinois.edu
SHELL=/bin/bash
LMOD_ROOT=/usr/share/lmod
LMOD_FAMILY_BASEGCC_VERSION=8.3.1
HISTSIZE=1000
WISECONFIGDIR=/usr/share/wise2/
LMOD_SYSTEM_DEFAULT_MODULES=StdEnv
TMPDIR=/var/tmp
MODULEPATH_ROOT=/usr/share/modulefiles
SSH_CLIENT=192.168.66.202 51442 22
LS_EXECCWD=/p/gpfs1/mtcampbe/CEESD/AutomatedTesting/MIRGE-Timing/timing/emirge/mirgecom/y2-isolator/timing_run
LSB_TRAPSIGS=trap # 15 10 12 2 1
CONDA_SHLVL=1
LMOD_FAMILY_CUDA_VERSION=11.2.0
LS_JOBPID=4638
CONDA_PROMPT_MODIFIER=
GSETTINGS_SCHEMA_DIR_CONDA_BACKUP=
LSB_MAX_NUM_PROCESSORS=41
LSB_JOBRES_CALLBACK=32947@lassen710
LMOD_PKG=/usr/share/lmod/lmod
LSB_JOB_EXECUSER=mtcampbe
LSB_JOBID=5855696
QTDIR=/usr/lib64/qt-3.3
LSF_SERVERDIR=/opt/ibm/spectrumcomputing/lsf/10.1.0.10/linux3.10-glibc2.17-ppc64le-csm/etc
LSB_JOBRES_PID=4638
LMOD_VERSION=8.6.16
LMOD_SHORT_TIME=60
QTINC=/usr/lib64/qt-3.3/include
LSB_JOBNAME=isolator_timing_job.sh
LLNL_COMPUTE_NODES=lassen251
LLNL_ATSDISABLE=0
_ModuleTable007_=ZXMvTGludXg6L3Vzci9zaGFyZS9tb2R1bGVmaWxlcy9Db3JlOi91c3Ivc2hhcmUvbG1vZC9sbW9kL21vZHVsZWZpbGVzL0NvcmUiLAp9Cg==
BSUB_BLOCK_EXEC_HOST=
QT_GRAPHICSSYSTEM_CHECKED=1
LSF_LIBDIR=/opt/ibm/spectrumcomputing/lsf/10.1.0.10/linux3.10-glibc2.17-ppc64le-csm/lib
OPAL_PREFIX=/usr/tce/packages/spectrum-mpi/ibm/spectrum-mpi-rolling-release
LSB_PROJECT_NAME=default
CUDA_HOME=/usr/tce/packages/cuda/cuda-11.2.0
USER=mtcampbe
PYOPENCL_CTX=port:tesla
LMOD_sys=Linux
LMOD_FAMILY_BASEGCC=base-gcc
LD_LIBRARY_PATH=/opt/ibm/spectrumcomputing/lsf/10.1.0.10/linux3.10-glibc2.17-ppc64le-csm/lib:/usr/tce/packages/cuda/cuda-11.2.0/lib64
SBD_KRB5CCNAME_VAL=
NVHPC_CUDA_HOME=/usr/tce/packages/cuda/cuda-11.2.0
LSB_EEXEC_REAL_UID=
REQUESTS_CA_BUNDLE=/etc/pki/tls/cert.pem
CONDA_EXE=/p/gpfs1/mtcampbe/CEESD/AutomatedTesting/MIRGE-Timing/timing/emirge/miniforge3/bin/conda
CEESD=/usr/workspace/wsa/xpacc/Users/mtcampbe/CEESD/Lassen
PFTP_CONFIG_FILENAME=/etc/pftp_config
ENV=/g/g17/mtcampbe/.bashrc
HOST_GRP=linux
_ModuleTable004_=LApmdWxsTmFtZSA9ICJsYWxsb2MvMi4wIiwKbG9hZE9yZGVyID0gNCwKcHJvcFQgPSB7fSwKc3RhY2tEZXB0aCA9IDAsCnN0YXR1cyA9ICJhY3RpdmUiLAp1c2VyTmFtZSA9ICJsYWxsb2MvMi4wIiwKd1YgPSAiXjAwMDAwMDAyLip6ZmluYWwiLAp9LApbInNwZWN0cnVtLW1waSJdID0gewpmbiA9ICIvdXNyL3RjZS9tb2R1bGVmaWxlcy9Db21waWxlci9nY2MvOC4zLjEvc3BlY3RydW0tbXBpL3JvbGxpbmctcmVsZWFzZS5sdWEiLApmdWxsTmFtZSA9ICJzcGVjdHJ1bS1tcGkvcm9sbGluZy1yZWxlYXNlIiwKbG9hZE9yZGVyID0gNiwKcHJvcFQgPSB7fSwKc3RhY2tEZXB0aCA9IDAsCnN0YXR1cyA9ICJhY3RpdmUiLAp1c2VyTmFtZSA9ICJzcGVjdHJ1bS1tcGkvcm9sbGluZy1y
HOSTTYPE=LINUXPPC64LE
LSF_INVOKE_CMD=bsub
CUDA_CACHE_DISABLE=1
LS_EXEC_T=START
LMOD_FAMILY_LALLOC=lalloc
LS_SUBCWD=/p/gpfs1/mtcampbe/CEESD/AutomatedTesting/MIRGE-Timing/timing/emirge/mirgecom/y2-isolator/timing_run
LSB_SUB_RES_REQ=1*{select[LN]span[hosts=1]} + 40*{select[CN]span[ptile=40]}
LSB_HOSTS=lassen710 lassen251 lassen251 lassen251 lassen251 lassen251 lassen251 lassen251 lassen251 lassen251 lassen251 lassen251 lassen251 lassen251 lassen251 lassen251 lassen251 lassen251 lassen251 lassen251 lassen251 lassen251 lassen251 lassen251 lassen251 lassen251 lassen251 lassen251 lassen251 lassen251 lassen251 lassen251 lassen251 lassen251 lassen251 lassen251 lassen251 lassen251 lassen251 lassen251 lassen251
LMOD_PREPEND_BLOCK=normal
LMOD_FAMILY_MPI_VERSION=rolling-release
GUESTFISH_PS1=\[\e[1;32m\]><fs>\[\e[0;31m\] 
_CE_CONDA=
LSB_UNIXGROUP_INT=mtcampbe
LSB_JOBFILENAME=/g/g17/mtcampbe/.lsbatch/1715322872.5855696
LSB_JOBINDEX=0
_ModuleTable001_=X01vZHVsZVRhYmxlXyA9IHsKTVR2ZXJzaW9uID0gMywKY19yZWJ1aWxkVGltZSA9IGZhbHNlLApjX3Nob3J0VGltZSA9IGZhbHNlLApkZXB0aFQgPSB7fSwKZmFtaWx5ID0gewpiYXNlZ2NjID0gImJhc2UtZ2NjIiwKY29tcGlsZXIgPSAiZ2NjIiwKY3VkYSA9ICJjdWRhIiwKbGFsbG9jID0gImxhbGxvYyIsCm1waSA9ICJzcGVjdHJ1bS1tcGkiLAp9LAptVCA9IHsKU3RkRW52ID0gewpmbiA9ICIvdXNyL3RjZXRtcC9tb2R1bGVmaWxlcy9Db3JlL1N0ZEVudi5sdWEiLApmdWxsTmFtZSA9ICJTdGRFbnYiLApsb2FkT3JkZXIgPSAzLApwcm9wVCA9IHsKbG1vZCA9IHsKc3RpY2t5ID0gMSwKfSwKfSwKc3RhY2tEZXB0aCA9IDAsCnN0YXR1cyA9ICJhY3RpdmUiLAp1c2VyTmFtZSA9
PATH=/usr/tce/packages/spectrum-mpi/spectrum-mpi-rolling-release-gcc-8.3.1/bin:/usr/tce/packages/gcc/gcc-8.3.1/bin:/usr/tce/packages/lalloc/lalloc-2.0/bin:/p/gpfs1/mtcampbe/CEESD/AutomatedTesting/MIRGE-Timing/timing/emirge/miniforge3/envs/nozzle.lazy.timing.env/bin:/p/gpfs1/mtcampbe/CEESD/AutomatedTesting/MIRGE-Timing/timing/emirge/miniforge3/bin:/usr/tce/packages/cuda/cuda-11.2.0/bin:/usr/tcetmp/packages/base-gcc/base-gcc-8.3.1/bin:/usr/tcetmp/bin:/usr/condabin:/usr/workspace/wsa/xpacc/Users/mtcampbe/CEESD/Lassen/conda-install/bin:/usr/tce/packages/cuda/cuda-10.1.243/bin:/usr/lib64/qt-3.3/bin:/usr/local/bin:/usr/bin:/usr/local/sbin:/usr/sbin:/opt/ibm/spectrum_mpi/jsm_pmix/bin:/opt/ibm/bb/bin:/opt/ibm/flightlog/bin:/opt/ibutils/bin:/opt/ibm/spectrumcomputing/lsf/10.1.0.10/linux3.10-glibc2.17-ppc64le-csm/etc:/opt/ibm/spectrumcomputing/lsf/10.1.0.10/linux3.10-glibc2.17-ppc64le-csm/bin:/opt/ibm/spectrumcomputing/lsf/10.1.0.9/linux3.10-glibc2.17-ppc64le-csm/etc:/opt/ibm/spectrumcomputing/lsf/10.1.0.9/linux3.10-glibc2.17-ppc64le-csm/bin:/g/g17/mtcampbe/tools/bin
MAIL=/var/spool/mail/mtcampbe
PROJ_NETWORK=ON
GSETTINGS_SCHEMA_DIR=/p/gpfs1/mtcampbe/CEESD/AutomatedTesting/MIRGE-Timing/timing/emirge/miniforge3/envs/nozzle.lazy.timing.env/share/glib-2.0/schemas
LCSCHEDCLUSTER=lassen
XML_CATALOG_FILES=file:///p/gpfs1/mtcampbe/CEESD/AutomatedTesting/MIRGE-Timing/timing/emirge/miniforge3/envs/nozzle.lazy.timing.env/etc/xml/catalog file:///etc/xml/catalog
LSB_EXIT_PRE_ABORT=99
LSB_JOBEXIT_STAT=0
LMOD_SETTARG_CMD=:
LMOD_FAMILY_LALLOC_VERSION=2.0
CONDA_PREFIX=/p/gpfs1/mtcampbe/CEESD/AutomatedTesting/MIRGE-Timing/timing/emirge/miniforge3/envs/nozzle.lazy.timing.env
INPUTRC=/etc/inputrc
PWD=/p/gpfs1/mtcampbe/CEESD/AutomatedTesting/MIRGE-Timing/timing/emirge/mirgecom/y2-isolator/timing_run
_LMFILES_=/usr/tcetmp/modulefiles/Core/base-gcc/8.3.1.lua:/usr/tcetmp/modulefiles/Core/cuda/11.2.0.lua:/usr/tcetmp/modulefiles/Core/StdEnv.lua:/usr/tcetmp/modulefiles/Core/lalloc/2.0.lua:/usr/tcetmp/modulefiles/Core/gcc/8.3.1.lua:/usr/tce/modulefiles/Compiler/gcc/8.3.1/spectrum-mpi/rolling-release.lua
EDITOR=/bin/vi
LANG=en_US.UTF-8
LSB_CHKFILENAME=/g/g17/mtcampbe/.lsbatch/1715322872.5855696
MODULEPATH=/usr/tce/modulefiles/MPI/gcc/8.3.1/spectrum-mpi/rolling-release:/usr/tce/modulefiles/Compiler/gcc/8.3.1:/usr/tcetmp/modulefiles/Core:/usr/apps/modulefiles:/usr/share/modulefiles/Linux:/usr/share/modulefiles/Core:/usr/share/lmod/lmod/modulefiles/Core:/collab/usr/global/tools/modulefiles/blueos_3_ppc64le_ib_p9/Core
LSB_DJOB_HOSTFILE=/g/g17/mtcampbe/.lsbatch/1715322872.5855696.hostfile
LOADEDMODULES=base-gcc/8.3.1:cuda/11.2.0:StdEnv:lalloc/2.0:gcc/8.3.1:spectrum-mpi/rolling-release
KDEDIRS=/usr
GUESTFISH_OUTPUT=\e[0m
_ModuleTable_Sz_=6
LSB_JOB_STARTER=/usr/tcetmp/bin/bsub_job_starter %USRCMD
EMIRGE_HOME=/p/gpfs1/mtcampbe/CEESD/AutomatedTesting/MIRGE-Timing/timing/emirge
LSF_JOB_TIMESTAMP_VALUE=1715322878
LMOD_CMD=/usr/share/lmod/lmod/libexec/lmod
_ModuleTable005_=ZWxlYXNlIiwKd1YgPSAiXnJvbGxpbmcuKnJlbGVhc2UuKnpmaW5hbCIsCn0sCn0sCm1wYXRoQSA9IHsKIi91c3IvdGNlL21vZHVsZWZpbGVzL01QSS9nY2MvOC4zLjEvc3BlY3RydW0tbXBpL3JvbGxpbmctcmVsZWFzZSIKLCAiL3Vzci90Y2UvbW9kdWxlZmlsZXMvQ29tcGlsZXIvZ2NjLzguMy4xIiwgIi91c3IvdGNldG1wL21vZHVsZWZpbGVzL0NvcmUiCiwgIi91c3IvYXBwcy9tb2R1bGVmaWxlcyIsICIvdXNyL3NoYXJlL21vZHVsZWZpbGVzL0xpbnV4IgosICIvdXNyL3NoYXJlL21vZHVsZWZpbGVzL0NvcmUiLCAiL3Vzci9zaGFyZS9sbW9kL2xtb2QvbW9kdWxlZmlsZXMvQ29yZSIsICIvY29sbGFiL3Vzci9nbG9iYWwvdG9vbHMvbW9kdWxlZmlsZXMvYmx1ZW9zXzNfcHBj
BBPATH=/mnt/bb_78cd679a0af646c6bf7a80423d797cee
LSB_EXEC_HOSTTYPE=UNKNOWN_AUTO_DETECT
LSB_DJOB_NUMPROC=41
LSF_BINDIR=/opt/ibm/spectrumcomputing/lsf/10.1.0.10/linux3.10-glibc2.17-ppc64le-csm/bin
LLNL_NUM_COMPUTE_NODES=1
HISTCONTROL=ignoredups
_CE_M=
SSH_ASKPASS=/usr/libexec/openssh/gnome-ssh-askpass
ENVIRONMENT=BATCH
CXX=mpicxx
HOME=/g/g17/mtcampbe
SHLVL=6
__LMOD_REF_COUNT_PATH=/usr/tce/packages/spectrum-mpi/spectrum-mpi-rolling-release-gcc-8.3.1/bin:2;/usr/tce/packages/gcc/gcc-8.3.1/bin:2;/usr/tce/packages/lalloc/lalloc-2.0/bin:2;/p/gpfs1/mtcampbe/CEESD/AutomatedTesting/MIRGE-Timing/timing/emirge/miniforge3/envs/nozzle.lazy.timing.env/bin:1;/p/gpfs1/mtcampbe/CEESD/AutomatedTesting/MIRGE-Timing/timing/emirge/miniforge3/bin:1;/usr/tce/packages/cuda/cuda-11.2.0/bin:1;/usr/tcetmp/packages/base-gcc/base-gcc-8.3.1/bin:1;/usr/tcetmp/bin:1;/usr/condabin:1;/usr/workspace/wsa/xpacc/Users/mtcampbe/CEESD/Lassen/conda-install/bin:1;/usr/tce/packages/cuda/cuda-10.1.243/bin:1;/usr/lib64/qt-3.3/bin:1;/usr/local/bin:1;/usr/bin:1;/usr/local/sbin:1;/usr/sbin:1;/opt/ibm/spectrum_mpi/jsm_pmix/bin:1;/opt/ibm/bb/bin:1;/opt/ibm/flightlog/bin:1;/opt/ibutils/bin:1;/opt/ibm/spectrumcomputing/lsf/10.1.0.10/linux3.10-glibc2.17-ppc64le-csm/etc:1;/opt/ibm/spectrumcomputing/lsf/10.1.0.10/linux3.10-glibc2.17-ppc64le-csm/bin:1;/opt/ibm/spectrumcomputing/lsf/10.1.0.9/linux3.10-glibc2.17-ppc64le-csm/etc:1;/opt/ibm/spectrumcomputing/lsf/10.1.0.9/linux3.10-glibc2.17-ppc64le-csm/bin:1
JOB_TERMINATE_INTERVAL=10
LSB_ACCT_FILE=/tmp/5855696.tmpdir/.1715322872.5855696.acct
_ModuleTable002_=ICJTdGRFbnYiLAp3ViA9ICJNLip6ZmluYWwiLAp9LApbImJhc2UtZ2NjIl0gPSB7CmZuID0gIi91c3IvdGNldG1wL21vZHVsZWZpbGVzL0NvcmUvYmFzZS1nY2MvOC4zLjEubHVhIiwKZnVsbE5hbWUgPSAiYmFzZS1nY2MvOC4zLjEiLApsb2FkT3JkZXIgPSAxLApwcm9wVCA9IHt9LApzdGFja0RlcHRoID0gMSwKc3RhdHVzID0gImFjdGl2ZSIsCnVzZXJOYW1lID0gImJhc2UtZ2NjLzguMy4xIiwKd1YgPSAiXjAwMDAwMDA4LjAwMDAwMDAwMy4wMDAwMDAwMDEuKnpmaW5hbCIsCn0sCmN1ZGEgPSB7CmZuID0gIi91c3IvdGNldG1wL21vZHVsZWZpbGVzL0NvcmUvY3VkYS8xMS4yLjAubHVhIiwKZnVsbE5hbWUgPSAiY3VkYS8xMS4yLjAiLApsb2FkT3JkZXIgPSAyLApwcm9wVCA9
CSM_ALLOCATION_ID=6457171
BINARY_TYPE_HPC=
LLNL_CORE_ISOLATION=2
FC=mpif90
LSB_SUB_HOST=lassen708
XDG_CACHE_HOME=/tmp/mtcampbe/xdg-scratch
__LSF_JOB_TMPDIR__=/tmp/5855696.tmpdir
LSFUSER=mtcampbe
LSB_SUB_USER=mtcampbe
LSB_OUTDIR=/p/gpfs1/mtcampbe/CEESD/AutomatedTesting/MIRGE-Timing/timing/emirge/mirgecom/y2-isolator/timing_run
LSB_MCPU_HOSTS=lassen710 1 lassen251 40 
LMOD_arch=ppc64le
TMP=/var/tmp
MPI_ROOT=/usr/tce/packages/spectrum-mpi/ibm/spectrum-mpi-rolling-release
LSB_QUEUE=pbatch
LSB_OUTPUTFILE=/p/gpfs1/mtcampbe/CEESD/AutomatedTesting/MIRGE-Timing/timing/emirge/mirgecom/y2-isolator/timing_run/
CONDA_PYTHON_EXE=/p/gpfs1/mtcampbe/CEESD/AutomatedTesting/MIRGE-Timing/timing/emirge/miniforge3/bin/python
LOGNAME=mtcampbe
QTLIB=/usr/lib64/qt-3.3/lib
CVS_RSH=ssh
XLSF_UIDDIR=/opt/ibm/spectrumcomputing/lsf/10.1.0.10/linux3.10-glibc2.17-ppc64le-csm/lib/uid
XDG_DATA_DIRS=/p/gpfs1/mtcampbe/CEESD/AutomatedTesting/MIRGE-Timing/.local/share/flatpak/exports/share:/var/lib/flatpak/exports/share:/usr/local/share:/usr/share
SSH_CONNECTION=192.168.66.202 51442 192.168.64.251 22
SYS_TYPE=blueos_3_ppc64le_ib_p9
MODULESHOME=/usr/share/lmod/lmod
LMOD_SETTARG_FULL_SUPPORT=no
LESSOPEN=||/usr/bin/lesspipe.sh %s
__LMOD_REF_COUNT_LD_LIBRARY_PATH=/usr/tce/packages/cuda/cuda-11.2.0/lib64:1;/opt/ibm/spectrumcomputing/lsf/10.1.0.10/linux3.10-glibc2.17-ppc64le-csm/lib:1
PKG_CONFIG_PATH=/usr/tce/packages/cuda/cuda-11.2.0/lib64/pkgconfig
OMP_NUM_THREADS=1
LSF_CGROUP_TOPDIR_KEY=lassen
CONDA_DEFAULT_ENV=nozzle.lazy.timing.env
LMOD_FULL_SETTARG_SUPPORT=no
LMOD_FAMILY_COMPILER=gcc
LSB_XFER_OP=
LSB_EEXEC_REAL_GID=
__LMOD_REF_COUNT_PKG_CONFIG_PATH=/usr/tce/packages/cuda/cuda-11.2.0/lib64/pkgconfig:1
CC=mpicc
QT_PLUGIN_PATH=/usr/lib64/kde4/plugins:/usr/lib/kde4/plugins
LMOD_DIR=/usr/share/lmod/lmod/libexec
LEXEC_UNPICKLE_QUIET=1
__LMOD_REF_COUNT_MANPATH=/usr/tce/packages/spectrum-mpi/ibm/spectrum-mpi-rolling-release/share/man:1;/usr/tce/packages/gcc/gcc-8.3.1/man:1;/opt/ibm/spectrumcomputing/lsf/10.1.0.10/man:1;/usr/man:1;/usr/share/man:1;/usr/local/man:1;/usr/X11R6/man:1;/usr/lib64/mvapich/default/man:1;/opt/ibm/spectrum_mpi/jsm_pmix/share/man:1
_ModuleTable006_=NjRsZV9pYl9wOS9Db3JlIiwKfSwKc3lzdGVtQmFzZU1QQVRIID0gIi91c3IvdGNldG1wL21vZHVsZWZpbGVzL0NvcmU6L3Vzci9hcHBzL21vZHVsZWZpbGVzOi91c3Ivc2hhcmUvbW9kdWxlZmlsZXMvTGludXg6L3Vzci9zaGFyZS9tb2R1bGVmaWxlcy9Db3JlOi91c3Ivc2hhcmUvbG1vZC9sbW9kL21vZHVsZWZpbGVzL0NvcmUiLAp9Cg==
LSF_ENVDIR=/opt/ibm/spectrumcomputing/lsf/conf
GUESTFISH_RESTORE=\e[0m
LSB_DJOB_RANKFILE=/g/g17/mtcampbe/.lsbatch/1715322872.5855696.hostfile
LMOD_FAMILY_MPI=spectrum-mpi
LMOD_COLORIZE=yes
HISTFILE=/g/g17/mtcampbe/.bash_history
BASH_FUNC_module()=() {  local __lmod_my_status;
 local __lmod_sh_dbg;
 if [ -z "${LMOD_SH_DBG_ON+x}" ]; then
 case "$-" in 
 *v*x*)
 __lmod_sh_dbg='vx'
 ;;
 *v*)
 __lmod_sh_dbg='v'
 ;;
 *x*)
 __lmod_sh_dbg='x'
 ;;
 esac;
 fi;
 if [ -n "${__lmod_sh_dbg:-}" ]; then
 set +$__lmod_sh_dbg;
 echo "Shell debugging temporarily silenced: export LMOD_SH_DBG_ON=1 for Lmod's output" 1>&2;
 fi;
 eval "$($LMOD_CMD bash "$@")" && eval $(${LMOD_SETTARG_CMD:-:} -s sh);
 __lmod_my_status=$?;
 if [ -n "${__lmod_sh_dbg:-}" ]; then
 echo "Shell debugging restarted" 1>&2;
 set -$__lmod_sh_dbg;
 fi;
 return $__lmod_my_status
}
BASH_FUNC_ml()=() {  eval "$($LMOD_DIR/ml_cmd "$@")"
}
_=/usr/bin/env
LSB_MCPU_HOSTS=lassen710 1 lassen251 40 
Default casename isolator
Using user input from file: timing_params.yaml
Running ./isolator.py

2024-05-09 23:34:47,804 - INFO - grudge.array_context - get_reasonable_array_context_class: MPIFusionContractorArrayContext lazy=True distributed=True device-parallel=True
2024-05-09 23:34:48,240 - INFO - mirgecom.mpi - Using mpi4py version 4.0.0.dev0 with pkl5 scatter support.
2024-05-09 23:34:48,452 - INFO - mirgecom.mpi - Rank 0 disk cache config: loopy: True (/tmp/mtcampbe/xdg-scratch); pyopencl: True (/tmp/mtcampbe/xdg-scratch); pocl: True (default dir); cuda: False ;

2024-05-09 23:35:12,107 - INFO - mirgecom.simutil - Using SVM-based memory pool on <pyopencl.Device 'Tesla V100-SXM2-16GB' on 'Portable Computing Language' at 0x1027fd7f0>.
Shock capturing parameters: alpha 0.5, s0 -4.0, kappa 0.5

#### Simluation control data: ####
	nviz = 100
	nrestart = 100
	nhealth = 100
	nstatus = 100
	current_dt = 1e-08
	t_final = 2e-07
	order = 1
	dimen = 2
	Time integration rk4
#### Simluation control data: ####


#### Simluation material properties: ####
	mu = 4.216360056e-05
	kappa = 0.05621788139856423
	Prandtl Number  = 0.75
#### Simluation initialization data: ####
	inlet Mach number 0.038727226466056475
	inlet temperature 2075.8073416311686
	inlet pressure 274212.0081934861
	inlet rho 0.4623484671063763
	inlet velocity 35.28896626974282
	outlet Mach number 3.661995139955526
	outlet temperature 563.9344091915701
	outlet pressure 2865.7077436508835
	outlet rho 0.01778579568979098
	outlet velocity 1739.2462693097807
#### Simluation initialization data: ####

Reading mesh from data/isolator.msh
./isolator.py:1087: DeprecationWarning: generate_and_distribute_mesh is deprecated and will go away Q4 2022. Use distribute_mesh instead.
  local_mesh, global_nelements = generate_and_distribute_mesh(
Reading gmsh mesh from disk file...
Done. Populating meshmode data structures...
Done.
Read GMSH: 0.05649733543395996
MeshData: 0.06334352493286133
Making discretization
./isolator.py:1094: DeprecationWarning: mpi_communicator argument is deprecated and will disappear in Q4 2022.
  dcoll = create_discretization_collection(
Done making discretization
/p/gpfs1/mtcampbe/CEESD/AutomatedTesting/MIRGE-Timing/timing/emirge/arraycontext/arraycontext/impl/pytato/__init__.py:413: UserWarning: Running on an Nvidia GPU, reducing the argument size limit from 4352 to 3896.
  warn("Running on an Nvidia GPU, reducing the argument "
2024-05-09 23:35:17,738 - INFO - arraycontext.impl.pytato - limiting argument buffer size for <pyopencl.Device 'Tesla V100-SXM2-16GB' on 'Portable Computing Language' at 0x1027fd7f0> to 3896 bytes
2024-05-09 23:35:17,770 - INFO - meshmode.array_context - Transforming kernel 'frozen_nodes0_2d' with 1 statements.
2024-05-09 23:35:17,809 - INFO - meshmode.array_context - Array Contraction: Contracting 0 temps
2024-05-09 23:35:17,811 - INFO - meshmode.array_context - [_alias_global_temporaries]: Reduced memory requirement of 'frozen_nodes0_2d' from 0.0MB to 0.0MB.
2024-05-09 23:35:23,529 - INFO - loopy.tools - preprocess_program on 'frozen_nodes0_2d': completed (5.71s wall 0.07x CPU)
2024-05-09 23:35:24,687 - INFO - pyopencl - build program: kernel 'frozen_nodes0_2d' was part of a lengthy source build resulting from a binary cache miss (0.99 s)
2024-05-09 23:35:24,763 - INFO - meshmode.array_context - Transforming kernel 'frozen_nodes1_2d' with 1 statements.
2024-05-09 23:35:24,787 - INFO - meshmode.array_context - Array Contraction: Contracting 0 temps
2024-05-09 23:35:24,789 - INFO - meshmode.array_context - [_alias_global_temporaries]: Reduced memory requirement of 'frozen_nodes1_2d' from 0.0MB to 0.0MB.
2024-05-09 23:35:25,250 - INFO - pyopencl - build program: kernel 'frozen_nodes1_2d' was part of a lengthy source build resulting from a binary cache miss (0.37 s)
Before restart/init
Initializing soln.
Initialization for Case(isolator)
===
Num 2d order-1 elements: 2504
Num global elements: 2504
Timestep:        1e-08
Initial time:    0
Final time:      2e-07
CFL:             1.0
Constant CFL:    False
Initialization:  isolator
EOS:             IdealSingleGas

2024-05-09 23:35:26,968 - INFO - meshmode.array_context - transform_dag.infer_axes_tags: completed (0.62s wall 1.00x CPU)
2024-05-09 23:35:27,170 - INFO - arraycontext.impl.pytato - limiting argument buffer size for <pyopencl.Device 'Tesla V100-SXM2-16GB' on 'Portable Computing Language' at 0x1027fd7f0> to 3896 bytes
2024-05-09 23:35:27,986 - INFO - meshmode.array_context - Transforming kernel 'frozen_result' with 14 statements.
2024-05-09 23:35:29,757 - INFO - loopy.tools - fuse_same_discretization_entity_loops on 'frozen_result': completed (1.62s wall 1.00x CPU)
2024-05-09 23:35:29,941 - INFO - meshmode.array_context - Loop Fusion: completed (1.95s wall 1.00x CPU)
2024-05-09 23:35:30,404 - INFO - meshmode.array_context - Array Contraction: Contracting 10 temps
2024-05-09 23:35:32,366 - INFO - loopy.tools - contract_arrays on 'frozen_result': completed (1.97s wall 1.00x CPU)
2024-05-09 23:35:32,570 - INFO - meshmode.array_context - Array Contraction: completed (2.32s wall 1.00x CPU)
2024-05-09 23:35:32,573 - INFO - meshmode.array_context - [_alias_global_temporaries]: Reduced memory requirement of 'frozen_result' from 0.5MB to 0.4MB.
2024-05-09 23:35:35,102 - INFO - loopy.tools - preprocess_program on 'frozen_result': completed (1.63s wall 1.00x CPU)
2024-05-09 23:35:39,184 - INFO - loopy.codegen - frozen_result: generate code: completed (2.00s wall 1.00x CPU)
2024-05-09 23:35:44,926 - INFO - pyopencl - build program: kernel 'frozen_result' was part of a lengthy source build resulting from a binary cache miss (4.89 s)
2024-05-09 23:35:45,314 - INFO - pytato.distributed.verify - find_partition: Split 22 nodes into 1 parts, with [22] nodes in each partition.
2024-05-09 23:35:45,369 - INFO - meshmode.array_context - Transforming kernel 'get_fluid_state' with 15 statements.
2024-05-09 23:35:45,519 - INFO - meshmode.array_context - Array Contraction: Contracting 1 temps
2024-05-09 23:35:45,544 - INFO - meshmode.array_context - [_alias_global_temporaries]: Reduced memory requirement of 'get_fluid_state' from 0.1MB to 0.1MB.
2024-05-09 23:35:46,408 - INFO - pyopencl - build program: kernel 'get_fluid_state' was part of a lengthy source build resulting from a binary cache miss (0.39 s)
./isolator.py:1349: DeprecationWarning: simutil.force_evaluation is deprecated and will disappear in Q3 2023. Use utils.force_evaluation instead.
  fluid_state = force_evaluation(actx, create_fluid_state(cv=state))
2024-05-09 23:35:46,575 - INFO - arraycontext.impl.pytato - limiting argument buffer size for <pyopencl.Device 'Tesla V100-SXM2-16GB' on 'Portable Computing Language' at 0x1027fd7f0> to 3896 bytes
2024-05-09 23:35:46,654 - INFO - meshmode.array_context - Transforming kernel 'frozen_area_el_vol' with 10 statements.
2024-05-09 23:35:46,862 - INFO - meshmode.array_context - Array Contraction: Contracting 1 temps
2024-05-09 23:35:46,896 - INFO - meshmode.array_context - [_alias_global_temporaries]: Reduced memory requirement of 'frozen_area_el_vol' from 0.3MB to 0.2MB.
2024-05-09 23:35:47,947 - INFO - pyopencl - build program: kernel 'frozen_area_el_vol' was part of a lengthy source build resulting from a binary cache miss (0.42 s)
2024-05-09 23:35:48,005 - INFO - meshmode.discretization.connection.face - building face restriction: start
2024-05-09 23:35:48,015 - INFO - meshmode.discretization.connection.face - building face restriction: done
2024-05-09 23:35:48,117 - INFO - meshmode.array_context - Transforming kernel 'frozen_area_el_b_face_restr_all' with 7 statements.
2024-05-09 23:35:48,246 - INFO - meshmode.array_context - Array Contraction: Contracting 2 temps
2024-05-09 23:35:48,280 - INFO - meshmode.array_context - [_alias_global_temporaries]: Reduced memory requirement of 'frozen_area_el_b_face_restr_all' from 0.5MB to 0.3MB.
2024-05-09 23:35:49,064 - INFO - pyopencl - build program: kernel 'frozen_area_el_b_face_restr_all' was part of a lengthy source build resulting from a binary cache miss (0.40 s)
2024-05-09 23:35:49,151 - INFO - meshmode.array_context - Transforming kernel 'frozen_dt_geometric_vol' with 7 statements.
2024-05-09 23:35:49,332 - INFO - meshmode.array_context - Array Contraction: Contracting 0 temps
2024-05-09 23:35:49,343 - INFO - meshmode.array_context - [_alias_global_temporaries]: Reduced memory requirement of 'frozen_dt_geometric_vol' from 0.3MB to 0.2MB.
2024-05-09 23:35:50,226 - INFO - pyopencl - build program: kernel 'frozen_dt_geometric_vol' was part of a lengthy source build resulting from a binary cache miss (0.42 s)
2024-05-09 23:35:50,275 - INFO - meshmode.array_context - Transforming kernel 'frozen_char_lscales' with 1 statements.
2024-05-09 23:35:50,290 - INFO - meshmode.array_context - Array Contraction: Contracting 0 temps
2024-05-09 23:35:50,292 - INFO - meshmode.array_context - [_alias_global_temporaries]: Reduced memory requirement of 'frozen_char_lscales' from 0.0MB to 0.0MB.
2024-05-09 23:35:50,719 - INFO - pyopencl - build program: kernel 'frozen_char_lscales' was part of a lengthy source build resulting from a binary cache miss (0.37 s)
2024-05-09 23:35:50,765 - INFO - meshmode.array_context - Transforming kernel 'frozen_result' with 4 statements.
2024-05-09 23:35:50,816 - INFO - meshmode.array_context - Array Contraction: Contracting 3 temps
2024-05-09 23:35:50,852 - INFO - meshmode.array_context - [_alias_global_temporaries]: Reduced memory requirement of 'frozen_result' from 0.2MB to 0.2MB.
2024-05-09 23:35:51,381 - INFO - pyopencl - build program: kernel 'frozen_result' was part of a lengthy source build resulting from a binary cache miss (0.39 s)
2024-05-09 23:35:51,905 - INFO - pyopencl - build program: kernel 'reduce_kernel_stage1' was part of a lengthy source build resulting from a binary cache miss (0.47 s)
2024-05-09 23:35:52,382 - INFO - pyopencl - build program: kernel 'reduce_kernel_stage2' was part of a lengthy source build resulting from a binary cache miss (0.47 s)
2024-05-09 23:35:52,394 - INFO - meshmode.array_context - Transforming kernel 'frozen_result' with 1 statements.
2024-05-09 23:35:52,400 - INFO - meshmode.array_context - Array Contraction: Contracting 0 temps
_get_iel_to_idofs: str(insn)='_ary_store: _ary <- NaN if isnan(_actx_dw) or isnan(_actx_dw_0) else (_actx_dw if _actx_dw > _actx_dw_0 else _actx_dw_0) {tags=EinsumTag(orig_loop_nest=frozenset())}'
/p/gpfs1/mtcampbe/CEESD/AutomatedTesting/MIRGE-Timing/timing/emirge/meshmode/meshmode/array_context.py:1790: UserWarning: [frozen_result]: FusionContractorArrayContext.transform_loopy_program not broad enough (yet). Falling back to a possibly slower transformation strategy.
  warn(f"[{knl.name}]: FusionContractorArrayContext."
2024-05-09 23:35:52,798 - INFO - pyopencl - build program: kernel 'frozen_result' was part of a lengthy source build resulting from a binary cache miss (0.36 s)
2024-05-09 23:35:53,266 - INFO - pyopencl - build program: kernel 'reduce_kernel_stage1' was part of a lengthy source build resulting from a binary cache miss (0.46 s)
2024-05-09 23:35:53,726 - INFO - pyopencl - build program: kernel 'reduce_kernel_stage2' was part of a lengthy source build resulting from a binary cache miss (0.45 s)
2024-05-09 23:35:53,732 - INFO - meshmode.array_context - Transforming kernel 'frozen_result' with 1 statements.
2024-05-09 23:35:53,737 - INFO - meshmode.array_context - Array Contraction: Contracting 0 temps
_get_iel_to_idofs: str(insn)='_ary_store: _ary <- 0 + _actx_dw {tags=EinsumTag(orig_loop_nest=frozenset())}'
2024-05-09 23:35:54,124 - INFO - pyopencl - build program: kernel 'frozen_result' was part of a lengthy source build resulting from a binary cache miss (0.36 s)
2024-05-09 23:35:54,604 - INFO - pyopencl - build program: kernel 'reduce_kernel_stage1' was part of a lengthy source build resulting from a binary cache miss (0.47 s)
2024-05-09 23:35:55,079 - INFO - pyopencl - build program: kernel 'reduce_kernel_stage2' was part of a lengthy source build resulting from a binary cache miss (0.47 s)
2024-05-09 23:35:55,089 - INFO - meshmode.array_context - Transforming kernel 'frozen_result' with 1 statements.
2024-05-09 23:35:55,095 - INFO - meshmode.array_context - Array Contraction: Contracting 0 temps
_get_iel_to_idofs: str(insn)='_ary_store: _ary <- NaN if isnan(_actx_dw) or isnan(_actx_dw_0) else (_actx_dw if _actx_dw < _actx_dw_0 else _actx_dw_0) {tags=EinsumTag(orig_loop_nest=frozenset())}'
2024-05-09 23:35:55,494 - INFO - pyopencl - build program: kernel 'frozen_result' was part of a lengthy source build resulting from a binary cache miss (0.37 s)
-------- dt = 1.000e-08, cfl = 0.0253
-------- P (min, max) (Pa) = (2.865706984e+03, 2.742120082e+05)
-------- T (min, max) (K)  = (    300, 2075.81)

2024-05-09 23:35:55,539 - INFO - meshmode.array_context - Transforming kernel 'frozen_result' with 1 statements.
2024-05-09 23:35:55,547 - INFO - meshmode.array_context - Array Contraction: Contracting 0 temps
2024-05-09 23:35:55,549 - INFO - meshmode.array_context - [_alias_global_temporaries]: Reduced memory requirement of 'frozen_result' from 0.0MB to 0.0MB.
2024-05-09 23:35:55,975 - INFO - pyopencl - build program: kernel 'frozen_result' was part of a lengthy source build resulting from a binary cache miss (0.37 s)
2024-05-09 23:35:55,987 - INFO - meshmode.array_context - Transforming kernel 'frozen_result' with 1 statements.
2024-05-09 23:35:55,994 - INFO - meshmode.array_context - Array Contraction: Contracting 0 temps
2024-05-09 23:35:55,997 - INFO - meshmode.array_context - [_alias_global_temporaries]: Reduced memory requirement of 'frozen_result' from 0.0MB to 0.0MB.
2024-05-09 23:35:56,420 - INFO - pyopencl - build program: kernel 'frozen_result' was part of a lengthy source build resulting from a binary cache miss (0.37 s)
2024-05-09 23:35:56,432 - INFO - meshmode.array_context - Transforming kernel 'frozen_result' with 1 statements.
2024-05-09 23:35:56,439 - INFO - meshmode.array_context - Array Contraction: Contracting 0 temps
2024-05-09 23:35:56,442 - INFO - meshmode.array_context - [_alias_global_temporaries]: Reduced memory requirement of 'frozen_result' from 0.0MB to 0.0MB.
2024-05-09 23:35:56,864 - INFO - pyopencl - build program: kernel 'frozen_result' was part of a lengthy source build resulting from a binary cache miss (0.37 s)
2024-05-09 23:35:56,876 - INFO - meshmode.array_context - Transforming kernel 'frozen_result' with 1 statements.
2024-05-09 23:35:56,883 - INFO - meshmode.array_context - Array Contraction: Contracting 0 temps
2024-05-09 23:35:56,886 - INFO - meshmode.array_context - [_alias_global_temporaries]: Reduced memory requirement of 'frozen_result' from 0.0MB to 0.0MB.
2024-05-09 23:35:57,310 - INFO - pyopencl - build program: kernel 'frozen_result' was part of a lengthy source build resulting from a binary cache miss (0.37 s)
2024-05-09 23:35:57,342 - INFO - meshmode.array_context - Transforming kernel 'frozen_result' with 3 statements.
2024-05-09 23:35:57,371 - INFO - meshmode.array_context - Array Contraction: Contracting 0 temps
2024-05-09 23:35:57,375 - INFO - meshmode.array_context - [_alias_global_temporaries]: Reduced memory requirement of 'frozen_result' from 0.1MB to 0.1MB.
2024-05-09 23:35:57,941 - INFO - pyopencl - build program: kernel 'frozen_result' was part of a lengthy source build resulting from a binary cache miss (0.40 s)
2024-05-09 23:35:57,965 - INFO - meshmode.array_context - Transforming kernel 'frozen_result' with 1 statements.
2024-05-09 23:35:57,973 - INFO - meshmode.array_context - Array Contraction: Contracting 0 temps
2024-05-09 23:35:57,975 - INFO - meshmode.array_context - [_alias_global_temporaries]: Reduced memory requirement of 'frozen_result' from 0.0MB to 0.0MB.
2024-05-09 23:35:58,417 - INFO - pyopencl - build program: kernel 'frozen_result' was part of a lengthy source build resulting from a binary cache miss (0.38 s)
2024-05-09 23:35:58,442 - INFO - meshmode.array_context - Transforming kernel 'frozen_result' with 1 statements.
2024-05-09 23:35:58,452 - INFO - meshmode.array_context - Array Contraction: Contracting 0 temps
2024-05-09 23:35:58,455 - INFO - meshmode.array_context - [_alias_global_temporaries]: Reduced memory requirement of 'frozen_result' from 0.0MB to 0.0MB.
2024-05-09 23:35:58,924 - INFO - pyopencl - build program: kernel 'frozen_result' was part of a lengthy source build resulting from a binary cache miss (0.38 s)
2024-05-09 23:35:58,953 - INFO - meshmode.array_context - Transforming kernel 'frozen_result' with 3 statements.
2024-05-09 23:35:58,983 - INFO - meshmode.array_context - Array Contraction: Contracting 0 temps
2024-05-09 23:35:58,988 - INFO - meshmode.array_context - [_alias_global_temporaries]: Reduced memory requirement of 'frozen_result' from 0.1MB to 0.1MB.
2024-05-09 23:35:59,550 - INFO - pyopencl - build program: kernel 'frozen_result' was part of a lengthy source build resulting from a binary cache miss (0.40 s)
failed to infer axis 1 of array of type <class 'pytato.array.Reshape'>.
expr.non_equality_tags=frozenset()
2024-05-09 23:35:59,613 - INFO - meshmode.array_context - Transforming kernel 'frozen_result' with 6 statements.
2024-05-09 23:35:59,706 - INFO - meshmode.array_context - Array Contraction: Contracting 0 temps
2024-05-09 23:35:59,715 - INFO - meshmode.array_context - [_alias_global_temporaries]: Reduced memory requirement of 'frozen_result' from 0.2MB to 0.2MB.
2024-05-09 23:36:00,579 - INFO - pyopencl - build program: kernel 'frozen_result' was part of a lengthy source build resulting from a binary cache miss (0.47 s)
2024-05-09 23:36:00,649 - INFO - meshmode.array_context - Transforming kernel 'frozen_result' with 4 statements.
2024-05-09 23:36:00,695 - INFO - meshmode.array_context - Array Contraction: Contracting 2 temps
2024-05-09 23:36:00,720 - INFO - meshmode.array_context - [_alias_global_temporaries]: Reduced memory requirement of 'frozen_result' from 0.2MB to 0.2MB.
2024-05-09 23:36:01,330 - INFO - pyopencl - build program: kernel 'frozen_result' was part of a lengthy source build resulting from a binary cache miss (0.41 s)
2024-05-09 23:36:01,366 - INFO - meshmode.discretization.connection.face - building face restriction: start
2024-05-09 23:36:01,371 - INFO - meshmode.discretization.connection.face - building face restriction: done
2024-05-09 23:36:01,385 - INFO - meshmode.discretization.connection.face - building face restriction: start
2024-05-09 23:36:01,390 - INFO - meshmode.discretization.connection.face - building face restriction: done
2024-05-09 23:36:01,404 - INFO - meshmode.discretization.connection.face - building face restriction: start
2024-05-09 23:36:01,416 - INFO - meshmode.discretization.connection.face - building face restriction: done
2024-05-09 23:36:01,430 - INFO - meshmode.discretization.connection.face - building face restriction: start
2024-05-09 23:36:01,525 - INFO - meshmode.discretization.connection.face - building face restriction: done
2024-05-09 23:36:01,676 - INFO - meshmode.array_context - Transforming kernel 'frozen_area_el_b_inflow' with 7 statements.
2024-05-09 23:36:01,807 - INFO - meshmode.array_context - Array Contraction: Contracting 2 temps
2024-05-09 23:36:01,841 - INFO - meshmode.array_context - [_alias_global_temporaries]: Reduced memory requirement of 'frozen_area_el_b_inflow' from 0.0MB to 0.0MB.
2024-05-09 23:36:02,617 - INFO - pyopencl - build program: kernel 'frozen_area_el_b_inflow' was part of a lengthy source build resulting from a binary cache miss (0.39 s)
2024-05-09 23:36:02,706 - INFO - meshmode.array_context - Transforming kernel 'frozen_normal_2_b_inflow' with 3 statements.
2024-05-09 23:36:02,777 - INFO - meshmode.array_context - Array Contraction: Contracting 0 temps
2024-05-09 23:36:02,782 - INFO - meshmode.array_context - [_alias_global_temporaries]: Reduced memory requirement of 'frozen_normal_2_b_inflow' from 0.0MB to 0.0MB.
2024-05-09 23:36:03,432 - INFO - pyopencl - build program: kernel 'frozen_normal_2_b_inflow' was part of a lengthy source build resulting from a binary cache miss (0.38 s)
2024-05-09 23:36:03,507 - INFO - meshmode.array_context - Transforming kernel 'frozen_normal_1_b_inflow' with 3 statements.
2024-05-09 23:36:03,579 - INFO - meshmode.array_context - Array Contraction: Contracting 0 temps
2024-05-09 23:36:03,584 - INFO - meshmode.array_context - [_alias_global_temporaries]: Reduced memory requirement of 'frozen_normal_1_b_inflow' from 0.0MB to 0.0MB.
2024-05-09 23:36:04,233 - INFO - pyopencl - build program: kernel 'frozen_normal_1_b_inflow' was part of a lengthy source build resulting from a binary cache miss (0.38 s)
2024-05-09 23:36:04,264 - INFO - meshmode.array_context - Transforming kernel 'frozen_f2allf_ind' with 0 statements.
2024-05-09 23:36:04,268 - INFO - meshmode.array_context - Array Contraction: Contracting 0 temps
2024-05-09 23:36:04,646 - INFO - pyopencl - build program: kernel 'frozen_f2allf_ind' was part of a lengthy source build resulting from a binary cache miss (0.36 s)
2024-05-09 23:36:04,655 - INFO - meshmode.array_context - Transforming kernel 'frozen_f2allf_ind' with 0 statements.
2024-05-09 23:36:04,716 - INFO - meshmode.array_context - Transforming kernel 'frozen_f2allf_ind' with 1 statements.
2024-05-09 23:36:04,726 - INFO - meshmode.array_context - Array Contraction: Contracting 0 temps
2024-05-09 23:36:04,728 - INFO - meshmode.array_context - [_alias_global_temporaries]: Reduced memory requirement of 'frozen_f2allf_ind' from 0.0MB to 0.0MB.
2024-05-09 23:36:05,131 - INFO - pyopencl - build program: kernel 'frozen_f2allf_ind' was part of a lengthy source build resulting from a binary cache miss (0.36 s)
2024-05-09 23:36:05,328 - INFO - meshmode.array_context - Transforming kernel 'frozen_area_el_b_outflow' with 7 statements.
2024-05-09 23:36:05,460 - INFO - meshmode.array_context - Array Contraction: Contracting 2 temps
2024-05-09 23:36:05,495 - INFO - meshmode.array_context - [_alias_global_temporaries]: Reduced memory requirement of 'frozen_area_el_b_outflow' from 0.0MB to 0.0MB.
2024-05-09 23:36:06,275 - INFO - pyopencl - build program: kernel 'frozen_area_el_b_outflow' was part of a lengthy source build resulting from a binary cache miss (0.39 s)
2024-05-09 23:36:06,363 - INFO - meshmode.array_context - Transforming kernel 'frozen_normal_2_b_outflow' with 3 statements.
2024-05-09 23:36:06,435 - INFO - meshmode.array_context - Array Contraction: Contracting 0 temps
2024-05-09 23:36:06,440 - INFO - meshmode.array_context - [_alias_global_temporaries]: Reduced memory requirement of 'frozen_normal_2_b_outflow' from 0.0MB to 0.0MB.
2024-05-09 23:36:07,091 - INFO - pyopencl - build program: kernel 'frozen_normal_2_b_outflow' was part of a lengthy source build resulting from a binary cache miss (0.38 s)
2024-05-09 23:36:07,167 - INFO - meshmode.array_context - Transforming kernel 'frozen_normal_1_b_outflow' with 3 statements.
2024-05-09 23:36:07,239 - INFO - meshmode.array_context - Array Contraction: Contracting 0 temps
2024-05-09 23:36:07,244 - INFO - meshmode.array_context - [_alias_global_temporaries]: Reduced memory requirement of 'frozen_normal_1_b_outflow' from 0.0MB to 0.0MB.
2024-05-09 23:36:07,894 - INFO - pyopencl - build program: kernel 'frozen_normal_1_b_outflow' was part of a lengthy source build resulting from a binary cache miss (0.38 s)
2024-05-09 23:36:07,927 - INFO - meshmode.array_context - Transforming kernel 'frozen_f2allf_ind' with 1 statements.
2024-05-09 23:36:07,937 - INFO - meshmode.array_context - Array Contraction: Contracting 0 temps
2024-05-09 23:36:07,939 - INFO - meshmode.array_context - [_alias_global_temporaries]: Reduced memory requirement of 'frozen_f2allf_ind' from 0.0MB to 0.0MB.
2024-05-09 23:36:08,338 - INFO - pyopencl - build program: kernel 'frozen_f2allf_ind' was part of a lengthy source build resulting from a binary cache miss (0.36 s)
2024-05-09 23:36:08,350 - INFO - meshmode.array_context - Transforming kernel 'frozen_f2allf_ind' with 1 statements.
2024-05-09 23:36:08,360 - INFO - meshmode.array_context - Array Contraction: Contracting 0 temps
2024-05-09 23:36:08,363 - INFO - meshmode.array_context - [_alias_global_temporaries]: Reduced memory requirement of 'frozen_f2allf_ind' from 0.0MB to 0.0MB.
2024-05-09 23:36:08,766 - INFO - pyopencl - build program: kernel 'frozen_f2allf_ind' was part of a lengthy source build resulting from a binary cache miss (0.36 s)
2024-05-09 23:36:08,890 - INFO - meshmode.array_context - Transforming kernel 'frozen_area_el_b_wall' with 7 statements.
2024-05-09 23:36:09,022 - INFO - meshmode.array_context - Array Contraction: Contracting 2 temps
2024-05-09 23:36:09,055 - INFO - meshmode.array_context - [_alias_global_temporaries]: Reduced memory requirement of 'frozen_area_el_b_wall' from 0.0MB to 0.0MB.
2024-05-09 23:36:09,839 - INFO - pyopencl - build program: kernel 'frozen_area_el_b_wall' was part of a lengthy source build resulting from a binary cache miss (0.40 s)
2024-05-09 23:36:09,924 - INFO - meshmode.array_context - Transforming kernel 'frozen_normal_2_b_wall' with 3 statements.
2024-05-09 23:36:09,995 - INFO - meshmode.array_context - Array Contraction: Contracting 0 temps
2024-05-09 23:36:10,001 - INFO - meshmode.array_context - [_alias_global_temporaries]: Reduced memory requirement of 'frozen_normal_2_b_wall' from 0.0MB to 0.0MB.
2024-05-09 23:36:10,670 - INFO - pyopencl - build program: kernel 'frozen_normal_2_b_wall' was part of a lengthy source build resulting from a binary cache miss (0.39 s)
2024-05-09 23:36:10,744 - INFO - meshmode.array_context - Transforming kernel 'frozen_normal_1_b_wall' with 3 statements.
2024-05-09 23:36:10,815 - INFO - meshmode.array_context - Array Contraction: Contracting 0 temps
2024-05-09 23:36:10,820 - INFO - meshmode.array_context - [_alias_global_temporaries]: Reduced memory requirement of 'frozen_normal_1_b_wall' from 0.0MB to 0.0MB.
2024-05-09 23:36:11,485 - INFO - pyopencl - build program: kernel 'frozen_normal_1_b_wall' was part of a lengthy source build resulting from a binary cache miss (0.39 s)
2024-05-09 23:36:11,517 - INFO - meshmode.array_context - Transforming kernel 'frozen_f2allf_ind' with 1 statements.
2024-05-09 23:36:11,527 - INFO - meshmode.array_context - Array Contraction: Contracting 0 temps
2024-05-09 23:36:11,530 - INFO - meshmode.array_context - [_alias_global_temporaries]: Reduced memory requirement of 'frozen_f2allf_ind' from 0.0MB to 0.0MB.
2024-05-09 23:36:11,928 - INFO - pyopencl - build program: kernel 'frozen_f2allf_ind' was part of a lengthy source build resulting from a binary cache miss (0.36 s)
2024-05-09 23:36:11,939 - INFO - meshmode.array_context - Transforming kernel 'frozen_f2allf_ind' with 1 statements.
2024-05-09 23:36:11,949 - INFO - meshmode.array_context - Array Contraction: Contracting 0 temps
2024-05-09 23:36:11,951 - INFO - meshmode.array_context - [_alias_global_temporaries]: Reduced memory requirement of 'frozen_f2allf_ind' from 0.0MB to 0.0MB.
2024-05-09 23:36:12,358 - INFO - pyopencl - build program: kernel 'frozen_f2allf_ind' was part of a lengthy source build resulting from a binary cache miss (0.36 s)
2024-05-09 23:36:12,478 - INFO - meshmode.array_context - Transforming kernel 'frozen_area_el_b_face_restr_interior' with 7 statements.
2024-05-09 23:36:12,609 - INFO - meshmode.array_context - Array Contraction: Contracting 2 temps
2024-05-09 23:36:12,642 - INFO - meshmode.array_context - [_alias_global_temporaries]: Reduced memory requirement of 'frozen_area_el_b_face_restr_interior' from 0.4MB to 0.3MB.
2024-05-09 23:36:13,425 - INFO - pyopencl - build program: kernel 'frozen_area_el_b_face_restr_interior' was part of a lengthy source build resulting from a binary cache miss (0.39 s)
2024-05-09 23:36:13,509 - INFO - meshmode.array_context - Transforming kernel 'frozen_normal_2_b_face_restr_interior' with 3 statements.
2024-05-09 23:36:13,580 - INFO - meshmode.array_context - Array Contraction: Contracting 0 temps
2024-05-09 23:36:13,585 - INFO - meshmode.array_context - [_alias_global_temporaries]: Reduced memory requirement of 'frozen_normal_2_b_face_restr_interior' from 0.2MB to 0.2MB.
2024-05-09 23:36:14,252 - INFO - pyopencl - build program: kernel 'frozen_normal_2_b_face_restr_interior' was part of a lengthy source build resulting from a binary cache miss (0.39 s)
2024-05-09 23:36:14,326 - INFO - meshmode.array_context - Transforming kernel 'frozen_normal_1_b_face_restr_interior' with 3 statements.
2024-05-09 23:36:14,397 - INFO - meshmode.array_context - Array Contraction: Contracting 0 temps
2024-05-09 23:36:14,402 - INFO - meshmode.array_context - [_alias_global_temporaries]: Reduced memory requirement of 'frozen_normal_1_b_face_restr_interior' from 0.2MB to 0.2MB.
2024-05-09 23:36:15,067 - INFO - pyopencl - build program: kernel 'frozen_normal_1_b_face_restr_interior' was part of a lengthy source build resulting from a binary cache miss (0.39 s)
2024-05-09 23:36:15,099 - INFO - meshmode.array_context - Transforming kernel 'frozen_f2allf_ind' with 1 statements.
2024-05-09 23:36:15,109 - INFO - meshmode.array_context - Array Contraction: Contracting 0 temps
2024-05-09 23:36:15,111 - INFO - meshmode.array_context - [_alias_global_temporaries]: Reduced memory requirement of 'frozen_f2allf_ind' from 0.0MB to 0.0MB.
2024-05-09 23:36:15,519 - INFO - pyopencl - build program: kernel 'frozen_f2allf_ind' was part of a lengthy source build resulting from a binary cache miss (0.36 s)
2024-05-09 23:36:15,531 - INFO - meshmode.array_context - Transforming kernel 'frozen_f2allf_ind' with 1 statements.
2024-05-09 23:36:15,541 - INFO - meshmode.array_context - Array Contraction: Contracting 0 temps
2024-05-09 23:36:15,543 - INFO - meshmode.array_context - [_alias_global_temporaries]: Reduced memory requirement of 'frozen_f2allf_ind' from 0.0MB to 0.0MB.
2024-05-09 23:36:15,949 - INFO - pyopencl - build program: kernel 'frozen_f2allf_ind' was part of a lengthy source build resulting from a binary cache miss (0.36 s)
2024-05-09 23:36:15,961 - INFO - meshmode.array_context - Transforming kernel 'frozen_f2allf_ind' with 1 statements.
2024-05-09 23:36:15,971 - INFO - meshmode.array_context - Array Contraction: Contracting 0 temps
2024-05-09 23:36:15,973 - INFO - meshmode.array_context - [_alias_global_temporaries]: Reduced memory requirement of 'frozen_f2allf_ind' from 0.0MB to 0.0MB.
2024-05-09 23:36:16,382 - INFO - pyopencl - build program: kernel 'frozen_f2allf_ind' was part of a lengthy source build resulting from a binary cache miss (0.36 s)
2024-05-09 23:36:17,276 - INFO - meshmode.array_context - Transforming kernel 'frozen_inv_metric_deriv_vol' with 45 statements.
2024-05-09 23:36:18,268 - INFO - loopy.tools - fuse_same_discretization_entity_loops on 'frozen_inv_metric_deriv_vol': completed (0.89s wall 1.00x CPU)
2024-05-09 23:36:18,319 - INFO - meshmode.array_context - Loop Fusion: completed (1.03s wall 1.00x CPU)
2024-05-09 23:36:18,449 - INFO - meshmode.array_context - Array Contraction: Contracting 0 temps
2024-05-09 23:36:18,489 - INFO - meshmode.array_context - [_alias_global_temporaries]: Reduced memory requirement of 'frozen_inv_metric_deriv_vol' from 1.7MB to 0.5MB.
2024-05-09 23:36:19,276 - INFO - loopy.tools - preprocess_program on 'frozen_inv_metric_deriv_vol': completed (0.62s wall 1.00x CPU)
2024-05-09 23:36:21,557 - INFO - pyopencl - build program: kernel 'frozen_inv_metric_deriv_vol' was part of a lengthy source build resulting from a binary cache miss (0.59 s)
/p/gpfs1/mtcampbe/CEESD/AutomatedTesting/MIRGE-Timing/timing/emirge/mirgecom/mirgecom/artificial_viscosity.py:347: UserWarning: The AV boundary_kwargs interface is deprecated, please pass gas_model and time directly.
  warn("The AV boundary_kwargs interface is deprecated, please pass gas_model"
2024-05-09 23:36:22,915 - INFO - grudge.array_context - deduplicate_data_wrappers[pre-partition]: completed (0.65s wall 1.00x CPU)
failed to infer axis 1 of array of type <class 'pytato.array.Reshape'>.
expr.non_equality_tags=frozenset()
2024-05-09 23:36:24,996 - INFO - grudge.array_context - transform_dag.infer_axes_tags[pre-partition]: completed (1.93s wall 1.00x CPU)
2024-05-09 23:36:25,507 - INFO - pytato.distributed.verify - find_partition: Split 3430 nodes into 1 parts, with [3430] nodes in each partition.
2024-05-09 23:36:26,495 - INFO - meshmode.array_context - transform_dag.deduplicate_data_wrappers: completed (0.37s wall 1.00x CPU)
2024-05-09 23:36:27,223 - INFO - meshmode.array_context - transform_dag.materialize_all_einsums_or_reduces: completed (0.44s wall 1.00x CPU)
failed to infer axis 1 of array of type <class 'pytato.array.Reshape'>.
expr.non_equality_tags=frozenset()
2024-05-09 23:36:29,090 - INFO - meshmode.array_context - transform_dag.infer_axes_tags: completed (1.87s wall 1.00x CPU)
2024-05-09 23:36:29,411 - INFO - meshmode.array_context - Transforming kernel 'frozen_result' with 1 statements.
2024-05-09 23:36:29,422 - INFO - meshmode.array_context - Array Contraction: Contracting 0 temps
2024-05-09 23:36:29,424 - INFO - meshmode.array_context - [_alias_global_temporaries]: Reduced memory requirement of 'frozen_result' from 0.0MB to 0.0MB.
2024-05-09 23:36:29,845 - INFO - pyopencl - build program: kernel 'frozen_result' was part of a lengthy source build resulting from a binary cache miss (0.37 s)
2024-05-09 23:36:29,861 - INFO - meshmode.array_context - Transforming kernel 'frozen_result' with 1 statements.
2024-05-09 23:36:29,892 - INFO - meshmode.array_context - Array Contraction: Contracting 0 temps
_get_iel_to_idofs: str(insn)="_ary_store: _ary[idim_ensm0, idim_ensm0_0, iel_ensm0] <- inv_metric_deriv_vol[((idim_ensm0*5008 + idim_ensm0_0*2504 + iel_ensm0) % 10016) // 5008, ((idim_ensm0*5008 + idim_ensm0_0*2504 + iel_ensm0) % 5008) // 2504, (idim_ensm0*5008 + idim_ensm0_0*2504 + iel_ensm0) % 2504, 0] {tags=EinsumTag(orig_loop_nest=frozenset({'idim_0_0_', 'idim_1_0_', 'iel_0_0_'}))}"
2024-05-09 23:36:30,441 - INFO - pyopencl - build program: kernel 'frozen_result' was part of a lengthy source build resulting from a binary cache miss (0.39 s)
2024-05-09 23:36:30,463 - INFO - meshmode.array_context - Transforming kernel 'frozen_result' with 1 statements.
_get_iel_to_idofs: str(insn)="_ary_store: _ary[idim_ensm0, idim_ensm0_0, iel_ensm0] <- inv_metric_deriv_vol[((idim_ensm0*5008 + idim_ensm0_0*2504 + iel_ensm0) % 10016) // 5008, ((idim_ensm0*5008 + idim_ensm0_0*2504 + iel_ensm0) % 5008) // 2504, (idim_ensm0*5008 + idim_ensm0_0*2504 + iel_ensm0) % 2504, 0] {tags=EinsumTag(orig_loop_nest=frozenset({'idim_0_0_', 'idim_1_0_', 'iel_0_0_'}))}"
2024-05-09 23:36:30,567 - INFO - meshmode.array_context - Transforming kernel 'frozen_result' with 1 statements.
2024-05-09 23:36:30,583 - INFO - meshmode.array_context - Array Contraction: Contracting 0 temps
_get_iel_to_idofs: str(insn)="_ary_store: _ary[iface_ensm0, iel_ensm0] <- _actx_dw[((iface_ensm0*2504 + iel_ensm0) % 7512) // 2504, (iface_ensm0*2504 + iel_ensm0) % 2504, 0] {tags=EinsumTag(orig_loop_nest=frozenset({'iface_0_0_', 'iel_0_0_'}))}"
2024-05-09 23:36:31,055 - INFO - pyopencl - build program: kernel 'frozen_result' was part of a lengthy source build resulting from a binary cache miss (0.38 s)
2024-05-09 23:36:31,310 - INFO - arraycontext.impl.pytato.compile - transform_dag for 'my_rhs': completed (5.80s wall 1.00x CPU)
2024-05-09 23:36:35,329 - INFO - arraycontext.impl.pytato.compile - generate_loopy for 'my_rhs': completed (4.02s wall 1.00x CPU)
2024-05-09 23:36:35,330 - INFO - meshmode.array_context - Transforming kernel 'my_rhs' with 355 statements.
2024-05-09 23:36:47,439 - INFO - loopy.tools - fuse_same_discretization_entity_loops on 'my_rhs': completed (11.28s wall 1.00x CPU)
2024-05-09 23:36:48,161 - INFO - meshmode.array_context - Loop Fusion: completed (12.81s wall 1.00x CPU)
2024-05-09 23:36:49,761 - INFO - meshmode.array_context - Array Contraction: Contracting 73 temps
2024-05-09 23:36:53,240 - INFO - loopy.tools - contract_arrays on 'my_rhs': completed (3.49s wall 1.00x CPU)
2024-05-09 23:36:53,666 - INFO - meshmode.array_context - Array Contraction: completed (4.55s wall 1.00x CPU)
2024-05-09 23:36:53,842 - INFO - meshmode.array_context - [_alias_global_temporaries]: Reduced memory requirement of 'my_rhs' from 16.3MB to 7.5MB.
2024-05-09 23:36:55,644 - INFO - arraycontext.impl.pytato.compile - transform_loopy_program for 'my_rhs': completed (20.31s wall 1.00x CPU)
2024-05-09 23:37:00,224 - INFO - loopy.preprocess - my_rhs: preprocess: completed (0.48s wall 1.00x CPU)
2024-05-09 23:37:02,749 - INFO - loopy.tools - preprocess_program on 'my_rhs': completed (6.15s wall 1.00x CPU)
2024-05-09 23:37:09,104 - INFO - loopy.schedule - my_rhs: schedule: completed (2.57s wall 1.00x CPU)
2024-05-09 23:37:17,429 - INFO - loopy.codegen - my_rhs: generate code: completed (4.51s wall 1.00x CPU)
2024-05-09 23:37:25,463 - INFO - pyopencl - build program: kernel 'my_rhs' was part of a lengthy source build resulting from a binary cache miss (5.88 s)
2024-05-09 23:37:26,932 - INFO - meshmode.array_context - Transforming kernel 'frozen_result' with 1 statements.
2024-05-09 23:37:26,948 - INFO - meshmode.array_context - Array Contraction: Contracting 0 temps
2024-05-09 23:37:26,950 - INFO - meshmode.array_context - [_alias_global_temporaries]: Reduced memory requirement of 'frozen_result' from 0.0MB to 0.0MB.
2024-05-09 23:37:27,389 - INFO - pyopencl - build program: kernel 'frozen_result' was part of a lengthy source build resulting from a binary cache miss (0.37 s)
2024-05-09 23:37:27,406 - INFO - meshmode.array_context - Transforming kernel 'frozen_result' with 1 statements.
2024-05-09 23:37:27,421 - INFO - meshmode.array_context - Array Contraction: Contracting 0 temps
2024-05-09 23:37:27,424 - INFO - meshmode.array_context - [_alias_global_temporaries]: Reduced memory requirement of 'frozen_result' from 0.0MB to 0.0MB.
2024-05-09 23:37:27,861 - INFO - pyopencl - build program: kernel 'frozen_result' was part of a lengthy source build resulting from a binary cache miss (0.37 s)
2024-05-09 23:37:27,887 - INFO - meshmode.array_context - Transforming kernel 'frozen_result' with 1 statements.
2024-05-09 23:37:27,902 - INFO - meshmode.array_context - Array Contraction: Contracting 0 temps
2024-05-09 23:37:27,905 - INFO - meshmode.array_context - [_alias_global_temporaries]: Reduced memory requirement of 'frozen_result' from 0.0MB to 0.0MB.
2024-05-09 23:37:28,342 - INFO - pyopencl - build program: kernel 'frozen_result' was part of a lengthy source build resulting from a binary cache miss (0.37 s)
2024-05-09 23:37:28,358 - INFO - meshmode.array_context - Transforming kernel 'frozen_result' with 1 statements.
2024-05-09 23:37:28,374 - INFO - meshmode.array_context - Array Contraction: Contracting 0 temps
2024-05-09 23:37:28,376 - INFO - meshmode.array_context - [_alias_global_temporaries]: Reduced memory requirement of 'frozen_result' from 0.0MB to 0.0MB.
2024-05-09 23:37:28,813 - INFO - pyopencl - build program: kernel 'frozen_result' was part of a lengthy source build resulting from a binary cache miss (0.37 s)
/p/gpfs1/mtcampbe/CEESD/AutomatedTesting/MIRGE-Timing/timing/emirge/mirgecom/mirgecom/steppers.py:439: UserWarning: Deduced force_eval=True for this timestepper. This can have a nontrivial performance impact. If you know that your timestepper does not require per-step forced evaluation, explicitly set force_eval=False.
  _advance_state_stepper_func(
2024-05-09 23:37:28,887 - INFO - meshmode.array_context - Transforming kernel 'frozen_result' with 4 statements.
2024-05-09 23:37:28,940 - INFO - meshmode.array_context - Array Contraction: Contracting 0 temps
2024-05-09 23:37:28,945 - INFO - meshmode.array_context - [_alias_global_temporaries]: Reduced memory requirement of 'frozen_result' from 0.0MB to 0.0MB.
2024-05-09 23:37:29,537 - INFO - pyopencl - build program: kernel 'frozen_result' was part of a lengthy source build resulting from a binary cache miss (0.38 s)
step = 0, sim time: 0.000000e+00 s, step walltime: 103.114 s
2024-05-09 23:37:29,673 - INFO - meshmode.array_context - Transforming kernel 'frozen_result' with 4 statements.
2024-05-09 23:37:29,726 - INFO - meshmode.array_context - Array Contraction: Contracting 0 temps
2024-05-09 23:37:29,731 - INFO - meshmode.array_context - [_alias_global_temporaries]: Reduced memory requirement of 'frozen_result' from 0.0MB to 0.0MB.
2024-05-09 23:37:30,323 - INFO - pyopencl - build program: kernel 'frozen_result' was part of a lengthy source build resulting from a binary cache miss (0.38 s)
step = 1, sim time: 1.000000e-08 s, step walltime: 0.770242 s
step = 2, sim time: 2.000000e-08 s, step walltime: 0.0428656 s
step = 3, sim time: 3.000000e-08 s, step walltime: 0.0331431 s
step = 4, sim time: 4.000000e-08 s, step walltime: 0.0328044 s
step = 5, sim time: 5.000000e-08 s, step walltime: 0.0331328 s
step = 6, sim time: 6.000000e-08 s, step walltime: 0.0327589 s
step = 7, sim time: 7.000000e-08 s, step walltime: 0.033008 s
step = 8, sim time: 8.000000e-08 s, step walltime: 0.0336439 s
step = 9, sim time: 9.000000e-08 s, step walltime: 0.0329941 s
step = 10, sim time: 1.000000e-07 s, step walltime: 0.033059 s
step = 11, sim time: 1.100000e-07 s, step walltime: 0.0330232 s
step = 12, sim time: 1.200000e-07 s, step walltime: 0.0332642 s
step = 13, sim time: 1.300000e-07 s, step walltime: 0.0330843 s
step = 14, sim time: 1.400000e-07 s, step walltime: 0.0335702 s
step = 15, sim time: 1.500000e-07 s, step walltime: 0.0331368 s
step = 16, sim time: 1.600000e-07 s, step walltime: 0.0333262 s
step = 17, sim time: 1.700000e-07 s, step walltime: 0.0331222 s
step = 18, sim time: 1.800000e-07 s, step walltime: 0.0333414 s
2024-05-09 23:37:31,229 - INFO - meshmode.array_context - Transforming kernel 'frozen_result' with 1 statements.
2024-05-09 23:37:31,245 - INFO - meshmode.array_context - Array Contraction: Contracting 0 temps
2024-05-09 23:37:31,248 - INFO - meshmode.array_context - [_alias_global_temporaries]: Reduced memory requirement of 'frozen_result' from 0.0MB to 0.0MB.
2024-05-09 23:37:31,686 - INFO - pyopencl - build program: kernel 'frozen_result' was part of a lengthy source build resulting from a binary cache miss (0.37 s)
2024-05-09 23:37:31,712 - INFO - meshmode.array_context - Transforming kernel 'frozen_result' with 1 statements.
2024-05-09 23:37:31,728 - INFO - meshmode.array_context - Array Contraction: Contracting 0 temps
2024-05-09 23:37:31,730 - INFO - meshmode.array_context - [_alias_global_temporaries]: Reduced memory requirement of 'frozen_result' from 0.0MB to 0.0MB.
2024-05-09 23:37:32,169 - INFO - pyopencl - build program: kernel 'frozen_result' was part of a lengthy source build resulting from a binary cache miss (0.37 s)
2024-05-09 23:37:32,243 - INFO - meshmode.array_context - Transforming kernel 'frozen_result' with 4 statements.
2024-05-09 23:37:32,297 - INFO - meshmode.array_context - Array Contraction: Contracting 0 temps
2024-05-09 23:37:32,302 - INFO - meshmode.array_context - [_alias_global_temporaries]: Reduced memory requirement of 'frozen_result' from 0.0MB to 0.0MB.
2024-05-09 23:37:32,895 - INFO - pyopencl - build program: kernel 'frozen_result' was part of a lengthy source build resulting from a binary cache miss (0.38 s)
step = 19, sim time: 1.900000e-07 s, step walltime: 1.71218 s
2024-05-09 23:37:32,944 - INFO - pytato.distributed.verify - find_partition: Split 22 nodes into 1 parts, with [22] nodes in each partition.
2024-05-09 23:37:32,998 - INFO - meshmode.array_context - Transforming kernel 'get_fluid_state' with 15 statements.
2024-05-09 23:37:33,143 - INFO - meshmode.array_context - Array Contraction: Contracting 1 temps
2024-05-09 23:37:33,167 - INFO - meshmode.array_context - [_alias_global_temporaries]: Reduced memory requirement of 'get_fluid_state' from 0.1MB to 0.1MB.
2024-05-09 23:37:34,031 - INFO - pyopencl - build program: kernel 'get_fluid_state' was part of a lengthy source build resulting from a binary cache miss (0.40 s)
Checkpointing final state ...
2024-05-09 23:37:34,109 - INFO - meshmode.array_context - Transforming kernel 'frozen_result' with 4 statements.
2024-05-09 23:37:34,161 - INFO - meshmode.array_context - Array Contraction: Contracting 3 temps
2024-05-09 23:37:34,196 - INFO - meshmode.array_context - [_alias_global_temporaries]: Reduced memory requirement of 'frozen_result' from 0.2MB to 0.2MB.
2024-05-09 23:37:34,728 - INFO - pyopencl - build program: kernel 'frozen_result' was part of a lengthy source build resulting from a binary cache miss (0.39 s)
-------- dt = 0.000e+00, cfl = 0.0228
-------- P (min, max) (Pa) = (1.284504623e+03, 2.753939220e+05)
-------- T (min, max) (K)  = (269.955, 2214.65)

2024-05-09 23:37:34,782 - INFO - meshmode.array_context - Transforming kernel 'frozen_result' with 3 statements.
2024-05-09 23:37:34,811 - INFO - meshmode.array_context - Array Contraction: Contracting 0 temps
2024-05-09 23:37:34,815 - INFO - meshmode.array_context - [_alias_global_temporaries]: Reduced memory requirement of 'frozen_result' from 0.1MB to 0.1MB.
2024-05-09 23:37:35,385 - INFO - pyopencl - build program: kernel 'frozen_result' was part of a lengthy source build resulting from a binary cache miss (0.40 s)
2024-05-09 23:37:35,407 - INFO - meshmode.array_context - Transforming kernel 'frozen_result' with 1 statements.
2024-05-09 23:37:35,415 - INFO - meshmode.array_context - Array Contraction: Contracting 0 temps
2024-05-09 23:37:35,418 - INFO - meshmode.array_context - [_alias_global_temporaries]: Reduced memory requirement of 'frozen_result' from 0.0MB to 0.0MB.
2024-05-09 23:37:35,863 - INFO - pyopencl - build program: kernel 'frozen_result' was part of a lengthy source build resulting from a binary cache miss (0.38 s)
2024-05-09 23:37:35,894 - INFO - meshmode.array_context - Transforming kernel 'frozen_result' with 3 statements.
2024-05-09 23:37:35,923 - INFO - meshmode.array_context - Array Contraction: Contracting 0 temps
2024-05-09 23:37:35,927 - INFO - meshmode.array_context - [_alias_global_temporaries]: Reduced memory requirement of 'frozen_result' from 0.1MB to 0.1MB.
2024-05-09 23:37:36,496 - INFO - pyopencl - build program: kernel 'frozen_result' was part of a lengthy source build resulting from a binary cache miss (0.40 s)
failed to infer axis 1 of array of type <class 'pytato.array.Reshape'>.
expr.non_equality_tags=frozenset()
2024-05-09 23:37:36,552 - INFO - meshmode.array_context - Transforming kernel 'frozen_result' with 6 statements.
2024-05-09 23:37:36,645 - INFO - meshmode.array_context - Array Contraction: Contracting 0 temps
2024-05-09 23:37:36,653 - INFO - meshmode.array_context - [_alias_global_temporaries]: Reduced memory requirement of 'frozen_result' from 0.2MB to 0.2MB.
2024-05-09 23:37:37,505 - INFO - pyopencl - build program: kernel 'frozen_result' was part of a lengthy source build resulting from a binary cache miss (0.47 s)
2024-05-09 23:37:37,570 - INFO - meshmode.array_context - Transforming kernel 'frozen_result' with 4 statements.
2024-05-09 23:37:37,615 - INFO - meshmode.array_context - Array Contraction: Contracting 2 temps
2024-05-09 23:37:37,640 - INFO - meshmode.array_context - [_alias_global_temporaries]: Reduced memory requirement of 'frozen_result' from 0.2MB to 0.2MB.
2024-05-09 23:37:38,251 - INFO - pyopencl - build program: kernel 'frozen_result' was part of a lengthy source build resulting from a binary cache miss (0.41 s)
nanobind: leaked 498 instances!
 - leaked instance 0x10a3802b0 of type "Event"
 - leaked instance 0x1041dc890 of type "Event"
 - leaked instance 0x10874b630 of type "PooledSVM"
 - leaked instance 0x109888c70 of type "Event"
 - leaked instance 0x104bbbe80 of type "Event"
 - leaked instance 0x2002b627b618 of type "Kernel"
 - leaked instance 0x10a543b10 of type "PooledSVM"
 - leaked instance 0x109769a60 of type "Event"
 - leaked instance 0x2002b7e8fd18 of type "Kernel"
 - leaked instance 0x106d4d6a0 of type "Event"
 - leaked instance 0x20002de14dd8 of type "CommandQueue"
 - leaked instance 0x106d54f00 of type "PooledSVM"
 - leaked instance 0x2002b644d818 of type "Kernel"
 - leaked instance 0x104ae0230 of type "Event"
 - leaked instance 0x10a4772b0 of type "Event"
 - leaked instance 0x2002b7dcbe18 of type "Kernel"
 - leaked instance 0x10a531b30 of type "Event"
 - leaked instance 0x2002b7a87218 of type "Kernel"
 - leaked instance 0x1087eec30 of type "Event"
 - leaked instance 0x106d47750 of type "PooledSVM"
 - leaked instance 0x101104000 of type "PooledSVM"
 - leaked instance 0x10887a130 of type "Event"
 - leaked instance 0x2002fe86ecd8 of type "Kernel"
 - leaked instance 0x108732c50 of type "PooledSVM"
 - leaked instance 0x10a33fb60 of type "PooledSVM"
 - leaked instance 0x104adfe90 of type "Event"
 - leaked instance 0x10ad79bd0 of type "Event"
 - leaked instance 0x2002b6eeb018 of type "Kernel"
 - leaked instance 0x10a8d9d60 of type "PooledSVM"
 - leaked instance 0x2002fd3475d8 of type "Kernel"
 - leaked instance 0x2002b687e918 of type "Kernel"
 - leaked instance 0x1041e9e70 of type "PooledSVM"
 - leaked instance 0x10a78d060 of type "Event"
 - leaked instance 0x109aa25a0 of type "PooledSVM"
 - leaked instance 0x10a829930 of type "PooledSVM"
 - leaked instance 0x2002b7aeef18 of type "Kernel"
 - leaked instance 0x10a476030 of type "PooledSVM"
 - leaked instance 0x109b533a0 of type "Event"
 - leaked instance 0x2002b6a7ad58 of type "Kernel"
 - leaked instance 0x2002ff06ae98 of type "Kernel"
 - leaked instance 0x2002ff5ec9d8 of type "Kernel"
 - leaked instance 0x1097c8800 of type "PooledSVM"
 - leaked instance 0x104a732c0 of type "PooledSVM"
 - leaked instance 0x10a27e170 of type "Event"
 - leaked instance 0x10afec610 of type "PooledSVM"
 - leaked instance 0x2002b72f9898 of type "Kernel"
 - leaked instance 0x2002b66a9c58 of type "Kernel"
 - leaked instance 0x10ae93690 of type "Event"
 - leaked instance 0x1096b5aa0 of type "PooledSVM"
 - leaked instance 0x10ad53d60 of type "PooledSVM"
 - leaked instance 0x10876ca40 of type "Event"
 - leaked instance 0x2002fe776a18 of type "Kernel"
 - leaked instance 0x1098b43c0 of type "PooledSVM"
 - leaked instance 0x10a86fd50 of type "PooledSVM"
 - leaked instance 0x1022805c0 of type "Event"
 - leaked instance 0x2002fcd2cbd8 of type "Kernel"
 - leaked instance 0x1099d48b0 of type "PooledSVM"
 - leaked instance 0x10a527600 of type "Event"
 - leaked instance 0x20002dd641d8 of type "Context"
 - leaked instance 0x106cc7ef0 of type "PooledSVM"
 - leaked instance 0x108849fe0 of type "Event"
 - leaked instance 0x1096b3350 of type "Event"
 - leaked instance 0x10876cc10 of type "Event"
 - leaked instance 0x10a4cde60 of type "Event"
 - leaked instance 0x10a778b50 of type "PooledSVM"
 - leaked instance 0x1087f7ca0 of type "Event"
 - leaked instance 0x104f74ad0 of type "PooledSVM"
 - leaked instance 0x10a4bb380 of type "PooledSVM"
 - leaked instance 0x1050a6de0 of type "Event"
 - leaked instance 0x2002b6b74918 of type "Kernel"
 - leaked instance 0x10a2b8940 of type "PooledSVM"
 - leaked instance 0x2002b6d3e5d8 of type "Kernel"
 - leaked instance 0x10a34de60 of type "Event"
 - leaked instance 0x10a55c070 of type "PooledSVM"
 - leaked instance 0x10ad7dbc0 of type "PooledSVM"
 - leaked instance 0x1087f7e80 of type "Event"
 - leaked instance 0x2002b7130e98 of type "Kernel"
 - leaked instance 0x2002b6d87218 of type "Kernel"
 - leaked instance 0x10b0b6560 of type "PooledSVM"
 - leaked instance 0x104331e10 of type "Event"
 - leaked instance 0x2002b7340058 of type "Kernel"
 - leaked instance 0x2002ff3d0f18 of type "Kernel"
 - leaked instance 0x10959edb0 of type "Event"
 - leaked instance 0x10a7b6240 of type "PooledSVM"
 - leaked instance 0x10a489b60 of type "Event"
 - leaked instance 0x2002b700c358 of type "Kernel"
 - leaked instance 0x2002b74db898 of type "Kernel"
 - leaked instance 0x102914be0 of type "PooledSVM"
 - leaked instance 0x10a4329a0 of type "Event"
 - leaked instance 0x2002b74d9198 of type "Kernel"
 - leaked instance 0x2002b7dc8158 of type "Kernel"
 - leaked instance 0x2002fd368098 of type "Kernel"
 - leaked instance 0x1046e08c0 of type "Event"
 - leaked instance 0x10b0fcf70 of type "PooledSVM"
 - leaked instance 0x106d543b0 of type "Event"
 - leaked instance 0x10ad78280 of type "Event"
 - leaked instance 0x2002b6d99858 of type "Kernel"
 - leaked instance 0x2002b69a4d58 of type "Kernel"
 - leaked instance 0x104add180 of type "Event"
 - leaked instance 0x2002b3e99b98 of type "Kernel"
 - leaked instance 0x10985fea0 of type "Event"
 - leaked instance 0x104fd7360 of type "Event"
 - leaked instance 0x2002b7d96d18 of type "Kernel"
 - leaked instance 0x1090c3020 of type "Event"
 - leaked instance 0x10a2bb050 of type "PooledSVM"
 - leaked instance 0x1037d1c80 of type "PooledSVM"
 - leaked instance 0x10ae93710 of type "Event"
 - leaked instance 0x10a4b56a0 of type "Event"
 - leaked instance 0x2002fede6458 of type "Kernel"
 - leaked instance 0x10a1ac2f0 of type "Event"
 - leaked instance 0x20002de345e8 of type "SVMAllocator"
 - leaked instance 0x2002ffabc658 of type "Kernel"
 - leaked instance 0x1090c7020 of type "PooledSVM"
 - leaked instance 0x2002febee2d8 of type "Kernel"
 - leaked instance 0x2002b6a0b7d8 of type "Kernel"
 - leaked instance 0x1096881f0 of type "PooledSVM"
 - leaked instance 0x2002b7de9898 of type "Kernel"
 - leaked instance 0x2002b6ac9498 of type "Kernel"
 - leaked instance 0x104abdea0 of type "PooledSVM"
 - leaked instance 0x2002ff59f418 of type "Kernel"
 - leaked instance 0x20000cb0e458 of type "Kernel"
 - leaked instance 0x10a516690 of type "Event"
 - leaked instance 0x106d41a70 of type "Event"
 - leaked instance 0x10a878070 of type "PooledSVM"
 - leaked instance 0x10a541a10 of type "Event"
 - leaked instance 0x2002b715dad8 of type "Kernel"
 - leaked instance 0x1010f7f30 of type "PooledSVM"
 - leaked instance 0x104f95a20 of type "PooledSVM"
 - leaked instance 0x109b004f0 of type "Event"
 - leaked instance 0x10ad794f0 of type "Event"
 - leaked instance 0x10a49dfb0 of type "PooledSVM"
 - leaked instance 0x10876c800 of type "PooledSVM"
 - leaked instance 0x2002b7ea8a58 of type "Kernel"
 - leaked instance 0x10a3f1870 of type "PooledSVM"
 - leaked instance 0x10435c7f0 of type "PooledSVM"
 - leaked instance 0x108731f60 of type "PooledSVM"
 - leaked instance 0x10a522840 of type "Event"
 - leaked instance 0x105077ae0 of type "Event"
 - leaked instance 0x1097eb700 of type "Event"
 - leaked instance 0x2002b6862818 of type "Kernel"
 - leaked instance 0x2002b6863c98 of type "Kernel"
 - leaked instance 0x10ae93510 of type "Event"
 - leaked instance 0x1088bd5a0 of type "PooledSVM"
 - leaked instance 0x10a33c4c0 of type "PooledSVM"
 - leaked instance 0x10b009ae0 of type "Event"
 - leaked instance 0x10a142650 of type "PooledSVM"
 - leaked instance 0x10a3e76f0 of type "Event"
 - leaked instance 0x2002fd7f6318 of type "Kernel"
 - leaked instance 0x109aaa530 of type "Event"
 - leaked instance 0x10a4220a0 of type "Event"
 - leaked instance 0x10a2749a0 of type "PooledSVM"
 - leaked instance 0x109b11470 of type "PooledSVM"
 - leaked instance 0x10a98dd50 of type "PooledSVM"
 - leaked instance 0x2002b5284f98 of type "Kernel"
 - leaked instance 0x2002b77b9e98 of type "Kernel"
 - leaked instance 0x10a1a4570 of type "Event"
 - leaked instance 0x104a99e30 of type "Event"
 - leaked instance 0x2002ffa4fb18 of type "Kernel"
 - leaked instance 0x1041fcc90 of type "PooledSVM"
 - leaked instance 0x10a1ba280 of type "Event"
 - leaked instance 0x104bb46c0 of type "Event"
 - leaked instance 0x2002b7ba7898 of type "Kernel"
 - leaked instance 0x1099d3e30 of type "Event"
 - leaked instance 0x1090fe760 of type "PooledSVM"
 - leaked instance 0x2002b7b52418 of type "Kernel"
 - leaked instance 0x109ab23d0 of type "PooledSVM"
 - leaked instance 0x2002fc691058 of type "Kernel"
 - leaked instance 0x2002ffeceb18 of type "Kernel"
 - leaked instance 0x10a0e5400 of type "Event"
 - leaked instance 0x2002b7ab4618 of type "Kernel"
 - leaked instance 0x2002fef69198 of type "Kernel"
 - leaked instance 0x108828060 of type "Event"
 - leaked instance 0x10a1ba320 of type "Event"
 - leaked instance 0x2002b745a398 of type "Kernel"
 - leaked instance 0x1096b6180 of type "Event"
 - leaked instance 0x2002b77f1898 of type "Kernel"
 - leaked instance 0x104ae00d0 of type "Event"
 - leaked instance 0x105075290 of type "PooledSVM"
 - leaked instance 0x10a52a520 of type "PooledSVM"
 - leaked instance 0x10a2b8680 of type "Event"
 - leaked instance 0x2002b7e0d758 of type "Kernel"
 - leaked instance 0x2002ff82b618 of type "Kernel"
 - leaked instance 0x10a1bf7d0 of type "PooledSVM"
 - leaked instance 0x10876cab0 of type "Event"
 - leaked instance 0x108748e10 of type "Event"
 - leaked instance 0x20002ddfcee8 of type "SVMPool"
 - leaked instance 0x109699170 of type "Event"
 - leaked instance 0x2002ff9981d8 of type "Kernel"
 - leaked instance 0x2002b7c0e418 of type "Kernel"
 - leaked instance 0x2002ffadf3d8 of type "Kernel"
 - leaked instance 0x1051321e0 of type "PooledSVM"
 - leaked instance 0x108739e20 of type "Event"
 - leaked instance 0x2002b7c7a198 of type "Kernel"
 - leaked instance 0x109b049b0 of type "Event"
 - leaked instance 0x10a115bc0 of type "PooledSVM"
 - leaked instance 0x10a2eb030 of type "PooledSVM"
 - leaked instance 0x1097477e0 of type "PooledSVM"
 - leaked instance 0x2002b73538d8 of type "Kernel"
 - leaked instance 0x1088a3bc0 of type "Event"
 - leaked instance 0x10ae932d0 of type "Event"
 - leaked instance 0x10ad79470 of type "Event"
 - leaked instance 0x2002b74b1598 of type "Kernel"
 - leaked instance 0x10a28f500 of type "Event"
 - leaked instance 0x2002b7909d58 of type "Kernel"
 - leaked instance 0x2002b733f858 of type "Kernel"
 - leaked instance 0x10a404ac0 of type "Event"
 - leaked instance 0x10a7762f0 of type "PooledSVM"
 - leaked instance 0x10985cb10 of type "Event"
 - leaked instance 0x1099c5170 of type "Event"
 - leaked instance 0x2002fd42bed8 of type "Kernel"
 - leaked instance 0x10a274b70 of type "PooledSVM"
 - leaked instance 0x10a81fd60 of type "Event"
 - leaked instance 0x1087988e0 of type "Event"
 - leaked instance 0x104ae20a0 of type "PooledSVM"
 - leaked instance 0x2002b69fadd8 of type "Kernel"
 - leaked instance 0x10b699a10 of type "PooledSVM"
 - leaked instance 0x108798830 of type "Event"
 - leaked instance 0x108910b50 of type "Event"
 - leaked instance 0x10a432b80 of type "PooledSVM"
 - leaked instance 0x10a26d630 of type "Event"
 - leaked instance 0x1095b89b0 of type "Event"
 - leaked instance 0x1099570f0 of type "PooledSVM"
 - leaked instance 0x2002b733f218 of type "Kernel"
 - leaked instance 0x1088c3a50 of type "Event"
 - leaked instance 0x106d4d400 of type "Event"
 - leaked instance 0x109889540 of type "PooledSVM"
 - leaked instance 0x2002ff8897d8 of type "Kernel"
 - leaked instance 0x2002fe5bd7d8 of type "Kernel"
 - leaked instance 0x2002b6f71cd8 of type "Kernel"
 - leaked instance 0x2002b65fd9d8 of type "Kernel"
 - leaked instance 0x109e76590 of type "Event"
 - leaked instance 0x1097f3260 of type "PooledSVM"
 - leaked instance 0x2002b710eb18 of type "Kernel"
 - leaked instance 0x10a26d4b0 of type "Event"
 - leaked instance 0x2002ff82b798 of type "Kernel"
 - leaked instance 0x1096b61c0 of type "Event"
 - leaked instance 0x10a27e970 of type "Event"
 - leaked instance 0x106ced090 of type "PooledSVM"
 - leaked instance 0x10a3cfa40 of type "Event"
 - leaked instance 0x10a3801a0 of type "Event"
 - leaked instance 0x2002b64747d8 of type "Kernel"
 - leaked instance 0x10886bf30 of type "PooledSVM"
 - leaked instance 0x2002b6c73e58 of type "Kernel"
 - leaked instance 0x2002b74c7818 of type "Kernel"
 - leaked instance 0x1040ea0c0 of type "PooledSVM"
 - leaked instance 0x1097bd360 of type "PooledSVM"
 - leaked instance 0x100e39b20 of type "Context"
 - leaked instance 0x1090ffa20 of type "PooledSVM"
 - leaked instance 0x2002b623ab18 of type "Kernel"
 - leaked instance 0x104ad7b60 of type "Event"
 - leaked instance 0x10a1ba4c0 of type "PooledSVM"
 - leaked instance 0x2002fc4b6d18 of type "Kernel"
 - leaked instance 0x1099b7800 of type "Event"
 - leaked instance 0x10432a0a0 of type "PooledSVM"
 - leaked instance 0x1040e79d0 of type "PooledSVM"
 - leaked instance 0x10a26f5f0 of type "Event"
 - leaked instance 0x1098efb10 of type "PooledSVM"
 - leaked instance 0x1099d08b0 of type "Event"
 - leaked instance 0x10509d570 of type "PooledSVM"
 - leaked instance 0x2002b7d37bd8 of type "Kernel"
 - leaked instance 0x2002ff98af98 of type "Kernel"
 - leaked instance 0x2002b63a19d8 of type "Kernel"
 - leaked instance 0x10a1bf190 of type "Event"
 - leaked instance 0x1090c6350 of type "PooledSVM"
 - leaked instance 0x10959c9e0 of type "PooledSVM"
 - leaked instance 0x10a3b3140 of type "PooledSVM"
 - leaked instance 0x1097f92d0 of type "Event"
 - leaked instance 0x2002fe5f0398 of type "Kernel"
 - leaked instance 0x10a1a9950 of type "PooledSVM"
 - leaked instance 0x1096b5e40 of type "Event"
 - leaked instance 0x2002b6d603d8 of type "Kernel"
 - leaked instance 0x106d344c0 of type "Event"
 - leaked instance 0x1087ff130 of type "Event"
 - leaked instance 0x1098f4910 of type "Event"
 - leaked instance 0x109aa2730 of type "PooledSVM"
 - leaked instance 0x10a8e9310 of type "Event"
 - leaked instance 0x2002b7878618 of type "Kernel"
 - leaked instance 0x2002b70fbd58 of type "Kernel"
 - leaked instance 0x1090c0ff0 of type "Event"
 - leaked instance 0x1099845f0 of type "PooledSVM"
 - leaked instance 0x108778a30 of type "Event"
 - leaked instance 0x10ad78100 of type "Event"
 - leaked instance 0x10997d8d0 of type "Event"
 - leaked instance 0x10a914b30 of type "Event"
 - leaked instance 0x10a3139c0 of type "PooledSVM"
 - leaked instance 0x1098f9610 of type "Event"
 - leaked instance 0x2002b7c0eb18 of type "Kernel"
 - leaked instance 0x2002b6f53118 of type "Kernel"
 - leaked instance 0x2002ff3d1798 of type "Kernel"
 - leaked instance 0x10b07bf50 of type "Event"
 - leaked instance 0x10997db10 of type "PooledSVM"
 - leaked instance 0x109a9fd30 of type "PooledSVM"
 - leaked instance 0x2002b6871c98 of type "Kernel"
 - leaked instance 0x10a2d4cd0 of type "PooledSVM"
 - leaked instance 0x2002b6dcccd8 of type "Kernel"
 - leaked instance 0x1098b0e80 of type "Event"
 - leaked instance 0x10a8b1a10 of type "PooledSVM"
 - leaked instance 0x10a480480 of type "Event"
 - leaked instance 0x2002b6968898 of type "Kernel"
 - leaked instance 0x2002fe047958 of type "Kernel"
 - leaked instance 0x10a09fb50 of type "Event"
 - leaked instance 0x102913290 of type "PooledSVM"
 - leaked instance 0x2002b64e5918 of type "Kernel"
 - leaked instance 0x2002b797f998 of type "Kernel"
 - leaked instance 0x2002fdafa598 of type "Kernel"
 - leaked instance 0x2002b62ebbd8 of type "Kernel"
 - leaked instance 0x1029127d0 of type "Event"
 - leaked instance 0x1098f2980 of type "Event"
 - leaked instance 0x10a42e250 of type "Event"
 - leaked instance 0x2002b6bc6b18 of type "Kernel"
 - leaked instance 0x106d4c730 of type "Event"
 - leaked instance 0x1042ba1d0 of type "Event"
 - leaked instance 0x2002b7b5a158 of type "Kernel"
 - leaked instance 0x10a2ead00 of type "Event"
 - leaked instance 0x1010d3e80 of type "PooledSVM"
 - leaked instance 0x10a7c8c20 of type "PooledSVM"
 - leaked instance 0x10ad56340 of type "PooledSVM"
 - leaked instance 0x10a5228b0 of type "Event"
 - leaked instance 0x105099910 of type "PooledSVM"
 - leaked instance 0x10997e850 of type "Event"
 - leaked instance 0x10a3980b0 of type "Event"
 - leaked instance 0x10a89ae00 of type "PooledSVM"
 - leaked instance 0x10873a7a0 of type "Event"
 - leaked instance 0x10ac2eb20 of type "PooledSVM"
 - leaked instance 0x10ad7b320 of type "Event"
 - leaked instance 0x10a2a0250 of type "Event"
 - leaked instance 0x2002fe607fd8 of type "Kernel"
 - leaked instance 0x10435c630 of type "Event"
 - leaked instance 0x10a7c5040 of type "PooledSVM"
 - leaked instance 0x1087f7de0 of type "Event"
 - leaked instance 0x2002b752c758 of type "Kernel"
 - leaked instance 0x2002b645d7d8 of type "Kernel"
 - leaked instance 0x2002fe117118 of type "Kernel"
 - leaked instance 0x2002b7079898 of type "Kernel"
 - leaked instance 0x10a01e550 of type "PooledSVM"
 - leaked instance 0x1097af030 of type "PooledSVM"
 - leaked instance 0x10a444d30 of type "PooledSVM"
 - leaked instance 0x10a4d9a90 of type "PooledSVM"
 - leaked instance 0x10a85e850 of type "PooledSVM"
 - leaked instance 0x104fa2a60 of type "PooledSVM"
 - leaked instance 0x1098e6730 of type "Event"
 - leaked instance 0x102a13560 of type "Device"
 - leaked instance 0x106cfdb40 of type "PooledSVM"
 - leaked instance 0x1087f8070 of type "PooledSVM"
 - leaked instance 0x109889740 of type "PooledSVM"
 - leaked instance 0x10a2e6ee0 of type "Event"
 - leaked instance 0x2002fc6a3dd8 of type "Kernel"
 - leaked instance 0x10a3ba680 of type "Event"
 - leaked instance 0x10886e700 of type "Event"
 - leaked instance 0x2002fede4b58 of type "Kernel"
 - leaked instance 0x10a1517a0 of type "PooledSVM"
 - leaked instance 0x2002b6e06cd8 of type "Kernel"
 - leaked instance 0x105077990 of type "Event"
 - leaked instance 0x10a324fd0 of type "Event"
 - leaked instance 0x10a522480 of type "Event"
 - leaked instance 0x10a55f4a0 of type "Event"
 - leaked instance 0x10ae932b0 of type "Event"
 - leaked instance 0x10b07e4f0 of type "Event"
 - leaked instance 0x1096b5720 of type "Event"
 - leaked instance 0x2002ff48b898 of type "Kernel"
 - leaked instance 0x10a405020 of type "Event"
 - leaked instance 0x10a3bb070 of type "PooledSVM"
 - leaked instance 0x2002ff210c18 of type "Kernel"
 - leaked instance 0x2002b7180958 of type "Kernel"
 - leaked instance 0x104bbcc80 of type "Event"
 - leaked instance 0x104acab20 of type "Event"
 - leaked instance 0x108896500 of type "Event"
 - leaked instance 0x2002ff3d01d8 of type "Kernel"
 - leaked instance 0x10a01d800 of type "PooledSVM"
 - leaked instance 0x1096bd2c0 of type "Event"
 - leaked instance 0x2002b721dd58 of type "Kernel"
 - leaked instance 0x2002b69dc4d8 of type "Kernel"
 - leaked instance 0x2002b6faa458 of type "Kernel"
 - leaked instance 0x104333570 of type "PooledSVM"
 - leaked instance 0x1099b8400 of type "PooledSVM"
 - leaked instance 0x10a1b7c90 of type "Event"
 - leaked instance 0x2002b7e07958 of type "Kernel"
 - leaked instance 0x10a3b5570 of type "PooledSVM"
 - leaked instance 0x1087ec350 of type "PooledSVM"
 - leaked instance 0x10b0c0ed0 of type "Event"
 - leaked instance 0x102a13580 of type "Platform"
 - leaked instance 0x10ae92d00 of type "PooledSVM"
 - leaked instance 0x2002fede70d8 of type "Kernel"
 - leaked instance 0x10a33ca40 of type "PooledSVM"
 - leaked instance 0x109ae4f90 of type "Event"
 - leaked instance 0x10a29fdb0 of type "PooledSVM"
 - leaked instance 0x10a349160 of type "Event"
 - leaked instance 0x109109820 of type "PooledSVM"
 - leaked instance 0x10877b9a0 of type "Event"
 - leaked instance 0x10a3adc00 of type "PooledSVM"
 - leaked instance 0x10a421cc0 of type "Event"
 - leaked instance 0x10ad77c70 of type "Event"
 - leaked instance 0x10ad78cf0 of type "Event"
 - leaked instance 0x1097f9100 of type "PooledSVM"
 - leaked instance 0x20000cec2758 of type "Kernel"
 - leaked instance 0x2002ff069918 of type "Kernel"
 - leaked instance 0x1090f5030 of type "Event"
 - leaked instance 0x2002b7bf6fd8 of type "Kernel"
 - leaked instance 0x10a26d5f0 of type "Event"
 - leaked instance 0x1099c4a90 of type "Event"
 - leaked instance 0x10998d090 of type "PooledSVM"
 - leaked instance 0x10a242a70 of type "Event"
 - leaked instance 0x2002fe0d6398 of type "Kernel"
 - leaked instance 0x10958fd70 of type "PooledSVM"
 - leaked instance 0x10886b2d0 of type "Event"
 - leaked instance 0x10881ac40 of type "Event"
 - leaked instance 0x1090c1e50 of type "Event"
 - leaked instance 0x2002b6290858 of type "Kernel"
 - leaked instance 0x10a3526f0 of type "Event"
 - leaked instance 0x109b0f190 of type "PooledSVM"
 - leaked instance 0x10a3b5210 of type "Event"
 - leaked instance 0x10a2d5240 of type "Event"
 - leaked instance 0x10ad79a70 of type "Event"
 - leaked instance 0x10a2ce6d0 of type "Event"
 - leaked instance 0x10a78dce0 of type "PooledSVM"
 - leaked instance 0x109bc6de0 of type "Event"
 - leaked instance 0x108747c40 of type "PooledSVM"
 - leaked instance 0x104abce00 of type "Event"
 - leaked instance 0x2002ff0f5b58 of type "Kernel"
 - leaked instance 0x106d375b0 of type "Event"
 - leaked instance 0x10af0b260 of type "Event"
 - leaked instance 0x10a19da70 of type "Event"
 - leaked instance 0x109984670 of type "Event"
 - leaked instance 0x2002b68ce698 of type "Kernel"
 - leaked instance 0x1099848d0 of type "Event"
 - leaked instance 0x1041e4840 of type "PooledSVM"
 - leaked instance 0x10881e660 of type "Event"
 - leaked instance 0x10a4f6080 of type "Event"
 - leaked instance 0x2002fe0d6a58 of type "Kernel"
 - leaked instance 0x108778ea0 of type "Event"
 - leaked instance 0x10a492160 of type "PooledSVM"
 - leaked instance 0x10873d000 of type "Event"
 - leaked instance 0x2002b7963a58 of type "Kernel"
 - leaked instance 0x10a037e80 of type "Event"
 - leaked instance 0x109aa80d0 of type "Event"
 - leaked instance 0x10a378cd0 of type "PooledSVM"
 - leaked instance 0x1097dc110 of type "Event"
 - leaked instance 0x2002b63671d8 of type "Kernel"
 - leaked instance 0x2002b77c3b18 of type "Kernel"
 - leaked instance 0x2002b79c1b98 of type "Kernel"
 - leaked instance 0x106cee730 of type "Event"
 - leaked instance 0x2002b714bc58 of type "Kernel"
 - leaked instance 0x10a1bcb30 of type "Event"
 - leaked instance 0x1097934c0 of type "PooledSVM"
 - leaked instance 0x2002b68e0b98 of type "Kernel"
 - leaked instance 0x10a902760 of type "PooledSVM"
 - leaked instance 0x109642c10 of type "Event"
 - leaked instance 0x2002ff6f7d18 of type "Kernel"
 - leaked instance 0x10a19d610 of type "Event"
 - leaked instance 0x1040e7160 of type "Event"
 - leaked instance 0x10a298150 of type "Event"
 - leaked instance 0x10a471be0 of type "PooledSVM"
 - leaked instance 0x2002b7be0818 of type "Kernel"
 - leaked instance 0x1098b2360 of type "PooledSVM"
 - leaked instance 0x108798940 of type "Event"
 - leaked instance 0x10110ae20 of type "Event"
 - leaked instance 0x10b0b80f0 of type "Event"
 - leaked instance 0x10b07e4a0 of type "PooledSVM"
 - leaked instance 0x2002fd0caf18 of type "Kernel"
 - leaked instance 0x2002ff9abbd8 of type "Kernel"
 - leaked instance 0x2002b7c78a58 of type "Kernel"
 - leaked instance 0x104acb860 of type "PooledSVM"
 - leaked instance 0x106d377a0 of type "PooledSVM"
 - leaked instance 0x10a20d250 of type "Event"
 - leaked instance 0x1087e5890 of type "Event"
 - leaked instance 0x2002b7ae0418 of type "Kernel"
 - leaked instance 0x2002b7c0fcd8 of type "Kernel"
 - leaked instance 0x10a291d90 of type "Event"
 - leaked instance 0x10ae93940 of type "PooledSVM"
 - leaked instance 0x2002fe28ddd8 of type "Kernel"
 - leaked instance 0x10877b740 of type "Event"
 - leaked instance 0x2002b708e858 of type "Kernel"
 - leaked instance 0x1099d39b0 of type "Event"
 - leaked instance 0x10a3a08b0 of type "PooledSVM"
 - leaked instance 0x10b0b5970 of type "PooledSVM"
 - leaked instance 0x10a7f1f30 of type "Event"
 - leaked instance 0x10a291b80 of type "Event"
 - leaked instance 0x10a7f1ee0 of type "PooledSVM"
 - leaked instance 0x2002b7117998 of type "Kernel"
 - leaked instance 0x10a522540 of type "Event"
 - leaked instance 0x10985c300 of type "Event"
 - leaked instance 0x108826590 of type "PooledSVM"
 - leaked instance 0x102280600 of type "Event"
 - leaked instance 0x105077f30 of type "PooledSVM"
 - leaked instance 0x2002b78eea98 of type "Kernel"
 - leaked instance 0x1096b3b90 of type "Event"
 - leaked instance 0x10889cfe0 of type "Event"
 - leaked instance 0x10a04f9d0 of type "PooledSVM"
 - leaked instance 0x10ad79c70 of type "Event"
 - leaked instance 0x109562bd0 of type "PooledSVM"
 - leaked instance 0x2002b7c6cf18 of type "Kernel"
 - leaked instance 0x2002b6b76d18 of type "Kernel"
 - leaked instance 0x10a2b8540 of type "Event"
 - leaked instance 0x1090f71a0 of type "PooledSVM"
 - leaked instance 0x106cc75c0 of type "Event"
 - leaked instance 0x1096543f0 of type "Event"
 - leaked instance 0x2002b7bb6b18 of type "Kernel"
 - leaked instance 0x109b28f80 of type "PooledSVM"
nanobind: leaked 16 types!
 - leaked type "pyopencl._cl.Device"
 - leaked type "pyopencl._cl.status_code"
 - leaked type "pyopencl._cl.SVMAllocator"
 - leaked type "pyopencl._cl.SVMPointer"
 - leaked type "pyopencl._cl.CommandQueue"
 - leaked type "pyopencl._cl.AllocatorBase"
 - leaked type "pyopencl._cl.Event"
 - leaked type "pyopencl._cl.Buffer"
 - leaked type "pyopencl._cl.Kernel"
 - leaked type "pyopencl._cl.SVMPool"
 - leaked type "pyopencl._cl.PooledSVM"
 - ... skipped remainder
nanobind: leaked 102 functions!
 - leaked function "__init__"
 - leaked function "__hash__"
 - leaked function ""
 - leaked function "get_devices"
 - leaked function "__call__"
 - leaked function "host_timer"
 - leaked function "release"
 - leaked function "__hash__"
 - leaked function "_set_trace"
 - leaked function "alloc_size"
 - leaked function "__hash__"
 - ... skipped remainder
nanobind: this is likely caused by a reference counting issue in the binding code.

------------------------------------------------------------
Sender: LSF System <lsfadmin@lassen710>
Subject: Job 5855696: <isolator_timing_job.sh> in cluster <lassen> Done

Job <isolator_timing_job.sh> was submitted from host <lassen708> by user <mtcampbe> in cluster <lassen> at Thu May  9 23:34:32 2024
Job was executed on host(s) <1*lassen710>, in queue <pbatch>, as user <mtcampbe> in cluster <lassen> at Thu May  9 23:34:39 2024
                            <40*lassen251>
</g/g17/mtcampbe> was used as the home directory.
</p/gpfs1/mtcampbe/CEESD/AutomatedTesting/MIRGE-Timing/timing/emirge/mirgecom/y2-isolator/timing_run> was used as the working directory.
Started at Thu May  9 23:34:39 2024
Terminated at Thu May  9 23:38:13 2024
Results reported at Thu May  9 23:38:13 2024

Your job looked like:

------------------------------------------------------------
# LSBATCH: User input
#!/bin/bash

#BSUB -nnodes 1
#BSUB -G uiuc
#BSUB -W 60
#BSUB -q pbatch

printf "Running with EMIRGE_HOME=/p/gpfs1/mtcampbe/CEESD/AutomatedTesting/MIRGE-Timing/timing/emirge\n"

source "/p/gpfs1/mtcampbe/CEESD/AutomatedTesting/MIRGE-Timing/timing/emirge/config/activate_env.sh"
export PYOPENCL_CTX="port:tesla"
export XDG_CACHE_HOME="/tmp/mtcampbe/xdg-scratch"
rm -rf $XDG_CACHE_HOME
rm -f timing-run-done
which python
conda env list
env
env | grep LSB_MCPU_HOSTS

jsrun -g 1 -a 1 -n 1 python -O -u -m mpi4py ./isolator.py -i timing_params.yaml --lazy --log
touch timing-run-done


------------------------------------------------------------

Successfully completed.

Resource usage summary:

    CPU time :                                   0.33 sec.
    Max Memory :                                 59 MB
    Average Memory :                             57.12 MB
    Total Requested Memory :                     -
    Delta Memory :                               -
    Max Swap :                                   1634 MB
    Max Processes :                              4
    Max Threads :                                27
    Run time :                                   214 sec.
    Turnaround time :                            221 sec.

The output (if any) is above this job summary.

