Customizing shell for Lassen.
Running with EMIRGE_HOME=/p/gpfs1/mtcampbe/CEESD/AutomatedTesting/MIRGE-Timing/timing/emirge
Activating 'nozzle.lazy.timing.env' environment for '/p/gpfs1/mtcampbe/CEESD/AutomatedTesting/MIRGE-Timing/timing/emirge/miniforge3/bin/conda'.
/p/gpfs1/mtcampbe/CEESD/AutomatedTesting/MIRGE-Timing/timing/emirge/miniforge3/envs/nozzle.lazy.timing.env/bin/python
# conda environments:
#
test.parsl               /g/g17/mtcampbe/.conda/envs/test.parsl
                         /p/gpfs1/mtcampbe/CEESD/AutomatedTesting/MIRGE-Timing/testing/temporary-test/alpha/miniforge3/envs/temp.test.alpha
base                     /p/gpfs1/mtcampbe/CEESD/AutomatedTesting/MIRGE-Timing/timing/emirge/miniforge3
nozzle.lazy.timing.env  *  /p/gpfs1/mtcampbe/CEESD/AutomatedTesting/MIRGE-Timing/timing/emirge/miniforge3/envs/nozzle.lazy.timing.env
                         /p/gpfs1/mtcampbe/CEESD/AutomatedTesting/MIRGE-Timing/timing/y3-prediction-nowall-scaling-run/emirge/miniforge3/envs/big.scale
                         /p/gpfs1/mtcampbe/CEESD/Experimental/m-to-n-prediction/emirge/miniforge3/envs/y3.m2n
                         /p/gpfs1/mtcampbe/CEESD/Experimental/performance-model/miniforge3/envs/x.perf.model
                         /p/gpfs1/mtcampbe/CEESD/Experimental/scalability/emirge/miniforge3/envs/big.scale2
                         /usr/WS1/xpacc/Users/mtcampbe/CEESD/Lassen/test_emirge/emirge/miniforge3/envs/test.emirge.fk
                         /usr/workspace/wsa/xpacc/Users/mtcampbe/CEESD/Quartz/Install/conda
                         /usr/workspace/wsa/xpacc/Users/mtcampbe/CEESD/Quartz/Install/conda/envs/abate.mtc_euler.env
                         /usr/workspace/wsa/xpacc/Users/mtcampbe/CEESD/Quartz/Install/conda/envs/ceesd.master
                         /usr/workspace/wsa/xpacc/Users/mtcampbe/CEESD/Quartz/Install/conda/envs/chem.master
                         /usr/workspace/wsa/xpacc/Users/mtcampbe/CEESD/Quartz/Install/conda/envs/dgfem
                         /usr/workspace/wsa/xpacc/Users/mtcampbe/CEESD/Quartz/Install/conda/envs/mc.master

LMOD_FAMILY_COMPILER_VERSION=8.3.1
LLNL_IPISOLATE=0
MANPATH=/usr/tce/packages/spectrum-mpi/ibm/spectrum-mpi-rolling-release/share/man:/usr/tce/packages/gcc/gcc-8.3.1/man:/opt/ibm/spectrumcomputing/lsf/10.1.0.10/man:/usr/man:/usr/share/man:/usr/local/man:/usr/X11R6/man:/usr/lib64/mvapich/default/man:/opt/ibm/spectrum_mpi/jsm_pmix/share/man
LSB_EXEC_CLUSTER=lassen
OMPI_COMM_WORLD_RANK=0
LMOD_FAMILY_CUDA=cuda
LMOD_ANCIENT_TIME=3600
GUESTFISH_INIT=\e[1;34m
_ModuleTable003_=LAp1c2VyTmFtZSA9ICJnY2MvOC4zLjEiLAp3ViA9ICIwMDAwMDAwMDguMDAwMDAwMDAzLjAwMDAwMDAwMS4qemZpbmFsIiwKfSwKbGFsbG9jID0gewpmbiA9ICIvdXNyL3RjZXRtcC9tb2R1bGVmaWxlcy9Db3JlL2xhbGxvYy8yLjAubHVhIiwKZnVsbE5hbWUgPSAibGFsbG9jLzIuMCIsCmxvYWRPcmRlciA9IDMsCnByb3BUID0ge30sCnN0YWNrRGVwdGggPSAwLApzdGF0dXMgPSAiYWN0aXZlIiwKdXNlck5hbWUgPSAibGFsbG9jLzIuMCIsCndWID0gIl4wMDAwMDAwMi4qemZpbmFsIiwKfSwKWyJzcGVjdHJ1bS1tcGkiXSA9IHsKZm4gPSAiL3Vzci90Y2UvbW9kdWxlZmlsZXMvQ29tcGlsZXIvZ2NjLzguMy4xL3NwZWN0cnVtLW1waS9yb2xsaW5nLXJlbGVhc2UubHVhIiwKZnVs
HOSTNAME=lassen80
PROJ_DATA=/p/gpfs1/mtcampbe/CEESD/AutomatedTesting/MIRGE-Timing/timing/emirge/miniforge3/envs/nozzle.lazy.timing.env/share/proj
LSB_EFFECTIVE_RSRCREQ=1*{select[(LN) && (type == any)] order[r15s:pg] span[hosts=1]}+40*{select[(CN) && (type == any)] order[r15s:pg] span[ptile=40]}
LSB_DOCKER_JOB_STARTTS=1710203322
BBHASH=96ec7200a7bffff4342c8f0c62feea88
JSM_TMPDIR=/var/tmp
MIRGE_TIMING_HOME=/p/gpfs1/mtcampbe/CEESD/AutomatedTesting/MIRGE-Timing/timing
LSF_LOGDIR=/opt/ibm/spectrumcomputing/lsf/log
LSF_LIM_API_NTRIES=1
LSB_BATCH_JID=5700955
__LMOD_REF_COUNT_MODULEPATH=/usr/tce/modulefiles/MPI/gcc/8.3.1/spectrum-mpi/rolling-release:1;/usr/tce/modulefiles/Compiler/gcc/8.3.1:1;/usr/tcetmp/modulefiles/Core:1;/usr/apps/modulefiles:1;/usr/share/modulefiles/Linux:1;/usr/share/modulefiles/Core:1;/usr/share/lmod/lmod/modulefiles/Core:1;/collab/usr/global/tools/modulefiles/blueos_3_ppc64le_ib_p9/Core:1
SHELL=/bin/bash
LMOD_ROOT=/usr/share/lmod
HISTSIZE=1000
WISECONFIGDIR=/usr/share/wise2/
LMOD_SYSTEM_DEFAULT_MODULES=StdEnv
TMPDIR=/var/tmp
MODULEPATH_ROOT=/usr/share/modulefiles
SSH_CLIENT=216.169.5.104 51138 22
LS_EXECCWD=/p/gpfs1/mtcampbe/CEESD/AutomatedTesting/MIRGE-Timing/timing/emirge/mirgecom/y2-isolator/timing_run
LSB_TRAPSIGS=trap # 15 10 12 2 1
CONDA_SHLVL=1
LMOD_FAMILY_CUDA_VERSION=10.1.243
LS_JOBPID=96243
CONDA_PROMPT_MODIFIER=
GSETTINGS_SCHEMA_DIR_CONDA_BACKUP=
LSB_MAX_NUM_PROCESSORS=41
LSB_JOBRES_CALLBACK=51341@lassen710
LMOD_PKG=/usr/share/lmod/lmod
LSB_JOB_EXECUSER=mtcampbe
LSB_JOBID=5700955
QTDIR=/usr/lib64/qt-3.3
LSF_SERVERDIR=/opt/ibm/spectrumcomputing/lsf/10.1.0.10/linux3.10-glibc2.17-ppc64le-csm/etc
LSB_JOBRES_PID=96243
LMOD_VERSION=8.6.16
LMOD_SHORT_TIME=60
QTINC=/usr/lib64/qt-3.3/include
LSB_JOBNAME=isolator_timing_job.sh
LLNL_COMPUTE_NODES=lassen80
SSH_TTY=/dev/pts/413
LLNL_ATSDISABLE=0
LC_ALL=C
BSUB_BLOCK_EXEC_HOST=
QT_GRAPHICSSYSTEM_CHECKED=1
LSF_LIBDIR=/opt/ibm/spectrumcomputing/lsf/10.1.0.10/linux3.10-glibc2.17-ppc64le-csm/lib
OPAL_PREFIX=/usr/tce/packages/spectrum-mpi/ibm/spectrum-mpi-rolling-release
LSB_PROJECT_NAME=default
CUDA_HOME=/usr/tce/packages/cuda/cuda-10.1.243
USER=mtcampbe
PYOPENCL_CTX=port:tesla
LMOD_sys=Linux
LD_LIBRARY_PATH=/opt/ibm/spectrumcomputing/lsf/10.1.0.10/linux3.10-glibc2.17-ppc64le-csm/lib:/usr/tce/packages/cuda/cuda-10.1.243/lib64
LS_COLORS=rs=0:di=38;5;27:ln=38;5;51:mh=44;38;5;15:pi=40;38;5;11:so=38;5;13:do=38;5;5:bd=48;5;232;38;5;11:cd=48;5;232;38;5;3:or=48;5;232;38;5;9:mi=05;48;5;232;38;5;15:su=48;5;196;38;5;15:sg=48;5;11;38;5;16:ca=48;5;196;38;5;226:tw=48;5;10;38;5;16:ow=48;5;10;38;5;21:st=48;5;21;38;5;15:ex=38;5;34:*.tar=38;5;9:*.tgz=38;5;9:*.arc=38;5;9:*.arj=38;5;9:*.taz=38;5;9:*.lha=38;5;9:*.lz4=38;5;9:*.lzh=38;5;9:*.lzma=38;5;9:*.tlz=38;5;9:*.txz=38;5;9:*.tzo=38;5;9:*.t7z=38;5;9:*.zip=38;5;9:*.z=38;5;9:*.Z=38;5;9:*.dz=38;5;9:*.gz=38;5;9:*.lrz=38;5;9:*.lz=38;5;9:*.lzo=38;5;9:*.xz=38;5;9:*.bz2=38;5;9:*.bz=38;5;9:*.tbz=38;5;9:*.tbz2=38;5;9:*.tz=38;5;9:*.deb=38;5;9:*.rpm=38;5;9:*.jar=38;5;9:*.war=38;5;9:*.ear=38;5;9:*.sar=38;5;9:*.rar=38;5;9:*.alz=38;5;9:*.ace=38;5;9:*.zoo=38;5;9:*.cpio=38;5;9:*.7z=38;5;9:*.rz=38;5;9:*.cab=38;5;9:*.jpg=38;5;13:*.jpeg=38;5;13:*.gif=38;5;13:*.bmp=38;5;13:*.pbm=38;5;13:*.pgm=38;5;13:*.ppm=38;5;13:*.tga=38;5;13:*.xbm=38;5;13:*.xpm=38;5;13:*.tif=38;5;13:*.tiff=38;5;13:*.png=38;5;13:*.svg=38;5;13:*.svgz=38;5;13:*.mng=38;5;13:*.pcx=38;5;13:*.mov=38;5;13:*.mpg=38;5;13:*.mpeg=38;5;13:*.m2v=38;5;13:*.mkv=38;5;13:*.webm=38;5;13:*.ogm=38;5;13:*.mp4=38;5;13:*.m4v=38;5;13:*.mp4v=38;5;13:*.vob=38;5;13:*.qt=38;5;13:*.nuv=38;5;13:*.wmv=38;5;13:*.asf=38;5;13:*.rm=38;5;13:*.rmvb=38;5;13:*.flc=38;5;13:*.avi=38;5;13:*.fli=38;5;13:*.flv=38;5;13:*.gl=38;5;13:*.dl=38;5;13:*.xcf=38;5;13:*.xwd=38;5;13:*.yuv=38;5;13:*.cgm=38;5;13:*.emf=38;5;13:*.axv=38;5;13:*.anx=38;5;13:*.ogv=38;5;13:*.ogx=38;5;13:*.aac=38;5;45:*.au=38;5;45:*.flac=38;5;45:*.mid=38;5;45:*.midi=38;5;45:*.mka=38;5;45:*.mp3=38;5;45:*.mpc=38;5;45:*.ogg=38;5;45:*.ra=38;5;45:*.wav=38;5;45:*.axa=38;5;45:*.oga=38;5;45:*.spx=38;5;45:*.xspf=38;5;45:
SBD_KRB5CCNAME_VAL=
NVHPC_CUDA_HOME=/usr/tce/packages/cuda/cuda-10.1.243
LSB_EEXEC_REAL_UID=
REQUESTS_CA_BUNDLE=/etc/pki/tls/cert.pem
CONDA_EXE=/p/gpfs1/mtcampbe/CEESD/AutomatedTesting/MIRGE-Timing/timing/emirge/miniforge3/bin/conda
CEESD=/usr/workspace/wsa/xpacc/Users/mtcampbe/CEESD/Lassen
PFTP_CONFIG_FILENAME=/etc/pftp_config
ENV=/g/g17/mtcampbe/.bashrc
HOST_GRP=linux
_ModuleTable004_=bE5hbWUgPSAic3BlY3RydW0tbXBpL3JvbGxpbmctcmVsZWFzZSIsCmxvYWRPcmRlciA9IDUsCnByb3BUID0ge30sCnN0YWNrRGVwdGggPSAwLApzdGF0dXMgPSAiYWN0aXZlIiwKdXNlck5hbWUgPSAic3BlY3RydW0tbXBpL3JvbGxpbmctcmVsZWFzZSIsCndWID0gIl5yb2xsaW5nLipyZWxlYXNlLip6ZmluYWwiLAp9LAp9LAptcGF0aEEgPSB7CiIvdXNyL3RjZS9tb2R1bGVmaWxlcy9NUEkvZ2NjLzguMy4xL3NwZWN0cnVtLW1waS9yb2xsaW5nLXJlbGVhc2UiCiwgIi91c3IvdGNlL21vZHVsZWZpbGVzL0NvbXBpbGVyL2djYy84LjMuMSIsICIvdXNyL3RjZXRtcC9tb2R1bGVmaWxlcy9Db3JlIgosICIvdXNyL2FwcHMvbW9kdWxlZmlsZXMiLCAiL3Vzci9zaGFyZS9tb2R1bGVm
HOSTTYPE=LINUXPPC64LE
LSF_INVOKE_CMD=bsub
CUDA_CACHE_DISABLE=1
LS_EXEC_T=START
LMOD_FAMILY_LALLOC=lalloc
LS_SUBCWD=/p/gpfs1/mtcampbe/CEESD/AutomatedTesting/MIRGE-Timing/timing/emirge/mirgecom/y2-isolator/timing_run
LSB_SUB_RES_REQ=1*{select[LN]span[hosts=1]} + 40*{select[CN]span[ptile=40]}
LSB_HOSTS=lassen710 lassen80 lassen80 lassen80 lassen80 lassen80 lassen80 lassen80 lassen80 lassen80 lassen80 lassen80 lassen80 lassen80 lassen80 lassen80 lassen80 lassen80 lassen80 lassen80 lassen80 lassen80 lassen80 lassen80 lassen80 lassen80 lassen80 lassen80 lassen80 lassen80 lassen80 lassen80 lassen80 lassen80 lassen80 lassen80 lassen80 lassen80 lassen80 lassen80 lassen80
LMOD_PREPEND_BLOCK=normal
LMOD_FAMILY_MPI_VERSION=rolling-release
GUESTFISH_PS1=\[\e[1;32m\]><fs>\[\e[0;31m\] 
_CE_CONDA=
LSB_UNIXGROUP_INT=mtcampbe
LSB_JOBFILENAME=/g/g17/mtcampbe/.lsbatch/1710203320.5700955
LSB_JOBINDEX=0
_ModuleTable001_=X01vZHVsZVRhYmxlXyA9IHsKTVR2ZXJzaW9uID0gMywKY19yZWJ1aWxkVGltZSA9IGZhbHNlLApjX3Nob3J0VGltZSA9IGZhbHNlLApkZXB0aFQgPSB7fSwKZmFtaWx5ID0gewpjb21waWxlciA9ICJnY2MiLApjdWRhID0gImN1ZGEiLApsYWxsb2MgPSAibGFsbG9jIiwKbXBpID0gInNwZWN0cnVtLW1waSIsCn0sCm1UID0gewpTdGRFbnYgPSB7CmZuID0gIi91c3IvdGNldG1wL21vZHVsZWZpbGVzL0NvcmUvU3RkRW52Lmx1YSIsCmZ1bGxOYW1lID0gIlN0ZEVudiIsCmxvYWRPcmRlciA9IDIsCnByb3BUID0gewpsbW9kID0gewpzdGlja3kgPSAxLAp9LAp9LApzdGFja0RlcHRoID0gMCwKc3RhdHVzID0gImFjdGl2ZSIsCnVzZXJOYW1lID0gIlN0ZEVudiIsCndWID0gIk0uKnpm
PATH=/usr/tce/packages/spectrum-mpi/spectrum-mpi-rolling-release-gcc-8.3.1/bin:/usr/tce/packages/gcc/gcc-8.3.1/bin:/usr/tce/packages/lalloc/lalloc-2.0/bin:/p/gpfs1/mtcampbe/CEESD/AutomatedTesting/MIRGE-Timing/timing/emirge/miniforge3/envs/nozzle.lazy.timing.env/bin:/p/gpfs1/mtcampbe/CEESD/AutomatedTesting/MIRGE-Timing/timing/emirge/miniforge3/bin:/usr/tce/packages/cuda/cuda-10.1.243/bin:/usr/tcetmp/bin:/usr/lib64/qt-3.3/bin:/usr/condabin:/usr/local/bin:/usr/bin:/usr/local/sbin:/usr/sbin:/opt/ibm/spectrum_mpi/jsm_pmix/bin:/opt/ibm/bb/bin:/opt/ibm/flightlog/bin:/opt/ibutils/bin:/g/g17/mtcampbe/tools/bin:/opt/ibm/spectrumcomputing/lsf/10.1.0.10/linux3.10-glibc2.17-ppc64le-csm/etc:/opt/ibm/spectrumcomputing/lsf/10.1.0.10/linux3.10-glibc2.17-ppc64le-csm/bin:/g/g17/mtcampbe/tools/bin
MAIL=/var/spool/mail/mtcampbe
PROJ_NETWORK=ON
GSETTINGS_SCHEMA_DIR=/p/gpfs1/mtcampbe/CEESD/AutomatedTesting/MIRGE-Timing/timing/emirge/miniforge3/envs/nozzle.lazy.timing.env/share/glib-2.0/schemas
LCSCHEDCLUSTER=lassen
XML_CATALOG_FILES=file:///p/gpfs1/mtcampbe/CEESD/AutomatedTesting/MIRGE-Timing/timing/emirge/miniforge3/envs/nozzle.lazy.timing.env/etc/xml/catalog file:///etc/xml/catalog
LSB_EXIT_PRE_ABORT=99
LSB_JOBEXIT_STAT=0
LMOD_SETTARG_CMD=:
LMOD_FAMILY_LALLOC_VERSION=2.0
CONDA_PREFIX=/p/gpfs1/mtcampbe/CEESD/AutomatedTesting/MIRGE-Timing/timing/emirge/miniforge3/envs/nozzle.lazy.timing.env
INPUTRC=/etc/inputrc
PWD=/p/gpfs1/mtcampbe/CEESD/AutomatedTesting/MIRGE-Timing/timing/emirge/mirgecom/y2-isolator/timing_run
_LMFILES_=/usr/tcetmp/modulefiles/Core/cuda/10.1.243.lua:/usr/tcetmp/modulefiles/Core/StdEnv.lua:/usr/tcetmp/modulefiles/Core/lalloc/2.0.lua:/usr/tcetmp/modulefiles/Core/gcc/8.3.1.lua:/usr/tce/modulefiles/Compiler/gcc/8.3.1/spectrum-mpi/rolling-release.lua
EDITOR=/bin/vi
LANG=en_US.UTF-8
LSB_CHKFILENAME=/g/g17/mtcampbe/.lsbatch/1710203320.5700955
MODULEPATH=/usr/tce/modulefiles/MPI/gcc/8.3.1/spectrum-mpi/rolling-release:/usr/tce/modulefiles/Compiler/gcc/8.3.1:/usr/tcetmp/modulefiles/Core:/usr/apps/modulefiles:/usr/share/modulefiles/Linux:/usr/share/modulefiles/Core:/usr/share/lmod/lmod/modulefiles/Core:/collab/usr/global/tools/modulefiles/blueos_3_ppc64le_ib_p9/Core
LSB_DJOB_HOSTFILE=/g/g17/mtcampbe/.lsbatch/1710203320.5700955.hostfile
LOADEDMODULES=cuda/10.1.243:StdEnv:lalloc/2.0:gcc/8.3.1:spectrum-mpi/rolling-release
KDEDIRS=/usr
GUESTFISH_OUTPUT=\e[0m
_ModuleTable_Sz_=5
LSB_JOB_STARTER=/usr/tcetmp/bin/bsub_job_starter %USRCMD
EMIRGE_HOME=/p/gpfs1/mtcampbe/CEESD/AutomatedTesting/MIRGE-Timing/timing/emirge
LSF_JOB_TIMESTAMP_VALUE=1710203322
LMOD_CMD=/usr/share/lmod/lmod/libexec/lmod
_ModuleTable005_=aWxlcy9MaW51eCIKLCAiL3Vzci9zaGFyZS9tb2R1bGVmaWxlcy9Db3JlIiwgIi91c3Ivc2hhcmUvbG1vZC9sbW9kL21vZHVsZWZpbGVzL0NvcmUiLCAiL2NvbGxhYi91c3IvZ2xvYmFsL3Rvb2xzL21vZHVsZWZpbGVzL2JsdWVvc18zX3BwYzY0bGVfaWJfcDkvQ29yZSIsCn0sCnN5c3RlbUJhc2VNUEFUSCA9ICIvdXNyL3RjZXRtcC9tb2R1bGVmaWxlcy9Db3JlOi91c3IvYXBwcy9tb2R1bGVmaWxlczovdXNyL3NoYXJlL21vZHVsZWZpbGVzL0xpbnV4Oi91c3Ivc2hhcmUvbW9kdWxlZmlsZXMvQ29yZTovdXNyL3NoYXJlL2xtb2QvbG1vZC9tb2R1bGVmaWxlcy9Db3JlIiwKfQo=
BBPATH=/mnt/bb_96ec7200a7bffff4342c8f0c62feea88
LSB_EXEC_HOSTTYPE=UNKNOWN_AUTO_DETECT
LSB_DJOB_NUMPROC=41
LSF_BINDIR=/opt/ibm/spectrumcomputing/lsf/10.1.0.10/linux3.10-glibc2.17-ppc64le-csm/bin
LLNL_NUM_COMPUTE_NODES=1
KRB5CCNAME=FILE:/tmp/krb5cc_7527_FPUmbJ
HISTCONTROL=ignoredups
ENVIRONMENT=BATCH
_CE_M=
SSH_ASKPASS=/usr/libexec/openssh/gnome-ssh-askpass
CXX=mpicxx
HOME=/g/g17/mtcampbe
SHLVL=6
__LMOD_REF_COUNT_PATH=/usr/tce/packages/spectrum-mpi/spectrum-mpi-rolling-release-gcc-8.3.1/bin:1;/usr/tce/packages/gcc/gcc-8.3.1/bin:1;/usr/tce/packages/lalloc/lalloc-2.0/bin:1;/p/gpfs1/mtcampbe/CEESD/AutomatedTesting/MIRGE-Timing/timing/emirge/miniforge3/envs/nozzle.lazy.timing.env/bin:1;/p/gpfs1/mtcampbe/CEESD/AutomatedTesting/MIRGE-Timing/timing/emirge/miniforge3/bin:1;/usr/tce/packages/cuda/cuda-10.1.243/bin:1;/usr/tcetmp/bin:1;/usr/lib64/qt-3.3/bin:1;/usr/condabin:1;/usr/local/bin:1;/usr/bin:1;/usr/local/sbin:1;/usr/sbin:1;/opt/ibm/spectrum_mpi/jsm_pmix/bin:1;/opt/ibm/bb/bin:1;/opt/ibm/flightlog/bin:1;/opt/ibutils/bin:1;/g/g17/mtcampbe/tools/bin:2;/opt/ibm/spectrumcomputing/lsf/10.1.0.10/linux3.10-glibc2.17-ppc64le-csm/etc:1;/opt/ibm/spectrumcomputing/lsf/10.1.0.10/linux3.10-glibc2.17-ppc64le-csm/bin:1
JOB_TERMINATE_INTERVAL=10
LSB_ACCT_FILE=/tmp/5700955.tmpdir/.1710203320.5700955.acct
_ModuleTable002_=aW5hbCIsCn0sCmN1ZGEgPSB7CmZuID0gIi91c3IvdGNldG1wL21vZHVsZWZpbGVzL0NvcmUvY3VkYS8xMC4xLjI0My5sdWEiLApmdWxsTmFtZSA9ICJjdWRhLzEwLjEuMjQzIiwKbG9hZE9yZGVyID0gMSwKcHJvcFQgPSB7fSwKc3RhY2tEZXB0aCA9IDEsCnN0YXR1cyA9ICJhY3RpdmUiLAp1c2VyTmFtZSA9ICJjdWRhLzEwLjEuMjQzIiwKd1YgPSAiXjAwMDAwMDEwLjAwMDAwMDAwMS4wMDAwMDAyNDMuKnpmaW5hbCIsCn0sCmdjYyA9IHsKZm4gPSAiL3Vzci90Y2V0bXAvbW9kdWxlZmlsZXMvQ29yZS9nY2MvOC4zLjEubHVhIiwKZnVsbE5hbWUgPSAiZ2NjLzguMy4xIiwKbG9hZE9yZGVyID0gNCwKcHJvcFQgPSB7fSwKc3RhY2tEZXB0aCA9IDAsCnN0YXR1cyA9ICJhY3RpdmUi
CSM_ALLOCATION_ID=6297092
BINARY_TYPE_HPC=
LLNL_CORE_ISOLATION=2
FC=mpif90
LSB_SUB_HOST=lassen709
XDG_CACHE_HOME=/tmp/mtcampbe/xdg-scratch
__LSF_JOB_TMPDIR__=/tmp/5700955.tmpdir
LSFUSER=mtcampbe
LSB_SUB_USER=mtcampbe
LSB_MCPU_HOSTS=lassen710 1 lassen80 40 
LMOD_arch=ppc64le
MPI_ROOT=/usr/tce/packages/spectrum-mpi/ibm/spectrum-mpi-rolling-release
LSB_QUEUE=pbatch
LSB_OUTPUTFILE=/p/gpfs1/mtcampbe/CEESD/AutomatedTesting/MIRGE-Timing/timing/emirge/mirgecom/y2-isolator/timing_run/
LSB_OUTDIR=/p/gpfs1/mtcampbe/CEESD/AutomatedTesting/MIRGE-Timing/timing/emirge/mirgecom/y2-isolator/timing_run
CONDA_PYTHON_EXE=/p/gpfs1/mtcampbe/CEESD/AutomatedTesting/MIRGE-Timing/timing/emirge/miniforge3/bin/python
LOGNAME=mtcampbe
TMP=/var/tmp
QTLIB=/usr/lib64/qt-3.3/lib
CVS_RSH=ssh
XLSF_UIDDIR=/opt/ibm/spectrumcomputing/lsf/10.1.0.10/linux3.10-glibc2.17-ppc64le-csm/lib/uid
XDG_DATA_DIRS=/g/g17/mtcampbe/.local/share/flatpak/exports/share:/var/lib/flatpak/exports/share:/usr/local/share:/usr/share
SSH_CONNECTION=216.169.5.104 51138 134.9.39.39 22
SYS_TYPE=blueos_3_ppc64le_ib_p9
MODULESHOME=/usr/share/lmod/lmod
LMOD_SETTARG_FULL_SUPPORT=no
LESSOPEN=||/usr/bin/lesspipe.sh %s
__LMOD_REF_COUNT_LD_LIBRARY_PATH=/usr/tce/packages/cuda/cuda-10.1.243/lib64:1;/opt/ibm/spectrumcomputing/lsf/10.1.0.10/linux3.10-glibc2.17-ppc64le-csm/lib:1
PKG_CONFIG_PATH=/usr/tce/packages/cuda/cuda-10.1.243/lib64/pkgconfig
OMP_NUM_THREADS=1
LSF_CGROUP_TOPDIR_KEY=lassen
CONDA_DEFAULT_ENV=nozzle.lazy.timing.env
LMOD_FULL_SETTARG_SUPPORT=no
LMOD_FAMILY_COMPILER=gcc
LSB_XFER_OP=
LSB_EEXEC_REAL_GID=
__LMOD_REF_COUNT_PKG_CONFIG_PATH=/usr/tce/packages/cuda/cuda-10.1.243/lib64/pkgconfig:1
CC=mpicc
QT_PLUGIN_PATH=/usr/lib64/kde4/plugins:/usr/lib/kde4/plugins
LMOD_DIR=/usr/share/lmod/lmod/libexec
LEXEC_UNPICKLE_QUIET=1
__LMOD_REF_COUNT_MANPATH=/usr/tce/packages/spectrum-mpi/ibm/spectrum-mpi-rolling-release/share/man:1;/usr/tce/packages/gcc/gcc-8.3.1/man:1;/opt/ibm/spectrumcomputing/lsf/10.1.0.10/man:1;/usr/man:1;/usr/share/man:1;/usr/local/man:1;/usr/X11R6/man:1;/usr/lib64/mvapich/default/man:1;/opt/ibm/spectrum_mpi/jsm_pmix/share/man:1
LSF_ENVDIR=/opt/ibm/spectrumcomputing/lsf/conf
GUESTFISH_RESTORE=\e[0m
LSB_DJOB_RANKFILE=/g/g17/mtcampbe/.lsbatch/1710203320.5700955.hostfile
LMOD_FAMILY_MPI=spectrum-mpi
LMOD_COLORIZE=yes
HISTFILE=/g/g17/mtcampbe/.bash_history
BASH_FUNC_module()=() {  local __lmod_my_status;
 local __lmod_sh_dbg;
 if [ -z "${LMOD_SH_DBG_ON+x}" ]; then
 case "$-" in 
 *v*x*)
 __lmod_sh_dbg='vx'
 ;;
 *v*)
 __lmod_sh_dbg='v'
 ;;
 *x*)
 __lmod_sh_dbg='x'
 ;;
 esac;
 fi;
 if [ -n "${__lmod_sh_dbg:-}" ]; then
 set +$__lmod_sh_dbg;
 echo "Shell debugging temporarily silenced: export LMOD_SH_DBG_ON=1 for Lmod's output" 1>&2;
 fi;
 eval "$($LMOD_CMD bash "$@")" && eval $(${LMOD_SETTARG_CMD:-:} -s sh);
 __lmod_my_status=$?;
 if [ -n "${__lmod_sh_dbg:-}" ]; then
 echo "Shell debugging restarted" 1>&2;
 set -$__lmod_sh_dbg;
 fi;
 return $__lmod_my_status
}
BASH_FUNC_ml()=() {  eval "$($LMOD_DIR/ml_cmd "$@")"
}
_=/usr/bin/env
LSB_MCPU_HOSTS=lassen710 1 lassen80 40 
Default casename isolator
2024-03-11 17:29:00,438 - INFO - grudge.array_context - get_reasonable_array_context_class: MPIFusionContractorArrayContext lazy=True distributed=True device-parallel=True
Using user input from file: timing_params.yaml
Running ./isolator.py

2024-03-11 17:29:01,056 - INFO - mirgecom.mpi - Using mpi4py version 4.0.0.dev0 with pkl5 scatter support.
2024-03-11 17:29:01,380 - INFO - mirgecom.mpi - Rank 0 disk cache config: loopy: True (/tmp/mtcampbe/xdg-scratch); pyopencl: True (/tmp/mtcampbe/xdg-scratch); pocl: True (default dir); cuda: False ;

2024-03-11 17:29:26,420 - INFO - mirgecom.simutil - Using SVM-based memory pool on <pyopencl.Device 'Tesla V100-SXM2-16GB' on 'Portable Computing Language' at 0x1027d7610>.
Shock capturing parameters: alpha 0.5, s0 -4.0, kappa 0.5

#### Simluation control data: ####
	nviz = 100
	nrestart = 100
	nhealth = 100
	nstatus = 100
	current_dt = 1e-08
	t_final = 2e-07
	order = 1
	dimen = 2
	Time integration rk4
#### Simluation control data: ####


#### Simluation material properties: ####
	mu = 4.216360056e-05
	kappa = 0.05621788139856423
	Prandtl Number  = 0.75
#### Simluation initialization data: ####
	inlet Mach number 0.038727226466056475
	inlet temperature 2075.8073416311686
	inlet pressure 274212.0081934861
	inlet rho 0.4623484671063763
	inlet velocity 35.28896626974282
	outlet Mach number 3.661995139955526
	outlet temperature 563.9344091915701
	outlet pressure 2865.7077436508835
	outlet rho 0.01778579568979098
	outlet velocity 1739.2462693097807
#### Simluation initialization data: ####

Reading mesh from data/isolator.msh
./isolator.py:1087: DeprecationWarning: generate_and_distribute_mesh is deprecated and will go away Q4 2022. Use distribute_mesh instead.
  local_mesh, global_nelements = generate_and_distribute_mesh(
Reading gmsh mesh from disk file...
Done. Populating meshmode data structures...
Done.
Read GMSH: 0.06157803535461426
MeshData: 0.14291644096374512
Making discretization
./isolator.py:1094: DeprecationWarning: mpi_communicator argument is deprecated and will disappear in Q4 2022.
  dcoll = create_discretization_collection(
Done making discretization
/p/gpfs1/mtcampbe/CEESD/AutomatedTesting/MIRGE-Timing/timing/emirge/arraycontext/arraycontext/impl/pytato/__init__.py:413: UserWarning: Running on an Nvidia GPU, reducing the argument size limit from 4352 to 3896.
  warn("Running on an Nvidia GPU, reducing the argument "
2024-03-11 17:29:35,066 - INFO - arraycontext.impl.pytato - limiting argument buffer size for <pyopencl.Device 'Tesla V100-SXM2-16GB' on 'Portable Computing Language' at 0x1027d7610> to 3896 bytes
2024-03-11 17:29:35,121 - INFO - meshmode.array_context - Transforming kernel 'frozen_nodes0_2d' with 1 statements.
2024-03-11 17:29:35,161 - INFO - meshmode.array_context - Array Contraction: Contracting 0 temps
2024-03-11 17:29:35,163 - INFO - meshmode.array_context - [_alias_global_temporaries]: Reduced memory requirement of 'frozen_nodes0_2d' from 0.0MB to 0.0MB.
2024-03-11 17:29:42,713 - INFO - loopy.tools - preprocess_program on 'frozen_nodes0_2d': completed (7.54s wall 0.05x CPU)
2024-03-11 17:29:43,877 - INFO - pyopencl - build program: kernel 'frozen_nodes0_2d' was part of a lengthy source build resulting from a binary cache miss (1.00 s)
2024-03-11 17:29:43,951 - INFO - meshmode.array_context - Transforming kernel 'frozen_nodes1_2d' with 1 statements.
2024-03-11 17:29:43,976 - INFO - meshmode.array_context - Array Contraction: Contracting 0 temps
2024-03-11 17:29:43,978 - INFO - meshmode.array_context - [_alias_global_temporaries]: Reduced memory requirement of 'frozen_nodes1_2d' from 0.0MB to 0.0MB.
2024-03-11 17:29:44,438 - INFO - pyopencl - build program: kernel 'frozen_nodes1_2d' was part of a lengthy source build resulting from a binary cache miss (0.37 s)
Before restart/init
Initializing soln.
Initialization for Case(isolator)
===
Num 2d order-1 elements: 2504
Num global elements: 2504
Timestep:        1e-08
Initial time:    0
Final time:      2e-07
CFL:             1.0
Constant CFL:    False
Initialization:  isolator
EOS:             IdealSingleGas

2024-03-11 17:29:46,180 - INFO - meshmode.array_context - transform_dag.infer_axes_tags: completed (0.62s wall 1.00x CPU)
2024-03-11 17:29:46,386 - INFO - arraycontext.impl.pytato - limiting argument buffer size for <pyopencl.Device 'Tesla V100-SXM2-16GB' on 'Portable Computing Language' at 0x1027d7610> to 3896 bytes
2024-03-11 17:29:47,186 - INFO - meshmode.array_context - Transforming kernel 'frozen_result' with 14 statements.
2024-03-11 17:29:48,913 - INFO - loopy.tools - fuse_same_discretization_entity_loops on 'frozen_result': completed (1.58s wall 1.00x CPU)
2024-03-11 17:29:49,093 - INFO - meshmode.array_context - Loop Fusion: completed (1.91s wall 1.00x CPU)
2024-03-11 17:29:49,543 - INFO - meshmode.array_context - Array Contraction: Contracting 10 temps
2024-03-11 17:29:51,505 - INFO - loopy.tools - contract_arrays on 'frozen_result': completed (1.96s wall 1.00x CPU)
2024-03-11 17:29:51,705 - INFO - meshmode.array_context - Array Contraction: completed (2.31s wall 1.00x CPU)
2024-03-11 17:29:51,708 - INFO - meshmode.array_context - [_alias_global_temporaries]: Reduced memory requirement of 'frozen_result' from 0.5MB to 0.4MB.
2024-03-11 17:29:54,115 - INFO - loopy.tools - preprocess_program on 'frozen_result': completed (1.59s wall 1.00x CPU)
2024-03-11 17:29:58,160 - INFO - loopy.codegen - frozen_result: generate code: completed (2.01s wall 1.00x CPU)
2024-03-11 17:30:03,893 - INFO - pyopencl - build program: kernel 'frozen_result' was part of a lengthy source build resulting from a binary cache miss (4.91 s)
2024-03-11 17:30:04,275 - INFO - pytato.distributed.verify - find_partition: Split 22 nodes into 1 parts, with [22] nodes in each partition.
2024-03-11 17:30:04,329 - INFO - meshmode.array_context - Transforming kernel 'get_fluid_state' with 15 statements.
2024-03-11 17:30:04,478 - INFO - meshmode.array_context - Array Contraction: Contracting 1 temps
2024-03-11 17:30:04,503 - INFO - meshmode.array_context - [_alias_global_temporaries]: Reduced memory requirement of 'get_fluid_state' from 0.1MB to 0.1MB.
2024-03-11 17:30:05,367 - INFO - pyopencl - build program: kernel 'get_fluid_state' was part of a lengthy source build resulting from a binary cache miss (0.39 s)
./isolator.py:1349: DeprecationWarning: simutil.force_evaluation is deprecated and will disappear in Q3 2023. Use utils.force_evaluation instead.
  fluid_state = force_evaluation(actx, create_fluid_state(cv=state))
2024-03-11 17:30:05,526 - INFO - arraycontext.impl.pytato - limiting argument buffer size for <pyopencl.Device 'Tesla V100-SXM2-16GB' on 'Portable Computing Language' at 0x1027d7610> to 3896 bytes
2024-03-11 17:30:05,602 - INFO - meshmode.array_context - Transforming kernel 'frozen_area_el_vol' with 10 statements.
2024-03-11 17:30:05,807 - INFO - meshmode.array_context - Array Contraction: Contracting 1 temps
2024-03-11 17:30:05,840 - INFO - meshmode.array_context - [_alias_global_temporaries]: Reduced memory requirement of 'frozen_area_el_vol' from 0.3MB to 0.2MB.
2024-03-11 17:30:06,883 - INFO - pyopencl - build program: kernel 'frozen_area_el_vol' was part of a lengthy source build resulting from a binary cache miss (0.42 s)
2024-03-11 17:30:06,939 - INFO - meshmode.discretization.connection.face - building face restriction: start
2024-03-11 17:30:06,949 - INFO - meshmode.discretization.connection.face - building face restriction: done
2024-03-11 17:30:07,047 - INFO - meshmode.array_context - Transforming kernel 'frozen_area_el_b_face_restr_all' with 7 statements.
2024-03-11 17:30:07,175 - INFO - meshmode.array_context - Array Contraction: Contracting 2 temps
2024-03-11 17:30:07,208 - INFO - meshmode.array_context - [_alias_global_temporaries]: Reduced memory requirement of 'frozen_area_el_b_face_restr_all' from 0.5MB to 0.3MB.
2024-03-11 17:30:07,990 - INFO - pyopencl - build program: kernel 'frozen_area_el_b_face_restr_all' was part of a lengthy source build resulting from a binary cache miss (0.40 s)
2024-03-11 17:30:08,075 - INFO - meshmode.array_context - Transforming kernel 'frozen_dt_geometric_vol' with 7 statements.
2024-03-11 17:30:08,256 - INFO - meshmode.array_context - Array Contraction: Contracting 0 temps
2024-03-11 17:30:08,267 - INFO - meshmode.array_context - [_alias_global_temporaries]: Reduced memory requirement of 'frozen_dt_geometric_vol' from 0.3MB to 0.2MB.
2024-03-11 17:30:09,145 - INFO - pyopencl - build program: kernel 'frozen_dt_geometric_vol' was part of a lengthy source build resulting from a binary cache miss (0.42 s)
2024-03-11 17:30:09,193 - INFO - meshmode.array_context - Transforming kernel 'frozen_char_lscales' with 1 statements.
2024-03-11 17:30:09,208 - INFO - meshmode.array_context - Array Contraction: Contracting 0 temps
2024-03-11 17:30:09,210 - INFO - meshmode.array_context - [_alias_global_temporaries]: Reduced memory requirement of 'frozen_char_lscales' from 0.0MB to 0.0MB.
2024-03-11 17:30:09,635 - INFO - pyopencl - build program: kernel 'frozen_char_lscales' was part of a lengthy source build resulting from a binary cache miss (0.37 s)
2024-03-11 17:30:09,682 - INFO - meshmode.array_context - Transforming kernel 'frozen_result' with 4 statements.
2024-03-11 17:30:09,733 - INFO - meshmode.array_context - Array Contraction: Contracting 3 temps
2024-03-11 17:30:09,768 - INFO - meshmode.array_context - [_alias_global_temporaries]: Reduced memory requirement of 'frozen_result' from 0.2MB to 0.2MB.
2024-03-11 17:30:10,298 - INFO - pyopencl - build program: kernel 'frozen_result' was part of a lengthy source build resulting from a binary cache miss (0.39 s)
2024-03-11 17:30:10,867 - INFO - pyopencl - build program: kernel 'reduce_kernel_stage1' was part of a lengthy source build resulting from a binary cache miss (0.51 s)
2024-03-11 17:30:11,349 - INFO - pyopencl - build program: kernel 'reduce_kernel_stage2' was part of a lengthy source build resulting from a binary cache miss (0.47 s)
2024-03-11 17:30:11,361 - INFO - meshmode.array_context - Transforming kernel 'frozen_result' with 1 statements.
2024-03-11 17:30:11,367 - INFO - meshmode.array_context - Array Contraction: Contracting 0 temps
_get_iel_to_idofs: str(insn)='_ary_store: _ary <- NaN if isnan(_actx_dw) or isnan(_actx_dw_0) else (_actx_dw if _actx_dw > _actx_dw_0 else _actx_dw_0) {tags=EinsumTag(orig_loop_nest=frozenset())}'
/p/gpfs1/mtcampbe/CEESD/AutomatedTesting/MIRGE-Timing/timing/emirge/meshmode/meshmode/array_context.py:1790: UserWarning: [frozen_result]: FusionContractorArrayContext.transform_loopy_program not broad enough (yet). Falling back to a possibly slower transformation strategy.
  warn(f"[{knl.name}]: FusionContractorArrayContext."
2024-03-11 17:30:11,770 - INFO - pyopencl - build program: kernel 'frozen_result' was part of a lengthy source build resulting from a binary cache miss (0.37 s)
2024-03-11 17:30:12,241 - INFO - pyopencl - build program: kernel 'reduce_kernel_stage1' was part of a lengthy source build resulting from a binary cache miss (0.46 s)
2024-03-11 17:30:12,707 - INFO - pyopencl - build program: kernel 'reduce_kernel_stage2' was part of a lengthy source build resulting from a binary cache miss (0.46 s)
2024-03-11 17:30:12,713 - INFO - meshmode.array_context - Transforming kernel 'frozen_result' with 1 statements.
2024-03-11 17:30:12,718 - INFO - meshmode.array_context - Array Contraction: Contracting 0 temps
_get_iel_to_idofs: str(insn)='_ary_store: _ary <- 0 + _actx_dw {tags=EinsumTag(orig_loop_nest=frozenset())}'
2024-03-11 17:30:13,107 - INFO - pyopencl - build program: kernel 'frozen_result' was part of a lengthy source build resulting from a binary cache miss (0.36 s)
2024-03-11 17:30:13,590 - INFO - pyopencl - build program: kernel 'reduce_kernel_stage1' was part of a lengthy source build resulting from a binary cache miss (0.47 s)
2024-03-11 17:30:14,068 - INFO - pyopencl - build program: kernel 'reduce_kernel_stage2' was part of a lengthy source build resulting from a binary cache miss (0.47 s)
2024-03-11 17:30:14,079 - INFO - meshmode.array_context - Transforming kernel 'frozen_result' with 1 statements.
2024-03-11 17:30:14,085 - INFO - meshmode.array_context - Array Contraction: Contracting 0 temps
_get_iel_to_idofs: str(insn)='_ary_store: _ary <- NaN if isnan(_actx_dw) or isnan(_actx_dw_0) else (_actx_dw if _actx_dw < _actx_dw_0 else _actx_dw_0) {tags=EinsumTag(orig_loop_nest=frozenset())}'
2024-03-11 17:30:14,484 - INFO - pyopencl - build program: kernel 'frozen_result' was part of a lengthy source build resulting from a binary cache miss (0.37 s)
-------- dt = 1.000e-08, cfl = 0.0253
-------- P (min, max) (Pa) = (2.865706984e+03, 2.742120082e+05)
-------- T (min, max) (K)  = (    300, 2075.81)

2024-03-11 17:30:14,529 - INFO - meshmode.array_context - Transforming kernel 'frozen_result' with 1 statements.
2024-03-11 17:30:14,537 - INFO - meshmode.array_context - Array Contraction: Contracting 0 temps
2024-03-11 17:30:14,539 - INFO - meshmode.array_context - [_alias_global_temporaries]: Reduced memory requirement of 'frozen_result' from 0.0MB to 0.0MB.
2024-03-11 17:30:14,968 - INFO - pyopencl - build program: kernel 'frozen_result' was part of a lengthy source build resulting from a binary cache miss (0.37 s)
2024-03-11 17:30:14,980 - INFO - meshmode.array_context - Transforming kernel 'frozen_result' with 1 statements.
2024-03-11 17:30:14,987 - INFO - meshmode.array_context - Array Contraction: Contracting 0 temps
2024-03-11 17:30:14,989 - INFO - meshmode.array_context - [_alias_global_temporaries]: Reduced memory requirement of 'frozen_result' from 0.0MB to 0.0MB.
2024-03-11 17:30:15,416 - INFO - pyopencl - build program: kernel 'frozen_result' was part of a lengthy source build resulting from a binary cache miss (0.37 s)
2024-03-11 17:30:15,428 - INFO - meshmode.array_context - Transforming kernel 'frozen_result' with 1 statements.
2024-03-11 17:30:15,435 - INFO - meshmode.array_context - Array Contraction: Contracting 0 temps
2024-03-11 17:30:15,437 - INFO - meshmode.array_context - [_alias_global_temporaries]: Reduced memory requirement of 'frozen_result' from 0.0MB to 0.0MB.
2024-03-11 17:30:15,863 - INFO - pyopencl - build program: kernel 'frozen_result' was part of a lengthy source build resulting from a binary cache miss (0.37 s)
2024-03-11 17:30:15,875 - INFO - meshmode.array_context - Transforming kernel 'frozen_result' with 1 statements.
2024-03-11 17:30:15,882 - INFO - meshmode.array_context - Array Contraction: Contracting 0 temps
2024-03-11 17:30:15,884 - INFO - meshmode.array_context - [_alias_global_temporaries]: Reduced memory requirement of 'frozen_result' from 0.0MB to 0.0MB.
2024-03-11 17:30:16,308 - INFO - pyopencl - build program: kernel 'frozen_result' was part of a lengthy source build resulting from a binary cache miss (0.37 s)
2024-03-11 17:30:16,341 - INFO - meshmode.array_context - Transforming kernel 'frozen_result' with 3 statements.
2024-03-11 17:30:16,370 - INFO - meshmode.array_context - Array Contraction: Contracting 0 temps
2024-03-11 17:30:16,374 - INFO - meshmode.array_context - [_alias_global_temporaries]: Reduced memory requirement of 'frozen_result' from 0.1MB to 0.1MB.
2024-03-11 17:30:16,939 - INFO - pyopencl - build program: kernel 'frozen_result' was part of a lengthy source build resulting from a binary cache miss (0.40 s)
2024-03-11 17:30:16,962 - INFO - meshmode.array_context - Transforming kernel 'frozen_result' with 1 statements.
2024-03-11 17:30:16,970 - INFO - meshmode.array_context - Array Contraction: Contracting 0 temps
2024-03-11 17:30:16,972 - INFO - meshmode.array_context - [_alias_global_temporaries]: Reduced memory requirement of 'frozen_result' from 0.0MB to 0.0MB.
2024-03-11 17:30:17,415 - INFO - pyopencl - build program: kernel 'frozen_result' was part of a lengthy source build resulting from a binary cache miss (0.38 s)
2024-03-11 17:30:17,441 - INFO - meshmode.array_context - Transforming kernel 'frozen_result' with 1 statements.
2024-03-11 17:30:17,451 - INFO - meshmode.array_context - Array Contraction: Contracting 0 temps
2024-03-11 17:30:17,453 - INFO - meshmode.array_context - [_alias_global_temporaries]: Reduced memory requirement of 'frozen_result' from 0.0MB to 0.0MB.
2024-03-11 17:30:17,921 - INFO - pyopencl - build program: kernel 'frozen_result' was part of a lengthy source build resulting from a binary cache miss (0.38 s)
2024-03-11 17:30:17,950 - INFO - meshmode.array_context - Transforming kernel 'frozen_result' with 3 statements.
2024-03-11 17:30:17,980 - INFO - meshmode.array_context - Array Contraction: Contracting 0 temps
2024-03-11 17:30:17,984 - INFO - meshmode.array_context - [_alias_global_temporaries]: Reduced memory requirement of 'frozen_result' from 0.1MB to 0.1MB.
2024-03-11 17:30:18,544 - INFO - pyopencl - build program: kernel 'frozen_result' was part of a lengthy source build resulting from a binary cache miss (0.40 s)
failed to infer axis 1 of array of type <class 'pytato.array.Reshape'>.
expr.non_equality_tags=frozenset({None})
2024-03-11 17:30:18,607 - INFO - meshmode.array_context - Transforming kernel 'frozen_result' with 6 statements.
2024-03-11 17:30:18,698 - INFO - meshmode.array_context - Array Contraction: Contracting 0 temps
2024-03-11 17:30:18,706 - INFO - meshmode.array_context - [_alias_global_temporaries]: Reduced memory requirement of 'frozen_result' from 0.2MB to 0.2MB.
2024-03-11 17:30:19,564 - INFO - pyopencl - build program: kernel 'frozen_result' was part of a lengthy source build resulting from a binary cache miss (0.47 s)
2024-03-11 17:30:19,633 - INFO - meshmode.array_context - Transforming kernel 'frozen_result' with 4 statements.
2024-03-11 17:30:19,677 - INFO - meshmode.array_context - Array Contraction: Contracting 2 temps
2024-03-11 17:30:19,703 - INFO - meshmode.array_context - [_alias_global_temporaries]: Reduced memory requirement of 'frozen_result' from 0.2MB to 0.2MB.
2024-03-11 17:30:20,311 - INFO - pyopencl - build program: kernel 'frozen_result' was part of a lengthy source build resulting from a binary cache miss (0.41 s)
2024-03-11 17:30:20,346 - INFO - meshmode.discretization.connection.face - building face restriction: start
2024-03-11 17:30:20,351 - INFO - meshmode.discretization.connection.face - building face restriction: done
2024-03-11 17:30:20,366 - INFO - meshmode.discretization.connection.face - building face restriction: start
2024-03-11 17:30:20,371 - INFO - meshmode.discretization.connection.face - building face restriction: done
2024-03-11 17:30:20,384 - INFO - meshmode.discretization.connection.face - building face restriction: start
2024-03-11 17:30:20,396 - INFO - meshmode.discretization.connection.face - building face restriction: done
2024-03-11 17:30:20,410 - INFO - meshmode.discretization.connection.face - building face restriction: start
2024-03-11 17:30:20,505 - INFO - meshmode.discretization.connection.face - building face restriction: done
2024-03-11 17:30:20,652 - INFO - meshmode.array_context - Transforming kernel 'frozen_area_el_b_inflow' with 7 statements.
2024-03-11 17:30:20,782 - INFO - meshmode.array_context - Array Contraction: Contracting 2 temps
2024-03-11 17:30:20,816 - INFO - meshmode.array_context - [_alias_global_temporaries]: Reduced memory requirement of 'frozen_area_el_b_inflow' from 0.0MB to 0.0MB.
2024-03-11 17:30:21,586 - INFO - pyopencl - build program: kernel 'frozen_area_el_b_inflow' was part of a lengthy source build resulting from a binary cache miss (0.39 s)
2024-03-11 17:30:21,672 - INFO - meshmode.array_context - Transforming kernel 'frozen_normal_2_b_inflow' with 3 statements.
2024-03-11 17:30:21,742 - INFO - meshmode.array_context - Array Contraction: Contracting 0 temps
2024-03-11 17:30:21,747 - INFO - meshmode.array_context - [_alias_global_temporaries]: Reduced memory requirement of 'frozen_normal_2_b_inflow' from 0.0MB to 0.0MB.
2024-03-11 17:30:22,393 - INFO - pyopencl - build program: kernel 'frozen_normal_2_b_inflow' was part of a lengthy source build resulting from a binary cache miss (0.39 s)
2024-03-11 17:30:22,465 - INFO - meshmode.array_context - Transforming kernel 'frozen_normal_1_b_inflow' with 3 statements.
2024-03-11 17:30:22,536 - INFO - meshmode.array_context - Array Contraction: Contracting 0 temps
2024-03-11 17:30:22,541 - INFO - meshmode.array_context - [_alias_global_temporaries]: Reduced memory requirement of 'frozen_normal_1_b_inflow' from 0.0MB to 0.0MB.
2024-03-11 17:30:23,188 - INFO - pyopencl - build program: kernel 'frozen_normal_1_b_inflow' was part of a lengthy source build resulting from a binary cache miss (0.39 s)
2024-03-11 17:30:23,219 - INFO - meshmode.array_context - Transforming kernel 'frozen_f2allf_ind' with 0 statements.
2024-03-11 17:30:23,223 - INFO - meshmode.array_context - Array Contraction: Contracting 0 temps
2024-03-11 17:30:23,602 - INFO - pyopencl - build program: kernel 'frozen_f2allf_ind' was part of a lengthy source build resulting from a binary cache miss (0.36 s)
2024-03-11 17:30:23,611 - INFO - meshmode.array_context - Transforming kernel 'frozen_f2allf_ind' with 0 statements.
2024-03-11 17:30:23,672 - INFO - meshmode.array_context - Transforming kernel 'frozen_f2allf_ind' with 1 statements.
2024-03-11 17:30:23,682 - INFO - meshmode.array_context - Array Contraction: Contracting 0 temps
2024-03-11 17:30:23,684 - INFO - meshmode.array_context - [_alias_global_temporaries]: Reduced memory requirement of 'frozen_f2allf_ind' from 0.0MB to 0.0MB.
2024-03-11 17:30:24,089 - INFO - pyopencl - build program: kernel 'frozen_f2allf_ind' was part of a lengthy source build resulting from a binary cache miss (0.36 s)
2024-03-11 17:30:24,284 - INFO - meshmode.array_context - Transforming kernel 'frozen_area_el_b_outflow' with 7 statements.
2024-03-11 17:30:24,415 - INFO - meshmode.array_context - Array Contraction: Contracting 2 temps
2024-03-11 17:30:24,449 - INFO - meshmode.array_context - [_alias_global_temporaries]: Reduced memory requirement of 'frozen_area_el_b_outflow' from 0.0MB to 0.0MB.
2024-03-11 17:30:25,219 - INFO - pyopencl - build program: kernel 'frozen_area_el_b_outflow' was part of a lengthy source build resulting from a binary cache miss (0.39 s)
2024-03-11 17:30:25,304 - INFO - meshmode.array_context - Transforming kernel 'frozen_normal_2_b_outflow' with 3 statements.
2024-03-11 17:30:25,376 - INFO - meshmode.array_context - Array Contraction: Contracting 0 temps
2024-03-11 17:30:25,381 - INFO - meshmode.array_context - [_alias_global_temporaries]: Reduced memory requirement of 'frozen_normal_2_b_outflow' from 0.0MB to 0.0MB.
2024-03-11 17:30:26,029 - INFO - pyopencl - build program: kernel 'frozen_normal_2_b_outflow' was part of a lengthy source build resulting from a binary cache miss (0.39 s)
2024-03-11 17:30:26,102 - INFO - meshmode.array_context - Transforming kernel 'frozen_normal_1_b_outflow' with 3 statements.
2024-03-11 17:30:26,172 - INFO - meshmode.array_context - Array Contraction: Contracting 0 temps
2024-03-11 17:30:26,177 - INFO - meshmode.array_context - [_alias_global_temporaries]: Reduced memory requirement of 'frozen_normal_1_b_outflow' from 0.0MB to 0.0MB.
2024-03-11 17:30:26,824 - INFO - pyopencl - build program: kernel 'frozen_normal_1_b_outflow' was part of a lengthy source build resulting from a binary cache miss (0.38 s)
2024-03-11 17:30:26,856 - INFO - meshmode.array_context - Transforming kernel 'frozen_f2allf_ind' with 1 statements.
2024-03-11 17:30:26,866 - INFO - meshmode.array_context - Array Contraction: Contracting 0 temps
2024-03-11 17:30:26,868 - INFO - meshmode.array_context - [_alias_global_temporaries]: Reduced memory requirement of 'frozen_f2allf_ind' from 0.0MB to 0.0MB.
2024-03-11 17:30:27,268 - INFO - pyopencl - build program: kernel 'frozen_f2allf_ind' was part of a lengthy source build resulting from a binary cache miss (0.36 s)
2024-03-11 17:30:27,280 - INFO - meshmode.array_context - Transforming kernel 'frozen_f2allf_ind' with 1 statements.
2024-03-11 17:30:27,290 - INFO - meshmode.array_context - Array Contraction: Contracting 0 temps
2024-03-11 17:30:27,292 - INFO - meshmode.array_context - [_alias_global_temporaries]: Reduced memory requirement of 'frozen_f2allf_ind' from 0.0MB to 0.0MB.
2024-03-11 17:30:27,698 - INFO - pyopencl - build program: kernel 'frozen_f2allf_ind' was part of a lengthy source build resulting from a binary cache miss (0.36 s)
2024-03-11 17:30:27,816 - INFO - meshmode.array_context - Transforming kernel 'frozen_area_el_b_wall' with 7 statements.
2024-03-11 17:30:27,945 - INFO - meshmode.array_context - Array Contraction: Contracting 2 temps
2024-03-11 17:30:27,978 - INFO - meshmode.array_context - [_alias_global_temporaries]: Reduced memory requirement of 'frozen_area_el_b_wall' from 0.0MB to 0.0MB.
2024-03-11 17:30:28,755 - INFO - pyopencl - build program: kernel 'frozen_area_el_b_wall' was part of a lengthy source build resulting from a binary cache miss (0.40 s)
2024-03-11 17:30:28,837 - INFO - meshmode.array_context - Transforming kernel 'frozen_normal_2_b_wall' with 3 statements.
2024-03-11 17:30:28,907 - INFO - meshmode.array_context - Array Contraction: Contracting 0 temps
2024-03-11 17:30:28,912 - INFO - meshmode.array_context - [_alias_global_temporaries]: Reduced memory requirement of 'frozen_normal_2_b_wall' from 0.0MB to 0.0MB.
2024-03-11 17:30:29,574 - INFO - pyopencl - build program: kernel 'frozen_normal_2_b_wall' was part of a lengthy source build resulting from a binary cache miss (0.39 s)
2024-03-11 17:30:29,646 - INFO - meshmode.array_context - Transforming kernel 'frozen_normal_1_b_wall' with 3 statements.
2024-03-11 17:30:29,716 - INFO - meshmode.array_context - Array Contraction: Contracting 0 temps
2024-03-11 17:30:29,721 - INFO - meshmode.array_context - [_alias_global_temporaries]: Reduced memory requirement of 'frozen_normal_1_b_wall' from 0.0MB to 0.0MB.
2024-03-11 17:30:30,385 - INFO - pyopencl - build program: kernel 'frozen_normal_1_b_wall' was part of a lengthy source build resulting from a binary cache miss (0.40 s)
2024-03-11 17:30:30,417 - INFO - meshmode.array_context - Transforming kernel 'frozen_f2allf_ind' with 1 statements.
2024-03-11 17:30:30,427 - INFO - meshmode.array_context - Array Contraction: Contracting 0 temps
2024-03-11 17:30:30,429 - INFO - meshmode.array_context - [_alias_global_temporaries]: Reduced memory requirement of 'frozen_f2allf_ind' from 0.0MB to 0.0MB.
2024-03-11 17:30:30,830 - INFO - pyopencl - build program: kernel 'frozen_f2allf_ind' was part of a lengthy source build resulting from a binary cache miss (0.36 s)
2024-03-11 17:30:30,841 - INFO - meshmode.array_context - Transforming kernel 'frozen_f2allf_ind' with 1 statements.
2024-03-11 17:30:30,851 - INFO - meshmode.array_context - Array Contraction: Contracting 0 temps
2024-03-11 17:30:30,853 - INFO - meshmode.array_context - [_alias_global_temporaries]: Reduced memory requirement of 'frozen_f2allf_ind' from 0.0MB to 0.0MB.
2024-03-11 17:30:31,261 - INFO - pyopencl - build program: kernel 'frozen_f2allf_ind' was part of a lengthy source build resulting from a binary cache miss (0.36 s)
2024-03-11 17:30:31,376 - INFO - meshmode.array_context - Transforming kernel 'frozen_area_el_b_face_restr_interior' with 7 statements.
2024-03-11 17:30:31,505 - INFO - meshmode.array_context - Array Contraction: Contracting 2 temps
2024-03-11 17:30:31,538 - INFO - meshmode.array_context - [_alias_global_temporaries]: Reduced memory requirement of 'frozen_area_el_b_face_restr_interior' from 0.4MB to 0.3MB.
2024-03-11 17:30:32,311 - INFO - pyopencl - build program: kernel 'frozen_area_el_b_face_restr_interior' was part of a lengthy source build resulting from a binary cache miss (0.40 s)
2024-03-11 17:30:32,394 - INFO - meshmode.array_context - Transforming kernel 'frozen_normal_2_b_face_restr_interior' with 3 statements.
2024-03-11 17:30:32,463 - INFO - meshmode.array_context - Array Contraction: Contracting 0 temps
2024-03-11 17:30:32,469 - INFO - meshmode.array_context - [_alias_global_temporaries]: Reduced memory requirement of 'frozen_normal_2_b_face_restr_interior' from 0.2MB to 0.2MB.
2024-03-11 17:30:33,129 - INFO - pyopencl - build program: kernel 'frozen_normal_2_b_face_restr_interior' was part of a lengthy source build resulting from a binary cache miss (0.39 s)
2024-03-11 17:30:33,200 - INFO - meshmode.array_context - Transforming kernel 'frozen_normal_1_b_face_restr_interior' with 3 statements.
2024-03-11 17:30:33,270 - INFO - meshmode.array_context - Array Contraction: Contracting 0 temps
2024-03-11 17:30:33,275 - INFO - meshmode.array_context - [_alias_global_temporaries]: Reduced memory requirement of 'frozen_normal_1_b_face_restr_interior' from 0.2MB to 0.2MB.
2024-03-11 17:30:33,936 - INFO - pyopencl - build program: kernel 'frozen_normal_1_b_face_restr_interior' was part of a lengthy source build resulting from a binary cache miss (0.39 s)
2024-03-11 17:30:33,967 - INFO - meshmode.array_context - Transforming kernel 'frozen_f2allf_ind' with 1 statements.
2024-03-11 17:30:33,977 - INFO - meshmode.array_context - Array Contraction: Contracting 0 temps
2024-03-11 17:30:33,979 - INFO - meshmode.array_context - [_alias_global_temporaries]: Reduced memory requirement of 'frozen_f2allf_ind' from 0.0MB to 0.0MB.
2024-03-11 17:30:34,390 - INFO - pyopencl - build program: kernel 'frozen_f2allf_ind' was part of a lengthy source build resulting from a binary cache miss (0.37 s)
2024-03-11 17:30:34,401 - INFO - meshmode.array_context - Transforming kernel 'frozen_f2allf_ind' with 1 statements.
2024-03-11 17:30:34,411 - INFO - meshmode.array_context - Array Contraction: Contracting 0 temps
2024-03-11 17:30:34,413 - INFO - meshmode.array_context - [_alias_global_temporaries]: Reduced memory requirement of 'frozen_f2allf_ind' from 0.0MB to 0.0MB.
2024-03-11 17:30:34,822 - INFO - pyopencl - build program: kernel 'frozen_f2allf_ind' was part of a lengthy source build resulting from a binary cache miss (0.37 s)
2024-03-11 17:30:34,834 - INFO - meshmode.array_context - Transforming kernel 'frozen_f2allf_ind' with 1 statements.
2024-03-11 17:30:34,844 - INFO - meshmode.array_context - Array Contraction: Contracting 0 temps
2024-03-11 17:30:34,846 - INFO - meshmode.array_context - [_alias_global_temporaries]: Reduced memory requirement of 'frozen_f2allf_ind' from 0.0MB to 0.0MB.
2024-03-11 17:30:35,256 - INFO - pyopencl - build program: kernel 'frozen_f2allf_ind' was part of a lengthy source build resulting from a binary cache miss (0.37 s)
2024-03-11 17:30:36,119 - INFO - meshmode.array_context - Transforming kernel 'frozen_inv_metric_deriv_vol' with 45 statements.
2024-03-11 17:30:37,061 - INFO - loopy.tools - fuse_same_discretization_entity_loops on 'frozen_inv_metric_deriv_vol': completed (0.85s wall 1.00x CPU)
2024-03-11 17:30:37,110 - INFO - meshmode.array_context - Loop Fusion: completed (0.98s wall 1.00x CPU)
2024-03-11 17:30:37,237 - INFO - meshmode.array_context - Array Contraction: Contracting 0 temps
2024-03-11 17:30:37,276 - INFO - meshmode.array_context - [_alias_global_temporaries]: Reduced memory requirement of 'frozen_inv_metric_deriv_vol' from 1.7MB to 0.5MB.
2024-03-11 17:30:38,059 - INFO - loopy.tools - preprocess_program on 'frozen_inv_metric_deriv_vol': completed (0.62s wall 1.00x CPU)
2024-03-11 17:30:40,286 - INFO - pyopencl - build program: kernel 'frozen_inv_metric_deriv_vol' was part of a lengthy source build resulting from a binary cache miss (0.59 s)
/p/gpfs1/mtcampbe/CEESD/AutomatedTesting/MIRGE-Timing/timing/emirge/mirgecom/mirgecom/artificial_viscosity.py:347: UserWarning: The AV boundary_kwargs interface is deprecated, please pass gas_model and time directly.
  warn("The AV boundary_kwargs interface is deprecated, please pass gas_model"
2024-03-11 17:30:41,641 - INFO - grudge.array_context - deduplicate_data_wrappers[pre-partition]: completed (0.65s wall 1.00x CPU)
failed to infer axis 1 of array of type <class 'pytato.array.Reshape'>.
expr.non_equality_tags=frozenset({None})
2024-03-11 17:30:43,660 - INFO - grudge.array_context - transform_dag.infer_axes_tags[pre-partition]: completed (1.87s wall 1.00x CPU)
2024-03-11 17:30:44,163 - INFO - pytato.distributed.verify - find_partition: Split 3430 nodes into 1 parts, with [3430] nodes in each partition.
2024-03-11 17:30:45,873 - INFO - meshmode.array_context - transform_dag.materialize_all_einsums_or_reduces: completed (0.44s wall 1.00x CPU)
failed to infer axis 1 of array of type <class 'pytato.array.Reshape'>.
expr.non_equality_tags=frozenset({None})
2024-03-11 17:30:47,700 - INFO - meshmode.array_context - transform_dag.infer_axes_tags: completed (1.83s wall 1.00x CPU)
2024-03-11 17:30:48,008 - INFO - meshmode.array_context - Transforming kernel 'frozen_result' with 1 statements.
2024-03-11 17:30:48,018 - INFO - meshmode.array_context - Array Contraction: Contracting 0 temps
2024-03-11 17:30:48,020 - INFO - meshmode.array_context - [_alias_global_temporaries]: Reduced memory requirement of 'frozen_result' from 0.0MB to 0.0MB.
2024-03-11 17:30:48,444 - INFO - pyopencl - build program: kernel 'frozen_result' was part of a lengthy source build resulting from a binary cache miss (0.37 s)
2024-03-11 17:30:48,459 - INFO - meshmode.array_context - Transforming kernel 'frozen_result' with 1 statements.
2024-03-11 17:30:48,489 - INFO - meshmode.array_context - Array Contraction: Contracting 0 temps
_get_iel_to_idofs: str(insn)="_ary_store: _ary[idim_ensm0, idim_ensm0_0, iel_ensm0] <- inv_metric_deriv_vol[((idim_ensm0*5008 + idim_ensm0_0*2504 + iel_ensm0) % 10016) // 5008, ((idim_ensm0*5008 + idim_ensm0_0*2504 + iel_ensm0) % 5008) // 2504, (idim_ensm0*5008 + idim_ensm0_0*2504 + iel_ensm0) % 2504, 0] {tags=EinsumTag(orig_loop_nest=frozenset({'idim_0_0_', 'iel_0_0_', 'idim_1_0_'}))}"
2024-03-11 17:30:49,030 - INFO - pyopencl - build program: kernel 'frozen_result' was part of a lengthy source build resulting from a binary cache miss (0.40 s)
2024-03-11 17:30:49,052 - INFO - meshmode.array_context - Transforming kernel 'frozen_result' with 1 statements.
_get_iel_to_idofs: str(insn)="_ary_store: _ary[idim_ensm0, idim_ensm0_0, iel_ensm0] <- inv_metric_deriv_vol[((idim_ensm0*5008 + idim_ensm0_0*2504 + iel_ensm0) % 10016) // 5008, ((idim_ensm0*5008 + idim_ensm0_0*2504 + iel_ensm0) % 5008) // 2504, (idim_ensm0*5008 + idim_ensm0_0*2504 + iel_ensm0) % 2504, 0] {tags=EinsumTag(orig_loop_nest=frozenset({'idim_0_0_', 'iel_0_0_', 'idim_1_0_'}))}"
2024-03-11 17:30:49,155 - INFO - meshmode.array_context - Transforming kernel 'frozen_result' with 1 statements.
2024-03-11 17:30:49,171 - INFO - meshmode.array_context - Array Contraction: Contracting 0 temps
_get_iel_to_idofs: str(insn)="_ary_store: _ary[iface_ensm0, iel_ensm0] <- _actx_dw[((iface_ensm0*2504 + iel_ensm0) % 7512) // 2504, (iface_ensm0*2504 + iel_ensm0) % 2504, 0] {tags=EinsumTag(orig_loop_nest=frozenset({'iel_0_0_', 'iface_0_0_'}))}"
2024-03-11 17:30:49,646 - INFO - pyopencl - build program: kernel 'frozen_result' was part of a lengthy source build resulting from a binary cache miss (0.38 s)
2024-03-11 17:30:49,903 - INFO - arraycontext.impl.pytato.compile - transform_dag for 'my_rhs': completed (5.74s wall 1.00x CPU)
2024-03-11 17:30:53,844 - INFO - arraycontext.impl.pytato.compile - generate_loopy for 'my_rhs': completed (3.94s wall 1.00x CPU)
2024-03-11 17:30:53,845 - INFO - meshmode.array_context - Transforming kernel 'my_rhs' with 355 statements.
2024-03-11 17:31:05,912 - INFO - loopy.tools - fuse_same_discretization_entity_loops on 'my_rhs': completed (11.24s wall 1.00x CPU)
2024-03-11 17:31:06,614 - INFO - meshmode.array_context - Loop Fusion: completed (12.75s wall 1.00x CPU)
2024-03-11 17:31:08,399 - INFO - meshmode.array_context - Array Contraction: Contracting 73 temps
2024-03-11 17:31:11,631 - INFO - loopy.tools - contract_arrays on 'my_rhs': completed (3.24s wall 1.00x CPU)
2024-03-11 17:31:12,048 - INFO - meshmode.array_context - Array Contraction: completed (4.30s wall 1.00x CPU)
2024-03-11 17:31:12,225 - INFO - meshmode.array_context - [_alias_global_temporaries]: Reduced memory requirement of 'my_rhs' from 16.5MB to 7.7MB.
2024-03-11 17:31:14,018 - INFO - arraycontext.impl.pytato.compile - transform_loopy_program for 'my_rhs': completed (20.17s wall 1.00x CPU)
2024-03-11 17:31:18,459 - INFO - loopy.preprocess - my_rhs: preprocess: completed (0.45s wall 1.00x CPU)
2024-03-11 17:31:20,938 - INFO - loopy.tools - preprocess_program on 'my_rhs': completed (6.02s wall 1.00x CPU)
2024-03-11 17:31:27,226 - INFO - loopy.schedule - my_rhs: schedule: completed (2.57s wall 1.00x CPU)
2024-03-11 17:31:35,566 - INFO - loopy.codegen - my_rhs: generate code: completed (4.58s wall 1.00x CPU)
2024-03-11 17:31:43,559 - INFO - pyopencl - build program: kernel 'my_rhs' was part of a lengthy source build resulting from a binary cache miss (5.89 s)
2024-03-11 17:31:45,002 - INFO - meshmode.array_context - Transforming kernel 'frozen_result' with 1 statements.
2024-03-11 17:31:45,018 - INFO - meshmode.array_context - Array Contraction: Contracting 0 temps
2024-03-11 17:31:45,020 - INFO - meshmode.array_context - [_alias_global_temporaries]: Reduced memory requirement of 'frozen_result' from 0.0MB to 0.0MB.
2024-03-11 17:31:45,459 - INFO - pyopencl - build program: kernel 'frozen_result' was part of a lengthy source build resulting from a binary cache miss (0.37 s)
2024-03-11 17:31:45,476 - INFO - meshmode.array_context - Transforming kernel 'frozen_result' with 1 statements.
2024-03-11 17:31:45,491 - INFO - meshmode.array_context - Array Contraction: Contracting 0 temps
2024-03-11 17:31:45,494 - INFO - meshmode.array_context - [_alias_global_temporaries]: Reduced memory requirement of 'frozen_result' from 0.0MB to 0.0MB.
2024-03-11 17:31:45,931 - INFO - pyopencl - build program: kernel 'frozen_result' was part of a lengthy source build resulting from a binary cache miss (0.37 s)
2024-03-11 17:31:45,958 - INFO - meshmode.array_context - Transforming kernel 'frozen_result' with 1 statements.
2024-03-11 17:31:45,974 - INFO - meshmode.array_context - Array Contraction: Contracting 0 temps
2024-03-11 17:31:45,976 - INFO - meshmode.array_context - [_alias_global_temporaries]: Reduced memory requirement of 'frozen_result' from 0.0MB to 0.0MB.
2024-03-11 17:31:46,415 - INFO - pyopencl - build program: kernel 'frozen_result' was part of a lengthy source build resulting from a binary cache miss (0.37 s)
2024-03-11 17:31:46,431 - INFO - meshmode.array_context - Transforming kernel 'frozen_result' with 1 statements.
2024-03-11 17:31:46,447 - INFO - meshmode.array_context - Array Contraction: Contracting 0 temps
2024-03-11 17:31:46,449 - INFO - meshmode.array_context - [_alias_global_temporaries]: Reduced memory requirement of 'frozen_result' from 0.0MB to 0.0MB.
2024-03-11 17:31:46,886 - INFO - pyopencl - build program: kernel 'frozen_result' was part of a lengthy source build resulting from a binary cache miss (0.37 s)
/p/gpfs1/mtcampbe/CEESD/AutomatedTesting/MIRGE-Timing/timing/emirge/mirgecom/mirgecom/steppers.py:439: UserWarning: Deduced force_eval=True for this timestepper. This can have a nontrivial performance impact. If you know that your timestepper does not require per-step forced evaluation, explicitly set force_eval=False.
  _advance_state_stepper_func(
2024-03-11 17:31:46,961 - INFO - meshmode.array_context - Transforming kernel 'frozen_result' with 4 statements.
2024-03-11 17:31:47,015 - INFO - meshmode.array_context - Array Contraction: Contracting 0 temps
2024-03-11 17:31:47,020 - INFO - meshmode.array_context - [_alias_global_temporaries]: Reduced memory requirement of 'frozen_result' from 0.0MB to 0.0MB.
2024-03-11 17:31:47,610 - INFO - pyopencl - build program: kernel 'frozen_result' was part of a lengthy source build resulting from a binary cache miss (0.38 s)
step = 0, sim time: 0.000000e+00 s, step walltime: 102.229 s
2024-03-11 17:31:47,751 - INFO - meshmode.array_context - Transforming kernel 'frozen_result' with 4 statements.
2024-03-11 17:31:47,805 - INFO - meshmode.array_context - Array Contraction: Contracting 0 temps
2024-03-11 17:31:47,810 - INFO - meshmode.array_context - [_alias_global_temporaries]: Reduced memory requirement of 'frozen_result' from 0.0MB to 0.0MB.
2024-03-11 17:31:48,400 - INFO - pyopencl - build program: kernel 'frozen_result' was part of a lengthy source build resulting from a binary cache miss (0.38 s)
step = 1, sim time: 1.000000e-08 s, step walltime: 0.772161 s
step = 2, sim time: 2.000000e-08 s, step walltime: 0.0463396 s
step = 3, sim time: 3.000000e-08 s, step walltime: 0.0368409 s
step = 4, sim time: 4.000000e-08 s, step walltime: 0.0366149 s
step = 5, sim time: 5.000000e-08 s, step walltime: 0.0365358 s
step = 6, sim time: 6.000000e-08 s, step walltime: 0.0366024 s
step = 7, sim time: 7.000000e-08 s, step walltime: 0.0367794 s
step = 8, sim time: 8.000000e-08 s, step walltime: 0.0366082 s
step = 9, sim time: 9.000000e-08 s, step walltime: 0.0366769 s
step = 10, sim time: 1.000000e-07 s, step walltime: 0.0366017 s
step = 11, sim time: 1.100000e-07 s, step walltime: 0.0364729 s
step = 12, sim time: 1.200000e-07 s, step walltime: 0.0366662 s
step = 13, sim time: 1.300000e-07 s, step walltime: 0.036761 s
step = 14, sim time: 1.400000e-07 s, step walltime: 0.0369959 s
step = 15, sim time: 1.500000e-07 s, step walltime: 0.0365961 s
step = 16, sim time: 1.600000e-07 s, step walltime: 0.036813 s
step = 17, sim time: 1.700000e-07 s, step walltime: 0.0366103 s
step = 18, sim time: 1.800000e-07 s, step walltime: 0.0368359 s
2024-03-11 17:31:49,157 - INFO - meshmode.array_context - Transforming kernel 'frozen_result' with 1 statements.
2024-03-11 17:31:49,173 - INFO - meshmode.array_context - Array Contraction: Contracting 0 temps
2024-03-11 17:31:49,175 - INFO - meshmode.array_context - [_alias_global_temporaries]: Reduced memory requirement of 'frozen_result' from 0.0MB to 0.0MB.
2024-03-11 17:31:49,613 - INFO - pyopencl - build program: kernel 'frozen_result' was part of a lengthy source build resulting from a binary cache miss (0.37 s)
2024-03-11 17:31:49,642 - INFO - meshmode.array_context - Transforming kernel 'frozen_result' with 1 statements.
2024-03-11 17:31:49,657 - INFO - meshmode.array_context - Array Contraction: Contracting 0 temps
2024-03-11 17:31:49,660 - INFO - meshmode.array_context - [_alias_global_temporaries]: Reduced memory requirement of 'frozen_result' from 0.0MB to 0.0MB.
2024-03-11 17:31:50,097 - INFO - pyopencl - build program: kernel 'frozen_result' was part of a lengthy source build resulting from a binary cache miss (0.37 s)
2024-03-11 17:31:50,172 - INFO - meshmode.array_context - Transforming kernel 'frozen_result' with 4 statements.
2024-03-11 17:31:50,225 - INFO - meshmode.array_context - Array Contraction: Contracting 0 temps
2024-03-11 17:31:50,230 - INFO - meshmode.array_context - [_alias_global_temporaries]: Reduced memory requirement of 'frozen_result' from 0.0MB to 0.0MB.
2024-03-11 17:31:50,820 - INFO - pyopencl - build program: kernel 'frozen_result' was part of a lengthy source build resulting from a binary cache miss (0.38 s)
step = 19, sim time: 1.900000e-07 s, step walltime: 1.70921 s
2024-03-11 17:31:50,867 - INFO - pytato.distributed.verify - find_partition: Split 22 nodes into 1 parts, with [22] nodes in each partition.
2024-03-11 17:31:50,922 - INFO - meshmode.array_context - Transforming kernel 'get_fluid_state' with 15 statements.
2024-03-11 17:31:51,066 - INFO - meshmode.array_context - Array Contraction: Contracting 1 temps
2024-03-11 17:31:51,090 - INFO - meshmode.array_context - [_alias_global_temporaries]: Reduced memory requirement of 'get_fluid_state' from 0.1MB to 0.1MB.
2024-03-11 17:31:51,950 - INFO - pyopencl - build program: kernel 'get_fluid_state' was part of a lengthy source build resulting from a binary cache miss (0.40 s)
Checkpointing final state ...
2024-03-11 17:31:52,026 - INFO - meshmode.array_context - Transforming kernel 'frozen_result' with 4 statements.
2024-03-11 17:31:52,077 - INFO - meshmode.array_context - Array Contraction: Contracting 3 temps
2024-03-11 17:31:52,112 - INFO - meshmode.array_context - [_alias_global_temporaries]: Reduced memory requirement of 'frozen_result' from 0.2MB to 0.2MB.
2024-03-11 17:31:52,643 - INFO - pyopencl - build program: kernel 'frozen_result' was part of a lengthy source build resulting from a binary cache miss (0.40 s)
-------- dt = 0.000e+00, cfl = 0.0228
-------- P (min, max) (Pa) = (1.284504623e+03, 2.753939220e+05)
-------- T (min, max) (K)  = (269.955, 2214.65)

2024-03-11 17:31:52,915 - INFO - meshmode.array_context - Transforming kernel 'frozen_result' with 3 statements.
2024-03-11 17:31:52,944 - INFO - meshmode.array_context - Array Contraction: Contracting 0 temps
2024-03-11 17:31:52,948 - INFO - meshmode.array_context - [_alias_global_temporaries]: Reduced memory requirement of 'frozen_result' from 0.1MB to 0.1MB.
2024-03-11 17:31:53,517 - INFO - pyopencl - build program: kernel 'frozen_result' was part of a lengthy source build resulting from a binary cache miss (0.41 s)
2024-03-11 17:31:53,540 - INFO - meshmode.array_context - Transforming kernel 'frozen_result' with 1 statements.
2024-03-11 17:31:53,548 - INFO - meshmode.array_context - Array Contraction: Contracting 0 temps
2024-03-11 17:31:53,550 - INFO - meshmode.array_context - [_alias_global_temporaries]: Reduced memory requirement of 'frozen_result' from 0.0MB to 0.0MB.
2024-03-11 17:31:53,995 - INFO - pyopencl - build program: kernel 'frozen_result' was part of a lengthy source build resulting from a binary cache miss (0.38 s)
2024-03-11 17:31:54,026 - INFO - meshmode.array_context - Transforming kernel 'frozen_result' with 3 statements.
2024-03-11 17:31:54,055 - INFO - meshmode.array_context - Array Contraction: Contracting 0 temps
2024-03-11 17:31:54,059 - INFO - meshmode.array_context - [_alias_global_temporaries]: Reduced memory requirement of 'frozen_result' from 0.1MB to 0.1MB.
2024-03-11 17:31:54,627 - INFO - pyopencl - build program: kernel 'frozen_result' was part of a lengthy source build resulting from a binary cache miss (0.40 s)
failed to infer axis 1 of array of type <class 'pytato.array.Reshape'>.
expr.non_equality_tags=frozenset({None})
2024-03-11 17:31:54,683 - INFO - meshmode.array_context - Transforming kernel 'frozen_result' with 6 statements.
2024-03-11 17:31:54,773 - INFO - meshmode.array_context - Array Contraction: Contracting 0 temps
2024-03-11 17:31:54,782 - INFO - meshmode.array_context - [_alias_global_temporaries]: Reduced memory requirement of 'frozen_result' from 0.2MB to 0.2MB.
2024-03-11 17:31:55,629 - INFO - pyopencl - build program: kernel 'frozen_result' was part of a lengthy source build resulting from a binary cache miss (0.47 s)
2024-03-11 17:31:55,695 - INFO - meshmode.array_context - Transforming kernel 'frozen_result' with 4 statements.
2024-03-11 17:31:55,740 - INFO - meshmode.array_context - Array Contraction: Contracting 2 temps
2024-03-11 17:31:55,765 - INFO - meshmode.array_context - [_alias_global_temporaries]: Reduced memory requirement of 'frozen_result' from 0.2MB to 0.2MB.
2024-03-11 17:31:56,376 - INFO - pyopencl - build program: kernel 'frozen_result' was part of a lengthy source build resulting from a binary cache miss (0.41 s)

------------------------------------------------------------
Sender: LSF System <lsfadmin@lassen710>
Subject: Job 5700955: <isolator_timing_job.sh> in cluster <lassen> Done

Job <isolator_timing_job.sh> was submitted from host <lassen709> by user <mtcampbe> in cluster <lassen> at Mon Mar 11 17:28:40 2024
Job was executed on host(s) <1*lassen710>, in queue <pbatch>, as user <mtcampbe> in cluster <lassen> at Mon Mar 11 17:28:42 2024
                            <40*lassen80>
</g/g17/mtcampbe> was used as the home directory.
</p/gpfs1/mtcampbe/CEESD/AutomatedTesting/MIRGE-Timing/timing/emirge/mirgecom/y2-isolator/timing_run> was used as the working directory.
Started at Mon Mar 11 17:28:42 2024
Terminated at Mon Mar 11 17:32:40 2024
Results reported at Mon Mar 11 17:32:40 2024

Your job looked like:

------------------------------------------------------------
# LSBATCH: User input
#!/bin/bash

#BSUB -nnodes 1
#BSUB -G uiuc
#BSUB -W 60
#BSUB -q pbatch

printf "Running with EMIRGE_HOME=/p/gpfs1/mtcampbe/CEESD/AutomatedTesting/MIRGE-Timing/timing/emirge\n"

source "/p/gpfs1/mtcampbe/CEESD/AutomatedTesting/MIRGE-Timing/timing/emirge/config/activate_env.sh"
export PYOPENCL_CTX="port:tesla"
export XDG_CACHE_HOME="/tmp/mtcampbe/xdg-scratch"
rm -rf $XDG_CACHE_HOME
rm -f timing-run-done
which python
conda env list
env
env | grep LSB_MCPU_HOSTS

jsrun -g 1 -a 1 -n 1 python -O -u -m mpi4py ./isolator.py -i timing_params.yaml --lazy --log
touch timing-run-done


------------------------------------------------------------

Successfully completed.

Resource usage summary:

    CPU time :                                   0.25 sec.
    Max Memory :                                 59 MB
    Average Memory :                             57.27 MB
    Total Requested Memory :                     -
    Delta Memory :                               -
    Max Swap :                                   1425 MB
    Max Processes :                              4
    Max Threads :                                27
    Run time :                                   238 sec.
    Turnaround time :                            240 sec.

The output (if any) is above this job summary.

