Customizing shell for Lassen.

The following have been reloaded with a version change:
  1) base-gcc/8.3.1 => base-gcc/11.2.1


Due to MODULEPATH changes, the following have been reloaded:
  1) spectrum-mpi/rolling-release

The following have been reloaded with a version change:
  1) gcc/8.3.1 => gcc/10.2.1

Running with EMIRGE_HOME=/p/gpfs1/mtcampbe/CEESD/AutomatedTesting/MIRGE-Timing/timing/emirge
Activating 'nozzle.lazy.timing.env' environment for '/p/gpfs1/mtcampbe/CEESD/AutomatedTesting/MIRGE-Timing/timing/emirge/miniforge3/bin/conda'.
/p/gpfs1/mtcampbe/CEESD/AutomatedTesting/MIRGE-Timing/timing/emirge/miniforge3/envs/nozzle.lazy.timing.env/bin/python
# conda environments:
#
test.parsl               /g/g17/mtcampbe/.conda/envs/test.parsl
base                     /p/gpfs1/mtcampbe/CEESD/AutomatedTesting/MIRGE-Timing/timing/emirge/miniforge3
nozzle.lazy.timing.env  *  /p/gpfs1/mtcampbe/CEESD/AutomatedTesting/MIRGE-Timing/timing/emirge/miniforge3/envs/nozzle.lazy.timing.env
                         /usr/WS1/xpacc/Users/mtcampbe/CEESD/Lassen/test_emirge/emirge/miniforge3/envs/test.emirge.fk
                         /usr/workspace/wsa/xpacc/Users/mtcampbe/CEESD/Quartz/Install/conda
                         /usr/workspace/wsa/xpacc/Users/mtcampbe/CEESD/Quartz/Install/conda/envs/abate.mtc_euler.env
                         /usr/workspace/wsa/xpacc/Users/mtcampbe/CEESD/Quartz/Install/conda/envs/ceesd.master
                         /usr/workspace/wsa/xpacc/Users/mtcampbe/CEESD/Quartz/Install/conda/envs/chem.master
                         /usr/workspace/wsa/xpacc/Users/mtcampbe/CEESD/Quartz/Install/conda/envs/dgfem
                         /usr/workspace/wsa/xpacc/Users/mtcampbe/CEESD/Quartz/Install/conda/envs/mc.master

LMOD_FAMILY_COMPILER_VERSION=10.2.1
LLNL_IPISOLATE=0
MANPATH=/usr/tce/packages/spectrum-mpi/ibm/spectrum-mpi-rolling-release/share/man:/usr/tce/packages/gcc/gcc-10.2.1/man:/opt/ibm/spectrumcomputing/lsf/10.1.0.10/man:/usr/man:/usr/share/man:/usr/local/man:/usr/X11R6/man:/usr/lib64/mvapich/default/man:/opt/ibm/spectrum_mpi/jsm_pmix/share/man
LSB_EXEC_CLUSTER=lassen
OMPI_COMM_WORLD_RANK=0
LMOD_FAMILY_CUDA=cuda
LMOD_ANCIENT_TIME=3600
GUESTFISH_INIT=\e[1;34m
_ModuleTable003_=VCA9IHt9LApzdGFja0RlcHRoID0gMSwKc3RhdHVzID0gImFjdGl2ZSIsCnVzZXJOYW1lID0gImN1ZGEvMTEuMi4wIiwKd1YgPSAiXjAwMDAwMDExLjAwMDAwMDAwMi4qemZpbmFsIiwKfSwKZ2NjID0gewpmbiA9ICIvdXNyL3RjZXRtcC9tb2R1bGVmaWxlcy9Db3JlL2djYy8xMC4yLjEubHVhIiwKZnVsbE5hbWUgPSAiZ2NjLzEwLjIuMSIsCmxvYWRPcmRlciA9IDUsCnByb3BUID0ge30sCnN0YWNrRGVwdGggPSAwLApzdGF0dXMgPSAiYWN0aXZlIiwKdXNlck5hbWUgPSAiZ2NjLzEwLjIuMSIsCndWID0gIjAwMDAwMDAxMC4wMDAwMDAwMDIuMDAwMDAwMDAxLip6ZmluYWwiLAp9LApsYWxsb2MgPSB7CmZuID0gIi91c3IvdGNldG1wL21vZHVsZWZpbGVzL0NvcmUvbGFsbG9jLzIu
HOSTNAME=lassen408
PROJ_DATA=/p/gpfs1/mtcampbe/CEESD/AutomatedTesting/MIRGE-Timing/timing/emirge/miniforge3/envs/nozzle.lazy.timing.env/share/proj
LSB_EFFECTIVE_RSRCREQ=1*{select[(LN) && (type == any)] order[r15s:pg] span[hosts=1]}+40*{select[(CN) && (type == any)] order[r15s:pg] span[ptile=40]}
LSB_DOCKER_JOB_STARTTS=1725085772
BBHASH=ba27aabf119cc1043e26dae052738f2c
JSM_TMPDIR=/var/tmp
MIRGE_TIMING_HOME=/p/gpfs1/mtcampbe/CEESD/AutomatedTesting/MIRGE-Timing/timing
LSF_LOGDIR=/opt/ibm/spectrumcomputing/lsf/log
LSF_LIM_API_NTRIES=1
LSB_BATCH_JID=6141712
__LMOD_REF_COUNT_MODULEPATH=/usr/tce/modulefiles/MPI/gcc/10.2.1/spectrum-mpi/rolling-release:1;/usr/tce/modulefiles/Compiler/gcc/10.2.1:1;/usr/tcetmp/modulefiles/Core:1;/usr/apps/modulefiles:1;/usr/share/modulefiles/Linux:1;/usr/share/modulefiles/Core:1;/usr/share/lmod/lmod/modulefiles/Core:1;/collab/usr/global/tools/modulefiles/blueos_3_ppc64le_ib_p9/Core:1
MAILTO=mtcampbe@illinois.edu,andreask@illinois.edu,matthias.diener@gmail.com
SHELL=/bin/bash
LMOD_ROOT=/usr/share/lmod
LMOD_FAMILY_BASEGCC_VERSION=11.2.1
HISTSIZE=1000
WISECONFIGDIR=/usr/share/wise2/
LMOD_SYSTEM_DEFAULT_MODULES=StdEnv
TMPDIR=/var/tmp
MODULEPATH_ROOT=/usr/share/modulefiles
SSH_CLIENT=192.168.66.202 35706 22
LS_EXECCWD=/p/gpfs1/mtcampbe/CEESD/AutomatedTesting/MIRGE-Timing/timing/emirge/mirgecom/y2-isolator/timing_run
LSB_TRAPSIGS=trap # 15 10 12 2 1
CONDA_SHLVL=1
LMOD_FAMILY_CUDA_VERSION=11.2.0
LS_JOBPID=118148
CONDA_PROMPT_MODIFIER=
GSETTINGS_SCHEMA_DIR_CONDA_BACKUP=
LSB_MAX_NUM_PROCESSORS=41
LSB_JOBRES_CALLBACK=43835@lassen710
LMOD_PKG=/usr/share/lmod/lmod
LSB_JOB_EXECUSER=mtcampbe
LSB_JOBID=6141712
QTDIR=/usr/lib64/qt-3.3
LSF_SERVERDIR=/opt/ibm/spectrumcomputing/lsf/10.1.0.10/linux3.10-glibc2.17-ppc64le-csm/etc
LSB_JOBRES_PID=118148
LMOD_VERSION=8.6.16
LMOD_SHORT_TIME=60
QTINC=/usr/lib64/qt-3.3/include
LSB_JOBNAME=isolator_timing_job.sh
LLNL_COMPUTE_NODES=lassen408
LLNL_ATSDISABLE=0
_ModuleTable007_=ZXMvTGludXg6L3Vzci9zaGFyZS9tb2R1bGVmaWxlcy9Db3JlOi91c3Ivc2hhcmUvbG1vZC9sbW9kL21vZHVsZWZpbGVzL0NvcmUiLAp9Cg==
BSUB_BLOCK_EXEC_HOST=
QT_GRAPHICSSYSTEM_CHECKED=1
LSF_LIBDIR=/opt/ibm/spectrumcomputing/lsf/10.1.0.10/linux3.10-glibc2.17-ppc64le-csm/lib
OPAL_PREFIX=/usr/tce/packages/spectrum-mpi/ibm/spectrum-mpi-rolling-release
LSB_PROJECT_NAME=default
CUDA_HOME=/usr/tce/packages/cuda/cuda-11.2.0
USER=mtcampbe
PYOPENCL_CTX=port:tesla
LMOD_sys=Linux
LMOD_FAMILY_BASEGCC=base-gcc
LD_LIBRARY_PATH=/opt/ibm/spectrumcomputing/lsf/10.1.0.10/linux3.10-glibc2.17-ppc64le-csm/lib:/usr/tce/packages/cuda/cuda-11.2.0/lib64
SBD_KRB5CCNAME_VAL=
NVHPC_CUDA_HOME=/usr/tce/packages/cuda/cuda-11.2.0
LSB_EEXEC_REAL_UID=
REQUESTS_CA_BUNDLE=/etc/pki/tls/cert.pem
CONDA_EXE=/p/gpfs1/mtcampbe/CEESD/AutomatedTesting/MIRGE-Timing/timing/emirge/miniforge3/bin/conda
CEESD=/usr/workspace/wsa/xpacc/Users/mtcampbe/CEESD/Lassen
PFTP_CONFIG_FILENAME=/etc/pftp_config
ENV=/g/g17/mtcampbe/.bashrc
HOST_GRP=linux
_ModuleTable004_=MC5sdWEiLApmdWxsTmFtZSA9ICJsYWxsb2MvMi4wIiwKbG9hZE9yZGVyID0gMywKcHJvcFQgPSB7fSwKc3RhY2tEZXB0aCA9IDAsCnN0YXR1cyA9ICJhY3RpdmUiLAp1c2VyTmFtZSA9ICJsYWxsb2MvMi4wIiwKd1YgPSAiXjAwMDAwMDAyLip6ZmluYWwiLAp9LApbInNwZWN0cnVtLW1waSJdID0gewpmbiA9ICIvdXNyL3RjZS9tb2R1bGVmaWxlcy9Db21waWxlci9nY2MvMTAuMi4xL3NwZWN0cnVtLW1waS9yb2xsaW5nLXJlbGVhc2UubHVhIiwKZnVsbE5hbWUgPSAic3BlY3RydW0tbXBpL3JvbGxpbmctcmVsZWFzZSIsCmxvYWRPcmRlciA9IDYsCnByb3BUID0ge30sCnN0YWNrRGVwdGggPSAwLApzdGF0dXMgPSAiYWN0aXZlIiwKdXNlck5hbWUgPSAic3BlY3RydW0tbXBpL3Jv
HOSTTYPE=LINUXPPC64LE
LSF_INVOKE_CMD=bsub
CUDA_CACHE_DISABLE=1
LS_EXEC_T=START
LMOD_FAMILY_LALLOC=lalloc
LS_SUBCWD=/p/gpfs1/mtcampbe/CEESD/AutomatedTesting/MIRGE-Timing/timing/emirge/mirgecom/y2-isolator/timing_run
LSB_SUB_RES_REQ=1*{select[LN]span[hosts=1]} + 40*{select[CN]span[ptile=40]}
LSB_HOSTS=lassen710 lassen408 lassen408 lassen408 lassen408 lassen408 lassen408 lassen408 lassen408 lassen408 lassen408 lassen408 lassen408 lassen408 lassen408 lassen408 lassen408 lassen408 lassen408 lassen408 lassen408 lassen408 lassen408 lassen408 lassen408 lassen408 lassen408 lassen408 lassen408 lassen408 lassen408 lassen408 lassen408 lassen408 lassen408 lassen408 lassen408 lassen408 lassen408 lassen408 lassen408
LMOD_PREPEND_BLOCK=normal
LMOD_FAMILY_MPI_VERSION=rolling-release
GUESTFISH_PS1=\[\e[1;32m\]><fs>\[\e[0;31m\] 
_CE_CONDA=
LSB_UNIXGROUP_INT=mtcampbe
LSB_JOBFILENAME=/g/g17/mtcampbe/.lsbatch/1725085769.6141712
LSB_JOBINDEX=0
_ModuleTable001_=X01vZHVsZVRhYmxlXyA9IHsKTVR2ZXJzaW9uID0gMywKY19yZWJ1aWxkVGltZSA9IGZhbHNlLApjX3Nob3J0VGltZSA9IGZhbHNlLApkZXB0aFQgPSB7fSwKZmFtaWx5ID0gewpiYXNlZ2NjID0gImJhc2UtZ2NjIiwKY29tcGlsZXIgPSAiZ2NjIiwKY3VkYSA9ICJjdWRhIiwKbGFsbG9jID0gImxhbGxvYyIsCm1waSA9ICJzcGVjdHJ1bS1tcGkiLAp9LAptVCA9IHsKU3RkRW52ID0gewpmbiA9ICIvdXNyL3RjZXRtcC9tb2R1bGVmaWxlcy9Db3JlL1N0ZEVudi5sdWEiLApmdWxsTmFtZSA9ICJTdGRFbnYiLApsb2FkT3JkZXIgPSAyLApwcm9wVCA9IHsKbG1vZCA9IHsKc3RpY2t5ID0gMSwKfSwKfSwKc3RhY2tEZXB0aCA9IDAsCnN0YXR1cyA9ICJhY3RpdmUiLAp1c2VyTmFtZSA9
PATH=/usr/tce/packages/spectrum-mpi/spectrum-mpi-rolling-release-gcc-10.2.1/bin:/usr/tce/packages/gcc/gcc-10.2.1/bin:/usr/tce/packages/lalloc/lalloc-2.0/bin:/p/gpfs1/mtcampbe/CEESD/AutomatedTesting/MIRGE-Timing/timing/emirge/miniforge3/envs/nozzle.lazy.timing.env/bin:/p/gpfs1/mtcampbe/CEESD/AutomatedTesting/MIRGE-Timing/timing/emirge/miniforge3/bin:/usr/tce/packages/spectrum-mpi/spectrum-mpi-rolling-release-gcc-8.3.1/bin:/usr/tce/packages/gcc/gcc-8.3.1/bin:/usr/tce/packages/cuda/cuda-11.2.0/bin:/usr/tcetmp/packages/base-gcc/base-gcc-11.2.1/bin:/usr/tcetmp/bin:/usr/condabin:/usr/workspace/wsa/xpacc/Users/mtcampbe/CEESD/Lassen/conda-install/bin:/usr/tce/packages/cuda/cuda-10.1.243/bin:/usr/lib64/qt-3.3/bin:/usr/local/bin:/usr/bin:/usr/local/sbin:/usr/sbin:/opt/ibm/spectrum_mpi/jsm_pmix/bin:/opt/ibm/bb/bin:/opt/ibm/flightlog/bin:/opt/ibutils/bin:/opt/ibm/spectrumcomputing/lsf/10.1.0.10/linux3.10-glibc2.17-ppc64le-csm/etc:/opt/ibm/spectrumcomputing/lsf/10.1.0.10/linux3.10-glibc2.17-ppc64le-csm/bin:/opt/ibm/spectrumcomputing/lsf/10.1.0.9/linux3.10-glibc2.17-ppc64le-csm/etc:/opt/ibm/spectrumcomputing/lsf/10.1.0.9/linux3.10-glibc2.17-ppc64le-csm/bin:/g/g17/mtcampbe/tools/bin
MAIL=/var/spool/mail/mtcampbe
PROJ_NETWORK=ON
GSETTINGS_SCHEMA_DIR=/p/gpfs1/mtcampbe/CEESD/AutomatedTesting/MIRGE-Timing/timing/emirge/miniforge3/envs/nozzle.lazy.timing.env/share/glib-2.0/schemas
LCSCHEDCLUSTER=lassen
XML_CATALOG_FILES=file:///p/gpfs1/mtcampbe/CEESD/AutomatedTesting/MIRGE-Timing/timing/emirge/miniforge3/envs/nozzle.lazy.timing.env/etc/xml/catalog file:///etc/xml/catalog
LSB_EXIT_PRE_ABORT=99
LSB_JOBEXIT_STAT=0
LMOD_SETTARG_CMD=:
LMOD_FAMILY_LALLOC_VERSION=2.0
CONDA_PREFIX=/p/gpfs1/mtcampbe/CEESD/AutomatedTesting/MIRGE-Timing/timing/emirge/miniforge3/envs/nozzle.lazy.timing.env
INPUTRC=/etc/inputrc
PWD=/p/gpfs1/mtcampbe/CEESD/AutomatedTesting/MIRGE-Timing/timing/emirge/mirgecom/y2-isolator/timing_run
_LMFILES_=/usr/tcetmp/modulefiles/Core/cuda/11.2.0.lua:/usr/tcetmp/modulefiles/Core/StdEnv.lua:/usr/tcetmp/modulefiles/Core/lalloc/2.0.lua:/usr/tcetmp/modulefiles/Core/base-gcc/11.2.1.lua:/usr/tcetmp/modulefiles/Core/gcc/10.2.1.lua:/usr/tce/modulefiles/Compiler/gcc/10.2.1/spectrum-mpi/rolling-release.lua
EDITOR=/bin/vi
LANG=en_US.UTF-8
LSB_CHKFILENAME=/g/g17/mtcampbe/.lsbatch/1725085769.6141712
MODULEPATH=/usr/tce/modulefiles/MPI/gcc/10.2.1/spectrum-mpi/rolling-release:/usr/tce/modulefiles/Compiler/gcc/10.2.1:/usr/tcetmp/modulefiles/Core:/usr/apps/modulefiles:/usr/share/modulefiles/Linux:/usr/share/modulefiles/Core:/usr/share/lmod/lmod/modulefiles/Core:/collab/usr/global/tools/modulefiles/blueos_3_ppc64le_ib_p9/Core
LSB_DJOB_HOSTFILE=/g/g17/mtcampbe/.lsbatch/1725085769.6141712.hostfile
LOADEDMODULES=cuda/11.2.0:StdEnv:lalloc/2.0:base-gcc/11.2.1:gcc/10.2.1:spectrum-mpi/rolling-release
KDEDIRS=/usr
GUESTFISH_OUTPUT=\e[0m
_ModuleTable_Sz_=6
LSB_JOB_STARTER=/usr/tcetmp/bin/bsub_job_starter %USRCMD
EMIRGE_HOME=/p/gpfs1/mtcampbe/CEESD/AutomatedTesting/MIRGE-Timing/timing/emirge
LSF_JOB_TIMESTAMP_VALUE=1725085772
LMOD_CMD=/usr/share/lmod/lmod/libexec/lmod
_ModuleTable005_=bGxpbmctcmVsZWFzZSIsCndWID0gIl5yb2xsaW5nLipyZWxlYXNlLip6ZmluYWwiLAp9LAp9LAptcGF0aEEgPSB7CiIvdXNyL3RjZS9tb2R1bGVmaWxlcy9NUEkvZ2NjLzEwLjIuMS9zcGVjdHJ1bS1tcGkvcm9sbGluZy1yZWxlYXNlIgosICIvdXNyL3RjZS9tb2R1bGVmaWxlcy9Db21waWxlci9nY2MvMTAuMi4xIiwgIi91c3IvdGNldG1wL21vZHVsZWZpbGVzL0NvcmUiCiwgIi91c3IvYXBwcy9tb2R1bGVmaWxlcyIsICIvdXNyL3NoYXJlL21vZHVsZWZpbGVzL0xpbnV4IgosICIvdXNyL3NoYXJlL21vZHVsZWZpbGVzL0NvcmUiLCAiL3Vzci9zaGFyZS9sbW9kL2xtb2QvbW9kdWxlZmlsZXMvQ29yZSIsICIvY29sbGFiL3Vzci9nbG9iYWwvdG9vbHMvbW9kdWxlZmlsZXMvYmx1
BBPATH=/mnt/bb_ba27aabf119cc1043e26dae052738f2c
LSB_EXEC_HOSTTYPE=UNKNOWN_AUTO_DETECT
LSB_DJOB_NUMPROC=41
LSF_BINDIR=/opt/ibm/spectrumcomputing/lsf/10.1.0.10/linux3.10-glibc2.17-ppc64le-csm/bin
LLNL_NUM_COMPUTE_NODES=1
HISTCONTROL=ignoredups
_CE_M=
SSH_ASKPASS=/usr/libexec/openssh/gnome-ssh-askpass
ENVIRONMENT=BATCH
CXX=mpicxx
HOME=/g/g17/mtcampbe
SHLVL=6
__LMOD_REF_COUNT_PATH=/usr/tce/packages/spectrum-mpi/spectrum-mpi-rolling-release-gcc-10.2.1/bin:1;/usr/tce/packages/gcc/gcc-10.2.1/bin:1;/usr/tce/packages/lalloc/lalloc-2.0/bin:2;/p/gpfs1/mtcampbe/CEESD/AutomatedTesting/MIRGE-Timing/timing/emirge/miniforge3/envs/nozzle.lazy.timing.env/bin:1;/p/gpfs1/mtcampbe/CEESD/AutomatedTesting/MIRGE-Timing/timing/emirge/miniforge3/bin:1;/usr/tce/packages/spectrum-mpi/spectrum-mpi-rolling-release-gcc-8.3.1/bin:1;/usr/tce/packages/gcc/gcc-8.3.1/bin:1;/usr/tce/packages/cuda/cuda-11.2.0/bin:1;/usr/tcetmp/packages/base-gcc/base-gcc-11.2.1/bin:1;/usr/tcetmp/bin:1;/usr/condabin:1;/usr/workspace/wsa/xpacc/Users/mtcampbe/CEESD/Lassen/conda-install/bin:1;/usr/tce/packages/cuda/cuda-10.1.243/bin:1;/usr/lib64/qt-3.3/bin:1;/usr/local/bin:1;/usr/bin:1;/usr/local/sbin:1;/usr/sbin:1;/opt/ibm/spectrum_mpi/jsm_pmix/bin:1;/opt/ibm/bb/bin:1;/opt/ibm/flightlog/bin:1;/opt/ibutils/bin:1;/opt/ibm/spectrumcomputing/lsf/10.1.0.10/linux3.10-glibc2.17-ppc64le-csm/etc:1;/opt/ibm/spectrumcomputing/lsf/10.1.0.10/linux3.10-glibc2.17-ppc64le-csm/bin:1;/opt/ibm/spectrumcomputing/lsf/10.1.0.9/linux3.10-glibc2.17-ppc64le-csm/etc:1;/opt/ibm/spectrumcomputing/lsf/10.1.0.9/linux3.10-glibc2.17-ppc64le-csm/bin:1
JOB_TERMINATE_INTERVAL=10
LSB_ACCT_FILE=/tmp/6141712.tmpdir/.1725085769.6141712.acct
_ModuleTable002_=ICJTdGRFbnYiLAp3ViA9ICJNLip6ZmluYWwiLAp9LApbImJhc2UtZ2NjIl0gPSB7CmZuID0gIi91c3IvdGNldG1wL21vZHVsZWZpbGVzL0NvcmUvYmFzZS1nY2MvMTEuMi4xLmx1YSIsCmZ1bGxOYW1lID0gImJhc2UtZ2NjLzExLjIuMSIsCmxvYWRPcmRlciA9IDQsCnByb3BUID0ge30sCnN0YWNrRGVwdGggPSAwLApzdGF0dXMgPSAiYWN0aXZlIiwKdXNlck5hbWUgPSAiYmFzZS1nY2MvMTEuMi4xIiwKd1YgPSAiMDAwMDAwMDExLjAwMDAwMDAwMi4wMDAwMDAwMDEuKnpmaW5hbCIsCn0sCmN1ZGEgPSB7CmZuID0gIi91c3IvdGNldG1wL21vZHVsZWZpbGVzL0NvcmUvY3VkYS8xMS4yLjAubHVhIiwKZnVsbE5hbWUgPSAiY3VkYS8xMS4yLjAiLApsb2FkT3JkZXIgPSAxLApwcm9w
CSM_ALLOCATION_ID=6762964
BINARY_TYPE_HPC=
LLNL_CORE_ISOLATION=2
FC=mpif90
LSB_SUB_HOST=lassen708
XDG_CACHE_HOME=/tmp/mtcampbe/xdg-scratch
__LSF_JOB_TMPDIR__=/tmp/6141712.tmpdir
LSFUSER=mtcampbe
LSB_SUB_USER=mtcampbe
LSB_OUTDIR=/p/gpfs1/mtcampbe/CEESD/AutomatedTesting/MIRGE-Timing/timing/emirge/mirgecom/y2-isolator/timing_run
LSB_MCPU_HOSTS=lassen710 1 lassen408 40 
LMOD_arch=ppc64le
TMP=/var/tmp
MPI_ROOT=/usr/tce/packages/spectrum-mpi/ibm/spectrum-mpi-rolling-release
LSB_QUEUE=pbatch
LSB_OUTPUTFILE=/p/gpfs1/mtcampbe/CEESD/AutomatedTesting/MIRGE-Timing/timing/emirge/mirgecom/y2-isolator/timing_run/
CONDA_PYTHON_EXE=/p/gpfs1/mtcampbe/CEESD/AutomatedTesting/MIRGE-Timing/timing/emirge/miniforge3/bin/python
LOGNAME=mtcampbe
QTLIB=/usr/lib64/qt-3.3/lib
CVS_RSH=ssh
XLSF_UIDDIR=/opt/ibm/spectrumcomputing/lsf/10.1.0.10/linux3.10-glibc2.17-ppc64le-csm/lib/uid
XDG_DATA_DIRS=/p/gpfs1/mtcampbe/CEESD/AutomatedTesting/MIRGE-Timing/.local/share/flatpak/exports/share:/var/lib/flatpak/exports/share:/usr/local/share:/usr/share
SSH_CONNECTION=192.168.66.202 35706 192.168.65.154 22
SYS_TYPE=blueos_3_ppc64le_ib_p9
MODULESHOME=/usr/share/lmod/lmod
LMOD_SETTARG_FULL_SUPPORT=no
LESSOPEN=||/usr/bin/lesspipe.sh %s
__LMOD_REF_COUNT_LD_LIBRARY_PATH=/usr/tce/packages/cuda/cuda-11.2.0/lib64:1;/opt/ibm/spectrumcomputing/lsf/10.1.0.10/linux3.10-glibc2.17-ppc64le-csm/lib:1
PKG_CONFIG_PATH=/usr/tce/packages/cuda/cuda-11.2.0/lib64/pkgconfig
OMP_NUM_THREADS=1
LSF_CGROUP_TOPDIR_KEY=lassen
CONDA_DEFAULT_ENV=nozzle.lazy.timing.env
LMOD_FULL_SETTARG_SUPPORT=no
LMOD_FAMILY_COMPILER=gcc
LSB_XFER_OP=
LSB_EEXEC_REAL_GID=
__LMOD_REF_COUNT_PKG_CONFIG_PATH=/usr/tce/packages/cuda/cuda-11.2.0/lib64/pkgconfig:1
CC=mpicc
QT_PLUGIN_PATH=/usr/lib64/kde4/plugins:/usr/lib/kde4/plugins
LMOD_DIR=/usr/share/lmod/lmod/libexec
LEXEC_UNPICKLE_QUIET=1
__LMOD_REF_COUNT_MANPATH=/usr/tce/packages/spectrum-mpi/ibm/spectrum-mpi-rolling-release/share/man:1;/usr/tce/packages/gcc/gcc-10.2.1/man:1;/opt/ibm/spectrumcomputing/lsf/10.1.0.10/man:1;/usr/man:1;/usr/share/man:1;/usr/local/man:1;/usr/X11R6/man:1;/usr/lib64/mvapich/default/man:1;/opt/ibm/spectrum_mpi/jsm_pmix/share/man:1
_ModuleTable006_=ZW9zXzNfcHBjNjRsZV9pYl9wOS9Db3JlIiwKfSwKc3lzdGVtQmFzZU1QQVRIID0gIi91c3IvdGNldG1wL21vZHVsZWZpbGVzL0NvcmU6L3Vzci9hcHBzL21vZHVsZWZpbGVzOi91c3Ivc2hhcmUvbW9kdWxlZmlsZXMvTGludXg6L3Vzci9zaGFyZS9tb2R1bGVmaWxlcy9Db3JlOi91c3Ivc2hhcmUvbG1vZC9sbW9kL21vZHVsZWZpbGVzL0NvcmUiLAp9Cg==
LSF_ENVDIR=/opt/ibm/spectrumcomputing/lsf/conf
GUESTFISH_RESTORE=\e[0m
LSB_DJOB_RANKFILE=/g/g17/mtcampbe/.lsbatch/1725085769.6141712.hostfile
LMOD_FAMILY_MPI=spectrum-mpi
LMOD_COLORIZE=yes
HISTFILE=/g/g17/mtcampbe/.bash_history
BASH_FUNC_module()=() {  local __lmod_my_status;
 local __lmod_sh_dbg;
 if [ -z "${LMOD_SH_DBG_ON+x}" ]; then
 case "$-" in 
 *v*x*)
 __lmod_sh_dbg='vx'
 ;;
 *v*)
 __lmod_sh_dbg='v'
 ;;
 *x*)
 __lmod_sh_dbg='x'
 ;;
 esac;
 fi;
 if [ -n "${__lmod_sh_dbg:-}" ]; then
 set +$__lmod_sh_dbg;
 echo "Shell debugging temporarily silenced: export LMOD_SH_DBG_ON=1 for Lmod's output" 1>&2;
 fi;
 eval "$($LMOD_CMD bash "$@")" && eval $(${LMOD_SETTARG_CMD:-:} -s sh);
 __lmod_my_status=$?;
 if [ -n "${__lmod_sh_dbg:-}" ]; then
 echo "Shell debugging restarted" 1>&2;
 set -$__lmod_sh_dbg;
 fi;
 return $__lmod_my_status
}
BASH_FUNC_ml()=() {  eval "$($LMOD_DIR/ml_cmd "$@")"
}
_=/usr/bin/env
LSB_MCPU_HOSTS=lassen710 1 lassen408 40 
Default casename isolator
Using user input from file: timing_params.yaml
Running ./isolator.py

2024-08-30 23:29:42,557 - INFO - grudge.array_context - get_reasonable_array_context_class: MPIFusionContractorArrayContext lazy=True distributed=True device-parallel=True
2024-08-30 23:29:43,822 - INFO - mirgecom.mpi - Using mpi4py version 4.0.0 with pkl5 scatter support.
+ command -v brew
+ command -v apt
+ command -v rpm
+ rpm -qa
+ set +x

Currently Loaded Modules:
  1) cuda/11.2.0       3) lalloc/2.0        5) gcc/10.2.1
  2) StdEnv      (S)   4) base-gcc/11.2.1   6) spectrum-mpi/rolling-release

  Where:
   S:  Module is Sticky, requires --force to unload or purge

 

2024-08-30 23:30:24,994 - INFO - mirgecom.logging_quantities - emirge's version.sh: completed (40.28s wall 0.00x CPU)
2024-08-30 23:30:25,122 - INFO - mirgecom.simutil - Using SVM-based memory pool on <pyopencl.Device 'Tesla V100-SXM2-16GB' on 'Portable Computing Language' at 0x102acf140>.
Shock capturing parameters: alpha 0.5, s0 -4.0, kappa 0.5

#### Simluation control data: ####
	nviz = 100
	nrestart = 100
	nhealth = 100
	nstatus = 100
	current_dt = 1e-08
	t_final = 2e-07
	order = 1
	dimen = 2
	Time integration rk4
#### Simluation control data: ####


#### Simluation material properties: ####
	mu = 4.216360056e-05
	kappa = 0.05621788139856423
	Prandtl Number  = 0.75
#### Simluation initialization data: ####
	inlet Mach number 0.038727226466056475
	inlet temperature 2075.8073416311686
	inlet pressure 274212.0081934861
	inlet rho 0.4623484671063763
	inlet velocity 35.28896626974282
	outlet Mach number 3.661995139955526
	outlet temperature 563.9344091915701
	outlet pressure 2865.7077436508835
	outlet rho 0.01778579568979098
	outlet velocity 1739.2462693097807
#### Simluation initialization data: ####

Reading mesh from data/isolator.msh
./isolator.py:1087: DeprecationWarning: generate_and_distribute_mesh is deprecated and will go away Q4 2022. Use distribute_mesh instead.
  local_mesh, global_nelements = generate_and_distribute_mesh(
Read(rank, batch): Dist(0, 0) on lassen408.
Reading mesh on lassen408.
Reading gmsh mesh from disk file...
Done. Populating meshmode data structures...
Done.
Read GMSH: 0.056476593017578125
MeshData: 0.07047486305236816
Mesh reading done on all nodes.
Making partition table on all nodes.
Partitioning mesh on all nodes.
Partitioning done, distributing to node-local ranks.
Making discretization
./isolator.py:1094: DeprecationWarning: mpi_communicator argument is deprecated and will disappear in Q4 2022.
  dcoll = create_discretization_collection(
Done making discretization
/p/gpfs1/mtcampbe/CEESD/AutomatedTesting/MIRGE-Timing/timing/emirge/arraycontext/arraycontext/impl/pytato/__init__.py:442: UserWarning: Running on an Nvidia GPU, reducing the argument size limit from 4352 to 3896.
  warn("Running on an Nvidia GPU, reducing the argument "
2024-08-30 23:30:31,566 - INFO - arraycontext.impl.pytato - limiting argument buffer size for <pyopencl.Device 'Tesla V100-SXM2-16GB' on 'Portable Computing Language' at 0x102acf140> to 3896 bytes
2024-08-30 23:30:31,612 - INFO - meshmode.array_context - Transforming kernel 'frozen_nodes0_2d' with 1 statements.
2024-08-30 23:30:31,651 - INFO - meshmode.array_context - Array Contraction: Contracting 0 temps
2024-08-30 23:30:31,653 - INFO - meshmode.array_context - [_alias_global_temporaries]: Reduced memory requirement of 'frozen_nodes0_2d' from 0.0MB to 0.0MB.
2024-08-30 23:30:35,673 - INFO - loopy.tools - preprocess_program on 'frozen_nodes0_2d': completed (4.01s wall 0.10x CPU)
2024-08-30 23:30:36,761 - INFO - pyopencl - build program: kernel 'frozen_nodes0_2d' was part of a lengthy uncached source build (assuming cached by ICD) (0.97 s)
2024-08-30 23:30:36,846 - INFO - meshmode.array_context - Transforming kernel 'frozen_nodes1_2d' with 1 statements.
2024-08-30 23:30:36,868 - INFO - meshmode.array_context - Array Contraction: Contracting 0 temps
2024-08-30 23:30:36,870 - INFO - meshmode.array_context - [_alias_global_temporaries]: Reduced memory requirement of 'frozen_nodes1_2d' from 0.0MB to 0.0MB.
2024-08-30 23:30:37,330 - INFO - pyopencl - build program: kernel 'frozen_nodes1_2d' was part of a lengthy uncached source build (assuming cached by ICD) (0.37 s)
Before restart/init
Initializing soln.
Initialization for Case(isolator)
===
Num 2d order-1 elements: 2504
Num global elements: 2504
Timestep:        1e-08
Initial time:    0
Final time:      2e-07
CFL:             1.0
Constant CFL:    False
Initialization:  isolator
EOS:             IdealSingleGas

2024-08-30 23:30:39,277 - INFO - meshmode.array_context - transform_dag.infer_axes_tags: completed (0.75s wall 1.00x CPU)
2024-08-30 23:30:39,489 - INFO - arraycontext.impl.pytato - limiting argument buffer size for <pyopencl.Device 'Tesla V100-SXM2-16GB' on 'Portable Computing Language' at 0x102acf140> to 3896 bytes
2024-08-30 23:30:40,299 - INFO - meshmode.array_context - Transforming kernel 'frozen_result' with 14 statements.
2024-08-30 23:30:42,002 - INFO - loopy.tools - fuse_same_discretization_entity_loops on 'frozen_result': completed (1.55s wall 1.00x CPU)
2024-08-30 23:30:42,180 - INFO - meshmode.array_context - Loop Fusion: completed (1.88s wall 1.00x CPU)
2024-08-30 23:30:42,629 - INFO - meshmode.array_context - Array Contraction: Contracting 10 temps
2024-08-30 23:30:44,539 - INFO - loopy.tools - contract_arrays on 'frozen_result': completed (1.91s wall 1.00x CPU)
2024-08-30 23:30:44,743 - INFO - meshmode.array_context - Array Contraction: completed (2.26s wall 1.00x CPU)
2024-08-30 23:30:44,745 - INFO - meshmode.array_context - [_alias_global_temporaries]: Reduced memory requirement of 'frozen_result' from 0.5MB to 0.4MB.
2024-08-30 23:30:47,208 - INFO - loopy.tools - preprocess_program on 'frozen_result': completed (1.58s wall 1.00x CPU)
2024-08-30 23:30:51,307 - INFO - loopy.codegen - frozen_result: generate code: completed (2.05s wall 1.00x CPU)
2024-08-30 23:30:57,030 - INFO - pyopencl - build program: kernel 'frozen_result' was part of a lengthy uncached source build (assuming cached by ICD) (4.90 s)
2024-08-30 23:30:57,416 - INFO - pytato.distributed.verify - find_distributed_partition: Split 21 nodes into 1 parts, with [21] nodes in each partition.
2024-08-30 23:30:57,474 - INFO - meshmode.array_context - Transforming kernel 'get_fluid_state_part_0' with 15 statements.
2024-08-30 23:30:57,625 - INFO - meshmode.array_context - Array Contraction: Contracting 1 temps
2024-08-30 23:30:57,651 - INFO - meshmode.array_context - [_alias_global_temporaries]: Reduced memory requirement of 'get_fluid_state_part_0' from 0.1MB to 0.1MB.
2024-08-30 23:30:58,535 - INFO - pyopencl - build program: kernel 'get_fluid_state_part_0' was part of a lengthy uncached source build (assuming cached by ICD) (0.39 s)
./isolator.py:1349: DeprecationWarning: simutil.force_evaluation is deprecated and will disappear in Q3 2023. Use utils.force_evaluation instead.
  fluid_state = force_evaluation(actx, create_fluid_state(cv=state))
2024-08-30 23:30:58,687 - INFO - arraycontext.impl.pytato - limiting argument buffer size for <pyopencl.Device 'Tesla V100-SXM2-16GB' on 'Portable Computing Language' at 0x102acf140> to 3896 bytes
2024-08-30 23:30:58,761 - INFO - meshmode.array_context - Transforming kernel 'frozen_area_el_vol' with 10 statements.
2024-08-30 23:30:58,953 - INFO - meshmode.array_context - Array Contraction: Contracting 1 temps
2024-08-30 23:30:58,986 - INFO - meshmode.array_context - [_alias_global_temporaries]: Reduced memory requirement of 'frozen_area_el_vol' from 0.3MB to 0.2MB.
2024-08-30 23:30:59,980 - INFO - pyopencl - build program: kernel 'frozen_area_el_vol' was part of a lengthy uncached source build (assuming cached by ICD) (0.42 s)
2024-08-30 23:31:00,033 - INFO - meshmode.discretization.connection.face - building face restriction: start
2024-08-30 23:31:00,043 - INFO - meshmode.discretization.connection.face - building face restriction: done
2024-08-30 23:31:00,143 - INFO - meshmode.array_context - Transforming kernel 'frozen_area_el_b_face_restr_all' with 7 statements.
2024-08-30 23:31:00,263 - INFO - meshmode.array_context - Array Contraction: Contracting 2 temps
2024-08-30 23:31:00,297 - INFO - meshmode.array_context - [_alias_global_temporaries]: Reduced memory requirement of 'frozen_area_el_b_face_restr_all' from 0.5MB to 0.3MB.
2024-08-30 23:31:01,081 - INFO - pyopencl - build program: kernel 'frozen_area_el_b_face_restr_all' was part of a lengthy uncached source build (assuming cached by ICD) (0.40 s)
2024-08-30 23:31:01,167 - INFO - meshmode.array_context - Transforming kernel 'frozen_dt_geometric_vol' with 7 statements.
2024-08-30 23:31:01,326 - INFO - meshmode.array_context - Array Contraction: Contracting 0 temps
2024-08-30 23:31:01,336 - INFO - meshmode.array_context - [_alias_global_temporaries]: Reduced memory requirement of 'frozen_dt_geometric_vol' from 0.3MB to 0.2MB.
2024-08-30 23:31:02,304 - INFO - pyopencl - build program: kernel 'frozen_dt_geometric_vol' was part of a lengthy uncached source build (assuming cached by ICD) (0.42 s)
2024-08-30 23:31:02,355 - INFO - meshmode.array_context - Transforming kernel 'frozen_char_lscales' with 1 statements.
2024-08-30 23:31:02,369 - INFO - meshmode.array_context - Array Contraction: Contracting 0 temps
2024-08-30 23:31:02,371 - INFO - meshmode.array_context - [_alias_global_temporaries]: Reduced memory requirement of 'frozen_char_lscales' from 0.0MB to 0.0MB.
2024-08-30 23:31:02,794 - INFO - pyopencl - build program: kernel 'frozen_char_lscales' was part of a lengthy uncached source build (assuming cached by ICD) (0.36 s)
2024-08-30 23:31:02,843 - INFO - meshmode.array_context - Transforming kernel 'frozen_result' with 4 statements.
2024-08-30 23:31:02,895 - INFO - meshmode.array_context - Array Contraction: Contracting 3 temps
2024-08-30 23:31:02,931 - INFO - meshmode.array_context - [_alias_global_temporaries]: Reduced memory requirement of 'frozen_result' from 0.2MB to 0.2MB.
2024-08-30 23:31:03,458 - INFO - pyopencl - build program: kernel 'frozen_result' was part of a lengthy uncached source build (assuming cached by ICD) (0.39 s)
2024-08-30 23:31:03,962 - INFO - pyopencl - build program: kernel 'reduce_kernel_stage1' was part of a lengthy uncached source build (assuming cached by ICD) (0.47 s)
2024-08-30 23:31:04,438 - INFO - pyopencl - build program: kernel 'reduce_kernel_stage2' was part of a lengthy uncached source build (assuming cached by ICD) (0.47 s)
2024-08-30 23:31:04,450 - INFO - meshmode.array_context - Transforming kernel 'frozen_result' with 1 statements.
2024-08-30 23:31:04,456 - INFO - meshmode.array_context - Array Contraction: Contracting 0 temps
_get_iel_to_idofs: str(insn)='_ary_store: _ary <- NaN if isnan(_actx_dw) or isnan(_actx_dw_0) else (_actx_dw if _actx_dw > _actx_dw_0 else _actx_dw_0) {tags=EinsumTag(orig_loop_nest=frozenset())}'
/p/gpfs1/mtcampbe/CEESD/AutomatedTesting/MIRGE-Timing/timing/emirge/meshmode/meshmode/array_context.py:1784: UserWarning: [frozen_result]: FusionContractorArrayContext.transform_loopy_program not broad enough (yet). Falling back to a possibly slower transformation strategy.
  warn(f"[{knl.name}]: FusionContractorArrayContext."
2024-08-30 23:31:04,855 - INFO - pyopencl - build program: kernel 'frozen_result' was part of a lengthy uncached source build (assuming cached by ICD) (0.36 s)
2024-08-30 23:31:05,319 - INFO - pyopencl - build program: kernel 'reduce_kernel_stage1' was part of a lengthy uncached source build (assuming cached by ICD) (0.45 s)
2024-08-30 23:31:05,777 - INFO - pyopencl - build program: kernel 'reduce_kernel_stage2' was part of a lengthy uncached source build (assuming cached by ICD) (0.45 s)
2024-08-30 23:31:05,783 - INFO - meshmode.array_context - Transforming kernel 'frozen_result' with 1 statements.
2024-08-30 23:31:05,788 - INFO - meshmode.array_context - Array Contraction: Contracting 0 temps
_get_iel_to_idofs: str(insn)='_ary_store: _ary <- 0 + _actx_dw {tags=EinsumTag(orig_loop_nest=frozenset())}'
2024-08-30 23:31:06,174 - INFO - pyopencl - build program: kernel 'frozen_result' was part of a lengthy uncached source build (assuming cached by ICD) (0.36 s)
2024-08-30 23:31:06,653 - INFO - pyopencl - build program: kernel 'reduce_kernel_stage1' was part of a lengthy uncached source build (assuming cached by ICD) (0.47 s)
2024-08-30 23:31:07,126 - INFO - pyopencl - build program: kernel 'reduce_kernel_stage2' was part of a lengthy uncached source build (assuming cached by ICD) (0.47 s)
2024-08-30 23:31:07,137 - INFO - meshmode.array_context - Transforming kernel 'frozen_result' with 1 statements.
2024-08-30 23:31:07,143 - INFO - meshmode.array_context - Array Contraction: Contracting 0 temps
_get_iel_to_idofs: str(insn)='_ary_store: _ary <- NaN if isnan(_actx_dw) or isnan(_actx_dw_0) else (_actx_dw if _actx_dw < _actx_dw_0 else _actx_dw_0) {tags=EinsumTag(orig_loop_nest=frozenset())}'
2024-08-30 23:31:07,542 - INFO - pyopencl - build program: kernel 'frozen_result' was part of a lengthy uncached source build (assuming cached by ICD) (0.36 s)
-------- dt = 1.000e-08, cfl = 0.0253
-------- P (min, max) (Pa) = (2.865706984e+03, 2.742120082e+05)
-------- T (min, max) (K)  = (    300, 2075.81)

2024-08-30 23:31:07,614 - INFO - meshmode.array_context - Transforming kernel 'frozen_result' with 1 statements.
2024-08-30 23:31:07,621 - INFO - meshmode.array_context - Array Contraction: Contracting 0 temps
2024-08-30 23:31:07,623 - INFO - meshmode.array_context - [_alias_global_temporaries]: Reduced memory requirement of 'frozen_result' from 0.0MB to 0.0MB.
2024-08-30 23:31:08,049 - INFO - pyopencl - build program: kernel 'frozen_result' was part of a lengthy uncached source build (assuming cached by ICD) (0.37 s)
2024-08-30 23:31:08,062 - INFO - meshmode.array_context - Transforming kernel 'frozen_result' with 1 statements.
2024-08-30 23:31:08,070 - INFO - meshmode.array_context - Array Contraction: Contracting 0 temps
2024-08-30 23:31:08,072 - INFO - meshmode.array_context - [_alias_global_temporaries]: Reduced memory requirement of 'frozen_result' from 0.0MB to 0.0MB.
2024-08-30 23:31:08,494 - INFO - pyopencl - build program: kernel 'frozen_result' was part of a lengthy uncached source build (assuming cached by ICD) (0.37 s)
2024-08-30 23:31:08,506 - INFO - meshmode.array_context - Transforming kernel 'frozen_result' with 1 statements.
2024-08-30 23:31:08,514 - INFO - meshmode.array_context - Array Contraction: Contracting 0 temps
2024-08-30 23:31:08,515 - INFO - meshmode.array_context - [_alias_global_temporaries]: Reduced memory requirement of 'frozen_result' from 0.0MB to 0.0MB.
2024-08-30 23:31:08,937 - INFO - pyopencl - build program: kernel 'frozen_result' was part of a lengthy uncached source build (assuming cached by ICD) (0.37 s)
2024-08-30 23:31:08,949 - INFO - meshmode.array_context - Transforming kernel 'frozen_result' with 1 statements.
2024-08-30 23:31:08,956 - INFO - meshmode.array_context - Array Contraction: Contracting 0 temps
2024-08-30 23:31:08,958 - INFO - meshmode.array_context - [_alias_global_temporaries]: Reduced memory requirement of 'frozen_result' from 0.0MB to 0.0MB.
2024-08-30 23:31:09,379 - INFO - pyopencl - build program: kernel 'frozen_result' was part of a lengthy uncached source build (assuming cached by ICD) (0.37 s)
2024-08-30 23:31:09,413 - INFO - meshmode.array_context - Transforming kernel 'frozen_result' with 3 statements.
2024-08-30 23:31:09,442 - INFO - meshmode.array_context - Array Contraction: Contracting 0 temps
2024-08-30 23:31:09,446 - INFO - meshmode.array_context - [_alias_global_temporaries]: Reduced memory requirement of 'frozen_result' from 0.1MB to 0.1MB.
2024-08-30 23:31:10,010 - INFO - pyopencl - build program: kernel 'frozen_result' was part of a lengthy uncached source build (assuming cached by ICD) (0.40 s)
2024-08-30 23:31:10,033 - INFO - meshmode.array_context - Transforming kernel 'frozen_result' with 1 statements.
2024-08-30 23:31:10,041 - INFO - meshmode.array_context - Array Contraction: Contracting 0 temps
2024-08-30 23:31:10,043 - INFO - meshmode.array_context - [_alias_global_temporaries]: Reduced memory requirement of 'frozen_result' from 0.0MB to 0.0MB.
2024-08-30 23:31:10,482 - INFO - pyopencl - build program: kernel 'frozen_result' was part of a lengthy uncached source build (assuming cached by ICD) (0.38 s)
2024-08-30 23:31:10,509 - INFO - meshmode.array_context - Transforming kernel 'frozen_result' with 1 statements.
2024-08-30 23:31:10,519 - INFO - meshmode.array_context - Array Contraction: Contracting 0 temps
2024-08-30 23:31:10,522 - INFO - meshmode.array_context - [_alias_global_temporaries]: Reduced memory requirement of 'frozen_result' from 0.0MB to 0.0MB.
2024-08-30 23:31:10,988 - INFO - pyopencl - build program: kernel 'frozen_result' was part of a lengthy uncached source build (assuming cached by ICD) (0.38 s)
2024-08-30 23:31:11,019 - INFO - meshmode.array_context - Transforming kernel 'frozen_result' with 3 statements.
2024-08-30 23:31:11,049 - INFO - meshmode.array_context - Array Contraction: Contracting 0 temps
2024-08-30 23:31:11,052 - INFO - meshmode.array_context - [_alias_global_temporaries]: Reduced memory requirement of 'frozen_result' from 0.1MB to 0.1MB.
2024-08-30 23:31:11,615 - INFO - pyopencl - build program: kernel 'frozen_result' was part of a lengthy uncached source build (assuming cached by ICD) (0.39 s)
failed to infer axis 1 of array of type <class 'pytato.array.Reshape'>.
expr.non_equality_tags=frozenset()
2024-08-30 23:31:11,682 - INFO - meshmode.array_context - Transforming kernel 'frozen_result' with 6 statements.
2024-08-30 23:31:11,769 - INFO - meshmode.array_context - Array Contraction: Contracting 0 temps
2024-08-30 23:31:11,777 - INFO - meshmode.array_context - [_alias_global_temporaries]: Reduced memory requirement of 'frozen_result' from 0.2MB to 0.2MB.
2024-08-30 23:31:12,650 - INFO - pyopencl - build program: kernel 'frozen_result' was part of a lengthy uncached source build (assuming cached by ICD) (0.46 s)
2024-08-30 23:31:12,723 - INFO - meshmode.array_context - Transforming kernel 'frozen_result' with 4 statements.
2024-08-30 23:31:12,769 - INFO - meshmode.array_context - Array Contraction: Contracting 2 temps
2024-08-30 23:31:12,796 - INFO - meshmode.array_context - [_alias_global_temporaries]: Reduced memory requirement of 'frozen_result' from 0.2MB to 0.2MB.
2024-08-30 23:31:13,404 - INFO - pyopencl - build program: kernel 'frozen_result' was part of a lengthy uncached source build (assuming cached by ICD) (0.40 s)
2024-08-30 23:31:13,439 - INFO - meshmode.discretization.connection.face - building face restriction: start
2024-08-30 23:31:13,444 - INFO - meshmode.discretization.connection.face - building face restriction: done
2024-08-30 23:31:13,459 - INFO - meshmode.discretization.connection.face - building face restriction: start
2024-08-30 23:31:13,463 - INFO - meshmode.discretization.connection.face - building face restriction: done
2024-08-30 23:31:13,477 - INFO - meshmode.discretization.connection.face - building face restriction: start
2024-08-30 23:31:13,488 - INFO - meshmode.discretization.connection.face - building face restriction: done
2024-08-30 23:31:13,502 - INFO - meshmode.discretization.connection.face - building face restriction: start
2024-08-30 23:31:13,594 - INFO - meshmode.discretization.connection.face - building face restriction: done
2024-08-30 23:31:13,748 - INFO - meshmode.array_context - Transforming kernel 'frozen_area_el_b_inflow' with 7 statements.
2024-08-30 23:31:13,868 - INFO - meshmode.array_context - Array Contraction: Contracting 2 temps
2024-08-30 23:31:13,904 - INFO - meshmode.array_context - [_alias_global_temporaries]: Reduced memory requirement of 'frozen_area_el_b_inflow' from 0.0MB to 0.0MB.
2024-08-30 23:31:14,691 - INFO - pyopencl - build program: kernel 'frozen_area_el_b_inflow' was part of a lengthy uncached source build (assuming cached by ICD) (0.39 s)
2024-08-30 23:31:14,783 - INFO - meshmode.array_context - Transforming kernel 'frozen_normal_2_b_inflow' with 3 statements.
2024-08-30 23:31:14,850 - INFO - meshmode.array_context - Array Contraction: Contracting 0 temps
2024-08-30 23:31:14,855 - INFO - meshmode.array_context - [_alias_global_temporaries]: Reduced memory requirement of 'frozen_normal_2_b_inflow' from 0.0MB to 0.0MB.
2024-08-30 23:31:15,509 - INFO - pyopencl - build program: kernel 'frozen_normal_2_b_inflow' was part of a lengthy uncached source build (assuming cached by ICD) (0.38 s)
2024-08-30 23:31:15,583 - INFO - meshmode.array_context - Transforming kernel 'frozen_normal_1_b_inflow' with 3 statements.
2024-08-30 23:31:15,651 - INFO - meshmode.array_context - Array Contraction: Contracting 0 temps
2024-08-30 23:31:15,656 - INFO - meshmode.array_context - [_alias_global_temporaries]: Reduced memory requirement of 'frozen_normal_1_b_inflow' from 0.0MB to 0.0MB.
2024-08-30 23:31:16,311 - INFO - pyopencl - build program: kernel 'frozen_normal_1_b_inflow' was part of a lengthy uncached source build (assuming cached by ICD) (0.38 s)
2024-08-30 23:31:16,343 - INFO - meshmode.array_context - Transforming kernel 'frozen_f2allf_ind' with 0 statements.
2024-08-30 23:31:16,347 - INFO - meshmode.array_context - Array Contraction: Contracting 0 temps
2024-08-30 23:31:16,724 - INFO - pyopencl - build program: kernel 'frozen_f2allf_ind' was part of a lengthy uncached source build (assuming cached by ICD) (0.36 s)
2024-08-30 23:31:16,733 - INFO - meshmode.array_context - Transforming kernel 'frozen_f2allf_ind' with 0 statements.
2024-08-30 23:31:16,848 - INFO - meshmode.array_context - Transforming kernel 'frozen_f2allf_ind' with 1 statements.
2024-08-30 23:31:16,858 - INFO - meshmode.array_context - Array Contraction: Contracting 0 temps
2024-08-30 23:31:16,860 - INFO - meshmode.array_context - [_alias_global_temporaries]: Reduced memory requirement of 'frozen_f2allf_ind' from 0.0MB to 0.0MB.
2024-08-30 23:31:17,261 - INFO - pyopencl - build program: kernel 'frozen_f2allf_ind' was part of a lengthy uncached source build (assuming cached by ICD) (0.36 s)
2024-08-30 23:31:17,384 - INFO - meshmode.array_context - Transforming kernel 'frozen_area_el_b_outflow' with 7 statements.
2024-08-30 23:31:17,504 - INFO - meshmode.array_context - Array Contraction: Contracting 2 temps
2024-08-30 23:31:17,538 - INFO - meshmode.array_context - [_alias_global_temporaries]: Reduced memory requirement of 'frozen_area_el_b_outflow' from 0.0MB to 0.0MB.
2024-08-30 23:31:18,322 - INFO - pyopencl - build program: kernel 'frozen_area_el_b_outflow' was part of a lengthy uncached source build (assuming cached by ICD) (0.39 s)
2024-08-30 23:31:18,414 - INFO - meshmode.array_context - Transforming kernel 'frozen_normal_2_b_outflow' with 3 statements.
2024-08-30 23:31:18,481 - INFO - meshmode.array_context - Array Contraction: Contracting 0 temps
2024-08-30 23:31:18,486 - INFO - meshmode.array_context - [_alias_global_temporaries]: Reduced memory requirement of 'frozen_normal_2_b_outflow' from 0.0MB to 0.0MB.
2024-08-30 23:31:19,138 - INFO - pyopencl - build program: kernel 'frozen_normal_2_b_outflow' was part of a lengthy uncached source build (assuming cached by ICD) (0.38 s)
2024-08-30 23:31:19,212 - INFO - meshmode.array_context - Transforming kernel 'frozen_normal_1_b_outflow' with 3 statements.
2024-08-30 23:31:19,279 - INFO - meshmode.array_context - Array Contraction: Contracting 0 temps
2024-08-30 23:31:19,284 - INFO - meshmode.array_context - [_alias_global_temporaries]: Reduced memory requirement of 'frozen_normal_1_b_outflow' from 0.0MB to 0.0MB.
2024-08-30 23:31:19,935 - INFO - pyopencl - build program: kernel 'frozen_normal_1_b_outflow' was part of a lengthy uncached source build (assuming cached by ICD) (0.38 s)
2024-08-30 23:31:19,968 - INFO - meshmode.array_context - Transforming kernel 'frozen_f2allf_ind' with 1 statements.
2024-08-30 23:31:19,978 - INFO - meshmode.array_context - Array Contraction: Contracting 0 temps
2024-08-30 23:31:19,979 - INFO - meshmode.array_context - [_alias_global_temporaries]: Reduced memory requirement of 'frozen_f2allf_ind' from 0.0MB to 0.0MB.
2024-08-30 23:31:20,378 - INFO - pyopencl - build program: kernel 'frozen_f2allf_ind' was part of a lengthy uncached source build (assuming cached by ICD) (0.36 s)
2024-08-30 23:31:20,390 - INFO - meshmode.array_context - Transforming kernel 'frozen_f2allf_ind' with 1 statements.
2024-08-30 23:31:20,400 - INFO - meshmode.array_context - Array Contraction: Contracting 0 temps
2024-08-30 23:31:20,402 - INFO - meshmode.array_context - [_alias_global_temporaries]: Reduced memory requirement of 'frozen_f2allf_ind' from 0.0MB to 0.0MB.
2024-08-30 23:31:20,802 - INFO - pyopencl - build program: kernel 'frozen_f2allf_ind' was part of a lengthy uncached source build (assuming cached by ICD) (0.36 s)
2024-08-30 23:31:21,007 - INFO - meshmode.array_context - Transforming kernel 'frozen_area_el_b_wall' with 7 statements.
2024-08-30 23:31:21,125 - INFO - meshmode.array_context - Array Contraction: Contracting 2 temps
2024-08-30 23:31:21,160 - INFO - meshmode.array_context - [_alias_global_temporaries]: Reduced memory requirement of 'frozen_area_el_b_wall' from 0.0MB to 0.0MB.
2024-08-30 23:31:21,956 - INFO - pyopencl - build program: kernel 'frozen_area_el_b_wall' was part of a lengthy uncached source build (assuming cached by ICD) (0.40 s)
2024-08-30 23:31:22,045 - INFO - meshmode.array_context - Transforming kernel 'frozen_normal_2_b_wall' with 3 statements.
2024-08-30 23:31:22,112 - INFO - meshmode.array_context - Array Contraction: Contracting 0 temps
2024-08-30 23:31:22,117 - INFO - meshmode.array_context - [_alias_global_temporaries]: Reduced memory requirement of 'frozen_normal_2_b_wall' from 0.0MB to 0.0MB.
2024-08-30 23:31:22,780 - INFO - pyopencl - build program: kernel 'frozen_normal_2_b_wall' was part of a lengthy uncached source build (assuming cached by ICD) (0.39 s)
2024-08-30 23:31:22,857 - INFO - meshmode.array_context - Transforming kernel 'frozen_normal_1_b_wall' with 3 statements.
2024-08-30 23:31:22,925 - INFO - meshmode.array_context - Array Contraction: Contracting 0 temps
2024-08-30 23:31:22,930 - INFO - meshmode.array_context - [_alias_global_temporaries]: Reduced memory requirement of 'frozen_normal_1_b_wall' from 0.0MB to 0.0MB.
2024-08-30 23:31:23,594 - INFO - pyopencl - build program: kernel 'frozen_normal_1_b_wall' was part of a lengthy uncached source build (assuming cached by ICD) (0.39 s)
2024-08-30 23:31:23,626 - INFO - meshmode.array_context - Transforming kernel 'frozen_f2allf_ind' with 1 statements.
2024-08-30 23:31:23,637 - INFO - meshmode.array_context - Array Contraction: Contracting 0 temps
2024-08-30 23:31:23,639 - INFO - meshmode.array_context - [_alias_global_temporaries]: Reduced memory requirement of 'frozen_f2allf_ind' from 0.0MB to 0.0MB.
2024-08-30 23:31:24,038 - INFO - pyopencl - build program: kernel 'frozen_f2allf_ind' was part of a lengthy uncached source build (assuming cached by ICD) (0.36 s)
2024-08-30 23:31:24,050 - INFO - meshmode.array_context - Transforming kernel 'frozen_f2allf_ind' with 1 statements.
2024-08-30 23:31:24,060 - INFO - meshmode.array_context - Array Contraction: Contracting 0 temps
2024-08-30 23:31:24,062 - INFO - meshmode.array_context - [_alias_global_temporaries]: Reduced memory requirement of 'frozen_f2allf_ind' from 0.0MB to 0.0MB.
2024-08-30 23:31:24,472 - INFO - pyopencl - build program: kernel 'frozen_f2allf_ind' was part of a lengthy uncached source build (assuming cached by ICD) (0.37 s)
2024-08-30 23:31:24,589 - INFO - meshmode.array_context - Transforming kernel 'frozen_area_el_b_face_restr_interior' with 7 statements.
2024-08-30 23:31:24,708 - INFO - meshmode.array_context - Array Contraction: Contracting 2 temps
2024-08-30 23:31:24,743 - INFO - meshmode.array_context - [_alias_global_temporaries]: Reduced memory requirement of 'frozen_area_el_b_face_restr_interior' from 0.4MB to 0.3MB.
2024-08-30 23:31:25,542 - INFO - pyopencl - build program: kernel 'frozen_area_el_b_face_restr_interior' was part of a lengthy uncached source build (assuming cached by ICD) (0.40 s)
2024-08-30 23:31:25,631 - INFO - meshmode.array_context - Transforming kernel 'frozen_normal_2_b_face_restr_interior' with 3 statements.
2024-08-30 23:31:25,699 - INFO - meshmode.array_context - Array Contraction: Contracting 0 temps
2024-08-30 23:31:25,704 - INFO - meshmode.array_context - [_alias_global_temporaries]: Reduced memory requirement of 'frozen_normal_2_b_face_restr_interior' from 0.2MB to 0.2MB.
2024-08-30 23:31:26,367 - INFO - pyopencl - build program: kernel 'frozen_normal_2_b_face_restr_interior' was part of a lengthy uncached source build (assuming cached by ICD) (0.39 s)
2024-08-30 23:31:26,443 - INFO - meshmode.array_context - Transforming kernel 'frozen_normal_1_b_face_restr_interior' with 3 statements.
2024-08-30 23:31:26,511 - INFO - meshmode.array_context - Array Contraction: Contracting 0 temps
2024-08-30 23:31:26,516 - INFO - meshmode.array_context - [_alias_global_temporaries]: Reduced memory requirement of 'frozen_normal_1_b_face_restr_interior' from 0.2MB to 0.2MB.
2024-08-30 23:31:27,175 - INFO - pyopencl - build program: kernel 'frozen_normal_1_b_face_restr_interior' was part of a lengthy uncached source build (assuming cached by ICD) (0.39 s)
2024-08-30 23:31:27,207 - INFO - meshmode.array_context - Transforming kernel 'frozen_f2allf_ind' with 1 statements.
2024-08-30 23:31:27,217 - INFO - meshmode.array_context - Array Contraction: Contracting 0 temps
2024-08-30 23:31:27,219 - INFO - meshmode.array_context - [_alias_global_temporaries]: Reduced memory requirement of 'frozen_f2allf_ind' from 0.0MB to 0.0MB.
2024-08-30 23:31:27,622 - INFO - pyopencl - build program: kernel 'frozen_f2allf_ind' was part of a lengthy uncached source build (assuming cached by ICD) (0.36 s)
2024-08-30 23:31:27,634 - INFO - meshmode.array_context - Transforming kernel 'frozen_f2allf_ind' with 1 statements.
2024-08-30 23:31:27,644 - INFO - meshmode.array_context - Array Contraction: Contracting 0 temps
2024-08-30 23:31:27,646 - INFO - meshmode.array_context - [_alias_global_temporaries]: Reduced memory requirement of 'frozen_f2allf_ind' from 0.0MB to 0.0MB.
2024-08-30 23:31:28,050 - INFO - pyopencl - build program: kernel 'frozen_f2allf_ind' was part of a lengthy uncached source build (assuming cached by ICD) (0.36 s)
2024-08-30 23:31:28,061 - INFO - meshmode.array_context - Transforming kernel 'frozen_f2allf_ind' with 1 statements.
2024-08-30 23:31:28,071 - INFO - meshmode.array_context - Array Contraction: Contracting 0 temps
2024-08-30 23:31:28,073 - INFO - meshmode.array_context - [_alias_global_temporaries]: Reduced memory requirement of 'frozen_f2allf_ind' from 0.0MB to 0.0MB.
2024-08-30 23:31:28,479 - INFO - pyopencl - build program: kernel 'frozen_f2allf_ind' was part of a lengthy uncached source build (assuming cached by ICD) (0.36 s)
2024-08-30 23:31:29,252 - INFO - meshmode.array_context - Transforming kernel 'frozen_inv_metric_deriv_vol' with 45 statements.
2024-08-30 23:31:30,153 - INFO - loopy.tools - fuse_same_discretization_entity_loops on 'frozen_inv_metric_deriv_vol': completed (0.78s wall 1.00x CPU)
2024-08-30 23:31:30,205 - INFO - meshmode.array_context - Loop Fusion: completed (0.94s wall 1.00x CPU)
2024-08-30 23:31:30,339 - INFO - meshmode.array_context - Array Contraction: Contracting 0 temps
2024-08-30 23:31:30,377 - INFO - meshmode.array_context - [_alias_global_temporaries]: Reduced memory requirement of 'frozen_inv_metric_deriv_vol' from 1.7MB to 0.5MB.
2024-08-30 23:31:31,193 - INFO - loopy.tools - preprocess_program on 'frozen_inv_metric_deriv_vol': completed (0.63s wall 1.00x CPU)
2024-08-30 23:31:32,621 - INFO - loopy.codegen - frozen_inv_metric_deriv_vol: generate code: completed (0.30s wall 1.00x CPU)
2024-08-30 23:31:33,482 - INFO - pyopencl - build program: kernel 'frozen_inv_metric_deriv_vol' was part of a lengthy uncached source build (assuming cached by ICD) (0.60 s)
/p/gpfs1/mtcampbe/CEESD/AutomatedTesting/MIRGE-Timing/timing/emirge/mirgecom/mirgecom/artificial_viscosity.py:348: UserWarning: The AV boundary_kwargs interface is deprecated, please pass gas_model and time directly.
  warn("The AV boundary_kwargs interface is deprecated, please pass gas_model"
2024-08-30 23:31:34,864 - INFO - grudge.array_context - deduplicate_data_wrappers[pre-partition]: completed (0.56s wall 1.00x CPU)
failed to infer axis 1 of array of type <class 'pytato.array.Reshape'>.
expr.non_equality_tags=frozenset()
2024-08-30 23:31:37,261 - INFO - grudge.array_context - transform_dag.infer_axes_tags[pre-partition]: completed (2.12s wall 1.00x CPU)
2024-08-30 23:31:37,812 - INFO - pytato.distributed.verify - find_distributed_partition: Split 3429 nodes into 1 parts, with [3429] nodes in each partition.
2024-08-30 23:31:39,669 - INFO - meshmode.array_context - transform_dag.materialize_all_einsums_or_reduces: completed (0.56s wall 1.00x CPU)
failed to infer axis 1 of array of type <class 'pytato.array.Reshape'>.
expr.non_equality_tags=frozenset()
2024-08-30 23:31:41,776 - INFO - meshmode.array_context - transform_dag.infer_axes_tags: completed (2.11s wall 1.00x CPU)
2024-08-30 23:31:41,920 - INFO - meshmode.array_context - Transforming kernel 'frozen_result' with 1 statements.
2024-08-30 23:31:41,931 - INFO - meshmode.array_context - Array Contraction: Contracting 0 temps
2024-08-30 23:31:41,933 - INFO - meshmode.array_context - [_alias_global_temporaries]: Reduced memory requirement of 'frozen_result' from 0.0MB to 0.0MB.
2024-08-30 23:31:42,352 - INFO - pyopencl - build program: kernel 'frozen_result' was part of a lengthy uncached source build (assuming cached by ICD) (0.37 s)
2024-08-30 23:31:42,368 - INFO - meshmode.array_context - Transforming kernel 'frozen_result' with 1 statements.
2024-08-30 23:31:42,396 - INFO - meshmode.array_context - Array Contraction: Contracting 0 temps
_get_iel_to_idofs: str(insn)="_ary_store: _ary[idim_ensm0, idim_ensm0_0, iel_ensm0] <- inv_metric_deriv_vol[((idim_ensm0*5008 + idim_ensm0_0*2504 + iel_ensm0) % 10016) // 5008, ((idim_ensm0*5008 + idim_ensm0_0*2504 + iel_ensm0) % 5008) // 2504, (idim_ensm0*5008 + idim_ensm0_0*2504 + iel_ensm0) % 2504, 0] {tags=EinsumTag(orig_loop_nest=frozenset({'idim_1_0_', 'idim_0_0_', 'iel_0_0_'}))}"
2024-08-30 23:31:42,939 - INFO - pyopencl - build program: kernel 'frozen_result' was part of a lengthy uncached source build (assuming cached by ICD) (0.39 s)
2024-08-30 23:31:42,960 - INFO - meshmode.array_context - Transforming kernel 'frozen_result' with 1 statements.
_get_iel_to_idofs: str(insn)="_ary_store: _ary[idim_ensm0, idim_ensm0_0, iel_ensm0] <- inv_metric_deriv_vol[((idim_ensm0*5008 + idim_ensm0_0*2504 + iel_ensm0) % 10016) // 5008, ((idim_ensm0*5008 + idim_ensm0_0*2504 + iel_ensm0) % 5008) // 2504, (idim_ensm0*5008 + idim_ensm0_0*2504 + iel_ensm0) % 2504, 0] {tags=EinsumTag(orig_loop_nest=frozenset({'idim_1_0_', 'idim_0_0_', 'iel_0_0_'}))}"
2024-08-30 23:31:43,117 - INFO - meshmode.array_context - Transforming kernel 'frozen_result' with 1 statements.
2024-08-30 23:31:43,133 - INFO - meshmode.array_context - Array Contraction: Contracting 0 temps
_get_iel_to_idofs: str(insn)="_ary_store: _ary[iface_ensm0, iel_ensm0] <- _actx_dw[((iface_ensm0*2504 + iel_ensm0) % 7512) // 2504, (iface_ensm0*2504 + iel_ensm0) % 2504, 0] {tags=EinsumTag(orig_loop_nest=frozenset({'iel_0_0_', 'iface_0_0_'}))}"
2024-08-30 23:31:43,785 - INFO - pyopencl - build program: kernel 'frozen_result' was part of a lengthy uncached source build (assuming cached by ICD) (0.38 s)
2024-08-30 23:31:44,055 - INFO - arraycontext.impl.pytato.compile - transform_dag for 'my_rhs_part_0': completed (6.24s wall 1.00x CPU)
2024-08-30 23:31:48,006 - INFO - arraycontext.impl.pytato.compile - generate_loopy for 'my_rhs_part_0': completed (3.95s wall 1.00x CPU)
2024-08-30 23:31:48,007 - INFO - meshmode.array_context - Transforming kernel 'my_rhs_part_0' with 355 statements.
2024-08-30 23:31:57,958 - INFO - loopy.tools - fuse_same_discretization_entity_loops on 'my_rhs_part_0': completed (8.92s wall 1.00x CPU)
2024-08-30 23:31:58,711 - INFO - meshmode.array_context - Loop Fusion: completed (10.69s wall 1.00x CPU)
2024-08-30 23:32:00,336 - INFO - meshmode.array_context - Array Contraction: Contracting 73 temps
2024-08-30 23:32:03,820 - INFO - loopy.tools - contract_arrays on 'my_rhs_part_0': completed (3.51s wall 1.00x CPU)
2024-08-30 23:32:04,333 - INFO - meshmode.array_context - Array Contraction: completed (4.71s wall 1.00x CPU)
2024-08-30 23:32:04,525 - INFO - meshmode.array_context - [_alias_global_temporaries]: Reduced memory requirement of 'my_rhs_part_0' from 16.3MB to 7.5MB.
2024-08-30 23:32:06,333 - INFO - arraycontext.impl.pytato.compile - transform_loopy_program for 'my_rhs_part_0': completed (18.33s wall 1.00x CPU)
2024-08-30 23:32:11,149 - INFO - loopy.preprocess - my_rhs_part_0: preprocess: completed (0.44s wall 1.00x CPU)
2024-08-30 23:32:13,651 - INFO - loopy.tools - preprocess_program on 'my_rhs_part_0': completed (6.13s wall 1.00x CPU)
2024-08-30 23:32:20,239 - INFO - loopy.schedule - my_rhs_part_0: schedule: completed (2.56s wall 1.00x CPU)
2024-08-30 23:32:29,046 - INFO - loopy.codegen - my_rhs_part_0: generate code: completed (4.77s wall 1.00x CPU)
2024-08-30 23:32:37,262 - INFO - pyopencl - build program: kernel 'my_rhs_part_0' was part of a lengthy uncached source build (assuming cached by ICD) (5.89 s)
2024-08-30 23:32:38,809 - INFO - meshmode.array_context - Transforming kernel 'frozen_result' with 1 statements.
2024-08-30 23:32:38,825 - INFO - meshmode.array_context - Array Contraction: Contracting 0 temps
2024-08-30 23:32:38,827 - INFO - meshmode.array_context - [_alias_global_temporaries]: Reduced memory requirement of 'frozen_result' from 0.0MB to 0.0MB.
2024-08-30 23:32:39,262 - INFO - pyopencl - build program: kernel 'frozen_result' was part of a lengthy uncached source build (assuming cached by ICD) (0.37 s)
2024-08-30 23:32:39,278 - INFO - meshmode.array_context - Transforming kernel 'frozen_result' with 1 statements.
2024-08-30 23:32:39,294 - INFO - meshmode.array_context - Array Contraction: Contracting 0 temps
2024-08-30 23:32:39,296 - INFO - meshmode.array_context - [_alias_global_temporaries]: Reduced memory requirement of 'frozen_result' from 0.0MB to 0.0MB.
2024-08-30 23:32:39,731 - INFO - pyopencl - build program: kernel 'frozen_result' was part of a lengthy uncached source build (assuming cached by ICD) (0.37 s)
2024-08-30 23:32:39,757 - INFO - meshmode.array_context - Transforming kernel 'frozen_result' with 1 statements.
2024-08-30 23:32:39,772 - INFO - meshmode.array_context - Array Contraction: Contracting 0 temps
2024-08-30 23:32:39,774 - INFO - meshmode.array_context - [_alias_global_temporaries]: Reduced memory requirement of 'frozen_result' from 0.0MB to 0.0MB.
2024-08-30 23:32:40,209 - INFO - pyopencl - build program: kernel 'frozen_result' was part of a lengthy uncached source build (assuming cached by ICD) (0.37 s)
2024-08-30 23:32:40,225 - INFO - meshmode.array_context - Transforming kernel 'frozen_result' with 1 statements.
2024-08-30 23:32:40,241 - INFO - meshmode.array_context - Array Contraction: Contracting 0 temps
2024-08-30 23:32:40,243 - INFO - meshmode.array_context - [_alias_global_temporaries]: Reduced memory requirement of 'frozen_result' from 0.0MB to 0.0MB.
2024-08-30 23:32:40,677 - INFO - pyopencl - build program: kernel 'frozen_result' was part of a lengthy uncached source build (assuming cached by ICD) (0.37 s)
/p/gpfs1/mtcampbe/CEESD/AutomatedTesting/MIRGE-Timing/timing/emirge/mirgecom/mirgecom/steppers.py:439: UserWarning: Deduced force_eval=True for this timestepper. This can have a nontrivial performance impact. If you know that your timestepper does not require per-step forced evaluation, explicitly set force_eval=False.
  _advance_state_stepper_func(
2024-08-30 23:32:40,755 - INFO - meshmode.array_context - Transforming kernel 'frozen_result' with 4 statements.
2024-08-30 23:32:40,810 - INFO - meshmode.array_context - Array Contraction: Contracting 0 temps
2024-08-30 23:32:40,814 - INFO - meshmode.array_context - [_alias_global_temporaries]: Reduced memory requirement of 'frozen_result' from 0.0MB to 0.0MB.
2024-08-30 23:32:41,417 - INFO - pyopencl - build program: kernel 'frozen_result' was part of a lengthy uncached source build (assuming cached by ICD) (0.38 s)
step = 0, sim time: 0.000000e+00 s, step walltime: 102.865 s
2024-08-30 23:32:41,558 - INFO - meshmode.array_context - Transforming kernel 'frozen_result' with 4 statements.
2024-08-30 23:32:41,613 - INFO - meshmode.array_context - Array Contraction: Contracting 0 temps
2024-08-30 23:32:41,618 - INFO - meshmode.array_context - [_alias_global_temporaries]: Reduced memory requirement of 'frozen_result' from 0.0MB to 0.0MB.
2024-08-30 23:32:42,218 - INFO - pyopencl - build program: kernel 'frozen_result' was part of a lengthy uncached source build (assuming cached by ICD) (0.38 s)
step = 1, sim time: 1.000000e-08 s, step walltime: 0.78422 s
step = 2, sim time: 2.000000e-08 s, step walltime: 0.0432863 s
step = 3, sim time: 3.000000e-08 s, step walltime: 0.033285 s
step = 4, sim time: 4.000000e-08 s, step walltime: 0.0332762 s
step = 5, sim time: 5.000000e-08 s, step walltime: 0.0332484 s
step = 6, sim time: 6.000000e-08 s, step walltime: 0.0331059 s
step = 7, sim time: 7.000000e-08 s, step walltime: 0.0332792 s
step = 8, sim time: 8.000000e-08 s, step walltime: 0.0330817 s
step = 9, sim time: 9.000000e-08 s, step walltime: 0.0332303 s
step = 10, sim time: 1.000000e-07 s, step walltime: 0.0331915 s
step = 11, sim time: 1.100000e-07 s, step walltime: 0.0332778 s
step = 12, sim time: 1.200000e-07 s, step walltime: 0.0330686 s
step = 13, sim time: 1.300000e-07 s, step walltime: 0.056163 s
step = 14, sim time: 1.400000e-07 s, step walltime: 0.0331212 s
step = 15, sim time: 1.500000e-07 s, step walltime: 0.0332555 s
step = 16, sim time: 1.600000e-07 s, step walltime: 0.0331074 s
step = 17, sim time: 1.700000e-07 s, step walltime: 0.0332512 s
step = 18, sim time: 1.800000e-07 s, step walltime: 0.0331187 s
2024-08-30 23:32:42,937 - INFO - meshmode.array_context - Transforming kernel 'frozen_result' with 1 statements.
2024-08-30 23:32:42,953 - INFO - meshmode.array_context - Array Contraction: Contracting 0 temps
2024-08-30 23:32:42,955 - INFO - meshmode.array_context - [_alias_global_temporaries]: Reduced memory requirement of 'frozen_result' from 0.0MB to 0.0MB.
2024-08-30 23:32:43,390 - INFO - pyopencl - build program: kernel 'frozen_result' was part of a lengthy uncached source build (assuming cached by ICD) (0.37 s)
2024-08-30 23:32:43,416 - INFO - meshmode.array_context - Transforming kernel 'frozen_result' with 1 statements.
2024-08-30 23:32:43,431 - INFO - meshmode.array_context - Array Contraction: Contracting 0 temps
2024-08-30 23:32:43,433 - INFO - meshmode.array_context - [_alias_global_temporaries]: Reduced memory requirement of 'frozen_result' from 0.0MB to 0.0MB.
2024-08-30 23:32:43,867 - INFO - pyopencl - build program: kernel 'frozen_result' was part of a lengthy uncached source build (assuming cached by ICD) (0.37 s)
2024-08-30 23:32:44,163 - INFO - meshmode.array_context - Transforming kernel 'frozen_result' with 4 statements.
2024-08-30 23:32:44,218 - INFO - meshmode.array_context - Array Contraction: Contracting 0 temps
2024-08-30 23:32:44,222 - INFO - meshmode.array_context - [_alias_global_temporaries]: Reduced memory requirement of 'frozen_result' from 0.0MB to 0.0MB.
2024-08-30 23:32:44,824 - INFO - pyopencl - build program: kernel 'frozen_result' was part of a lengthy uncached source build (assuming cached by ICD) (0.38 s)
step = 19, sim time: 1.900000e-07 s, step walltime: 1.9331 s
2024-08-30 23:32:44,873 - INFO - pytato.distributed.verify - find_distributed_partition: Split 21 nodes into 1 parts, with [21] nodes in each partition.
2024-08-30 23:32:44,931 - INFO - meshmode.array_context - Transforming kernel 'get_fluid_state_part_0' with 15 statements.
2024-08-30 23:32:45,078 - INFO - meshmode.array_context - Array Contraction: Contracting 1 temps
2024-08-30 23:32:45,104 - INFO - meshmode.array_context - [_alias_global_temporaries]: Reduced memory requirement of 'get_fluid_state_part_0' from 0.1MB to 0.1MB.
2024-08-30 23:32:45,988 - INFO - pyopencl - build program: kernel 'get_fluid_state_part_0' was part of a lengthy uncached source build (assuming cached by ICD) (0.39 s)
Checkpointing final state ...
2024-08-30 23:32:46,070 - INFO - meshmode.array_context - Transforming kernel 'frozen_result' with 4 statements.
2024-08-30 23:32:46,121 - INFO - meshmode.array_context - Array Contraction: Contracting 3 temps
2024-08-30 23:32:46,158 - INFO - meshmode.array_context - [_alias_global_temporaries]: Reduced memory requirement of 'frozen_result' from 0.2MB to 0.2MB.
2024-08-30 23:32:46,687 - INFO - pyopencl - build program: kernel 'frozen_result' was part of a lengthy uncached source build (assuming cached by ICD) (0.39 s)
-------- dt = 0.000e+00, cfl = 0.0228
-------- P (min, max) (Pa) = (1.284504623e+03, 2.753939220e+05)
-------- T (min, max) (K)  = (269.955, 2214.65)

2024-08-30 23:32:46,742 - INFO - meshmode.array_context - Transforming kernel 'frozen_result' with 3 statements.
2024-08-30 23:32:46,770 - INFO - meshmode.array_context - Array Contraction: Contracting 0 temps
2024-08-30 23:32:46,774 - INFO - meshmode.array_context - [_alias_global_temporaries]: Reduced memory requirement of 'frozen_result' from 0.1MB to 0.1MB.
2024-08-30 23:32:47,338 - INFO - pyopencl - build program: kernel 'frozen_result' was part of a lengthy uncached source build (assuming cached by ICD) (0.40 s)
2024-08-30 23:32:47,360 - INFO - meshmode.array_context - Transforming kernel 'frozen_result' with 1 statements.
2024-08-30 23:32:47,368 - INFO - meshmode.array_context - Array Contraction: Contracting 0 temps
2024-08-30 23:32:47,370 - INFO - meshmode.array_context - [_alias_global_temporaries]: Reduced memory requirement of 'frozen_result' from 0.0MB to 0.0MB.
2024-08-30 23:32:47,810 - INFO - pyopencl - build program: kernel 'frozen_result' was part of a lengthy uncached source build (assuming cached by ICD) (0.38 s)
2024-08-30 23:32:47,842 - INFO - meshmode.array_context - Transforming kernel 'frozen_result' with 3 statements.
2024-08-30 23:32:47,870 - INFO - meshmode.array_context - Array Contraction: Contracting 0 temps
2024-08-30 23:32:47,874 - INFO - meshmode.array_context - [_alias_global_temporaries]: Reduced memory requirement of 'frozen_result' from 0.1MB to 0.1MB.
2024-08-30 23:32:48,436 - INFO - pyopencl - build program: kernel 'frozen_result' was part of a lengthy uncached source build (assuming cached by ICD) (0.40 s)
failed to infer axis 1 of array of type <class 'pytato.array.Reshape'>.
expr.non_equality_tags=frozenset()
2024-08-30 23:32:48,494 - INFO - meshmode.array_context - Transforming kernel 'frozen_result' with 6 statements.
2024-08-30 23:32:48,583 - INFO - meshmode.array_context - Array Contraction: Contracting 0 temps
2024-08-30 23:32:48,591 - INFO - meshmode.array_context - [_alias_global_temporaries]: Reduced memory requirement of 'frozen_result' from 0.2MB to 0.2MB.
2024-08-30 23:32:49,448 - INFO - pyopencl - build program: kernel 'frozen_result' was part of a lengthy uncached source build (assuming cached by ICD) (0.46 s)
2024-08-30 23:32:49,519 - INFO - meshmode.array_context - Transforming kernel 'frozen_result' with 4 statements.
2024-08-30 23:32:49,564 - INFO - meshmode.array_context - Array Contraction: Contracting 2 temps
2024-08-30 23:32:49,590 - INFO - meshmode.array_context - [_alias_global_temporaries]: Reduced memory requirement of 'frozen_result' from 0.2MB to 0.2MB.
2024-08-30 23:32:50,199 - INFO - pyopencl - build program: kernel 'frozen_result' was part of a lengthy uncached source build (assuming cached by ICD) (0.41 s)

------------------------------------------------------------
Sender: LSF System <lsfadmin@lassen710>
Subject: Job 6141712: <isolator_timing_job.sh> in cluster <lassen> Done

Job <isolator_timing_job.sh> was submitted from host <lassen708> by user <mtcampbe> in cluster <lassen> at Fri Aug 30 23:29:29 2024
Job was executed on host(s) <1*lassen710>, in queue <pbatch>, as user <mtcampbe> in cluster <lassen> at Fri Aug 30 23:29:32 2024
                            <40*lassen408>
</g/g17/mtcampbe> was used as the home directory.
</p/gpfs1/mtcampbe/CEESD/AutomatedTesting/MIRGE-Timing/timing/emirge/mirgecom/y2-isolator/timing_run> was used as the working directory.
Started at Fri Aug 30 23:29:32 2024
Terminated at Fri Aug 30 23:33:01 2024
Results reported at Fri Aug 30 23:33:01 2024

Your job looked like:

------------------------------------------------------------
# LSBATCH: User input
#!/bin/bash

#BSUB -nnodes 1
#BSUB -G uiuc
#BSUB -W 60
#BSUB -q pbatch

printf "Running with EMIRGE_HOME=/p/gpfs1/mtcampbe/CEESD/AutomatedTesting/MIRGE-Timing/timing/emirge\n"

source "/p/gpfs1/mtcampbe/CEESD/AutomatedTesting/MIRGE-Timing/timing/emirge/config/activate_env.sh"
export PYOPENCL_CTX="port:tesla"
export XDG_CACHE_HOME="/tmp/mtcampbe/xdg-scratch"
rm -rf $XDG_CACHE_HOME
rm -f timing-run-done
which python
conda env list
env
env | grep LSB_MCPU_HOSTS

jsrun -g 1 -a 1 -n 1 python -O -u -m mpi4py ./isolator.py -i timing_params.yaml --lazy --log
touch timing-run-done


------------------------------------------------------------

Successfully completed.

Resource usage summary:

    CPU time :                                   0.35 sec.
    Max Memory :                                 59 MB
    Average Memory :                             57.80 MB
    Total Requested Memory :                     -
    Delta Memory :                               -
    Max Swap :                                   1634 MB
    Max Processes :                              4
    Max Threads :                                27
    Run time :                                   209 sec.
    Turnaround time :                            212 sec.

The output (if any) is above this job summary.

