Customizing shell for Lassen.
Running with EMIRGE_HOME=/p/gpfs1/mtcampbe/CEESD/AutomatedTesting/MIRGE-Timing/timing/emirge
Activating 'nozzle.lazy.timing.env' environment for '/p/gpfs1/mtcampbe/CEESD/AutomatedTesting/MIRGE-Timing/timing/emirge/miniforge3/bin/conda'.
/p/gpfs1/mtcampbe/CEESD/AutomatedTesting/MIRGE-Timing/timing/emirge/miniforge3/envs/nozzle.lazy.timing.env/bin/python
# conda environments:
#
base                     /p/gpfs1/mtcampbe/CEESD/AutomatedTesting/MIRGE-Timing/timing/emirge/miniforge3
nozzle.lazy.timing.env  *  /p/gpfs1/mtcampbe/CEESD/AutomatedTesting/MIRGE-Timing/timing/emirge/miniforge3/envs/nozzle.lazy.timing.env
                         /usr/workspace/wsa/xpacc/Users/mtcampbe/CEESD/Quartz/Install/conda
                         /usr/workspace/wsa/xpacc/Users/mtcampbe/CEESD/Quartz/Install/conda/envs/abate.mtc_euler.env
                         /usr/workspace/wsa/xpacc/Users/mtcampbe/CEESD/Quartz/Install/conda/envs/ceesd.master
                         /usr/workspace/wsa/xpacc/Users/mtcampbe/CEESD/Quartz/Install/conda/envs/chem.master
                         /usr/workspace/wsa/xpacc/Users/mtcampbe/CEESD/Quartz/Install/conda/envs/dgfem
                         /usr/workspace/wsa/xpacc/Users/mtcampbe/CEESD/Quartz/Install/conda/envs/mc.master

LMOD_FAMILY_COMPILER_VERSION=8.3.1
PROJ_LIB=/p/gpfs1/mtcampbe/CEESD/AutomatedTesting/MIRGE-Timing/timing/emirge/miniforge3/envs/nozzle.lazy.timing.env/share/proj
LLNL_IPISOLATE=0
MANPATH=/usr/tce/packages/spectrum-mpi/ibm/spectrum-mpi-rolling-release/share/man:/usr/tce/packages/gcc/gcc-8.3.1/man:/opt/ibm/spectrumcomputing/lsf/10.1.0.10/man:/usr/man:/usr/share/man:/usr/local/man:/usr/X11R6/man:/usr/lib64/mvapich/default/man:/opt/ibm/spectrum_mpi/jsm_pmix/share/man
LSB_EXEC_CLUSTER=lassen
OMPI_COMM_WORLD_RANK=0
LMOD_FAMILY_CUDA=cuda
LMOD_ANCIENT_TIME=3600
GUESTFISH_INIT=\e[1;34m
_ModuleTable003_=LAp1c2VyTmFtZSA9ICJnY2MvOC4zLjEiLAp3ViA9ICIwMDAwMDAwMDguMDAwMDAwMDAzLjAwMDAwMDAwMS4qemZpbmFsIiwKfSwKbGFsbG9jID0gewpmbiA9ICIvdXNyL3RjZXRtcC9tb2R1bGVmaWxlcy9Db3JlL2xhbGxvYy8yLjAubHVhIiwKZnVsbE5hbWUgPSAibGFsbG9jLzIuMCIsCmxvYWRPcmRlciA9IDMsCnByb3BUID0ge30sCnN0YWNrRGVwdGggPSAwLApzdGF0dXMgPSAiYWN0aXZlIiwKdXNlck5hbWUgPSAibGFsbG9jLzIuMCIsCndWID0gIl4wMDAwMDAwMi4qemZpbmFsIiwKfSwKWyJzcGVjdHJ1bS1tcGkiXSA9IHsKZm4gPSAiL3Vzci90Y2UvbW9kdWxlZmlsZXMvQ29tcGlsZXIvZ2NjLzguMy4xL3NwZWN0cnVtLW1waS9yb2xsaW5nLXJlbGVhc2UubHVhIiwKZnVs
HOSTNAME=lassen555
LSB_EFFECTIVE_RSRCREQ=1*{select[(LN) && (type == any)] order[r15s:pg] span[hosts=1]}+40*{select[(CN) && (type == any)] order[r15s:pg] span[ptile=40]}
LSB_DOCKER_JOB_STARTTS=1654850008
BBHASH=dc3ab7bea9fc240aeb10ce2b516feb73
JSM_TMPDIR=/var/tmp
MIRGE_TIMING_HOME=/p/gpfs1/mtcampbe/CEESD/AutomatedTesting/MIRGE-Timing/timing
LSF_LOGDIR=/opt/ibm/spectrumcomputing/lsf/log
LSF_LIM_API_NTRIES=1
LSB_BATCH_JID=3628813
__LMOD_REF_COUNT_MODULEPATH=/usr/tce/modulefiles/MPI/gcc/8.3.1/spectrum-mpi/rolling-release:1;/usr/tce/modulefiles/Compiler/gcc/8.3.1:1;/usr/tcetmp/modulefiles/Core:1;/usr/apps/modulefiles:1;/usr/share/modulefiles/Linux:1;/usr/share/modulefiles/Core:1;/usr/share/lmod/lmod/modulefiles/Core:1;/collab/usr/global/tools/modulefiles/blueos_3_ppc64le_ib_p9/Core:1
MAILTO=mtcampbe@illinois.edu,andreask@illinois.edu
SHELL=/bin/bash
LMOD_ROOT=/usr/share/lmod
HISTSIZE=1000
WISECONFIGDIR=/usr/share/wise2/
LMOD_SYSTEM_DEFAULT_MODULES=StdEnv
TMPDIR=/var/tmp
MODULEPATH_ROOT=/usr/share/modulefiles
SSH_CLIENT=192.168.66.202 35914 22
LS_EXECCWD=/p/gpfs1/mtcampbe/CEESD/AutomatedTesting/MIRGE-Timing/timing/emirge/mirgecom/y2-isolator/timing_run
LSB_TRAPSIGS=trap # 15 10 12 2 1
CONDA_SHLVL=1
LMOD_FAMILY_CUDA_VERSION=10.1.243
LS_JOBPID=77184
CONDA_PROMPT_MODIFIER=
LSB_MAX_NUM_PROCESSORS=41
LSB_JOBRES_CALLBACK=54413@lassen710
LMOD_PKG=/usr/share/lmod/lmod
LSB_JOB_EXECUSER=mtcampbe
LSB_JOBID=3628813
QTDIR=/usr/lib64/qt-3.3
LSF_SERVERDIR=/opt/ibm/spectrumcomputing/lsf/10.1.0.10/linux3.10-glibc2.17-ppc64le-csm/etc
LSB_JOBRES_PID=77184
LMOD_VERSION=8.6.16
LMOD_SHORT_TIME=60
QTINC=/usr/lib64/qt-3.3/include
LSB_JOBNAME=isolator_timing_job.sh
LLNL_COMPUTE_NODES=lassen555
LLNL_ATSDISABLE=0
BSUB_BLOCK_EXEC_HOST=
QT_GRAPHICSSYSTEM_CHECKED=1
LSF_LIBDIR=/opt/ibm/spectrumcomputing/lsf/10.1.0.10/linux3.10-glibc2.17-ppc64le-csm/lib
LSB_PROJECT_NAME=default
OPAL_PREFIX=/usr/tce/packages/spectrum-mpi/ibm/spectrum-mpi-rolling-release
CUDA_HOME=/usr/tce/packages/cuda/cuda-10.1.243
USER=mtcampbe
PYOPENCL_CTX=port:tesla
LMOD_sys=Linux
LD_LIBRARY_PATH=/opt/ibm/spectrumcomputing/lsf/10.1.0.10/linux3.10-glibc2.17-ppc64le-csm/lib:/usr/tce/packages/cuda/cuda-10.1.243/lib64
SBD_KRB5CCNAME_VAL=
LSB_EEXEC_REAL_UID=
CONDA_EXE=/p/gpfs1/mtcampbe/CEESD/AutomatedTesting/MIRGE-Timing/timing/emirge/miniforge3/bin/conda
CEESD=/usr/workspace/wsa/xpacc/Users/mtcampbe/CEESD/Lassen
ENV=/g/g17/mtcampbe/.bashrc
PFTP_CONFIG_FILENAME=/etc/pftp_config
HOST_GRP=linux
_ModuleTable004_=bE5hbWUgPSAic3BlY3RydW0tbXBpL3JvbGxpbmctcmVsZWFzZSIsCmxvYWRPcmRlciA9IDUsCnByb3BUID0ge30sCnN0YWNrRGVwdGggPSAwLApzdGF0dXMgPSAiYWN0aXZlIiwKdXNlck5hbWUgPSAic3BlY3RydW0tbXBpL3JvbGxpbmctcmVsZWFzZSIsCndWID0gIl5yb2xsaW5nLipyZWxlYXNlLip6ZmluYWwiLAp9LAp9LAptcGF0aEEgPSB7CiIvdXNyL3RjZS9tb2R1bGVmaWxlcy9NUEkvZ2NjLzguMy4xL3NwZWN0cnVtLW1waS9yb2xsaW5nLXJlbGVhc2UiCiwgIi91c3IvdGNlL21vZHVsZWZpbGVzL0NvbXBpbGVyL2djYy84LjMuMSIsICIvdXNyL3RjZXRtcC9tb2R1bGVmaWxlcy9Db3JlIgosICIvdXNyL2FwcHMvbW9kdWxlZmlsZXMiLCAiL3Vzci9zaGFyZS9tb2R1bGVm
HOSTTYPE=LINUXPPC64LE
LSF_INVOKE_CMD=bsub
CUDA_CACHE_DISABLE=1
LS_EXEC_T=START
LMOD_FAMILY_LALLOC=lalloc
LS_SUBCWD=/p/gpfs1/mtcampbe/CEESD/AutomatedTesting/MIRGE-Timing/timing/emirge/mirgecom/y2-isolator/timing_run
LSB_SUB_RES_REQ=1*{select[LN]span[hosts=1]} + 40*{select[CN]span[ptile=40]}
LSB_HOSTS=lassen710 lassen555 lassen555 lassen555 lassen555 lassen555 lassen555 lassen555 lassen555 lassen555 lassen555 lassen555 lassen555 lassen555 lassen555 lassen555 lassen555 lassen555 lassen555 lassen555 lassen555 lassen555 lassen555 lassen555 lassen555 lassen555 lassen555 lassen555 lassen555 lassen555 lassen555 lassen555 lassen555 lassen555 lassen555 lassen555 lassen555 lassen555 lassen555 lassen555 lassen555
LMOD_PREPEND_BLOCK=normal
LMOD_FAMILY_MPI_VERSION=rolling-release
GUESTFISH_PS1=\[\e[1;32m\]><fs>\[\e[0;31m\] 
_CE_CONDA=
LSB_UNIXGROUP_INT=mtcampbe
LSB_JOBFILENAME=/g/g17/mtcampbe/.lsbatch/1654850006.3628813
LSB_JOBINDEX=0
_ModuleTable001_=X01vZHVsZVRhYmxlXyA9IHsKTVR2ZXJzaW9uID0gMywKY19yZWJ1aWxkVGltZSA9IGZhbHNlLApjX3Nob3J0VGltZSA9IGZhbHNlLApkZXB0aFQgPSB7fSwKZmFtaWx5ID0gewpjb21waWxlciA9ICJnY2MiLApjdWRhID0gImN1ZGEiLApsYWxsb2MgPSAibGFsbG9jIiwKbXBpID0gInNwZWN0cnVtLW1waSIsCn0sCm1UID0gewpTdGRFbnYgPSB7CmZuID0gIi91c3IvdGNldG1wL21vZHVsZWZpbGVzL0NvcmUvU3RkRW52Lmx1YSIsCmZ1bGxOYW1lID0gIlN0ZEVudiIsCmxvYWRPcmRlciA9IDIsCnByb3BUID0gewpsbW9kID0gewpzdGlja3kgPSAxLAp9LAp9LApzdGFja0RlcHRoID0gMCwKc3RhdHVzID0gImFjdGl2ZSIsCnVzZXJOYW1lID0gIlN0ZEVudiIsCndWID0gIk0uKnpm
PATH=/usr/workspace/wsa/xpacc/Users/mtcampbe/CEESD/Lassen/conda-install/bin:/usr/workspace/wsa/xpacc/Users/mtcampbe/CEESD/Lassen/conda-install/bin:/usr/tce/packages/spectrum-mpi/spectrum-mpi-rolling-release-gcc-8.3.1/bin:/usr/tce/packages/gcc/gcc-8.3.1/bin:/usr/tce/packages/lalloc/lalloc-2.0/bin:/p/gpfs1/mtcampbe/CEESD/AutomatedTesting/MIRGE-Timing/timing/emirge/miniforge3/envs/nozzle.lazy.timing.env/bin:/p/gpfs1/mtcampbe/CEESD/AutomatedTesting/MIRGE-Timing/timing/emirge/miniforge3/bin:/usr/workspace/wsa/xpacc/Users/mtcampbe/CEESD/Lassen/conda-install/bin:/usr/tce/packages/cuda/cuda-10.1.243/bin:/usr/tcetmp/bin:/usr/condabin:/usr/lib64/qt-3.3/bin:/usr/local/bin:/usr/bin:/usr/local/sbin:/usr/sbin:/opt/ibm/spectrum_mpi/jsm_pmix/bin:/opt/ibm/bb/bin:/opt/ibm/flightlog/bin:/opt/ibutils/bin:/opt/ibm/spectrumcomputing/lsf/10.1.0.10/linux3.10-glibc2.17-ppc64le-csm/etc:/opt/ibm/spectrumcomputing/lsf/10.1.0.10/linux3.10-glibc2.17-ppc64le-csm/bin:/opt/ibm/spectrumcomputing/lsf/10.1.0.9/linux3.10-glibc2.17-ppc64le-csm/etc:/opt/ibm/spectrumcomputing/lsf/10.1.0.9/linux3.10-glibc2.17-ppc64le-csm/bin
MAIL=/var/spool/mail/mtcampbe
PROJ_NETWORK=ON
LCSCHEDCLUSTER=lassen
LSB_EXIT_PRE_ABORT=99
LSB_JOBEXIT_STAT=0
LMOD_SETTARG_CMD=:
LMOD_FAMILY_LALLOC_VERSION=2.0
CONDA_PREFIX=/p/gpfs1/mtcampbe/CEESD/AutomatedTesting/MIRGE-Timing/timing/emirge/miniforge3/envs/nozzle.lazy.timing.env
INPUTRC=/etc/inputrc
PWD=/p/gpfs1/mtcampbe/CEESD/AutomatedTesting/MIRGE-Timing/timing/emirge/mirgecom/y2-isolator/timing_run
_LMFILES_=/usr/tcetmp/modulefiles/Core/cuda/10.1.243.lua:/usr/tcetmp/modulefiles/Core/StdEnv.lua:/usr/tcetmp/modulefiles/Core/lalloc/2.0.lua:/usr/tcetmp/modulefiles/Core/gcc/8.3.1.lua:/usr/tce/modulefiles/Compiler/gcc/8.3.1/spectrum-mpi/rolling-release.lua
EDITOR=/bin/vi
LANG=en_US.UTF-8
LSB_CHKFILENAME=/g/g17/mtcampbe/.lsbatch/1654850006.3628813
MODULEPATH=/usr/tce/modulefiles/MPI/gcc/8.3.1/spectrum-mpi/rolling-release:/usr/tce/modulefiles/Compiler/gcc/8.3.1:/usr/tcetmp/modulefiles/Core:/usr/apps/modulefiles:/usr/share/modulefiles/Linux:/usr/share/modulefiles/Core:/usr/share/lmod/lmod/modulefiles/Core:/collab/usr/global/tools/modulefiles/blueos_3_ppc64le_ib_p9/Core
LSB_DJOB_HOSTFILE=/g/g17/mtcampbe/.lsbatch/1654850006.3628813.hostfile
LOADEDMODULES=cuda/10.1.243:StdEnv:lalloc/2.0:gcc/8.3.1:spectrum-mpi/rolling-release
KDEDIRS=/usr
GUESTFISH_OUTPUT=\e[0m
_ModuleTable_Sz_=5
LSB_JOB_STARTER=/usr/tcetmp/bin/bsub_job_starter %USRCMD
EMIRGE_HOME=/p/gpfs1/mtcampbe/CEESD/AutomatedTesting/MIRGE-Timing/timing/emirge
LSF_JOB_TIMESTAMP_VALUE=1654850008
LMOD_CMD=/usr/share/lmod/lmod/libexec/lmod
_ModuleTable005_=aWxlcy9MaW51eCIKLCAiL3Vzci9zaGFyZS9tb2R1bGVmaWxlcy9Db3JlIiwgIi91c3Ivc2hhcmUvbG1vZC9sbW9kL21vZHVsZWZpbGVzL0NvcmUiLCAiL2NvbGxhYi91c3IvZ2xvYmFsL3Rvb2xzL21vZHVsZWZpbGVzL2JsdWVvc18zX3BwYzY0bGVfaWJfcDkvQ29yZSIsCn0sCnN5c3RlbUJhc2VNUEFUSCA9ICIvdXNyL3RjZXRtcC9tb2R1bGVmaWxlcy9Db3JlOi91c3IvYXBwcy9tb2R1bGVmaWxlczovdXNyL3NoYXJlL21vZHVsZWZpbGVzL0xpbnV4Oi91c3Ivc2hhcmUvbW9kdWxlZmlsZXMvQ29yZTovdXNyL3NoYXJlL2xtb2QvbG1vZC9tb2R1bGVmaWxlcy9Db3JlIiwKfQo=
BBPATH=/mnt/bb_dc3ab7bea9fc240aeb10ce2b516feb73
LSB_EXEC_HOSTTYPE=UNKNOWN_AUTO_DETECT
LSB_DJOB_NUMPROC=41
LSF_BINDIR=/opt/ibm/spectrumcomputing/lsf/10.1.0.10/linux3.10-glibc2.17-ppc64le-csm/bin
LLNL_NUM_COMPUTE_NODES=1
HISTCONTROL=ignoredups
ENVIRONMENT=BATCH
_CE_M=
SSH_ASKPASS=/usr/libexec/openssh/gnome-ssh-askpass
CXX=mpicxx
HOME=/g/g17/mtcampbe
SHLVL=6
__LMOD_REF_COUNT_PATH=/usr/tce/packages/spectrum-mpi/spectrum-mpi-rolling-release-gcc-8.3.1/bin:2;/usr/tce/packages/gcc/gcc-8.3.1/bin:2;/usr/tce/packages/lalloc/lalloc-2.0/bin:2;/p/gpfs1/mtcampbe/CEESD/AutomatedTesting/MIRGE-Timing/timing/emirge/miniforge3/envs/nozzle.lazy.timing.env/bin:1;/p/gpfs1/mtcampbe/CEESD/AutomatedTesting/MIRGE-Timing/timing/emirge/miniforge3/bin:1;/usr/workspace/wsa/xpacc/Users/mtcampbe/CEESD/Lassen/conda-install/bin:1;/usr/tce/packages/cuda/cuda-10.1.243/bin:2;/usr/tcetmp/bin:2;/usr/condabin:1;/usr/lib64/qt-3.3/bin:1;/usr/local/bin:1;/usr/bin:1;/usr/local/sbin:1;/usr/sbin:1;/opt/ibm/spectrum_mpi/jsm_pmix/bin:1;/opt/ibm/bb/bin:1;/opt/ibm/flightlog/bin:1;/opt/ibutils/bin:1;/opt/ibm/spectrumcomputing/lsf/10.1.0.10/linux3.10-glibc2.17-ppc64le-csm/etc:1;/opt/ibm/spectrumcomputing/lsf/10.1.0.10/linux3.10-glibc2.17-ppc64le-csm/bin:1;/opt/ibm/spectrumcomputing/lsf/10.1.0.9/linux3.10-glibc2.17-ppc64le-csm/etc:1;/opt/ibm/spectrumcomputing/lsf/10.1.0.9/linux3.10-glibc2.17-ppc64le-csm/bin:1
JOB_TERMINATE_INTERVAL=10
LSB_ACCT_FILE=/tmp/3628813.tmpdir/.1654850006.3628813.acct
_ModuleTable002_=aW5hbCIsCn0sCmN1ZGEgPSB7CmZuID0gIi91c3IvdGNldG1wL21vZHVsZWZpbGVzL0NvcmUvY3VkYS8xMC4xLjI0My5sdWEiLApmdWxsTmFtZSA9ICJjdWRhLzEwLjEuMjQzIiwKbG9hZE9yZGVyID0gMSwKcHJvcFQgPSB7fSwKc3RhY2tEZXB0aCA9IDEsCnN0YXR1cyA9ICJhY3RpdmUiLAp1c2VyTmFtZSA9ICJjdWRhLzEwLjEuMjQzIiwKd1YgPSAiXjAwMDAwMDEwLjAwMDAwMDAwMS4wMDAwMDAyNDMuKnpmaW5hbCIsCn0sCmdjYyA9IHsKZm4gPSAiL3Vzci90Y2V0bXAvbW9kdWxlZmlsZXMvQ29yZS9nY2MvOC4zLjEubHVhIiwKZnVsbE5hbWUgPSAiZ2NjLzguMy4xIiwKbG9hZE9yZGVyID0gNCwKcHJvcFQgPSB7fSwKc3RhY2tEZXB0aCA9IDAsCnN0YXR1cyA9ICJhY3RpdmUi
CSM_ALLOCATION_ID=3696831
BINARY_TYPE_HPC=
LLNL_CORE_ISOLATION=2
FC=mpif90
LSB_SUB_HOST=lassen708
XDG_CACHE_HOME=/tmp/mtcampbe/xdg-scratch
__LSF_JOB_TMPDIR__=/tmp/3628813.tmpdir
LSFUSER=mtcampbe
LSB_SUB_USER=mtcampbe
LSB_OUTPUTFILE=/p/gpfs1/mtcampbe/CEESD/AutomatedTesting/MIRGE-Timing/timing/emirge/mirgecom/y2-isolator/timing_run/
LSB_OUTDIR=/p/gpfs1/mtcampbe/CEESD/AutomatedTesting/MIRGE-Timing/timing/emirge/mirgecom/y2-isolator/timing_run
LSB_MCPU_HOSTS=lassen710 1 lassen555 40 
LMOD_arch=ppc64le
TMP=/var/tmp
MPI_ROOT=/usr/tce/packages/spectrum-mpi/ibm/spectrum-mpi-rolling-release
LSB_QUEUE=pbatch
CONDA_PYTHON_EXE=/p/gpfs1/mtcampbe/CEESD/AutomatedTesting/MIRGE-Timing/timing/emirge/miniforge3/bin/python
LOGNAME=mtcampbe
QTLIB=/usr/lib64/qt-3.3/lib
CVS_RSH=ssh
XLSF_UIDDIR=/opt/ibm/spectrumcomputing/lsf/10.1.0.10/linux3.10-glibc2.17-ppc64le-csm/lib/uid
XDG_DATA_DIRS=/g/g17/mtcampbe/.local/share/flatpak/exports/share:/var/lib/flatpak/exports/share:/usr/local/share:/usr/share
CEESD_CONDA_LASSEN=/usr/workspace/wsa/xpacc/Users/mtcampbe/CEESD/Lassen/conda-install
SSH_CONNECTION=192.168.66.202 35914 192.168.66.47 22
SYS_TYPE=blueos_3_ppc64le_ib_p9
MODULESHOME=/usr/share/lmod/lmod
LMOD_SETTARG_FULL_SUPPORT=no
LESSOPEN=||/usr/bin/lesspipe.sh %s
__LMOD_REF_COUNT_LD_LIBRARY_PATH=/usr/tce/packages/cuda/cuda-10.1.243/lib64:1;/opt/ibm/spectrumcomputing/lsf/10.1.0.10/linux3.10-glibc2.17-ppc64le-csm/lib:1
PKG_CONFIG_PATH=/usr/tce/packages/cuda/cuda-10.1.243/lib64/pkgconfig
OMP_NUM_THREADS=1
LSF_CGROUP_TOPDIR_KEY=lassen
CONDA_DEFAULT_ENV=nozzle.lazy.timing.env
LMOD_FULL_SETTARG_SUPPORT=no
LMOD_FAMILY_COMPILER=gcc
LSB_XFER_OP=
LSB_EEXEC_REAL_GID=
__LMOD_REF_COUNT_PKG_CONFIG_PATH=/usr/tce/packages/cuda/cuda-10.1.243/lib64/pkgconfig:1
CC=mpicc
QT_PLUGIN_PATH=/usr/lib64/kde4/plugins:/usr/lib/kde4/plugins
LMOD_DIR=/usr/share/lmod/lmod/libexec
LEXEC_UNPICKLE_QUIET=1
__LMOD_REF_COUNT_MANPATH=/usr/tce/packages/spectrum-mpi/ibm/spectrum-mpi-rolling-release/share/man:1;/usr/tce/packages/gcc/gcc-8.3.1/man:1;/opt/ibm/spectrumcomputing/lsf/10.1.0.10/man:1;/usr/man:1;/usr/share/man:1;/usr/local/man:1;/usr/X11R6/man:1;/usr/lib64/mvapich/default/man:1;/opt/ibm/spectrum_mpi/jsm_pmix/share/man:1
LSF_ENVDIR=/opt/ibm/spectrumcomputing/lsf/conf
GUESTFISH_RESTORE=\e[0m
LSB_DJOB_RANKFILE=/g/g17/mtcampbe/.lsbatch/1654850006.3628813.hostfile
LMOD_FAMILY_MPI=spectrum-mpi
LMOD_COLORIZE=yes
HISTFILE=/g/g17/mtcampbe/.bash_history
BASH_FUNC_module()=() {  local __lmod_my_status;
 local __lmod_sh_dbg;
 if [ -z "${LMOD_SH_DBG_ON+x}" ]; then
 case "$-" in 
 *v*x*)
 __lmod_sh_dbg='vx'
 ;;
 *v*)
 __lmod_sh_dbg='v'
 ;;
 *x*)
 __lmod_sh_dbg='x'
 ;;
 esac;
 fi;
 if [ -n "${__lmod_sh_dbg:-}" ]; then
 set +$__lmod_sh_dbg;
 echo "Shell debugging temporarily silenced: export LMOD_SH_DBG_ON=1 for Lmod's output" 1>&2;
 fi;
 eval "$($LMOD_CMD bash "$@")" && eval $(${LMOD_SETTARG_CMD:-:} -s sh);
 __lmod_my_status=$?;
 if [ -n "${__lmod_sh_dbg:-}" ]; then
 echo "Shell debugging restarted" 1>&2;
 set -$__lmod_sh_dbg;
 fi;
 return $__lmod_my_status
}
BASH_FUNC_ml()=() {  eval "$($LMOD_DIR/ml_cmd "$@")"
}
_=/usr/bin/env
LSB_MCPU_HOSTS=lassen710 1 lassen555 40 
Default casename isolator
Using user input from file: timing_params.yaml
Running ./isolator.py

2022-06-10 01:33:39,731 - INFO - grudge.array_context - get_reasonable_array_context_class: MPIFusionContractorArrayContext lazy=True distributed=True device-parallel=True
Shock capturing parameters: alpha 0.5, s0 -4.0, kappa 0.5

#### Simluation control data: ####
	nviz = 100
	nrestart = 100
	nhealth = 100
	nstatus = 100
	current_dt = 1e-08
	t_final = 2e-07
	order = 1
	dimen = 2
	Time integration rk4
#### Simluation control data: ####


#### Simluation material properties: ####
	mu = 4.216360056e-05
	kappa = 0.05621788139856423
	Prandtl Number  = 0.75
#### Simluation initialization data: ####
	inlet Mach number 0.038727226466056475
	inlet temperature 2075.8073416311686
	inlet pressure 274212.0081934861
	inlet rho 0.4623484671063763
	inlet velocity 35.28896626974282
	outlet Mach number 3.661995139955526
	outlet temperature 563.9344091915701
	outlet pressure 2865.7077436508835
	outlet rho 0.01778579568979098
	outlet velocity 1739.2462693097807
#### Simluation initialization data: ####

Reading mesh from data/isolator.msh
2022-06-10 01:33:59,616 - INFO - meshmode.distributed - rank 0: sent all mesh partitions
Making discretization
./isolator.py:1100: DeprecationWarning: EagerDGDiscretization is deprecated and will go away in 2022. Use the base DiscretizationCollection with grudge.op instead.
  discr = EagerDGDiscretization(
Done making discretization
2022-06-10 01:33:59,921 - INFO - meshmode.array_context - Transforming kernel with 1 statements.
2022-06-10 01:33:59,967 - INFO - meshmode.array_context - Array Contraction: Contracting 0 temps
2022-06-10 01:34:00,416 - INFO - loopy.tools - preprocess_program on '_pt_kernel': completed (0.43s wall 0.24x CPU)
2022-06-10 01:34:01,380 - INFO - pyopencl - build program: kernel '_pt_kernel' was part of a lengthy source build resulting from a binary cache miss (0.79 s)
Before restart/init
Initializing soln.
Initialization for Case(isolator)
===
Num 2d order-1 elements: 2504
Num global elements: 2504
Timestep:        1e-08
Final time:      2e-07
CFL:             1.0
Constant CFL:    False
Initialization:  isolator
EOS:             IdealSingleGas

2022-06-10 01:34:02,886 - INFO - meshmode.array_context - transform_dag.infer_axes_tags: completed (0.55s wall 1.00x CPU)
2022-06-10 01:34:03,644 - INFO - meshmode.array_context - Transforming kernel with 14 statements.
2022-06-10 01:34:05,035 - INFO - loopy.tools - fuse_same_discretization_entity_loops on '_pt_kernel': completed (1.29s wall 1.00x CPU)
2022-06-10 01:34:05,171 - INFO - meshmode.array_context - Loop Fusion: completed (1.53s wall 1.00x CPU)
2022-06-10 01:34:05,456 - INFO - meshmode.array_context - Array Contraction: Contracting 10 temps
2022-06-10 01:34:07,055 - INFO - loopy.tools - contract_arrays on '_pt_kernel': completed (1.60s wall 1.00x CPU)
2022-06-10 01:34:07,212 - INFO - meshmode.array_context - Array Contraction: completed (1.86s wall 1.00x CPU)
2022-06-10 01:34:09,041 - INFO - loopy.tools - preprocess_program on '_pt_kernel': completed (1.26s wall 1.00x CPU)
2022-06-10 01:34:11,595 - INFO - loopy.check - _pt_kernel: check array access within bounds: completed (2.09s wall 1.00x CPU)
2022-06-10 01:34:29,390 - INFO - loopy.codegen - _pt_kernel: generate code: completed (17.57s wall 1.00x CPU)
2022-06-10 01:34:34,122 - INFO - pyopencl - build program: kernel '_pt_kernel' was part of a lengthy source build resulting from a binary cache miss (4.37 s)
2022-06-10 01:34:34,168 - INFO - meshmode.array_context - Transforming kernel with 0 statements.
2022-06-10 01:34:34,171 - INFO - meshmode.array_context - Array Contraction: Contracting 0 temps
2022-06-10 01:34:34,656 - INFO - pyopencl - build program: kernel '_pt_kernel' was part of a lengthy source build resulting from a binary cache miss (0.47 s)
2022-06-10 01:34:34,814 - INFO - meshmode.array_context - Transforming kernel with 10 statements.
2022-06-10 01:34:35,130 - INFO - meshmode.array_context - Array Contraction: Contracting 1 temps
2022-06-10 01:34:36,734 - INFO - pyopencl - build program: kernel '_pt_kernel' was part of a lengthy source build resulting from a binary cache miss (0.80 s)
2022-06-10 01:34:36,735 - INFO - pyopencl - build program: kernel '_pt_kernel_0' was part of a lengthy source build resulting from a binary cache miss (0.80 s)
2022-06-10 01:34:36,737 - INFO - pyopencl - build program: kernel '_pt_kernel_1' was part of a lengthy source build resulting from a binary cache miss (0.80 s)
2022-06-10 01:34:36,748 - INFO - meshmode.discretization.connection.face - building face restriction: start
2022-06-10 01:34:36,760 - INFO - meshmode.discretization.connection.face - building face restriction: done
2022-06-10 01:34:36,764 - INFO - meshmode.array_context - Transforming kernel with 0 statements.
2022-06-10 01:34:37,003 - INFO - meshmode.array_context - Transforming kernel with 7 statements.
2022-06-10 01:34:37,213 - INFO - meshmode.array_context - Array Contraction: Contracting 2 temps
2022-06-10 01:34:38,599 - INFO - pyopencl - build program: kernel '_pt_kernel' was part of a lengthy source build resulting from a binary cache miss (0.77 s)
2022-06-10 01:34:38,600 - INFO - pyopencl - build program: kernel '_pt_kernel_0' was part of a lengthy source build resulting from a binary cache miss (0.77 s)
2022-06-10 01:34:38,601 - INFO - pyopencl - build program: kernel '_pt_kernel_1' was part of a lengthy source build resulting from a binary cache miss (0.77 s)
2022-06-10 01:34:38,682 - INFO - meshmode.array_context - Transforming kernel with 7 statements.
2022-06-10 01:34:38,951 - INFO - meshmode.array_context - Array Contraction: Contracting 1 temps
2022-06-10 01:34:39,776 - INFO - loopy.codegen - _pt_kernel: generate code: completed (0.40s wall 1.00x CPU)
2022-06-10 01:34:40,970 - INFO - pyopencl - build program: kernel '_pt_kernel' was part of a lengthy source build resulting from a binary cache miss (1.18 s)
2022-06-10 01:34:40,971 - INFO - pyopencl - build program: kernel '_pt_kernel_0' was part of a lengthy source build resulting from a binary cache miss (1.18 s)
2022-06-10 01:34:40,972 - INFO - pyopencl - build program: kernel '_pt_kernel_1' was part of a lengthy source build resulting from a binary cache miss (1.18 s)
2022-06-10 01:34:40,973 - INFO - pyopencl - build program: kernel '_pt_kernel_2' was part of a lengthy source build resulting from a binary cache miss (1.18 s)
2022-06-10 01:34:40,975 - INFO - pyopencl - build program: kernel '_pt_kernel_3' was part of a lengthy source build resulting from a binary cache miss (1.18 s)
2022-06-10 01:34:40,976 - INFO - pyopencl - build program: kernel '_pt_kernel_4' was part of a lengthy source build resulting from a binary cache miss (1.18 s)
2022-06-10 01:34:40,993 - INFO - meshmode.array_context - Transforming kernel with 1 statements.
2022-06-10 01:34:41,018 - INFO - meshmode.array_context - Array Contraction: Contracting 0 temps
2022-06-10 01:34:41,591 - INFO - pyopencl - build program: kernel '_pt_kernel' was part of a lengthy source build resulting from a binary cache miss (0.46 s)
2022-06-10 01:34:41,659 - INFO - meshmode.array_context - Transforming kernel with 4 statements.
2022-06-10 01:34:41,755 - INFO - meshmode.array_context - Array Contraction: Contracting 3 temps
2022-06-10 01:34:42,544 - INFO - pyopencl - build program: kernel '_pt_kernel' was part of a lengthy source build resulting from a binary cache miss (0.50 s)
2022-06-10 01:34:43,168 - INFO - pyopencl - build program: kernel 'reduce_kernel_stage1' was part of a lengthy source build resulting from a binary cache miss (0.61 s)
2022-06-10 01:34:43,783 - INFO - pyopencl - build program: kernel 'reduce_kernel_stage2' was part of a lengthy source build resulting from a binary cache miss (0.60 s)
2022-06-10 01:34:43,797 - INFO - meshmode.array_context - Transforming kernel with 1 statements.
2022-06-10 01:34:43,803 - INFO - meshmode.array_context - Array Contraction: Contracting 0 temps
/p/gpfs1/mtcampbe/CEESD/AutomatedTesting/MIRGE-Timing/timing/emirge/meshmode/meshmode/array_context.py:1599: UserWarning: FusionContractorArrayContext.transform_loopy_program not broad enough (yet). Falling back to a possibly slower transformation strategy.
  warn("FusionContractorArrayContext.transform_loopy_program not"
2022-06-10 01:34:44,302 - INFO - pyopencl - build program: kernel '_pt_kernel' was part of a lengthy source build resulting from a binary cache miss (0.46 s)
2022-06-10 01:34:44,309 - INFO - meshmode.array_context - Transforming kernel with 0 statements.
2022-06-10 01:34:44,383 - INFO - meshmode.array_context - Transforming kernel with 1 statements.
2022-06-10 01:34:44,412 - INFO - meshmode.array_context - Array Contraction: Contracting 0 temps
2022-06-10 01:34:45,025 - INFO - pyopencl - build program: kernel '_pt_kernel' was part of a lengthy source build resulting from a binary cache miss (0.48 s)
2022-06-10 01:34:45,640 - INFO - pyopencl - build program: kernel 'reduce_kernel_stage1' was part of a lengthy source build resulting from a binary cache miss (0.60 s)
2022-06-10 01:34:46,249 - INFO - pyopencl - build program: kernel 'reduce_kernel_stage2' was part of a lengthy source build resulting from a binary cache miss (0.60 s)
2022-06-10 01:34:46,256 - INFO - meshmode.array_context - Transforming kernel with 1 statements.
2022-06-10 01:34:46,262 - INFO - meshmode.array_context - Array Contraction: Contracting 0 temps
2022-06-10 01:34:46,743 - INFO - pyopencl - build program: kernel '_pt_kernel' was part of a lengthy source build resulting from a binary cache miss (0.46 s)
2022-06-10 01:34:47,359 - INFO - pyopencl - build program: kernel 'reduce_kernel_stage1' was part of a lengthy source build resulting from a binary cache miss (0.60 s)
2022-06-10 01:34:47,972 - INFO - pyopencl - build program: kernel 'reduce_kernel_stage2' was part of a lengthy source build resulting from a binary cache miss (0.60 s)
2022-06-10 01:34:47,984 - INFO - meshmode.array_context - Transforming kernel with 1 statements.
2022-06-10 01:34:47,990 - INFO - meshmode.array_context - Array Contraction: Contracting 0 temps
2022-06-10 01:34:48,484 - INFO - pyopencl - build program: kernel '_pt_kernel' was part of a lengthy source build resulting from a binary cache miss (0.46 s)
2022-06-10 01:34:48,513 - INFO - meshmode.array_context - Transforming kernel with 1 statements.
2022-06-10 01:34:48,543 - INFO - meshmode.array_context - Array Contraction: Contracting 0 temps
2022-06-10 01:34:49,159 - INFO - pyopencl - build program: kernel '_pt_kernel' was part of a lengthy source build resulting from a binary cache miss (0.48 s)
2022-06-10 01:34:49,184 - INFO - meshmode.array_context - Transforming kernel with 1 statements.
2022-06-10 01:34:49,213 - INFO - meshmode.array_context - Array Contraction: Contracting 0 temps
-------- dt = 1.000e-08, cfl = 0.0253
-------- P (min, max) (Pa) = (2.865706984e+03, 2.742120082e+05)
-------- T (min, max) (K)  = (    300, 2075.81)

2022-06-10 01:34:49,821 - INFO - pyopencl - build program: kernel '_pt_kernel' was part of a lengthy source build resulting from a binary cache miss (0.47 s)
2022-06-10 01:34:49,902 - INFO - meshmode.array_context - Transforming kernel with 1 statements.
2022-06-10 01:34:49,911 - INFO - meshmode.array_context - Array Contraction: Contracting 0 temps
2022-06-10 01:34:50,470 - INFO - pyopencl - build program: kernel '_pt_kernel' was part of a lengthy source build resulting from a binary cache miss (0.47 s)
2022-06-10 01:34:50,483 - INFO - meshmode.array_context - Transforming kernel with 1 statements.
2022-06-10 01:34:50,671 - INFO - meshmode.array_context - Transforming kernel with 1 statements.
2022-06-10 01:34:50,775 - INFO - meshmode.array_context - Transforming kernel with 1 statements.
2022-06-10 01:34:50,788 - INFO - meshmode.array_context - Array Contraction: Contracting 0 temps
2022-06-10 01:34:51,445 - INFO - pyopencl - build program: kernel '_pt_kernel' was part of a lengthy source build resulting from a binary cache miss (0.48 s)
2022-06-10 01:34:51,469 - INFO - meshmode.array_context - Transforming kernel with 1 statements.
2022-06-10 01:34:51,482 - INFO - meshmode.array_context - Array Contraction: Contracting 0 temps
2022-06-10 01:34:52,127 - INFO - pyopencl - build program: kernel '_pt_kernel' was part of a lengthy source build resulting from a binary cache miss (0.49 s)
2022-06-10 01:34:52,154 - INFO - meshmode.array_context - Transforming kernel with 1 statements.
2022-06-10 01:34:52,167 - INFO - meshmode.array_context - Array Contraction: Contracting 0 temps
2022-06-10 01:34:52,830 - INFO - pyopencl - build program: kernel '_pt_kernel' was part of a lengthy source build resulting from a binary cache miss (0.49 s)
2022-06-10 01:34:52,874 - INFO - meshmode.array_context - Transforming kernel with 3 statements.
2022-06-10 01:34:52,920 - INFO - meshmode.array_context - Array Contraction: Contracting 0 temps
2022-06-10 01:34:53,921 - INFO - pyopencl - build program: kernel '_pt_kernel' was part of a lengthy source build resulting from a binary cache miss (0.65 s)
2022-06-10 01:34:53,922 - INFO - pyopencl - build program: kernel '_pt_kernel_0' was part of a lengthy source build resulting from a binary cache miss (0.65 s)
2022-06-10 01:34:53,938 - INFO - meshmode.array_context - Transforming kernel with 1 statements.
2022-06-10 01:34:53,948 - INFO - meshmode.array_context - Array Contraction: Contracting 0 temps
2022-06-10 01:34:54,528 - INFO - pyopencl - build program: kernel '_pt_kernel' was part of a lengthy source build resulting from a binary cache miss (0.48 s)
2022-06-10 01:34:54,552 - INFO - meshmode.array_context - Transforming kernel with 1 statements.
2022-06-10 01:34:54,562 - INFO - meshmode.array_context - Array Contraction: Contracting 0 temps
2022-06-10 01:34:55,155 - INFO - pyopencl - build program: kernel '_pt_kernel' was part of a lengthy source build resulting from a binary cache miss (0.48 s)
2022-06-10 01:34:55,188 - INFO - meshmode.array_context - Transforming kernel with 3 statements.
2022-06-10 01:34:55,232 - INFO - meshmode.array_context - Array Contraction: Contracting 0 temps
2022-06-10 01:34:56,141 - INFO - pyopencl - build program: kernel '_pt_kernel' was part of a lengthy source build resulting from a binary cache miss (0.63 s)
2022-06-10 01:34:56,142 - INFO - pyopencl - build program: kernel '_pt_kernel_0' was part of a lengthy source build resulting from a binary cache miss (0.63 s)
2022-06-10 01:34:56,207 - INFO - meshmode.array_context - Transforming kernel with 6 statements.
2022-06-10 01:34:56,358 - INFO - meshmode.array_context - Array Contraction: Contracting 0 temps
2022-06-10 01:34:56,966 - INFO - loopy.codegen - _pt_kernel: generate code: completed (0.31s wall 1.00x CPU)
2022-06-10 01:34:58,077 - INFO - pyopencl - build program: kernel '_pt_kernel' was part of a lengthy source build resulting from a binary cache miss (1.10 s)
2022-06-10 01:34:58,077 - INFO - pyopencl - build program: kernel '_pt_kernel_0' was part of a lengthy source build resulting from a binary cache miss (1.10 s)
2022-06-10 01:34:58,079 - INFO - pyopencl - build program: kernel '_pt_kernel_1' was part of a lengthy source build resulting from a binary cache miss (1.10 s)
2022-06-10 01:34:58,079 - INFO - pyopencl - build program: kernel '_pt_kernel_2' was part of a lengthy source build resulting from a binary cache miss (1.10 s)
2022-06-10 01:34:58,080 - INFO - pyopencl - build program: kernel '_pt_kernel_3' was part of a lengthy source build resulting from a binary cache miss (1.10 s)
2022-06-10 01:34:58,146 - INFO - meshmode.array_context - Transforming kernel with 4 statements.
2022-06-10 01:34:58,223 - INFO - meshmode.array_context - Array Contraction: Contracting 2 temps
2022-06-10 01:34:59,321 - INFO - pyopencl - build program: kernel '_pt_kernel' was part of a lengthy source build resulting from a binary cache miss (0.66 s)
2022-06-10 01:34:59,321 - INFO - pyopencl - build program: kernel '_pt_kernel_0' was part of a lengthy source build resulting from a binary cache miss (0.66 s)
2022-06-10 01:34:59,344 - INFO - /p/gpfs1/mtcampbe/CEESD/AutomatedTesting/MIRGE-Timing/timing/emirge/pytato/pytato/transform/__init__.py - data wrapper de-duplication: 1 encountered, 1 kept, 0 eliminated
2022-06-10 01:34:59,345 - INFO - /p/gpfs1/mtcampbe/CEESD/AutomatedTesting/MIRGE-Timing/timing/emirge/pytato/pytato/transform/__init__.py - data wrapper de-duplication: 1 encountered, 1 kept, 0 eliminated
2022-06-10 01:34:59,347 - INFO - /p/gpfs1/mtcampbe/CEESD/AutomatedTesting/MIRGE-Timing/timing/emirge/pytato/pytato/transform/__init__.py - data wrapper de-duplication: 1 encountered, 1 kept, 0 eliminated
2022-06-10 01:34:59,349 - INFO - /p/gpfs1/mtcampbe/CEESD/AutomatedTesting/MIRGE-Timing/timing/emirge/pytato/pytato/transform/__init__.py - data wrapper de-duplication: 1 encountered, 1 kept, 0 eliminated
2022-06-10 01:34:59,355 - INFO - meshmode.discretization.connection.face - building face restriction: start
2022-06-10 01:34:59,360 - INFO - meshmode.discretization.connection.face - building face restriction: done
2022-06-10 01:34:59,370 - INFO - meshmode.discretization.connection.face - building face restriction: start
2022-06-10 01:34:59,375 - INFO - meshmode.discretization.connection.face - building face restriction: done
2022-06-10 01:34:59,385 - INFO - meshmode.discretization.connection.face - building face restriction: start
2022-06-10 01:34:59,397 - INFO - meshmode.discretization.connection.face - building face restriction: done
2022-06-10 01:34:59,407 - INFO - meshmode.discretization.connection.face - building face restriction: start
2022-06-10 01:34:59,495 - INFO - meshmode.discretization.connection.face - building face restriction: done
2022-06-10 01:34:59,509 - INFO - meshmode.array_context - Transforming kernel with 0 statements.
2022-06-10 01:34:59,597 - INFO - meshmode.array_context - Transforming kernel with 0 statements.
2022-06-10 01:34:59,752 - INFO - meshmode.array_context - Transforming kernel with 7 statements.
2022-06-10 01:34:59,961 - INFO - meshmode.array_context - Array Contraction: Contracting 2 temps
2022-06-10 01:35:01,305 - INFO - pyopencl - build program: kernel '_pt_kernel' was part of a lengthy source build resulting from a binary cache miss (0.75 s)
2022-06-10 01:35:01,305 - INFO - pyopencl - build program: kernel '_pt_kernel_0' was part of a lengthy source build resulting from a binary cache miss (0.75 s)
2022-06-10 01:35:01,306 - INFO - pyopencl - build program: kernel '_pt_kernel_1' was part of a lengthy source build resulting from a binary cache miss (0.75 s)
2022-06-10 01:35:01,406 - INFO - meshmode.array_context - Transforming kernel with 6 statements.
2022-06-10 01:35:01,591 - INFO - meshmode.array_context - Array Contraction: Contracting 0 temps
2022-06-10 01:35:02,905 - INFO - pyopencl - build program: kernel '_pt_kernel' was part of a lengthy source build resulting from a binary cache miss (0.76 s)
2022-06-10 01:35:02,906 - INFO - pyopencl - build program: kernel '_pt_kernel_0' was part of a lengthy source build resulting from a binary cache miss (0.76 s)
2022-06-10 01:35:02,907 - INFO - pyopencl - build program: kernel '_pt_kernel_1' was part of a lengthy source build resulting from a binary cache miss (0.76 s)
2022-06-10 01:35:02,925 - INFO - meshmode.array_context - Transforming kernel with 0 statements.
2022-06-10 01:35:02,929 - INFO - meshmode.array_context - Array Contraction: Contracting 0 temps
2022-06-10 01:35:03,003 - INFO - meshmode.array_context - Transforming kernel with 0 statements.
2022-06-10 01:35:03,070 - INFO - meshmode.array_context - Transforming kernel with 1 statements.
2022-06-10 01:35:03,085 - INFO - meshmode.array_context - Array Contraction: Contracting 0 temps
2022-06-10 01:35:03,603 - INFO - pyopencl - build program: kernel '_pt_kernel' was part of a lengthy source build resulting from a binary cache miss (0.46 s)
2022-06-10 01:35:03,622 - INFO - meshmode.array_context - Transforming kernel with 0 statements.
2022-06-10 01:35:03,777 - INFO - meshmode.array_context - Transforming kernel with 7 statements.
2022-06-10 01:35:03,987 - INFO - meshmode.array_context - Array Contraction: Contracting 2 temps
2022-06-10 01:35:05,331 - INFO - pyopencl - build program: kernel '_pt_kernel' was part of a lengthy source build resulting from a binary cache miss (0.75 s)
2022-06-10 01:35:05,332 - INFO - pyopencl - build program: kernel '_pt_kernel_0' was part of a lengthy source build resulting from a binary cache miss (0.75 s)
2022-06-10 01:35:05,332 - INFO - pyopencl - build program: kernel '_pt_kernel_1' was part of a lengthy source build resulting from a binary cache miss (0.75 s)
2022-06-10 01:35:05,431 - INFO - meshmode.array_context - Transforming kernel with 6 statements.
2022-06-10 01:35:05,614 - INFO - meshmode.array_context - Array Contraction: Contracting 0 temps
2022-06-10 01:35:06,925 - INFO - pyopencl - build program: kernel '_pt_kernel' was part of a lengthy source build resulting from a binary cache miss (0.76 s)
2022-06-10 01:35:06,926 - INFO - pyopencl - build program: kernel '_pt_kernel_0' was part of a lengthy source build resulting from a binary cache miss (0.76 s)
2022-06-10 01:35:06,926 - INFO - pyopencl - build program: kernel '_pt_kernel_1' was part of a lengthy source build resulting from a binary cache miss (0.76 s)
2022-06-10 01:35:06,944 - INFO - meshmode.array_context - Transforming kernel with 1 statements.
2022-06-10 01:35:06,959 - INFO - meshmode.array_context - Array Contraction: Contracting 0 temps
2022-06-10 01:35:07,475 - INFO - pyopencl - build program: kernel '_pt_kernel' was part of a lengthy source build resulting from a binary cache miss (0.46 s)
2022-06-10 01:35:07,486 - INFO - meshmode.array_context - Transforming kernel with 1 statements.
2022-06-10 01:35:07,501 - INFO - meshmode.array_context - Array Contraction: Contracting 0 temps
2022-06-10 01:35:08,021 - INFO - pyopencl - build program: kernel '_pt_kernel' was part of a lengthy source build resulting from a binary cache miss (0.46 s)
2022-06-10 01:35:08,102 - INFO - meshmode.array_context - Transforming kernel with 0 statements.
2022-06-10 01:35:08,253 - INFO - meshmode.array_context - Transforming kernel with 7 statements.
2022-06-10 01:35:08,465 - INFO - meshmode.array_context - Array Contraction: Contracting 2 temps
2022-06-10 01:35:09,843 - INFO - pyopencl - build program: kernel '_pt_kernel' was part of a lengthy source build resulting from a binary cache miss (0.76 s)
2022-06-10 01:35:09,843 - INFO - pyopencl - build program: kernel '_pt_kernel_0' was part of a lengthy source build resulting from a binary cache miss (0.76 s)
2022-06-10 01:35:09,844 - INFO - pyopencl - build program: kernel '_pt_kernel_1' was part of a lengthy source build resulting from a binary cache miss (0.76 s)
2022-06-10 01:35:09,944 - INFO - meshmode.array_context - Transforming kernel with 6 statements.
2022-06-10 01:35:10,129 - INFO - meshmode.array_context - Array Contraction: Contracting 0 temps
2022-06-10 01:35:11,471 - INFO - pyopencl - build program: kernel '_pt_kernel' was part of a lengthy source build resulting from a binary cache miss (0.77 s)
2022-06-10 01:35:11,472 - INFO - pyopencl - build program: kernel '_pt_kernel_0' was part of a lengthy source build resulting from a binary cache miss (0.77 s)
2022-06-10 01:35:11,472 - INFO - pyopencl - build program: kernel '_pt_kernel_1' was part of a lengthy source build resulting from a binary cache miss (0.77 s)
2022-06-10 01:35:11,491 - INFO - meshmode.array_context - Transforming kernel with 1 statements.
2022-06-10 01:35:11,506 - INFO - meshmode.array_context - Array Contraction: Contracting 0 temps
2022-06-10 01:35:12,022 - INFO - pyopencl - build program: kernel '_pt_kernel' was part of a lengthy source build resulting from a binary cache miss (0.46 s)
2022-06-10 01:35:12,034 - INFO - meshmode.array_context - Transforming kernel with 1 statements.
2022-06-10 01:35:12,048 - INFO - meshmode.array_context - Array Contraction: Contracting 0 temps
2022-06-10 01:35:12,573 - INFO - pyopencl - build program: kernel '_pt_kernel' was part of a lengthy source build resulting from a binary cache miss (0.46 s)
2022-06-10 01:35:12,686 - INFO - meshmode.array_context - Transforming kernel with 7 statements.
2022-06-10 01:35:12,896 - INFO - meshmode.array_context - Array Contraction: Contracting 2 temps
2022-06-10 01:35:14,269 - INFO - pyopencl - build program: kernel '_pt_kernel' was part of a lengthy source build resulting from a binary cache miss (0.76 s)
2022-06-10 01:35:14,270 - INFO - pyopencl - build program: kernel '_pt_kernel_0' was part of a lengthy source build resulting from a binary cache miss (0.76 s)
2022-06-10 01:35:14,270 - INFO - pyopencl - build program: kernel '_pt_kernel_1' was part of a lengthy source build resulting from a binary cache miss (0.76 s)
2022-06-10 01:35:14,371 - INFO - meshmode.array_context - Transforming kernel with 6 statements.
2022-06-10 01:35:14,554 - INFO - meshmode.array_context - Array Contraction: Contracting 0 temps
2022-06-10 01:35:15,893 - INFO - pyopencl - build program: kernel '_pt_kernel' was part of a lengthy source build resulting from a binary cache miss (0.76 s)
2022-06-10 01:35:15,893 - INFO - pyopencl - build program: kernel '_pt_kernel_0' was part of a lengthy source build resulting from a binary cache miss (0.76 s)
2022-06-10 01:35:15,893 - INFO - pyopencl - build program: kernel '_pt_kernel_1' was part of a lengthy source build resulting from a binary cache miss (0.76 s)
2022-06-10 01:35:15,911 - INFO - meshmode.array_context - Transforming kernel with 1 statements.
2022-06-10 01:35:15,926 - INFO - meshmode.array_context - Array Contraction: Contracting 0 temps
2022-06-10 01:35:16,449 - INFO - pyopencl - build program: kernel '_pt_kernel' was part of a lengthy source build resulting from a binary cache miss (0.46 s)
2022-06-10 01:35:16,460 - INFO - meshmode.array_context - Transforming kernel with 1 statements.
2022-06-10 01:35:16,474 - INFO - meshmode.array_context - Array Contraction: Contracting 0 temps
2022-06-10 01:35:17,002 - INFO - pyopencl - build program: kernel '_pt_kernel' was part of a lengthy source build resulting from a binary cache miss (0.46 s)
2022-06-10 01:35:17,013 - INFO - meshmode.array_context - Transforming kernel with 1 statements.
2022-06-10 01:35:17,028 - INFO - meshmode.array_context - Array Contraction: Contracting 0 temps
2022-06-10 01:35:17,554 - INFO - pyopencl - build program: kernel '_pt_kernel' was part of a lengthy source build resulting from a binary cache miss (0.46 s)
2022-06-10 01:35:18,384 - INFO - meshmode.array_context - Transforming kernel with 45 statements.
2022-06-10 01:35:19,780 - INFO - loopy.tools - fuse_same_discretization_entity_loops on '_pt_kernel': completed (1.32s wall 1.00x CPU)
2022-06-10 01:35:19,835 - INFO - meshmode.array_context - Loop Fusion: completed (1.44s wall 1.00x CPU)
2022-06-10 01:35:20,042 - INFO - meshmode.array_context - Array Contraction: Contracting 0 temps
2022-06-10 01:35:20,829 - INFO - loopy.tools - preprocess_program on '_pt_kernel': completed (0.57s wall 1.00x CPU)
2022-06-10 01:35:21,662 - INFO - loopy.check - _pt_kernel: check array access within bounds: completed (0.67s wall 1.00x CPU)
2022-06-10 01:35:22,787 - INFO - loopy.codegen - _pt_kernel: generate code: completed (0.75s wall 1.00x CPU)
2022-06-10 01:35:24,002 - INFO - pyopencl - build program: kernel '_pt_kernel' was part of a lengthy source build resulting from a binary cache miss (1.17 s)
2022-06-10 01:35:24,005 - INFO - pyopencl - build program: kernel '_pt_kernel_0' was part of a lengthy source build resulting from a binary cache miss (1.17 s)
2022-06-10 01:35:24,007 - INFO - pyopencl - build program: kernel '_pt_kernel_1' was part of a lengthy source build resulting from a binary cache miss (1.17 s)
2022-06-10 01:35:24,008 - INFO - pyopencl - build program: kernel '_pt_kernel_2' was part of a lengthy source build resulting from a binary cache miss (1.17 s)
/p/gpfs1/mtcampbe/CEESD/AutomatedTesting/MIRGE-Timing/timing/emirge/mirgecom/mirgecom/artificial_viscosity.py:190: UserWarning: The AV boundary_kwargs interface is deprecated, please pass gas_model and time directly.
  warn("The AV boundary_kwargs interface is deprecated, please pass gas_model"
2022-06-10 01:35:24,940 - INFO - /p/gpfs1/mtcampbe/CEESD/AutomatedTesting/MIRGE-Timing/timing/emirge/pytato/pytato/transform/__init__.py - data wrapper de-duplication: 1026 encountered, 54 kept, 972 eliminated
2022-06-10 01:35:25,180 - INFO - grudge.array_context - deduplicate_data_wrappers[pre-partition]: completed (0.55s wall 1.00x CPU)
2022-06-10 01:35:26,940 - INFO - grudge.array_context - transform_dag.infer_axes_tags[pre-partition]: completed (1.62s wall 1.00x CPU)
2022-06-10 01:35:27,978 - INFO - pytato.partition - find_partition: Split 3554 nodes into 1 parts, with [3554] nodes in each partition.
2022-06-10 01:35:28,864 - INFO - /p/gpfs1/mtcampbe/CEESD/AutomatedTesting/MIRGE-Timing/timing/emirge/pytato/pytato/transform/__init__.py - data wrapper de-duplication: 54 encountered, 54 kept, 0 eliminated
2022-06-10 01:35:29,740 - INFO - meshmode.array_context - transform_dag.materialize_all_einsums_or_reduces: completed (0.42s wall 1.00x CPU)
2022-06-10 01:35:31,464 - INFO - meshmode.array_context - transform_dag.infer_axes_tags: completed (1.72s wall 1.00x CPU)
2022-06-10 01:35:31,630 - INFO - meshmode.array_context - Transforming kernel with 1 statements.
2022-06-10 01:35:31,646 - INFO - meshmode.array_context - Array Contraction: Contracting 0 temps
2022-06-10 01:35:32,189 - INFO - pyopencl - build program: kernel '_pt_kernel' was part of a lengthy source build resulting from a binary cache miss (0.47 s)
2022-06-10 01:35:32,204 - INFO - meshmode.array_context - Transforming kernel with 1 statements.
2022-06-10 01:35:32,230 - INFO - meshmode.array_context - Array Contraction: Contracting 0 temps
2022-06-10 01:35:32,942 - INFO - pyopencl - build program: kernel '_pt_kernel' was part of a lengthy source build resulting from a binary cache miss (0.51 s)
2022-06-10 01:35:32,957 - INFO - meshmode.array_context - Transforming kernel with 1 statements.
2022-06-10 01:35:32,983 - INFO - meshmode.array_context - Array Contraction: Contracting 0 temps
2022-06-10 01:35:33,704 - INFO - pyopencl - build program: kernel '_pt_kernel' was part of a lengthy source build resulting from a binary cache miss (0.52 s)
2022-06-10 01:35:33,718 - INFO - meshmode.array_context - Transforming kernel with 1 statements.
2022-06-10 01:35:33,745 - INFO - meshmode.array_context - Array Contraction: Contracting 0 temps
2022-06-10 01:35:34,455 - INFO - pyopencl - build program: kernel '_pt_kernel' was part of a lengthy source build resulting from a binary cache miss (0.52 s)
2022-06-10 01:35:34,483 - INFO - meshmode.array_context - Transforming kernel with 1 statements.
2022-06-10 01:35:34,524 - INFO - meshmode.array_context - Array Contraction: Contracting 0 temps
2022-06-10 01:35:35,356 - INFO - pyopencl - build program: kernel '_pt_kernel' was part of a lengthy source build resulting from a binary cache miss (0.58 s)
2022-06-10 01:35:35,576 - INFO - arraycontext.impl.pytato.compile - transform_dag: completed (7.37s wall 1.00x CPU)
2022-06-10 01:35:40,855 - INFO - arraycontext.impl.pytato.compile - generate_loopy: completed (5.28s wall 1.00x CPU)
2022-06-10 01:35:40,855 - INFO - meshmode.array_context - Transforming kernel with 383 statements.
2022-06-10 01:35:58,782 - INFO - loopy.tools - fuse_same_discretization_entity_loops on '_pt_kernel': completed (17.30s wall 1.00x CPU)
2022-06-10 01:35:59,428 - INFO - meshmode.array_context - Loop Fusion: completed (18.56s wall 1.00x CPU)
2022-06-10 01:36:02,912 - INFO - meshmode.array_context - Array Contraction: Contracting 82 temps
2022-06-10 01:36:07,546 - INFO - loopy.tools - contract_arrays on '_pt_kernel': completed (4.64s wall 1.00x CPU)
2022-06-10 01:36:07,953 - INFO - meshmode.array_context - Array Contraction: completed (5.54s wall 1.00x CPU)
2022-06-10 01:36:14,272 - INFO - loopy.preprocess - _pt_kernel: preprocess: completed (0.30s wall 1.00x CPU)
2022-06-10 01:36:16,175 - INFO - loopy.tools - preprocess_program on '_pt_kernel': completed (5.44s wall 1.00x CPU)
2022-06-10 01:36:25,311 - INFO - loopy.check - _pt_kernel: check array access within bounds: completed (7.69s wall 1.00x CPU)
2022-06-10 01:36:33,820 - INFO - loopy.schedule - _pt_kernel: schedule: completed (8.45s wall 1.00x CPU)
2022-06-10 01:36:34,124 - INFO - arraycontext.impl.pytato.compile - transform_loopy_program: completed (53.27s wall 1.00x CPU)
2022-06-10 01:36:58,824 - INFO - loopy.codegen - _pt_kernel: generate code: completed (23.69s wall 1.00x CPU)
2022-06-10 01:37:09,971 - INFO - pyopencl - build program: kernel '_pt_kernel' was part of a lengthy source build resulting from a binary cache miss (10.47 s)
2022-06-10 01:37:09,973 - INFO - pyopencl - build program: kernel '_pt_kernel_0' was part of a lengthy source build resulting from a binary cache miss (10.47 s)
2022-06-10 01:37:09,975 - INFO - pyopencl - build program: kernel '_pt_kernel_1' was part of a lengthy source build resulting from a binary cache miss (10.47 s)
2022-06-10 01:37:09,975 - INFO - pyopencl - build program: kernel '_pt_kernel_2' was part of a lengthy source build resulting from a binary cache miss (10.47 s)
2022-06-10 01:37:09,977 - INFO - pyopencl - build program: kernel '_pt_kernel_3' was part of a lengthy source build resulting from a binary cache miss (10.47 s)
2022-06-10 01:37:09,978 - INFO - pyopencl - build program: kernel '_pt_kernel_4' was part of a lengthy source build resulting from a binary cache miss (10.47 s)
2022-06-10 01:37:09,979 - INFO - pyopencl - build program: kernel '_pt_kernel_5' was part of a lengthy source build resulting from a binary cache miss (10.47 s)
2022-06-10 01:37:09,981 - INFO - pyopencl - build program: kernel '_pt_kernel_6' was part of a lengthy source build resulting from a binary cache miss (10.47 s)
2022-06-10 01:37:09,982 - INFO - pyopencl - build program: kernel '_pt_kernel_7' was part of a lengthy source build resulting from a binary cache miss (10.47 s)
2022-06-10 01:37:09,985 - INFO - pyopencl - build program: kernel '_pt_kernel_8' was part of a lengthy source build resulting from a binary cache miss (10.47 s)
2022-06-10 01:37:09,987 - INFO - pyopencl - build program: kernel '_pt_kernel_9' was part of a lengthy source build resulting from a binary cache miss (10.47 s)
2022-06-10 01:37:09,988 - INFO - pyopencl - build program: kernel '_pt_kernel_10' was part of a lengthy source build resulting from a binary cache miss (10.47 s)
2022-06-10 01:37:09,990 - INFO - pyopencl - build program: kernel '_pt_kernel_11' was part of a lengthy source build resulting from a binary cache miss (10.47 s)
2022-06-10 01:37:09,991 - INFO - pyopencl - build program: kernel '_pt_kernel_12' was part of a lengthy source build resulting from a binary cache miss (10.47 s)
2022-06-10 01:37:09,992 - INFO - pyopencl - build program: kernel '_pt_kernel_13' was part of a lengthy source build resulting from a binary cache miss (10.47 s)
2022-06-10 01:37:09,994 - INFO - pyopencl - build program: kernel '_pt_kernel_14' was part of a lengthy source build resulting from a binary cache miss (10.47 s)
2022-06-10 01:37:09,996 - INFO - pyopencl - build program: kernel '_pt_kernel_15' was part of a lengthy source build resulting from a binary cache miss (10.47 s)
2022-06-10 01:37:09,997 - INFO - pyopencl - build program: kernel '_pt_kernel_16' was part of a lengthy source build resulting from a binary cache miss (10.47 s)
2022-06-10 01:37:09,998 - INFO - pyopencl - build program: kernel '_pt_kernel_17' was part of a lengthy source build resulting from a binary cache miss (10.47 s)
2022-06-10 01:37:10,000 - INFO - pyopencl - build program: kernel '_pt_kernel_18' was part of a lengthy source build resulting from a binary cache miss (10.47 s)
2022-06-10 01:37:10,002 - INFO - pyopencl - build program: kernel '_pt_kernel_19' was part of a lengthy source build resulting from a binary cache miss (10.47 s)
2022-06-10 01:37:10,004 - INFO - pyopencl - build program: kernel '_pt_kernel_20' was part of a lengthy source build resulting from a binary cache miss (10.47 s)
2022-06-10 01:37:10,005 - INFO - pyopencl - build program: kernel '_pt_kernel_21' was part of a lengthy source build resulting from a binary cache miss (10.47 s)
2022-06-10 01:37:10,007 - INFO - pyopencl - build program: kernel '_pt_kernel_22' was part of a lengthy source build resulting from a binary cache miss (10.47 s)
2022-06-10 01:37:10,009 - INFO - pyopencl - build program: kernel '_pt_kernel_23' was part of a lengthy source build resulting from a binary cache miss (10.47 s)
2022-06-10 01:37:10,013 - INFO - pyopencl - build program: kernel '_pt_kernel_24' was part of a lengthy source build resulting from a binary cache miss (10.47 s)
2022-06-10 01:37:10,014 - INFO - pyopencl - build program: kernel '_pt_kernel_25' was part of a lengthy source build resulting from a binary cache miss (10.47 s)
2022-06-10 01:37:10,016 - INFO - pyopencl - build program: kernel '_pt_kernel_26' was part of a lengthy source build resulting from a binary cache miss (10.47 s)
2022-06-10 01:37:10,017 - INFO - pyopencl - build program: kernel '_pt_kernel_27' was part of a lengthy source build resulting from a binary cache miss (10.47 s)
2022-06-10 01:37:10,019 - INFO - pyopencl - build program: kernel '_pt_kernel_28' was part of a lengthy source build resulting from a binary cache miss (10.47 s)
Fusion actx took: 36.0129828453064 secs
2022-06-10 01:37:10,152 - INFO - meshmode.array_context - Transforming kernel with 1 statements.
2022-06-10 01:37:10,178 - INFO - meshmode.array_context - Array Contraction: Contracting 0 temps
2022-06-10 01:37:10,767 - INFO - pyopencl - build program: kernel '_pt_kernel' was part of a lengthy source build resulting from a binary cache miss (0.47 s)
2022-06-10 01:37:10,783 - INFO - meshmode.array_context - Transforming kernel with 1 statements.
Fusion actx took: 0.001585245132446289 secs
Fusion actx took: 0.0014946460723876953 secs
2022-06-10 01:37:11,008 - INFO - meshmode.array_context - Transforming kernel with 1 statements.
2022-06-10 01:37:11,034 - INFO - meshmode.array_context - Array Contraction: Contracting 0 temps
2022-06-10 01:37:11,621 - INFO - pyopencl - build program: kernel '_pt_kernel' was part of a lengthy source build resulting from a binary cache miss (0.47 s)
2022-06-10 01:37:11,638 - INFO - meshmode.array_context - Transforming kernel with 1 statements.
Fusion actx took: 0.0015850067138671875 secs
step = 0, sim time: 0.000000e+00 s, step walltime: 157.693 s
2022-06-10 01:37:11,980 - INFO - meshmode.array_context - Transforming kernel with 4 statements.
2022-06-10 01:37:12,052 - INFO - meshmode.array_context - Array Contraction: Contracting 0 temps
2022-06-10 01:37:12,809 - INFO - pyopencl - build program: kernel '_pt_kernel' was part of a lengthy source build resulting from a binary cache miss (0.48 s)
2022-06-10 01:37:12,886 - INFO - meshmode.array_context - Transforming kernel with 4 statements.
Fusion actx took: 0.002130746841430664 secs
Fusion actx took: 0.0014803409576416016 secs
Fusion actx took: 0.001489877700805664 secs
Fusion actx took: 0.0014948844909667969 secs
step = 1, sim time: 1.000000e-08 s, step walltime: 0.38784 s
2022-06-10 01:37:13,285 - INFO - meshmode.array_context - Transforming kernel with 4 statements.
Fusion actx took: 0.0015590190887451172 secs
Fusion actx took: 0.0015106201171875 secs
Fusion actx took: 0.0014793872833251953 secs
Fusion actx took: 0.0019783973693847656 secs
step = 2, sim time: 2.000000e-08 s, step walltime: 0.035363 s
Fusion actx took: 0.0014400482177734375 secs
Fusion actx took: 0.0014078617095947266 secs
Fusion actx took: 0.0014121532440185547 secs
Fusion actx took: 0.0014383792877197266 secs
step = 3, sim time: 3.000000e-08 s, step walltime: 0.0337059 s
Fusion actx took: 0.001425027847290039 secs
Fusion actx took: 0.0018417835235595703 secs
Fusion actx took: 0.001430511474609375 secs
Fusion actx took: 0.0014729499816894531 secs
step = 4, sim time: 4.000000e-08 s, step walltime: 0.0338595 s
Fusion actx took: 0.001434326171875 secs
Fusion actx took: 0.0018377304077148438 secs
Fusion actx took: 0.0014123916625976562 secs
Fusion actx took: 0.0014147758483886719 secs
step = 5, sim time: 5.000000e-08 s, step walltime: 0.0337114 s
Fusion actx took: 0.0014400482177734375 secs
Fusion actx took: 0.0018243789672851562 secs
Fusion actx took: 0.0014178752899169922 secs
Fusion actx took: 0.001405477523803711 secs
step = 6, sim time: 6.000000e-08 s, step walltime: 0.0337677 s
Fusion actx took: 0.001432657241821289 secs
Fusion actx took: 0.0020036697387695312 secs
Fusion actx took: 0.0014081001281738281 secs
Fusion actx took: 0.0014111995697021484 secs
step = 7, sim time: 7.000000e-08 s, step walltime: 0.0339265 s
Fusion actx took: 0.0014238357543945312 secs
Fusion actx took: 0.0018270015716552734 secs
Fusion actx took: 0.0014126300811767578 secs
Fusion actx took: 0.001416921615600586 secs
step = 8, sim time: 8.000000e-08 s, step walltime: 0.0337462 s
Fusion actx took: 0.0014319419860839844 secs
Fusion actx took: 0.0018305778503417969 secs
Fusion actx took: 0.0015020370483398438 secs
Fusion actx took: 0.001409292221069336 secs
step = 9, sim time: 9.000000e-08 s, step walltime: 0.0340071 s
Fusion actx took: 0.0014290809631347656 secs
Fusion actx took: 0.0014078617095947266 secs
Fusion actx took: 0.0014209747314453125 secs
Fusion actx took: 0.0014202594757080078 secs
step = 10, sim time: 1.000000e-07 s, step walltime: 0.0337524 s
Fusion actx took: 0.0014302730560302734 secs
Fusion actx took: 0.001832723617553711 secs
Fusion actx took: 0.0014133453369140625 secs
Fusion actx took: 0.0014145374298095703 secs
step = 11, sim time: 1.100000e-07 s, step walltime: 0.0336719 s
Fusion actx took: 0.0014221668243408203 secs
Fusion actx took: 0.0014181137084960938 secs
Fusion actx took: 0.0014088153839111328 secs
Fusion actx took: 0.0014107227325439453 secs
step = 12, sim time: 1.200000e-07 s, step walltime: 0.0338962 s
Fusion actx took: 0.001432180404663086 secs
Fusion actx took: 0.0014145374298095703 secs
Fusion actx took: 0.0014088153839111328 secs
Fusion actx took: 0.0014107227325439453 secs
step = 13, sim time: 1.300000e-07 s, step walltime: 0.033603 s
Fusion actx took: 0.001432657241821289 secs
Fusion actx took: 0.0018463134765625 secs
Fusion actx took: 0.0014142990112304688 secs
Fusion actx took: 0.0014312267303466797 secs
step = 14, sim time: 1.400000e-07 s, step walltime: 0.0338936 s
Fusion actx took: 0.0014414787292480469 secs
Fusion actx took: 0.0014193058013916016 secs
Fusion actx took: 0.0014171600341796875 secs
Fusion actx took: 0.0014178752899169922 secs
step = 15, sim time: 1.500000e-07 s, step walltime: 0.0337348 s
Fusion actx took: 0.0014340877532958984 secs
Fusion actx took: 0.0018506050109863281 secs
Fusion actx took: 0.0014190673828125 secs
Fusion actx took: 0.0014410018920898438 secs
step = 16, sim time: 1.600000e-07 s, step walltime: 0.0337672 s
Fusion actx took: 0.0015308856964111328 secs
Fusion actx took: 0.0014393329620361328 secs
Fusion actx took: 0.0014324188232421875 secs
Fusion actx took: 0.001434326171875 secs
step = 17, sim time: 1.700000e-07 s, step walltime: 0.264909 s
Fusion actx took: 0.0014443397521972656 secs
Fusion actx took: 0.0018496513366699219 secs
Fusion actx took: 0.0014259815216064453 secs
Fusion actx took: 0.001421213150024414 secs
step = 18, sim time: 1.800000e-07 s, step walltime: 0.0339158 s
Fusion actx took: 0.0014617443084716797 secs
2022-06-10 01:37:14,618 - INFO - meshmode.array_context - Transforming kernel with 1 statements.
2022-06-10 01:37:14,645 - INFO - meshmode.array_context - Array Contraction: Contracting 0 temps
2022-06-10 01:37:15,235 - INFO - pyopencl - build program: kernel '_pt_kernel' was part of a lengthy source build resulting from a binary cache miss (0.47 s)
Fusion actx took: 0.0015156269073486328 secs
Fusion actx took: 0.001432180404663086 secs
2022-06-10 01:37:15,262 - INFO - meshmode.array_context - Transforming kernel with 1 statements.
2022-06-10 01:37:15,288 - INFO - meshmode.array_context - Array Contraction: Contracting 0 temps
2022-06-10 01:37:15,877 - INFO - pyopencl - build program: kernel '_pt_kernel' was part of a lengthy source build resulting from a binary cache miss (0.47 s)
Fusion actx took: 0.0015082359313964844 secs
step = 19, sim time: 1.900000e-07 s, step walltime: 1.29687 s
Checkpointing final state ...
2022-06-10 01:37:16,024 - INFO - meshmode.array_context - Transforming kernel with 7 statements.
2022-06-10 01:37:16,236 - INFO - meshmode.array_context - Array Contraction: Contracting 6 temps
2022-06-10 01:37:17,252 - INFO - pyopencl - build program: kernel '_pt_kernel' was part of a lengthy source build resulting from a binary cache miss (0.51 s)
2022-06-10 01:37:17,346 - INFO - meshmode.array_context - Transforming kernel with 4 statements.
2022-06-10 01:37:17,454 - INFO - meshmode.array_context - Array Contraction: Contracting 3 temps
2022-06-10 01:37:18,303 - INFO - pyopencl - build program: kernel '_pt_kernel' was part of a lengthy source build resulting from a binary cache miss (0.49 s)
2022-06-10 01:37:18,388 - INFO - meshmode.array_context - Transforming kernel with 3 statements.
2022-06-10 01:37:18,476 - INFO - meshmode.array_context - Array Contraction: Contracting 2 temps
2022-06-10 01:37:19,283 - INFO - pyopencl - build program: kernel '_pt_kernel' was part of a lengthy source build resulting from a binary cache miss (0.49 s)
-------- dt = 0.000e+00, cfl = 0.0228
-------- P (min, max) (Pa) = (1.308488379e+03, 2.864123776e+05)
-------- T (min, max) (K)  = (275.025, 2214.64)

2022-06-10 01:37:19,323 - INFO - meshmode.array_context - Transforming kernel with 1 statements.
2022-06-10 01:37:19,336 - INFO - meshmode.array_context - Array Contraction: Contracting 0 temps
2022-06-10 01:37:19,966 - INFO - pyopencl - build program: kernel '_pt_kernel' was part of a lengthy source build resulting from a binary cache miss (0.48 s)
2022-06-10 01:37:20,059 - INFO - meshmode.array_context - Transforming kernel with 4 statements.
2022-06-10 01:37:20,128 - INFO - meshmode.array_context - Array Contraction: Contracting 0 temps
2022-06-10 01:37:21,255 - INFO - pyopencl - build program: kernel '_pt_kernel' was part of a lengthy source build resulting from a binary cache miss (0.65 s)
2022-06-10 01:37:21,256 - INFO - pyopencl - build program: kernel '_pt_kernel_0' was part of a lengthy source build resulting from a binary cache miss (0.65 s)
2022-06-10 01:37:21,343 - INFO - meshmode.array_context - Transforming kernel with 3 statements.
2022-06-10 01:37:21,402 - INFO - meshmode.array_context - Array Contraction: Contracting 0 temps
2022-06-10 01:37:22,517 - INFO - pyopencl - build program: kernel '_pt_kernel' was part of a lengthy source build resulting from a binary cache miss (0.65 s)
2022-06-10 01:37:22,519 - INFO - pyopencl - build program: kernel '_pt_kernel_0' was part of a lengthy source build resulting from a binary cache miss (0.65 s)
2022-06-10 01:37:22,612 - INFO - meshmode.array_context - Transforming kernel with 4 statements.
2022-06-10 01:37:22,682 - INFO - meshmode.array_context - Array Contraction: Contracting 0 temps
2022-06-10 01:37:23,813 - INFO - pyopencl - build program: kernel '_pt_kernel' was part of a lengthy source build resulting from a binary cache miss (0.66 s)
2022-06-10 01:37:23,814 - INFO - pyopencl - build program: kernel '_pt_kernel_0' was part of a lengthy source build resulting from a binary cache miss (0.66 s)
2022-06-10 01:37:23,924 - INFO - meshmode.array_context - Transforming kernel with 6 statements.
2022-06-10 01:37:24,054 - INFO - meshmode.array_context - Array Contraction: Contracting 0 temps
2022-06-10 01:37:25,459 - INFO - pyopencl - build program: kernel '_pt_kernel' was part of a lengthy source build resulting from a binary cache miss (0.67 s)
2022-06-10 01:37:25,460 - INFO - pyopencl - build program: kernel '_pt_kernel_0' was part of a lengthy source build resulting from a binary cache miss (0.67 s)
2022-06-10 01:37:25,505 - INFO - meshmode.array_context - Transforming kernel with 1 statements.
2022-06-10 01:37:25,522 - INFO - meshmode.array_context - Array Contraction: Contracting 0 temps
2022-06-10 01:37:26,247 - INFO - pyopencl - build program: kernel '_pt_kernel' was part of a lengthy source build resulting from a binary cache miss (0.49 s)
2022-06-10 01:37:26,327 - INFO - meshmode.array_context - Transforming kernel with 4 statements.
2022-06-10 01:37:26,415 - INFO - meshmode.array_context - Array Contraction: Contracting 1 temps
2022-06-10 01:37:27,476 - INFO - pyopencl - build program: kernel '_pt_kernel' was part of a lengthy source build resulting from a binary cache miss (0.65 s)
2022-06-10 01:37:27,477 - INFO - pyopencl - build program: kernel '_pt_kernel_0' was part of a lengthy source build resulting from a binary cache miss (0.65 s)
2022-06-10 01:37:27,558 - INFO - meshmode.array_context - Transforming kernel with 6 statements.
2022-06-10 01:37:27,717 - INFO - meshmode.array_context - Array Contraction: Contracting 0 temps
2022-06-10 01:37:28,359 - INFO - loopy.codegen - _pt_kernel: generate code: completed (0.31s wall 1.00x CPU)
2022-06-10 01:37:29,488 - INFO - pyopencl - build program: kernel '_pt_kernel' was part of a lengthy source build resulting from a binary cache miss (1.12 s)
2022-06-10 01:37:29,489 - INFO - pyopencl - build program: kernel '_pt_kernel_0' was part of a lengthy source build resulting from a binary cache miss (1.12 s)
2022-06-10 01:37:29,489 - INFO - pyopencl - build program: kernel '_pt_kernel_1' was part of a lengthy source build resulting from a binary cache miss (1.12 s)
2022-06-10 01:37:29,490 - INFO - pyopencl - build program: kernel '_pt_kernel_2' was part of a lengthy source build resulting from a binary cache miss (1.12 s)
2022-06-10 01:37:29,490 - INFO - pyopencl - build program: kernel '_pt_kernel_3' was part of a lengthy source build resulting from a binary cache miss (1.12 s)
2022-06-10 01:37:29,620 - INFO - meshmode.array_context - Transforming kernel with 7 statements.
2022-06-10 01:37:29,782 - INFO - meshmode.array_context - Array Contraction: Contracting 2 temps
2022-06-10 01:37:31,268 - INFO - pyopencl - build program: kernel '_pt_kernel' was part of a lengthy source build resulting from a binary cache miss (0.69 s)
2022-06-10 01:37:31,270 - INFO - pyopencl - build program: kernel '_pt_kernel_0' was part of a lengthy source build resulting from a binary cache miss (0.69 s)
2022-06-10 01:37:31,336 - INFO - meshmode.array_context - Transforming kernel with 1 statements.
2022-06-10 01:37:31,366 - INFO - meshmode.array_context - Array Contraction: Contracting 0 temps
2022-06-10 01:37:31,972 - INFO - pyopencl - build program: kernel '_pt_kernel' was part of a lengthy source build resulting from a binary cache miss (0.47 s)

------------------------------------------------------------
Sender: LSF System <lsfadmin@lassen710>
Subject: Job 3628813: <isolator_timing_job.sh> in cluster <lassen> Done

Job <isolator_timing_job.sh> was submitted from host <lassen708> by user <mtcampbe> in cluster <lassen> at Fri Jun 10 01:33:26 2022
Job was executed on host(s) <1*lassen710>, in queue <pbatch>, as user <mtcampbe> in cluster <lassen> at Fri Jun 10 01:33:28 2022
                            <40*lassen555>
</g/g17/mtcampbe> was used as the home directory.
</p/gpfs1/mtcampbe/CEESD/AutomatedTesting/MIRGE-Timing/timing/emirge/mirgecom/y2-isolator/timing_run> was used as the working directory.
Started at Fri Jun 10 01:33:28 2022
Terminated at Fri Jun 10 01:38:18 2022
Results reported at Fri Jun 10 01:38:18 2022

Your job looked like:

------------------------------------------------------------
# LSBATCH: User input
#!/bin/bash

#BSUB -nnodes 1
#BSUB -G uiuc
#BSUB -W 60
#BSUB -q pbatch

printf "Running with EMIRGE_HOME=/p/gpfs1/mtcampbe/CEESD/AutomatedTesting/MIRGE-Timing/timing/emirge\n"

source "/p/gpfs1/mtcampbe/CEESD/AutomatedTesting/MIRGE-Timing/timing/emirge/config/activate_env.sh"
export PYOPENCL_CTX="port:tesla"
export XDG_CACHE_HOME="/tmp/mtcampbe/xdg-scratch"
rm -rf $XDG_CACHE_HOME
rm -f timing-run-done
which python
conda env list
env
env | grep LSB_MCPU_HOSTS

jsrun -g 1 -a 1 -n 1 python -O -u -m mpi4py ./isolator.py -i timing_params.yaml --lazy --log
touch timing-run-done


------------------------------------------------------------

Successfully completed.

Resource usage summary:

    CPU time :                                   0.23 sec.
    Max Memory :                                 59 MB
    Average Memory :                             57.64 MB
    Total Requested Memory :                     -
    Delta Memory :                               -
    Max Swap :                                   1634 MB
    Max Processes :                              4
    Max Threads :                                27
    Run time :                                   290 sec.
    Turnaround time :                            292 sec.

The output (if any) is above this job summary.

