Customizing shell for Lassen.
Running with EMIRGE_HOME=/p/gpfs1/mtcampbe/CEESD/AutomatedTesting/MIRGE-Timing/timing/emirge
Activating 'nozzle.lazy.timing.env' environment for '/p/gpfs1/mtcampbe/CEESD/AutomatedTesting/MIRGE-Timing/timing/emirge/miniforge3/bin/conda'.
/p/gpfs1/mtcampbe/CEESD/AutomatedTesting/MIRGE-Timing/timing/emirge/miniforge3/envs/nozzle.lazy.timing.env/bin/python
# conda environments:
#
                         /g/g17/mtcampbe/scratchl/CEESD/AutomatedTesting/AK/emirge/miniforge3
                         /g/g17/mtcampbe/scratchl/CEESD/AutomatedTesting/AK/emirge/miniforge3/envs/nozzle.timing.env
                         /g/g17/mtcampbe/scratchl/CEESD/Software/Experimental/emirge/miniforge3
                         /g/g17/mtcampbe/scratchl/CEESD/Software/Experimental/emirge/miniforge3/envs/xp.ceesd
                         /g/g17/mtcampbe/scratchl/CEESD/Support/CEESD-Y1_Shock1D/emirge/miniforge3
                         /g/g17/mtcampbe/scratchl/CEESD/Support/CEESD-Y1_Shock1D/emirge/miniforge3/envs/mirgeDriver.shock1d
                         /p/gpfs1/mtcampbe/CEESD/AutomatedTesting/MIRGE-Timing/hand-timing/emirge/miniforge3/envs/hand.timing.lazy.env
                         /p/gpfs1/mtcampbe/CEESD/AutomatedTesting/MIRGE-Timing/timing.mix/emirge/miniforge3/envs/flame1d.lazy.mix.env
                         /p/gpfs1/mtcampbe/CEESD/AutomatedTesting/MIRGE-Timing/timing/emirge.permanent/miniforge3/envs/timing.permanent.production
base                     /p/gpfs1/mtcampbe/CEESD/AutomatedTesting/MIRGE-Timing/timing/emirge/miniforge3
nozzle.lazy.timing.env  *  /p/gpfs1/mtcampbe/CEESD/AutomatedTesting/MIRGE-Timing/timing/emirge/miniforge3/envs/nozzle.lazy.timing.env
                         /p/gpfs1/mtcampbe/CEESD/Experimental/pardist2/emirge/miniforge3
                         /p/gpfs1/mtcampbe/CEESD/Experimental/pardist2/emirge/miniforge3/envs/x.distpar2.test
                         /usr/workspace/wsa/xpacc/Users/mtcampbe/CEESD/Quartz/Install/conda
                         /usr/workspace/wsa/xpacc/Users/mtcampbe/CEESD/Quartz/Install/conda/envs/abate.mtc_euler.env
                         /usr/workspace/wsa/xpacc/Users/mtcampbe/CEESD/Quartz/Install/conda/envs/ceesd.master
                         /usr/workspace/wsa/xpacc/Users/mtcampbe/CEESD/Quartz/Install/conda/envs/chem.master
                         /usr/workspace/wsa/xpacc/Users/mtcampbe/CEESD/Quartz/Install/conda/envs/dgfem
                         /usr/workspace/wsa/xpacc/Users/mtcampbe/CEESD/Quartz/Install/conda/envs/mc.master

LMOD_FAMILY_COMPILER_VERSION=8.3.1
PROJ_LIB=/p/gpfs1/mtcampbe/CEESD/AutomatedTesting/MIRGE-Timing/timing/emirge/miniforge3/envs/nozzle.lazy.timing.env/share/proj
LLNL_IPISOLATE=0
MANPATH=/usr/tce/packages/spectrum-mpi/ibm/spectrum-mpi-rolling-release/share/man:/usr/tce/packages/gcc/gcc-8.3.1/man:/opt/ibm/spectrumcomputing/lsf/10.1.0.10/man:/usr/man:/usr/share/man:/usr/local/man:/usr/X11R6/man:/usr/lib64/mvapich/default/man:/opt/ibm/spectrum_mpi/jsm_pmix/share/man
LSB_EXEC_CLUSTER=lassen
OMPI_COMM_WORLD_RANK=0
LMOD_FAMILY_CUDA=cuda
LMOD_ANCIENT_TIME=3600
GUESTFISH_INIT=\e[1;34m
_ModuleTable003_=bG9jLzIuMC5sdWEiLFsiZnVsbE5hbWUiXT0ibGFsbG9jLzIuMCIsWyJsb2FkT3JkZXIiXT0zLHByb3BUPXt9LFsic3RhY2tEZXB0aCJdPTAsWyJzdGF0dXMiXT0iYWN0aXZlIixbInVzZXJOYW1lIl09ImxhbGxvYy8yLjAiLH0sWyJzcGVjdHJ1bS1tcGkiXT17WyJmbiJdPSIvdXNyL3RjZS9tb2R1bGVmaWxlcy9Db21waWxlci9nY2MvOC4zLjEvc3BlY3RydW0tbXBpL3JvbGxpbmctcmVsZWFzZS5sdWEiLFsiZnVsbE5hbWUiXT0ic3BlY3RydW0tbXBpL3JvbGxpbmctcmVsZWFzZSIsWyJsb2FkT3JkZXIiXT01LHByb3BUPXt9LFsic3RhY2tEZXB0aCJdPTAsWyJzdGF0dXMiXT0iYWN0aXZlIixbInVzZXJOYW1lIl09InNwZWN0cnVtLW1waS9yb2xsaW5nLXJlbGVhc2UiLH0sfSxt
HOSTNAME=lassen583
LSB_EFFECTIVE_RSRCREQ=1*{select[(LN) && (type == any)] order[r15s:pg] span[hosts=1]}+40*{select[(CN) && (type == any)] order[r15s:pg] span[ptile=40]}
LSB_DOCKER_JOB_STARTTS=1648717102
BBHASH=72f7d0a426022432213d140c093439a2
JSM_TMPDIR=/var/tmp
MIRGE_TIMING_HOME=/p/gpfs1/mtcampbe/CEESD/AutomatedTesting/MIRGE-Timing
LSF_LOGDIR=/opt/ibm/spectrumcomputing/lsf/log
LSF_LIM_API_NTRIES=1
LSB_BATCH_JID=3417446
__LMOD_REF_COUNT_MODULEPATH=/usr/tce/modulefiles/MPI/gcc/8.3.1/spectrum-mpi/rolling-release:1;/usr/tce/modulefiles/Compiler/gcc/8.3.1:1;/usr/tcetmp/modulefiles/Core:1;/usr/apps/modulefiles:1;/usr/share/modulefiles/Linux:1;/usr/share/modulefiles/Core:1;/usr/share/lmod/lmod/modulefiles/Core:1;/collab/usr/global/tools/modulefiles/blueos_3_ppc64le_ib_p9/Core:1
MAILTO=mtcampbe@illinois.edu,andreask@illinois.edu
SHELL=/bin/bash
LMOD_ROOT=/usr/share/lmod
HISTSIZE=1000
WISECONFIGDIR=/usr/share/wise2/
LMOD_SYSTEM_DEFAULT_MODULES=StdEnv
TMPDIR=/var/tmp
MODULEPATH_ROOT=/usr/share/modulefiles
SSH_CLIENT=192.168.66.202 53974 22
LS_EXECCWD=/p/gpfs1/mtcampbe/CEESD/AutomatedTesting/MIRGE-Timing/timing/emirge/mirgecom/y2-isolator/timing_run
LSB_TRAPSIGS=trap # 15 10 12 2 1
CONDA_SHLVL=1
LMOD_FAMILY_CUDA_VERSION=10.1.243
LS_JOBPID=4427
CONDA_PROMPT_MODIFIER=
LSB_MAX_NUM_PROCESSORS=41
LSB_JOBRES_CALLBACK=38661@lassen710
LMOD_PKG=/usr/share/lmod/lmod
LSB_JOB_EXECUSER=mtcampbe
LSB_JOBID=3417446
QTDIR=/usr/lib64/qt-3.3
LSF_SERVERDIR=/opt/ibm/spectrumcomputing/lsf/10.1.0.10/linux3.10-glibc2.17-ppc64le-csm/etc
LSB_JOBRES_PID=4427
LMOD_VERSION=8.2.7
LMOD_SHORT_TIME=60
QTINC=/usr/lib64/qt-3.3/include
LSB_JOBNAME=isolator_timing_job.sh
LLNL_COMPUTE_NODES=lassen583
LLNL_ATSDISABLE=0
__LMOD_REF_COUNT_LOADEDMODULES=cuda/10.1.243:1;StdEnv:1;lalloc/2.0:1;gcc/8.3.1:1;spectrum-mpi/rolling-release:1
BSUB_BLOCK_EXEC_HOST=
QT_GRAPHICSSYSTEM_CHECKED=1
LSF_LIBDIR=/opt/ibm/spectrumcomputing/lsf/10.1.0.10/linux3.10-glibc2.17-ppc64le-csm/lib
LSB_PROJECT_NAME=default
OPAL_PREFIX=/usr/tce/packages/spectrum-mpi/ibm/spectrum-mpi-rolling-release
CUDA_HOME=/usr/tce/packages/cuda/cuda-10.1.243
USER=mtcampbe
PYOPENCL_CTX=port:tesla
LMOD_sys=Linux
LD_LIBRARY_PATH=/opt/ibm/spectrumcomputing/lsf/10.1.0.10/linux3.10-glibc2.17-ppc64le-csm/lib:/usr/tce/packages/cuda/cuda-10.1.243/lib64
SBD_KRB5CCNAME_VAL=
LSB_EEXEC_REAL_UID=
CONDA_EXE=/p/gpfs1/mtcampbe/CEESD/AutomatedTesting/MIRGE-Timing/timing/emirge/miniforge3/bin/conda
CEESD=/usr/workspace/wsa/xpacc/Users/mtcampbe/CEESD/Lassen
ENV=/g/g17/mtcampbe/.bashrc
PFTP_CONFIG_FILENAME=/etc/pftp_config
HOST_GRP=linux
_ModuleTable004_=cGF0aEE9eyIvdXNyL3RjZS9tb2R1bGVmaWxlcy9NUEkvZ2NjLzguMy4xL3NwZWN0cnVtLW1waS9yb2xsaW5nLXJlbGVhc2UiLCIvdXNyL3RjZS9tb2R1bGVmaWxlcy9Db21waWxlci9nY2MvOC4zLjEiLCIvdXNyL3RjZXRtcC9tb2R1bGVmaWxlcy9Db3JlIiwiL3Vzci9hcHBzL21vZHVsZWZpbGVzIiwiL3Vzci9zaGFyZS9tb2R1bGVmaWxlcy9MaW51eCIsIi91c3Ivc2hhcmUvbW9kdWxlZmlsZXMvQ29yZSIsIi91c3Ivc2hhcmUvbG1vZC9sbW9kL21vZHVsZWZpbGVzL0NvcmUiLCIvY29sbGFiL3Vzci9nbG9iYWwvdG9vbHMvbW9kdWxlZmlsZXMvYmx1ZW9zXzNfcHBjNjRsZV9pYl9wOS9Db3JlIix9LFsic3lzdGVtQmFzZU1QQVRIIl09Ii91c3IvdGNldG1wL21vZHVsZWZpbGVz
HOSTTYPE=LINUXPPC64LE
__LMOD_REF_COUNT__LMFILES_=/usr/tcetmp/modulefiles/Core/cuda/10.1.243.lua:1;/usr/tcetmp/modulefiles/Core/StdEnv.lua:1;/usr/tcetmp/modulefiles/Core/lalloc/2.0.lua:1;/usr/tcetmp/modulefiles/Core/gcc/8.3.1.lua:1;/usr/tce/modulefiles/Compiler/gcc/8.3.1/spectrum-mpi/rolling-release.lua:1
LSF_INVOKE_CMD=bsub
CUDA_CACHE_DISABLE=1
LS_EXEC_T=START
LMOD_FAMILY_LALLOC=lalloc
LS_SUBCWD=/p/gpfs1/mtcampbe/CEESD/AutomatedTesting/MIRGE-Timing/timing/emirge/mirgecom/y2-isolator/timing_run
LSB_SUB_RES_REQ=1*{select[LN]span[hosts=1]} + 40*{select[CN]span[ptile=40]}
LSB_HOSTS=lassen710 lassen583 lassen583 lassen583 lassen583 lassen583 lassen583 lassen583 lassen583 lassen583 lassen583 lassen583 lassen583 lassen583 lassen583 lassen583 lassen583 lassen583 lassen583 lassen583 lassen583 lassen583 lassen583 lassen583 lassen583 lassen583 lassen583 lassen583 lassen583 lassen583 lassen583 lassen583 lassen583 lassen583 lassen583 lassen583 lassen583 lassen583 lassen583 lassen583 lassen583
LMOD_PREPEND_BLOCK=normal
LMOD_FAMILY_MPI_VERSION=rolling-release
GUESTFISH_PS1=\[\e[1;32m\]><fs>\[\e[0;31m\] 
_CE_CONDA=
LSB_UNIXGROUP_INT=mtcampbe
LSB_JOBFILENAME=/g/g17/mtcampbe/.lsbatch/1648717098.3417446
LSB_JOBINDEX=0
_ModuleTable001_=X01vZHVsZVRhYmxlXz17WyJNVHZlcnNpb24iXT0zLFsiY19yZWJ1aWxkVGltZSJdPWZhbHNlLFsiY19zaG9ydFRpbWUiXT1mYWxzZSxkZXB0aFQ9e30sZmFtaWx5PXtbImNvbXBpbGVyIl09ImdjYyIsWyJjdWRhIl09ImN1ZGEiLFsibGFsbG9jIl09ImxhbGxvYyIsWyJtcGkiXT0ic3BlY3RydW0tbXBpIix9LG1UPXtTdGRFbnY9e1siZm4iXT0iL3Vzci90Y2V0bXAvbW9kdWxlZmlsZXMvQ29yZS9TdGRFbnYubHVhIixbImZ1bGxOYW1lIl09IlN0ZEVudiIsWyJsb2FkT3JkZXIiXT0yLHByb3BUPXtsbW9kPXtbInN0aWNreSJdPTEsfSx9LFsic3RhY2tEZXB0aCJdPTAsWyJzdGF0dXMiXT0iYWN0aXZlIixbInVzZXJOYW1lIl09IlN0ZEVudiIsfSxjdWRhPXtbImZuIl09Ii91c3Iv
PATH=/usr/workspace/wsa/xpacc/Users/mtcampbe/CEESD/Lassen/conda-install/bin:/usr/workspace/wsa/xpacc/Users/mtcampbe/CEESD/Lassen/conda-install/bin:/usr/tce/packages/spectrum-mpi/spectrum-mpi-rolling-release-gcc-8.3.1/bin:/usr/tce/packages/gcc/gcc-8.3.1/bin:/usr/tce/packages/lalloc/lalloc-2.0/bin:/p/gpfs1/mtcampbe/CEESD/AutomatedTesting/MIRGE-Timing/timing/emirge/miniforge3/envs/nozzle.lazy.timing.env/bin:/p/gpfs1/mtcampbe/CEESD/AutomatedTesting/MIRGE-Timing/timing/emirge/miniforge3/bin:/usr/workspace/wsa/xpacc/Users/mtcampbe/CEESD/Lassen/conda-install/bin:/usr/tce/packages/cuda/cuda-10.1.243/bin:/usr/tcetmp/bin:/usr/condabin:/usr/lib64/qt-3.3/bin:/usr/local/bin:/usr/bin:/usr/local/sbin:/usr/sbin:/opt/ibm/spectrum_mpi/jsm_pmix/bin:/opt/ibm/bb/bin:/opt/ibm/flightlog/bin:/opt/ibutils/bin:/opt/ibm/spectrumcomputing/lsf/10.1.0.10/linux3.10-glibc2.17-ppc64le-csm/etc:/opt/ibm/spectrumcomputing/lsf/10.1.0.10/linux3.10-glibc2.17-ppc64le-csm/bin:/opt/ibm/spectrumcomputing/lsf/10.1.0.9/linux3.10-glibc2.17-ppc64le-csm/etc:/opt/ibm/spectrumcomputing/lsf/10.1.0.9/linux3.10-glibc2.17-ppc64le-csm/bin
MAIL=/var/spool/mail/mtcampbe
PROJ_NETWORK=ON
LCSCHEDCLUSTER=lassen
LSB_EXIT_PRE_ABORT=99
LSB_JOBEXIT_STAT=0
LMOD_SETTARG_CMD=:
LMOD_FAMILY_LALLOC_VERSION=2.0
CONDA_PREFIX=/p/gpfs1/mtcampbe/CEESD/AutomatedTesting/MIRGE-Timing/timing/emirge/miniforge3/envs/nozzle.lazy.timing.env
INPUTRC=/etc/inputrc
PWD=/p/gpfs1/mtcampbe/CEESD/AutomatedTesting/MIRGE-Timing/timing/emirge/mirgecom/y2-isolator/timing_run
_LMFILES_=/usr/tcetmp/modulefiles/Core/cuda/10.1.243.lua:/usr/tcetmp/modulefiles/Core/StdEnv.lua:/usr/tcetmp/modulefiles/Core/lalloc/2.0.lua:/usr/tcetmp/modulefiles/Core/gcc/8.3.1.lua:/usr/tce/modulefiles/Compiler/gcc/8.3.1/spectrum-mpi/rolling-release.lua
EDITOR=/bin/vi
LANG=en_US.UTF-8
LSB_CHKFILENAME=/g/g17/mtcampbe/.lsbatch/1648717098.3417446
MODULEPATH=/usr/tce/modulefiles/MPI/gcc/8.3.1/spectrum-mpi/rolling-release:/usr/tce/modulefiles/Compiler/gcc/8.3.1:/usr/tcetmp/modulefiles/Core:/usr/apps/modulefiles:/usr/share/modulefiles/Linux:/usr/share/modulefiles/Core:/usr/share/lmod/lmod/modulefiles/Core:/collab/usr/global/tools/modulefiles/blueos_3_ppc64le_ib_p9/Core
LSB_DJOB_HOSTFILE=/g/g17/mtcampbe/.lsbatch/1648717098.3417446.hostfile
LOADEDMODULES=cuda/10.1.243:StdEnv:lalloc/2.0:gcc/8.3.1:spectrum-mpi/rolling-release
KDEDIRS=/usr
GUESTFISH_OUTPUT=\e[0m
_ModuleTable_Sz_=5
LSB_JOB_STARTER=/usr/tcetmp/bin/bsub_job_starter %USRCMD
EMIRGE_HOME=/p/gpfs1/mtcampbe/CEESD/AutomatedTesting/MIRGE-Timing/timing/emirge
LSF_JOB_TIMESTAMP_VALUE=1648717102
LMOD_CMD=/usr/share/lmod/lmod/libexec/lmod
_ModuleTable005_=L0NvcmU6L3Vzci9hcHBzL21vZHVsZWZpbGVzOi91c3Ivc2hhcmUvbW9kdWxlZmlsZXMvTGludXg6L3Vzci9zaGFyZS9tb2R1bGVmaWxlcy9Db3JlOi91c3Ivc2hhcmUvbG1vZC9sbW9kL21vZHVsZWZpbGVzL0NvcmUiLH0=
BBPATH=/mnt/bb_72f7d0a426022432213d140c093439a2
LSB_EXEC_HOSTTYPE=UNKNOWN_AUTO_DETECT
LSB_DJOB_NUMPROC=41
LSF_BINDIR=/opt/ibm/spectrumcomputing/lsf/10.1.0.10/linux3.10-glibc2.17-ppc64le-csm/bin
LLNL_NUM_COMPUTE_NODES=1
HISTCONTROL=ignoredups
ENVIRONMENT=BATCH
_CE_M=
SSH_ASKPASS=/usr/libexec/openssh/gnome-ssh-askpass
CXX=mpicxx
HOME=/g/g17/mtcampbe
SHLVL=6
__LMOD_REF_COUNT_PATH=/usr/tce/packages/spectrum-mpi/spectrum-mpi-rolling-release-gcc-8.3.1/bin:2;/usr/tce/packages/gcc/gcc-8.3.1/bin:2;/usr/tce/packages/lalloc/lalloc-2.0/bin:2;/p/gpfs1/mtcampbe/CEESD/AutomatedTesting/MIRGE-Timing/timing/emirge/miniforge3/envs/nozzle.lazy.timing.env/bin:1;/p/gpfs1/mtcampbe/CEESD/AutomatedTesting/MIRGE-Timing/timing/emirge/miniforge3/bin:1;/usr/workspace/wsa/xpacc/Users/mtcampbe/CEESD/Lassen/conda-install/bin:1;/usr/tce/packages/cuda/cuda-10.1.243/bin:2;/usr/tcetmp/bin:2;/usr/condabin:1;/usr/lib64/qt-3.3/bin:1;/usr/local/bin:1;/usr/bin:1;/usr/local/sbin:1;/usr/sbin:1;/opt/ibm/spectrum_mpi/jsm_pmix/bin:1;/opt/ibm/bb/bin:1;/opt/ibm/flightlog/bin:1;/opt/ibutils/bin:1;/opt/ibm/spectrumcomputing/lsf/10.1.0.10/linux3.10-glibc2.17-ppc64le-csm/etc:1;/opt/ibm/spectrumcomputing/lsf/10.1.0.10/linux3.10-glibc2.17-ppc64le-csm/bin:1;/opt/ibm/spectrumcomputing/lsf/10.1.0.9/linux3.10-glibc2.17-ppc64le-csm/etc:1;/opt/ibm/spectrumcomputing/lsf/10.1.0.9/linux3.10-glibc2.17-ppc64le-csm/bin:1
JOB_TERMINATE_INTERVAL=10
LSB_ACCT_FILE=/tmp/3417446.tmpdir/.1648717098.3417446.acct
_ModuleTable002_=dGNldG1wL21vZHVsZWZpbGVzL0NvcmUvY3VkYS8xMC4xLjI0My5sdWEiLFsiZnVsbE5hbWUiXT0iY3VkYS8xMC4xLjI0MyIsWyJsb2FkT3JkZXIiXT0xLHByb3BUPXt9LFsic3RhY2tEZXB0aCJdPTEsWyJzdGF0dXMiXT0iYWN0aXZlIixbInVzZXJOYW1lIl09ImN1ZGEvMTAuMS4yNDMiLH0sZ2NjPXtbImZuIl09Ii91c3IvdGNldG1wL21vZHVsZWZpbGVzL0NvcmUvZ2NjLzguMy4xLmx1YSIsWyJmdWxsTmFtZSJdPSJnY2MvOC4zLjEiLFsibG9hZE9yZGVyIl09NCxwcm9wVD17fSxbInN0YWNrRGVwdGgiXT0wLFsic3RhdHVzIl09ImFjdGl2ZSIsWyJ1c2VyTmFtZSJdPSJnY2MvOC4zLjEiLH0sbGFsbG9jPXtbImZuIl09Ii91c3IvdGNldG1wL21vZHVsZWZpbGVzL0NvcmUvbGFs
CSM_ALLOCATION_ID=3494094
BINARY_TYPE_HPC=
LLNL_CORE_ISOLATION=2
FC=mpif90
LSB_SUB_HOST=lassen708
XDG_CACHE_HOME=/tmp/mtcampbe/xdg-scratch
__LSF_JOB_TMPDIR__=/tmp/3417446.tmpdir
LSFUSER=mtcampbe
LSB_SUB_USER=mtcampbe
LSB_OUTPUTFILE=/p/gpfs1/mtcampbe/CEESD/AutomatedTesting/MIRGE-Timing/timing/emirge/mirgecom/y2-isolator/timing_run/
LSB_OUTDIR=/p/gpfs1/mtcampbe/CEESD/AutomatedTesting/MIRGE-Timing/timing/emirge/mirgecom/y2-isolator/timing_run
LSB_MCPU_HOSTS=lassen710 1 lassen583 40 
LMOD_arch=ppc64le
TMP=/var/tmp
MPI_ROOT=/usr/tce/packages/spectrum-mpi/ibm/spectrum-mpi-rolling-release
LSB_QUEUE=pbatch
CONDA_PYTHON_EXE=/p/gpfs1/mtcampbe/CEESD/AutomatedTesting/MIRGE-Timing/timing/emirge/miniforge3/bin/python
LOGNAME=mtcampbe
QTLIB=/usr/lib64/qt-3.3/lib
CVS_RSH=ssh
XLSF_UIDDIR=/opt/ibm/spectrumcomputing/lsf/10.1.0.10/linux3.10-glibc2.17-ppc64le-csm/lib/uid
XDG_DATA_DIRS=/g/g17/mtcampbe/.local/share/flatpak/exports/share:/var/lib/flatpak/exports/share:/usr/local/share:/usr/share
CEESD_CONDA_LASSEN=/usr/workspace/wsa/xpacc/Users/mtcampbe/CEESD/Lassen/conda-install
SSH_CONNECTION=192.168.66.202 53974 192.168.66.75 22
SYS_TYPE=blueos_3_ppc64le_ib_p9
MODULESHOME=/usr/share/lmod/lmod
LMOD_SETTARG_FULL_SUPPORT=no
LESSOPEN=||/usr/bin/lesspipe.sh %s
__LMOD_REF_COUNT_LD_LIBRARY_PATH=/usr/tce/packages/cuda/cuda-10.1.243/lib64:1;/opt/ibm/spectrumcomputing/lsf/10.1.0.10/linux3.10-glibc2.17-ppc64le-csm/lib:1
PKG_CONFIG_PATH=/usr/tce/packages/cuda/cuda-10.1.243/lib64/pkgconfig
OMP_NUM_THREADS=1
LSF_CGROUP_TOPDIR_KEY=lassen
CONDA_DEFAULT_ENV=nozzle.lazy.timing.env
LMOD_FULL_SETTARG_SUPPORT=no
LMOD_FAMILY_COMPILER=gcc
LSB_XFER_OP=
LSB_EEXEC_REAL_GID=
__LMOD_REF_COUNT_PKG_CONFIG_PATH=/usr/tce/packages/cuda/cuda-10.1.243/lib64/pkgconfig:1
CC=mpicc
QT_PLUGIN_PATH=/usr/lib64/kde4/plugins:/usr/lib/kde4/plugins
LMOD_DIR=/usr/share/lmod/lmod/libexec
LEXEC_UNPICKLE_QUIET=1
__LMOD_REF_COUNT_MANPATH=/usr/tce/packages/spectrum-mpi/ibm/spectrum-mpi-rolling-release/share/man:1;/usr/tce/packages/gcc/gcc-8.3.1/man:1;/opt/ibm/spectrumcomputing/lsf/10.1.0.10/man:1;/usr/man:1;/usr/share/man:1;/usr/local/man:1;/usr/X11R6/man:1;/usr/lib64/mvapich/default/man:1;/opt/ibm/spectrum_mpi/jsm_pmix/share/man:1
LSF_ENVDIR=/opt/ibm/spectrumcomputing/lsf/conf
GUESTFISH_RESTORE=\e[0m
LSB_DJOB_RANKFILE=/g/g17/mtcampbe/.lsbatch/1648717098.3417446.hostfile
LMOD_FAMILY_MPI=spectrum-mpi
LMOD_COLORIZE=yes
HISTFILE=/g/g17/mtcampbe/.bash_history
BASH_FUNC_module()=() {  eval $($LMOD_CMD bash "$@") && eval $(${LMOD_SETTARG_CMD:-:} -s sh)
}
BASH_FUNC_ml()=() {  eval $($LMOD_DIR/ml_cmd "$@")
}
_=/usr/bin/env
LSB_MCPU_HOSTS=lassen710 1 lassen583 40 
Default casename isolator
Using user input from file: timing_params.yaml
Running ./isolator.py

2022-03-31 01:58:36,566 - INFO - grudge.array_context - get_reasonable_array_context_class: MPISingleGridWorkBalancingPytatoArrayContext lazy=True distributed=True device-parallel=True
Shock capturing parameters: alpha 0.5, s0 -4.0, kappa 0.5

#### Simluation control data: ####
	nviz = 100
	nrestart = 100
	nhealth = 100
	nstatus = 100
	current_dt = 1e-08
	t_final = 2e-07
	order = 1
	dimen = 2
	Time integration rk4
#### Simluation control data: ####


#### Simluation material properties: ####
	mu = 4.216360056e-05
	kappa = 0.05621788139856423
	Prandtl Number  = 0.75
#### Simluation initialization data: ####
	inlet Mach number 0.038727226466056475
	inlet temperature 2075.8073416311686
	inlet pressure 274212.0081934861
	inlet rho 0.4623484671063763
	inlet velocity 35.28896626974282
	outlet Mach number 3.661995139955526
	outlet temperature 563.9344091915701
	outlet pressure 2865.7077436508835
	outlet rho 0.01778579568979098
	outlet velocity 1739.2462693097807
#### Simluation initialization data: ####

Reading mesh from data/isolator.msh
2022-03-31 01:58:57,210 - INFO - meshmode.distributed - rank 0: sent all mesh partitions
Making discretization
./isolator.py:1098: DeprecationWarning: EagerDGDiscretization is deprecated and will go away in 2022. Use the base DiscretizationCollection with grudge.op instead.
  discr = EagerDGDiscretization(
Done making discretization
2022-03-31 01:58:58,592 - INFO - loopy.tools - preprocess_program on 'frozenset({'_pt_kernel'})': completed (0.94s wall 0.13x CPU)
2022-03-31 01:58:59,904 - INFO - pyopencl - build program: kernel '_pt_kernel' was part of a lengthy source build resulting from a binary cache miss (0.91 s)
Before restart/init
Initializing soln.
Initialization for Case(isolator)
===
Num 2d order-1 elements: 10288
Num global elements: 10288
Timestep:        1e-08
Final time:      2e-07
CFL:             1.0
Constant CFL:    False
Initialization:  isolator
EOS:             IdealSingleGas

2022-03-31 01:59:02,210 - INFO - loopy.tools - preprocess_program on 'frozenset({'_pt_kernel'})': completed (0.93s wall 1.00x CPU)
2022-03-31 01:59:03,651 - INFO - loopy.check - _pt_kernel: check array access within bounds: completed (1.16s wall 1.00x CPU)
2022-03-31 01:59:04,463 - INFO - loopy.schedule - _pt_kernel: schedule: completed (0.81s wall 1.00x CPU)
2022-03-31 01:59:08,194 - INFO - loopy.codegen - _pt_kernel: generate code: completed (3.52s wall 1.00x CPU)
370 warnings generated.
/p/gpfs1/mtcampbe/CEESD/AutomatedTesting/MIRGE-Timing/timing/emirge/miniforge3/envs/nozzle.lazy.timing.env/lib/python3.9/site-packages/pyopencl/__init__.py:266: CompilerWarning: Non-empty compiler output encountered. Set the environment variable PYOPENCL_COMPILER_OUTPUT=1 to see more.
  warn("Non-empty compiler output encountered. Set the "
2022-03-31 01:59:10,136 - INFO - pyopencl - build program: kernel '_pt_kernel' was part of a lengthy source build resulting from a binary cache miss (1.77 s)
2022-03-31 01:59:14,457 - INFO - loopy.tools - preprocess_program on 'frozenset({'_pt_kernel'})': completed (1.99s wall 1.00x CPU)
2022-03-31 01:59:17,927 - INFO - loopy.check - _pt_kernel: check array access within bounds: completed (2.81s wall 1.00x CPU)
2022-03-31 01:59:23,318 - INFO - loopy.schedule - _pt_kernel: schedule: completed (5.39s wall 1.00x CPU)
2022-03-31 01:59:32,395 - INFO - loopy.codegen - _pt_kernel: generate code: completed (8.53s wall 1.00x CPU)
737 warnings generated.
2022-03-31 01:59:37,145 - INFO - pyopencl - build program: kernel '_pt_kernel' was part of a lengthy source build resulting from a binary cache miss (4.38 s)
2022-03-31 01:59:40,909 - INFO - loopy.tools - preprocess_program on 'frozenset({'_pt_kernel'})': completed (1.81s wall 1.00x CPU)
2022-03-31 01:59:43,890 - INFO - loopy.check - _pt_kernel: check array access within bounds: completed (2.46s wall 1.00x CPU)
2022-03-31 01:59:49,716 - INFO - loopy.schedule - _pt_kernel: schedule: completed (5.82s wall 1.00x CPU)
2022-03-31 01:59:57,354 - INFO - loopy.codegen - _pt_kernel: generate code: completed (7.19s wall 1.00x CPU)
645 warnings generated.
2022-03-31 02:00:01,465 - INFO - pyopencl - build program: kernel '_pt_kernel' was part of a lengthy source build resulting from a binary cache miss (3.79 s)
2022-03-31 02:00:05,338 - INFO - loopy.tools - preprocess_program on 'frozenset({'_pt_kernel'})': completed (1.84s wall 1.00x CPU)
2022-03-31 02:00:08,279 - INFO - loopy.check - _pt_kernel: check array access within bounds: completed (2.44s wall 1.00x CPU)
2022-03-31 02:00:14,090 - INFO - loopy.schedule - _pt_kernel: schedule: completed (5.81s wall 1.00x CPU)
2022-03-31 02:00:21,584 - INFO - loopy.codegen - _pt_kernel: generate code: completed (7.07s wall 1.00x CPU)
646 warnings generated.
2022-03-31 02:00:25,559 - INFO - pyopencl - build program: kernel '_pt_kernel' was part of a lengthy source build resulting from a binary cache miss (3.65 s)
2022-03-31 02:00:26,576 - INFO - loopy.schedule - _pt_kernel: schedule: completed (0.32s wall 1.00x CPU)
2022-03-31 02:00:28,198 - INFO - loopy.codegen - _pt_kernel: generate code: completed (1.48s wall 1.00x CPU)
2022-03-31 02:00:29,566 - INFO - pyopencl - build program: kernel '_pt_kernel' was part of a lengthy source build resulting from a binary cache miss (1.35 s)
2022-03-31 02:00:29,567 - INFO - pyopencl - build program: kernel '_pt_kernel_0' was part of a lengthy source build resulting from a binary cache miss (1.35 s)
2022-03-31 02:00:29,569 - INFO - pyopencl - build program: kernel '_pt_kernel_1' was part of a lengthy source build resulting from a binary cache miss (1.35 s)
2022-03-31 02:00:29,570 - INFO - pyopencl - build program: kernel '_pt_kernel_2' was part of a lengthy source build resulting from a binary cache miss (1.35 s)
2022-03-31 02:00:29,571 - INFO - pyopencl - build program: kernel '_pt_kernel_3' was part of a lengthy source build resulting from a binary cache miss (1.35 s)
2022-03-31 02:00:29,586 - INFO - meshmode.discretization.connection.face - building face restriction: start
2022-03-31 02:00:29,613 - INFO - meshmode.discretization.connection.face - building face restriction: done
2022-03-31 02:00:31,315 - INFO - loopy.codegen - _pt_kernel: generate code: completed (0.96s wall 1.00x CPU)
2022-03-31 02:00:32,335 - INFO - pyopencl - build program: kernel '_pt_kernel' was part of a lengthy source build resulting from a binary cache miss (1.01 s)
2022-03-31 02:00:32,337 - INFO - pyopencl - build program: kernel '_pt_kernel_0' was part of a lengthy source build resulting from a binary cache miss (1.01 s)
2022-03-31 02:00:32,338 - INFO - pyopencl - build program: kernel '_pt_kernel_1' was part of a lengthy source build resulting from a binary cache miss (1.01 s)
2022-03-31 02:00:33,630 - INFO - loopy.codegen - _pt_kernel: generate code: completed (0.76s wall 1.00x CPU)
2022-03-31 02:00:34,546 - INFO - pyopencl - build program: kernel '_pt_kernel' was part of a lengthy source build resulting from a binary cache miss (0.91 s)
2022-03-31 02:00:34,547 - INFO - pyopencl - build program: kernel '_pt_kernel_0' was part of a lengthy source build resulting from a binary cache miss (0.91 s)
2022-03-31 02:00:34,549 - INFO - pyopencl - build program: kernel '_pt_kernel_1' was part of a lengthy source build resulting from a binary cache miss (0.91 s)
2022-03-31 02:00:35,230 - INFO - pyopencl - build program: kernel '_pt_kernel' was part of a lengthy source build resulting from a binary cache miss (0.48 s)
2022-03-31 02:00:36,207 - INFO - loopy.codegen - _pt_kernel: generate code: completed (0.47s wall 1.00x CPU)
2022-03-31 02:00:36,797 - INFO - pyopencl - build program: kernel '_pt_kernel' was part of a lengthy source build resulting from a binary cache miss (0.58 s)
2022-03-31 02:00:37,441 - INFO - pyopencl - build program: kernel 'reduce_kernel_stage1' was part of a lengthy source build resulting from a binary cache miss (0.63 s)
2022-03-31 02:00:38,052 - INFO - pyopencl - build program: kernel 'reduce_kernel_stage2' was part of a lengthy source build resulting from a binary cache miss (0.60 s)
2022-03-31 02:00:38,549 - INFO - pyopencl - build program: kernel '_pt_kernel' was part of a lengthy source build resulting from a binary cache miss (0.46 s)
2022-03-31 02:00:39,295 - INFO - pyopencl - build program: kernel '_pt_kernel' was part of a lengthy source build resulting from a binary cache miss (0.51 s)
2022-03-31 02:00:39,903 - INFO - pyopencl - build program: kernel 'reduce_kernel_stage1' was part of a lengthy source build resulting from a binary cache miss (0.60 s)
2022-03-31 02:00:40,508 - INFO - pyopencl - build program: kernel 'reduce_kernel_stage2' was part of a lengthy source build resulting from a binary cache miss (0.60 s)
2022-03-31 02:00:40,990 - INFO - pyopencl - build program: kernel '_pt_kernel' was part of a lengthy source build resulting from a binary cache miss (0.45 s)
2022-03-31 02:00:41,602 - INFO - pyopencl - build program: kernel 'reduce_kernel_stage1' was part of a lengthy source build resulting from a binary cache miss (0.60 s)
2022-03-31 02:00:42,212 - INFO - pyopencl - build program: kernel 'reduce_kernel_stage2' was part of a lengthy source build resulting from a binary cache miss (0.60 s)
2022-03-31 02:00:42,707 - INFO - pyopencl - build program: kernel '_pt_kernel' was part of a lengthy source build resulting from a binary cache miss (0.46 s)
2022-03-31 02:00:43,463 - INFO - pyopencl - build program: kernel '_pt_kernel' was part of a lengthy source build resulting from a binary cache miss (0.51 s)
-------- dt = 1.000e-08, cfl = 0.0368
-------- P (min, max) (Pa) = (2.865706984e+03, 2.742120082e+05)
-------- T (min, max) (K)  = (    300, 2075.81)

2022-03-31 02:00:44,273 - INFO - pyopencl - build program: kernel '_pt_kernel' was part of a lengthy source build resulting from a binary cache miss (0.50 s)
2022-03-31 02:00:45,362 - INFO - pyopencl - build program: kernel '_pt_kernel' was part of a lengthy source build resulting from a binary cache miss (0.54 s)
2022-03-31 02:00:46,200 - INFO - pyopencl - build program: kernel '_pt_kernel' was part of a lengthy source build resulting from a binary cache miss (0.54 s)
2022-03-31 02:00:47,070 - INFO - pyopencl - build program: kernel '_pt_kernel' was part of a lengthy source build resulting from a binary cache miss (0.54 s)
2022-03-31 02:00:47,994 - INFO - loopy.codegen - _pt_kernel: generate code: completed (0.46s wall 1.00x CPU)
2022-03-31 02:00:48,740 - INFO - pyopencl - build program: kernel '_pt_kernel' was part of a lengthy source build resulting from a binary cache miss (0.73 s)
2022-03-31 02:00:48,741 - INFO - pyopencl - build program: kernel '_pt_kernel_0' was part of a lengthy source build resulting from a binary cache miss (0.73 s)
2022-03-31 02:00:49,476 - INFO - pyopencl - build program: kernel '_pt_kernel' was part of a lengthy source build resulting from a binary cache miss (0.52 s)
2022-03-31 02:00:50,218 - INFO - pyopencl - build program: kernel '_pt_kernel' was part of a lengthy source build resulting from a binary cache miss (0.50 s)
2022-03-31 02:00:50,943 - INFO - loopy.codegen - _pt_kernel: generate code: completed (0.38s wall 1.00x CPU)
2022-03-31 02:00:51,650 - INFO - pyopencl - build program: kernel '_pt_kernel' was part of a lengthy source build resulting from a binary cache miss (0.70 s)
2022-03-31 02:00:51,651 - INFO - pyopencl - build program: kernel '_pt_kernel_0' was part of a lengthy source build resulting from a binary cache miss (0.70 s)
2022-03-31 02:00:52,454 - INFO - loopy.codegen - _pt_kernel: generate code: completed (0.31s wall 1.00x CPU)
2022-03-31 02:00:53,615 - INFO - pyopencl - build program: kernel '_pt_kernel' was part of a lengthy source build resulting from a binary cache miss (0.91 s)
2022-03-31 02:00:53,616 - INFO - pyopencl - build program: kernel '_pt_kernel_0' was part of a lengthy source build resulting from a binary cache miss (0.91 s)
2022-03-31 02:00:53,618 - INFO - pyopencl - build program: kernel '_pt_kernel_1' was part of a lengthy source build resulting from a binary cache miss (0.91 s)
2022-03-31 02:00:54,838 - INFO - loopy.codegen - _pt_kernel: generate code: completed (0.59s wall 1.00x CPU)
2022-03-31 02:00:55,623 - INFO - pyopencl - build program: kernel '_pt_kernel' was part of a lengthy source build resulting from a binary cache miss (0.77 s)
2022-03-31 02:00:55,624 - INFO - pyopencl - build program: kernel '_pt_kernel_0' was part of a lengthy source build resulting from a binary cache miss (0.77 s)
2022-03-31 02:00:55,655 - INFO - meshmode.discretization.connection.face - building face restriction: start
2022-03-31 02:00:55,660 - INFO - meshmode.discretization.connection.face - building face restriction: done
2022-03-31 02:00:55,666 - INFO - meshmode.discretization.connection.face - building face restriction: start
2022-03-31 02:00:55,671 - INFO - meshmode.discretization.connection.face - building face restriction: done
2022-03-31 02:00:55,677 - INFO - meshmode.discretization.connection.face - building face restriction: start
2022-03-31 02:00:55,692 - INFO - meshmode.discretization.connection.face - building face restriction: done
2022-03-31 02:00:55,699 - INFO - meshmode.discretization.connection.face - building face restriction: start
2022-03-31 02:00:56,088 - INFO - meshmode.discretization.connection.face - building face restriction: done
2022-03-31 02:00:57,766 - INFO - loopy.codegen - _pt_kernel: generate code: completed (0.88s wall 1.00x CPU)
2022-03-31 02:00:58,545 - INFO - pyopencl - build program: kernel '_pt_kernel' was part of a lengthy source build resulting from a binary cache miss (0.77 s)
2022-03-31 02:00:58,546 - INFO - pyopencl - build program: kernel '_pt_kernel_0' was part of a lengthy source build resulting from a binary cache miss (0.77 s)
2022-03-31 02:00:58,546 - INFO - pyopencl - build program: kernel '_pt_kernel_1' was part of a lengthy source build resulting from a binary cache miss (0.77 s)
2022-03-31 02:00:59,299 - INFO - loopy.codegen - _pt_kernel: generate code: completed (0.39s wall 1.00x CPU)
2022-03-31 02:00:59,919 - INFO - pyopencl - build program: kernel '_pt_kernel' was part of a lengthy source build resulting from a binary cache miss (0.62 s)
2022-03-31 02:00:59,921 - INFO - pyopencl - build program: kernel '_pt_kernel_0' was part of a lengthy source build resulting from a binary cache miss (0.62 s)
2022-03-31 02:01:00,668 - INFO - loopy.codegen - _pt_kernel: generate code: completed (0.39s wall 1.00x CPU)
2022-03-31 02:01:01,289 - INFO - pyopencl - build program: kernel '_pt_kernel' was part of a lengthy source build resulting from a binary cache miss (0.62 s)
2022-03-31 02:01:01,290 - INFO - pyopencl - build program: kernel '_pt_kernel_0' was part of a lengthy source build resulting from a binary cache miss (0.62 s)
2022-03-31 02:01:01,900 - INFO - pyopencl - build program: kernel '_pt_kernel' was part of a lengthy source build resulting from a binary cache miss (0.46 s)
2022-03-31 02:01:03,534 - INFO - loopy.codegen - _pt_kernel: generate code: completed (0.88s wall 1.00x CPU)
2022-03-31 02:01:04,319 - INFO - pyopencl - build program: kernel '_pt_kernel' was part of a lengthy source build resulting from a binary cache miss (0.78 s)
2022-03-31 02:01:04,320 - INFO - pyopencl - build program: kernel '_pt_kernel_0' was part of a lengthy source build resulting from a binary cache miss (0.78 s)
2022-03-31 02:01:04,320 - INFO - pyopencl - build program: kernel '_pt_kernel_1' was part of a lengthy source build resulting from a binary cache miss (0.78 s)
2022-03-31 02:01:05,075 - INFO - loopy.codegen - _pt_kernel: generate code: completed (0.40s wall 1.00x CPU)
2022-03-31 02:01:05,701 - INFO - pyopencl - build program: kernel '_pt_kernel' was part of a lengthy source build resulting from a binary cache miss (0.62 s)
2022-03-31 02:01:05,702 - INFO - pyopencl - build program: kernel '_pt_kernel_0' was part of a lengthy source build resulting from a binary cache miss (0.62 s)
2022-03-31 02:01:06,450 - INFO - loopy.codegen - _pt_kernel: generate code: completed (0.40s wall 1.00x CPU)
2022-03-31 02:01:07,078 - INFO - pyopencl - build program: kernel '_pt_kernel' was part of a lengthy source build resulting from a binary cache miss (0.62 s)
2022-03-31 02:01:07,078 - INFO - pyopencl - build program: kernel '_pt_kernel_0' was part of a lengthy source build resulting from a binary cache miss (0.62 s)
2022-03-31 02:01:07,681 - INFO - pyopencl - build program: kernel '_pt_kernel' was part of a lengthy source build resulting from a binary cache miss (0.45 s)
2022-03-31 02:01:09,408 - INFO - loopy.codegen - _pt_kernel: generate code: completed (0.89s wall 1.00x CPU)
2022-03-31 02:01:10,193 - INFO - pyopencl - build program: kernel '_pt_kernel' was part of a lengthy source build resulting from a binary cache miss (0.77 s)
2022-03-31 02:01:10,193 - INFO - pyopencl - build program: kernel '_pt_kernel_0' was part of a lengthy source build resulting from a binary cache miss (0.77 s)
2022-03-31 02:01:10,194 - INFO - pyopencl - build program: kernel '_pt_kernel_1' was part of a lengthy source build resulting from a binary cache miss (0.77 s)
2022-03-31 02:01:10,949 - INFO - loopy.codegen - _pt_kernel: generate code: completed (0.40s wall 1.00x CPU)
2022-03-31 02:01:11,577 - INFO - pyopencl - build program: kernel '_pt_kernel' was part of a lengthy source build resulting from a binary cache miss (0.62 s)
2022-03-31 02:01:11,577 - INFO - pyopencl - build program: kernel '_pt_kernel_0' was part of a lengthy source build resulting from a binary cache miss (0.62 s)
2022-03-31 02:01:12,330 - INFO - loopy.codegen - _pt_kernel: generate code: completed (0.40s wall 1.00x CPU)
2022-03-31 02:01:12,957 - INFO - pyopencl - build program: kernel '_pt_kernel' was part of a lengthy source build resulting from a binary cache miss (0.62 s)
2022-03-31 02:01:12,957 - INFO - pyopencl - build program: kernel '_pt_kernel_0' was part of a lengthy source build resulting from a binary cache miss (0.62 s)
2022-03-31 02:01:13,568 - INFO - pyopencl - build program: kernel '_pt_kernel' was part of a lengthy source build resulting from a binary cache miss (0.46 s)
2022-03-31 02:01:15,282 - INFO - loopy.codegen - _pt_kernel: generate code: completed (0.96s wall 1.00x CPU)
2022-03-31 02:01:16,295 - INFO - pyopencl - build program: kernel '_pt_kernel' was part of a lengthy source build resulting from a binary cache miss (1.00 s)
2022-03-31 02:01:16,295 - INFO - pyopencl - build program: kernel '_pt_kernel_0' was part of a lengthy source build resulting from a binary cache miss (1.00 s)
2022-03-31 02:01:16,295 - INFO - pyopencl - build program: kernel '_pt_kernel_1' was part of a lengthy source build resulting from a binary cache miss (1.00 s)
2022-03-31 02:01:17,086 - INFO - loopy.codegen - _pt_kernel: generate code: completed (0.43s wall 1.00x CPU)
2022-03-31 02:01:17,770 - INFO - pyopencl - build program: kernel '_pt_kernel' was part of a lengthy source build resulting from a binary cache miss (0.68 s)
2022-03-31 02:01:17,770 - INFO - pyopencl - build program: kernel '_pt_kernel_0' was part of a lengthy source build resulting from a binary cache miss (0.68 s)
2022-03-31 02:01:18,554 - INFO - loopy.codegen - _pt_kernel: generate code: completed (0.43s wall 1.00x CPU)
2022-03-31 02:01:19,240 - INFO - pyopencl - build program: kernel '_pt_kernel' was part of a lengthy source build resulting from a binary cache miss (0.68 s)
2022-03-31 02:01:19,240 - INFO - pyopencl - build program: kernel '_pt_kernel_0' was part of a lengthy source build resulting from a binary cache miss (0.68 s)
2022-03-31 02:01:19,849 - INFO - pyopencl - build program: kernel '_pt_kernel' was part of a lengthy source build resulting from a binary cache miss (0.46 s)
2022-03-31 02:01:20,455 - INFO - pyopencl - build program: kernel '_pt_kernel' was part of a lengthy source build resulting from a binary cache miss (0.46 s)
2022-03-31 02:01:21,058 - INFO - pyopencl - build program: kernel '_pt_kernel' was part of a lengthy source build resulting from a binary cache miss (0.46 s)
2022-03-31 02:01:23,131 - INFO - loopy.tools - preprocess_program on 'frozenset({'_pt_kernel'})': completed (0.45s wall 1.00x CPU)
2022-03-31 02:01:24,200 - INFO - loopy.check - _pt_kernel: check array access within bounds: completed (0.85s wall 1.00x CPU)
2022-03-31 02:01:25,675 - INFO - loopy.schedule - _pt_kernel: schedule: completed (1.44s wall 1.00x CPU)
2022-03-31 02:01:33,291 - INFO - loopy.codegen - _pt_kernel: generate code: completed (6.97s wall 1.00x CPU)
2022-03-31 02:01:37,954 - INFO - pyopencl - build program: kernel '_pt_kernel' was part of a lengthy source build resulting from a binary cache miss (4.58 s)
2022-03-31 02:01:37,955 - INFO - pyopencl - build program: kernel '_pt_kernel_0' was part of a lengthy source build resulting from a binary cache miss (4.58 s)
2022-03-31 02:01:37,955 - INFO - pyopencl - build program: kernel '_pt_kernel_1' was part of a lengthy source build resulting from a binary cache miss (4.58 s)
2022-03-31 02:01:37,956 - INFO - pyopencl - build program: kernel '_pt_kernel_2' was part of a lengthy source build resulting from a binary cache miss (4.58 s)
2022-03-31 02:01:37,957 - INFO - pyopencl - build program: kernel '_pt_kernel_3' was part of a lengthy source build resulting from a binary cache miss (4.58 s)
2022-03-31 02:01:37,959 - INFO - pyopencl - build program: kernel '_pt_kernel_4' was part of a lengthy source build resulting from a binary cache miss (4.58 s)
2022-03-31 02:01:37,960 - INFO - pyopencl - build program: kernel '_pt_kernel_5' was part of a lengthy source build resulting from a binary cache miss (4.58 s)
2022-03-31 02:01:37,962 - INFO - pyopencl - build program: kernel '_pt_kernel_6' was part of a lengthy source build resulting from a binary cache miss (4.58 s)
2022-03-31 02:01:37,963 - INFO - pyopencl - build program: kernel '_pt_kernel_7' was part of a lengthy source build resulting from a binary cache miss (4.58 s)
2022-03-31 02:01:37,964 - INFO - pyopencl - build program: kernel '_pt_kernel_8' was part of a lengthy source build resulting from a binary cache miss (4.58 s)
2022-03-31 02:01:37,966 - INFO - pyopencl - build program: kernel '_pt_kernel_9' was part of a lengthy source build resulting from a binary cache miss (4.58 s)
2022-03-31 02:01:37,967 - INFO - pyopencl - build program: kernel '_pt_kernel_10' was part of a lengthy source build resulting from a binary cache miss (4.58 s)
2022-03-31 02:01:37,968 - INFO - pyopencl - build program: kernel '_pt_kernel_11' was part of a lengthy source build resulting from a binary cache miss (4.58 s)
2022-03-31 02:01:37,970 - INFO - pyopencl - build program: kernel '_pt_kernel_12' was part of a lengthy source build resulting from a binary cache miss (4.58 s)
2022-03-31 02:01:37,971 - INFO - pyopencl - build program: kernel '_pt_kernel_13' was part of a lengthy source build resulting from a binary cache miss (4.58 s)
2022-03-31 02:01:37,973 - INFO - pyopencl - build program: kernel '_pt_kernel_14' was part of a lengthy source build resulting from a binary cache miss (4.58 s)
2022-03-31 02:01:37,974 - INFO - pyopencl - build program: kernel '_pt_kernel_15' was part of a lengthy source build resulting from a binary cache miss (4.58 s)
2022-03-31 02:01:37,975 - INFO - pyopencl - build program: kernel '_pt_kernel_16' was part of a lengthy source build resulting from a binary cache miss (4.58 s)
2022-03-31 02:01:37,977 - INFO - pyopencl - build program: kernel '_pt_kernel_17' was part of a lengthy source build resulting from a binary cache miss (4.58 s)
2022-03-31 02:01:39,341 - INFO - /p/gpfs1/mtcampbe/CEESD/AutomatedTesting/MIRGE-Timing/timing/emirge/pytato/pytato/transform.py - data wrapper de-duplication: 986 encountered, 53 kept, 933 eliminated
2022-03-31 02:01:40,550 - INFO - pytato.partition - find_partition: Split 5458 nodes into 1 parts, with [4064] nodes in each partition.
2022-03-31 02:01:41,210 - INFO - meshmode.array_context - data wrapper de-duplication: 53 encountered, 53 kept, 0 eliminated
2022-03-31 02:01:41,339 - INFO - arraycontext.impl.pytato.compile - transform_dag: completed (0.79s wall 1.00x CPU)
2022-03-31 02:01:44,655 - INFO - arraycontext.impl.pytato.compile - generate_loopy: completed (3.32s wall 1.00x CPU)
2022-03-31 02:02:10,641 - INFO - loopy.preprocess - _pt_kernel: preprocess: completed (0.39s wall 1.00x CPU)
2022-03-31 02:02:12,597 - INFO - loopy.tools - preprocess_program on 'frozenset({'_pt_kernel'})': completed (7.88s wall 1.00x CPU)
2022-03-31 02:02:27,415 - INFO - loopy.check - _pt_kernel: check array access within bounds: completed (12.05s wall 1.00x CPU)
2022-03-31 02:02:54,130 - INFO - loopy.schedule - _pt_kernel: schedule: completed (25.43s wall 1.00x CPU)
2022-03-31 02:02:54,893 - INFO - arraycontext.impl.pytato.compile - transform_loopy_program: completed (70.24s wall 1.00x CPU)
2022-03-31 02:04:07,013 - INFO - loopy.codegen - _pt_kernel: generate code: completed (66.65s wall 1.00x CPU)
737 warnings generated.
2022-03-31 02:04:41,917 - INFO - pyopencl - build program: kernel '_pt_kernel' was part of a lengthy source build resulting from a binary cache miss (33.57 s)
2022-03-31 02:04:41,919 - INFO - pyopencl - build program: kernel '_pt_kernel_0' was part of a lengthy source build resulting from a binary cache miss (33.57 s)
2022-03-31 02:04:41,921 - INFO - pyopencl - build program: kernel '_pt_kernel_1' was part of a lengthy source build resulting from a binary cache miss (33.57 s)
2022-03-31 02:04:41,923 - INFO - pyopencl - build program: kernel '_pt_kernel_2' was part of a lengthy source build resulting from a binary cache miss (33.57 s)
2022-03-31 02:04:41,925 - INFO - pyopencl - build program: kernel '_pt_kernel_3' was part of a lengthy source build resulting from a binary cache miss (33.57 s)
2022-03-31 02:04:41,926 - INFO - pyopencl - build program: kernel '_pt_kernel_4' was part of a lengthy source build resulting from a binary cache miss (33.57 s)
2022-03-31 02:04:41,929 - INFO - pyopencl - build program: kernel '_pt_kernel_5' was part of a lengthy source build resulting from a binary cache miss (33.57 s)
2022-03-31 02:04:41,931 - INFO - pyopencl - build program: kernel '_pt_kernel_6' was part of a lengthy source build resulting from a binary cache miss (33.57 s)
2022-03-31 02:04:41,933 - INFO - pyopencl - build program: kernel '_pt_kernel_7' was part of a lengthy source build resulting from a binary cache miss (33.57 s)
2022-03-31 02:04:41,935 - INFO - pyopencl - build program: kernel '_pt_kernel_8' was part of a lengthy source build resulting from a binary cache miss (33.57 s)
2022-03-31 02:04:41,936 - INFO - pyopencl - build program: kernel '_pt_kernel_9' was part of a lengthy source build resulting from a binary cache miss (33.57 s)
2022-03-31 02:04:41,938 - INFO - pyopencl - build program: kernel '_pt_kernel_10' was part of a lengthy source build resulting from a binary cache miss (33.57 s)
2022-03-31 02:04:41,940 - INFO - pyopencl - build program: kernel '_pt_kernel_11' was part of a lengthy source build resulting from a binary cache miss (33.57 s)
2022-03-31 02:04:41,942 - INFO - pyopencl - build program: kernel '_pt_kernel_12' was part of a lengthy source build resulting from a binary cache miss (33.57 s)
2022-03-31 02:04:41,944 - INFO - pyopencl - build program: kernel '_pt_kernel_13' was part of a lengthy source build resulting from a binary cache miss (33.57 s)
2022-03-31 02:04:41,946 - INFO - pyopencl - build program: kernel '_pt_kernel_14' was part of a lengthy source build resulting from a binary cache miss (33.57 s)
2022-03-31 02:04:41,947 - INFO - pyopencl - build program: kernel '_pt_kernel_15' was part of a lengthy source build resulting from a binary cache miss (33.57 s)
2022-03-31 02:04:41,948 - INFO - pyopencl - build program: kernel '_pt_kernel_16' was part of a lengthy source build resulting from a binary cache miss (33.57 s)
2022-03-31 02:04:41,950 - INFO - pyopencl - build program: kernel '_pt_kernel_17' was part of a lengthy source build resulting from a binary cache miss (33.57 s)
2022-03-31 02:04:41,951 - INFO - pyopencl - build program: kernel '_pt_kernel_18' was part of a lengthy source build resulting from a binary cache miss (33.57 s)
2022-03-31 02:04:41,952 - INFO - pyopencl - build program: kernel '_pt_kernel_19' was part of a lengthy source build resulting from a binary cache miss (33.57 s)
2022-03-31 02:04:41,954 - INFO - pyopencl - build program: kernel '_pt_kernel_20' was part of a lengthy source build resulting from a binary cache miss (33.57 s)
2022-03-31 02:04:41,955 - INFO - pyopencl - build program: kernel '_pt_kernel_21' was part of a lengthy source build resulting from a binary cache miss (33.57 s)
2022-03-31 02:04:41,957 - INFO - pyopencl - build program: kernel '_pt_kernel_22' was part of a lengthy source build resulting from a binary cache miss (33.57 s)
2022-03-31 02:04:41,958 - INFO - pyopencl - build program: kernel '_pt_kernel_23' was part of a lengthy source build resulting from a binary cache miss (33.57 s)
2022-03-31 02:04:41,959 - INFO - pyopencl - build program: kernel '_pt_kernel_24' was part of a lengthy source build resulting from a binary cache miss (33.57 s)
2022-03-31 02:04:41,960 - INFO - pyopencl - build program: kernel '_pt_kernel_25' was part of a lengthy source build resulting from a binary cache miss (33.57 s)
2022-03-31 02:04:41,961 - INFO - pyopencl - build program: kernel '_pt_kernel_26' was part of a lengthy source build resulting from a binary cache miss (33.57 s)
2022-03-31 02:04:41,963 - INFO - pyopencl - build program: kernel '_pt_kernel_27' was part of a lengthy source build resulting from a binary cache miss (33.57 s)
2022-03-31 02:04:41,965 - INFO - pyopencl - build program: kernel '_pt_kernel_28' was part of a lengthy source build resulting from a binary cache miss (33.57 s)
2022-03-31 02:04:41,966 - INFO - pyopencl - build program: kernel '_pt_kernel_29' was part of a lengthy source build resulting from a binary cache miss (33.57 s)
2022-03-31 02:04:41,969 - INFO - pyopencl - build program: kernel '_pt_kernel_30' was part of a lengthy source build resulting from a binary cache miss (33.57 s)
2022-03-31 02:04:41,970 - INFO - pyopencl - build program: kernel '_pt_kernel_31' was part of a lengthy source build resulting from a binary cache miss (33.57 s)
2022-03-31 02:04:41,971 - INFO - pyopencl - build program: kernel '_pt_kernel_32' was part of a lengthy source build resulting from a binary cache miss (33.57 s)
2022-03-31 02:04:41,972 - INFO - pyopencl - build program: kernel '_pt_kernel_33' was part of a lengthy source build resulting from a binary cache miss (33.57 s)
2022-03-31 02:04:41,974 - INFO - pyopencl - build program: kernel '_pt_kernel_34' was part of a lengthy source build resulting from a binary cache miss (33.57 s)
2022-03-31 02:04:41,975 - INFO - pyopencl - build program: kernel '_pt_kernel_35' was part of a lengthy source build resulting from a binary cache miss (33.57 s)
2022-03-31 02:04:41,977 - INFO - pyopencl - build program: kernel '_pt_kernel_36' was part of a lengthy source build resulting from a binary cache miss (33.57 s)
2022-03-31 02:04:41,978 - INFO - pyopencl - build program: kernel '_pt_kernel_37' was part of a lengthy source build resulting from a binary cache miss (33.57 s)
2022-03-31 02:04:41,979 - INFO - pyopencl - build program: kernel '_pt_kernel_38' was part of a lengthy source build resulting from a binary cache miss (33.57 s)
2022-03-31 02:04:41,980 - INFO - pyopencl - build program: kernel '_pt_kernel_39' was part of a lengthy source build resulting from a binary cache miss (33.57 s)
2022-03-31 02:04:41,982 - INFO - pyopencl - build program: kernel '_pt_kernel_40' was part of a lengthy source build resulting from a binary cache miss (33.57 s)
2022-03-31 02:04:41,983 - INFO - pyopencl - build program: kernel '_pt_kernel_41' was part of a lengthy source build resulting from a binary cache miss (33.57 s)
2022-03-31 02:04:41,985 - INFO - pyopencl - build program: kernel '_pt_kernel_42' was part of a lengthy source build resulting from a binary cache miss (33.57 s)
2022-03-31 02:04:41,987 - INFO - pyopencl - build program: kernel '_pt_kernel_43' was part of a lengthy source build resulting from a binary cache miss (33.57 s)
2022-03-31 02:04:41,989 - INFO - pyopencl - build program: kernel '_pt_kernel_44' was part of a lengthy source build resulting from a binary cache miss (33.57 s)
2022-03-31 02:04:41,990 - INFO - pyopencl - build program: kernel '_pt_kernel_45' was part of a lengthy source build resulting from a binary cache miss (33.57 s)
2022-03-31 02:04:41,991 - INFO - pyopencl - build program: kernel '_pt_kernel_46' was part of a lengthy source build resulting from a binary cache miss (33.57 s)
2022-03-31 02:04:41,993 - INFO - pyopencl - build program: kernel '_pt_kernel_47' was part of a lengthy source build resulting from a binary cache miss (33.57 s)
2022-03-31 02:04:41,994 - INFO - pyopencl - build program: kernel '_pt_kernel_48' was part of a lengthy source build resulting from a binary cache miss (33.57 s)
2022-03-31 02:04:41,996 - INFO - pyopencl - build program: kernel '_pt_kernel_49' was part of a lengthy source build resulting from a binary cache miss (33.57 s)
2022-03-31 02:04:41,997 - INFO - pyopencl - build program: kernel '_pt_kernel_50' was part of a lengthy source build resulting from a binary cache miss (33.57 s)
2022-03-31 02:04:41,999 - INFO - pyopencl - build program: kernel '_pt_kernel_51' was part of a lengthy source build resulting from a binary cache miss (33.57 s)
2022-03-31 02:04:42,000 - INFO - pyopencl - build program: kernel '_pt_kernel_52' was part of a lengthy source build resulting from a binary cache miss (33.57 s)
2022-03-31 02:04:42,002 - INFO - pyopencl - build program: kernel '_pt_kernel_53' was part of a lengthy source build resulting from a binary cache miss (33.57 s)
2022-03-31 02:04:42,003 - INFO - pyopencl - build program: kernel '_pt_kernel_54' was part of a lengthy source build resulting from a binary cache miss (33.57 s)
2022-03-31 02:04:42,005 - INFO - pyopencl - build program: kernel '_pt_kernel_55' was part of a lengthy source build resulting from a binary cache miss (33.57 s)
2022-03-31 02:04:42,006 - INFO - pyopencl - build program: kernel '_pt_kernel_56' was part of a lengthy source build resulting from a binary cache miss (33.57 s)
2022-03-31 02:04:42,008 - INFO - pyopencl - build program: kernel '_pt_kernel_57' was part of a lengthy source build resulting from a binary cache miss (33.57 s)
2022-03-31 02:04:42,009 - INFO - pyopencl - build program: kernel '_pt_kernel_58' was part of a lengthy source build resulting from a binary cache miss (33.57 s)
2022-03-31 02:04:42,010 - INFO - pyopencl - build program: kernel '_pt_kernel_59' was part of a lengthy source build resulting from a binary cache miss (33.57 s)
2022-03-31 02:04:42,012 - INFO - pyopencl - build program: kernel '_pt_kernel_60' was part of a lengthy source build resulting from a binary cache miss (33.57 s)
2022-03-31 02:04:42,013 - INFO - pyopencl - build program: kernel '_pt_kernel_61' was part of a lengthy source build resulting from a binary cache miss (33.57 s)
2022-03-31 02:04:42,015 - INFO - pyopencl - build program: kernel '_pt_kernel_62' was part of a lengthy source build resulting from a binary cache miss (33.57 s)
2022-03-31 02:04:42,017 - INFO - pyopencl - build program: kernel '_pt_kernel_63' was part of a lengthy source build resulting from a binary cache miss (33.57 s)
2022-03-31 02:04:42,018 - INFO - pyopencl - build program: kernel '_pt_kernel_64' was part of a lengthy source build resulting from a binary cache miss (33.57 s)
2022-03-31 02:04:42,019 - INFO - pyopencl - build program: kernel '_pt_kernel_65' was part of a lengthy source build resulting from a binary cache miss (33.57 s)
2022-03-31 02:04:42,020 - INFO - pyopencl - build program: kernel '_pt_kernel_66' was part of a lengthy source build resulting from a binary cache miss (33.57 s)
2022-03-31 02:04:42,022 - INFO - pyopencl - build program: kernel '_pt_kernel_67' was part of a lengthy source build resulting from a binary cache miss (33.57 s)
2022-03-31 02:04:42,024 - INFO - pyopencl - build program: kernel '_pt_kernel_68' was part of a lengthy source build resulting from a binary cache miss (33.57 s)
2022-03-31 02:04:42,025 - INFO - pyopencl - build program: kernel '_pt_kernel_69' was part of a lengthy source build resulting from a binary cache miss (33.57 s)
2022-03-31 02:04:42,027 - INFO - pyopencl - build program: kernel '_pt_kernel_70' was part of a lengthy source build resulting from a binary cache miss (33.57 s)
2022-03-31 02:04:42,028 - INFO - pyopencl - build program: kernel '_pt_kernel_71' was part of a lengthy source build resulting from a binary cache miss (33.57 s)
2022-03-31 02:04:42,030 - INFO - pyopencl - build program: kernel '_pt_kernel_72' was part of a lengthy source build resulting from a binary cache miss (33.57 s)
2022-03-31 02:04:42,031 - INFO - pyopencl - build program: kernel '_pt_kernel_73' was part of a lengthy source build resulting from a binary cache miss (33.57 s)
2022-03-31 02:04:42,033 - INFO - pyopencl - build program: kernel '_pt_kernel_74' was part of a lengthy source build resulting from a binary cache miss (33.57 s)
2022-03-31 02:04:42,034 - INFO - pyopencl - build program: kernel '_pt_kernel_75' was part of a lengthy source build resulting from a binary cache miss (33.57 s)
2022-03-31 02:04:42,036 - INFO - pyopencl - build program: kernel '_pt_kernel_76' was part of a lengthy source build resulting from a binary cache miss (33.57 s)
2022-03-31 02:04:42,038 - INFO - pyopencl - build program: kernel '_pt_kernel_77' was part of a lengthy source build resulting from a binary cache miss (33.57 s)
2022-03-31 02:04:42,039 - INFO - pyopencl - build program: kernel '_pt_kernel_78' was part of a lengthy source build resulting from a binary cache miss (33.57 s)
2022-03-31 02:04:42,041 - INFO - pyopencl - build program: kernel '_pt_kernel_79' was part of a lengthy source build resulting from a binary cache miss (33.57 s)
2022-03-31 02:04:42,042 - INFO - pyopencl - build program: kernel '_pt_kernel_80' was part of a lengthy source build resulting from a binary cache miss (33.57 s)
2022-03-31 02:04:42,043 - INFO - pyopencl - build program: kernel '_pt_kernel_81' was part of a lengthy source build resulting from a binary cache miss (33.57 s)
2022-03-31 02:04:42,045 - INFO - pyopencl - build program: kernel '_pt_kernel_82' was part of a lengthy source build resulting from a binary cache miss (33.57 s)
2022-03-31 02:04:42,046 - INFO - pyopencl - build program: kernel '_pt_kernel_83' was part of a lengthy source build resulting from a binary cache miss (33.57 s)
2022-03-31 02:04:42,048 - INFO - pyopencl - build program: kernel '_pt_kernel_84' was part of a lengthy source build resulting from a binary cache miss (33.57 s)
2022-03-31 02:04:42,049 - INFO - pyopencl - build program: kernel '_pt_kernel_85' was part of a lengthy source build resulting from a binary cache miss (33.57 s)
2022-03-31 02:04:42,050 - INFO - pyopencl - build program: kernel '_pt_kernel_86' was part of a lengthy source build resulting from a binary cache miss (33.57 s)
2022-03-31 02:04:42,051 - INFO - pyopencl - build program: kernel '_pt_kernel_87' was part of a lengthy source build resulting from a binary cache miss (33.57 s)
2022-03-31 02:04:42,053 - INFO - pyopencl - build program: kernel '_pt_kernel_88' was part of a lengthy source build resulting from a binary cache miss (33.57 s)
2022-03-31 02:04:42,055 - INFO - pyopencl - build program: kernel '_pt_kernel_89' was part of a lengthy source build resulting from a binary cache miss (33.57 s)
2022-03-31 02:04:42,056 - INFO - pyopencl - build program: kernel '_pt_kernel_90' was part of a lengthy source build resulting from a binary cache miss (33.57 s)
2022-03-31 02:04:42,058 - INFO - pyopencl - build program: kernel '_pt_kernel_91' was part of a lengthy source build resulting from a binary cache miss (33.57 s)
2022-03-31 02:04:42,059 - INFO - pyopencl - build program: kernel '_pt_kernel_92' was part of a lengthy source build resulting from a binary cache miss (33.57 s)
2022-03-31 02:04:42,060 - INFO - pyopencl - build program: kernel '_pt_kernel_93' was part of a lengthy source build resulting from a binary cache miss (33.57 s)
2022-03-31 02:04:42,062 - INFO - pyopencl - build program: kernel '_pt_kernel_94' was part of a lengthy source build resulting from a binary cache miss (33.57 s)
2022-03-31 02:04:42,064 - INFO - pyopencl - build program: kernel '_pt_kernel_95' was part of a lengthy source build resulting from a binary cache miss (33.57 s)
2022-03-31 02:04:42,066 - INFO - pyopencl - build program: kernel '_pt_kernel_96' was part of a lengthy source build resulting from a binary cache miss (33.57 s)
2022-03-31 02:04:42,067 - INFO - pyopencl - build program: kernel '_pt_kernel_97' was part of a lengthy source build resulting from a binary cache miss (33.57 s)
2022-03-31 02:04:42,070 - INFO - pyopencl - build program: kernel '_pt_kernel_98' was part of a lengthy source build resulting from a binary cache miss (33.57 s)
2022-03-31 02:04:42,072 - INFO - pyopencl - build program: kernel '_pt_kernel_99' was part of a lengthy source build resulting from a binary cache miss (33.57 s)
2022-03-31 02:04:42,074 - INFO - pyopencl - build program: kernel '_pt_kernel_100' was part of a lengthy source build resulting from a binary cache miss (33.57 s)
2022-03-31 02:04:42,076 - INFO - pyopencl - build program: kernel '_pt_kernel_101' was part of a lengthy source build resulting from a binary cache miss (33.57 s)
2022-03-31 02:04:42,079 - INFO - pyopencl - build program: kernel '_pt_kernel_102' was part of a lengthy source build resulting from a binary cache miss (33.57 s)
2022-03-31 02:04:42,080 - INFO - pyopencl - build program: kernel '_pt_kernel_103' was part of a lengthy source build resulting from a binary cache miss (33.57 s)
2022-03-31 02:04:42,081 - INFO - pyopencl - build program: kernel '_pt_kernel_104' was part of a lengthy source build resulting from a binary cache miss (33.57 s)
2022-03-31 02:04:43,076 - INFO - pyopencl - build program: kernel '_pt_kernel' was part of a lengthy source build resulting from a binary cache miss (0.49 s)
2022-03-31 02:04:43,796 - INFO - pyopencl - build program: kernel '_pt_kernel' was part of a lengthy source build resulting from a binary cache miss (0.49 s)
step = 0, sim time: 0.000000e+00 s, step walltime: 258.216 s
2022-03-31 02:04:44,614 - INFO - pyopencl - build program: kernel '_pt_kernel' was part of a lengthy source build resulting from a binary cache miss (0.51 s)
step = 1, sim time: 1.000000e-08 s, step walltime: 0.0466709 s
step = 2, sim time: 2.000000e-08 s, step walltime: 0.0460536 s
step = 3, sim time: 3.000000e-08 s, step walltime: 0.0455232 s
step = 4, sim time: 4.000000e-08 s, step walltime: 0.047245 s
step = 5, sim time: 5.000000e-08 s, step walltime: 0.0455728 s
step = 6, sim time: 6.000000e-08 s, step walltime: 0.045532 s
step = 7, sim time: 7.000000e-08 s, step walltime: 0.0466864 s
step = 8, sim time: 8.000000e-08 s, step walltime: 0.0472991 s
step = 9, sim time: 9.000000e-08 s, step walltime: 0.0461004 s
step = 10, sim time: 1.000000e-07 s, step walltime: 0.0471699 s
step = 11, sim time: 1.100000e-07 s, step walltime: 0.0455105 s
step = 12, sim time: 1.200000e-07 s, step walltime: 0.0465088 s
step = 13, sim time: 1.300000e-07 s, step walltime: 0.0466034 s
step = 14, sim time: 1.400000e-07 s, step walltime: 0.0463398 s
step = 15, sim time: 1.500000e-07 s, step walltime: 0.0472283 s
step = 16, sim time: 1.600000e-07 s, step walltime: 0.0454497 s
step = 17, sim time: 1.700000e-07 s, step walltime: 0.0461495 s
step = 18, sim time: 1.800000e-07 s, step walltime: 0.0455284 s
2022-03-31 02:04:46,368 - INFO - pyopencl - build program: kernel '_pt_kernel' was part of a lengthy source build resulting from a binary cache miss (0.49 s)
2022-03-31 02:04:47,087 - INFO - pyopencl - build program: kernel '_pt_kernel' was part of a lengthy source build resulting from a binary cache miss (0.49 s)
step = 19, sim time: 1.900000e-07 s, step walltime: 1.45086 s
Checkpointing final state ...
2022-03-31 02:04:47,952 - INFO - loopy.schedule - _pt_kernel: schedule: completed (0.36s wall 1.00x CPU)
2022-03-31 02:04:48,894 - INFO - loopy.codegen - _pt_kernel: generate code: completed (0.84s wall 1.00x CPU)
2022-03-31 02:04:49,587 - INFO - pyopencl - build program: kernel '_pt_kernel' was part of a lengthy source build resulting from a binary cache miss (0.67 s)
2022-03-31 02:04:50,605 - INFO - loopy.codegen - _pt_kernel: generate code: completed (0.49s wall 1.00x CPU)
2022-03-31 02:04:51,225 - INFO - pyopencl - build program: kernel '_pt_kernel' was part of a lengthy source build resulting from a binary cache miss (0.61 s)
2022-03-31 02:04:52,060 - INFO - loopy.codegen - _pt_kernel: generate code: completed (0.37s wall 1.00x CPU)
2022-03-31 02:04:52,666 - INFO - pyopencl - build program: kernel '_pt_kernel' was part of a lengthy source build resulting from a binary cache miss (0.59 s)
-------- dt = 0.000e+00, cfl = 0.0368
-------- P (min, max) (Pa) = (1.430222981e+03, 3.113408191e+05)
-------- T (min, max) (K)  = (271.344, 2480.33)

2022-03-31 02:04:53,532 - INFO - pyopencl - build program: kernel '_pt_kernel' was part of a lengthy source build resulting from a binary cache miss (0.54 s)
2022-03-31 02:04:54,740 - INFO - loopy.codegen - _pt_kernel: generate code: completed (0.60s wall 1.00x CPU)
2022-03-31 02:04:55,547 - INFO - pyopencl - build program: kernel '_pt_kernel' was part of a lengthy source build resulting from a binary cache miss (0.79 s)
2022-03-31 02:04:55,548 - INFO - pyopencl - build program: kernel '_pt_kernel_0' was part of a lengthy source build resulting from a binary cache miss (0.79 s)
2022-03-31 02:04:56,663 - INFO - loopy.codegen - _pt_kernel: generate code: completed (0.52s wall 1.00x CPU)
2022-03-31 02:04:57,476 - INFO - pyopencl - build program: kernel '_pt_kernel' was part of a lengthy source build resulting from a binary cache miss (0.80 s)
2022-03-31 02:04:57,477 - INFO - pyopencl - build program: kernel '_pt_kernel_0' was part of a lengthy source build resulting from a binary cache miss (0.80 s)
2022-03-31 02:04:58,693 - INFO - loopy.codegen - _pt_kernel: generate code: completed (0.60s wall 1.00x CPU)
2022-03-31 02:04:59,503 - INFO - pyopencl - build program: kernel '_pt_kernel' was part of a lengthy source build resulting from a binary cache miss (0.79 s)
2022-03-31 02:04:59,503 - INFO - pyopencl - build program: kernel '_pt_kernel_0' was part of a lengthy source build resulting from a binary cache miss (0.79 s)
2022-03-31 02:05:00,320 - INFO - loopy.schedule - _pt_kernel: schedule: completed (0.37s wall 1.00x CPU)
2022-03-31 02:05:01,280 - INFO - loopy.codegen - _pt_kernel: generate code: completed (0.87s wall 1.00x CPU)
2022-03-31 02:05:02,127 - INFO - pyopencl - build program: kernel '_pt_kernel' was part of a lengthy source build resulting from a binary cache miss (0.83 s)
2022-03-31 02:05:02,128 - INFO - pyopencl - build program: kernel '_pt_kernel_0' was part of a lengthy source build resulting from a binary cache miss (0.83 s)
2022-03-31 02:05:03,127 - INFO - pyopencl - build program: kernel '_pt_kernel' was part of a lengthy source build resulting from a binary cache miss (0.58 s)
2022-03-31 02:05:04,240 - INFO - loopy.codegen - _pt_kernel: generate code: completed (0.51s wall 1.00x CPU)
2022-03-31 02:05:05,011 - INFO - pyopencl - build program: kernel '_pt_kernel' was part of a lengthy source build resulting from a binary cache miss (0.76 s)
2022-03-31 02:05:05,012 - INFO - pyopencl - build program: kernel '_pt_kernel_0' was part of a lengthy source build resulting from a binary cache miss (0.76 s)
2022-03-31 02:05:05,856 - INFO - loopy.codegen - _pt_kernel: generate code: completed (0.32s wall 1.00x CPU)
2022-03-31 02:05:07,090 - INFO - pyopencl - build program: kernel '_pt_kernel' was part of a lengthy source build resulting from a binary cache miss (0.98 s)
2022-03-31 02:05:07,091 - INFO - pyopencl - build program: kernel '_pt_kernel_0' was part of a lengthy source build resulting from a binary cache miss (0.98 s)
2022-03-31 02:05:07,092 - INFO - pyopencl - build program: kernel '_pt_kernel_1' was part of a lengthy source build resulting from a binary cache miss (0.98 s)
2022-03-31 02:05:08,059 - INFO - loopy.schedule - _pt_kernel: schedule: completed (0.45s wall 1.00x CPU)
2022-03-31 02:05:09,157 - INFO - loopy.codegen - _pt_kernel: generate code: completed (0.99s wall 1.00x CPU)
2022-03-31 02:05:10,050 - INFO - pyopencl - build program: kernel '_pt_kernel' was part of a lengthy source build resulting from a binary cache miss (0.87 s)
2022-03-31 02:05:10,051 - INFO - pyopencl - build program: kernel '_pt_kernel_0' was part of a lengthy source build resulting from a binary cache miss (0.87 s)
2022-03-31 02:05:10,820 - INFO - pyopencl - build program: kernel '_pt_kernel' was part of a lengthy source build resulting from a binary cache miss (0.51 s)

------------------------------------------------------------
Sender: LSF System <lsfadmin@lassen710>
Subject: Job 3417446: <isolator_timing_job.sh> in cluster <lassen> Done

Job <isolator_timing_job.sh> was submitted from host <lassen708> by user <mtcampbe> in cluster <lassen> at Thu Mar 31 01:58:18 2022
Job was executed on host(s) <1*lassen710>, in queue <pbatch>, as user <mtcampbe> in cluster <lassen> at Thu Mar 31 01:58:22 2022
                            <40*lassen583>
</g/g17/mtcampbe> was used as the home directory.
</p/gpfs1/mtcampbe/CEESD/AutomatedTesting/MIRGE-Timing/timing/emirge/mirgecom/y2-isolator/timing_run> was used as the working directory.
Started at Thu Mar 31 01:58:22 2022
Terminated at Thu Mar 31 02:05:37 2022
Results reported at Thu Mar 31 02:05:37 2022

Your job looked like:

------------------------------------------------------------
# LSBATCH: User input
#!/bin/bash

#BSUB -nnodes 1
#BSUB -G uiuc
#BSUB -W 60
#BSUB -q pbatch

printf "Running with EMIRGE_HOME=/p/gpfs1/mtcampbe/CEESD/AutomatedTesting/MIRGE-Timing/timing/emirge\n"

source "/p/gpfs1/mtcampbe/CEESD/AutomatedTesting/MIRGE-Timing/timing/emirge/config/activate_env.sh"
export PYOPENCL_CTX="port:tesla"
export XDG_CACHE_HOME="/tmp/mtcampbe/xdg-scratch"
rm -rf $XDG_CACHE_HOME
rm -f timing-run-done
which python
conda env list
env
env | grep LSB_MCPU_HOSTS

jsrun -g 1 -a 1 -n 1 python -O -u -m mpi4py ./isolator.py -i timing_params.yaml --lazy --log
touch timing-run-done


------------------------------------------------------------

Successfully completed.

Resource usage summary:

    CPU time :                                   0.34 sec.
    Max Memory :                                 59 MB
    Average Memory :                             57.85 MB
    Total Requested Memory :                     -
    Delta Memory :                               -
    Max Swap :                                   1634 MB
    Max Processes :                              4
    Max Threads :                                27
    Run time :                                   434 sec.
    Turnaround time :                            439 sec.

The output (if any) is above this job summary.

