Customizing shell for Lassen.
Running with EMIRGE_HOME=/p/gpfs1/mtcampbe/CEESD/AutomatedTesting/MIRGE-Timing/timing/emirge
Activating 'nozzle.lazy.timing.env' environment for '/p/gpfs1/mtcampbe/CEESD/AutomatedTesting/MIRGE-Timing/timing/emirge/miniforge3/bin/conda'.
/p/gpfs1/mtcampbe/CEESD/AutomatedTesting/MIRGE-Timing/timing/emirge/miniforge3/envs/nozzle.lazy.timing.env/bin/python
# conda environments:
#
base                     /p/gpfs1/mtcampbe/CEESD/AutomatedTesting/MIRGE-Timing/timing/emirge/miniforge3
nozzle.lazy.timing.env  *  /p/gpfs1/mtcampbe/CEESD/AutomatedTesting/MIRGE-Timing/timing/emirge/miniforge3/envs/nozzle.lazy.timing.env
                         /usr/workspace/wsa/xpacc/Users/mtcampbe/CEESD/Quartz/Install/conda
                         /usr/workspace/wsa/xpacc/Users/mtcampbe/CEESD/Quartz/Install/conda/envs/abate.mtc_euler.env
                         /usr/workspace/wsa/xpacc/Users/mtcampbe/CEESD/Quartz/Install/conda/envs/ceesd.master
                         /usr/workspace/wsa/xpacc/Users/mtcampbe/CEESD/Quartz/Install/conda/envs/chem.master
                         /usr/workspace/wsa/xpacc/Users/mtcampbe/CEESD/Quartz/Install/conda/envs/dgfem
                         /usr/workspace/wsa/xpacc/Users/mtcampbe/CEESD/Quartz/Install/conda/envs/mc.master

LMOD_FAMILY_COMPILER_VERSION=8.3.1
PROJ_LIB=/p/gpfs1/mtcampbe/CEESD/AutomatedTesting/MIRGE-Timing/timing/emirge/miniforge3/envs/nozzle.lazy.timing.env/share/proj
LLNL_IPISOLATE=0
MANPATH=/usr/tce/packages/spectrum-mpi/ibm/spectrum-mpi-rolling-release/share/man:/usr/tce/packages/gcc/gcc-8.3.1/man:/opt/ibm/spectrumcomputing/lsf/10.1.0.10/man:/usr/man:/usr/share/man:/usr/local/man:/usr/X11R6/man:/usr/lib64/mvapich/default/man:/opt/ibm/spectrum_mpi/jsm_pmix/share/man
LSB_EXEC_CLUSTER=lassen
OMPI_COMM_WORLD_RANK=0
LMOD_FAMILY_CUDA=cuda
LMOD_ANCIENT_TIME=3600
GUESTFISH_INIT=\e[1;34m
_ModuleTable003_=LAp1c2VyTmFtZSA9ICJnY2MvOC4zLjEiLAp3ViA9ICIwMDAwMDAwMDguMDAwMDAwMDAzLjAwMDAwMDAwMS4qemZpbmFsIiwKfSwKbGFsbG9jID0gewpmbiA9ICIvdXNyL3RjZXRtcC9tb2R1bGVmaWxlcy9Db3JlL2xhbGxvYy8yLjAubHVhIiwKZnVsbE5hbWUgPSAibGFsbG9jLzIuMCIsCmxvYWRPcmRlciA9IDMsCnByb3BUID0ge30sCnN0YWNrRGVwdGggPSAwLApzdGF0dXMgPSAiYWN0aXZlIiwKdXNlck5hbWUgPSAibGFsbG9jLzIuMCIsCndWID0gIl4wMDAwMDAwMi4qemZpbmFsIiwKfSwKWyJzcGVjdHJ1bS1tcGkiXSA9IHsKZm4gPSAiL3Vzci90Y2UvbW9kdWxlZmlsZXMvQ29tcGlsZXIvZ2NjLzguMy4xL3NwZWN0cnVtLW1waS9yb2xsaW5nLXJlbGVhc2UubHVhIiwKZnVs
HOSTNAME=lassen61
LSB_EFFECTIVE_RSRCREQ=1*{select[(LN) && (type == any)] order[r15s:pg] span[hosts=1]}+40*{select[(CN) && (type == any)] order[r15s:pg] span[ptile=40]}
LSB_DOCKER_JOB_STARTTS=1654093297
BBHASH=fb9107de5ce33f16b2c70cb6d29ffbdb
JSM_TMPDIR=/var/tmp
MIRGE_TIMING_HOME=/p/gpfs1/mtcampbe/CEESD/AutomatedTesting/MIRGE-Timing/timing
LSF_LOGDIR=/opt/ibm/spectrumcomputing/lsf/log
LSF_LIM_API_NTRIES=1
LSB_BATCH_JID=3591980
__LMOD_REF_COUNT_MODULEPATH=/usr/tce/modulefiles/MPI/gcc/8.3.1/spectrum-mpi/rolling-release:1;/usr/tce/modulefiles/Compiler/gcc/8.3.1:1;/usr/tcetmp/modulefiles/Core:1;/usr/apps/modulefiles:1;/usr/share/modulefiles/Linux:1;/usr/share/modulefiles/Core:1;/usr/share/lmod/lmod/modulefiles/Core:1;/collab/usr/global/tools/modulefiles/blueos_3_ppc64le_ib_p9/Core:1
SHELL=/bin/bash
LMOD_ROOT=/usr/share/lmod
HISTSIZE=1000
WISECONFIGDIR=/usr/share/wise2/
LMOD_SYSTEM_DEFAULT_MODULES=StdEnv
TMPDIR=/var/tmp
MODULEPATH_ROOT=/usr/share/modulefiles
SSH_CLIENT=216.169.5.104 49168 22
LS_EXECCWD=/p/gpfs1/mtcampbe/CEESD/AutomatedTesting/MIRGE-Timing/timing/emirge/mirgecom/y2-isolator/timing_run
LSB_TRAPSIGS=trap # 15 10 12 2 1
CONDA_SHLVL=1
LMOD_FAMILY_CUDA_VERSION=10.1.243
LS_JOBPID=86287
CONDA_PROMPT_MODIFIER=
LSB_MAX_NUM_PROCESSORS=41
LSB_JOBRES_CALLBACK=60457@lassen710
LMOD_PKG=/usr/share/lmod/lmod
LSB_JOB_EXECUSER=mtcampbe
LSB_JOBID=3591980
QTDIR=/usr/lib64/qt-3.3
LSF_SERVERDIR=/opt/ibm/spectrumcomputing/lsf/10.1.0.10/linux3.10-glibc2.17-ppc64le-csm/etc
LSB_JOBRES_PID=86287
LMOD_VERSION=8.6.16
LMOD_SHORT_TIME=60
QTINC=/usr/lib64/qt-3.3/include
LSB_JOBNAME=isolator_timing_job.sh
LLNL_COMPUTE_NODES=lassen61
SSH_TTY=/dev/pts/0
LLNL_ATSDISABLE=0
LC_ALL=C
BSUB_BLOCK_EXEC_HOST=
QT_GRAPHICSSYSTEM_CHECKED=1
LSF_LIBDIR=/opt/ibm/spectrumcomputing/lsf/10.1.0.10/linux3.10-glibc2.17-ppc64le-csm/lib
OPAL_PREFIX=/usr/tce/packages/spectrum-mpi/ibm/spectrum-mpi-rolling-release
LSB_PROJECT_NAME=default
CUDA_HOME=/usr/tce/packages/cuda/cuda-10.1.243
USER=mtcampbe
PYOPENCL_CTX=port:tesla
LMOD_sys=Linux
LD_LIBRARY_PATH=/opt/ibm/spectrumcomputing/lsf/10.1.0.10/linux3.10-glibc2.17-ppc64le-csm/lib:/usr/tce/packages/cuda/cuda-10.1.243/lib64
LS_COLORS=rs=0:di=38;5;27:ln=38;5;51:mh=44;38;5;15:pi=40;38;5;11:so=38;5;13:do=38;5;5:bd=48;5;232;38;5;11:cd=48;5;232;38;5;3:or=48;5;232;38;5;9:mi=05;48;5;232;38;5;15:su=48;5;196;38;5;15:sg=48;5;11;38;5;16:ca=48;5;196;38;5;226:tw=48;5;10;38;5;16:ow=48;5;10;38;5;21:st=48;5;21;38;5;15:ex=38;5;34:*.tar=38;5;9:*.tgz=38;5;9:*.arc=38;5;9:*.arj=38;5;9:*.taz=38;5;9:*.lha=38;5;9:*.lz4=38;5;9:*.lzh=38;5;9:*.lzma=38;5;9:*.tlz=38;5;9:*.txz=38;5;9:*.tzo=38;5;9:*.t7z=38;5;9:*.zip=38;5;9:*.z=38;5;9:*.Z=38;5;9:*.dz=38;5;9:*.gz=38;5;9:*.lrz=38;5;9:*.lz=38;5;9:*.lzo=38;5;9:*.xz=38;5;9:*.bz2=38;5;9:*.bz=38;5;9:*.tbz=38;5;9:*.tbz2=38;5;9:*.tz=38;5;9:*.deb=38;5;9:*.rpm=38;5;9:*.jar=38;5;9:*.war=38;5;9:*.ear=38;5;9:*.sar=38;5;9:*.rar=38;5;9:*.alz=38;5;9:*.ace=38;5;9:*.zoo=38;5;9:*.cpio=38;5;9:*.7z=38;5;9:*.rz=38;5;9:*.cab=38;5;9:*.jpg=38;5;13:*.jpeg=38;5;13:*.gif=38;5;13:*.bmp=38;5;13:*.pbm=38;5;13:*.pgm=38;5;13:*.ppm=38;5;13:*.tga=38;5;13:*.xbm=38;5;13:*.xpm=38;5;13:*.tif=38;5;13:*.tiff=38;5;13:*.png=38;5;13:*.svg=38;5;13:*.svgz=38;5;13:*.mng=38;5;13:*.pcx=38;5;13:*.mov=38;5;13:*.mpg=38;5;13:*.mpeg=38;5;13:*.m2v=38;5;13:*.mkv=38;5;13:*.webm=38;5;13:*.ogm=38;5;13:*.mp4=38;5;13:*.m4v=38;5;13:*.mp4v=38;5;13:*.vob=38;5;13:*.qt=38;5;13:*.nuv=38;5;13:*.wmv=38;5;13:*.asf=38;5;13:*.rm=38;5;13:*.rmvb=38;5;13:*.flc=38;5;13:*.avi=38;5;13:*.fli=38;5;13:*.flv=38;5;13:*.gl=38;5;13:*.dl=38;5;13:*.xcf=38;5;13:*.xwd=38;5;13:*.yuv=38;5;13:*.cgm=38;5;13:*.emf=38;5;13:*.axv=38;5;13:*.anx=38;5;13:*.ogv=38;5;13:*.ogx=38;5;13:*.aac=38;5;45:*.au=38;5;45:*.flac=38;5;45:*.mid=38;5;45:*.midi=38;5;45:*.mka=38;5;45:*.mp3=38;5;45:*.mpc=38;5;45:*.ogg=38;5;45:*.ra=38;5;45:*.wav=38;5;45:*.axa=38;5;45:*.oga=38;5;45:*.spx=38;5;45:*.xspf=38;5;45:
SBD_KRB5CCNAME_VAL=
LSB_EEXEC_REAL_UID=
CONDA_EXE=/p/gpfs1/mtcampbe/CEESD/AutomatedTesting/MIRGE-Timing/timing/emirge/miniforge3/bin/conda
CEESD=/usr/workspace/wsa/xpacc/Users/mtcampbe/CEESD/Lassen
ENV=/g/g17/mtcampbe/.bashrc
PFTP_CONFIG_FILENAME=/etc/pftp_config
HOST_GRP=linux
_ModuleTable004_=bE5hbWUgPSAic3BlY3RydW0tbXBpL3JvbGxpbmctcmVsZWFzZSIsCmxvYWRPcmRlciA9IDUsCnByb3BUID0ge30sCnN0YWNrRGVwdGggPSAwLApzdGF0dXMgPSAiYWN0aXZlIiwKdXNlck5hbWUgPSAic3BlY3RydW0tbXBpL3JvbGxpbmctcmVsZWFzZSIsCndWID0gIl5yb2xsaW5nLipyZWxlYXNlLip6ZmluYWwiLAp9LAp9LAptcGF0aEEgPSB7CiIvdXNyL3RjZS9tb2R1bGVmaWxlcy9NUEkvZ2NjLzguMy4xL3NwZWN0cnVtLW1waS9yb2xsaW5nLXJlbGVhc2UiCiwgIi91c3IvdGNlL21vZHVsZWZpbGVzL0NvbXBpbGVyL2djYy84LjMuMSIsICIvdXNyL3RjZXRtcC9tb2R1bGVmaWxlcy9Db3JlIgosICIvdXNyL2FwcHMvbW9kdWxlZmlsZXMiLCAiL3Vzci9zaGFyZS9tb2R1bGVm
HOSTTYPE=LINUXPPC64LE
LSF_INVOKE_CMD=bsub
CUDA_CACHE_DISABLE=1
LS_EXEC_T=START
LMOD_FAMILY_LALLOC=lalloc
LS_SUBCWD=/p/gpfs1/mtcampbe/CEESD/AutomatedTesting/MIRGE-Timing/timing/emirge/mirgecom/y2-isolator/timing_run
LSB_SUB_RES_REQ=1*{select[LN]span[hosts=1]} + 40*{select[CN]span[ptile=40]}
LSB_HOSTS=lassen710 lassen61 lassen61 lassen61 lassen61 lassen61 lassen61 lassen61 lassen61 lassen61 lassen61 lassen61 lassen61 lassen61 lassen61 lassen61 lassen61 lassen61 lassen61 lassen61 lassen61 lassen61 lassen61 lassen61 lassen61 lassen61 lassen61 lassen61 lassen61 lassen61 lassen61 lassen61 lassen61 lassen61 lassen61 lassen61 lassen61 lassen61 lassen61 lassen61 lassen61
LMOD_PREPEND_BLOCK=normal
LMOD_FAMILY_MPI_VERSION=rolling-release
GUESTFISH_PS1=\[\e[1;32m\]><fs>\[\e[0;31m\] 
_CE_CONDA=
LSB_UNIXGROUP_INT=mtcampbe
LSB_JOBFILENAME=/g/g17/mtcampbe/.lsbatch/1654093297.3591980
LSB_JOBINDEX=0
_ModuleTable001_=X01vZHVsZVRhYmxlXyA9IHsKTVR2ZXJzaW9uID0gMywKY19yZWJ1aWxkVGltZSA9IGZhbHNlLApjX3Nob3J0VGltZSA9IGZhbHNlLApkZXB0aFQgPSB7fSwKZmFtaWx5ID0gewpjb21waWxlciA9ICJnY2MiLApjdWRhID0gImN1ZGEiLApsYWxsb2MgPSAibGFsbG9jIiwKbXBpID0gInNwZWN0cnVtLW1waSIsCn0sCm1UID0gewpTdGRFbnYgPSB7CmZuID0gIi91c3IvdGNldG1wL21vZHVsZWZpbGVzL0NvcmUvU3RkRW52Lmx1YSIsCmZ1bGxOYW1lID0gIlN0ZEVudiIsCmxvYWRPcmRlciA9IDIsCnByb3BUID0gewpsbW9kID0gewpzdGlja3kgPSAxLAp9LAp9LApzdGFja0RlcHRoID0gMCwKc3RhdHVzID0gImFjdGl2ZSIsCnVzZXJOYW1lID0gIlN0ZEVudiIsCndWID0gIk0uKnpm
PATH=/usr/workspace/wsa/xpacc/Users/mtcampbe/CEESD/Lassen/conda-install/bin:/usr/workspace/wsa/xpacc/Users/mtcampbe/CEESD/Lassen/conda-install/bin:/usr/tce/packages/spectrum-mpi/spectrum-mpi-rolling-release-gcc-8.3.1/bin:/usr/tce/packages/gcc/gcc-8.3.1/bin:/usr/tce/packages/lalloc/lalloc-2.0/bin:/p/gpfs1/mtcampbe/CEESD/AutomatedTesting/MIRGE-Timing/timing/emirge/miniforge3/envs/nozzle.lazy.timing.env/bin:/p/gpfs1/mtcampbe/CEESD/AutomatedTesting/MIRGE-Timing/timing/emirge/miniforge3/bin:/usr/workspace/wsa/xpacc/Users/mtcampbe/CEESD/Lassen/conda-install/bin:/usr/tce/packages/cuda/cuda-10.1.243/bin:/usr/tcetmp/bin:/usr/lib64/qt-3.3/bin:/usr/condabin:/usr/local/bin:/usr/bin:/usr/local/sbin:/usr/sbin:/opt/ibm/spectrum_mpi/jsm_pmix/bin:/opt/ibm/bb/bin:/opt/ibm/flightlog/bin:/opt/ibutils/bin:/opt/ibm/spectrumcomputing/lsf/10.1.0.10/linux3.10-glibc2.17-ppc64le-csm/etc:/opt/ibm/spectrumcomputing/lsf/10.1.0.10/linux3.10-glibc2.17-ppc64le-csm/bin
MAIL=/var/spool/mail/mtcampbe
PROJ_NETWORK=ON
LCSCHEDCLUSTER=lassen
LSB_EXIT_PRE_ABORT=99
LSB_JOBEXIT_STAT=0
LMOD_SETTARG_CMD=:
LMOD_FAMILY_LALLOC_VERSION=2.0
CONDA_PREFIX=/p/gpfs1/mtcampbe/CEESD/AutomatedTesting/MIRGE-Timing/timing/emirge/miniforge3/envs/nozzle.lazy.timing.env
INPUTRC=/etc/inputrc
PWD=/p/gpfs1/mtcampbe/CEESD/AutomatedTesting/MIRGE-Timing/timing/emirge/mirgecom/y2-isolator/timing_run
_LMFILES_=/usr/tcetmp/modulefiles/Core/cuda/10.1.243.lua:/usr/tcetmp/modulefiles/Core/StdEnv.lua:/usr/tcetmp/modulefiles/Core/lalloc/2.0.lua:/usr/tcetmp/modulefiles/Core/gcc/8.3.1.lua:/usr/tce/modulefiles/Compiler/gcc/8.3.1/spectrum-mpi/rolling-release.lua
EDITOR=/bin/vi
LANG=en_US.UTF-8
LSB_CHKFILENAME=/g/g17/mtcampbe/.lsbatch/1654093297.3591980
MODULEPATH=/usr/tce/modulefiles/MPI/gcc/8.3.1/spectrum-mpi/rolling-release:/usr/tce/modulefiles/Compiler/gcc/8.3.1:/usr/tcetmp/modulefiles/Core:/usr/apps/modulefiles:/usr/share/modulefiles/Linux:/usr/share/modulefiles/Core:/usr/share/lmod/lmod/modulefiles/Core:/collab/usr/global/tools/modulefiles/blueos_3_ppc64le_ib_p9/Core
LSB_DJOB_HOSTFILE=/g/g17/mtcampbe/.lsbatch/1654093297.3591980.hostfile
LOADEDMODULES=cuda/10.1.243:StdEnv:lalloc/2.0:gcc/8.3.1:spectrum-mpi/rolling-release
KDEDIRS=/usr
GUESTFISH_OUTPUT=\e[0m
_ModuleTable_Sz_=5
LSB_JOB_STARTER=/usr/tcetmp/bin/bsub_job_starter %USRCMD
EMIRGE_HOME=/p/gpfs1/mtcampbe/CEESD/AutomatedTesting/MIRGE-Timing/timing/emirge
LSF_JOB_TIMESTAMP_VALUE=1654093297
LMOD_CMD=/usr/share/lmod/lmod/libexec/lmod
_ModuleTable005_=aWxlcy9MaW51eCIKLCAiL3Vzci9zaGFyZS9tb2R1bGVmaWxlcy9Db3JlIiwgIi91c3Ivc2hhcmUvbG1vZC9sbW9kL21vZHVsZWZpbGVzL0NvcmUiLCAiL2NvbGxhYi91c3IvZ2xvYmFsL3Rvb2xzL21vZHVsZWZpbGVzL2JsdWVvc18zX3BwYzY0bGVfaWJfcDkvQ29yZSIsCn0sCnN5c3RlbUJhc2VNUEFUSCA9ICIvdXNyL3RjZXRtcC9tb2R1bGVmaWxlcy9Db3JlOi91c3IvYXBwcy9tb2R1bGVmaWxlczovdXNyL3NoYXJlL21vZHVsZWZpbGVzL0xpbnV4Oi91c3Ivc2hhcmUvbW9kdWxlZmlsZXMvQ29yZTovdXNyL3NoYXJlL2xtb2QvbG1vZC9tb2R1bGVmaWxlcy9Db3JlIiwKfQo=
BBPATH=/mnt/bb_fb9107de5ce33f16b2c70cb6d29ffbdb
LSB_EXEC_HOSTTYPE=UNKNOWN_AUTO_DETECT
LSB_DJOB_NUMPROC=41
LSF_BINDIR=/opt/ibm/spectrumcomputing/lsf/10.1.0.10/linux3.10-glibc2.17-ppc64le-csm/bin
LLNL_NUM_COMPUTE_NODES=1
KRB5CCNAME=FILE:/tmp/krb5cc_7527_J1nLkS
HISTCONTROL=ignoredups
ENVIRONMENT=BATCH
_CE_M=
SSH_ASKPASS=/usr/libexec/openssh/gnome-ssh-askpass
CXX=mpicxx
HOME=/g/g17/mtcampbe
SHLVL=6
__LMOD_REF_COUNT_PATH=/usr/tce/packages/spectrum-mpi/spectrum-mpi-rolling-release-gcc-8.3.1/bin:1;/usr/tce/packages/gcc/gcc-8.3.1/bin:1;/usr/tce/packages/lalloc/lalloc-2.0/bin:1;/p/gpfs1/mtcampbe/CEESD/AutomatedTesting/MIRGE-Timing/timing/emirge/miniforge3/envs/nozzle.lazy.timing.env/bin:1;/p/gpfs1/mtcampbe/CEESD/AutomatedTesting/MIRGE-Timing/timing/emirge/miniforge3/bin:1;/usr/workspace/wsa/xpacc/Users/mtcampbe/CEESD/Lassen/conda-install/bin:1;/usr/tce/packages/cuda/cuda-10.1.243/bin:1;/usr/tcetmp/bin:1;/usr/lib64/qt-3.3/bin:1;/usr/condabin:1;/usr/local/bin:1;/usr/bin:1;/usr/local/sbin:1;/usr/sbin:1;/opt/ibm/spectrum_mpi/jsm_pmix/bin:1;/opt/ibm/bb/bin:1;/opt/ibm/flightlog/bin:1;/opt/ibutils/bin:1;/opt/ibm/spectrumcomputing/lsf/10.1.0.10/linux3.10-glibc2.17-ppc64le-csm/etc:1;/opt/ibm/spectrumcomputing/lsf/10.1.0.10/linux3.10-glibc2.17-ppc64le-csm/bin:1
JOB_TERMINATE_INTERVAL=10
LSB_ACCT_FILE=/tmp/3591980.tmpdir/.1654093297.3591980.acct
_ModuleTable002_=aW5hbCIsCn0sCmN1ZGEgPSB7CmZuID0gIi91c3IvdGNldG1wL21vZHVsZWZpbGVzL0NvcmUvY3VkYS8xMC4xLjI0My5sdWEiLApmdWxsTmFtZSA9ICJjdWRhLzEwLjEuMjQzIiwKbG9hZE9yZGVyID0gMSwKcHJvcFQgPSB7fSwKc3RhY2tEZXB0aCA9IDEsCnN0YXR1cyA9ICJhY3RpdmUiLAp1c2VyTmFtZSA9ICJjdWRhLzEwLjEuMjQzIiwKd1YgPSAiXjAwMDAwMDEwLjAwMDAwMDAwMS4wMDAwMDAyNDMuKnpmaW5hbCIsCn0sCmdjYyA9IHsKZm4gPSAiL3Vzci90Y2V0bXAvbW9kdWxlZmlsZXMvQ29yZS9nY2MvOC4zLjEubHVhIiwKZnVsbE5hbWUgPSAiZ2NjLzguMy4xIiwKbG9hZE9yZGVyID0gNCwKcHJvcFQgPSB7fSwKc3RhY2tEZXB0aCA9IDAsCnN0YXR1cyA9ICJhY3RpdmUi
CSM_ALLOCATION_ID=3670317
BINARY_TYPE_HPC=
LLNL_CORE_ISOLATION=2
FC=mpif90
LSB_SUB_HOST=lassen709
XDG_CACHE_HOME=/tmp/mtcampbe/xdg-scratch
__LSF_JOB_TMPDIR__=/tmp/3591980.tmpdir
LSFUSER=mtcampbe
LSB_SUB_USER=mtcampbe
LSB_OUTDIR=/p/gpfs1/mtcampbe/CEESD/AutomatedTesting/MIRGE-Timing/timing/emirge/mirgecom/y2-isolator/timing_run
LSB_MCPU_HOSTS=lassen710 1 lassen61 40 
LMOD_arch=ppc64le
MPI_ROOT=/usr/tce/packages/spectrum-mpi/ibm/spectrum-mpi-rolling-release
LSB_QUEUE=pbatch
LSB_OUTPUTFILE=/p/gpfs1/mtcampbe/CEESD/AutomatedTesting/MIRGE-Timing/timing/emirge/mirgecom/y2-isolator/timing_run/
CONDA_PYTHON_EXE=/p/gpfs1/mtcampbe/CEESD/AutomatedTesting/MIRGE-Timing/timing/emirge/miniforge3/bin/python
LOGNAME=mtcampbe
TMP=/var/tmp
QTLIB=/usr/lib64/qt-3.3/lib
CVS_RSH=ssh
XLSF_UIDDIR=/opt/ibm/spectrumcomputing/lsf/10.1.0.10/linux3.10-glibc2.17-ppc64le-csm/lib/uid
XDG_DATA_DIRS=/g/g17/mtcampbe/.local/share/flatpak/exports/share:/var/lib/flatpak/exports/share:/usr/local/share:/usr/share
CEESD_CONDA_LASSEN=/usr/workspace/wsa/xpacc/Users/mtcampbe/CEESD/Lassen/conda-install
SSH_CONNECTION=216.169.5.104 49168 134.9.39.39 22
SYS_TYPE=blueos_3_ppc64le_ib_p9
MODULESHOME=/usr/share/lmod/lmod
LMOD_SETTARG_FULL_SUPPORT=no
LESSOPEN=||/usr/bin/lesspipe.sh %s
__LMOD_REF_COUNT_LD_LIBRARY_PATH=/usr/tce/packages/cuda/cuda-10.1.243/lib64:1;/opt/ibm/spectrumcomputing/lsf/10.1.0.10/linux3.10-glibc2.17-ppc64le-csm/lib:1
PKG_CONFIG_PATH=/usr/tce/packages/cuda/cuda-10.1.243/lib64/pkgconfig
OMP_NUM_THREADS=1
LSF_CGROUP_TOPDIR_KEY=lassen
CONDA_DEFAULT_ENV=nozzle.lazy.timing.env
LMOD_FULL_SETTARG_SUPPORT=no
LMOD_FAMILY_COMPILER=gcc
LSB_XFER_OP=
LSB_EEXEC_REAL_GID=
__LMOD_REF_COUNT_PKG_CONFIG_PATH=/usr/tce/packages/cuda/cuda-10.1.243/lib64/pkgconfig:1
CC=mpicc
QT_PLUGIN_PATH=/usr/lib64/kde4/plugins:/usr/lib/kde4/plugins
LMOD_DIR=/usr/share/lmod/lmod/libexec
LEXEC_UNPICKLE_QUIET=1
__LMOD_REF_COUNT_MANPATH=/usr/tce/packages/spectrum-mpi/ibm/spectrum-mpi-rolling-release/share/man:1;/usr/tce/packages/gcc/gcc-8.3.1/man:1;/opt/ibm/spectrumcomputing/lsf/10.1.0.10/man:1;/usr/man:1;/usr/share/man:1;/usr/local/man:1;/usr/X11R6/man:1;/usr/lib64/mvapich/default/man:1;/opt/ibm/spectrum_mpi/jsm_pmix/share/man:1
LSF_ENVDIR=/opt/ibm/spectrumcomputing/lsf/conf
GUESTFISH_RESTORE=\e[0m
LSB_DJOB_RANKFILE=/g/g17/mtcampbe/.lsbatch/1654093297.3591980.hostfile
LMOD_FAMILY_MPI=spectrum-mpi
LMOD_COLORIZE=yes
HISTFILE=/g/g17/mtcampbe/.bash_history
BASH_FUNC_module()=() {  local __lmod_my_status;
 local __lmod_sh_dbg;
 if [ -z "${LMOD_SH_DBG_ON+x}" ]; then
 case "$-" in 
 *v*x*)
 __lmod_sh_dbg='vx'
 ;;
 *v*)
 __lmod_sh_dbg='v'
 ;;
 *x*)
 __lmod_sh_dbg='x'
 ;;
 esac;
 fi;
 if [ -n "${__lmod_sh_dbg:-}" ]; then
 set +$__lmod_sh_dbg;
 echo "Shell debugging temporarily silenced: export LMOD_SH_DBG_ON=1 for Lmod's output" 1>&2;
 fi;
 eval "$($LMOD_CMD bash "$@")" && eval $(${LMOD_SETTARG_CMD:-:} -s sh);
 __lmod_my_status=$?;
 if [ -n "${__lmod_sh_dbg:-}" ]; then
 echo "Shell debugging restarted" 1>&2;
 set -$__lmod_sh_dbg;
 fi;
 return $__lmod_my_status
}
BASH_FUNC_ml()=() {  eval "$($LMOD_DIR/ml_cmd "$@")"
}
_=/usr/bin/env
LSB_MCPU_HOSTS=lassen710 1 lassen61 40 
Default casename isolator
Using user input from file: timing_params.yaml
Running ./isolator.py

2022-06-01 07:21:46,249 - INFO - grudge.array_context - get_reasonable_array_context_class: MPIFusionContractorArrayContext lazy=True distributed=True device-parallel=True
Shock capturing parameters: alpha 0.5, s0 -4.0, kappa 0.5

#### Simluation control data: ####
	nviz = 100
	nrestart = 100
	nhealth = 100
	nstatus = 100
	current_dt = 1e-08
	t_final = 2e-07
	order = 1
	dimen = 2
	Time integration rk4
#### Simluation control data: ####


#### Simluation material properties: ####
	mu = 4.216360056e-05
	kappa = 0.05621788139856423
	Prandtl Number  = 0.75
#### Simluation initialization data: ####
	inlet Mach number 0.038727226466056475
	inlet temperature 2075.8073416311686
	inlet pressure 274212.0081934861
	inlet rho 0.4623484671063763
	inlet velocity 35.28896626974282
	outlet Mach number 3.661995139955526
	outlet temperature 563.9344091915701
	outlet pressure 2865.7077436508835
	outlet rho 0.01778579568979098
	outlet velocity 1739.2462693097807
#### Simluation initialization data: ####

Reading mesh from data/isolator.msh
2022-06-01 07:22:03,552 - INFO - meshmode.distributed - rank 0: sent all mesh partitions
Making discretization
./isolator.py:1100: DeprecationWarning: EagerDGDiscretization is deprecated and will go away in 2022. Use the base DiscretizationCollection with grudge.op instead.
  discr = EagerDGDiscretization(
Done making discretization
2022-06-01 07:22:03,671 - INFO - meshmode.array_context - Transforming kernel with 1 statements.
2022-06-01 07:22:03,717 - INFO - meshmode.array_context - Array Contraction: Contracting 0 temps
2022-06-01 07:22:04,810 - INFO - pyopencl - build program: kernel '_pt_kernel' was part of a lengthy source build resulting from a binary cache miss (0.80 s)
Before restart/init
Initializing soln.
Initialization for Case(isolator)
===
Num 2d order-1 elements: 2504
Num global elements: 2504
Timestep:        1e-08
Final time:      2e-07
CFL:             1.0
Constant CFL:    False
Initialization:  isolator
EOS:             IdealSingleGas

2022-06-01 07:22:06,328 - INFO - meshmode.array_context - transform_dag.infer_axes_tags: completed (0.56s wall 1.00x CPU)
2022-06-01 07:22:07,084 - INFO - meshmode.array_context - Transforming kernel with 14 statements.
2022-06-01 07:22:08,485 - INFO - loopy.tools - fuse_same_discretization_entity_loops on '_pt_kernel': completed (1.30s wall 1.00x CPU)
2022-06-01 07:22:08,629 - INFO - meshmode.array_context - Loop Fusion: completed (1.54s wall 1.00x CPU)
2022-06-01 07:22:08,912 - INFO - meshmode.array_context - Array Contraction: Contracting 10 temps
2022-06-01 07:22:10,514 - INFO - loopy.tools - contract_arrays on '_pt_kernel': completed (1.60s wall 1.00x CPU)
2022-06-01 07:22:10,670 - INFO - meshmode.array_context - Array Contraction: completed (1.86s wall 1.00x CPU)
2022-06-01 07:22:12,496 - INFO - loopy.tools - preprocess_program on '_pt_kernel': completed (1.26s wall 1.00x CPU)
2022-06-01 07:22:15,049 - INFO - loopy.check - _pt_kernel: check array access within bounds: completed (2.09s wall 1.00x CPU)
2022-06-01 07:22:32,622 - INFO - loopy.codegen - _pt_kernel: generate code: completed (17.35s wall 1.00x CPU)
2022-06-01 07:22:37,391 - INFO - pyopencl - build program: kernel '_pt_kernel' was part of a lengthy source build resulting from a binary cache miss (4.40 s)
2022-06-01 07:22:37,434 - INFO - meshmode.array_context - Transforming kernel with 0 statements.
2022-06-01 07:22:37,437 - INFO - meshmode.array_context - Array Contraction: Contracting 0 temps
2022-06-01 07:22:37,918 - INFO - pyopencl - build program: kernel '_pt_kernel' was part of a lengthy source build resulting from a binary cache miss (0.46 s)
2022-06-01 07:22:38,080 - INFO - meshmode.array_context - Transforming kernel with 10 statements.
2022-06-01 07:22:38,405 - INFO - meshmode.array_context - Array Contraction: Contracting 1 temps
2022-06-01 07:22:40,023 - INFO - pyopencl - build program: kernel '_pt_kernel' was part of a lengthy source build resulting from a binary cache miss (0.82 s)
2022-06-01 07:22:40,025 - INFO - pyopencl - build program: kernel '_pt_kernel_0' was part of a lengthy source build resulting from a binary cache miss (0.82 s)
2022-06-01 07:22:40,026 - INFO - pyopencl - build program: kernel '_pt_kernel_1' was part of a lengthy source build resulting from a binary cache miss (0.82 s)
2022-06-01 07:22:40,038 - INFO - meshmode.discretization.connection.face - building face restriction: start
2022-06-01 07:22:40,050 - INFO - meshmode.discretization.connection.face - building face restriction: done
2022-06-01 07:22:40,054 - INFO - meshmode.array_context - Transforming kernel with 0 statements.
2022-06-01 07:22:40,293 - INFO - meshmode.array_context - Transforming kernel with 7 statements.
2022-06-01 07:22:40,504 - INFO - meshmode.array_context - Array Contraction: Contracting 2 temps
2022-06-01 07:22:41,905 - INFO - pyopencl - build program: kernel '_pt_kernel' was part of a lengthy source build resulting from a binary cache miss (0.78 s)
2022-06-01 07:22:41,906 - INFO - pyopencl - build program: kernel '_pt_kernel_0' was part of a lengthy source build resulting from a binary cache miss (0.78 s)
2022-06-01 07:22:41,908 - INFO - pyopencl - build program: kernel '_pt_kernel_1' was part of a lengthy source build resulting from a binary cache miss (0.78 s)
2022-06-01 07:22:41,990 - INFO - meshmode.array_context - Transforming kernel with 7 statements.
2022-06-01 07:22:42,265 - INFO - meshmode.array_context - Array Contraction: Contracting 1 temps
2022-06-01 07:22:43,086 - INFO - loopy.codegen - _pt_kernel: generate code: completed (0.40s wall 1.00x CPU)
2022-06-01 07:22:44,295 - INFO - pyopencl - build program: kernel '_pt_kernel' was part of a lengthy source build resulting from a binary cache miss (1.20 s)
2022-06-01 07:22:44,296 - INFO - pyopencl - build program: kernel '_pt_kernel_0' was part of a lengthy source build resulting from a binary cache miss (1.20 s)
2022-06-01 07:22:44,297 - INFO - pyopencl - build program: kernel '_pt_kernel_1' was part of a lengthy source build resulting from a binary cache miss (1.20 s)
2022-06-01 07:22:44,299 - INFO - pyopencl - build program: kernel '_pt_kernel_2' was part of a lengthy source build resulting from a binary cache miss (1.20 s)
2022-06-01 07:22:44,300 - INFO - pyopencl - build program: kernel '_pt_kernel_3' was part of a lengthy source build resulting from a binary cache miss (1.20 s)
2022-06-01 07:22:44,301 - INFO - pyopencl - build program: kernel '_pt_kernel_4' was part of a lengthy source build resulting from a binary cache miss (1.20 s)
2022-06-01 07:22:44,318 - INFO - meshmode.array_context - Transforming kernel with 1 statements.
2022-06-01 07:22:44,344 - INFO - meshmode.array_context - Array Contraction: Contracting 0 temps
2022-06-01 07:22:44,936 - INFO - pyopencl - build program: kernel '_pt_kernel' was part of a lengthy source build resulting from a binary cache miss (0.48 s)
2022-06-01 07:22:45,005 - INFO - meshmode.array_context - Transforming kernel with 4 statements.
2022-06-01 07:22:45,101 - INFO - meshmode.array_context - Array Contraction: Contracting 3 temps
2022-06-01 07:22:45,896 - INFO - pyopencl - build program: kernel '_pt_kernel' was part of a lengthy source build resulting from a binary cache miss (0.50 s)
2022-06-01 07:22:46,520 - INFO - pyopencl - build program: kernel 'reduce_kernel_stage1' was part of a lengthy source build resulting from a binary cache miss (0.61 s)
2022-06-01 07:22:47,139 - INFO - pyopencl - build program: kernel 'reduce_kernel_stage2' was part of a lengthy source build resulting from a binary cache miss (0.61 s)
2022-06-01 07:22:47,153 - INFO - meshmode.array_context - Transforming kernel with 1 statements.
2022-06-01 07:22:47,159 - INFO - meshmode.array_context - Array Contraction: Contracting 0 temps
/p/gpfs1/mtcampbe/CEESD/AutomatedTesting/MIRGE-Timing/timing/emirge/meshmode/meshmode/array_context.py:1599: UserWarning: FusionContractorArrayContext.transform_loopy_program not broad enough (yet). Falling back to a possibly slower transformation strategy.
  warn("FusionContractorArrayContext.transform_loopy_program not"
2022-06-01 07:22:47,659 - INFO - pyopencl - build program: kernel '_pt_kernel' was part of a lengthy source build resulting from a binary cache miss (0.47 s)
2022-06-01 07:22:47,666 - INFO - meshmode.array_context - Transforming kernel with 0 statements.
2022-06-01 07:22:47,740 - INFO - meshmode.array_context - Transforming kernel with 1 statements.
2022-06-01 07:22:47,769 - INFO - meshmode.array_context - Array Contraction: Contracting 0 temps
2022-06-01 07:22:48,385 - INFO - pyopencl - build program: kernel '_pt_kernel' was part of a lengthy source build resulting from a binary cache miss (0.48 s)
2022-06-01 07:22:49,006 - INFO - pyopencl - build program: kernel 'reduce_kernel_stage1' was part of a lengthy source build resulting from a binary cache miss (0.61 s)
2022-06-01 07:22:49,618 - INFO - pyopencl - build program: kernel 'reduce_kernel_stage2' was part of a lengthy source build resulting from a binary cache miss (0.60 s)
2022-06-01 07:22:49,625 - INFO - meshmode.array_context - Transforming kernel with 1 statements.
2022-06-01 07:22:49,631 - INFO - meshmode.array_context - Array Contraction: Contracting 0 temps
2022-06-01 07:22:50,127 - INFO - pyopencl - build program: kernel '_pt_kernel' was part of a lengthy source build resulting from a binary cache miss (0.47 s)
2022-06-01 07:22:50,744 - INFO - pyopencl - build program: kernel 'reduce_kernel_stage1' was part of a lengthy source build resulting from a binary cache miss (0.60 s)
2022-06-01 07:22:51,361 - INFO - pyopencl - build program: kernel 'reduce_kernel_stage2' was part of a lengthy source build resulting from a binary cache miss (0.61 s)
2022-06-01 07:22:51,374 - INFO - meshmode.array_context - Transforming kernel with 1 statements.
2022-06-01 07:22:51,380 - INFO - meshmode.array_context - Array Contraction: Contracting 0 temps
2022-06-01 07:22:51,875 - INFO - pyopencl - build program: kernel '_pt_kernel' was part of a lengthy source build resulting from a binary cache miss (0.46 s)
2022-06-01 07:22:51,904 - INFO - meshmode.array_context - Transforming kernel with 1 statements.
2022-06-01 07:22:51,934 - INFO - meshmode.array_context - Array Contraction: Contracting 0 temps
2022-06-01 07:22:52,563 - INFO - pyopencl - build program: kernel '_pt_kernel' was part of a lengthy source build resulting from a binary cache miss (0.49 s)
2022-06-01 07:22:52,587 - INFO - meshmode.array_context - Transforming kernel with 1 statements.
2022-06-01 07:22:52,616 - INFO - meshmode.array_context - Array Contraction: Contracting 0 temps
2022-06-01 07:22:53,230 - INFO - pyopencl - build program: kernel '_pt_kernel' was part of a lengthy source build resulting from a binary cache miss (0.48 s)
-------- dt = 1.000e-08, cfl = 0.0253
-------- P (min, max) (Pa) = (2.865706984e+03, 2.742120082e+05)
-------- T (min, max) (K)  = (    300, 2075.81)

2022-06-01 07:22:53,264 - INFO - meshmode.array_context - Transforming kernel with 1 statements.
2022-06-01 07:22:53,274 - INFO - meshmode.array_context - Array Contraction: Contracting 0 temps
2022-06-01 07:22:53,876 - INFO - pyopencl - build program: kernel '_pt_kernel' was part of a lengthy source build resulting from a binary cache miss (0.51 s)
2022-06-01 07:22:53,889 - INFO - meshmode.array_context - Transforming kernel with 1 statements.
2022-06-01 07:22:54,084 - INFO - meshmode.array_context - Transforming kernel with 1 statements.
2022-06-01 07:22:54,191 - INFO - meshmode.array_context - Transforming kernel with 1 statements.
2022-06-01 07:22:54,204 - INFO - meshmode.array_context - Array Contraction: Contracting 0 temps
2022-06-01 07:22:54,873 - INFO - pyopencl - build program: kernel '_pt_kernel' was part of a lengthy source build resulting from a binary cache miss (0.49 s)
2022-06-01 07:22:54,899 - INFO - meshmode.array_context - Transforming kernel with 1 statements.
2022-06-01 07:22:54,913 - INFO - meshmode.array_context - Array Contraction: Contracting 0 temps
2022-06-01 07:22:55,557 - INFO - pyopencl - build program: kernel '_pt_kernel' was part of a lengthy source build resulting from a binary cache miss (0.49 s)
2022-06-01 07:22:55,584 - INFO - meshmode.array_context - Transforming kernel with 1 statements.
2022-06-01 07:22:55,597 - INFO - meshmode.array_context - Array Contraction: Contracting 0 temps
2022-06-01 07:22:56,276 - INFO - pyopencl - build program: kernel '_pt_kernel' was part of a lengthy source build resulting from a binary cache miss (0.51 s)
2022-06-01 07:22:56,320 - INFO - meshmode.array_context - Transforming kernel with 3 statements.
2022-06-01 07:22:56,366 - INFO - meshmode.array_context - Array Contraction: Contracting 0 temps
2022-06-01 07:22:57,380 - INFO - pyopencl - build program: kernel '_pt_kernel' was part of a lengthy source build resulting from a binary cache miss (0.65 s)
2022-06-01 07:22:57,382 - INFO - pyopencl - build program: kernel '_pt_kernel_0' was part of a lengthy source build resulting from a binary cache miss (0.65 s)
2022-06-01 07:22:57,397 - INFO - meshmode.array_context - Transforming kernel with 1 statements.
2022-06-01 07:22:57,408 - INFO - meshmode.array_context - Array Contraction: Contracting 0 temps
2022-06-01 07:22:57,995 - INFO - pyopencl - build program: kernel '_pt_kernel' was part of a lengthy source build resulting from a binary cache miss (0.48 s)
2022-06-01 07:22:58,019 - INFO - meshmode.array_context - Transforming kernel with 1 statements.
2022-06-01 07:22:58,030 - INFO - meshmode.array_context - Array Contraction: Contracting 0 temps
2022-06-01 07:22:58,623 - INFO - pyopencl - build program: kernel '_pt_kernel' was part of a lengthy source build resulting from a binary cache miss (0.48 s)
2022-06-01 07:22:58,656 - INFO - meshmode.array_context - Transforming kernel with 3 statements.
2022-06-01 07:22:58,700 - INFO - meshmode.array_context - Array Contraction: Contracting 0 temps
2022-06-01 07:22:59,614 - INFO - pyopencl - build program: kernel '_pt_kernel' was part of a lengthy source build resulting from a binary cache miss (0.63 s)
2022-06-01 07:22:59,615 - INFO - pyopencl - build program: kernel '_pt_kernel_0' was part of a lengthy source build resulting from a binary cache miss (0.63 s)
2022-06-01 07:22:59,680 - INFO - meshmode.array_context - Transforming kernel with 6 statements.
2022-06-01 07:22:59,831 - INFO - meshmode.array_context - Array Contraction: Contracting 0 temps
2022-06-01 07:23:00,452 - INFO - loopy.codegen - _pt_kernel: generate code: completed (0.31s wall 1.00x CPU)
2022-06-01 07:23:01,567 - INFO - pyopencl - build program: kernel '_pt_kernel' was part of a lengthy source build resulting from a binary cache miss (1.11 s)
2022-06-01 07:23:01,568 - INFO - pyopencl - build program: kernel '_pt_kernel_0' was part of a lengthy source build resulting from a binary cache miss (1.11 s)
2022-06-01 07:23:01,569 - INFO - pyopencl - build program: kernel '_pt_kernel_1' was part of a lengthy source build resulting from a binary cache miss (1.11 s)
2022-06-01 07:23:01,570 - INFO - pyopencl - build program: kernel '_pt_kernel_2' was part of a lengthy source build resulting from a binary cache miss (1.11 s)
2022-06-01 07:23:01,571 - INFO - pyopencl - build program: kernel '_pt_kernel_3' was part of a lengthy source build resulting from a binary cache miss (1.11 s)
2022-06-01 07:23:01,636 - INFO - meshmode.array_context - Transforming kernel with 4 statements.
2022-06-01 07:23:01,714 - INFO - meshmode.array_context - Array Contraction: Contracting 2 temps
2022-06-01 07:23:02,822 - INFO - pyopencl - build program: kernel '_pt_kernel' was part of a lengthy source build resulting from a binary cache miss (0.67 s)
2022-06-01 07:23:02,822 - INFO - pyopencl - build program: kernel '_pt_kernel_0' was part of a lengthy source build resulting from a binary cache miss (0.67 s)
2022-06-01 07:23:02,835 - INFO - /p/gpfs1/mtcampbe/CEESD/AutomatedTesting/MIRGE-Timing/timing/emirge/pytato/pytato/transform/__init__.py - data wrapper de-duplication: 1 encountered, 1 kept, 0 eliminated
2022-06-01 07:23:02,837 - INFO - /p/gpfs1/mtcampbe/CEESD/AutomatedTesting/MIRGE-Timing/timing/emirge/pytato/pytato/transform/__init__.py - data wrapper de-duplication: 1 encountered, 1 kept, 0 eliminated
2022-06-01 07:23:02,839 - INFO - /p/gpfs1/mtcampbe/CEESD/AutomatedTesting/MIRGE-Timing/timing/emirge/pytato/pytato/transform/__init__.py - data wrapper de-duplication: 1 encountered, 1 kept, 0 eliminated
2022-06-01 07:23:02,841 - INFO - /p/gpfs1/mtcampbe/CEESD/AutomatedTesting/MIRGE-Timing/timing/emirge/pytato/pytato/transform/__init__.py - data wrapper de-duplication: 1 encountered, 1 kept, 0 eliminated
2022-06-01 07:23:02,846 - INFO - meshmode.discretization.connection.face - building face restriction: start
2022-06-01 07:23:02,851 - INFO - meshmode.discretization.connection.face - building face restriction: done
2022-06-01 07:23:02,862 - INFO - meshmode.discretization.connection.face - building face restriction: start
2022-06-01 07:23:02,867 - INFO - meshmode.discretization.connection.face - building face restriction: done
2022-06-01 07:23:02,877 - INFO - meshmode.discretization.connection.face - building face restriction: start
2022-06-01 07:23:02,888 - INFO - meshmode.discretization.connection.face - building face restriction: done
2022-06-01 07:23:02,899 - INFO - meshmode.discretization.connection.face - building face restriction: start
2022-06-01 07:23:02,988 - INFO - meshmode.discretization.connection.face - building face restriction: done
2022-06-01 07:23:03,002 - INFO - meshmode.array_context - Transforming kernel with 0 statements.
2022-06-01 07:23:03,090 - INFO - meshmode.array_context - Transforming kernel with 0 statements.
2022-06-01 07:23:03,244 - INFO - meshmode.array_context - Transforming kernel with 7 statements.
2022-06-01 07:23:03,453 - INFO - meshmode.array_context - Array Contraction: Contracting 2 temps
2022-06-01 07:23:04,807 - INFO - pyopencl - build program: kernel '_pt_kernel' was part of a lengthy source build resulting from a binary cache miss (0.76 s)
2022-06-01 07:23:04,807 - INFO - pyopencl - build program: kernel '_pt_kernel_0' was part of a lengthy source build resulting from a binary cache miss (0.76 s)
2022-06-01 07:23:04,808 - INFO - pyopencl - build program: kernel '_pt_kernel_1' was part of a lengthy source build resulting from a binary cache miss (0.76 s)
2022-06-01 07:23:04,908 - INFO - meshmode.array_context - Transforming kernel with 6 statements.
2022-06-01 07:23:05,098 - INFO - meshmode.array_context - Array Contraction: Contracting 0 temps
2022-06-01 07:23:06,422 - INFO - pyopencl - build program: kernel '_pt_kernel' was part of a lengthy source build resulting from a binary cache miss (0.76 s)
2022-06-01 07:23:06,423 - INFO - pyopencl - build program: kernel '_pt_kernel_0' was part of a lengthy source build resulting from a binary cache miss (0.76 s)
2022-06-01 07:23:06,424 - INFO - pyopencl - build program: kernel '_pt_kernel_1' was part of a lengthy source build resulting from a binary cache miss (0.76 s)
2022-06-01 07:23:06,443 - INFO - meshmode.array_context - Transforming kernel with 0 statements.
2022-06-01 07:23:06,449 - INFO - meshmode.array_context - Array Contraction: Contracting 0 temps
2022-06-01 07:23:06,525 - INFO - meshmode.array_context - Transforming kernel with 0 statements.
2022-06-01 07:23:06,592 - INFO - meshmode.array_context - Transforming kernel with 1 statements.
2022-06-01 07:23:06,607 - INFO - meshmode.array_context - Array Contraction: Contracting 0 temps
2022-06-01 07:23:07,125 - INFO - pyopencl - build program: kernel '_pt_kernel' was part of a lengthy source build resulting from a binary cache miss (0.46 s)
2022-06-01 07:23:07,144 - INFO - meshmode.array_context - Transforming kernel with 0 statements.
2022-06-01 07:23:07,298 - INFO - meshmode.array_context - Transforming kernel with 7 statements.
2022-06-01 07:23:07,508 - INFO - meshmode.array_context - Array Contraction: Contracting 2 temps
2022-06-01 07:23:08,869 - INFO - pyopencl - build program: kernel '_pt_kernel' was part of a lengthy source build resulting from a binary cache miss (0.76 s)
2022-06-01 07:23:08,869 - INFO - pyopencl - build program: kernel '_pt_kernel_0' was part of a lengthy source build resulting from a binary cache miss (0.76 s)
2022-06-01 07:23:08,869 - INFO - pyopencl - build program: kernel '_pt_kernel_1' was part of a lengthy source build resulting from a binary cache miss (0.76 s)
2022-06-01 07:23:08,971 - INFO - meshmode.array_context - Transforming kernel with 6 statements.
2022-06-01 07:23:09,162 - INFO - meshmode.array_context - Array Contraction: Contracting 0 temps
2022-06-01 07:23:10,542 - INFO - pyopencl - build program: kernel '_pt_kernel' was part of a lengthy source build resulting from a binary cache miss (0.77 s)
2022-06-01 07:23:10,542 - INFO - pyopencl - build program: kernel '_pt_kernel_0' was part of a lengthy source build resulting from a binary cache miss (0.77 s)
2022-06-01 07:23:10,543 - INFO - pyopencl - build program: kernel '_pt_kernel_1' was part of a lengthy source build resulting from a binary cache miss (0.77 s)
2022-06-01 07:23:10,561 - INFO - meshmode.array_context - Transforming kernel with 1 statements.
2022-06-01 07:23:10,576 - INFO - meshmode.array_context - Array Contraction: Contracting 0 temps
2022-06-01 07:23:11,092 - INFO - pyopencl - build program: kernel '_pt_kernel' was part of a lengthy source build resulting from a binary cache miss (0.46 s)
2022-06-01 07:23:11,104 - INFO - meshmode.array_context - Transforming kernel with 1 statements.
2022-06-01 07:23:11,118 - INFO - meshmode.array_context - Array Contraction: Contracting 0 temps
2022-06-01 07:23:11,644 - INFO - pyopencl - build program: kernel '_pt_kernel' was part of a lengthy source build resulting from a binary cache miss (0.47 s)
2022-06-01 07:23:11,670 - INFO - meshmode.array_context - Transforming kernel with 0 statements.
2022-06-01 07:23:11,820 - INFO - meshmode.array_context - Transforming kernel with 7 statements.
2022-06-01 07:23:12,031 - INFO - meshmode.array_context - Array Contraction: Contracting 2 temps
2022-06-01 07:23:13,426 - INFO - pyopencl - build program: kernel '_pt_kernel' was part of a lengthy source build resulting from a binary cache miss (0.78 s)
2022-06-01 07:23:13,426 - INFO - pyopencl - build program: kernel '_pt_kernel_0' was part of a lengthy source build resulting from a binary cache miss (0.78 s)
2022-06-01 07:23:13,427 - INFO - pyopencl - build program: kernel '_pt_kernel_1' was part of a lengthy source build resulting from a binary cache miss (0.78 s)
2022-06-01 07:23:13,527 - INFO - meshmode.array_context - Transforming kernel with 6 statements.
2022-06-01 07:23:13,711 - INFO - meshmode.array_context - Array Contraction: Contracting 0 temps
2022-06-01 07:23:15,066 - INFO - pyopencl - build program: kernel '_pt_kernel' was part of a lengthy source build resulting from a binary cache miss (0.77 s)
2022-06-01 07:23:15,067 - INFO - pyopencl - build program: kernel '_pt_kernel_0' was part of a lengthy source build resulting from a binary cache miss (0.77 s)
2022-06-01 07:23:15,067 - INFO - pyopencl - build program: kernel '_pt_kernel_1' was part of a lengthy source build resulting from a binary cache miss (0.77 s)
2022-06-01 07:23:15,086 - INFO - meshmode.array_context - Transforming kernel with 1 statements.
2022-06-01 07:23:15,101 - INFO - meshmode.array_context - Array Contraction: Contracting 0 temps
2022-06-01 07:23:15,634 - INFO - pyopencl - build program: kernel '_pt_kernel' was part of a lengthy source build resulting from a binary cache miss (0.47 s)
2022-06-01 07:23:15,646 - INFO - meshmode.array_context - Transforming kernel with 1 statements.
2022-06-01 07:23:15,660 - INFO - meshmode.array_context - Array Contraction: Contracting 0 temps
2022-06-01 07:23:16,185 - INFO - pyopencl - build program: kernel '_pt_kernel' was part of a lengthy source build resulting from a binary cache miss (0.46 s)
2022-06-01 07:23:16,297 - INFO - meshmode.array_context - Transforming kernel with 7 statements.
2022-06-01 07:23:16,507 - INFO - meshmode.array_context - Array Contraction: Contracting 2 temps
2022-06-01 07:23:17,891 - INFO - pyopencl - build program: kernel '_pt_kernel' was part of a lengthy source build resulting from a binary cache miss (0.76 s)
2022-06-01 07:23:17,891 - INFO - pyopencl - build program: kernel '_pt_kernel_0' was part of a lengthy source build resulting from a binary cache miss (0.76 s)
2022-06-01 07:23:17,891 - INFO - pyopencl - build program: kernel '_pt_kernel_1' was part of a lengthy source build resulting from a binary cache miss (0.76 s)
2022-06-01 07:23:17,993 - INFO - meshmode.array_context - Transforming kernel with 6 statements.
2022-06-01 07:23:18,176 - INFO - meshmode.array_context - Array Contraction: Contracting 0 temps
2022-06-01 07:23:19,524 - INFO - pyopencl - build program: kernel '_pt_kernel' was part of a lengthy source build resulting from a binary cache miss (0.77 s)
2022-06-01 07:23:19,525 - INFO - pyopencl - build program: kernel '_pt_kernel_0' was part of a lengthy source build resulting from a binary cache miss (0.77 s)
2022-06-01 07:23:19,525 - INFO - pyopencl - build program: kernel '_pt_kernel_1' was part of a lengthy source build resulting from a binary cache miss (0.77 s)
2022-06-01 07:23:19,543 - INFO - meshmode.array_context - Transforming kernel with 1 statements.
2022-06-01 07:23:19,558 - INFO - meshmode.array_context - Array Contraction: Contracting 0 temps
2022-06-01 07:23:20,080 - INFO - pyopencl - build program: kernel '_pt_kernel' was part of a lengthy source build resulting from a binary cache miss (0.46 s)
2022-06-01 07:23:20,091 - INFO - meshmode.array_context - Transforming kernel with 1 statements.
2022-06-01 07:23:20,106 - INFO - meshmode.array_context - Array Contraction: Contracting 0 temps
2022-06-01 07:23:20,638 - INFO - pyopencl - build program: kernel '_pt_kernel' was part of a lengthy source build resulting from a binary cache miss (0.47 s)
2022-06-01 07:23:20,649 - INFO - meshmode.array_context - Transforming kernel with 1 statements.
2022-06-01 07:23:20,665 - INFO - meshmode.array_context - Array Contraction: Contracting 0 temps
2022-06-01 07:23:21,189 - INFO - pyopencl - build program: kernel '_pt_kernel' was part of a lengthy source build resulting from a binary cache miss (0.46 s)
2022-06-01 07:23:22,029 - INFO - meshmode.array_context - Transforming kernel with 45 statements.
2022-06-01 07:23:23,440 - INFO - loopy.tools - fuse_same_discretization_entity_loops on '_pt_kernel': completed (1.33s wall 1.00x CPU)
2022-06-01 07:23:23,494 - INFO - meshmode.array_context - Loop Fusion: completed (1.46s wall 1.00x CPU)
2022-06-01 07:23:23,701 - INFO - meshmode.array_context - Array Contraction: Contracting 0 temps
2022-06-01 07:23:24,502 - INFO - loopy.tools - preprocess_program on '_pt_kernel': completed (0.59s wall 1.00x CPU)
2022-06-01 07:23:25,327 - INFO - loopy.check - _pt_kernel: check array access within bounds: completed (0.66s wall 1.00x CPU)
2022-06-01 07:23:26,461 - INFO - loopy.codegen - _pt_kernel: generate code: completed (0.76s wall 1.00x CPU)
2022-06-01 07:23:27,682 - INFO - pyopencl - build program: kernel '_pt_kernel' was part of a lengthy source build resulting from a binary cache miss (1.17 s)
2022-06-01 07:23:27,685 - INFO - pyopencl - build program: kernel '_pt_kernel_0' was part of a lengthy source build resulting from a binary cache miss (1.17 s)
2022-06-01 07:23:27,687 - INFO - pyopencl - build program: kernel '_pt_kernel_1' was part of a lengthy source build resulting from a binary cache miss (1.17 s)
2022-06-01 07:23:27,689 - INFO - pyopencl - build program: kernel '_pt_kernel_2' was part of a lengthy source build resulting from a binary cache miss (1.17 s)
/p/gpfs1/mtcampbe/CEESD/AutomatedTesting/MIRGE-Timing/timing/emirge/mirgecom/mirgecom/artificial_viscosity.py:190: UserWarning: The AV boundary_kwargs interface is deprecated, please pass gas_model and time directly.
  warn("The AV boundary_kwargs interface is deprecated, please pass gas_model"
2022-06-01 07:23:28,619 - INFO - /p/gpfs1/mtcampbe/CEESD/AutomatedTesting/MIRGE-Timing/timing/emirge/pytato/pytato/transform/__init__.py - data wrapper de-duplication: 1026 encountered, 54 kept, 972 eliminated
2022-06-01 07:23:28,857 - INFO - grudge.array_context - deduplicate_data_wrappers[pre-partition]: completed (0.55s wall 1.00x CPU)
2022-06-01 07:23:30,626 - INFO - grudge.array_context - transform_dag.infer_axes_tags[pre-partition]: completed (1.62s wall 1.00x CPU)
2022-06-01 07:23:31,678 - INFO - pytato.partition - find_partition: Split 3554 nodes into 1 parts, with [3554] nodes in each partition.
2022-06-01 07:23:32,580 - INFO - /p/gpfs1/mtcampbe/CEESD/AutomatedTesting/MIRGE-Timing/timing/emirge/pytato/pytato/transform/__init__.py - data wrapper de-duplication: 54 encountered, 54 kept, 0 eliminated
2022-06-01 07:23:33,461 - INFO - meshmode.array_context - transform_dag.materialize_all_einsums_or_reduces: completed (0.42s wall 1.00x CPU)
2022-06-01 07:23:35,196 - INFO - meshmode.array_context - transform_dag.infer_axes_tags: completed (1.73s wall 1.00x CPU)
2022-06-01 07:23:35,366 - INFO - meshmode.array_context - Transforming kernel with 1 statements.
2022-06-01 07:23:35,381 - INFO - meshmode.array_context - Array Contraction: Contracting 0 temps
2022-06-01 07:23:35,928 - INFO - pyopencl - build program: kernel '_pt_kernel' was part of a lengthy source build resulting from a binary cache miss (0.47 s)
2022-06-01 07:23:35,942 - INFO - meshmode.array_context - Transforming kernel with 1 statements.
2022-06-01 07:23:35,970 - INFO - meshmode.array_context - Array Contraction: Contracting 0 temps
2022-06-01 07:23:36,692 - INFO - pyopencl - build program: kernel '_pt_kernel' was part of a lengthy source build resulting from a binary cache miss (0.52 s)
2022-06-01 07:23:36,708 - INFO - meshmode.array_context - Transforming kernel with 1 statements.
2022-06-01 07:23:36,734 - INFO - meshmode.array_context - Array Contraction: Contracting 0 temps
2022-06-01 07:23:37,470 - INFO - pyopencl - build program: kernel '_pt_kernel' was part of a lengthy source build resulting from a binary cache miss (0.54 s)
2022-06-01 07:23:37,484 - INFO - meshmode.array_context - Transforming kernel with 1 statements.
2022-06-01 07:23:37,511 - INFO - meshmode.array_context - Array Contraction: Contracting 0 temps
2022-06-01 07:23:38,223 - INFO - pyopencl - build program: kernel '_pt_kernel' was part of a lengthy source build resulting from a binary cache miss (0.52 s)
2022-06-01 07:23:38,252 - INFO - meshmode.array_context - Transforming kernel with 1 statements.
2022-06-01 07:23:38,292 - INFO - meshmode.array_context - Array Contraction: Contracting 0 temps
2022-06-01 07:23:39,129 - INFO - pyopencl - build program: kernel '_pt_kernel' was part of a lengthy source build resulting from a binary cache miss (0.58 s)
2022-06-01 07:23:39,349 - INFO - arraycontext.impl.pytato.compile - transform_dag: completed (7.44s wall 1.00x CPU)
2022-06-01 07:23:44,651 - INFO - arraycontext.impl.pytato.compile - generate_loopy: completed (5.30s wall 1.00x CPU)
2022-06-01 07:23:44,651 - INFO - meshmode.array_context - Transforming kernel with 383 statements.
2022-06-01 07:24:02,689 - INFO - loopy.tools - fuse_same_discretization_entity_loops on '_pt_kernel': completed (17.40s wall 1.00x CPU)
2022-06-01 07:24:03,347 - INFO - meshmode.array_context - Loop Fusion: completed (18.69s wall 1.00x CPU)
2022-06-01 07:24:06,676 - INFO - meshmode.array_context - Array Contraction: Contracting 82 temps
2022-06-01 07:24:11,486 - INFO - loopy.tools - contract_arrays on '_pt_kernel': completed (4.82s wall 1.00x CPU)
2022-06-01 07:24:11,895 - INFO - meshmode.array_context - Array Contraction: completed (5.72s wall 1.00x CPU)
2022-06-01 07:24:20,114 - INFO - loopy.tools - preprocess_program on '_pt_kernel': completed (5.61s wall 1.00x CPU)
2022-06-01 07:24:29,222 - INFO - loopy.check - _pt_kernel: check array access within bounds: completed (7.66s wall 1.00x CPU)
2022-06-01 07:24:37,589 - INFO - loopy.schedule - _pt_kernel: schedule: completed (8.30s wall 1.00x CPU)
2022-06-01 07:24:37,908 - INFO - arraycontext.impl.pytato.compile - transform_loopy_program: completed (53.26s wall 1.00x CPU)
2022-06-01 07:25:02,661 - INFO - loopy.codegen - _pt_kernel: generate code: completed (23.74s wall 1.00x CPU)
2022-06-01 07:25:13,873 - INFO - pyopencl - build program: kernel '_pt_kernel' was part of a lengthy source build resulting from a binary cache miss (10.54 s)
2022-06-01 07:25:13,875 - INFO - pyopencl - build program: kernel '_pt_kernel_0' was part of a lengthy source build resulting from a binary cache miss (10.54 s)
2022-06-01 07:25:13,876 - INFO - pyopencl - build program: kernel '_pt_kernel_1' was part of a lengthy source build resulting from a binary cache miss (10.54 s)
2022-06-01 07:25:13,878 - INFO - pyopencl - build program: kernel '_pt_kernel_2' was part of a lengthy source build resulting from a binary cache miss (10.54 s)
2022-06-01 07:25:13,879 - INFO - pyopencl - build program: kernel '_pt_kernel_3' was part of a lengthy source build resulting from a binary cache miss (10.54 s)
2022-06-01 07:25:13,880 - INFO - pyopencl - build program: kernel '_pt_kernel_4' was part of a lengthy source build resulting from a binary cache miss (10.54 s)
2022-06-01 07:25:13,882 - INFO - pyopencl - build program: kernel '_pt_kernel_5' was part of a lengthy source build resulting from a binary cache miss (10.54 s)
2022-06-01 07:25:13,884 - INFO - pyopencl - build program: kernel '_pt_kernel_6' was part of a lengthy source build resulting from a binary cache miss (10.54 s)
2022-06-01 07:25:13,885 - INFO - pyopencl - build program: kernel '_pt_kernel_7' was part of a lengthy source build resulting from a binary cache miss (10.54 s)
2022-06-01 07:25:13,888 - INFO - pyopencl - build program: kernel '_pt_kernel_8' was part of a lengthy source build resulting from a binary cache miss (10.54 s)
2022-06-01 07:25:13,890 - INFO - pyopencl - build program: kernel '_pt_kernel_9' was part of a lengthy source build resulting from a binary cache miss (10.54 s)
2022-06-01 07:25:13,892 - INFO - pyopencl - build program: kernel '_pt_kernel_10' was part of a lengthy source build resulting from a binary cache miss (10.54 s)
2022-06-01 07:25:13,893 - INFO - pyopencl - build program: kernel '_pt_kernel_11' was part of a lengthy source build resulting from a binary cache miss (10.54 s)
2022-06-01 07:25:13,895 - INFO - pyopencl - build program: kernel '_pt_kernel_12' was part of a lengthy source build resulting from a binary cache miss (10.54 s)
2022-06-01 07:25:13,896 - INFO - pyopencl - build program: kernel '_pt_kernel_13' was part of a lengthy source build resulting from a binary cache miss (10.54 s)
2022-06-01 07:25:13,898 - INFO - pyopencl - build program: kernel '_pt_kernel_14' was part of a lengthy source build resulting from a binary cache miss (10.54 s)
2022-06-01 07:25:13,899 - INFO - pyopencl - build program: kernel '_pt_kernel_15' was part of a lengthy source build resulting from a binary cache miss (10.54 s)
2022-06-01 07:25:13,900 - INFO - pyopencl - build program: kernel '_pt_kernel_16' was part of a lengthy source build resulting from a binary cache miss (10.54 s)
2022-06-01 07:25:13,902 - INFO - pyopencl - build program: kernel '_pt_kernel_17' was part of a lengthy source build resulting from a binary cache miss (10.54 s)
2022-06-01 07:25:13,904 - INFO - pyopencl - build program: kernel '_pt_kernel_18' was part of a lengthy source build resulting from a binary cache miss (10.54 s)
2022-06-01 07:25:13,906 - INFO - pyopencl - build program: kernel '_pt_kernel_19' was part of a lengthy source build resulting from a binary cache miss (10.54 s)
2022-06-01 07:25:13,908 - INFO - pyopencl - build program: kernel '_pt_kernel_20' was part of a lengthy source build resulting from a binary cache miss (10.54 s)
2022-06-01 07:25:13,909 - INFO - pyopencl - build program: kernel '_pt_kernel_21' was part of a lengthy source build resulting from a binary cache miss (10.54 s)
2022-06-01 07:25:13,911 - INFO - pyopencl - build program: kernel '_pt_kernel_22' was part of a lengthy source build resulting from a binary cache miss (10.54 s)
2022-06-01 07:25:13,913 - INFO - pyopencl - build program: kernel '_pt_kernel_23' was part of a lengthy source build resulting from a binary cache miss (10.54 s)
2022-06-01 07:25:13,917 - INFO - pyopencl - build program: kernel '_pt_kernel_24' was part of a lengthy source build resulting from a binary cache miss (10.54 s)
2022-06-01 07:25:13,918 - INFO - pyopencl - build program: kernel '_pt_kernel_25' was part of a lengthy source build resulting from a binary cache miss (10.54 s)
2022-06-01 07:25:13,920 - INFO - pyopencl - build program: kernel '_pt_kernel_26' was part of a lengthy source build resulting from a binary cache miss (10.54 s)
2022-06-01 07:25:13,922 - INFO - pyopencl - build program: kernel '_pt_kernel_27' was part of a lengthy source build resulting from a binary cache miss (10.54 s)
2022-06-01 07:25:13,923 - INFO - pyopencl - build program: kernel '_pt_kernel_28' was part of a lengthy source build resulting from a binary cache miss (10.54 s)
Fusion actx took: 36.13376784324646 secs
2022-06-01 07:25:14,056 - INFO - meshmode.array_context - Transforming kernel with 1 statements.
2022-06-01 07:25:14,083 - INFO - meshmode.array_context - Array Contraction: Contracting 0 temps
2022-06-01 07:25:14,671 - INFO - pyopencl - build program: kernel '_pt_kernel' was part of a lengthy source build resulting from a binary cache miss (0.47 s)
2022-06-01 07:25:14,687 - INFO - meshmode.array_context - Transforming kernel with 1 statements.
Fusion actx took: 0.0015909671783447266 secs
Fusion actx took: 0.0015003681182861328 secs
2022-06-01 07:25:14,914 - INFO - meshmode.array_context - Transforming kernel with 1 statements.
2022-06-01 07:25:14,940 - INFO - meshmode.array_context - Array Contraction: Contracting 0 temps
2022-06-01 07:25:15,536 - INFO - pyopencl - build program: kernel '_pt_kernel' was part of a lengthy source build resulting from a binary cache miss (0.47 s)
2022-06-01 07:25:15,552 - INFO - meshmode.array_context - Transforming kernel with 1 statements.
Fusion actx took: 0.0015819072723388672 secs
step = 0, sim time: 0.000000e+00 s, step walltime: 158.339 s
2022-06-01 07:25:15,889 - INFO - meshmode.array_context - Transforming kernel with 4 statements.
2022-06-01 07:25:15,963 - INFO - meshmode.array_context - Array Contraction: Contracting 0 temps
2022-06-01 07:25:16,736 - INFO - pyopencl - build program: kernel '_pt_kernel' was part of a lengthy source build resulting from a binary cache miss (0.50 s)
2022-06-01 07:25:16,814 - INFO - meshmode.array_context - Transforming kernel with 4 statements.
Fusion actx took: 0.002079010009765625 secs
Fusion actx took: 0.0014882087707519531 secs
Fusion actx took: 0.0014758110046386719 secs
Fusion actx took: 0.0014693737030029297 secs
step = 1, sim time: 1.000000e-08 s, step walltime: 0.387882 s
2022-06-01 07:25:17,212 - INFO - meshmode.array_context - Transforming kernel with 4 statements.
Fusion actx took: 0.0017235279083251953 secs
Fusion actx took: 0.0015053749084472656 secs
Fusion actx took: 0.001512765884399414 secs
Fusion actx took: 0.001986980438232422 secs
step = 2, sim time: 2.000000e-08 s, step walltime: 0.0367627 s
Fusion actx took: 0.0014469623565673828 secs
Fusion actx took: 0.0014123916625976562 secs
Fusion actx took: 0.0014126300811767578 secs
Fusion actx took: 0.0014297962188720703 secs
step = 3, sim time: 3.000000e-08 s, step walltime: 0.0340934 s
Fusion actx took: 0.0014770030975341797 secs
Fusion actx took: 0.0018646717071533203 secs
Fusion actx took: 0.001436471939086914 secs
Fusion actx took: 0.0014774799346923828 secs
step = 4, sim time: 4.000000e-08 s, step walltime: 0.0350389 s
Fusion actx took: 0.0014204978942871094 secs
Fusion actx took: 0.0014109611511230469 secs
Fusion actx took: 0.0014111995697021484 secs
Fusion actx took: 0.0014028549194335938 secs
step = 5, sim time: 5.000000e-08 s, step walltime: 0.0339448 s
Fusion actx took: 0.0014209747314453125 secs
Fusion actx took: 0.0018396377563476562 secs
Fusion actx took: 0.0013968944549560547 secs
Fusion actx took: 0.0014057159423828125 secs
step = 6, sim time: 6.000000e-08 s, step walltime: 0.0339785 s
Fusion actx took: 0.0014278888702392578 secs
Fusion actx took: 0.0014176368713378906 secs
Fusion actx took: 0.0014081001281738281 secs
Fusion actx took: 0.0014061927795410156 secs
step = 7, sim time: 7.000000e-08 s, step walltime: 0.0341873 s
Fusion actx took: 0.001430511474609375 secs
Fusion actx took: 0.0014128684997558594 secs
Fusion actx took: 0.001415252685546875 secs
Fusion actx took: 0.001409769058227539 secs
step = 8, sim time: 8.000000e-08 s, step walltime: 0.0340223 s
Fusion actx took: 0.0014214515686035156 secs
Fusion actx took: 0.0018453598022460938 secs
Fusion actx took: 0.0014064311981201172 secs
Fusion actx took: 0.0014243125915527344 secs
step = 9, sim time: 9.000000e-08 s, step walltime: 0.0341463 s
Fusion actx took: 0.0014286041259765625 secs
Fusion actx took: 0.0018427371978759766 secs
Fusion actx took: 0.001405477523803711 secs
Fusion actx took: 0.0014078617095947266 secs
step = 10, sim time: 1.000000e-07 s, step walltime: 0.0339427 s
Fusion actx took: 0.001424551010131836 secs
Fusion actx took: 0.0018413066864013672 secs
Fusion actx took: 0.0014109611511230469 secs
Fusion actx took: 0.0014078617095947266 secs
step = 11, sim time: 1.100000e-07 s, step walltime: 0.0339341 s
Fusion actx took: 0.0014271736145019531 secs
Fusion actx took: 0.0018286705017089844 secs
Fusion actx took: 0.0013997554779052734 secs
Fusion actx took: 0.0014109611511230469 secs
step = 12, sim time: 1.200000e-07 s, step walltime: 0.0339515 s
Fusion actx took: 0.0014259815216064453 secs
Fusion actx took: 0.0018641948699951172 secs
Fusion actx took: 0.0014071464538574219 secs
Fusion actx took: 0.0014078617095947266 secs
step = 13, sim time: 1.300000e-07 s, step walltime: 0.0339954 s
Fusion actx took: 0.0014274120330810547 secs
Fusion actx took: 0.001998424530029297 secs
Fusion actx took: 0.0014095306396484375 secs
Fusion actx took: 0.001413583755493164 secs
step = 14, sim time: 1.400000e-07 s, step walltime: 0.034152 s
Fusion actx took: 0.001455068588256836 secs
Fusion actx took: 0.0014019012451171875 secs
Fusion actx took: 0.00140380859375 secs
Fusion actx took: 0.001409769058227539 secs
step = 15, sim time: 1.500000e-07 s, step walltime: 0.0339844 s
Fusion actx took: 0.001440286636352539 secs
Fusion actx took: 0.0018503665924072266 secs
Fusion actx took: 0.001409292221069336 secs
Fusion actx took: 0.0014405250549316406 secs
step = 16, sim time: 1.600000e-07 s, step walltime: 0.0341964 s
Fusion actx took: 0.0014340877532958984 secs
Fusion actx took: 0.001413583755493164 secs
Fusion actx took: 0.00141143798828125 secs
Fusion actx took: 0.0014166831970214844 secs
step = 17, sim time: 1.700000e-07 s, step walltime: 0.0339782 s
Fusion actx took: 0.0014336109161376953 secs
Fusion actx took: 0.0018405914306640625 secs
Fusion actx took: 0.0014109611511230469 secs
Fusion actx took: 0.0014202594757080078 secs
step = 18, sim time: 1.800000e-07 s, step walltime: 0.0339527 s
Fusion actx took: 0.001435995101928711 secs
2022-06-01 07:25:18,326 - INFO - meshmode.array_context - Transforming kernel with 1 statements.
2022-06-01 07:25:18,353 - INFO - meshmode.array_context - Array Contraction: Contracting 0 temps
2022-06-01 07:25:18,957 - INFO - pyopencl - build program: kernel '_pt_kernel' was part of a lengthy source build resulting from a binary cache miss (0.49 s)
Fusion actx took: 0.001508474349975586 secs
Fusion actx took: 0.0014238357543945312 secs
2022-06-01 07:25:18,984 - INFO - meshmode.array_context - Transforming kernel with 1 statements.
2022-06-01 07:25:19,011 - INFO - meshmode.array_context - Array Contraction: Contracting 0 temps
2022-06-01 07:25:19,605 - INFO - pyopencl - build program: kernel '_pt_kernel' was part of a lengthy source build resulting from a binary cache miss (0.48 s)
Fusion actx took: 0.0014870166778564453 secs
step = 19, sim time: 1.900000e-07 s, step walltime: 1.31709 s
Checkpointing final state ...
2022-06-01 07:25:19,749 - INFO - meshmode.array_context - Transforming kernel with 7 statements.
2022-06-01 07:25:19,961 - INFO - meshmode.array_context - Array Contraction: Contracting 6 temps
2022-06-01 07:25:20,993 - INFO - pyopencl - build program: kernel '_pt_kernel' was part of a lengthy source build resulting from a binary cache miss (0.52 s)
2022-06-01 07:25:21,087 - INFO - meshmode.array_context - Transforming kernel with 4 statements.
2022-06-01 07:25:21,194 - INFO - meshmode.array_context - Array Contraction: Contracting 3 temps
2022-06-01 07:25:22,052 - INFO - pyopencl - build program: kernel '_pt_kernel' was part of a lengthy source build resulting from a binary cache miss (0.49 s)
2022-06-01 07:25:22,137 - INFO - meshmode.array_context - Transforming kernel with 3 statements.
2022-06-01 07:25:22,224 - INFO - meshmode.array_context - Array Contraction: Contracting 2 temps
2022-06-01 07:25:23,033 - INFO - pyopencl - build program: kernel '_pt_kernel' was part of a lengthy source build resulting from a binary cache miss (0.49 s)
-------- dt = 0.000e+00, cfl = 0.0228
-------- P (min, max) (Pa) = (1.308488379e+03, 2.864123776e+05)
-------- T (min, max) (K)  = (275.025, 2214.64)

2022-06-01 07:25:23,073 - INFO - meshmode.array_context - Transforming kernel with 1 statements.
2022-06-01 07:25:23,086 - INFO - meshmode.array_context - Array Contraction: Contracting 0 temps
2022-06-01 07:25:23,713 - INFO - pyopencl - build program: kernel '_pt_kernel' was part of a lengthy source build resulting from a binary cache miss (0.48 s)
2022-06-01 07:25:23,806 - INFO - meshmode.array_context - Transforming kernel with 4 statements.
2022-06-01 07:25:23,877 - INFO - meshmode.array_context - Array Contraction: Contracting 0 temps
2022-06-01 07:25:25,007 - INFO - pyopencl - build program: kernel '_pt_kernel' was part of a lengthy source build resulting from a binary cache miss (0.65 s)
2022-06-01 07:25:25,008 - INFO - pyopencl - build program: kernel '_pt_kernel_0' was part of a lengthy source build resulting from a binary cache miss (0.65 s)
2022-06-01 07:25:25,094 - INFO - meshmode.array_context - Transforming kernel with 3 statements.
2022-06-01 07:25:25,153 - INFO - meshmode.array_context - Array Contraction: Contracting 0 temps
2022-06-01 07:25:26,276 - INFO - pyopencl - build program: kernel '_pt_kernel' was part of a lengthy source build resulting from a binary cache miss (0.65 s)
2022-06-01 07:25:26,277 - INFO - pyopencl - build program: kernel '_pt_kernel_0' was part of a lengthy source build resulting from a binary cache miss (0.65 s)
2022-06-01 07:25:26,370 - INFO - meshmode.array_context - Transforming kernel with 4 statements.
2022-06-01 07:25:26,440 - INFO - meshmode.array_context - Array Contraction: Contracting 0 temps
2022-06-01 07:25:27,568 - INFO - pyopencl - build program: kernel '_pt_kernel' was part of a lengthy source build resulting from a binary cache miss (0.66 s)
2022-06-01 07:25:27,569 - INFO - pyopencl - build program: kernel '_pt_kernel_0' was part of a lengthy source build resulting from a binary cache miss (0.66 s)
2022-06-01 07:25:27,679 - INFO - meshmode.array_context - Transforming kernel with 6 statements.
2022-06-01 07:25:27,813 - INFO - meshmode.array_context - Array Contraction: Contracting 0 temps
2022-06-01 07:25:29,225 - INFO - pyopencl - build program: kernel '_pt_kernel' was part of a lengthy source build resulting from a binary cache miss (0.68 s)
2022-06-01 07:25:29,227 - INFO - pyopencl - build program: kernel '_pt_kernel_0' was part of a lengthy source build resulting from a binary cache miss (0.68 s)
2022-06-01 07:25:29,272 - INFO - meshmode.array_context - Transforming kernel with 1 statements.
2022-06-01 07:25:29,289 - INFO - meshmode.array_context - Array Contraction: Contracting 0 temps
2022-06-01 07:25:30,011 - INFO - pyopencl - build program: kernel '_pt_kernel' was part of a lengthy source build resulting from a binary cache miss (0.49 s)
2022-06-01 07:25:30,090 - INFO - meshmode.array_context - Transforming kernel with 4 statements.
2022-06-01 07:25:30,177 - INFO - meshmode.array_context - Array Contraction: Contracting 1 temps
2022-06-01 07:25:31,451 - INFO - pyopencl - build program: kernel '_pt_kernel' was part of a lengthy source build resulting from a binary cache miss (0.65 s)
2022-06-01 07:25:31,452 - INFO - pyopencl - build program: kernel '_pt_kernel_0' was part of a lengthy source build resulting from a binary cache miss (0.65 s)
2022-06-01 07:25:31,534 - INFO - meshmode.array_context - Transforming kernel with 6 statements.
2022-06-01 07:25:31,693 - INFO - meshmode.array_context - Array Contraction: Contracting 0 temps
2022-06-01 07:25:32,340 - INFO - loopy.codegen - _pt_kernel: generate code: completed (0.31s wall 1.00x CPU)
2022-06-01 07:25:33,478 - INFO - pyopencl - build program: kernel '_pt_kernel' was part of a lengthy source build resulting from a binary cache miss (1.13 s)
2022-06-01 07:25:33,478 - INFO - pyopencl - build program: kernel '_pt_kernel_0' was part of a lengthy source build resulting from a binary cache miss (1.13 s)
2022-06-01 07:25:33,479 - INFO - pyopencl - build program: kernel '_pt_kernel_1' was part of a lengthy source build resulting from a binary cache miss (1.13 s)
2022-06-01 07:25:33,479 - INFO - pyopencl - build program: kernel '_pt_kernel_2' was part of a lengthy source build resulting from a binary cache miss (1.13 s)
2022-06-01 07:25:33,479 - INFO - pyopencl - build program: kernel '_pt_kernel_3' was part of a lengthy source build resulting from a binary cache miss (1.13 s)
2022-06-01 07:25:33,609 - INFO - meshmode.array_context - Transforming kernel with 7 statements.
2022-06-01 07:25:33,771 - INFO - meshmode.array_context - Array Contraction: Contracting 2 temps
2022-06-01 07:25:35,263 - INFO - pyopencl - build program: kernel '_pt_kernel' was part of a lengthy source build resulting from a binary cache miss (0.68 s)
2022-06-01 07:25:35,265 - INFO - pyopencl - build program: kernel '_pt_kernel_0' was part of a lengthy source build resulting from a binary cache miss (0.68 s)
2022-06-01 07:25:35,300 - INFO - meshmode.array_context - Transforming kernel with 1 statements.
2022-06-01 07:25:35,330 - INFO - meshmode.array_context - Array Contraction: Contracting 0 temps
2022-06-01 07:25:35,955 - INFO - pyopencl - build program: kernel '_pt_kernel' was part of a lengthy source build resulting from a binary cache miss (0.49 s)

------------------------------------------------------------
Sender: LSF System <lsfadmin@lassen710>
Subject: Job 3591980: <isolator_timing_job.sh> in cluster <lassen> Done

Job <isolator_timing_job.sh> was submitted from host <lassen709> by user <mtcampbe> in cluster <lassen> at Wed Jun  1 07:21:37 2022
Job was executed on host(s) <1*lassen710>, in queue <pbatch>, as user <mtcampbe> in cluster <lassen> at Wed Jun  1 07:21:37 2022
                            <40*lassen61>
</g/g17/mtcampbe> was used as the home directory.
</p/gpfs1/mtcampbe/CEESD/AutomatedTesting/MIRGE-Timing/timing/emirge/mirgecom/y2-isolator/timing_run> was used as the working directory.
Started at Wed Jun  1 07:21:37 2022
Terminated at Wed Jun  1 07:26:01 2022
Results reported at Wed Jun  1 07:26:01 2022

Your job looked like:

------------------------------------------------------------
# LSBATCH: User input
#!/bin/bash

#BSUB -nnodes 1
#BSUB -G uiuc
#BSUB -W 60
#BSUB -q pbatch

printf "Running with EMIRGE_HOME=/p/gpfs1/mtcampbe/CEESD/AutomatedTesting/MIRGE-Timing/timing/emirge\n"

source "/p/gpfs1/mtcampbe/CEESD/AutomatedTesting/MIRGE-Timing/timing/emirge/config/activate_env.sh"
export PYOPENCL_CTX="port:tesla"
export XDG_CACHE_HOME="/tmp/mtcampbe/xdg-scratch"
rm -rf $XDG_CACHE_HOME
rm -f timing-run-done
which python
conda env list
env
env | grep LSB_MCPU_HOSTS

jsrun -g 1 -a 1 -n 1 python -O -u -m mpi4py ./isolator.py -i timing_params.yaml --lazy --log
touch timing-run-done


------------------------------------------------------------

Successfully completed.

Resource usage summary:

    CPU time :                                   0.26 sec.
    Max Memory :                                 59 MB
    Average Memory :                             57.68 MB
    Total Requested Memory :                     -
    Delta Memory :                               -
    Max Swap :                                   1425 MB
    Max Processes :                              4
    Max Threads :                                27
    Run time :                                   264 sec.
    Turnaround time :                            264 sec.

The output (if any) is above this job summary.

