Customizing shell for Lassen.

Lmod is automatically replacing "xl/2022.08.19" with "gcc/8.3.1".


Due to MODULEPATH changes, the following have been reloaded:
  1) spectrum-mpi/rolling-release

Running with EMIRGE_HOME=/p/gpfs1/mtcampbe/CEESD/AutomatedTesting/MIRGE-Timing/timing/emirge
Activating 'isolator.lazy.timing.env' environment for '/p/gpfs1/mtcampbe/CEESD/AutomatedTesting/MIRGE-Timing/timing/emirge/miniforge3/bin/conda'.
/p/gpfs1/mtcampbe/CEESD/AutomatedTesting/MIRGE-Timing/timing/emirge/miniforge3/envs/isolator.lazy.timing.env/bin/python
# conda environments:
#
                         /p/gpfs1/mtcampbe/CEESD/AutomatedTesting/MIRGE-Timing/testing/emirge/miniforge3/envs/ceesd.testing.env
base                     /p/gpfs1/mtcampbe/CEESD/AutomatedTesting/MIRGE-Timing/timing/emirge/miniforge3
isolator.lazy.timing.env  *  /p/gpfs1/mtcampbe/CEESD/AutomatedTesting/MIRGE-Timing/timing/emirge/miniforge3/envs/isolator.lazy.timing.env
                         /p/gpfs1/mtcampbe/CEESD/Experimental/svm/debug/emirge/miniforge3/envs/x.svm.debug
                         /p/gpfs1/mtcampbe/CEESD/Experimental/svm/production/miniforge3/envs/x.production
                         /p/gpfs1/mtcampbe/CEESD/Experimental/svm/production2/miniforge3
                         /p/gpfs1/mtcampbe/CEESD/Experimental/svm/production2/miniforge3/envs/x.svm.production2
                         /p/gpfs1/mtcampbe/CEESD/Experimental/svm/production3/miniforge3/envs/x.production3
                         /p/gpfs1/mtcampbe/CEESD/Experimental/svm/production4/miniforge3/envs/x.prod4
                         /usr/workspace/wsa/xpacc/Users/mtcampbe/CEESD/Quartz/Install/conda
                         /usr/workspace/wsa/xpacc/Users/mtcampbe/CEESD/Quartz/Install/conda/envs/abate.mtc_euler.env
                         /usr/workspace/wsa/xpacc/Users/mtcampbe/CEESD/Quartz/Install/conda/envs/ceesd.master
                         /usr/workspace/wsa/xpacc/Users/mtcampbe/CEESD/Quartz/Install/conda/envs/chem.master
                         /usr/workspace/wsa/xpacc/Users/mtcampbe/CEESD/Quartz/Install/conda/envs/dgfem
                         /usr/workspace/wsa/xpacc/Users/mtcampbe/CEESD/Quartz/Install/conda/envs/mc.master

LMOD_FAMILY_COMPILER_VERSION=8.3.1
PROJ_LIB=/p/gpfs1/mtcampbe/CEESD/AutomatedTesting/MIRGE-Timing/timing/emirge/miniforge3/envs/isolator.lazy.timing.env/share/proj
LLNL_IPISOLATE=0
MANPATH=/usr/tce/packages/spectrum-mpi/ibm/spectrum-mpi-rolling-release/share/man:/usr/tce/packages/gcc/gcc-8.3.1/man:/opt/ibm/spectrumcomputing/lsf/10.1.0.10/man:/usr/man:/usr/share/man:/usr/local/man:/usr/X11R6/man:/usr/lib64/mvapich/default/man:/opt/ibm/spectrum_mpi/jsm_pmix/share/man
LSB_EXEC_CLUSTER=lassen
OMPI_COMM_WORLD_RANK=0
LMOD_FAMILY_CUDA=cuda
LMOD_ANCIENT_TIME=3600
_ModuleTable003_=LAp1c2VyTmFtZSA9ICJnY2MvOC4zLjEiLAp3ViA9ICIwMDAwMDAwMDguMDAwMDAwMDAzLjAwMDAwMDAwMS4qemZpbmFsIiwKfSwKbGFsbG9jID0gewpmbiA9ICIvdXNyL3RjZXRtcC9tb2R1bGVmaWxlcy9Db3JlL2xhbGxvYy8yLjAubHVhIiwKZnVsbE5hbWUgPSAibGFsbG9jLzIuMCIsCmxvYWRPcmRlciA9IDMsCnByb3BUID0ge30sCnN0YWNrRGVwdGggPSAwLApzdGF0dXMgPSAiYWN0aXZlIiwKdXNlck5hbWUgPSAibGFsbG9jLzIuMCIsCndWID0gIl4wMDAwMDAwMi4qemZpbmFsIiwKfSwKWyJzcGVjdHJ1bS1tcGkiXSA9IHsKZm4gPSAiL3Vzci90Y2UvbW9kdWxlZmlsZXMvQ29tcGlsZXIvZ2NjLzguMy4xL3NwZWN0cnVtLW1waS9yb2xsaW5nLXJlbGVhc2UubHVhIiwKZnVs
GUESTFISH_INIT=\e[1;34m
HOSTNAME=lassen791
LSB_EFFECTIVE_RSRCREQ=1*{select[(LN) && (type == any)] order[r15s:pg] span[hosts=1]}+40*{select[(CN) && (type == any)] order[r15s:pg] span[ptile=40]}
LSB_DOCKER_JOB_STARTTS=1666082184
BBHASH=41f7839859db303258549523034a37b2
JSM_TMPDIR=/var/tmp
MIRGE_TIMING_HOME=/p/gpfs1/mtcampbe/CEESD/AutomatedTesting/MIRGE-Timing/timing
LSF_LOGDIR=/opt/ibm/spectrumcomputing/lsf/log
LSF_LIM_API_NTRIES=1
LSB_BATCH_JID=4098730
__LMOD_REF_COUNT_MODULEPATH=/usr/tce/modulefiles/MPI/gcc/8.3.1/spectrum-mpi/rolling-release:1;/usr/tce/modulefiles/Compiler/gcc/8.3.1:1;/usr/tcetmp/modulefiles/Core:1;/usr/apps/modulefiles:1;/usr/share/modulefiles/Linux:1;/usr/share/modulefiles/Core:1;/usr/share/lmod/lmod/modulefiles/Core:1;/collab/usr/global/tools/modulefiles/blueos_3_ppc64le_ib_p9/Core:1
MAILTO=mtcampbe@illinois.edu,andreask@illinois.edu
SHELL=/bin/bash
LMOD_ROOT=/usr/share/lmod
HISTSIZE=1000
WISECONFIGDIR=/usr/share/wise2/
LMOD_SYSTEM_DEFAULT_MODULES=StdEnv
TMPDIR=/var/tmp
MODULEPATH_ROOT=/usr/share/modulefiles
SSH_CLIENT=192.168.66.202 54926 22
LSB_TRAPSIGS=trap # 15 10 12 2 1
LS_EXECCWD=/p/gpfs1/mtcampbe/CEESD/AutomatedTesting/MIRGE-Timing/timing/emirge/mirgecom/y2-isolator/timing_run
CONDA_SHLVL=1
LMOD_FAMILY_CUDA_VERSION=10.1.243
LS_JOBPID=85622
CONDA_PROMPT_MODIFIER=
LSB_MAX_NUM_PROCESSORS=41
LSB_JOBRES_CALLBACK=38327@lassen710
LMOD_PKG=/usr/share/lmod/lmod
LSB_JOB_EXECUSER=mtcampbe
LSB_JOBID=4098730
QTDIR=/usr/lib64/qt-3.3
LSF_SERVERDIR=/opt/ibm/spectrumcomputing/lsf/10.1.0.10/linux3.10-glibc2.17-ppc64le-csm/etc
LSB_JOBRES_PID=85622
LMOD_VERSION=8.6.16
LMOD_SHORT_TIME=60
QTINC=/usr/lib64/qt-3.3/include
LSB_JOBNAME=isolator_timing_job.sh
LLNL_COMPUTE_NODES=lassen791
LLNL_ATSDISABLE=0
BSUB_BLOCK_EXEC_HOST=
QT_GRAPHICSSYSTEM_CHECKED=1
LSF_LIBDIR=/opt/ibm/spectrumcomputing/lsf/10.1.0.10/linux3.10-glibc2.17-ppc64le-csm/lib
LSB_PROJECT_NAME=default
OPAL_PREFIX=/usr/tce/packages/spectrum-mpi/ibm/spectrum-mpi-rolling-release
CUDA_HOME=/usr/tce/packages/cuda/cuda-10.1.243
USER=mtcampbe
PYOPENCL_CTX=port:tesla
LMOD_sys=Linux
LD_LIBRARY_PATH=/opt/ibm/spectrumcomputing/lsf/10.1.0.10/linux3.10-glibc2.17-ppc64le-csm/lib:/usr/tce/packages/cuda/cuda-10.1.243/lib64
SBD_KRB5CCNAME_VAL=
LSB_EEXEC_REAL_UID=
CONDA_EXE=/p/gpfs1/mtcampbe/CEESD/AutomatedTesting/MIRGE-Timing/timing/emirge/miniforge3/bin/conda
CEESD=/usr/workspace/wsa/xpacc/Users/mtcampbe/CEESD/Lassen
PFTP_CONFIG_FILENAME=/etc/pftp_config
ENV=/g/g17/mtcampbe/.bashrc
HOST_GRP=linux
_ModuleTable004_=bE5hbWUgPSAic3BlY3RydW0tbXBpL3JvbGxpbmctcmVsZWFzZSIsCmxvYWRPcmRlciA9IDUsCnByb3BUID0ge30sCnN0YWNrRGVwdGggPSAwLApzdGF0dXMgPSAiYWN0aXZlIiwKdXNlck5hbWUgPSAic3BlY3RydW0tbXBpL3JvbGxpbmctcmVsZWFzZSIsCndWID0gIl5yb2xsaW5nLipyZWxlYXNlLip6ZmluYWwiLAp9LAp9LAptcGF0aEEgPSB7CiIvdXNyL3RjZS9tb2R1bGVmaWxlcy9NUEkvZ2NjLzguMy4xL3NwZWN0cnVtLW1waS9yb2xsaW5nLXJlbGVhc2UiCiwgIi91c3IvdGNlL21vZHVsZWZpbGVzL0NvbXBpbGVyL2djYy84LjMuMSIsICIvdXNyL3RjZXRtcC9tb2R1bGVmaWxlcy9Db3JlIgosICIvdXNyL2FwcHMvbW9kdWxlZmlsZXMiLCAiL3Vzci9zaGFyZS9tb2R1bGVm
HOSTTYPE=LINUXPPC64LE
LSF_INVOKE_CMD=bsub
CUDA_CACHE_DISABLE=1
LS_EXEC_T=START
LMOD_FAMILY_LALLOC=lalloc
LSB_SUB_RES_REQ=1*{select[LN]span[hosts=1]} + 40*{select[CN]span[ptile=40]}
LS_SUBCWD=/p/gpfs1/mtcampbe/CEESD/AutomatedTesting/MIRGE-Timing/timing/emirge/mirgecom/y2-isolator/timing_run
LSB_UNIXGROUP_INT=mtcampbe
LSB_HOSTS=lassen710 lassen791 lassen791 lassen791 lassen791 lassen791 lassen791 lassen791 lassen791 lassen791 lassen791 lassen791 lassen791 lassen791 lassen791 lassen791 lassen791 lassen791 lassen791 lassen791 lassen791 lassen791 lassen791 lassen791 lassen791 lassen791 lassen791 lassen791 lassen791 lassen791 lassen791 lassen791 lassen791 lassen791 lassen791 lassen791 lassen791 lassen791 lassen791 lassen791 lassen791
LMOD_PREPEND_BLOCK=normal
LMOD_FAMILY_MPI_VERSION=rolling-release
GUESTFISH_PS1=\[\e[1;32m\]><fs>\[\e[0;31m\] 
_CE_CONDA=
LSB_JOBFILENAME=/g/g17/mtcampbe/.lsbatch/1666082155.4098730
LSB_JOBINDEX=0
_ModuleTable001_=X01vZHVsZVRhYmxlXyA9IHsKTVR2ZXJzaW9uID0gMywKY19yZWJ1aWxkVGltZSA9IGZhbHNlLApjX3Nob3J0VGltZSA9IGZhbHNlLApkZXB0aFQgPSB7fSwKZmFtaWx5ID0gewpjb21waWxlciA9ICJnY2MiLApjdWRhID0gImN1ZGEiLApsYWxsb2MgPSAibGFsbG9jIiwKbXBpID0gInNwZWN0cnVtLW1waSIsCn0sCm1UID0gewpTdGRFbnYgPSB7CmZuID0gIi91c3IvdGNldG1wL21vZHVsZWZpbGVzL0NvcmUvU3RkRW52Lmx1YSIsCmZ1bGxOYW1lID0gIlN0ZEVudiIsCmxvYWRPcmRlciA9IDIsCnByb3BUID0gewpsbW9kID0gewpzdGlja3kgPSAxLAp9LAp9LApzdGFja0RlcHRoID0gMCwKc3RhdHVzID0gImFjdGl2ZSIsCnVzZXJOYW1lID0gIlN0ZEVudiIsCndWID0gIk0uKnpm
PATH=/usr/workspace/wsa/xpacc/Users/mtcampbe/CEESD/Lassen/conda-install/bin:/usr/workspace/wsa/xpacc/Users/mtcampbe/CEESD/Lassen/conda-install/bin:/usr/tce/packages/spectrum-mpi/spectrum-mpi-rolling-release-gcc-8.3.1/bin:/usr/tce/packages/gcc/gcc-8.3.1/bin:/usr/tce/packages/lalloc/lalloc-2.0/bin:/p/gpfs1/mtcampbe/CEESD/AutomatedTesting/MIRGE-Timing/timing/emirge/miniforge3/envs/isolator.lazy.timing.env/bin:/p/gpfs1/mtcampbe/CEESD/AutomatedTesting/MIRGE-Timing/timing/emirge/miniforge3/bin:/usr/tce/packages/cuda/cuda-10.1.243/bin:/usr/tcetmp/bin:/usr/condabin:/usr/workspace/wsa/xpacc/Users/mtcampbe/CEESD/Lassen/conda-install/bin:/usr/lib64/qt-3.3/bin:/usr/local/bin:/usr/bin:/usr/local/sbin:/usr/sbin:/opt/ibm/spectrum_mpi/jsm_pmix/bin:/opt/ibm/bb/bin:/opt/ibm/flightlog/bin:/opt/ibutils/bin:/opt/ibm/spectrumcomputing/lsf/10.1.0.10/linux3.10-glibc2.17-ppc64le-csm/etc:/opt/ibm/spectrumcomputing/lsf/10.1.0.10/linux3.10-glibc2.17-ppc64le-csm/bin:/opt/ibm/spectrumcomputing/lsf/10.1.0.9/linux3.10-glibc2.17-ppc64le-csm/etc:/opt/ibm/spectrumcomputing/lsf/10.1.0.9/linux3.10-glibc2.17-ppc64le-csm/bin
MAIL=/var/spool/mail/mtcampbe
PROJ_NETWORK=ON
LCSCHEDCLUSTER=lassen
LSB_EXIT_PRE_ABORT=99
LSB_JOBEXIT_STAT=0
LMOD_SETTARG_CMD=:
CONDA_PREFIX=/p/gpfs1/mtcampbe/CEESD/AutomatedTesting/MIRGE-Timing/timing/emirge/miniforge3/envs/isolator.lazy.timing.env
LMOD_FAMILY_LALLOC_VERSION=2.0
INPUTRC=/etc/inputrc
PWD=/p/gpfs1/mtcampbe/CEESD/AutomatedTesting/MIRGE-Timing/timing/emirge/mirgecom/y2-isolator/timing_run
_LMFILES_=/usr/tcetmp/modulefiles/Core/cuda/10.1.243.lua:/usr/tcetmp/modulefiles/Core/StdEnv.lua:/usr/tcetmp/modulefiles/Core/lalloc/2.0.lua:/usr/tcetmp/modulefiles/Core/gcc/8.3.1.lua:/usr/tce/modulefiles/Compiler/gcc/8.3.1/spectrum-mpi/rolling-release.lua
EDITOR=/bin/vi
LANG=en_US.UTF-8
LSB_CHKFILENAME=/g/g17/mtcampbe/.lsbatch/1666082155.4098730
MODULEPATH=/usr/tce/modulefiles/MPI/gcc/8.3.1/spectrum-mpi/rolling-release:/usr/tce/modulefiles/Compiler/gcc/8.3.1:/usr/tcetmp/modulefiles/Core:/usr/apps/modulefiles:/usr/share/modulefiles/Linux:/usr/share/modulefiles/Core:/usr/share/lmod/lmod/modulefiles/Core:/collab/usr/global/tools/modulefiles/blueos_3_ppc64le_ib_p9/Core
LSB_DJOB_HOSTFILE=/g/g17/mtcampbe/.lsbatch/1666082155.4098730.hostfile
LOADEDMODULES=cuda/10.1.243:StdEnv:lalloc/2.0:gcc/8.3.1:spectrum-mpi/rolling-release
KDEDIRS=/usr
_ModuleTable_Sz_=5
GUESTFISH_OUTPUT=\e[0m
LSB_JOB_STARTER=/usr/tcetmp/bin/bsub_job_starter %USRCMD
EMIRGE_HOME=/p/gpfs1/mtcampbe/CEESD/AutomatedTesting/MIRGE-Timing/timing/emirge
LSF_JOB_TIMESTAMP_VALUE=1666082184
LMOD_CMD=/usr/share/lmod/lmod/libexec/lmod
_ModuleTable005_=aWxlcy9MaW51eCIKLCAiL3Vzci9zaGFyZS9tb2R1bGVmaWxlcy9Db3JlIiwgIi91c3Ivc2hhcmUvbG1vZC9sbW9kL21vZHVsZWZpbGVzL0NvcmUiLCAiL2NvbGxhYi91c3IvZ2xvYmFsL3Rvb2xzL21vZHVsZWZpbGVzL2JsdWVvc18zX3BwYzY0bGVfaWJfcDkvQ29yZSIsCn0sCnN5c3RlbUJhc2VNUEFUSCA9ICIvdXNyL3RjZXRtcC9tb2R1bGVmaWxlcy9Db3JlOi91c3IvYXBwcy9tb2R1bGVmaWxlczovdXNyL3NoYXJlL21vZHVsZWZpbGVzL0xpbnV4Oi91c3Ivc2hhcmUvbW9kdWxlZmlsZXMvQ29yZTovdXNyL3NoYXJlL2xtb2QvbG1vZC9tb2R1bGVmaWxlcy9Db3JlIiwKfQo=
BBPATH=/mnt/bb_41f7839859db303258549523034a37b2
LSB_EXEC_HOSTTYPE=UNKNOWN_AUTO_DETECT
LSB_DJOB_NUMPROC=41
LSF_BINDIR=/opt/ibm/spectrumcomputing/lsf/10.1.0.10/linux3.10-glibc2.17-ppc64le-csm/bin
LLNL_NUM_COMPUTE_NODES=1
HISTCONTROL=ignoredups
_CE_M=
SSH_ASKPASS=/usr/libexec/openssh/gnome-ssh-askpass
ENVIRONMENT=BATCH
CXX=mpicxx
HOME=/g/g17/mtcampbe
SHLVL=6
__LMOD_REF_COUNT_PATH=/usr/tce/packages/spectrum-mpi/spectrum-mpi-rolling-release-gcc-8.3.1/bin:2;/usr/tce/packages/gcc/gcc-8.3.1/bin:2;/usr/tce/packages/lalloc/lalloc-2.0/bin:2;/p/gpfs1/mtcampbe/CEESD/AutomatedTesting/MIRGE-Timing/timing/emirge/miniforge3/envs/isolator.lazy.timing.env/bin:1;/p/gpfs1/mtcampbe/CEESD/AutomatedTesting/MIRGE-Timing/timing/emirge/miniforge3/bin:1;/usr/tce/packages/cuda/cuda-10.1.243/bin:2;/usr/tcetmp/bin:2;/usr/condabin:1;/usr/workspace/wsa/xpacc/Users/mtcampbe/CEESD/Lassen/conda-install/bin:1;/usr/lib64/qt-3.3/bin:1;/usr/local/bin:1;/usr/bin:1;/usr/local/sbin:1;/usr/sbin:1;/opt/ibm/spectrum_mpi/jsm_pmix/bin:1;/opt/ibm/bb/bin:1;/opt/ibm/flightlog/bin:1;/opt/ibutils/bin:1;/opt/ibm/spectrumcomputing/lsf/10.1.0.10/linux3.10-glibc2.17-ppc64le-csm/etc:1;/opt/ibm/spectrumcomputing/lsf/10.1.0.10/linux3.10-glibc2.17-ppc64le-csm/bin:1;/opt/ibm/spectrumcomputing/lsf/10.1.0.9/linux3.10-glibc2.17-ppc64le-csm/etc:1;/opt/ibm/spectrumcomputing/lsf/10.1.0.9/linux3.10-glibc2.17-ppc64le-csm/bin:1
JOB_TERMINATE_INTERVAL=10
LSB_ACCT_FILE=/tmp/4098730.tmpdir/.1666082155.4098730.acct
_ModuleTable002_=aW5hbCIsCn0sCmN1ZGEgPSB7CmZuID0gIi91c3IvdGNldG1wL21vZHVsZWZpbGVzL0NvcmUvY3VkYS8xMC4xLjI0My5sdWEiLApmdWxsTmFtZSA9ICJjdWRhLzEwLjEuMjQzIiwKbG9hZE9yZGVyID0gMSwKcHJvcFQgPSB7fSwKc3RhY2tEZXB0aCA9IDEsCnN0YXR1cyA9ICJhY3RpdmUiLAp1c2VyTmFtZSA9ICJjdWRhLzEwLjEuMjQzIiwKd1YgPSAiXjAwMDAwMDEwLjAwMDAwMDAwMS4wMDAwMDAyNDMuKnpmaW5hbCIsCn0sCmdjYyA9IHsKZm4gPSAiL3Vzci90Y2V0bXAvbW9kdWxlZmlsZXMvQ29yZS9nY2MvOC4zLjEubHVhIiwKZnVsbE5hbWUgPSAiZ2NjLzguMy4xIiwKbG9hZE9yZGVyID0gNCwKcHJvcFQgPSB7fSwKc3RhY2tEZXB0aCA9IDAsCnN0YXR1cyA9ICJhY3RpdmUi
CSM_ALLOCATION_ID=4216367
BINARY_TYPE_HPC=
LSB_SUB_HOST=lassen708
LLNL_CORE_ISOLATION=2
FC=mpif90
XDG_CACHE_HOME=/tmp/mtcampbe/xdg-scratch
LSB_SUB_USER=mtcampbe
__LSF_JOB_TMPDIR__=/tmp/4098730.tmpdir
LSFUSER=mtcampbe
LSB_QUEUE=pbatch
LSB_OUTPUTFILE=/p/gpfs1/mtcampbe/CEESD/AutomatedTesting/MIRGE-Timing/timing/emirge/mirgecom/y2-isolator/timing_run/
LSB_OUTDIR=/p/gpfs1/mtcampbe/CEESD/AutomatedTesting/MIRGE-Timing/timing/emirge/mirgecom/y2-isolator/timing_run
LSB_MCPU_HOSTS=lassen710 1 lassen791 40 
LMOD_arch=ppc64le
TMP=/var/tmp
MPI_ROOT=/usr/tce/packages/spectrum-mpi/ibm/spectrum-mpi-rolling-release
CONDA_PYTHON_EXE=/p/gpfs1/mtcampbe/CEESD/AutomatedTesting/MIRGE-Timing/timing/emirge/miniforge3/bin/python
LOGNAME=mtcampbe
QTLIB=/usr/lib64/qt-3.3/lib
CVS_RSH=ssh
XLSF_UIDDIR=/opt/ibm/spectrumcomputing/lsf/10.1.0.10/linux3.10-glibc2.17-ppc64le-csm/lib/uid
XDG_DATA_DIRS=/p/gpfs1/mtcampbe/CEESD/AutomatedTesting/MIRGE-Timing/.local/share/flatpak/exports/share:/var/lib/flatpak/exports/share:/usr/local/share:/usr/share
SSH_CONNECTION=192.168.66.202 54926 192.168.67.29 22
CEESD_CONDA_LASSEN=/usr/workspace/wsa/xpacc/Users/mtcampbe/CEESD/Lassen/conda-install
SYS_TYPE=blueos_3_ppc64le_ib_p9
MODULESHOME=/usr/share/lmod/lmod
LMOD_SETTARG_FULL_SUPPORT=no
LESSOPEN=||/usr/bin/lesspipe.sh %s
__LMOD_REF_COUNT_LD_LIBRARY_PATH=/usr/tce/packages/cuda/cuda-10.1.243/lib64:1;/opt/ibm/spectrumcomputing/lsf/10.1.0.10/linux3.10-glibc2.17-ppc64le-csm/lib:1
PKG_CONFIG_PATH=/usr/tce/packages/cuda/cuda-10.1.243/lib64/pkgconfig
LSF_CGROUP_TOPDIR_KEY=lassen
CONDA_DEFAULT_ENV=isolator.lazy.timing.env
OMP_NUM_THREADS=1
LSB_XFER_OP=
LMOD_FULL_SETTARG_SUPPORT=no
LMOD_FAMILY_COMPILER=gcc
LSB_EEXEC_REAL_GID=
__LMOD_REF_COUNT_PKG_CONFIG_PATH=/usr/tce/packages/cuda/cuda-10.1.243/lib64/pkgconfig:1
CC=mpicc
QT_PLUGIN_PATH=/usr/lib64/kde4/plugins:/usr/lib/kde4/plugins
LMOD_DIR=/usr/share/lmod/lmod/libexec
LEXEC_UNPICKLE_QUIET=1
__LMOD_REF_COUNT_MANPATH=/usr/tce/packages/spectrum-mpi/ibm/spectrum-mpi-rolling-release/share/man:1;/usr/tce/packages/gcc/gcc-8.3.1/man:1;/opt/ibm/spectrumcomputing/lsf/10.1.0.10/man:1;/usr/man:1;/usr/share/man:1;/usr/local/man:1;/usr/X11R6/man:1;/usr/lib64/mvapich/default/man:1;/opt/ibm/spectrum_mpi/jsm_pmix/share/man:1
LSF_ENVDIR=/opt/ibm/spectrumcomputing/lsf/conf
GUESTFISH_RESTORE=\e[0m
LSB_DJOB_RANKFILE=/g/g17/mtcampbe/.lsbatch/1666082155.4098730.hostfile
LMOD_FAMILY_MPI=spectrum-mpi
LMOD_COLORIZE=yes
HISTFILE=/g/g17/mtcampbe/.bash_history
BASH_FUNC_module()=() {  local __lmod_my_status;
 local __lmod_sh_dbg;
 if [ -z "${LMOD_SH_DBG_ON+x}" ]; then
 case "$-" in 
 *v*x*)
 __lmod_sh_dbg='vx'
 ;;
 *v*)
 __lmod_sh_dbg='v'
 ;;
 *x*)
 __lmod_sh_dbg='x'
 ;;
 esac;
 fi;
 if [ -n "${__lmod_sh_dbg:-}" ]; then
 set +$__lmod_sh_dbg;
 echo "Shell debugging temporarily silenced: export LMOD_SH_DBG_ON=1 for Lmod's output" 1>&2;
 fi;
 eval "$($LMOD_CMD bash "$@")" && eval $(${LMOD_SETTARG_CMD:-:} -s sh);
 __lmod_my_status=$?;
 if [ -n "${__lmod_sh_dbg:-}" ]; then
 echo "Shell debugging restarted" 1>&2;
 set -$__lmod_sh_dbg;
 fi;
 return $__lmod_my_status
}
BASH_FUNC_ml()=() {  eval "$($LMOD_DIR/ml_cmd "$@")"
}
_=/usr/bin/env
LSB_MCPU_HOSTS=lassen710 1 lassen791 40 
Default casename isolator
2022-10-18 01:36:36,394 - INFO - grudge.array_context - get_reasonable_array_context_class: MPIFusionContractorArrayContext lazy=True distributed=True device-parallel=True
Using user input from file: timing_params.yaml
Running ./isolator.py

2022-10-18 01:36:56,700 - INFO - mirgecom.simutil - Using SVM-based memory pool on <pyopencl.Device 'Tesla V100-SXM2-16GB' on 'Portable Computing Language' at 0x1024344e0>.
Shock capturing parameters: alpha 0.5, s0 -4.0, kappa 0.5

#### Simluation control data: ####
	nviz = 100
	nrestart = 100
	nhealth = 100
	nstatus = 100
	current_dt = 1e-08
	t_final = 2e-07
	order = 1
	dimen = 2
	Time integration rk4
#### Simluation control data: ####


#### Simluation material properties: ####
	mu = 4.216360056e-05
	kappa = 0.05621788139856423
	Prandtl Number  = 0.75
#### Simluation initialization data: ####
	inlet Mach number 0.038727226466056475
	inlet temperature 2075.8073416311686
	inlet pressure 274212.0081934861
	inlet rho 0.4623484671063763
	inlet velocity 35.28896626974282
	outlet Mach number 3.661995139955526
	outlet temperature 563.9344091915701
	outlet pressure 2865.7077436508835
	outlet rho 0.01778579568979098
	outlet velocity 1739.2462693097807
#### Simluation initialization data: ####

Reading mesh from data/isolator.msh
./isolator.py:1087: DeprecationWarning: generate_and_distribute_mesh is deprecated and will go away Q4 2022. Use distribute_mesh instead.
  local_mesh, global_nelements = generate_and_distribute_mesh(
2022-10-18 01:36:56,940 - INFO - meshmode.distributed - rank 0: received data
2022-10-18 01:36:56,940 - INFO - meshmode.distributed - rank 0: sent all data
Making discretization
./isolator.py:1094: DeprecationWarning: mpi_communicator argument is deprecated and will disappear in Q4 2022.
  dcoll = create_discretization_collection(
Done making discretization
/p/gpfs1/mtcampbe/CEESD/AutomatedTesting/MIRGE-Timing/timing/emirge/arraycontext/arraycontext/impl/pytato/__init__.py:406: UserWarning: Running on an Nvidia GPU, reducing the argument size limit from 4352 to 3896.
  warn("Running on an Nvidia GPU, reducing the argument "
2022-10-18 01:36:57,292 - INFO - arraycontext.impl.pytato - limiting argument buffer size for <pyopencl.Device 'Tesla V100-SXM2-16GB' on 'Portable Computing Language' at 0x1024344e0> to 3896 bytes
2022-10-18 01:36:57,307 - INFO - meshmode.array_context - Transforming kernel with 1 statements.
2022-10-18 01:36:57,355 - INFO - meshmode.array_context - Array Contraction: Contracting 0 temps
2022-10-18 01:36:57,358 - INFO - meshmode.array_context - [_alias_global_temporaries]: Reduced memory requirement from 0.0MB to 0.0MB.
2022-10-18 01:36:57,776 - INFO - loopy.tools - preprocess_program on 'frozen_nodes0_2d': completed (0.40s wall 0.30x CPU)
2022-10-18 01:36:58,617 - INFO - pyopencl - build program: kernel 'frozen_nodes0_2d' was part of a lengthy source build resulting from a binary cache miss (0.68 s)
2022-10-18 01:36:58,647 - INFO - meshmode.array_context - Transforming kernel with 1 statements.
2022-10-18 01:36:58,686 - INFO - meshmode.array_context - Array Contraction: Contracting 0 temps
2022-10-18 01:36:58,689 - INFO - meshmode.array_context - [_alias_global_temporaries]: Reduced memory requirement from 0.0MB to 0.0MB.
2022-10-18 01:36:59,256 - INFO - pyopencl - build program: kernel 'frozen_nodes1_2d' was part of a lengthy source build resulting from a binary cache miss (0.40 s)
Before restart/init
Initializing soln.
Initialization for Case(isolator)
===
Num 2d order-1 elements: 2504
Num global elements: 2504
Timestep:        1e-08
Initial time:    0
Final time:      2e-07
CFL:             1.0
Constant CFL:    False
Initialization:  isolator
EOS:             IdealSingleGas

2022-10-18 01:37:00,877 - INFO - meshmode.array_context - transform_dag.infer_axes_tags: completed (0.50s wall 1.00x CPU)
2022-10-18 01:37:01,080 - INFO - arraycontext.impl.pytato - limiting argument buffer size for <pyopencl.Device 'Tesla V100-SXM2-16GB' on 'Portable Computing Language' at 0x1024344e0> to 3896 bytes
2022-10-18 01:37:01,669 - INFO - meshmode.array_context - Transforming kernel with 14 statements.
2022-10-18 01:37:03,055 - INFO - loopy.tools - fuse_same_discretization_entity_loops on 'frozen_result': completed (1.26s wall 1.00x CPU)
2022-10-18 01:37:03,220 - INFO - meshmode.array_context - Loop Fusion: completed (1.55s wall 1.00x CPU)
2022-10-18 01:37:03,513 - INFO - meshmode.array_context - Array Contraction: Contracting 10 temps
2022-10-18 01:37:04,958 - INFO - loopy.tools - contract_arrays on 'frozen_result': completed (1.45s wall 1.00x CPU)
2022-10-18 01:37:05,143 - INFO - meshmode.array_context - Array Contraction: completed (1.75s wall 1.00x CPU)
2022-10-18 01:37:05,146 - INFO - meshmode.array_context - [_alias_global_temporaries]: Reduced memory requirement from 0.5MB to 0.4MB.
2022-10-18 01:37:06,807 - INFO - loopy.tools - preprocess_program on 'frozen_result': completed (1.07s wall 1.00x CPU)
2022-10-18 01:37:09,690 - INFO - loopy.check - frozen_result: check array access within bounds: completed (2.57s wall 1.00x CPU)
2022-10-18 01:37:11,621 - INFO - loopy.codegen - frozen_result: generate code: completed (1.67s wall 1.00x CPU)
2022-10-18 01:37:17,175 - INFO - pyopencl - build program: kernel 'frozen_result' was part of a lengthy source build resulting from a binary cache miss (5.09 s)
2022-10-18 01:37:17,239 - INFO - pytato.partition - find_partition: Split 22 nodes into 1 parts, with [22] nodes in each partition.
2022-10-18 01:37:17,319 - INFO - meshmode.array_context - Transforming kernel with 12 statements.
2022-10-18 01:37:17,597 - INFO - meshmode.array_context - Array Contraction: Contracting 1 temps
2022-10-18 01:37:17,640 - INFO - meshmode.array_context - [_alias_global_temporaries]: Reduced memory requirement from 0.1MB to 0.1MB.
2022-10-18 01:37:17,664 - INFO - arraycontext.impl.pytato.compile - transform_loopy_program for 'get_fluid_state': completed (0.34s wall 1.00x CPU)
2022-10-18 01:37:18,270 - INFO - loopy.schedule - get_fluid_state: schedule: completed (0.44s wall 1.00x CPU)
2022-10-18 01:37:18,805 - INFO - pyopencl - build program: kernel 'get_fluid_state' was part of a lengthy source build resulting from a binary cache miss (0.43 s)
2022-10-18 01:37:18,823 - INFO - meshmode.array_context - Transforming kernel with 0 statements.
2022-10-18 01:37:18,826 - INFO - meshmode.array_context - Array Contraction: Contracting 0 temps
2022-10-18 01:37:19,231 - INFO - pyopencl - build program: kernel 'frozen_result' was part of a lengthy source build resulting from a binary cache miss (0.39 s)
2022-10-18 01:37:19,247 - INFO - arraycontext.impl.pytato - limiting argument buffer size for <pyopencl.Device 'Tesla V100-SXM2-16GB' on 'Portable Computing Language' at 0x1024344e0> to 3896 bytes
2022-10-18 01:37:19,249 - INFO - meshmode.array_context - Transforming kernel with 0 statements.
2022-10-18 01:37:19,541 - INFO - meshmode.array_context - Transforming kernel with 10 statements.
2022-10-18 01:37:19,852 - INFO - meshmode.array_context - Array Contraction: Contracting 1 temps
2022-10-18 01:37:19,900 - INFO - meshmode.array_context - [_alias_global_temporaries]: Reduced memory requirement from 0.3MB to 0.2MB.
2022-10-18 01:37:21,334 - INFO - pyopencl - build program: kernel 'frozen_area_el_vol' was part of a lengthy source build resulting from a binary cache miss (0.69 s)
2022-10-18 01:37:21,351 - INFO - meshmode.discretization.connection.face - building face restriction: start
2022-10-18 01:37:21,364 - INFO - meshmode.discretization.connection.face - building face restriction: done
2022-10-18 01:37:21,366 - INFO - arraycontext.impl.pytato - limiting argument buffer size for <pyopencl.Device 'Tesla V100-SXM2-16GB' on 'Portable Computing Language' at 0x1024344e0> to 3896 bytes
2022-10-18 01:37:21,368 - INFO - meshmode.array_context - Transforming kernel with 0 statements.
2022-10-18 01:37:21,516 - INFO - meshmode.array_context - Transforming kernel with 7 statements.
2022-10-18 01:37:21,729 - INFO - meshmode.array_context - Array Contraction: Contracting 2 temps
2022-10-18 01:37:21,794 - INFO - meshmode.array_context - [_alias_global_temporaries]: Reduced memory requirement from 0.5MB to 0.3MB.
2022-10-18 01:37:23,023 - INFO - pyopencl - build program: kernel 'frozen_area_el_b_face_restr_all' was part of a lengthy source build resulting from a binary cache miss (0.67 s)
2022-10-18 01:37:23,108 - INFO - meshmode.array_context - Transforming kernel with 7 statements.
/p/gpfs1/mtcampbe/CEESD/AutomatedTesting/MIRGE-Timing/timing/emirge/pytato/pytato/target/loopy/__init__.py:142: UserWarning: [frozen_dt_geometric_vol]: Falling back to a slower transformation strategy as some loops are uninferred which mesh entity they belong to.
  return self.copy(program=f(self.program))
2022-10-18 01:37:24,504 - INFO - loopy.codegen - frozen_dt_geometric_vol: generate code: completed (0.74s wall 1.00x CPU)
2022-10-18 01:37:25,527 - INFO - pyopencl - build program: kernel 'frozen_dt_geometric_vol' was part of a lengthy source build resulting from a binary cache miss (1.01 s)
2022-10-18 01:37:25,552 - INFO - meshmode.array_context - Transforming kernel with 1 statements.
/p/gpfs1/mtcampbe/CEESD/AutomatedTesting/MIRGE-Timing/timing/emirge/pytato/pytato/target/loopy/__init__.py:142: UserWarning: [frozen_char_lscales]: Falling back to a slower transformation strategy as some loops are uninferred which mesh entity they belong to.
  return self.copy(program=f(self.program))
2022-10-18 01:37:26,121 - INFO - pyopencl - build program: kernel 'frozen_char_lscales' was part of a lengthy source build resulting from a binary cache miss (0.41 s)
2022-10-18 01:37:26,179 - INFO - meshmode.array_context - Transforming kernel with 4 statements.
2022-10-18 01:37:26,274 - INFO - meshmode.array_context - Array Contraction: Contracting 3 temps
2022-10-18 01:37:26,356 - INFO - meshmode.array_context - [_alias_global_temporaries]: Reduced memory requirement from 0.2MB to 0.2MB.
2022-10-18 01:37:26,961 - INFO - pyopencl - build program: kernel 'frozen_result' was part of a lengthy source build resulting from a binary cache miss (0.42 s)
2022-10-18 01:37:27,479 - INFO - pyopencl - build program: kernel 'reduce_kernel_stage1' was part of a lengthy source build resulting from a binary cache miss (0.50 s)
2022-10-18 01:37:27,990 - INFO - pyopencl - build program: kernel 'reduce_kernel_stage2' was part of a lengthy source build resulting from a binary cache miss (0.50 s)
2022-10-18 01:37:28,004 - INFO - meshmode.array_context - Transforming kernel with 1 statements.
2022-10-18 01:37:28,011 - INFO - meshmode.array_context - Array Contraction: Contracting 0 temps
/p/gpfs1/mtcampbe/CEESD/AutomatedTesting/MIRGE-Timing/timing/emirge/meshmode/meshmode/array_context.py:1734: UserWarning: [frozen_result]: FusionContractorArrayContext.transform_loopy_program not broad enough (yet). Falling back to a possibly slower transformation strategy.
  warn(f"[{knl.name}]: FusionContractorArrayContext."
2022-10-18 01:37:28,439 - INFO - pyopencl - build program: kernel 'frozen_result' was part of a lengthy source build resulting from a binary cache miss (0.39 s)
2022-10-18 01:37:28,938 - INFO - pyopencl - build program: kernel 'reduce_kernel_stage1' was part of a lengthy source build resulting from a binary cache miss (0.49 s)
2022-10-18 01:37:29,430 - INFO - pyopencl - build program: kernel 'reduce_kernel_stage2' was part of a lengthy source build resulting from a binary cache miss (0.48 s)
2022-10-18 01:37:29,437 - INFO - meshmode.array_context - Transforming kernel with 1 statements.
2022-10-18 01:37:29,443 - INFO - meshmode.array_context - Array Contraction: Contracting 0 temps
2022-10-18 01:37:29,856 - INFO - pyopencl - build program: kernel 'frozen_result' was part of a lengthy source build resulting from a binary cache miss (0.39 s)
2022-10-18 01:37:30,367 - INFO - pyopencl - build program: kernel 'reduce_kernel_stage1' was part of a lengthy source build resulting from a binary cache miss (0.50 s)
2022-10-18 01:37:30,873 - INFO - pyopencl - build program: kernel 'reduce_kernel_stage2' was part of a lengthy source build resulting from a binary cache miss (0.50 s)
2022-10-18 01:37:30,887 - INFO - meshmode.array_context - Transforming kernel with 1 statements.
2022-10-18 01:37:30,894 - INFO - meshmode.array_context - Array Contraction: Contracting 0 temps
2022-10-18 01:37:31,320 - INFO - pyopencl - build program: kernel 'frozen_result' was part of a lengthy source build resulting from a binary cache miss (0.39 s)
-------- dt = 1.000e-08, cfl = 0.0253
-------- P (min, max) (Pa) = (2.865706984e+03, 2.742120082e+05)
-------- T (min, max) (K)  = (    300, 2075.81)

2022-10-18 01:37:31,358 - INFO - meshmode.array_context - Transforming kernel with 1 statements.
2022-10-18 01:37:31,368 - INFO - meshmode.array_context - Array Contraction: Contracting 0 temps
2022-10-18 01:37:31,371 - INFO - meshmode.array_context - [_alias_global_temporaries]: Reduced memory requirement from 0.0MB to 0.0MB.
2022-10-18 01:37:31,856 - INFO - pyopencl - build program: kernel 'frozen_result' was part of a lengthy source build resulting from a binary cache miss (0.40 s)
2022-10-18 01:37:31,868 - INFO - meshmode.array_context - Transforming kernel with 1 statements.
2022-10-18 01:37:31,879 - INFO - meshmode.array_context - [_alias_global_temporaries]: Reduced memory requirement from 0.0MB to 0.0MB.
2022-10-18 01:37:32,025 - INFO - meshmode.array_context - Transforming kernel with 1 statements.
2022-10-18 01:37:32,034 - INFO - meshmode.array_context - Array Contraction: Contracting 0 temps
2022-10-18 01:37:32,037 - INFO - meshmode.array_context - [_alias_global_temporaries]: Reduced memory requirement from 0.0MB to 0.0MB.
2022-10-18 01:37:32,183 - INFO - meshmode.array_context - Transforming kernel with 1 statements.
2022-10-18 01:37:32,194 - INFO - meshmode.array_context - [_alias_global_temporaries]: Reduced memory requirement from 0.0MB to 0.0MB.
2022-10-18 01:37:32,288 - INFO - meshmode.array_context - Transforming kernel with 3 statements.
2022-10-18 01:37:32,333 - INFO - meshmode.array_context - Array Contraction: Contracting 0 temps
2022-10-18 01:37:32,338 - INFO - meshmode.array_context - [_alias_global_temporaries]: Reduced memory requirement from 0.1MB to 0.1MB.
2022-10-18 01:37:33,147 - INFO - pyopencl - build program: kernel 'frozen_result' was part of a lengthy source build resulting from a binary cache miss (0.54 s)
2022-10-18 01:37:33,164 - INFO - meshmode.array_context - Transforming kernel with 1 statements.
2022-10-18 01:37:33,174 - INFO - meshmode.array_context - Array Contraction: Contracting 0 temps
2022-10-18 01:37:33,177 - INFO - meshmode.array_context - [_alias_global_temporaries]: Reduced memory requirement from 0.0MB to 0.0MB.
2022-10-18 01:37:33,681 - INFO - pyopencl - build program: kernel 'frozen_result' was part of a lengthy source build resulting from a binary cache miss (0.40 s)
2022-10-18 01:37:33,708 - INFO - meshmode.array_context - Transforming kernel with 1 statements.
2022-10-18 01:37:33,719 - INFO - meshmode.array_context - Array Contraction: Contracting 0 temps
2022-10-18 01:37:33,722 - INFO - meshmode.array_context - [_alias_global_temporaries]: Reduced memory requirement from 0.0MB to 0.0MB.
2022-10-18 01:37:34,276 - INFO - pyopencl - build program: kernel 'frozen_result' was part of a lengthy source build resulting from a binary cache miss (0.41 s)
2022-10-18 01:37:34,310 - INFO - meshmode.array_context - Transforming kernel with 3 statements.
2022-10-18 01:37:34,354 - INFO - meshmode.array_context - Array Contraction: Contracting 0 temps
2022-10-18 01:37:34,360 - INFO - meshmode.array_context - [_alias_global_temporaries]: Reduced memory requirement from 0.1MB to 0.1MB.
2022-10-18 01:37:35,165 - INFO - pyopencl - build program: kernel 'frozen_result' was part of a lengthy source build resulting from a binary cache miss (0.54 s)
2022-10-18 01:37:35,231 - INFO - meshmode.array_context - Transforming kernel with 6 statements.
2022-10-18 01:37:35,398 - INFO - meshmode.array_context - Array Contraction: Contracting 0 temps
2022-10-18 01:37:35,410 - INFO - meshmode.array_context - [_alias_global_temporaries]: Reduced memory requirement from 0.2MB to 0.2MB.
2022-10-18 01:37:36,087 - INFO - loopy.codegen - frozen_result: generate code: completed (0.36s wall 1.00x CPU)
2022-10-18 01:37:37,176 - INFO - pyopencl - build program: kernel 'frozen_result' was part of a lengthy source build resulting from a binary cache miss (1.08 s)
2022-10-18 01:37:37,239 - INFO - meshmode.array_context - Transforming kernel with 4 statements.
2022-10-18 01:37:37,317 - INFO - meshmode.array_context - Array Contraction: Contracting 2 temps
2022-10-18 01:37:37,374 - INFO - meshmode.array_context - [_alias_global_temporaries]: Reduced memory requirement from 0.2MB to 0.2MB.
2022-10-18 01:37:38,237 - INFO - pyopencl - build program: kernel 'frozen_result' was part of a lengthy source build resulting from a binary cache miss (0.55 s)
2022-10-18 01:37:38,264 - INFO - meshmode.discretization.connection.face - building face restriction: start
2022-10-18 01:37:38,270 - INFO - meshmode.discretization.connection.face - building face restriction: done
2022-10-18 01:37:38,284 - INFO - meshmode.discretization.connection.face - building face restriction: start
2022-10-18 01:37:38,290 - INFO - meshmode.discretization.connection.face - building face restriction: done
2022-10-18 01:37:38,302 - INFO - meshmode.discretization.connection.face - building face restriction: start
2022-10-18 01:37:38,315 - INFO - meshmode.discretization.connection.face - building face restriction: done
2022-10-18 01:37:38,328 - INFO - meshmode.discretization.connection.face - building face restriction: start
2022-10-18 01:37:38,422 - INFO - meshmode.discretization.connection.face - building face restriction: done
2022-10-18 01:37:38,437 - INFO - arraycontext.impl.pytato - limiting argument buffer size for <pyopencl.Device 'Tesla V100-SXM2-16GB' on 'Portable Computing Language' at 0x1024344e0> to 3896 bytes
2022-10-18 01:37:38,438 - INFO - meshmode.array_context - Transforming kernel with 0 statements.
2022-10-18 01:37:38,531 - INFO - arraycontext.impl.pytato - limiting argument buffer size for <pyopencl.Device 'Tesla V100-SXM2-16GB' on 'Portable Computing Language' at 0x1024344e0> to 3896 bytes
2022-10-18 01:37:38,533 - INFO - meshmode.array_context - Transforming kernel with 0 statements.
2022-10-18 01:37:38,691 - INFO - meshmode.array_context - Transforming kernel with 7 statements.
2022-10-18 01:37:38,902 - INFO - meshmode.array_context - Array Contraction: Contracting 2 temps
2022-10-18 01:37:38,967 - INFO - meshmode.array_context - [_alias_global_temporaries]: Reduced memory requirement from 0.0MB to 0.0MB.
2022-10-18 01:37:40,155 - INFO - pyopencl - build program: kernel 'frozen_area_el_b_inflow' was part of a lengthy source build resulting from a binary cache miss (0.65 s)
2022-10-18 01:37:40,221 - INFO - meshmode.array_context - Transforming kernel with 3 statements.
2022-10-18 01:37:40,338 - INFO - meshmode.array_context - Array Contraction: Contracting 0 temps
2022-10-18 01:37:40,345 - INFO - meshmode.array_context - [_alias_global_temporaries]: Reduced memory requirement from 0.0MB to 0.0MB.
2022-10-18 01:37:41,426 - INFO - pyopencl - build program: kernel 'frozen_normal_2_b_inflow' was part of a lengthy source build resulting from a binary cache miss (0.64 s)
2022-10-18 01:37:41,488 - INFO - meshmode.array_context - Transforming kernel with 3 statements.
2022-10-18 01:37:41,605 - INFO - meshmode.array_context - Array Contraction: Contracting 0 temps
2022-10-18 01:37:41,612 - INFO - meshmode.array_context - [_alias_global_temporaries]: Reduced memory requirement from 0.0MB to 0.0MB.
2022-10-18 01:37:42,692 - INFO - pyopencl - build program: kernel 'frozen_normal_1_b_inflow' was part of a lengthy source build resulting from a binary cache miss (0.64 s)
2022-10-18 01:37:42,711 - INFO - meshmode.array_context - Transforming kernel with 0 statements.
2022-10-18 01:37:42,716 - INFO - meshmode.array_context - Array Contraction: Contracting 0 temps
2022-10-18 01:37:43,119 - INFO - pyopencl - build program: kernel 'frozen_f2allf_ind' was part of a lengthy source build resulting from a binary cache miss (0.38 s)
2022-10-18 01:37:43,130 - INFO - meshmode.array_context - Transforming kernel with 0 statements.
2022-10-18 01:37:43,267 - INFO - meshmode.array_context - Transforming kernel with 1 statements.
2022-10-18 01:37:43,282 - INFO - meshmode.array_context - Array Contraction: Contracting 0 temps
2022-10-18 01:37:43,284 - INFO - meshmode.array_context - [_alias_global_temporaries]: Reduced memory requirement from 0.0MB to 0.0MB.
2022-10-18 01:37:43,730 - INFO - pyopencl - build program: kernel 'frozen_f2allf_ind' was part of a lengthy source build resulting from a binary cache miss (0.39 s)
2022-10-18 01:37:43,750 - INFO - arraycontext.impl.pytato - limiting argument buffer size for <pyopencl.Device 'Tesla V100-SXM2-16GB' on 'Portable Computing Language' at 0x1024344e0> to 3896 bytes
2022-10-18 01:37:43,752 - INFO - meshmode.array_context - Transforming kernel with 0 statements.
2022-10-18 01:37:43,978 - INFO - meshmode.array_context - Transforming kernel with 7 statements.
2022-10-18 01:37:44,191 - INFO - meshmode.array_context - Array Contraction: Contracting 2 temps
2022-10-18 01:37:44,257 - INFO - meshmode.array_context - [_alias_global_temporaries]: Reduced memory requirement from 0.0MB to 0.0MB.
2022-10-18 01:37:45,448 - INFO - pyopencl - build program: kernel 'frozen_area_el_b_outflow' was part of a lengthy source build resulting from a binary cache miss (0.65 s)
2022-10-18 01:37:45,515 - INFO - meshmode.array_context - Transforming kernel with 3 statements.
2022-10-18 01:37:45,633 - INFO - meshmode.array_context - Array Contraction: Contracting 0 temps
2022-10-18 01:37:45,640 - INFO - meshmode.array_context - [_alias_global_temporaries]: Reduced memory requirement from 0.0MB to 0.0MB.
2022-10-18 01:37:46,720 - INFO - pyopencl - build program: kernel 'frozen_normal_2_b_outflow' was part of a lengthy source build resulting from a binary cache miss (0.64 s)
2022-10-18 01:37:46,784 - INFO - meshmode.array_context - Transforming kernel with 3 statements.
2022-10-18 01:37:46,901 - INFO - meshmode.array_context - Array Contraction: Contracting 0 temps
2022-10-18 01:37:46,908 - INFO - meshmode.array_context - [_alias_global_temporaries]: Reduced memory requirement from 0.0MB to 0.0MB.
2022-10-18 01:37:47,991 - INFO - pyopencl - build program: kernel 'frozen_normal_1_b_outflow' was part of a lengthy source build resulting from a binary cache miss (0.64 s)
2022-10-18 01:37:48,012 - INFO - meshmode.array_context - Transforming kernel with 1 statements.
2022-10-18 01:37:48,026 - INFO - meshmode.array_context - Array Contraction: Contracting 0 temps
2022-10-18 01:37:48,029 - INFO - meshmode.array_context - [_alias_global_temporaries]: Reduced memory requirement from 0.0MB to 0.0MB.
2022-10-18 01:37:48,474 - INFO - pyopencl - build program: kernel 'frozen_f2allf_ind' was part of a lengthy source build resulting from a binary cache miss (0.39 s)
2022-10-18 01:37:48,487 - INFO - meshmode.array_context - Transforming kernel with 1 statements.
2022-10-18 01:37:48,501 - INFO - meshmode.array_context - Array Contraction: Contracting 0 temps
2022-10-18 01:37:48,504 - INFO - meshmode.array_context - [_alias_global_temporaries]: Reduced memory requirement from 0.0MB to 0.0MB.
2022-10-18 01:37:48,948 - INFO - pyopencl - build program: kernel 'frozen_f2allf_ind' was part of a lengthy source build resulting from a binary cache miss (0.39 s)
2022-10-18 01:37:48,973 - INFO - arraycontext.impl.pytato - limiting argument buffer size for <pyopencl.Device 'Tesla V100-SXM2-16GB' on 'Portable Computing Language' at 0x1024344e0> to 3896 bytes
2022-10-18 01:37:48,974 - INFO - meshmode.array_context - Transforming kernel with 0 statements.
2022-10-18 01:37:49,126 - INFO - meshmode.array_context - Transforming kernel with 7 statements.
2022-10-18 01:37:49,337 - INFO - meshmode.array_context - Array Contraction: Contracting 2 temps
2022-10-18 01:37:49,402 - INFO - meshmode.array_context - [_alias_global_temporaries]: Reduced memory requirement from 0.0MB to 0.0MB.
2022-10-18 01:37:50,619 - INFO - pyopencl - build program: kernel 'frozen_area_el_b_wall' was part of a lengthy source build resulting from a binary cache miss (0.66 s)
2022-10-18 01:37:50,685 - INFO - meshmode.array_context - Transforming kernel with 3 statements.
2022-10-18 01:37:50,802 - INFO - meshmode.array_context - Array Contraction: Contracting 0 temps
2022-10-18 01:37:50,808 - INFO - meshmode.array_context - [_alias_global_temporaries]: Reduced memory requirement from 0.0MB to 0.0MB.
2022-10-18 01:37:51,916 - INFO - pyopencl - build program: kernel 'frozen_normal_2_b_wall' was part of a lengthy source build resulting from a binary cache miss (0.65 s)
2022-10-18 01:37:51,978 - INFO - meshmode.array_context - Transforming kernel with 3 statements.
2022-10-18 01:37:52,095 - INFO - meshmode.array_context - Array Contraction: Contracting 0 temps
2022-10-18 01:37:52,102 - INFO - meshmode.array_context - [_alias_global_temporaries]: Reduced memory requirement from 0.0MB to 0.0MB.
2022-10-18 01:37:53,208 - INFO - pyopencl - build program: kernel 'frozen_normal_1_b_wall' was part of a lengthy source build resulting from a binary cache miss (0.65 s)
2022-10-18 01:37:53,229 - INFO - meshmode.array_context - Transforming kernel with 1 statements.
2022-10-18 01:37:53,243 - INFO - meshmode.array_context - Array Contraction: Contracting 0 temps
2022-10-18 01:37:53,246 - INFO - meshmode.array_context - [_alias_global_temporaries]: Reduced memory requirement from 0.0MB to 0.0MB.
2022-10-18 01:37:53,691 - INFO - pyopencl - build program: kernel 'frozen_f2allf_ind' was part of a lengthy source build resulting from a binary cache miss (0.39 s)
2022-10-18 01:37:53,702 - INFO - meshmode.array_context - Transforming kernel with 1 statements.
2022-10-18 01:37:53,717 - INFO - meshmode.array_context - Array Contraction: Contracting 0 temps
2022-10-18 01:37:53,719 - INFO - meshmode.array_context - [_alias_global_temporaries]: Reduced memory requirement from 0.0MB to 0.0MB.
2022-10-18 01:37:54,172 - INFO - pyopencl - build program: kernel 'frozen_f2allf_ind' was part of a lengthy source build resulting from a binary cache miss (0.39 s)
2022-10-18 01:37:54,292 - INFO - meshmode.array_context - Transforming kernel with 7 statements.
2022-10-18 01:37:54,504 - INFO - meshmode.array_context - Array Contraction: Contracting 2 temps
2022-10-18 01:37:54,568 - INFO - meshmode.array_context - [_alias_global_temporaries]: Reduced memory requirement from 0.4MB to 0.3MB.
2022-10-18 01:37:55,782 - INFO - pyopencl - build program: kernel 'frozen_area_el_b_face_restr_interior' was part of a lengthy source build resulting from a binary cache miss (0.66 s)
2022-10-18 01:37:55,848 - INFO - meshmode.array_context - Transforming kernel with 3 statements.
2022-10-18 01:37:55,965 - INFO - meshmode.array_context - Array Contraction: Contracting 0 temps
2022-10-18 01:37:55,972 - INFO - meshmode.array_context - [_alias_global_temporaries]: Reduced memory requirement from 0.2MB to 0.2MB.
2022-10-18 01:37:57,079 - INFO - pyopencl - build program: kernel 'frozen_normal_2_b_face_restr_interior' was part of a lengthy source build resulting from a binary cache miss (0.65 s)
2022-10-18 01:37:57,142 - INFO - meshmode.array_context - Transforming kernel with 3 statements.
2022-10-18 01:37:57,259 - INFO - meshmode.array_context - Array Contraction: Contracting 0 temps
2022-10-18 01:37:57,266 - INFO - meshmode.array_context - [_alias_global_temporaries]: Reduced memory requirement from 0.2MB to 0.2MB.
2022-10-18 01:37:58,375 - INFO - pyopencl - build program: kernel 'frozen_normal_1_b_face_restr_interior' was part of a lengthy source build resulting from a binary cache miss (0.65 s)
2022-10-18 01:37:58,395 - INFO - meshmode.array_context - Transforming kernel with 1 statements.
2022-10-18 01:37:58,409 - INFO - meshmode.array_context - Array Contraction: Contracting 0 temps
2022-10-18 01:37:58,412 - INFO - meshmode.array_context - [_alias_global_temporaries]: Reduced memory requirement from 0.0MB to 0.0MB.
2022-10-18 01:37:58,862 - INFO - pyopencl - build program: kernel 'frozen_f2allf_ind' was part of a lengthy source build resulting from a binary cache miss (0.39 s)
2022-10-18 01:37:58,874 - INFO - meshmode.array_context - Transforming kernel with 1 statements.
2022-10-18 01:37:58,889 - INFO - meshmode.array_context - Array Contraction: Contracting 0 temps
2022-10-18 01:37:58,892 - INFO - meshmode.array_context - [_alias_global_temporaries]: Reduced memory requirement from 0.0MB to 0.0MB.
2022-10-18 01:37:59,343 - INFO - pyopencl - build program: kernel 'frozen_f2allf_ind' was part of a lengthy source build resulting from a binary cache miss (0.39 s)
2022-10-18 01:37:59,355 - INFO - meshmode.array_context - Transforming kernel with 1 statements.
2022-10-18 01:37:59,370 - INFO - meshmode.array_context - Array Contraction: Contracting 0 temps
2022-10-18 01:37:59,372 - INFO - meshmode.array_context - [_alias_global_temporaries]: Reduced memory requirement from 0.0MB to 0.0MB.
2022-10-18 01:37:59,826 - INFO - pyopencl - build program: kernel 'frozen_f2allf_ind' was part of a lengthy source build resulting from a binary cache miss (0.39 s)
2022-10-18 01:38:00,702 - INFO - meshmode.array_context - Transforming kernel with 45 statements.
2022-10-18 01:38:02,044 - INFO - loopy.tools - fuse_same_discretization_entity_loops on 'frozen_inv_metric_deriv_vol': completed (1.25s wall 1.00x CPU)
2022-10-18 01:38:02,105 - INFO - meshmode.array_context - Loop Fusion: completed (1.39s wall 1.00x CPU)
2022-10-18 01:38:02,289 - INFO - meshmode.array_context - Array Contraction: Contracting 0 temps
2022-10-18 01:38:02,340 - INFO - meshmode.array_context - [_alias_global_temporaries]: Reduced memory requirement from 1.7MB to 0.5MB.
2022-10-18 01:38:03,104 - INFO - loopy.tools - preprocess_program on 'frozen_inv_metric_deriv_vol': completed (0.59s wall 1.00x CPU)
2022-10-18 01:38:03,960 - INFO - loopy.check - frozen_inv_metric_deriv_vol: check array access within bounds: completed (0.69s wall 1.00x CPU)
2022-10-18 01:38:04,857 - INFO - loopy.codegen - frozen_inv_metric_deriv_vol: generate code: completed (0.57s wall 1.00x CPU)
2022-10-18 01:38:05,877 - INFO - pyopencl - build program: kernel 'frozen_inv_metric_deriv_vol' was part of a lengthy source build resulting from a binary cache miss (0.97 s)
/p/gpfs1/mtcampbe/CEESD/AutomatedTesting/MIRGE-Timing/timing/emirge/mirgecom/mirgecom/artificial_viscosity.py:234: UserWarning: The AV boundary_kwargs interface is deprecated, please pass gas_model and time directly.
  warn("The AV boundary_kwargs interface is deprecated, please pass gas_model"
2022-10-18 01:38:07,139 - INFO - grudge.array_context - deduplicate_data_wrappers[pre-partition]: completed (0.57s wall 1.00x CPU)
2022-10-18 01:38:08,878 - INFO - grudge.array_context - transform_dag.infer_axes_tags[pre-partition]: completed (1.59s wall 1.00x CPU)
2022-10-18 01:38:09,993 - INFO - pytato.partition - find_partition: Split 3496 nodes into 1 parts, with [3496] nodes in each partition.
2022-10-18 01:38:11,993 - INFO - meshmode.array_context - transform_dag.materialize_all_einsums_or_reduces: completed (0.43s wall 1.00x CPU)
2022-10-18 01:38:13,517 - INFO - meshmode.array_context - transform_dag.infer_axes_tags: completed (1.52s wall 1.00x CPU)
2022-10-18 01:38:13,846 - INFO - meshmode.array_context - Transforming kernel with 1 statements.
2022-10-18 01:38:13,861 - INFO - meshmode.array_context - Array Contraction: Contracting 0 temps
2022-10-18 01:38:13,864 - INFO - meshmode.array_context - [_alias_global_temporaries]: Reduced memory requirement from 0.0MB to 0.0MB.
2022-10-18 01:38:14,334 - INFO - pyopencl - build program: kernel 'frozen_result' was part of a lengthy source build resulting from a binary cache miss (0.40 s)
2022-10-18 01:38:14,350 - INFO - meshmode.array_context - Transforming kernel with 1 statements.
2022-10-18 01:38:14,376 - INFO - meshmode.array_context - Array Contraction: Contracting 0 temps
2022-10-18 01:38:14,986 - INFO - pyopencl - build program: kernel 'frozen_result' was part of a lengthy source build resulting from a binary cache miss (0.41 s)
2022-10-18 01:38:15,003 - INFO - meshmode.array_context - Transforming kernel with 1 statements.
2022-10-18 01:38:15,045 - INFO - meshmode.array_context - Array Contraction: Contracting 0 temps
2022-10-18 01:38:15,718 - INFO - pyopencl - build program: kernel 'frozen_result' was part of a lengthy source build resulting from a binary cache miss (0.42 s)
2022-10-18 01:38:15,733 - INFO - meshmode.array_context - Transforming kernel with 1 statements.
2022-10-18 01:38:15,760 - INFO - meshmode.array_context - Array Contraction: Contracting 0 temps
2022-10-18 01:38:16,365 - INFO - pyopencl - build program: kernel 'frozen_result' was part of a lengthy source build resulting from a binary cache miss (0.40 s)
2022-10-18 01:38:16,390 - INFO - meshmode.array_context - Transforming kernel with 1 statements.
2022-10-18 01:38:16,417 - INFO - meshmode.array_context - Array Contraction: Contracting 0 temps
2022-10-18 01:38:17,027 - INFO - pyopencl - build program: kernel 'frozen_result' was part of a lengthy source build resulting from a binary cache miss (0.41 s)
2022-10-18 01:38:17,425 - INFO - arraycontext.impl.pytato.compile - transform_dag for 'my_rhs': completed (7.19s wall 1.00x CPU)
2022-10-18 01:38:22,692 - INFO - arraycontext.impl.pytato.compile - generate_loopy for 'my_rhs': completed (5.27s wall 1.00x CPU)
2022-10-18 01:38:22,692 - INFO - meshmode.array_context - Transforming kernel with 373 statements.
2022-10-18 01:38:40,569 - INFO - loopy.tools - fuse_same_discretization_entity_loops on 'my_rhs': completed (17.17s wall 1.00x CPU)
2022-10-18 01:38:41,252 - INFO - meshmode.array_context - Loop Fusion: completed (18.54s wall 1.00x CPU)
2022-10-18 01:38:44,081 - INFO - meshmode.array_context - Array Contraction: Contracting 73 temps
2022-10-18 01:38:48,151 - INFO - loopy.tools - contract_arrays on 'my_rhs': completed (4.08s wall 1.00x CPU)
2022-10-18 01:38:48,583 - INFO - meshmode.array_context - Array Contraction: completed (5.00s wall 1.00x CPU)
2022-10-18 01:38:48,797 - INFO - meshmode.array_context - [_alias_global_temporaries]: Reduced memory requirement from 17.1MB to 7.9MB.
2022-10-18 01:38:50,594 - INFO - arraycontext.impl.pytato.compile - transform_loopy_program for 'my_rhs': completed (27.90s wall 1.00x CPU)
2022-10-18 01:38:54,074 - INFO - loopy.preprocess - my_rhs: preprocess: completed (0.31s wall 1.00x CPU)
2022-10-18 01:38:55,970 - INFO - loopy.tools - preprocess_program on 'my_rhs': completed (4.66s wall 1.00x CPU)
2022-10-18 01:39:05,142 - INFO - loopy.check - my_rhs: check array access within bounds: completed (8.30s wall 1.00x CPU)
2022-10-18 01:39:13,448 - INFO - loopy.schedule - my_rhs: schedule: completed (8.25s wall 1.00x CPU)
2022-10-18 01:39:19,868 - INFO - loopy.codegen - my_rhs: generate code: completed (5.19s wall 1.00x CPU)
2022-10-18 01:39:30,077 - INFO - pyopencl - build program: kernel 'my_rhs' was part of a lengthy source build resulting from a binary cache miss (9.50 s)
2022-10-18 01:39:30,277 - INFO - meshmode.array_context - Transforming kernel with 1 statements.
2022-10-18 01:39:30,302 - INFO - meshmode.array_context - Array Contraction: Contracting 0 temps
2022-10-18 01:39:30,305 - INFO - meshmode.array_context - [_alias_global_temporaries]: Reduced memory requirement from 0.0MB to 0.0MB.
2022-10-18 01:39:30,789 - INFO - pyopencl - build program: kernel 'frozen_result' was part of a lengthy source build resulting from a binary cache miss (0.37 s)
2022-10-18 01:39:30,806 - INFO - meshmode.array_context - Transforming kernel with 1 statements.
2022-10-18 01:39:30,822 - INFO - meshmode.array_context - [_alias_global_temporaries]: Reduced memory requirement from 0.0MB to 0.0MB.
2022-10-18 01:39:30,995 - INFO - meshmode.array_context - Transforming kernel with 1 statements.
2022-10-18 01:39:31,020 - INFO - meshmode.array_context - Array Contraction: Contracting 0 temps
2022-10-18 01:39:31,023 - INFO - meshmode.array_context - [_alias_global_temporaries]: Reduced memory requirement from 0.0MB to 0.0MB.
2022-10-18 01:39:31,510 - INFO - pyopencl - build program: kernel 'frozen_result' was part of a lengthy source build resulting from a binary cache miss (0.38 s)
2022-10-18 01:39:31,527 - INFO - meshmode.array_context - Transforming kernel with 1 statements.
2022-10-18 01:39:31,542 - INFO - meshmode.array_context - [_alias_global_temporaries]: Reduced memory requirement from 0.0MB to 0.0MB.
/p/gpfs1/mtcampbe/CEESD/AutomatedTesting/MIRGE-Timing/timing/emirge/mirgecom/mirgecom/steppers.py:425: UserWarning: Deduced force_eval=True for this timestepper. This can have a nontrivial performance impact. If you know that your timestepper does not require per-step forced evaluation, explicitly set force_eval=False.
  _advance_state_stepper_func(
2022-10-18 01:39:31,797 - INFO - meshmode.array_context - Transforming kernel with 4 statements.
2022-10-18 01:39:32,063 - INFO - meshmode.array_context - Array Contraction: Contracting 0 temps
2022-10-18 01:39:32,069 - INFO - meshmode.array_context - [_alias_global_temporaries]: Reduced memory requirement from 0.0MB to 0.0MB.
2022-10-18 01:39:32,714 - INFO - pyopencl - build program: kernel 'frozen_result' was part of a lengthy source build resulting from a binary cache miss (0.39 s)
step = 0, sim time: 0.000000e+00 s, step walltime: 133.491 s
2022-10-18 01:39:32,915 - INFO - meshmode.array_context - Transforming kernel with 4 statements.
2022-10-18 01:39:32,960 - INFO - meshmode.array_context - [_alias_global_temporaries]: Reduced memory requirement from 0.0MB to 0.0MB.
step = 1, sim time: 1.000000e-08 s, step walltime: 0.345697 s
step = 2, sim time: 2.000000e-08 s, step walltime: 0.0432625 s
step = 3, sim time: 3.000000e-08 s, step walltime: 0.0432012 s
step = 4, sim time: 4.000000e-08 s, step walltime: 0.0431855 s
step = 5, sim time: 5.000000e-08 s, step walltime: 0.0427387 s
step = 6, sim time: 6.000000e-08 s, step walltime: 0.0430598 s
step = 7, sim time: 7.000000e-08 s, step walltime: 0.0425799 s
step = 8, sim time: 8.000000e-08 s, step walltime: 0.0431983 s
step = 9, sim time: 9.000000e-08 s, step walltime: 0.0427067 s
step = 10, sim time: 1.000000e-07 s, step walltime: 0.0425987 s
step = 11, sim time: 1.100000e-07 s, step walltime: 0.0430081 s
step = 12, sim time: 1.200000e-07 s, step walltime: 0.0425687 s
step = 13, sim time: 1.300000e-07 s, step walltime: 0.0431879 s
step = 14, sim time: 1.400000e-07 s, step walltime: 0.0425193 s
step = 15, sim time: 1.500000e-07 s, step walltime: 0.0431318 s
step = 16, sim time: 1.600000e-07 s, step walltime: 0.0424902 s
step = 17, sim time: 1.700000e-07 s, step walltime: 0.0425482 s
step = 18, sim time: 1.800000e-07 s, step walltime: 0.0429187 s
2022-10-18 01:39:33,980 - INFO - meshmode.array_context - Transforming kernel with 1 statements.
2022-10-18 01:39:34,005 - INFO - meshmode.array_context - Array Contraction: Contracting 0 temps
2022-10-18 01:39:34,008 - INFO - meshmode.array_context - [_alias_global_temporaries]: Reduced memory requirement from 0.0MB to 0.0MB.
2022-10-18 01:39:34,497 - INFO - pyopencl - build program: kernel 'frozen_result' was part of a lengthy source build resulting from a binary cache miss (0.38 s)
2022-10-18 01:39:34,526 - INFO - meshmode.array_context - Transforming kernel with 1 statements.
2022-10-18 01:39:34,551 - INFO - meshmode.array_context - Array Contraction: Contracting 0 temps
2022-10-18 01:39:34,553 - INFO - meshmode.array_context - [_alias_global_temporaries]: Reduced memory requirement from 0.0MB to 0.0MB.
2022-10-18 01:39:35,040 - INFO - pyopencl - build program: kernel 'frozen_result' was part of a lengthy source build resulting from a binary cache miss (0.38 s)
2022-10-18 01:39:35,130 - INFO - meshmode.array_context - Transforming kernel with 4 statements.
2022-10-18 01:39:35,201 - INFO - meshmode.array_context - Array Contraction: Contracting 0 temps
2022-10-18 01:39:35,207 - INFO - meshmode.array_context - [_alias_global_temporaries]: Reduced memory requirement from 0.0MB to 0.0MB.
2022-10-18 01:39:35,848 - INFO - pyopencl - build program: kernel 'frozen_result' was part of a lengthy source build resulting from a binary cache miss (0.39 s)
step = 19, sim time: 1.900000e-07 s, step walltime: 1.90627 s
2022-10-18 01:39:35,890 - INFO - pytato.partition - find_partition: Split 22 nodes into 1 parts, with [22] nodes in each partition.
2022-10-18 01:39:35,965 - INFO - meshmode.array_context - Transforming kernel with 12 statements.
2022-10-18 01:39:36,223 - INFO - meshmode.array_context - Array Contraction: Contracting 1 temps
2022-10-18 01:39:36,264 - INFO - meshmode.array_context - [_alias_global_temporaries]: Reduced memory requirement from 0.1MB to 0.1MB.
2022-10-18 01:39:36,285 - INFO - arraycontext.impl.pytato.compile - transform_loopy_program for 'get_fluid_state': completed (0.32s wall 1.00x CPU)
2022-10-18 01:39:36,870 - INFO - loopy.schedule - get_fluid_state: schedule: completed (0.42s wall 1.00x CPU)
2022-10-18 01:39:37,371 - INFO - pyopencl - build program: kernel 'get_fluid_state' was part of a lengthy source build resulting from a binary cache miss (0.40 s)
Checkpointing final state ...
2022-10-18 01:39:37,437 - INFO - meshmode.array_context - Transforming kernel with 4 statements.
2022-10-18 01:39:37,470 - INFO - meshmode.array_context - [_alias_global_temporaries]: Reduced memory requirement from 0.2MB to 0.2MB.
-------- dt = 0.000e+00, cfl = 0.0227
-------- P (min, max) (Pa) = (1.265622438e+03, 2.750501463e+05)
-------- T (min, max) (K)  = (265.947, 2214.65)

2022-10-18 01:39:37,701 - INFO - meshmode.array_context - Transforming kernel with 3 statements.
2022-10-18 01:39:37,731 - INFO - meshmode.array_context - [_alias_global_temporaries]: Reduced memory requirement from 0.1MB to 0.1MB.
2022-10-18 01:39:38,054 - INFO - meshmode.array_context - Transforming kernel with 1 statements.
2022-10-18 01:39:38,065 - INFO - meshmode.array_context - [_alias_global_temporaries]: Reduced memory requirement from 0.0MB to 0.0MB.
2022-10-18 01:39:38,245 - INFO - meshmode.array_context - Transforming kernel with 3 statements.
2022-10-18 01:39:38,275 - INFO - meshmode.array_context - [_alias_global_temporaries]: Reduced memory requirement from 0.1MB to 0.1MB.
2022-10-18 01:39:38,641 - INFO - meshmode.array_context - Transforming kernel with 6 statements.
2022-10-18 01:39:38,715 - INFO - meshmode.array_context - [_alias_global_temporaries]: Reduced memory requirement from 0.2MB to 0.2MB.
2022-10-18 01:39:39,667 - INFO - meshmode.array_context - Transforming kernel with 4 statements.
2022-10-18 01:39:39,704 - INFO - meshmode.array_context - [_alias_global_temporaries]: Reduced memory requirement from 0.2MB to 0.2MB.

------------------------------------------------------------
Sender: LSF System <lsfadmin@lassen710>
Subject: Job 4098730: <isolator_timing_job.sh> in cluster <lassen> Done

Job <isolator_timing_job.sh> was submitted from host <lassen708> by user <mtcampbe> in cluster <lassen> at Tue Oct 18 01:35:55 2022
Job was executed on host(s) <1*lassen710>, in queue <pbatch>, as user <mtcampbe> in cluster <lassen> at Tue Oct 18 01:36:24 2022
                            <40*lassen791>
</g/g17/mtcampbe> was used as the home directory.
</p/gpfs1/mtcampbe/CEESD/AutomatedTesting/MIRGE-Timing/timing/emirge/mirgecom/y2-isolator/timing_run> was used as the working directory.
Started at Tue Oct 18 01:36:24 2022
Terminated at Tue Oct 18 01:39:56 2022
Results reported at Tue Oct 18 01:39:56 2022

Your job looked like:

------------------------------------------------------------
# LSBATCH: User input
#!/bin/bash

#BSUB -nnodes 1
#BSUB -G uiuc
#BSUB -W 60
#BSUB -q pbatch

printf "Running with EMIRGE_HOME=/p/gpfs1/mtcampbe/CEESD/AutomatedTesting/MIRGE-Timing/timing/emirge\n"

source "/p/gpfs1/mtcampbe/CEESD/AutomatedTesting/MIRGE-Timing/timing/emirge/config/activate_env.sh"
export PYOPENCL_CTX="port:tesla"
export XDG_CACHE_HOME="/tmp/mtcampbe/xdg-scratch"
rm -rf $XDG_CACHE_HOME
rm -f timing-run-done
which python
conda env list
env
env | grep LSB_MCPU_HOSTS

jsrun -g 1 -a 1 -n 1 python -O -u -m mpi4py ./isolator.py -i timing_params.yaml --lazy --log
touch timing-run-done


------------------------------------------------------------

Successfully completed.

Resource usage summary:

    CPU time :                                   0.23 sec.
    Max Memory :                                 59 MB
    Average Memory :                             57.04 MB
    Total Requested Memory :                     -
    Delta Memory :                               -
    Max Swap :                                   1634 MB
    Max Processes :                              4
    Max Threads :                                27
    Run time :                                   211 sec.
    Turnaround time :                            241 sec.

The output (if any) is above this job summary.

