Customizing shell for Lassen.

The following have been reloaded with a version change:
  1) base-gcc/8.3.1 => base-gcc/11.2.1


Due to MODULEPATH changes, the following have been reloaded:
  1) spectrum-mpi/rolling-release

The following have been reloaded with a version change:
  1) gcc/8.3.1 => gcc/10.2.1

Running with EMIRGE_HOME=/p/gpfs1/mtcampbe/CEESD/AutomatedTesting/MIRGE-Timing/timing/emirge
Activating 'nozzle.lazy.timing.env' environment for '/p/gpfs1/mtcampbe/CEESD/AutomatedTesting/MIRGE-Timing/timing/emirge/miniforge3/bin/conda'.
/p/gpfs1/mtcampbe/CEESD/AutomatedTesting/MIRGE-Timing/timing/emirge/miniforge3/envs/nozzle.lazy.timing.env/bin/python
# conda environments:
#
test.parsl               /g/g17/mtcampbe/.conda/envs/test.parsl
base                     /p/gpfs1/mtcampbe/CEESD/AutomatedTesting/MIRGE-Timing/timing/emirge/miniforge3
nozzle.lazy.timing.env  *  /p/gpfs1/mtcampbe/CEESD/AutomatedTesting/MIRGE-Timing/timing/emirge/miniforge3/envs/nozzle.lazy.timing.env
                         /usr/WS1/xpacc/Users/mtcampbe/CEESD/Lassen/test_emirge/emirge/miniforge3/envs/test.emirge.fk
                         /usr/workspace/wsa/xpacc/Users/mtcampbe/CEESD/Quartz/Install/conda
                         /usr/workspace/wsa/xpacc/Users/mtcampbe/CEESD/Quartz/Install/conda/envs/abate.mtc_euler.env
                         /usr/workspace/wsa/xpacc/Users/mtcampbe/CEESD/Quartz/Install/conda/envs/ceesd.master
                         /usr/workspace/wsa/xpacc/Users/mtcampbe/CEESD/Quartz/Install/conda/envs/chem.master
                         /usr/workspace/wsa/xpacc/Users/mtcampbe/CEESD/Quartz/Install/conda/envs/dgfem
                         /usr/workspace/wsa/xpacc/Users/mtcampbe/CEESD/Quartz/Install/conda/envs/mc.master

LMOD_FAMILY_COMPILER_VERSION=10.2.1
LLNL_IPISOLATE=0
MANPATH=/usr/tce/packages/spectrum-mpi/ibm/spectrum-mpi-rolling-release/share/man:/usr/tce/packages/gcc/gcc-10.2.1/man:/opt/ibm/spectrumcomputing/lsf/10.1.0.10/man:/usr/man:/usr/share/man:/usr/local/man:/usr/X11R6/man:/usr/lib64/mvapich/default/man:/opt/ibm/spectrum_mpi/jsm_pmix/share/man
LSB_EXEC_CLUSTER=lassen
OMPI_COMM_WORLD_RANK=0
LMOD_FAMILY_CUDA=cuda
LMOD_ANCIENT_TIME=3600
GUESTFISH_INIT=\e[1;34m
_ModuleTable003_=VCA9IHt9LApzdGFja0RlcHRoID0gMSwKc3RhdHVzID0gImFjdGl2ZSIsCnVzZXJOYW1lID0gImN1ZGEvMTEuMi4wIiwKd1YgPSAiXjAwMDAwMDExLjAwMDAwMDAwMi4qemZpbmFsIiwKfSwKZ2NjID0gewpmbiA9ICIvdXNyL3RjZXRtcC9tb2R1bGVmaWxlcy9Db3JlL2djYy8xMC4yLjEubHVhIiwKZnVsbE5hbWUgPSAiZ2NjLzEwLjIuMSIsCmxvYWRPcmRlciA9IDUsCnByb3BUID0ge30sCnN0YWNrRGVwdGggPSAwLApzdGF0dXMgPSAiYWN0aXZlIiwKdXNlck5hbWUgPSAiZ2NjLzEwLjIuMSIsCndWID0gIjAwMDAwMDAxMC4wMDAwMDAwMDIuMDAwMDAwMDAxLip6ZmluYWwiLAp9LApsYWxsb2MgPSB7CmZuID0gIi91c3IvdGNldG1wL21vZHVsZWZpbGVzL0NvcmUvbGFsbG9jLzIu
HOSTNAME=lassen250
PROJ_DATA=/p/gpfs1/mtcampbe/CEESD/AutomatedTesting/MIRGE-Timing/timing/emirge/miniforge3/envs/nozzle.lazy.timing.env/share/proj
LSB_EFFECTIVE_RSRCREQ=1*{select[(LN) && (type == any)] order[r15s:pg] span[hosts=1]}+40*{select[(CN) && (type == any)] order[r15s:pg] span[ptile=40]}
LSB_DOCKER_JOB_STARTTS=1726122492
BBHASH=b5e218c35567783d8e0541c93982d215
JSM_TMPDIR=/var/tmp
MIRGE_TIMING_HOME=/p/gpfs1/mtcampbe/CEESD/AutomatedTesting/MIRGE-Timing/timing
LSF_LOGDIR=/opt/ibm/spectrumcomputing/lsf/log
LSF_LIM_API_NTRIES=1
LSB_BATCH_JID=6178884
__LMOD_REF_COUNT_MODULEPATH=/usr/tce/modulefiles/MPI/gcc/10.2.1/spectrum-mpi/rolling-release:1;/usr/tce/modulefiles/Compiler/gcc/10.2.1:1;/usr/tcetmp/modulefiles/Core:1;/usr/apps/modulefiles:1;/usr/share/modulefiles/Linux:1;/usr/share/modulefiles/Core:1;/usr/share/lmod/lmod/modulefiles/Core:1;/collab/usr/global/tools/modulefiles/blueos_3_ppc64le_ib_p9/Core:1
MAILTO=mtcampbe@illinois.edu,andreask@illinois.edu,matthias.diener@gmail.com
SHELL=/bin/bash
LMOD_ROOT=/usr/share/lmod
LMOD_FAMILY_BASEGCC_VERSION=11.2.1
HISTSIZE=1000
WISECONFIGDIR=/usr/share/wise2/
LMOD_SYSTEM_DEFAULT_MODULES=StdEnv
TMPDIR=/var/tmp
MODULEPATH_ROOT=/usr/share/modulefiles
SSH_CLIENT=192.168.66.202 60254 22
LS_EXECCWD=/p/gpfs1/mtcampbe/CEESD/AutomatedTesting/MIRGE-Timing/timing/emirge/mirgecom/y2-isolator/timing_run
LSB_TRAPSIGS=trap # 15 10 12 2 1
CONDA_SHLVL=1
LMOD_FAMILY_CUDA_VERSION=11.2.0
LS_JOBPID=87962
CONDA_PROMPT_MODIFIER=
GSETTINGS_SCHEMA_DIR_CONDA_BACKUP=
LSB_MAX_NUM_PROCESSORS=41
LSB_JOBRES_CALLBACK=53749@lassen710
LMOD_PKG=/usr/share/lmod/lmod
LSB_JOB_EXECUSER=mtcampbe
LSB_JOBID=6178884
QTDIR=/usr/lib64/qt-3.3
LSF_SERVERDIR=/opt/ibm/spectrumcomputing/lsf/10.1.0.10/linux3.10-glibc2.17-ppc64le-csm/etc
LSB_JOBRES_PID=87962
LMOD_VERSION=8.6.16
LMOD_SHORT_TIME=60
QTINC=/usr/lib64/qt-3.3/include
LSB_JOBNAME=isolator_timing_job.sh
LLNL_COMPUTE_NODES=lassen250
LLNL_ATSDISABLE=0
_ModuleTable007_=ZXMvTGludXg6L3Vzci9zaGFyZS9tb2R1bGVmaWxlcy9Db3JlOi91c3Ivc2hhcmUvbG1vZC9sbW9kL21vZHVsZWZpbGVzL0NvcmUiLAp9Cg==
BSUB_BLOCK_EXEC_HOST=
QT_GRAPHICSSYSTEM_CHECKED=1
LSF_LIBDIR=/opt/ibm/spectrumcomputing/lsf/10.1.0.10/linux3.10-glibc2.17-ppc64le-csm/lib
OPAL_PREFIX=/usr/tce/packages/spectrum-mpi/ibm/spectrum-mpi-rolling-release
LSB_PROJECT_NAME=default
CUDA_HOME=/usr/tce/packages/cuda/cuda-11.2.0
USER=mtcampbe
PYOPENCL_CTX=port:tesla
LMOD_sys=Linux
LMOD_FAMILY_BASEGCC=base-gcc
LD_LIBRARY_PATH=/opt/ibm/spectrumcomputing/lsf/10.1.0.10/linux3.10-glibc2.17-ppc64le-csm/lib:/usr/tce/packages/cuda/cuda-11.2.0/lib64
SBD_KRB5CCNAME_VAL=
NVHPC_CUDA_HOME=/usr/tce/packages/cuda/cuda-11.2.0
LSB_EEXEC_REAL_UID=
REQUESTS_CA_BUNDLE=/etc/pki/tls/cert.pem
CONDA_EXE=/p/gpfs1/mtcampbe/CEESD/AutomatedTesting/MIRGE-Timing/timing/emirge/miniforge3/bin/conda
CEESD=/usr/workspace/wsa/xpacc/Users/mtcampbe/CEESD/Lassen
PFTP_CONFIG_FILENAME=/etc/pftp_config
ENV=/g/g17/mtcampbe/.bashrc
HOST_GRP=linux
_ModuleTable004_=MC5sdWEiLApmdWxsTmFtZSA9ICJsYWxsb2MvMi4wIiwKbG9hZE9yZGVyID0gMywKcHJvcFQgPSB7fSwKc3RhY2tEZXB0aCA9IDAsCnN0YXR1cyA9ICJhY3RpdmUiLAp1c2VyTmFtZSA9ICJsYWxsb2MvMi4wIiwKd1YgPSAiXjAwMDAwMDAyLip6ZmluYWwiLAp9LApbInNwZWN0cnVtLW1waSJdID0gewpmbiA9ICIvdXNyL3RjZS9tb2R1bGVmaWxlcy9Db21waWxlci9nY2MvMTAuMi4xL3NwZWN0cnVtLW1waS9yb2xsaW5nLXJlbGVhc2UubHVhIiwKZnVsbE5hbWUgPSAic3BlY3RydW0tbXBpL3JvbGxpbmctcmVsZWFzZSIsCmxvYWRPcmRlciA9IDYsCnByb3BUID0ge30sCnN0YWNrRGVwdGggPSAwLApzdGF0dXMgPSAiYWN0aXZlIiwKdXNlck5hbWUgPSAic3BlY3RydW0tbXBpL3Jv
HOSTTYPE=LINUXPPC64LE
LSF_INVOKE_CMD=bsub
CUDA_CACHE_DISABLE=1
LS_EXEC_T=START
LMOD_FAMILY_LALLOC=lalloc
LS_SUBCWD=/p/gpfs1/mtcampbe/CEESD/AutomatedTesting/MIRGE-Timing/timing/emirge/mirgecom/y2-isolator/timing_run
LSB_SUB_RES_REQ=1*{select[LN]span[hosts=1]} + 40*{select[CN]span[ptile=40]}
LSB_HOSTS=lassen710 lassen250 lassen250 lassen250 lassen250 lassen250 lassen250 lassen250 lassen250 lassen250 lassen250 lassen250 lassen250 lassen250 lassen250 lassen250 lassen250 lassen250 lassen250 lassen250 lassen250 lassen250 lassen250 lassen250 lassen250 lassen250 lassen250 lassen250 lassen250 lassen250 lassen250 lassen250 lassen250 lassen250 lassen250 lassen250 lassen250 lassen250 lassen250 lassen250 lassen250
LMOD_PREPEND_BLOCK=normal
LMOD_FAMILY_MPI_VERSION=rolling-release
GUESTFISH_PS1=\[\e[1;32m\]><fs>\[\e[0;31m\] 
_CE_CONDA=
LSB_UNIXGROUP_INT=mtcampbe
LSB_JOBFILENAME=/g/g17/mtcampbe/.lsbatch/1726122489.6178884
LSB_JOBINDEX=0
_ModuleTable001_=X01vZHVsZVRhYmxlXyA9IHsKTVR2ZXJzaW9uID0gMywKY19yZWJ1aWxkVGltZSA9IGZhbHNlLApjX3Nob3J0VGltZSA9IGZhbHNlLApkZXB0aFQgPSB7fSwKZmFtaWx5ID0gewpiYXNlZ2NjID0gImJhc2UtZ2NjIiwKY29tcGlsZXIgPSAiZ2NjIiwKY3VkYSA9ICJjdWRhIiwKbGFsbG9jID0gImxhbGxvYyIsCm1waSA9ICJzcGVjdHJ1bS1tcGkiLAp9LAptVCA9IHsKU3RkRW52ID0gewpmbiA9ICIvdXNyL3RjZXRtcC9tb2R1bGVmaWxlcy9Db3JlL1N0ZEVudi5sdWEiLApmdWxsTmFtZSA9ICJTdGRFbnYiLApsb2FkT3JkZXIgPSAyLApwcm9wVCA9IHsKbG1vZCA9IHsKc3RpY2t5ID0gMSwKfSwKfSwKc3RhY2tEZXB0aCA9IDAsCnN0YXR1cyA9ICJhY3RpdmUiLAp1c2VyTmFtZSA9
PATH=/usr/tce/packages/spectrum-mpi/spectrum-mpi-rolling-release-gcc-10.2.1/bin:/usr/tce/packages/gcc/gcc-10.2.1/bin:/usr/tce/packages/lalloc/lalloc-2.0/bin:/p/gpfs1/mtcampbe/CEESD/AutomatedTesting/MIRGE-Timing/timing/emirge/miniforge3/envs/nozzle.lazy.timing.env/bin:/p/gpfs1/mtcampbe/CEESD/AutomatedTesting/MIRGE-Timing/timing/emirge/miniforge3/bin:/usr/tce/packages/spectrum-mpi/spectrum-mpi-rolling-release-gcc-8.3.1/bin:/usr/tce/packages/gcc/gcc-8.3.1/bin:/usr/tce/packages/cuda/cuda-11.2.0/bin:/usr/tcetmp/packages/base-gcc/base-gcc-11.2.1/bin:/usr/tcetmp/bin:/usr/condabin:/usr/workspace/wsa/xpacc/Users/mtcampbe/CEESD/Lassen/conda-install/bin:/usr/tce/packages/cuda/cuda-10.1.243/bin:/usr/lib64/qt-3.3/bin:/usr/local/bin:/usr/bin:/usr/local/sbin:/usr/sbin:/opt/ibm/spectrum_mpi/jsm_pmix/bin:/opt/ibm/bb/bin:/opt/ibm/flightlog/bin:/opt/ibutils/bin:/opt/ibm/spectrumcomputing/lsf/10.1.0.10/linux3.10-glibc2.17-ppc64le-csm/etc:/opt/ibm/spectrumcomputing/lsf/10.1.0.10/linux3.10-glibc2.17-ppc64le-csm/bin:/opt/ibm/spectrumcomputing/lsf/10.1.0.9/linux3.10-glibc2.17-ppc64le-csm/etc:/opt/ibm/spectrumcomputing/lsf/10.1.0.9/linux3.10-glibc2.17-ppc64le-csm/bin:/g/g17/mtcampbe/tools/bin
MAIL=/var/spool/mail/mtcampbe
PROJ_NETWORK=ON
GSETTINGS_SCHEMA_DIR=/p/gpfs1/mtcampbe/CEESD/AutomatedTesting/MIRGE-Timing/timing/emirge/miniforge3/envs/nozzle.lazy.timing.env/share/glib-2.0/schemas
LCSCHEDCLUSTER=lassen
XML_CATALOG_FILES=file:///p/gpfs1/mtcampbe/CEESD/AutomatedTesting/MIRGE-Timing/timing/emirge/miniforge3/envs/nozzle.lazy.timing.env/etc/xml/catalog file:///etc/xml/catalog
LSB_EXIT_PRE_ABORT=99
LSB_JOBEXIT_STAT=0
LMOD_SETTARG_CMD=:
LMOD_FAMILY_LALLOC_VERSION=2.0
CONDA_PREFIX=/p/gpfs1/mtcampbe/CEESD/AutomatedTesting/MIRGE-Timing/timing/emirge/miniforge3/envs/nozzle.lazy.timing.env
INPUTRC=/etc/inputrc
PWD=/p/gpfs1/mtcampbe/CEESD/AutomatedTesting/MIRGE-Timing/timing/emirge/mirgecom/y2-isolator/timing_run
_LMFILES_=/usr/tcetmp/modulefiles/Core/cuda/11.2.0.lua:/usr/tcetmp/modulefiles/Core/StdEnv.lua:/usr/tcetmp/modulefiles/Core/lalloc/2.0.lua:/usr/tcetmp/modulefiles/Core/base-gcc/11.2.1.lua:/usr/tcetmp/modulefiles/Core/gcc/10.2.1.lua:/usr/tce/modulefiles/Compiler/gcc/10.2.1/spectrum-mpi/rolling-release.lua
EDITOR=/bin/vi
LANG=en_US.UTF-8
LSB_CHKFILENAME=/g/g17/mtcampbe/.lsbatch/1726122489.6178884
MODULEPATH=/usr/tce/modulefiles/MPI/gcc/10.2.1/spectrum-mpi/rolling-release:/usr/tce/modulefiles/Compiler/gcc/10.2.1:/usr/tcetmp/modulefiles/Core:/usr/apps/modulefiles:/usr/share/modulefiles/Linux:/usr/share/modulefiles/Core:/usr/share/lmod/lmod/modulefiles/Core:/collab/usr/global/tools/modulefiles/blueos_3_ppc64le_ib_p9/Core
LSB_DJOB_HOSTFILE=/g/g17/mtcampbe/.lsbatch/1726122489.6178884.hostfile
LOADEDMODULES=cuda/11.2.0:StdEnv:lalloc/2.0:base-gcc/11.2.1:gcc/10.2.1:spectrum-mpi/rolling-release
KDEDIRS=/usr
GUESTFISH_OUTPUT=\e[0m
_ModuleTable_Sz_=6
LSB_JOB_STARTER=/usr/tcetmp/bin/bsub_job_starter %USRCMD
EMIRGE_HOME=/p/gpfs1/mtcampbe/CEESD/AutomatedTesting/MIRGE-Timing/timing/emirge
LSF_JOB_TIMESTAMP_VALUE=1726122492
LMOD_CMD=/usr/share/lmod/lmod/libexec/lmod
_ModuleTable005_=bGxpbmctcmVsZWFzZSIsCndWID0gIl5yb2xsaW5nLipyZWxlYXNlLip6ZmluYWwiLAp9LAp9LAptcGF0aEEgPSB7CiIvdXNyL3RjZS9tb2R1bGVmaWxlcy9NUEkvZ2NjLzEwLjIuMS9zcGVjdHJ1bS1tcGkvcm9sbGluZy1yZWxlYXNlIgosICIvdXNyL3RjZS9tb2R1bGVmaWxlcy9Db21waWxlci9nY2MvMTAuMi4xIiwgIi91c3IvdGNldG1wL21vZHVsZWZpbGVzL0NvcmUiCiwgIi91c3IvYXBwcy9tb2R1bGVmaWxlcyIsICIvdXNyL3NoYXJlL21vZHVsZWZpbGVzL0xpbnV4IgosICIvdXNyL3NoYXJlL21vZHVsZWZpbGVzL0NvcmUiLCAiL3Vzci9zaGFyZS9sbW9kL2xtb2QvbW9kdWxlZmlsZXMvQ29yZSIsICIvY29sbGFiL3Vzci9nbG9iYWwvdG9vbHMvbW9kdWxlZmlsZXMvYmx1
BBPATH=/mnt/bb_b5e218c35567783d8e0541c93982d215
LSB_EXEC_HOSTTYPE=UNKNOWN_AUTO_DETECT
LSB_DJOB_NUMPROC=41
LSF_BINDIR=/opt/ibm/spectrumcomputing/lsf/10.1.0.10/linux3.10-glibc2.17-ppc64le-csm/bin
LLNL_NUM_COMPUTE_NODES=1
HISTCONTROL=ignoredups
_CE_M=
SSH_ASKPASS=/usr/libexec/openssh/gnome-ssh-askpass
ENVIRONMENT=BATCH
CXX=mpicxx
HOME=/g/g17/mtcampbe
SHLVL=6
__LMOD_REF_COUNT_PATH=/usr/tce/packages/spectrum-mpi/spectrum-mpi-rolling-release-gcc-10.2.1/bin:1;/usr/tce/packages/gcc/gcc-10.2.1/bin:1;/usr/tce/packages/lalloc/lalloc-2.0/bin:2;/p/gpfs1/mtcampbe/CEESD/AutomatedTesting/MIRGE-Timing/timing/emirge/miniforge3/envs/nozzle.lazy.timing.env/bin:1;/p/gpfs1/mtcampbe/CEESD/AutomatedTesting/MIRGE-Timing/timing/emirge/miniforge3/bin:1;/usr/tce/packages/spectrum-mpi/spectrum-mpi-rolling-release-gcc-8.3.1/bin:1;/usr/tce/packages/gcc/gcc-8.3.1/bin:1;/usr/tce/packages/cuda/cuda-11.2.0/bin:1;/usr/tcetmp/packages/base-gcc/base-gcc-11.2.1/bin:1;/usr/tcetmp/bin:1;/usr/condabin:1;/usr/workspace/wsa/xpacc/Users/mtcampbe/CEESD/Lassen/conda-install/bin:1;/usr/tce/packages/cuda/cuda-10.1.243/bin:1;/usr/lib64/qt-3.3/bin:1;/usr/local/bin:1;/usr/bin:1;/usr/local/sbin:1;/usr/sbin:1;/opt/ibm/spectrum_mpi/jsm_pmix/bin:1;/opt/ibm/bb/bin:1;/opt/ibm/flightlog/bin:1;/opt/ibutils/bin:1;/opt/ibm/spectrumcomputing/lsf/10.1.0.10/linux3.10-glibc2.17-ppc64le-csm/etc:1;/opt/ibm/spectrumcomputing/lsf/10.1.0.10/linux3.10-glibc2.17-ppc64le-csm/bin:1;/opt/ibm/spectrumcomputing/lsf/10.1.0.9/linux3.10-glibc2.17-ppc64le-csm/etc:1;/opt/ibm/spectrumcomputing/lsf/10.1.0.9/linux3.10-glibc2.17-ppc64le-csm/bin:1
JOB_TERMINATE_INTERVAL=10
LSB_ACCT_FILE=/tmp/6178884.tmpdir/.1726122489.6178884.acct
_ModuleTable002_=ICJTdGRFbnYiLAp3ViA9ICJNLip6ZmluYWwiLAp9LApbImJhc2UtZ2NjIl0gPSB7CmZuID0gIi91c3IvdGNldG1wL21vZHVsZWZpbGVzL0NvcmUvYmFzZS1nY2MvMTEuMi4xLmx1YSIsCmZ1bGxOYW1lID0gImJhc2UtZ2NjLzExLjIuMSIsCmxvYWRPcmRlciA9IDQsCnByb3BUID0ge30sCnN0YWNrRGVwdGggPSAwLApzdGF0dXMgPSAiYWN0aXZlIiwKdXNlck5hbWUgPSAiYmFzZS1nY2MvMTEuMi4xIiwKd1YgPSAiMDAwMDAwMDExLjAwMDAwMDAwMi4wMDAwMDAwMDEuKnpmaW5hbCIsCn0sCmN1ZGEgPSB7CmZuID0gIi91c3IvdGNldG1wL21vZHVsZWZpbGVzL0NvcmUvY3VkYS8xMS4yLjAubHVhIiwKZnVsbE5hbWUgPSAiY3VkYS8xMS4yLjAiLApsb2FkT3JkZXIgPSAxLApwcm9w
CSM_ALLOCATION_ID=6804844
BINARY_TYPE_HPC=
LLNL_CORE_ISOLATION=2
FC=mpif90
LSB_SUB_HOST=lassen708
XDG_CACHE_HOME=/tmp/mtcampbe/xdg-scratch
__LSF_JOB_TMPDIR__=/tmp/6178884.tmpdir
LSFUSER=mtcampbe
LSB_SUB_USER=mtcampbe
LSB_OUTDIR=/p/gpfs1/mtcampbe/CEESD/AutomatedTesting/MIRGE-Timing/timing/emirge/mirgecom/y2-isolator/timing_run
LSB_MCPU_HOSTS=lassen710 1 lassen250 40 
LMOD_arch=ppc64le
TMP=/var/tmp
MPI_ROOT=/usr/tce/packages/spectrum-mpi/ibm/spectrum-mpi-rolling-release
LSB_QUEUE=pbatch
LSB_OUTPUTFILE=/p/gpfs1/mtcampbe/CEESD/AutomatedTesting/MIRGE-Timing/timing/emirge/mirgecom/y2-isolator/timing_run/
CONDA_PYTHON_EXE=/p/gpfs1/mtcampbe/CEESD/AutomatedTesting/MIRGE-Timing/timing/emirge/miniforge3/bin/python
LOGNAME=mtcampbe
QTLIB=/usr/lib64/qt-3.3/lib
CVS_RSH=ssh
XLSF_UIDDIR=/opt/ibm/spectrumcomputing/lsf/10.1.0.10/linux3.10-glibc2.17-ppc64le-csm/lib/uid
XDG_DATA_DIRS=/p/gpfs1/mtcampbe/CEESD/AutomatedTesting/MIRGE-Timing/.local/share/flatpak/exports/share:/var/lib/flatpak/exports/share:/usr/local/share:/usr/share
SSH_CONNECTION=192.168.66.202 60254 192.168.64.250 22
SYS_TYPE=blueos_3_ppc64le_ib_p9
MODULESHOME=/usr/share/lmod/lmod
LMOD_SETTARG_FULL_SUPPORT=no
LESSOPEN=||/usr/bin/lesspipe.sh %s
__LMOD_REF_COUNT_LD_LIBRARY_PATH=/usr/tce/packages/cuda/cuda-11.2.0/lib64:1;/opt/ibm/spectrumcomputing/lsf/10.1.0.10/linux3.10-glibc2.17-ppc64le-csm/lib:1
PKG_CONFIG_PATH=/usr/tce/packages/cuda/cuda-11.2.0/lib64/pkgconfig
OMP_NUM_THREADS=1
LSF_CGROUP_TOPDIR_KEY=lassen
CONDA_DEFAULT_ENV=nozzle.lazy.timing.env
LMOD_FULL_SETTARG_SUPPORT=no
LMOD_FAMILY_COMPILER=gcc
LSB_XFER_OP=
LSB_EEXEC_REAL_GID=
__LMOD_REF_COUNT_PKG_CONFIG_PATH=/usr/tce/packages/cuda/cuda-11.2.0/lib64/pkgconfig:1
CC=mpicc
QT_PLUGIN_PATH=/usr/lib64/kde4/plugins:/usr/lib/kde4/plugins
LMOD_DIR=/usr/share/lmod/lmod/libexec
LEXEC_UNPICKLE_QUIET=1
__LMOD_REF_COUNT_MANPATH=/usr/tce/packages/spectrum-mpi/ibm/spectrum-mpi-rolling-release/share/man:1;/usr/tce/packages/gcc/gcc-10.2.1/man:1;/opt/ibm/spectrumcomputing/lsf/10.1.0.10/man:1;/usr/man:1;/usr/share/man:1;/usr/local/man:1;/usr/X11R6/man:1;/usr/lib64/mvapich/default/man:1;/opt/ibm/spectrum_mpi/jsm_pmix/share/man:1
_ModuleTable006_=ZW9zXzNfcHBjNjRsZV9pYl9wOS9Db3JlIiwKfSwKc3lzdGVtQmFzZU1QQVRIID0gIi91c3IvdGNldG1wL21vZHVsZWZpbGVzL0NvcmU6L3Vzci9hcHBzL21vZHVsZWZpbGVzOi91c3Ivc2hhcmUvbW9kdWxlZmlsZXMvTGludXg6L3Vzci9zaGFyZS9tb2R1bGVmaWxlcy9Db3JlOi91c3Ivc2hhcmUvbG1vZC9sbW9kL21vZHVsZWZpbGVzL0NvcmUiLAp9Cg==
LSF_ENVDIR=/opt/ibm/spectrumcomputing/lsf/conf
GUESTFISH_RESTORE=\e[0m
LSB_DJOB_RANKFILE=/g/g17/mtcampbe/.lsbatch/1726122489.6178884.hostfile
LMOD_FAMILY_MPI=spectrum-mpi
LMOD_COLORIZE=yes
HISTFILE=/g/g17/mtcampbe/.bash_history
BASH_FUNC_module()=() {  local __lmod_my_status;
 local __lmod_sh_dbg;
 if [ -z "${LMOD_SH_DBG_ON+x}" ]; then
 case "$-" in 
 *v*x*)
 __lmod_sh_dbg='vx'
 ;;
 *v*)
 __lmod_sh_dbg='v'
 ;;
 *x*)
 __lmod_sh_dbg='x'
 ;;
 esac;
 fi;
 if [ -n "${__lmod_sh_dbg:-}" ]; then
 set +$__lmod_sh_dbg;
 echo "Shell debugging temporarily silenced: export LMOD_SH_DBG_ON=1 for Lmod's output" 1>&2;
 fi;
 eval "$($LMOD_CMD bash "$@")" && eval $(${LMOD_SETTARG_CMD:-:} -s sh);
 __lmod_my_status=$?;
 if [ -n "${__lmod_sh_dbg:-}" ]; then
 echo "Shell debugging restarted" 1>&2;
 set -$__lmod_sh_dbg;
 fi;
 return $__lmod_my_status
}
BASH_FUNC_ml()=() {  eval "$($LMOD_DIR/ml_cmd "$@")"
}
_=/usr/bin/env
LSB_MCPU_HOSTS=lassen710 1 lassen250 40 
/p/gpfs1/mtcampbe/CEESD/AutomatedTesting/MIRGE-Timing/timing/emirge/grudge/grudge/trace_pair.py:107: UserWarning: <class 'grudge.trace_pair.TracePair'> does not have __array_ufunc__ set. This will cause numpy to attempt broadcasting, in a way that is likely undesired. To avoid this, set __array_ufunc__ = None in <class 'grudge.trace_pair.TracePair'>.
  @with_container_arithmetic(
/p/gpfs1/mtcampbe/CEESD/AutomatedTesting/MIRGE-Timing/timing/emirge/mirgecom/mirgecom/fluid.py:49: UserWarning: <class 'mirgecom.fluid.ConservedVars'> does not have __array_ufunc__ set. This will cause numpy to attempt broadcasting, in a way that is likely undesired. To avoid this, set __array_ufunc__ = None in <class 'mirgecom.fluid.ConservedVars'>.
  @with_container_arithmetic(bcast_obj_array=False,
/p/gpfs1/mtcampbe/CEESD/AutomatedTesting/MIRGE-Timing/timing/emirge/mirgecom/mirgecom/wall_model.py:90: UserWarning: <class 'mirgecom.wall_model.SolidWallConservedVars'> does not have __array_ufunc__ set. This will cause numpy to attempt broadcasting, in a way that is likely undesired. To avoid this, set __array_ufunc__ = None in <class 'mirgecom.wall_model.SolidWallConservedVars'>.
  @with_container_arithmetic(bcast_obj_array=False,
Default casename isolator
2024-09-11 23:28:25,391 - INFO - grudge.array_context - get_reasonable_array_context_class: MPIFusionContractorArrayContext lazy=True distributed=True device-parallel=True
Using user input from file: timing_params.yaml
Running ./isolator.py

2024-09-11 23:28:26,562 - INFO - mirgecom.mpi - Using mpi4py version 4.0.0 with pkl5 scatter support.
2024-09-11 23:29:06,514 - INFO - mirgecom.logging_quantities - emirge's version.sh: completed (38.89s wall 0.00x CPU)
2024-09-11 23:29:06,700 - INFO - mirgecom.simutil - Using SVM-based memory pool on <pyopencl.Device 'Tesla V100-SXM2-16GB' on 'Portable Computing Language' at 0x102a6f870>.
Shock capturing parameters: alpha 0.5, s0 -4.0, kappa 0.5

#### Simluation control data: ####
	nviz = 100
	nrestart = 100
	nhealth = 100
	nstatus = 100
	current_dt = 1e-08
	t_final = 2e-07
	order = 1
	dimen = 2
	Time integration rk4
#### Simluation control data: ####


#### Simluation material properties: ####
	mu = 4.216360056e-05
	kappa = 0.05621788139856423
	Prandtl Number  = 0.75
#### Simluation initialization data: ####
	inlet Mach number 0.038727226466056475
	inlet temperature 2075.8073416311686
	inlet pressure 274212.0081934861
	inlet rho 0.4623484671063763
	inlet velocity 35.28896626974282
	outlet Mach number 3.661995139955526
	outlet temperature 563.9344091915701
	outlet pressure 2865.7077436508835
	outlet rho 0.01778579568979098
	outlet velocity 1739.2462693097807
#### Simluation initialization data: ####

Reading mesh from data/isolator.msh
./isolator.py:1087: DeprecationWarning: generate_and_distribute_mesh is deprecated and will go away Q4 2022. Use distribute_mesh instead.
  local_mesh, global_nelements = generate_and_distribute_mesh(
Read(rank, batch): Dist(0, 0) on lassen250.
Reading mesh on lassen250.
Reading gmsh mesh from disk file...
Done. Populating meshmode data structures...
Done.
Read GMSH: 0.05768895149230957
MeshData: 0.06334948539733887
Mesh reading done on all nodes.
Making partition table on all nodes.
Partitioning mesh on all nodes.
Partitioning done, distributing to node-local ranks.
Making discretization
./isolator.py:1094: DeprecationWarning: mpi_communicator argument is deprecated and will disappear in Q4 2022.
  dcoll = create_discretization_collection(
Done making discretization
/p/gpfs1/mtcampbe/CEESD/AutomatedTesting/MIRGE-Timing/timing/emirge/arraycontext/arraycontext/impl/pytato/__init__.py:418: UserWarning: Running on an Nvidia GPU, reducing the argument size limit from 4352 to 3896.
  warn("Running on an Nvidia GPU, reducing the argument "
2024-09-11 23:29:12,719 - INFO - arraycontext.impl.pytato - limiting argument buffer size for <pyopencl.Device 'Tesla V100-SXM2-16GB' on 'Portable Computing Language' at 0x102a6f870> to 3896 bytes
2024-09-11 23:29:12,752 - INFO - meshmode.array_context - Transforming kernel 'frozen_nodes0_2d' with 1 statements.
2024-09-11 23:29:12,787 - INFO - meshmode.array_context - Array Contraction: Contracting 0 temps
2024-09-11 23:29:12,789 - INFO - meshmode.array_context - [_alias_global_temporaries]: Reduced memory requirement of 'frozen_nodes0_2d' from 0.0MB to 0.0MB.
2024-09-11 23:29:17,520 - INFO - loopy.tools - preprocess_program on 'frozen_nodes0_2d': completed (4.72s wall 0.09x CPU)
2024-09-11 23:29:18,516 - INFO - pyopencl - build program: kernel 'frozen_nodes0_2d' was part of a lengthy uncached source build (assuming cached by ICD) (0.89 s)
2024-09-11 23:29:18,623 - INFO - meshmode.array_context - Transforming kernel 'frozen_nodes1_2d' with 1 statements.
2024-09-11 23:29:18,642 - INFO - meshmode.array_context - Array Contraction: Contracting 0 temps
2024-09-11 23:29:18,645 - INFO - meshmode.array_context - [_alias_global_temporaries]: Reduced memory requirement of 'frozen_nodes1_2d' from 0.0MB to 0.0MB.
2024-09-11 23:29:19,106 - INFO - pyopencl - build program: kernel 'frozen_nodes1_2d' was part of a lengthy uncached source build (assuming cached by ICD) (0.37 s)
Before restart/init
Initializing soln.
Initialization for Case(isolator)
===
Num 2d order-1 elements: 2504
Num global elements: 2504
Timestep:        1e-08
Initial time:    0
Final time:      2e-07
CFL:             1.0
Constant CFL:    False
Initialization:  isolator
EOS:             IdealSingleGas

2024-09-11 23:29:21,019 - INFO - meshmode.array_context - transform_dag.infer_axes_tags: completed (0.75s wall 1.00x CPU)
2024-09-11 23:29:21,226 - INFO - arraycontext.impl.pytato - limiting argument buffer size for <pyopencl.Device 'Tesla V100-SXM2-16GB' on 'Portable Computing Language' at 0x102a6f870> to 3896 bytes
2024-09-11 23:29:22,176 - INFO - meshmode.array_context - Transforming kernel 'frozen_result' with 14 statements.
2024-09-11 23:29:23,703 - INFO - loopy.tools - fuse_same_discretization_entity_loops on 'frozen_result': completed (1.52s wall 1.00x CPU)
2024-09-11 23:29:23,883 - INFO - meshmode.array_context - Loop Fusion: completed (1.71s wall 1.00x CPU)
2024-09-11 23:29:24,325 - INFO - meshmode.array_context - Array Contraction: Contracting 10 temps
2024-09-11 23:29:26,191 - INFO - loopy.tools - contract_arrays on 'frozen_result': completed (1.87s wall 1.00x CPU)
2024-09-11 23:29:26,397 - INFO - meshmode.array_context - Array Contraction: completed (2.22s wall 1.00x CPU)
2024-09-11 23:29:26,400 - INFO - meshmode.array_context - [_alias_global_temporaries]: Reduced memory requirement of 'frozen_result' from 0.5MB to 0.4MB.
2024-09-11 23:29:29,364 - INFO - loopy.tools - preprocess_program on 'frozen_result': completed (1.55s wall 1.00x CPU)
2024-09-11 23:29:33,444 - INFO - loopy.codegen - frozen_result: generate code: completed (2.02s wall 1.00x CPU)
2024-09-11 23:29:39,165 - INFO - pyopencl - build program: kernel 'frozen_result' was part of a lengthy uncached source build (assuming cached by ICD) (4.90 s)
2024-09-11 23:29:39,555 - INFO - pytato.distributed.verify - find_distributed_partition: Split 21 nodes into 1 parts, with [21] nodes in each partition.
2024-09-11 23:29:39,633 - INFO - meshmode.array_context - Transforming kernel 'get_fluid_state_part_0' with 15 statements.
2024-09-11 23:29:39,763 - INFO - meshmode.array_context - Array Contraction: Contracting 1 temps
2024-09-11 23:29:39,789 - INFO - meshmode.array_context - [_alias_global_temporaries]: Reduced memory requirement of 'get_fluid_state_part_0' from 0.1MB to 0.1MB.
2024-09-11 23:29:40,697 - INFO - pyopencl - build program: kernel 'get_fluid_state_part_0' was part of a lengthy uncached source build (assuming cached by ICD) (0.39 s)
./isolator.py:1349: DeprecationWarning: simutil.force_evaluation is deprecated and will disappear in Q3 2023. Use utils.force_evaluation instead.
  fluid_state = force_evaluation(actx, create_fluid_state(cv=state))
2024-09-11 23:29:40,849 - INFO - arraycontext.impl.pytato - limiting argument buffer size for <pyopencl.Device 'Tesla V100-SXM2-16GB' on 'Portable Computing Language' at 0x102a6f870> to 3896 bytes
2024-09-11 23:29:40,947 - INFO - meshmode.array_context - Transforming kernel 'frozen_area_el_vol' with 10 statements.
2024-09-11 23:29:41,113 - INFO - meshmode.array_context - Array Contraction: Contracting 1 temps
2024-09-11 23:29:41,146 - INFO - meshmode.array_context - [_alias_global_temporaries]: Reduced memory requirement of 'frozen_area_el_vol' from 0.3MB to 0.2MB.
2024-09-11 23:29:42,246 - INFO - pyopencl - build program: kernel 'frozen_area_el_vol' was part of a lengthy uncached source build (assuming cached by ICD) (0.41 s)
2024-09-11 23:29:42,301 - INFO - meshmode.discretization.connection.face - building face restriction: start
2024-09-11 23:29:42,311 - INFO - meshmode.discretization.connection.face - building face restriction: done
2024-09-11 23:29:42,426 - INFO - meshmode.array_context - Transforming kernel 'frozen_area_el_b_face_restr_all' with 7 statements.
2024-09-11 23:29:42,529 - INFO - meshmode.array_context - Array Contraction: Contracting 2 temps
2024-09-11 23:29:42,563 - INFO - meshmode.array_context - [_alias_global_temporaries]: Reduced memory requirement of 'frozen_area_el_b_face_restr_all' from 0.5MB to 0.3MB.
2024-09-11 23:29:43,376 - INFO - pyopencl - build program: kernel 'frozen_area_el_b_face_restr_all' was part of a lengthy uncached source build (assuming cached by ICD) (0.40 s)
2024-09-11 23:29:43,474 - INFO - meshmode.array_context - Transforming kernel 'frozen_dt_geometric_vol' with 7 statements.
2024-09-11 23:29:43,627 - INFO - meshmode.array_context - Array Contraction: Contracting 0 temps
2024-09-11 23:29:43,638 - INFO - meshmode.array_context - [_alias_global_temporaries]: Reduced memory requirement of 'frozen_dt_geometric_vol' from 0.3MB to 0.2MB.
2024-09-11 23:29:44,564 - INFO - pyopencl - build program: kernel 'frozen_dt_geometric_vol' was part of a lengthy uncached source build (assuming cached by ICD) (0.41 s)
2024-09-11 23:29:44,616 - INFO - meshmode.array_context - Transforming kernel 'frozen_char_lscales' with 1 statements.
2024-09-11 23:29:44,629 - INFO - meshmode.array_context - Array Contraction: Contracting 0 temps
2024-09-11 23:29:44,631 - INFO - meshmode.array_context - [_alias_global_temporaries]: Reduced memory requirement of 'frozen_char_lscales' from 0.0MB to 0.0MB.
2024-09-11 23:29:45,058 - INFO - pyopencl - build program: kernel 'frozen_char_lscales' was part of a lengthy uncached source build (assuming cached by ICD) (0.36 s)
2024-09-11 23:29:45,115 - INFO - meshmode.array_context - Transforming kernel 'frozen_result' with 4 statements.
2024-09-11 23:29:45,159 - INFO - meshmode.array_context - Array Contraction: Contracting 3 temps
2024-09-11 23:29:45,195 - INFO - meshmode.array_context - [_alias_global_temporaries]: Reduced memory requirement of 'frozen_result' from 0.2MB to 0.2MB.
2024-09-11 23:29:45,736 - INFO - pyopencl - build program: kernel 'frozen_result' was part of a lengthy uncached source build (assuming cached by ICD) (0.38 s)
2024-09-11 23:29:46,246 - INFO - pyopencl - build program: kernel 'reduce_kernel_stage1' was part of a lengthy uncached source build (assuming cached by ICD) (0.47 s)
2024-09-11 23:29:46,720 - INFO - pyopencl - build program: kernel 'reduce_kernel_stage2' was part of a lengthy uncached source build (assuming cached by ICD) (0.47 s)
2024-09-11 23:29:46,735 - INFO - meshmode.array_context - Transforming kernel 'frozen_result' with 1 statements.
2024-09-11 23:29:46,739 - INFO - meshmode.array_context - Array Contraction: Contracting 0 temps
/p/gpfs1/mtcampbe/CEESD/AutomatedTesting/MIRGE-Timing/timing/emirge/meshmode/meshmode/array_context.py:1796: UserWarning: [frozen_result]: FusionContractorArrayContext.transform_loopy_program not broad enough (yet). Falling back to a possibly slower transformation strategy.
  warn(f"[{knl.name}]: FusionContractorArrayContext."
2024-09-11 23:29:47,135 - INFO - pyopencl - build program: kernel 'frozen_result' was part of a lengthy uncached source build (assuming cached by ICD) (0.36 s)
2024-09-11 23:29:47,598 - INFO - pyopencl - build program: kernel 'reduce_kernel_stage1' was part of a lengthy uncached source build (assuming cached by ICD) (0.45 s)
2024-09-11 23:29:48,056 - INFO - pyopencl - build program: kernel 'reduce_kernel_stage2' was part of a lengthy uncached source build (assuming cached by ICD) (0.45 s)
2024-09-11 23:29:48,064 - INFO - meshmode.array_context - Transforming kernel 'frozen_result' with 1 statements.
2024-09-11 23:29:48,068 - INFO - meshmode.array_context - Array Contraction: Contracting 0 temps
2024-09-11 23:29:48,452 - INFO - pyopencl - build program: kernel 'frozen_result' was part of a lengthy uncached source build (assuming cached by ICD) (0.36 s)
2024-09-11 23:29:48,928 - INFO - pyopencl - build program: kernel 'reduce_kernel_stage1' was part of a lengthy uncached source build (assuming cached by ICD) (0.47 s)
2024-09-11 23:29:49,401 - INFO - pyopencl - build program: kernel 'reduce_kernel_stage2' was part of a lengthy uncached source build (assuming cached by ICD) (0.47 s)
2024-09-11 23:29:49,413 - INFO - meshmode.array_context - Transforming kernel 'frozen_result' with 1 statements.
2024-09-11 23:29:49,418 - INFO - meshmode.array_context - Array Contraction: Contracting 0 temps
2024-09-11 23:29:49,813 - INFO - pyopencl - build program: kernel 'frozen_result' was part of a lengthy uncached source build (assuming cached by ICD) (0.36 s)
-------- dt = 1.000e-08, cfl = 0.0253
-------- P (min, max) (Pa) = (2.865706984e+03, 2.742120082e+05)
-------- T (min, max) (K)  = (    300, 2075.81)

2024-09-11 23:29:49,905 - INFO - meshmode.array_context - Transforming kernel 'frozen_result' with 1 statements.
2024-09-11 23:29:49,910 - INFO - meshmode.array_context - Array Contraction: Contracting 0 temps
2024-09-11 23:29:49,912 - INFO - meshmode.array_context - [_alias_global_temporaries]: Reduced memory requirement of 'frozen_result' from 0.0MB to 0.0MB.
2024-09-11 23:29:50,344 - INFO - pyopencl - build program: kernel 'frozen_result' was part of a lengthy uncached source build (assuming cached by ICD) (0.37 s)
2024-09-11 23:29:50,358 - INFO - meshmode.array_context - Transforming kernel 'frozen_result' with 1 statements.
2024-09-11 23:29:50,363 - INFO - meshmode.array_context - Array Contraction: Contracting 0 temps
2024-09-11 23:29:50,365 - INFO - meshmode.array_context - [_alias_global_temporaries]: Reduced memory requirement of 'frozen_result' from 0.0MB to 0.0MB.
2024-09-11 23:29:50,793 - INFO - pyopencl - build program: kernel 'frozen_result' was part of a lengthy uncached source build (assuming cached by ICD) (0.37 s)
2024-09-11 23:29:50,807 - INFO - meshmode.array_context - Transforming kernel 'frozen_result' with 1 statements.
2024-09-11 23:29:50,812 - INFO - meshmode.array_context - Array Contraction: Contracting 0 temps
2024-09-11 23:29:50,814 - INFO - meshmode.array_context - [_alias_global_temporaries]: Reduced memory requirement of 'frozen_result' from 0.0MB to 0.0MB.
2024-09-11 23:29:51,239 - INFO - pyopencl - build program: kernel 'frozen_result' was part of a lengthy uncached source build (assuming cached by ICD) (0.37 s)
2024-09-11 23:29:51,253 - INFO - meshmode.array_context - Transforming kernel 'frozen_result' with 1 statements.
2024-09-11 23:29:51,258 - INFO - meshmode.array_context - Array Contraction: Contracting 0 temps
2024-09-11 23:29:51,260 - INFO - meshmode.array_context - [_alias_global_temporaries]: Reduced memory requirement of 'frozen_result' from 0.0MB to 0.0MB.
2024-09-11 23:29:51,685 - INFO - pyopencl - build program: kernel 'frozen_result' was part of a lengthy uncached source build (assuming cached by ICD) (0.37 s)
2024-09-11 23:29:51,727 - INFO - meshmode.array_context - Transforming kernel 'frozen_result' with 3 statements.
2024-09-11 23:29:51,749 - INFO - meshmode.array_context - Array Contraction: Contracting 0 temps
2024-09-11 23:29:51,753 - INFO - meshmode.array_context - [_alias_global_temporaries]: Reduced memory requirement of 'frozen_result' from 0.1MB to 0.1MB.
2024-09-11 23:29:52,330 - INFO - pyopencl - build program: kernel 'frozen_result' was part of a lengthy uncached source build (assuming cached by ICD) (0.40 s)
2024-09-11 23:29:52,355 - INFO - meshmode.array_context - Transforming kernel 'frozen_result' with 1 statements.
2024-09-11 23:29:52,361 - INFO - meshmode.array_context - Array Contraction: Contracting 0 temps
2024-09-11 23:29:52,363 - INFO - meshmode.array_context - [_alias_global_temporaries]: Reduced memory requirement of 'frozen_result' from 0.0MB to 0.0MB.
2024-09-11 23:29:52,808 - INFO - pyopencl - build program: kernel 'frozen_result' was part of a lengthy uncached source build (assuming cached by ICD) (0.38 s)
2024-09-11 23:29:52,837 - INFO - meshmode.array_context - Transforming kernel 'frozen_result' with 1 statements.
2024-09-11 23:29:52,845 - INFO - meshmode.array_context - Array Contraction: Contracting 0 temps
2024-09-11 23:29:52,847 - INFO - meshmode.array_context - [_alias_global_temporaries]: Reduced memory requirement of 'frozen_result' from 0.0MB to 0.0MB.
2024-09-11 23:29:53,322 - INFO - pyopencl - build program: kernel 'frozen_result' was part of a lengthy uncached source build (assuming cached by ICD) (0.38 s)
2024-09-11 23:29:53,359 - INFO - meshmode.array_context - Transforming kernel 'frozen_result' with 3 statements.
2024-09-11 23:29:53,382 - INFO - meshmode.array_context - Array Contraction: Contracting 0 temps
2024-09-11 23:29:53,386 - INFO - meshmode.array_context - [_alias_global_temporaries]: Reduced memory requirement of 'frozen_result' from 0.1MB to 0.1MB.
2024-09-11 23:29:53,962 - INFO - pyopencl - build program: kernel 'frozen_result' was part of a lengthy uncached source build (assuming cached by ICD) (0.39 s)
failed to infer axis 1 of array of type <class 'pytato.array.Reshape'>.
expr.non_equality_tags=frozenset()
2024-09-11 23:29:54,038 - INFO - meshmode.array_context - Transforming kernel 'frozen_result' with 6 statements.
2024-09-11 23:29:54,114 - INFO - meshmode.array_context - Array Contraction: Contracting 0 temps
2024-09-11 23:29:54,123 - INFO - meshmode.array_context - [_alias_global_temporaries]: Reduced memory requirement of 'frozen_result' from 0.2MB to 0.2MB.
2024-09-11 23:29:55,017 - INFO - pyopencl - build program: kernel 'frozen_result' was part of a lengthy uncached source build (assuming cached by ICD) (0.46 s)
2024-09-11 23:29:55,100 - INFO - meshmode.array_context - Transforming kernel 'frozen_result' with 4 statements.
2024-09-11 23:29:55,136 - INFO - meshmode.array_context - Array Contraction: Contracting 2 temps
2024-09-11 23:29:55,162 - INFO - meshmode.array_context - [_alias_global_temporaries]: Reduced memory requirement of 'frozen_result' from 0.2MB to 0.2MB.
2024-09-11 23:29:55,789 - INFO - pyopencl - build program: kernel 'frozen_result' was part of a lengthy uncached source build (assuming cached by ICD) (0.40 s)
2024-09-11 23:29:55,824 - INFO - meshmode.discretization.connection.face - building face restriction: start
2024-09-11 23:29:55,830 - INFO - meshmode.discretization.connection.face - building face restriction: done
2024-09-11 23:29:55,843 - INFO - meshmode.discretization.connection.face - building face restriction: start
2024-09-11 23:29:55,848 - INFO - meshmode.discretization.connection.face - building face restriction: done
2024-09-11 23:29:55,862 - INFO - meshmode.discretization.connection.face - building face restriction: start
2024-09-11 23:29:55,874 - INFO - meshmode.discretization.connection.face - building face restriction: done
2024-09-11 23:29:55,888 - INFO - meshmode.discretization.connection.face - building face restriction: start
2024-09-11 23:29:55,982 - INFO - meshmode.discretization.connection.face - building face restriction: done
2024-09-11 23:29:56,150 - INFO - meshmode.array_context - Transforming kernel 'frozen_area_el_b_inflow' with 7 statements.
2024-09-11 23:29:56,283 - INFO - meshmode.array_context - Array Contraction: Contracting 2 temps
2024-09-11 23:29:56,318 - INFO - meshmode.array_context - [_alias_global_temporaries]: Reduced memory requirement of 'frozen_area_el_b_inflow' from 0.0MB to 0.0MB.
2024-09-11 23:29:57,133 - INFO - pyopencl - build program: kernel 'frozen_area_el_b_inflow' was part of a lengthy uncached source build (assuming cached by ICD) (0.39 s)
2024-09-11 23:29:57,231 - INFO - meshmode.array_context - Transforming kernel 'frozen_normal_2_b_inflow' with 3 statements.
2024-09-11 23:29:57,290 - INFO - meshmode.array_context - Array Contraction: Contracting 0 temps
2024-09-11 23:29:57,294 - INFO - meshmode.array_context - [_alias_global_temporaries]: Reduced memory requirement of 'frozen_normal_2_b_inflow' from 0.0MB to 0.0MB.
2024-09-11 23:29:57,958 - INFO - pyopencl - build program: kernel 'frozen_normal_2_b_inflow' was part of a lengthy uncached source build (assuming cached by ICD) (0.38 s)
2024-09-11 23:29:58,038 - INFO - meshmode.array_context - Transforming kernel 'frozen_normal_1_b_inflow' with 3 statements.
2024-09-11 23:29:58,098 - INFO - meshmode.array_context - Array Contraction: Contracting 0 temps
2024-09-11 23:29:58,103 - INFO - meshmode.array_context - [_alias_global_temporaries]: Reduced memory requirement of 'frozen_normal_1_b_inflow' from 0.0MB to 0.0MB.
2024-09-11 23:29:58,849 - INFO - pyopencl - build program: kernel 'frozen_normal_1_b_inflow' was part of a lengthy uncached source build (assuming cached by ICD) (0.38 s)
2024-09-11 23:29:58,882 - INFO - meshmode.array_context - Transforming kernel 'frozen_f2allf_ind' with 0 statements.
2024-09-11 23:29:58,885 - INFO - meshmode.array_context - Array Contraction: Contracting 0 temps
2024-09-11 23:29:59,262 - INFO - pyopencl - build program: kernel 'frozen_f2allf_ind' was part of a lengthy uncached source build (assuming cached by ICD) (0.36 s)
2024-09-11 23:29:59,273 - INFO - meshmode.array_context - FusionContractorArrayContext.transform_loopy_program 'frozen_f2allf_ind': cache hit
2024-09-11 23:29:59,386 - INFO - meshmode.array_context - Transforming kernel 'frozen_f2allf_ind' with 1 statements.
2024-09-11 23:29:59,395 - INFO - meshmode.array_context - Array Contraction: Contracting 0 temps
2024-09-11 23:29:59,397 - INFO - meshmode.array_context - [_alias_global_temporaries]: Reduced memory requirement of 'frozen_f2allf_ind' from 0.0MB to 0.0MB.
2024-09-11 23:29:59,802 - INFO - pyopencl - build program: kernel 'frozen_f2allf_ind' was part of a lengthy uncached source build (assuming cached by ICD) (0.36 s)
2024-09-11 23:29:59,940 - INFO - meshmode.array_context - Transforming kernel 'frozen_area_el_b_outflow' with 7 statements.
2024-09-11 23:30:00,045 - INFO - meshmode.array_context - Array Contraction: Contracting 2 temps
2024-09-11 23:30:00,080 - INFO - meshmode.array_context - [_alias_global_temporaries]: Reduced memory requirement of 'frozen_area_el_b_outflow' from 0.0MB to 0.0MB.
2024-09-11 23:30:00,897 - INFO - pyopencl - build program: kernel 'frozen_area_el_b_outflow' was part of a lengthy uncached source build (assuming cached by ICD) (0.39 s)
2024-09-11 23:30:00,995 - INFO - meshmode.array_context - Transforming kernel 'frozen_normal_2_b_outflow' with 3 statements.
2024-09-11 23:30:01,055 - INFO - meshmode.array_context - Array Contraction: Contracting 0 temps
2024-09-11 23:30:01,060 - INFO - meshmode.array_context - [_alias_global_temporaries]: Reduced memory requirement of 'frozen_normal_2_b_outflow' from 0.0MB to 0.0MB.
2024-09-11 23:30:01,725 - INFO - pyopencl - build program: kernel 'frozen_normal_2_b_outflow' was part of a lengthy uncached source build (assuming cached by ICD) (0.38 s)
2024-09-11 23:30:01,807 - INFO - meshmode.array_context - Transforming kernel 'frozen_normal_1_b_outflow' with 3 statements.
2024-09-11 23:30:01,867 - INFO - meshmode.array_context - Array Contraction: Contracting 0 temps
2024-09-11 23:30:01,872 - INFO - meshmode.array_context - [_alias_global_temporaries]: Reduced memory requirement of 'frozen_normal_1_b_outflow' from 0.0MB to 0.0MB.
2024-09-11 23:30:02,537 - INFO - pyopencl - build program: kernel 'frozen_normal_1_b_outflow' was part of a lengthy uncached source build (assuming cached by ICD) (0.38 s)
2024-09-11 23:30:02,571 - INFO - meshmode.array_context - Transforming kernel 'frozen_f2allf_ind' with 1 statements.
2024-09-11 23:30:02,579 - INFO - meshmode.array_context - Array Contraction: Contracting 0 temps
2024-09-11 23:30:02,581 - INFO - meshmode.array_context - [_alias_global_temporaries]: Reduced memory requirement of 'frozen_f2allf_ind' from 0.0MB to 0.0MB.
2024-09-11 23:30:02,983 - INFO - pyopencl - build program: kernel 'frozen_f2allf_ind' was part of a lengthy uncached source build (assuming cached by ICD) (0.36 s)
2024-09-11 23:30:02,999 - INFO - meshmode.array_context - Transforming kernel 'frozen_f2allf_ind' with 1 statements.
2024-09-11 23:30:03,007 - INFO - meshmode.array_context - Array Contraction: Contracting 0 temps
2024-09-11 23:30:03,009 - INFO - meshmode.array_context - [_alias_global_temporaries]: Reduced memory requirement of 'frozen_f2allf_ind' from 0.0MB to 0.0MB.
2024-09-11 23:30:03,413 - INFO - pyopencl - build program: kernel 'frozen_f2allf_ind' was part of a lengthy uncached source build (assuming cached by ICD) (0.36 s)
2024-09-11 23:30:03,548 - INFO - meshmode.array_context - Transforming kernel 'frozen_area_el_b_wall' with 7 statements.
2024-09-11 23:30:03,649 - INFO - meshmode.array_context - Array Contraction: Contracting 2 temps
2024-09-11 23:30:03,684 - INFO - meshmode.array_context - [_alias_global_temporaries]: Reduced memory requirement of 'frozen_area_el_b_wall' from 0.0MB to 0.0MB.
2024-09-11 23:30:04,510 - INFO - pyopencl - build program: kernel 'frozen_area_el_b_wall' was part of a lengthy uncached source build (assuming cached by ICD) (0.39 s)
2024-09-11 23:30:04,607 - INFO - meshmode.array_context - Transforming kernel 'frozen_normal_2_b_wall' with 3 statements.
2024-09-11 23:30:04,665 - INFO - meshmode.array_context - Array Contraction: Contracting 0 temps
2024-09-11 23:30:04,670 - INFO - meshmode.array_context - [_alias_global_temporaries]: Reduced memory requirement of 'frozen_normal_2_b_wall' from 0.0MB to 0.0MB.
2024-09-11 23:30:05,345 - INFO - pyopencl - build program: kernel 'frozen_normal_2_b_wall' was part of a lengthy uncached source build (assuming cached by ICD) (0.39 s)
2024-09-11 23:30:05,428 - INFO - meshmode.array_context - Transforming kernel 'frozen_normal_1_b_wall' with 3 statements.
2024-09-11 23:30:05,487 - INFO - meshmode.array_context - Array Contraction: Contracting 0 temps
2024-09-11 23:30:05,492 - INFO - meshmode.array_context - [_alias_global_temporaries]: Reduced memory requirement of 'frozen_normal_1_b_wall' from 0.0MB to 0.0MB.
2024-09-11 23:30:06,168 - INFO - pyopencl - build program: kernel 'frozen_normal_1_b_wall' was part of a lengthy uncached source build (assuming cached by ICD) (0.39 s)
2024-09-11 23:30:06,202 - INFO - meshmode.array_context - Transforming kernel 'frozen_f2allf_ind' with 1 statements.
2024-09-11 23:30:06,210 - INFO - meshmode.array_context - Array Contraction: Contracting 0 temps
2024-09-11 23:30:06,212 - INFO - meshmode.array_context - [_alias_global_temporaries]: Reduced memory requirement of 'frozen_f2allf_ind' from 0.0MB to 0.0MB.
2024-09-11 23:30:06,614 - INFO - pyopencl - build program: kernel 'frozen_f2allf_ind' was part of a lengthy uncached source build (assuming cached by ICD) (0.36 s)
2024-09-11 23:30:06,628 - INFO - meshmode.array_context - Transforming kernel 'frozen_f2allf_ind' with 1 statements.
2024-09-11 23:30:06,636 - INFO - meshmode.array_context - Array Contraction: Contracting 0 temps
2024-09-11 23:30:06,638 - INFO - meshmode.array_context - [_alias_global_temporaries]: Reduced memory requirement of 'frozen_f2allf_ind' from 0.0MB to 0.0MB.
2024-09-11 23:30:07,047 - INFO - pyopencl - build program: kernel 'frozen_f2allf_ind' was part of a lengthy uncached source build (assuming cached by ICD) (0.36 s)
2024-09-11 23:30:07,179 - INFO - meshmode.array_context - Transforming kernel 'frozen_area_el_b_face_restr_interior' with 7 statements.
2024-09-11 23:30:07,280 - INFO - meshmode.array_context - Array Contraction: Contracting 2 temps
2024-09-11 23:30:07,314 - INFO - meshmode.array_context - [_alias_global_temporaries]: Reduced memory requirement of 'frozen_area_el_b_face_restr_interior' from 0.4MB to 0.3MB.
2024-09-11 23:30:08,141 - INFO - pyopencl - build program: kernel 'frozen_area_el_b_face_restr_interior' was part of a lengthy uncached source build (assuming cached by ICD) (0.39 s)
2024-09-11 23:30:08,236 - INFO - meshmode.array_context - Transforming kernel 'frozen_normal_2_b_face_restr_interior' with 3 statements.
2024-09-11 23:30:08,295 - INFO - meshmode.array_context - Array Contraction: Contracting 0 temps
2024-09-11 23:30:08,300 - INFO - meshmode.array_context - [_alias_global_temporaries]: Reduced memory requirement of 'frozen_normal_2_b_face_restr_interior' from 0.2MB to 0.2MB.
2024-09-11 23:30:08,973 - INFO - pyopencl - build program: kernel 'frozen_normal_2_b_face_restr_interior' was part of a lengthy uncached source build (assuming cached by ICD) (0.39 s)
2024-09-11 23:30:09,056 - INFO - meshmode.array_context - Transforming kernel 'frozen_normal_1_b_face_restr_interior' with 3 statements.
2024-09-11 23:30:09,115 - INFO - meshmode.array_context - Array Contraction: Contracting 0 temps
2024-09-11 23:30:09,120 - INFO - meshmode.array_context - [_alias_global_temporaries]: Reduced memory requirement of 'frozen_normal_1_b_face_restr_interior' from 0.2MB to 0.2MB.
2024-09-11 23:30:09,796 - INFO - pyopencl - build program: kernel 'frozen_normal_1_b_face_restr_interior' was part of a lengthy uncached source build (assuming cached by ICD) (0.39 s)
2024-09-11 23:30:09,830 - INFO - meshmode.array_context - Transforming kernel 'frozen_f2allf_ind' with 1 statements.
2024-09-11 23:30:09,838 - INFO - meshmode.array_context - Array Contraction: Contracting 0 temps
2024-09-11 23:30:09,840 - INFO - meshmode.array_context - [_alias_global_temporaries]: Reduced memory requirement of 'frozen_f2allf_ind' from 0.0MB to 0.0MB.
2024-09-11 23:30:10,251 - INFO - pyopencl - build program: kernel 'frozen_f2allf_ind' was part of a lengthy uncached source build (assuming cached by ICD) (0.36 s)
2024-09-11 23:30:10,265 - INFO - meshmode.array_context - Transforming kernel 'frozen_f2allf_ind' with 1 statements.
2024-09-11 23:30:10,273 - INFO - meshmode.array_context - Array Contraction: Contracting 0 temps
2024-09-11 23:30:10,275 - INFO - meshmode.array_context - [_alias_global_temporaries]: Reduced memory requirement of 'frozen_f2allf_ind' from 0.0MB to 0.0MB.
2024-09-11 23:30:10,685 - INFO - pyopencl - build program: kernel 'frozen_f2allf_ind' was part of a lengthy uncached source build (assuming cached by ICD) (0.36 s)
2024-09-11 23:30:10,699 - INFO - meshmode.array_context - Transforming kernel 'frozen_f2allf_ind' with 1 statements.
2024-09-11 23:30:10,707 - INFO - meshmode.array_context - Array Contraction: Contracting 0 temps
2024-09-11 23:30:10,709 - INFO - meshmode.array_context - [_alias_global_temporaries]: Reduced memory requirement of 'frozen_f2allf_ind' from 0.0MB to 0.0MB.
2024-09-11 23:30:11,121 - INFO - pyopencl - build program: kernel 'frozen_f2allf_ind' was part of a lengthy uncached source build (assuming cached by ICD) (0.36 s)
2024-09-11 23:30:12,091 - INFO - meshmode.array_context - Transforming kernel 'frozen_inv_metric_deriv_vol' with 45 statements.
2024-09-11 23:30:12,813 - INFO - loopy.tools - fuse_same_discretization_entity_loops on 'frozen_inv_metric_deriv_vol': completed (0.68s wall 1.00x CPU)
2024-09-11 23:30:12,866 - INFO - meshmode.array_context - Loop Fusion: completed (0.76s wall 1.00x CPU)
2024-09-11 23:30:12,970 - INFO - meshmode.array_context - Array Contraction: Contracting 0 temps
2024-09-11 23:30:13,009 - INFO - meshmode.array_context - [_alias_global_temporaries]: Reduced memory requirement of 'frozen_inv_metric_deriv_vol' from 1.7MB to 0.5MB.
2024-09-11 23:30:14,102 - INFO - loopy.tools - preprocess_program on 'frozen_inv_metric_deriv_vol': completed (0.63s wall 1.00x CPU)
2024-09-11 23:30:16,452 - INFO - pyopencl - build program: kernel 'frozen_inv_metric_deriv_vol' was part of a lengthy uncached source build (assuming cached by ICD) (0.59 s)
/p/gpfs1/mtcampbe/CEESD/AutomatedTesting/MIRGE-Timing/timing/emirge/mirgecom/mirgecom/artificial_viscosity.py:348: UserWarning: The AV boundary_kwargs interface is deprecated, please pass gas_model and time directly.
  warn("The AV boundary_kwargs interface is deprecated, please pass gas_model"
2024-09-11 23:30:17,828 - INFO - grudge.array_context - deduplicate_data_wrappers[pre-partition]: completed (0.54s wall 1.00x CPU)
failed to infer axis 1 of array of type <class 'pytato.array.Reshape'>.
expr.non_equality_tags=frozenset()
2024-09-11 23:30:20,219 - INFO - grudge.array_context - transform_dag.infer_axes_tags[pre-partition]: completed (2.24s wall 1.00x CPU)
2024-09-11 23:30:20,622 - INFO - pytato.distributed.verify - find_distributed_partition: Split 3429 nodes into 1 parts, with [3429] nodes in each partition.
2024-09-11 23:30:22,436 - INFO - meshmode.array_context - transform_dag.materialize_all_einsums_or_reduces: completed (0.55s wall 1.00x CPU)
failed to infer axis 1 of array of type <class 'pytato.array.Reshape'>.
expr.non_equality_tags=frozenset()
2024-09-11 23:30:24,707 - INFO - meshmode.array_context - transform_dag.infer_axes_tags: completed (2.27s wall 1.00x CPU)
2024-09-11 23:30:24,848 - INFO - meshmode.array_context - Transforming kernel 'frozen_result' with 1 statements.
2024-09-11 23:30:24,857 - INFO - meshmode.array_context - Array Contraction: Contracting 0 temps
2024-09-11 23:30:24,859 - INFO - meshmode.array_context - [_alias_global_temporaries]: Reduced memory requirement of 'frozen_result' from 0.0MB to 0.0MB.
2024-09-11 23:30:25,286 - INFO - pyopencl - build program: kernel 'frozen_result' was part of a lengthy uncached source build (assuming cached by ICD) (0.37 s)
2024-09-11 23:30:25,305 - INFO - meshmode.array_context - Transforming kernel 'frozen_result' with 1 statements.
2024-09-11 23:30:25,330 - INFO - meshmode.array_context - Array Contraction: Contracting 0 temps
2024-09-11 23:30:25,869 - INFO - pyopencl - build program: kernel 'frozen_result' was part of a lengthy uncached source build (assuming cached by ICD) (0.40 s)
2024-09-11 23:30:25,893 - INFO - meshmode.array_context - Transforming kernel 'frozen_result' with 1 statements.
2024-09-11 23:30:26,053 - INFO - meshmode.array_context - Transforming kernel 'frozen_result' with 1 statements.
2024-09-11 23:30:26,067 - INFO - meshmode.array_context - Array Contraction: Contracting 0 temps
2024-09-11 23:30:26,535 - INFO - pyopencl - build program: kernel 'frozen_result' was part of a lengthy uncached source build (assuming cached by ICD) (0.38 s)
2024-09-11 23:30:26,801 - INFO - arraycontext.impl.pytato.compile - transform_dag for 'my_rhs_part_0': completed (6.18s wall 1.00x CPU)
2024-09-11 23:30:30,987 - INFO - arraycontext.impl.pytato.compile - generate_loopy for 'my_rhs_part_0': completed (4.19s wall 1.00x CPU)
2024-09-11 23:30:31,967 - INFO - meshmode.array_context - Transforming kernel 'my_rhs_part_0' with 355 statements.
2024-09-11 23:30:40,679 - INFO - loopy.tools - fuse_same_discretization_entity_loops on 'my_rhs_part_0': completed (8.64s wall 1.00x CPU)
2024-09-11 23:30:41,418 - INFO - meshmode.array_context - Loop Fusion: completed (9.43s wall 1.00x CPU)
2024-09-11 23:30:43,163 - INFO - meshmode.array_context - Array Contraction: Contracting 73 temps
2024-09-11 23:30:46,365 - INFO - loopy.tools - contract_arrays on 'my_rhs_part_0': completed (3.22s wall 1.00x CPU)
2024-09-11 23:30:46,881 - INFO - meshmode.array_context - Array Contraction: completed (4.37s wall 1.00x CPU)
2024-09-11 23:30:47,075 - INFO - meshmode.array_context - [_alias_global_temporaries]: Reduced memory requirement of 'my_rhs_part_0' from 16.3MB to 7.5MB.
2024-09-11 23:30:52,769 - INFO - arraycontext.impl.pytato.compile - transform_loopy_program for 'my_rhs_part_0': completed (21.78s wall 1.00x CPU)
2024-09-11 23:30:56,330 - INFO - loopy.preprocess - my_rhs_part_0: preprocess: completed (0.44s wall 1.00x CPU)
2024-09-11 23:30:58,748 - INFO - loopy.tools - preprocess_program on 'my_rhs_part_0': completed (5.98s wall 1.00x CPU)
2024-09-11 23:31:04,981 - INFO - loopy.schedule - my_rhs_part_0: schedule: completed (2.23s wall 1.00x CPU)
2024-09-11 23:31:13,467 - INFO - loopy.codegen - my_rhs_part_0: generate code: completed (4.49s wall 1.00x CPU)
2024-09-11 23:31:21,892 - INFO - pyopencl - build program: kernel 'my_rhs_part_0' was part of a lengthy uncached source build (assuming cached by ICD) (5.91 s)
2024-09-11 23:31:23,451 - INFO - meshmode.array_context - Transforming kernel 'frozen_result' with 1 statements.
2024-09-11 23:31:23,465 - INFO - meshmode.array_context - Array Contraction: Contracting 0 temps
2024-09-11 23:31:23,467 - INFO - meshmode.array_context - [_alias_global_temporaries]: Reduced memory requirement of 'frozen_result' from 0.0MB to 0.0MB.
2024-09-11 23:31:23,908 - INFO - pyopencl - build program: kernel 'frozen_result' was part of a lengthy uncached source build (assuming cached by ICD) (0.37 s)
2024-09-11 23:31:23,927 - INFO - meshmode.array_context - Transforming kernel 'frozen_result' with 1 statements.
2024-09-11 23:31:23,940 - INFO - meshmode.array_context - Array Contraction: Contracting 0 temps
2024-09-11 23:31:23,942 - INFO - meshmode.array_context - [_alias_global_temporaries]: Reduced memory requirement of 'frozen_result' from 0.0MB to 0.0MB.
2024-09-11 23:31:24,380 - INFO - pyopencl - build program: kernel 'frozen_result' was part of a lengthy uncached source build (assuming cached by ICD) (0.37 s)
2024-09-11 23:31:24,409 - INFO - meshmode.array_context - Transforming kernel 'frozen_result' with 1 statements.
2024-09-11 23:31:24,422 - INFO - meshmode.array_context - Array Contraction: Contracting 0 temps
2024-09-11 23:31:24,424 - INFO - meshmode.array_context - [_alias_global_temporaries]: Reduced memory requirement of 'frozen_result' from 0.0MB to 0.0MB.
2024-09-11 23:31:24,863 - INFO - pyopencl - build program: kernel 'frozen_result' was part of a lengthy uncached source build (assuming cached by ICD) (0.37 s)
2024-09-11 23:31:24,882 - INFO - meshmode.array_context - Transforming kernel 'frozen_result' with 1 statements.
2024-09-11 23:31:24,895 - INFO - meshmode.array_context - Array Contraction: Contracting 0 temps
2024-09-11 23:31:24,897 - INFO - meshmode.array_context - [_alias_global_temporaries]: Reduced memory requirement of 'frozen_result' from 0.0MB to 0.0MB.
2024-09-11 23:31:25,336 - INFO - pyopencl - build program: kernel 'frozen_result' was part of a lengthy uncached source build (assuming cached by ICD) (0.37 s)
/p/gpfs1/mtcampbe/CEESD/AutomatedTesting/MIRGE-Timing/timing/emirge/mirgecom/mirgecom/steppers.py:439: UserWarning: Deduced force_eval=True for this timestepper. This can have a nontrivial performance impact. If you know that your timestepper does not require per-step forced evaluation, explicitly set force_eval=False.
  _advance_state_stepper_func(
2024-09-11 23:31:25,425 - INFO - meshmode.array_context - Transforming kernel 'frozen_result' with 4 statements.
2024-09-11 23:31:25,469 - INFO - meshmode.array_context - Array Contraction: Contracting 0 temps
2024-09-11 23:31:25,473 - INFO - meshmode.array_context - [_alias_global_temporaries]: Reduced memory requirement of 'frozen_result' from 0.0MB to 0.0MB.
2024-09-11 23:31:26,097 - INFO - pyopencl - build program: kernel 'frozen_result' was part of a lengthy uncached source build (assuming cached by ICD) (0.38 s)
step = 0, sim time: 0.000000e+00 s, step walltime: 105.384 s
2024-09-11 23:31:26,246 - INFO - meshmode.array_context - Transforming kernel 'frozen_result' with 4 statements.
2024-09-11 23:31:26,290 - INFO - meshmode.array_context - Array Contraction: Contracting 0 temps
2024-09-11 23:31:26,295 - INFO - meshmode.array_context - [_alias_global_temporaries]: Reduced memory requirement of 'frozen_result' from 0.0MB to 0.0MB.
2024-09-11 23:31:26,935 - INFO - pyopencl - build program: kernel 'frozen_result' was part of a lengthy uncached source build (assuming cached by ICD) (0.40 s)
step = 1, sim time: 1.000000e-08 s, step walltime: 0.822969 s
step = 2, sim time: 2.000000e-08 s, step walltime: 0.0409123 s
step = 3, sim time: 3.000000e-08 s, step walltime: 0.0328691 s
step = 4, sim time: 4.000000e-08 s, step walltime: 0.0333031 s
step = 5, sim time: 5.000000e-08 s, step walltime: 0.0330292 s
step = 6, sim time: 6.000000e-08 s, step walltime: 0.0330475 s
step = 7, sim time: 7.000000e-08 s, step walltime: 0.0328892 s
step = 8, sim time: 8.000000e-08 s, step walltime: 0.0331093 s
step = 9, sim time: 9.000000e-08 s, step walltime: 0.0328863 s
step = 10, sim time: 1.000000e-07 s, step walltime: 0.033138 s
step = 11, sim time: 1.100000e-07 s, step walltime: 0.032782 s
step = 12, sim time: 1.200000e-07 s, step walltime: 0.0332083 s
step = 13, sim time: 1.300000e-07 s, step walltime: 0.0331748 s
step = 14, sim time: 1.400000e-07 s, step walltime: 0.0335918 s
step = 15, sim time: 1.500000e-07 s, step walltime: 0.032988 s
step = 16, sim time: 1.600000e-07 s, step walltime: 0.0331218 s
step = 17, sim time: 1.700000e-07 s, step walltime: 0.0328289 s
step = 18, sim time: 1.800000e-07 s, step walltime: 0.0331365 s
2024-09-11 23:31:27,631 - INFO - meshmode.array_context - Transforming kernel 'frozen_result' with 1 statements.
2024-09-11 23:31:27,645 - INFO - meshmode.array_context - Array Contraction: Contracting 0 temps
2024-09-11 23:31:27,647 - INFO - meshmode.array_context - [_alias_global_temporaries]: Reduced memory requirement of 'frozen_result' from 0.0MB to 0.0MB.
2024-09-11 23:31:28,084 - INFO - pyopencl - build program: kernel 'frozen_result' was part of a lengthy uncached source build (assuming cached by ICD) (0.36 s)
2024-09-11 23:31:28,112 - INFO - meshmode.array_context - Transforming kernel 'frozen_result' with 1 statements.
2024-09-11 23:31:28,125 - INFO - meshmode.array_context - Array Contraction: Contracting 0 temps
2024-09-11 23:31:28,128 - INFO - meshmode.array_context - [_alias_global_temporaries]: Reduced memory requirement of 'frozen_result' from 0.0MB to 0.0MB.
2024-09-11 23:31:28,566 - INFO - pyopencl - build program: kernel 'frozen_result' was part of a lengthy uncached source build (assuming cached by ICD) (0.37 s)
2024-09-11 23:31:28,654 - INFO - meshmode.array_context - Transforming kernel 'frozen_result' with 4 statements.
2024-09-11 23:31:28,698 - INFO - meshmode.array_context - Array Contraction: Contracting 0 temps
2024-09-11 23:31:28,702 - INFO - meshmode.array_context - [_alias_global_temporaries]: Reduced memory requirement of 'frozen_result' from 0.0MB to 0.0MB.
2024-09-11 23:31:29,324 - INFO - pyopencl - build program: kernel 'frozen_result' was part of a lengthy uncached source build (assuming cached by ICD) (0.38 s)
step = 19, sim time: 1.900000e-07 s, step walltime: 1.74143 s
2024-09-11 23:31:29,373 - INFO - pytato.distributed.verify - find_distributed_partition: Split 21 nodes into 1 parts, with [21] nodes in each partition.
2024-09-11 23:31:29,451 - INFO - meshmode.array_context - Transforming kernel 'get_fluid_state_part_0' with 15 statements.
2024-09-11 23:31:29,576 - INFO - meshmode.array_context - Array Contraction: Contracting 1 temps
2024-09-11 23:31:29,602 - INFO - meshmode.array_context - [_alias_global_temporaries]: Reduced memory requirement of 'get_fluid_state_part_0' from 0.1MB to 0.1MB.
2024-09-11 23:31:30,507 - INFO - pyopencl - build program: kernel 'get_fluid_state_part_0' was part of a lengthy uncached source build (assuming cached by ICD) (0.39 s)
Checkpointing final state ...
2024-09-11 23:31:30,596 - INFO - meshmode.array_context - Transforming kernel 'frozen_result' with 4 statements.
2024-09-11 23:31:30,639 - INFO - meshmode.array_context - Array Contraction: Contracting 3 temps
2024-09-11 23:31:30,675 - INFO - meshmode.array_context - [_alias_global_temporaries]: Reduced memory requirement of 'frozen_result' from 0.2MB to 0.2MB.
2024-09-11 23:31:31,219 - INFO - pyopencl - build program: kernel 'frozen_result' was part of a lengthy uncached source build (assuming cached by ICD) (0.39 s)
-------- dt = 0.000e+00, cfl = 0.0228
-------- P (min, max) (Pa) = (1.284504623e+03, 2.753939220e+05)
-------- T (min, max) (K)  = (269.955, 2214.65)

2024-09-11 23:31:31,280 - INFO - meshmode.array_context - Transforming kernel 'frozen_result' with 3 statements.
2024-09-11 23:31:31,302 - INFO - meshmode.array_context - Array Contraction: Contracting 0 temps
2024-09-11 23:31:31,306 - INFO - meshmode.array_context - [_alias_global_temporaries]: Reduced memory requirement of 'frozen_result' from 0.1MB to 0.1MB.
2024-09-11 23:31:31,883 - INFO - pyopencl - build program: kernel 'frozen_result' was part of a lengthy uncached source build (assuming cached by ICD) (0.40 s)
2024-09-11 23:31:31,908 - INFO - meshmode.array_context - Transforming kernel 'frozen_result' with 1 statements.
2024-09-11 23:31:31,914 - INFO - meshmode.array_context - Array Contraction: Contracting 0 temps
2024-09-11 23:31:31,916 - INFO - meshmode.array_context - [_alias_global_temporaries]: Reduced memory requirement of 'frozen_result' from 0.0MB to 0.0MB.
2024-09-11 23:31:32,359 - INFO - pyopencl - build program: kernel 'frozen_result' was part of a lengthy uncached source build (assuming cached by ICD) (0.38 s)
2024-09-11 23:31:32,397 - INFO - meshmode.array_context - Transforming kernel 'frozen_result' with 3 statements.
2024-09-11 23:31:32,419 - INFO - meshmode.array_context - Array Contraction: Contracting 0 temps
2024-09-11 23:31:32,423 - INFO - meshmode.array_context - [_alias_global_temporaries]: Reduced memory requirement of 'frozen_result' from 0.1MB to 0.1MB.
2024-09-11 23:31:32,999 - INFO - pyopencl - build program: kernel 'frozen_result' was part of a lengthy uncached source build (assuming cached by ICD) (0.40 s)
failed to infer axis 1 of array of type <class 'pytato.array.Reshape'>.
expr.non_equality_tags=frozenset()
2024-09-11 23:31:33,067 - INFO - meshmode.array_context - Transforming kernel 'frozen_result' with 6 statements.
2024-09-11 23:31:33,145 - INFO - meshmode.array_context - Array Contraction: Contracting 0 temps
2024-09-11 23:31:33,153 - INFO - meshmode.array_context - [_alias_global_temporaries]: Reduced memory requirement of 'frozen_result' from 0.2MB to 0.2MB.
2024-09-11 23:31:34,036 - INFO - pyopencl - build program: kernel 'frozen_result' was part of a lengthy uncached source build (assuming cached by ICD) (0.47 s)
2024-09-11 23:31:34,115 - INFO - meshmode.array_context - Transforming kernel 'frozen_result' with 4 statements.
2024-09-11 23:31:34,151 - INFO - meshmode.array_context - Array Contraction: Contracting 2 temps
2024-09-11 23:31:34,176 - INFO - meshmode.array_context - [_alias_global_temporaries]: Reduced memory requirement of 'frozen_result' from 0.2MB to 0.2MB.
2024-09-11 23:31:34,804 - INFO - pyopencl - build program: kernel 'frozen_result' was part of a lengthy uncached source build (assuming cached by ICD) (0.41 s)

------------------------------------------------------------
Sender: LSF System <lsfadmin@lassen710>
Subject: Job 6178884: <isolator_timing_job.sh> in cluster <lassen> Done

Job <isolator_timing_job.sh> was submitted from host <lassen708> by user <mtcampbe> in cluster <lassen> at Wed Sep 11 23:28:09 2024
Job was executed on host(s) <1*lassen710>, in queue <pbatch>, as user <mtcampbe> in cluster <lassen> at Wed Sep 11 23:28:12 2024
                            <40*lassen250>
</g/g17/mtcampbe> was used as the home directory.
</p/gpfs1/mtcampbe/CEESD/AutomatedTesting/MIRGE-Timing/timing/emirge/mirgecom/y2-isolator/timing_run> was used as the working directory.
Started at Wed Sep 11 23:28:12 2024
Terminated at Wed Sep 11 23:32:14 2024
Results reported at Wed Sep 11 23:32:14 2024

Your job looked like:

------------------------------------------------------------
# LSBATCH: User input
#!/bin/bash

#BSUB -nnodes 1
#BSUB -G uiuc
#BSUB -W 60
#BSUB -q pbatch

printf "Running with EMIRGE_HOME=/p/gpfs1/mtcampbe/CEESD/AutomatedTesting/MIRGE-Timing/timing/emirge\n"

source "/p/gpfs1/mtcampbe/CEESD/AutomatedTesting/MIRGE-Timing/timing/emirge/config/activate_env.sh"
export PYOPENCL_CTX="port:tesla"
export XDG_CACHE_HOME="/tmp/mtcampbe/xdg-scratch"
rm -rf $XDG_CACHE_HOME
rm -f timing-run-done
which python
conda env list
env
env | grep LSB_MCPU_HOSTS

jsrun -g 1 -a 1 -n 1 python -O -u -m mpi4py ./isolator.py -i timing_params.yaml --lazy --log
touch timing-run-done


------------------------------------------------------------

Successfully completed.

Resource usage summary:

    CPU time :                                   0.32 sec.
    Max Memory :                                 59 MB
    Average Memory :                             57.25 MB
    Total Requested Memory :                     -
    Delta Memory :                               -
    Max Swap :                                   1251 MB
    Max Processes :                              4
    Max Threads :                                27
    Run time :                                   241 sec.
    Turnaround time :                            245 sec.

The output (if any) is above this job summary.

