Customizing shell for Lassen.
Running with EMIRGE_HOME=/p/gpfs1/mtcampbe/CEESD/AutomatedTesting/MIRGE-Timing/timing/emirge
Activating 'nozzle.lazy.timing.env' environment for '/p/gpfs1/mtcampbe/CEESD/AutomatedTesting/MIRGE-Timing/timing/emirge/miniforge3/bin/conda'.
/p/gpfs1/mtcampbe/CEESD/AutomatedTesting/MIRGE-Timing/timing/emirge/miniforge3/envs/nozzle.lazy.timing.env/bin/python
# conda environments:
#
                         /g/g17/mtcampbe/scratchl/CEESD/AutomatedTesting/AK/emirge/miniforge3
                         /g/g17/mtcampbe/scratchl/CEESD/AutomatedTesting/AK/emirge/miniforge3/envs/nozzle.timing.env
                         /g/g17/mtcampbe/scratchl/CEESD/Software/Experimental/emirge/miniforge3
                         /g/g17/mtcampbe/scratchl/CEESD/Software/Experimental/emirge/miniforge3/envs/xp.ceesd
                         /g/g17/mtcampbe/scratchl/CEESD/Support/CEESD-Y1_Shock1D/emirge/miniforge3
                         /g/g17/mtcampbe/scratchl/CEESD/Support/CEESD-Y1_Shock1D/emirge/miniforge3/envs/mirgeDriver.shock1d
                         /p/gpfs1/mtcampbe/CEESD/AutomatedTesting/MIRGE-Timing/hand-timing/emirge/miniforge3/envs/hand.timing.lazy.env
                         /p/gpfs1/mtcampbe/CEESD/AutomatedTesting/MIRGE-Timing/timing.mix/emirge/miniforge3/envs/flame1d.lazy.mix.env
base                     /p/gpfs1/mtcampbe/CEESD/AutomatedTesting/MIRGE-Timing/timing/emirge/miniforge3
nozzle.lazy.timing.env  *  /p/gpfs1/mtcampbe/CEESD/AutomatedTesting/MIRGE-Timing/timing/emirge/miniforge3/envs/nozzle.lazy.timing.env
                         /p/gpfs1/mtcampbe/CEESD/Experimental/pardist2/emirge/miniforge3
                         /p/gpfs1/mtcampbe/CEESD/Experimental/pardist2/emirge/miniforge3/envs/x.distpar2.test
                         /usr/workspace/wsa/xpacc/Users/mtcampbe/CEESD/Quartz/Install/conda
                         /usr/workspace/wsa/xpacc/Users/mtcampbe/CEESD/Quartz/Install/conda/envs/abate.mtc_euler.env
                         /usr/workspace/wsa/xpacc/Users/mtcampbe/CEESD/Quartz/Install/conda/envs/ceesd.master
                         /usr/workspace/wsa/xpacc/Users/mtcampbe/CEESD/Quartz/Install/conda/envs/chem.master
                         /usr/workspace/wsa/xpacc/Users/mtcampbe/CEESD/Quartz/Install/conda/envs/dgfem
                         /usr/workspace/wsa/xpacc/Users/mtcampbe/CEESD/Quartz/Install/conda/envs/mc.master

LMOD_FAMILY_COMPILER_VERSION=8.3.1
PROJ_LIB=/p/gpfs1/mtcampbe/CEESD/AutomatedTesting/MIRGE-Timing/timing/emirge/miniforge3/envs/nozzle.lazy.timing.env/share/proj
LLNL_IPISOLATE=0
MANPATH=/usr/tce/packages/spectrum-mpi/ibm/spectrum-mpi-rolling-release/share/man:/usr/tce/packages/gcc/gcc-8.3.1/man:/opt/ibm/spectrumcomputing/lsf/10.1.0.10/man:/usr/man:/usr/share/man:/usr/local/man:/usr/X11R6/man:/usr/lib64/mvapich/default/man:/opt/ibm/spectrum_mpi/jsm_pmix/share/man
LSB_EXEC_CLUSTER=lassen
OMPI_COMM_WORLD_RANK=0
LMOD_FAMILY_CUDA=cuda
LMOD_ANCIENT_TIME=3600
GUESTFISH_INIT=\e[1;34m
_ModuleTable003_=bG9jLzIuMC5sdWEiLFsiZnVsbE5hbWUiXT0ibGFsbG9jLzIuMCIsWyJsb2FkT3JkZXIiXT0zLHByb3BUPXt9LFsic3RhY2tEZXB0aCJdPTAsWyJzdGF0dXMiXT0iYWN0aXZlIixbInVzZXJOYW1lIl09ImxhbGxvYy8yLjAiLH0sWyJzcGVjdHJ1bS1tcGkiXT17WyJmbiJdPSIvdXNyL3RjZS9tb2R1bGVmaWxlcy9Db21waWxlci9nY2MvOC4zLjEvc3BlY3RydW0tbXBpL3JvbGxpbmctcmVsZWFzZS5sdWEiLFsiZnVsbE5hbWUiXT0ic3BlY3RydW0tbXBpL3JvbGxpbmctcmVsZWFzZSIsWyJsb2FkT3JkZXIiXT01LHByb3BUPXt9LFsic3RhY2tEZXB0aCJdPTAsWyJzdGF0dXMiXT0iYWN0aXZlIixbInVzZXJOYW1lIl09InNwZWN0cnVtLW1waS9yb2xsaW5nLXJlbGVhc2UiLH0sfSxt
HOSTNAME=lassen429
LSB_EFFECTIVE_RSRCREQ=1*{select[(LN) && (type == any)] order[r15s:pg] span[hosts=1]}+40*{select[(CN) && (type == any)] order[r15s:pg] span[ptile=40]}
LSB_DOCKER_JOB_STARTTS=1646387630
BBHASH=7566dfa6f2e7fcf0686e9b34f641c083
JSM_TMPDIR=/var/tmp
MIRGE_TIMING_HOME=/p/gpfs1/mtcampbe/CEESD/AutomatedTesting/MIRGE-Timing
LSF_LOGDIR=/opt/ibm/spectrumcomputing/lsf/log
LSF_LIM_API_NTRIES=1
LSB_BATCH_JID=3307743
__LMOD_REF_COUNT_MODULEPATH=/usr/tce/modulefiles/MPI/gcc/8.3.1/spectrum-mpi/rolling-release:1;/usr/tce/modulefiles/Compiler/gcc/8.3.1:1;/usr/tcetmp/modulefiles/Core:1;/usr/apps/modulefiles:1;/usr/share/modulefiles/Linux:1;/usr/share/modulefiles/Core:1;/usr/share/lmod/lmod/modulefiles/Core:1;/collab/usr/global/tools/modulefiles/blueos_3_ppc64le_ib_p9/Core:1
MAILTO=mtcampbe@illinois.edu,andreask@illinois.edu
SHELL=/bin/bash
LMOD_ROOT=/usr/share/lmod
HISTSIZE=1000
WISECONFIGDIR=/usr/share/wise2/
LMOD_SYSTEM_DEFAULT_MODULES=StdEnv
TMPDIR=/var/tmp
MODULEPATH_ROOT=/usr/share/modulefiles
SSH_CLIENT=192.168.66.202 35538 22
LS_EXECCWD=/p/gpfs1/mtcampbe/CEESD/AutomatedTesting/MIRGE-Timing/timing/emirge/mirgecom/y2-isolator/timing_run
LSB_TRAPSIGS=trap # 15 10 12 2 1
CONDA_SHLVL=1
LMOD_FAMILY_CUDA_VERSION=10.1.243
LS_JOBPID=8211
CONDA_PROMPT_MODIFIER=
LSB_MAX_NUM_PROCESSORS=41
LSB_JOBRES_CALLBACK=55765@lassen710
LMOD_PKG=/usr/share/lmod/lmod
LSB_JOB_EXECUSER=mtcampbe
LSB_JOBID=3307743
QTDIR=/usr/lib64/qt-3.3
LSF_SERVERDIR=/opt/ibm/spectrumcomputing/lsf/10.1.0.10/linux3.10-glibc2.17-ppc64le-csm/etc
LSB_JOBRES_PID=8211
LMOD_VERSION=8.2.7
LMOD_SHORT_TIME=60
QTINC=/usr/lib64/qt-3.3/include
LSB_JOBNAME=isolator_timing_job.sh
LLNL_COMPUTE_NODES=lassen429
LLNL_ATSDISABLE=0
__LMOD_REF_COUNT_LOADEDMODULES=cuda/10.1.243:1;StdEnv:1;lalloc/2.0:1;gcc/8.3.1:1;spectrum-mpi/rolling-release:1
BSUB_BLOCK_EXEC_HOST=
QT_GRAPHICSSYSTEM_CHECKED=1
LSF_LIBDIR=/opt/ibm/spectrumcomputing/lsf/10.1.0.10/linux3.10-glibc2.17-ppc64le-csm/lib
LSB_PROJECT_NAME=default
OPAL_PREFIX=/usr/tce/packages/spectrum-mpi/ibm/spectrum-mpi-rolling-release
CUDA_HOME=/usr/tce/packages/cuda/cuda-10.1.243
USER=mtcampbe
PYOPENCL_CTX=port:tesla
LMOD_sys=Linux
LD_LIBRARY_PATH=/opt/ibm/spectrumcomputing/lsf/10.1.0.10/linux3.10-glibc2.17-ppc64le-csm/lib:/usr/tce/packages/cuda/cuda-10.1.243/lib64
SBD_KRB5CCNAME_VAL=
LSB_EEXEC_REAL_UID=
CONDA_EXE=/p/gpfs1/mtcampbe/CEESD/AutomatedTesting/MIRGE-Timing/timing/emirge/miniforge3/bin/conda
CEESD=/usr/workspace/wsa/xpacc/Users/mtcampbe/CEESD/Lassen
ENV=/g/g17/mtcampbe/.bashrc
PFTP_CONFIG_FILENAME=/etc/pftp_config
HOST_GRP=linux
_ModuleTable004_=cGF0aEE9eyIvdXNyL3RjZS9tb2R1bGVmaWxlcy9NUEkvZ2NjLzguMy4xL3NwZWN0cnVtLW1waS9yb2xsaW5nLXJlbGVhc2UiLCIvdXNyL3RjZS9tb2R1bGVmaWxlcy9Db21waWxlci9nY2MvOC4zLjEiLCIvdXNyL3RjZXRtcC9tb2R1bGVmaWxlcy9Db3JlIiwiL3Vzci9hcHBzL21vZHVsZWZpbGVzIiwiL3Vzci9zaGFyZS9tb2R1bGVmaWxlcy9MaW51eCIsIi91c3Ivc2hhcmUvbW9kdWxlZmlsZXMvQ29yZSIsIi91c3Ivc2hhcmUvbG1vZC9sbW9kL21vZHVsZWZpbGVzL0NvcmUiLCIvY29sbGFiL3Vzci9nbG9iYWwvdG9vbHMvbW9kdWxlZmlsZXMvYmx1ZW9zXzNfcHBjNjRsZV9pYl9wOS9Db3JlIix9LFsic3lzdGVtQmFzZU1QQVRIIl09Ii91c3IvdGNldG1wL21vZHVsZWZpbGVz
HOSTTYPE=LINUXPPC64LE
__LMOD_REF_COUNT__LMFILES_=/usr/tcetmp/modulefiles/Core/cuda/10.1.243.lua:1;/usr/tcetmp/modulefiles/Core/StdEnv.lua:1;/usr/tcetmp/modulefiles/Core/lalloc/2.0.lua:1;/usr/tcetmp/modulefiles/Core/gcc/8.3.1.lua:1;/usr/tce/modulefiles/Compiler/gcc/8.3.1/spectrum-mpi/rolling-release.lua:1
LSF_INVOKE_CMD=bsub
CUDA_CACHE_DISABLE=1
LS_EXEC_T=START
LMOD_FAMILY_LALLOC=lalloc
LS_SUBCWD=/p/gpfs1/mtcampbe/CEESD/AutomatedTesting/MIRGE-Timing/timing/emirge/mirgecom/y2-isolator/timing_run
LSB_SUB_RES_REQ=1*{select[LN]span[hosts=1]} + 40*{select[CN]span[ptile=40]}
LSB_HOSTS=lassen710 lassen429 lassen429 lassen429 lassen429 lassen429 lassen429 lassen429 lassen429 lassen429 lassen429 lassen429 lassen429 lassen429 lassen429 lassen429 lassen429 lassen429 lassen429 lassen429 lassen429 lassen429 lassen429 lassen429 lassen429 lassen429 lassen429 lassen429 lassen429 lassen429 lassen429 lassen429 lassen429 lassen429 lassen429 lassen429 lassen429 lassen429 lassen429 lassen429 lassen429
LMOD_PREPEND_BLOCK=normal
LMOD_FAMILY_MPI_VERSION=rolling-release
GUESTFISH_PS1=\[\e[1;32m\]><fs>\[\e[0;31m\] 
_CE_CONDA=
LSB_UNIXGROUP_INT=mtcampbe
LSB_JOBFILENAME=/g/g17/mtcampbe/.lsbatch/1646387627.3307743
LSB_JOBINDEX=0
_ModuleTable001_=X01vZHVsZVRhYmxlXz17WyJNVHZlcnNpb24iXT0zLFsiY19yZWJ1aWxkVGltZSJdPWZhbHNlLFsiY19zaG9ydFRpbWUiXT1mYWxzZSxkZXB0aFQ9e30sZmFtaWx5PXtbImNvbXBpbGVyIl09ImdjYyIsWyJjdWRhIl09ImN1ZGEiLFsibGFsbG9jIl09ImxhbGxvYyIsWyJtcGkiXT0ic3BlY3RydW0tbXBpIix9LG1UPXtTdGRFbnY9e1siZm4iXT0iL3Vzci90Y2V0bXAvbW9kdWxlZmlsZXMvQ29yZS9TdGRFbnYubHVhIixbImZ1bGxOYW1lIl09IlN0ZEVudiIsWyJsb2FkT3JkZXIiXT0yLHByb3BUPXtsbW9kPXtbInN0aWNreSJdPTEsfSx9LFsic3RhY2tEZXB0aCJdPTAsWyJzdGF0dXMiXT0iYWN0aXZlIixbInVzZXJOYW1lIl09IlN0ZEVudiIsfSxjdWRhPXtbImZuIl09Ii91c3Iv
PATH=/usr/workspace/wsa/xpacc/Users/mtcampbe/CEESD/Lassen/conda-install/bin:/usr/workspace/wsa/xpacc/Users/mtcampbe/CEESD/Lassen/conda-install/bin:/usr/tce/packages/spectrum-mpi/spectrum-mpi-rolling-release-gcc-8.3.1/bin:/usr/tce/packages/gcc/gcc-8.3.1/bin:/usr/tce/packages/lalloc/lalloc-2.0/bin:/p/gpfs1/mtcampbe/CEESD/AutomatedTesting/MIRGE-Timing/timing/emirge/miniforge3/envs/nozzle.lazy.timing.env/bin:/p/gpfs1/mtcampbe/CEESD/AutomatedTesting/MIRGE-Timing/timing/emirge/miniforge3/bin:/usr/workspace/wsa/xpacc/Users/mtcampbe/CEESD/Lassen/conda-install/bin:/usr/tce/packages/cuda/cuda-10.1.243/bin:/usr/tcetmp/bin:/usr/condabin:/usr/lib64/qt-3.3/bin:/usr/local/bin:/usr/bin:/usr/local/sbin:/usr/sbin:/opt/ibm/spectrum_mpi/jsm_pmix/bin:/opt/ibm/bb/bin:/opt/ibm/flightlog/bin:/opt/ibutils/bin:/opt/ibm/spectrumcomputing/lsf/10.1.0.10/linux3.10-glibc2.17-ppc64le-csm/etc:/opt/ibm/spectrumcomputing/lsf/10.1.0.10/linux3.10-glibc2.17-ppc64le-csm/bin:/opt/ibm/spectrumcomputing/lsf/10.1.0.9/linux3.10-glibc2.17-ppc64le-csm/etc:/opt/ibm/spectrumcomputing/lsf/10.1.0.9/linux3.10-glibc2.17-ppc64le-csm/bin
MAIL=/var/spool/mail/mtcampbe
PROJ_NETWORK=ON
LCSCHEDCLUSTER=lassen
LSB_EXIT_PRE_ABORT=99
LSB_JOBEXIT_STAT=0
LMOD_SETTARG_CMD=:
LMOD_FAMILY_LALLOC_VERSION=2.0
CONDA_PREFIX=/p/gpfs1/mtcampbe/CEESD/AutomatedTesting/MIRGE-Timing/timing/emirge/miniforge3/envs/nozzle.lazy.timing.env
INPUTRC=/etc/inputrc
PWD=/p/gpfs1/mtcampbe/CEESD/AutomatedTesting/MIRGE-Timing/timing/emirge/mirgecom/y2-isolator/timing_run
_LMFILES_=/usr/tcetmp/modulefiles/Core/cuda/10.1.243.lua:/usr/tcetmp/modulefiles/Core/StdEnv.lua:/usr/tcetmp/modulefiles/Core/lalloc/2.0.lua:/usr/tcetmp/modulefiles/Core/gcc/8.3.1.lua:/usr/tce/modulefiles/Compiler/gcc/8.3.1/spectrum-mpi/rolling-release.lua
EDITOR=/bin/vi
LANG=en_US.UTF-8
LSB_CHKFILENAME=/g/g17/mtcampbe/.lsbatch/1646387627.3307743
MODULEPATH=/usr/tce/modulefiles/MPI/gcc/8.3.1/spectrum-mpi/rolling-release:/usr/tce/modulefiles/Compiler/gcc/8.3.1:/usr/tcetmp/modulefiles/Core:/usr/apps/modulefiles:/usr/share/modulefiles/Linux:/usr/share/modulefiles/Core:/usr/share/lmod/lmod/modulefiles/Core:/collab/usr/global/tools/modulefiles/blueos_3_ppc64le_ib_p9/Core
LSB_DJOB_HOSTFILE=/g/g17/mtcampbe/.lsbatch/1646387627.3307743.hostfile
LOADEDMODULES=cuda/10.1.243:StdEnv:lalloc/2.0:gcc/8.3.1:spectrum-mpi/rolling-release
KDEDIRS=/usr
GUESTFISH_OUTPUT=\e[0m
_ModuleTable_Sz_=5
LSB_JOB_STARTER=/usr/tcetmp/bin/bsub_job_starter %USRCMD
EMIRGE_HOME=/p/gpfs1/mtcampbe/CEESD/AutomatedTesting/MIRGE-Timing/timing/emirge
LSF_JOB_TIMESTAMP_VALUE=1646387630
LMOD_CMD=/usr/share/lmod/lmod/libexec/lmod
_ModuleTable005_=L0NvcmU6L3Vzci9hcHBzL21vZHVsZWZpbGVzOi91c3Ivc2hhcmUvbW9kdWxlZmlsZXMvTGludXg6L3Vzci9zaGFyZS9tb2R1bGVmaWxlcy9Db3JlOi91c3Ivc2hhcmUvbG1vZC9sbW9kL21vZHVsZWZpbGVzL0NvcmUiLH0=
BBPATH=/mnt/bb_7566dfa6f2e7fcf0686e9b34f641c083
LSB_EXEC_HOSTTYPE=UNKNOWN_AUTO_DETECT
LSB_DJOB_NUMPROC=41
LSF_BINDIR=/opt/ibm/spectrumcomputing/lsf/10.1.0.10/linux3.10-glibc2.17-ppc64le-csm/bin
LLNL_NUM_COMPUTE_NODES=1
HISTCONTROL=ignoredups
ENVIRONMENT=BATCH
_CE_M=
SSH_ASKPASS=/usr/libexec/openssh/gnome-ssh-askpass
CXX=mpicxx
HOME=/g/g17/mtcampbe
SHLVL=6
__LMOD_REF_COUNT_PATH=/usr/tce/packages/spectrum-mpi/spectrum-mpi-rolling-release-gcc-8.3.1/bin:2;/usr/tce/packages/gcc/gcc-8.3.1/bin:2;/usr/tce/packages/lalloc/lalloc-2.0/bin:2;/p/gpfs1/mtcampbe/CEESD/AutomatedTesting/MIRGE-Timing/timing/emirge/miniforge3/envs/nozzle.lazy.timing.env/bin:1;/p/gpfs1/mtcampbe/CEESD/AutomatedTesting/MIRGE-Timing/timing/emirge/miniforge3/bin:1;/usr/workspace/wsa/xpacc/Users/mtcampbe/CEESD/Lassen/conda-install/bin:1;/usr/tce/packages/cuda/cuda-10.1.243/bin:2;/usr/tcetmp/bin:2;/usr/condabin:1;/usr/lib64/qt-3.3/bin:1;/usr/local/bin:1;/usr/bin:1;/usr/local/sbin:1;/usr/sbin:1;/opt/ibm/spectrum_mpi/jsm_pmix/bin:1;/opt/ibm/bb/bin:1;/opt/ibm/flightlog/bin:1;/opt/ibutils/bin:1;/opt/ibm/spectrumcomputing/lsf/10.1.0.10/linux3.10-glibc2.17-ppc64le-csm/etc:1;/opt/ibm/spectrumcomputing/lsf/10.1.0.10/linux3.10-glibc2.17-ppc64le-csm/bin:1;/opt/ibm/spectrumcomputing/lsf/10.1.0.9/linux3.10-glibc2.17-ppc64le-csm/etc:1;/opt/ibm/spectrumcomputing/lsf/10.1.0.9/linux3.10-glibc2.17-ppc64le-csm/bin:1
JOB_TERMINATE_INTERVAL=10
LSB_ACCT_FILE=/tmp/3307743.tmpdir/.1646387627.3307743.acct
_ModuleTable002_=dGNldG1wL21vZHVsZWZpbGVzL0NvcmUvY3VkYS8xMC4xLjI0My5sdWEiLFsiZnVsbE5hbWUiXT0iY3VkYS8xMC4xLjI0MyIsWyJsb2FkT3JkZXIiXT0xLHByb3BUPXt9LFsic3RhY2tEZXB0aCJdPTEsWyJzdGF0dXMiXT0iYWN0aXZlIixbInVzZXJOYW1lIl09ImN1ZGEvMTAuMS4yNDMiLH0sZ2NjPXtbImZuIl09Ii91c3IvdGNldG1wL21vZHVsZWZpbGVzL0NvcmUvZ2NjLzguMy4xLmx1YSIsWyJmdWxsTmFtZSJdPSJnY2MvOC4zLjEiLFsibG9hZE9yZGVyIl09NCxwcm9wVD17fSxbInN0YWNrRGVwdGgiXT0wLFsic3RhdHVzIl09ImFjdGl2ZSIsWyJ1c2VyTmFtZSJdPSJnY2MvOC4zLjEiLH0sbGFsbG9jPXtbImZuIl09Ii91c3IvdGNldG1wL21vZHVsZWZpbGVzL0NvcmUvbGFs
CSM_ALLOCATION_ID=3389818
BINARY_TYPE_HPC=
LLNL_CORE_ISOLATION=2
FC=mpif90
LSB_SUB_HOST=lassen708
XDG_CACHE_HOME=/tmp/mtcampbe/xdg-scratch
__LSF_JOB_TMPDIR__=/tmp/3307743.tmpdir
LSFUSER=mtcampbe
LSB_SUB_USER=mtcampbe
LSB_OUTPUTFILE=/p/gpfs1/mtcampbe/CEESD/AutomatedTesting/MIRGE-Timing/timing/emirge/mirgecom/y2-isolator/timing_run/
LSB_OUTDIR=/p/gpfs1/mtcampbe/CEESD/AutomatedTesting/MIRGE-Timing/timing/emirge/mirgecom/y2-isolator/timing_run
LSB_MCPU_HOSTS=lassen710 1 lassen429 40 
LMOD_arch=ppc64le
TMP=/var/tmp
MPI_ROOT=/usr/tce/packages/spectrum-mpi/ibm/spectrum-mpi-rolling-release
LSB_QUEUE=pbatch
CONDA_PYTHON_EXE=/p/gpfs1/mtcampbe/CEESD/AutomatedTesting/MIRGE-Timing/timing/emirge/miniforge3/bin/python
LOGNAME=mtcampbe
QTLIB=/usr/lib64/qt-3.3/lib
CVS_RSH=ssh
XLSF_UIDDIR=/opt/ibm/spectrumcomputing/lsf/10.1.0.10/linux3.10-glibc2.17-ppc64le-csm/lib/uid
XDG_DATA_DIRS=/g/g17/mtcampbe/.local/share/flatpak/exports/share:/var/lib/flatpak/exports/share:/usr/local/share:/usr/share
CEESD_CONDA_LASSEN=/usr/workspace/wsa/xpacc/Users/mtcampbe/CEESD/Lassen/conda-install
SSH_CONNECTION=192.168.66.202 35538 192.168.65.175 22
SYS_TYPE=blueos_3_ppc64le_ib_p9
MODULESHOME=/usr/share/lmod/lmod
LMOD_SETTARG_FULL_SUPPORT=no
LESSOPEN=||/usr/bin/lesspipe.sh %s
__LMOD_REF_COUNT_LD_LIBRARY_PATH=/usr/tce/packages/cuda/cuda-10.1.243/lib64:1;/opt/ibm/spectrumcomputing/lsf/10.1.0.10/linux3.10-glibc2.17-ppc64le-csm/lib:1
PKG_CONFIG_PATH=/usr/tce/packages/cuda/cuda-10.1.243/lib64/pkgconfig
OMP_NUM_THREADS=1
LSF_CGROUP_TOPDIR_KEY=lassen
CONDA_DEFAULT_ENV=nozzle.lazy.timing.env
LMOD_FULL_SETTARG_SUPPORT=no
LMOD_FAMILY_COMPILER=gcc
LSB_XFER_OP=
LSB_EEXEC_REAL_GID=
__LMOD_REF_COUNT_PKG_CONFIG_PATH=/usr/tce/packages/cuda/cuda-10.1.243/lib64/pkgconfig:1
CC=mpicc
QT_PLUGIN_PATH=/usr/lib64/kde4/plugins:/usr/lib/kde4/plugins
LMOD_DIR=/usr/share/lmod/lmod/libexec
LEXEC_UNPICKLE_QUIET=1
__LMOD_REF_COUNT_MANPATH=/usr/tce/packages/spectrum-mpi/ibm/spectrum-mpi-rolling-release/share/man:1;/usr/tce/packages/gcc/gcc-8.3.1/man:1;/opt/ibm/spectrumcomputing/lsf/10.1.0.10/man:1;/usr/man:1;/usr/share/man:1;/usr/local/man:1;/usr/X11R6/man:1;/usr/lib64/mvapich/default/man:1;/opt/ibm/spectrum_mpi/jsm_pmix/share/man:1
LSF_ENVDIR=/opt/ibm/spectrumcomputing/lsf/conf
GUESTFISH_RESTORE=\e[0m
LSB_DJOB_RANKFILE=/g/g17/mtcampbe/.lsbatch/1646387627.3307743.hostfile
LMOD_FAMILY_MPI=spectrum-mpi
LMOD_COLORIZE=yes
HISTFILE=/g/g17/mtcampbe/.bash_history
BASH_FUNC_module()=() {  eval $($LMOD_CMD bash "$@") && eval $(${LMOD_SETTARG_CMD:-:} -s sh)
}
BASH_FUNC_ml()=() {  eval $($LMOD_DIR/ml_cmd "$@")
}
_=/usr/bin/env
LSB_MCPU_HOSTS=lassen710 1 lassen429 40 
Default casename isolator
2022-03-04 01:53:59,164 - INFO - grudge.array_context - get_reasonable_array_context_class: MPISingleGridWorkBalancingPytatoArrayContext lazy=True distributed=True device-parallel=True
Ignoring user input from file: timing_params.yaml
Running ./isolator.py

Shock capturing parameters: alpha 0.5, s0 -4.0, kappa 0.5

#### Simluation control data: ####
	nviz = 100
	nrestart = 100
	nhealth = 100
	nstatus = 100
	current_dt = 1e-08
	t_final = 2e-07
	order = 1
	dimen = 2
	Time integration rk4
#### Simluation control data: ####


#### Simluation material properties: ####
	mu = 4.216360056e-05
	kappa = 0.05621788139856423
	Prandtl Number  = 0.75
#### Simluation initialization data: ####
	inlet Mach number 0.038727226466056475
	inlet temperature 2075.8073416311686
	inlet pressure 274212.0081934861
	inlet rho 0.4623484671063763
	inlet velocity 35.28896626974282
	outlet Mach number 3.661995139955526
	outlet temperature 563.9344091915701
	outlet pressure 2865.7077436508835
	outlet rho 0.01778579568979098
	outlet velocity 1739.2462693097807
#### Simluation initialization data: ####

2022-03-04 01:54:15,530 - INFO - meshmode.distributed - rank 0: sent all mesh partitions
Making discretization
./isolator.py:1088: DeprecationWarning: EagerDGDiscretization is deprecated and will go away in 2022. Use the base DiscretizationCollection with grudge.op instead.
  discr = EagerDGDiscretization(
Done making discretization
2022-03-04 01:54:17,138 - INFO - pyopencl - build program: kernel '_pt_kernel' was part of a lengthy source build resulting from a binary cache miss (0.82 s)
Before restart/init
Initializing soln.
Initialization for Case(isolator)
===
Num 2d order-1 elements: 10288
Num global elements: 10288
Timestep:        1e-08
Final time:      2e-07
CFL:             1.0
Constant CFL:    False
Initialization:  isolator
EOS:             IdealSingleGas

2022-03-04 01:54:19,507 - INFO - loopy.tools - preprocess_program on 'frozenset({'_pt_kernel'})': completed (0.97s wall 1.00x CPU)
2022-03-04 01:54:20,885 - INFO - loopy.schedule - _pt_kernel: schedule: completed (0.83s wall 1.00x CPU)
2022-03-04 01:54:24,717 - INFO - loopy.codegen - _pt_kernel: generate code: completed (3.61s wall 1.00x CPU)
370 warnings generated.
/p/gpfs1/mtcampbe/CEESD/AutomatedTesting/MIRGE-Timing/timing/emirge/miniforge3/envs/nozzle.lazy.timing.env/lib/python3.9/site-packages/pyopencl/__init__.py:266: CompilerWarning: Non-empty compiler output encountered. Set the environment variable PYOPENCL_COMPILER_OUTPUT=1 to see more.
  warn("Non-empty compiler output encountered. Set the "
2022-03-04 01:54:26,673 - INFO - pyopencl - build program: kernel '_pt_kernel' was part of a lengthy source build resulting from a binary cache miss (1.78 s)
2022-03-04 01:54:31,232 - INFO - loopy.tools - preprocess_program on 'frozenset({'_pt_kernel'})': completed (2.18s wall 1.00x CPU)
2022-03-04 01:54:32,538 - INFO - loopy.check - _pt_kernel: check array access within bounds: completed (0.61s wall 1.00x CPU)
2022-03-04 01:54:38,070 - INFO - loopy.schedule - _pt_kernel: schedule: completed (5.53s wall 1.00x CPU)
2022-03-04 01:54:47,338 - INFO - loopy.codegen - _pt_kernel: generate code: completed (8.70s wall 1.00x CPU)
737 warnings generated.
2022-03-04 01:54:52,093 - INFO - pyopencl - build program: kernel '_pt_kernel' was part of a lengthy source build resulting from a binary cache miss (4.36 s)
2022-03-04 01:54:56,111 - INFO - loopy.tools - preprocess_program on 'frozenset({'_pt_kernel'})': completed (1.95s wall 1.00x CPU)
2022-03-04 01:54:57,164 - INFO - loopy.check - _pt_kernel: check array access within bounds: completed (0.50s wall 1.00x CPU)
2022-03-04 01:55:03,110 - INFO - loopy.schedule - _pt_kernel: schedule: completed (5.94s wall 1.00x CPU)
2022-03-04 01:55:10,894 - INFO - loopy.codegen - _pt_kernel: generate code: completed (7.32s wall 1.00x CPU)
645 warnings generated.
2022-03-04 01:55:15,021 - INFO - pyopencl - build program: kernel '_pt_kernel' was part of a lengthy source build resulting from a binary cache miss (3.78 s)
2022-03-04 01:55:19,177 - INFO - loopy.tools - preprocess_program on 'frozenset({'_pt_kernel'})': completed (2.00s wall 1.00x CPU)
2022-03-04 01:55:20,195 - INFO - loopy.check - _pt_kernel: check array access within bounds: completed (0.49s wall 1.00x CPU)
2022-03-04 01:55:26,129 - INFO - loopy.schedule - _pt_kernel: schedule: completed (5.93s wall 1.00x CPU)
2022-03-04 01:55:33,767 - INFO - loopy.codegen - _pt_kernel: generate code: completed (7.19s wall 1.00x CPU)
646 warnings generated.
2022-03-04 01:55:37,747 - INFO - pyopencl - build program: kernel '_pt_kernel' was part of a lengthy source build resulting from a binary cache miss (3.64 s)
2022-03-04 01:55:38,736 - INFO - loopy.schedule - _pt_kernel: schedule: completed (0.33s wall 1.00x CPU)
2022-03-04 01:55:40,391 - INFO - loopy.codegen - _pt_kernel: generate code: completed (1.51s wall 1.00x CPU)
2022-03-04 01:55:41,761 - INFO - pyopencl - build program: kernel '_pt_kernel' was part of a lengthy source build resulting from a binary cache miss (1.35 s)
2022-03-04 01:55:41,763 - INFO - pyopencl - build program: kernel '_pt_kernel_0' was part of a lengthy source build resulting from a binary cache miss (1.35 s)
2022-03-04 01:55:41,764 - INFO - pyopencl - build program: kernel '_pt_kernel_1' was part of a lengthy source build resulting from a binary cache miss (1.35 s)
2022-03-04 01:55:41,765 - INFO - pyopencl - build program: kernel '_pt_kernel_2' was part of a lengthy source build resulting from a binary cache miss (1.35 s)
2022-03-04 01:55:41,767 - INFO - pyopencl - build program: kernel '_pt_kernel_3' was part of a lengthy source build resulting from a binary cache miss (1.35 s)
2022-03-04 01:55:41,781 - INFO - meshmode.discretization.connection.face - building face restriction: start
2022-03-04 01:55:41,807 - INFO - meshmode.discretization.connection.face - building face restriction: done
2022-03-04 01:55:43,598 - INFO - loopy.codegen - _pt_kernel: generate code: completed (1.06s wall 1.00x CPU)
2022-03-04 01:55:44,620 - INFO - pyopencl - build program: kernel '_pt_kernel' was part of a lengthy source build resulting from a binary cache miss (1.01 s)
2022-03-04 01:55:44,621 - INFO - pyopencl - build program: kernel '_pt_kernel_0' was part of a lengthy source build resulting from a binary cache miss (1.01 s)
2022-03-04 01:55:44,622 - INFO - pyopencl - build program: kernel '_pt_kernel_1' was part of a lengthy source build resulting from a binary cache miss (1.01 s)
2022-03-04 01:55:45,938 - INFO - loopy.codegen - _pt_kernel: generate code: completed (0.78s wall 1.00x CPU)
2022-03-04 01:55:46,856 - INFO - pyopencl - build program: kernel '_pt_kernel' was part of a lengthy source build resulting from a binary cache miss (0.91 s)
2022-03-04 01:55:46,857 - INFO - pyopencl - build program: kernel '_pt_kernel_0' was part of a lengthy source build resulting from a binary cache miss (0.91 s)
2022-03-04 01:55:46,858 - INFO - pyopencl - build program: kernel '_pt_kernel_1' was part of a lengthy source build resulting from a binary cache miss (0.91 s)
2022-03-04 01:55:47,541 - INFO - pyopencl - build program: kernel '_pt_kernel' was part of a lengthy source build resulting from a binary cache miss (0.48 s)
2022-03-04 01:55:48,517 - INFO - loopy.codegen - _pt_kernel: generate code: completed (0.48s wall 1.00x CPU)
2022-03-04 01:55:49,108 - INFO - pyopencl - build program: kernel '_pt_kernel' was part of a lengthy source build resulting from a binary cache miss (0.58 s)
2022-03-04 01:55:49,722 - INFO - pyopencl - build program: kernel 'reduce_kernel_stage1' was part of a lengthy source build resulting from a binary cache miss (0.60 s)
2022-03-04 01:55:50,331 - INFO - pyopencl - build program: kernel 'reduce_kernel_stage2' was part of a lengthy source build resulting from a binary cache miss (0.60 s)
2022-03-04 01:55:50,828 - INFO - pyopencl - build program: kernel '_pt_kernel' was part of a lengthy source build resulting from a binary cache miss (0.46 s)
2022-03-04 01:55:51,572 - INFO - pyopencl - build program: kernel '_pt_kernel' was part of a lengthy source build resulting from a binary cache miss (0.50 s)
2022-03-04 01:55:52,178 - INFO - pyopencl - build program: kernel 'reduce_kernel_stage1' was part of a lengthy source build resulting from a binary cache miss (0.59 s)
2022-03-04 01:55:52,781 - INFO - pyopencl - build program: kernel 'reduce_kernel_stage2' was part of a lengthy source build resulting from a binary cache miss (0.59 s)
2022-03-04 01:55:53,263 - INFO - pyopencl - build program: kernel '_pt_kernel' was part of a lengthy source build resulting from a binary cache miss (0.45 s)
2022-03-04 01:55:53,872 - INFO - pyopencl - build program: kernel 'reduce_kernel_stage1' was part of a lengthy source build resulting from a binary cache miss (0.60 s)
2022-03-04 01:55:54,477 - INFO - pyopencl - build program: kernel 'reduce_kernel_stage2' was part of a lengthy source build resulting from a binary cache miss (0.60 s)
2022-03-04 01:55:54,973 - INFO - pyopencl - build program: kernel '_pt_kernel' was part of a lengthy source build resulting from a binary cache miss (0.46 s)
2022-03-04 01:55:55,723 - INFO - pyopencl - build program: kernel '_pt_kernel' was part of a lengthy source build resulting from a binary cache miss (0.51 s)
-------- dt = 1.000e-08, cfl = 0.0368
-------- P (min, max) (Pa) = (2.865706984e+03, 2.742120082e+05)
-------- T (min, max) (K)  = (    300, 2075.81)

2022-03-04 01:55:56,495 - INFO - pyopencl - build program: kernel '_pt_kernel' was part of a lengthy source build resulting from a binary cache miss (0.49 s)
2022-03-04 01:55:57,585 - INFO - pyopencl - build program: kernel '_pt_kernel' was part of a lengthy source build resulting from a binary cache miss (0.54 s)
2022-03-04 01:55:58,423 - INFO - pyopencl - build program: kernel '_pt_kernel' was part of a lengthy source build resulting from a binary cache miss (0.54 s)
2022-03-04 01:55:59,292 - INFO - pyopencl - build program: kernel '_pt_kernel' was part of a lengthy source build resulting from a binary cache miss (0.54 s)
2022-03-04 01:56:00,218 - INFO - loopy.codegen - _pt_kernel: generate code: completed (0.47s wall 1.00x CPU)
2022-03-04 01:56:00,961 - INFO - pyopencl - build program: kernel '_pt_kernel' was part of a lengthy source build resulting from a binary cache miss (0.73 s)
2022-03-04 01:56:00,961 - INFO - pyopencl - build program: kernel '_pt_kernel_0' was part of a lengthy source build resulting from a binary cache miss (0.73 s)
2022-03-04 01:56:01,699 - INFO - pyopencl - build program: kernel '_pt_kernel' was part of a lengthy source build resulting from a binary cache miss (0.52 s)
2022-03-04 01:56:02,446 - INFO - pyopencl - build program: kernel '_pt_kernel' was part of a lengthy source build resulting from a binary cache miss (0.50 s)
2022-03-04 01:56:03,174 - INFO - loopy.codegen - _pt_kernel: generate code: completed (0.39s wall 1.00x CPU)
2022-03-04 01:56:03,883 - INFO - pyopencl - build program: kernel '_pt_kernel' was part of a lengthy source build resulting from a binary cache miss (0.70 s)
2022-03-04 01:56:03,884 - INFO - pyopencl - build program: kernel '_pt_kernel_0' was part of a lengthy source build resulting from a binary cache miss (0.70 s)
2022-03-04 01:56:04,699 - INFO - loopy.codegen - _pt_kernel: generate code: completed (0.32s wall 1.00x CPU)
2022-03-04 01:56:05,861 - INFO - pyopencl - build program: kernel '_pt_kernel' was part of a lengthy source build resulting from a binary cache miss (0.91 s)
2022-03-04 01:56:05,862 - INFO - pyopencl - build program: kernel '_pt_kernel_0' was part of a lengthy source build resulting from a binary cache miss (0.91 s)
2022-03-04 01:56:05,863 - INFO - pyopencl - build program: kernel '_pt_kernel_1' was part of a lengthy source build resulting from a binary cache miss (0.91 s)
2022-03-04 01:56:07,080 - INFO - loopy.codegen - _pt_kernel: generate code: completed (0.60s wall 1.00x CPU)
2022-03-04 01:56:07,865 - INFO - pyopencl - build program: kernel '_pt_kernel' was part of a lengthy source build resulting from a binary cache miss (0.77 s)
2022-03-04 01:56:07,867 - INFO - pyopencl - build program: kernel '_pt_kernel_0' was part of a lengthy source build resulting from a binary cache miss (0.77 s)
2022-03-04 01:56:07,897 - INFO - meshmode.discretization.connection.face - building face restriction: start
2022-03-04 01:56:07,901 - INFO - meshmode.discretization.connection.face - building face restriction: done
2022-03-04 01:56:07,908 - INFO - meshmode.discretization.connection.face - building face restriction: start
2022-03-04 01:56:07,912 - INFO - meshmode.discretization.connection.face - building face restriction: done
2022-03-04 01:56:07,920 - INFO - meshmode.discretization.connection.face - building face restriction: start
2022-03-04 01:56:07,935 - INFO - meshmode.discretization.connection.face - building face restriction: done
2022-03-04 01:56:07,941 - INFO - meshmode.discretization.connection.face - building face restriction: start
2022-03-04 01:56:08,307 - INFO - meshmode.discretization.connection.face - building face restriction: done
2022-03-04 01:56:09,998 - INFO - loopy.codegen - _pt_kernel: generate code: completed (0.90s wall 1.00x CPU)
2022-03-04 01:56:10,773 - INFO - pyopencl - build program: kernel '_pt_kernel' was part of a lengthy source build resulting from a binary cache miss (0.77 s)
2022-03-04 01:56:10,774 - INFO - pyopencl - build program: kernel '_pt_kernel_0' was part of a lengthy source build resulting from a binary cache miss (0.77 s)
2022-03-04 01:56:10,774 - INFO - pyopencl - build program: kernel '_pt_kernel_1' was part of a lengthy source build resulting from a binary cache miss (0.77 s)
2022-03-04 01:56:11,533 - INFO - loopy.codegen - _pt_kernel: generate code: completed (0.40s wall 1.00x CPU)
2022-03-04 01:56:12,152 - INFO - pyopencl - build program: kernel '_pt_kernel' was part of a lengthy source build resulting from a binary cache miss (0.61 s)
2022-03-04 01:56:12,154 - INFO - pyopencl - build program: kernel '_pt_kernel_0' was part of a lengthy source build resulting from a binary cache miss (0.61 s)
2022-03-04 01:56:12,906 - INFO - loopy.codegen - _pt_kernel: generate code: completed (0.40s wall 1.00x CPU)
2022-03-04 01:56:13,525 - INFO - pyopencl - build program: kernel '_pt_kernel' was part of a lengthy source build resulting from a binary cache miss (0.61 s)
2022-03-04 01:56:13,525 - INFO - pyopencl - build program: kernel '_pt_kernel_0' was part of a lengthy source build resulting from a binary cache miss (0.61 s)
2022-03-04 01:56:14,133 - INFO - pyopencl - build program: kernel '_pt_kernel' was part of a lengthy source build resulting from a binary cache miss (0.46 s)
2022-03-04 01:56:15,780 - INFO - loopy.codegen - _pt_kernel: generate code: completed (0.90s wall 1.00x CPU)
2022-03-04 01:56:16,565 - INFO - pyopencl - build program: kernel '_pt_kernel' was part of a lengthy source build resulting from a binary cache miss (0.77 s)
2022-03-04 01:56:16,565 - INFO - pyopencl - build program: kernel '_pt_kernel_0' was part of a lengthy source build resulting from a binary cache miss (0.77 s)
2022-03-04 01:56:16,565 - INFO - pyopencl - build program: kernel '_pt_kernel_1' was part of a lengthy source build resulting from a binary cache miss (0.77 s)
2022-03-04 01:56:17,324 - INFO - loopy.codegen - _pt_kernel: generate code: completed (0.40s wall 1.00x CPU)
2022-03-04 01:56:17,951 - INFO - pyopencl - build program: kernel '_pt_kernel' was part of a lengthy source build resulting from a binary cache miss (0.62 s)
2022-03-04 01:56:17,951 - INFO - pyopencl - build program: kernel '_pt_kernel_0' was part of a lengthy source build resulting from a binary cache miss (0.62 s)
2022-03-04 01:56:18,706 - INFO - loopy.codegen - _pt_kernel: generate code: completed (0.40s wall 1.00x CPU)
2022-03-04 01:56:19,334 - INFO - pyopencl - build program: kernel '_pt_kernel' was part of a lengthy source build resulting from a binary cache miss (0.62 s)
2022-03-04 01:56:19,334 - INFO - pyopencl - build program: kernel '_pt_kernel_0' was part of a lengthy source build resulting from a binary cache miss (0.62 s)
2022-03-04 01:56:19,937 - INFO - pyopencl - build program: kernel '_pt_kernel' was part of a lengthy source build resulting from a binary cache miss (0.45 s)
2022-03-04 01:56:21,581 - INFO - loopy.codegen - _pt_kernel: generate code: completed (0.90s wall 1.00x CPU)
2022-03-04 01:56:22,365 - INFO - pyopencl - build program: kernel '_pt_kernel' was part of a lengthy source build resulting from a binary cache miss (0.77 s)
2022-03-04 01:56:22,366 - INFO - pyopencl - build program: kernel '_pt_kernel_0' was part of a lengthy source build resulting from a binary cache miss (0.77 s)
2022-03-04 01:56:22,366 - INFO - pyopencl - build program: kernel '_pt_kernel_1' was part of a lengthy source build resulting from a binary cache miss (0.77 s)
2022-03-04 01:56:23,123 - INFO - loopy.codegen - _pt_kernel: generate code: completed (0.40s wall 1.00x CPU)
2022-03-04 01:56:23,750 - INFO - pyopencl - build program: kernel '_pt_kernel' was part of a lengthy source build resulting from a binary cache miss (0.62 s)
2022-03-04 01:56:23,751 - INFO - pyopencl - build program: kernel '_pt_kernel_0' was part of a lengthy source build resulting from a binary cache miss (0.62 s)
2022-03-04 01:56:24,506 - INFO - loopy.codegen - _pt_kernel: generate code: completed (0.40s wall 1.00x CPU)
2022-03-04 01:56:25,131 - INFO - pyopencl - build program: kernel '_pt_kernel' was part of a lengthy source build resulting from a binary cache miss (0.62 s)
2022-03-04 01:56:25,131 - INFO - pyopencl - build program: kernel '_pt_kernel_0' was part of a lengthy source build resulting from a binary cache miss (0.62 s)
2022-03-04 01:56:25,744 - INFO - pyopencl - build program: kernel '_pt_kernel' was part of a lengthy source build resulting from a binary cache miss (0.46 s)
2022-03-04 01:56:27,468 - INFO - loopy.codegen - _pt_kernel: generate code: completed (0.98s wall 1.00x CPU)
2022-03-04 01:56:28,482 - INFO - pyopencl - build program: kernel '_pt_kernel' was part of a lengthy source build resulting from a binary cache miss (1.00 s)
2022-03-04 01:56:28,483 - INFO - pyopencl - build program: kernel '_pt_kernel_0' was part of a lengthy source build resulting from a binary cache miss (1.00 s)
2022-03-04 01:56:28,483 - INFO - pyopencl - build program: kernel '_pt_kernel_1' was part of a lengthy source build resulting from a binary cache miss (1.00 s)
2022-03-04 01:56:29,277 - INFO - loopy.codegen - _pt_kernel: generate code: completed (0.44s wall 1.00x CPU)
2022-03-04 01:56:29,962 - INFO - pyopencl - build program: kernel '_pt_kernel' was part of a lengthy source build resulting from a binary cache miss (0.68 s)
2022-03-04 01:56:29,962 - INFO - pyopencl - build program: kernel '_pt_kernel_0' was part of a lengthy source build resulting from a binary cache miss (0.68 s)
2022-03-04 01:56:30,751 - INFO - loopy.codegen - _pt_kernel: generate code: completed (0.44s wall 1.00x CPU)
2022-03-04 01:56:31,436 - INFO - pyopencl - build program: kernel '_pt_kernel' was part of a lengthy source build resulting from a binary cache miss (0.68 s)
2022-03-04 01:56:31,436 - INFO - pyopencl - build program: kernel '_pt_kernel_0' was part of a lengthy source build resulting from a binary cache miss (0.68 s)
2022-03-04 01:56:32,049 - INFO - pyopencl - build program: kernel '_pt_kernel' was part of a lengthy source build resulting from a binary cache miss (0.46 s)
2022-03-04 01:56:32,656 - INFO - pyopencl - build program: kernel '_pt_kernel' was part of a lengthy source build resulting from a binary cache miss (0.46 s)
2022-03-04 01:56:33,265 - INFO - pyopencl - build program: kernel '_pt_kernel' was part of a lengthy source build resulting from a binary cache miss (0.46 s)
2022-03-04 01:56:35,521 - INFO - loopy.tools - preprocess_program on 'frozenset({'_pt_kernel'})': completed (0.48s wall 1.00x CPU)
2022-03-04 01:56:36,379 - INFO - loopy.check - _pt_kernel: check array access within bounds: completed (0.62s wall 1.00x CPU)
2022-03-04 01:56:37,906 - INFO - loopy.schedule - _pt_kernel: schedule: completed (1.50s wall 1.00x CPU)
2022-03-04 01:56:45,642 - INFO - loopy.codegen - _pt_kernel: generate code: completed (7.09s wall 1.00x CPU)
2022-03-04 01:56:50,312 - INFO - pyopencl - build program: kernel '_pt_kernel' was part of a lengthy source build resulting from a binary cache miss (4.58 s)
2022-03-04 01:56:50,312 - INFO - pyopencl - build program: kernel '_pt_kernel_0' was part of a lengthy source build resulting from a binary cache miss (4.58 s)
2022-03-04 01:56:50,313 - INFO - pyopencl - build program: kernel '_pt_kernel_1' was part of a lengthy source build resulting from a binary cache miss (4.58 s)
2022-03-04 01:56:50,313 - INFO - pyopencl - build program: kernel '_pt_kernel_2' was part of a lengthy source build resulting from a binary cache miss (4.58 s)
2022-03-04 01:56:50,315 - INFO - pyopencl - build program: kernel '_pt_kernel_3' was part of a lengthy source build resulting from a binary cache miss (4.58 s)
2022-03-04 01:56:50,316 - INFO - pyopencl - build program: kernel '_pt_kernel_4' was part of a lengthy source build resulting from a binary cache miss (4.58 s)
2022-03-04 01:56:50,317 - INFO - pyopencl - build program: kernel '_pt_kernel_5' was part of a lengthy source build resulting from a binary cache miss (4.58 s)
2022-03-04 01:56:50,319 - INFO - pyopencl - build program: kernel '_pt_kernel_6' was part of a lengthy source build resulting from a binary cache miss (4.58 s)
2022-03-04 01:56:50,320 - INFO - pyopencl - build program: kernel '_pt_kernel_7' was part of a lengthy source build resulting from a binary cache miss (4.58 s)
2022-03-04 01:56:50,321 - INFO - pyopencl - build program: kernel '_pt_kernel_8' was part of a lengthy source build resulting from a binary cache miss (4.58 s)
2022-03-04 01:56:50,323 - INFO - pyopencl - build program: kernel '_pt_kernel_9' was part of a lengthy source build resulting from a binary cache miss (4.58 s)
2022-03-04 01:56:50,324 - INFO - pyopencl - build program: kernel '_pt_kernel_10' was part of a lengthy source build resulting from a binary cache miss (4.58 s)
2022-03-04 01:56:50,325 - INFO - pyopencl - build program: kernel '_pt_kernel_11' was part of a lengthy source build resulting from a binary cache miss (4.58 s)
2022-03-04 01:56:50,326 - INFO - pyopencl - build program: kernel '_pt_kernel_12' was part of a lengthy source build resulting from a binary cache miss (4.58 s)
2022-03-04 01:56:50,328 - INFO - pyopencl - build program: kernel '_pt_kernel_13' was part of a lengthy source build resulting from a binary cache miss (4.58 s)
2022-03-04 01:56:50,329 - INFO - pyopencl - build program: kernel '_pt_kernel_14' was part of a lengthy source build resulting from a binary cache miss (4.58 s)
2022-03-04 01:56:50,331 - INFO - pyopencl - build program: kernel '_pt_kernel_15' was part of a lengthy source build resulting from a binary cache miss (4.58 s)
2022-03-04 01:56:50,332 - INFO - pyopencl - build program: kernel '_pt_kernel_16' was part of a lengthy source build resulting from a binary cache miss (4.58 s)
2022-03-04 01:56:50,333 - INFO - pyopencl - build program: kernel '_pt_kernel_17' was part of a lengthy source build resulting from a binary cache miss (4.58 s)
2022-03-04 01:56:51,746 - INFO - /p/gpfs1/mtcampbe/CEESD/AutomatedTesting/MIRGE-Timing/timing/emirge/pytato/pytato/transform.py - data wrapper de-duplication: 986 encountered, 53 kept, 933 eliminated
2022-03-04 01:56:53,077 - INFO - meshmode.array_context - data wrapper de-duplication: 53 encountered, 53 kept, 0 eliminated
2022-03-04 01:56:53,077 - INFO - arraycontext.impl.pytato.compile - transform_dag: completed (0.54s wall 1.00x CPU)
2022-03-04 01:56:56,474 - INFO - arraycontext.impl.pytato.compile - generate_loopy: completed (3.40s wall 1.00x CPU)
2022-03-04 01:57:23,891 - INFO - loopy.preprocess - _pt_kernel: preprocess: completed (0.42s wall 1.00x CPU)
2022-03-04 01:57:26,007 - INFO - loopy.tools - preprocess_program on 'frozenset({'_pt_kernel'})': completed (8.15s wall 1.00x CPU)
2022-03-04 01:57:34,954 - INFO - loopy.check - _pt_kernel: check array access within bounds: completed (6.06s wall 1.00x CPU)
2022-03-04 01:58:02,350 - INFO - loopy.schedule - _pt_kernel: schedule: completed (26.22s wall 1.00x CPU)
2022-03-04 01:58:03,126 - INFO - arraycontext.impl.pytato.compile - transform_loopy_program: completed (66.65s wall 1.00x CPU)
2022-03-04 01:59:16,251 - INFO - loopy.codegen - _pt_kernel: generate code: completed (67.82s wall 1.00x CPU)
737 warnings generated.
2022-03-04 01:59:51,215 - INFO - pyopencl - build program: kernel '_pt_kernel' was part of a lengthy source build resulting from a binary cache miss (33.58 s)
2022-03-04 01:59:51,217 - INFO - pyopencl - build program: kernel '_pt_kernel_0' was part of a lengthy source build resulting from a binary cache miss (33.58 s)
2022-03-04 01:59:51,218 - INFO - pyopencl - build program: kernel '_pt_kernel_1' was part of a lengthy source build resulting from a binary cache miss (33.58 s)
2022-03-04 01:59:51,220 - INFO - pyopencl - build program: kernel '_pt_kernel_2' was part of a lengthy source build resulting from a binary cache miss (33.58 s)
2022-03-04 01:59:51,222 - INFO - pyopencl - build program: kernel '_pt_kernel_3' was part of a lengthy source build resulting from a binary cache miss (33.58 s)
2022-03-04 01:59:51,224 - INFO - pyopencl - build program: kernel '_pt_kernel_4' was part of a lengthy source build resulting from a binary cache miss (33.58 s)
2022-03-04 01:59:51,227 - INFO - pyopencl - build program: kernel '_pt_kernel_5' was part of a lengthy source build resulting from a binary cache miss (33.58 s)
2022-03-04 01:59:51,229 - INFO - pyopencl - build program: kernel '_pt_kernel_6' was part of a lengthy source build resulting from a binary cache miss (33.58 s)
2022-03-04 01:59:51,230 - INFO - pyopencl - build program: kernel '_pt_kernel_7' was part of a lengthy source build resulting from a binary cache miss (33.58 s)
2022-03-04 01:59:51,232 - INFO - pyopencl - build program: kernel '_pt_kernel_8' was part of a lengthy source build resulting from a binary cache miss (33.58 s)
2022-03-04 01:59:51,234 - INFO - pyopencl - build program: kernel '_pt_kernel_9' was part of a lengthy source build resulting from a binary cache miss (33.58 s)
2022-03-04 01:59:51,235 - INFO - pyopencl - build program: kernel '_pt_kernel_10' was part of a lengthy source build resulting from a binary cache miss (33.58 s)
2022-03-04 01:59:51,237 - INFO - pyopencl - build program: kernel '_pt_kernel_11' was part of a lengthy source build resulting from a binary cache miss (33.58 s)
2022-03-04 01:59:51,239 - INFO - pyopencl - build program: kernel '_pt_kernel_12' was part of a lengthy source build resulting from a binary cache miss (33.58 s)
2022-03-04 01:59:51,241 - INFO - pyopencl - build program: kernel '_pt_kernel_13' was part of a lengthy source build resulting from a binary cache miss (33.58 s)
2022-03-04 01:59:51,243 - INFO - pyopencl - build program: kernel '_pt_kernel_14' was part of a lengthy source build resulting from a binary cache miss (33.58 s)
2022-03-04 01:59:51,244 - INFO - pyopencl - build program: kernel '_pt_kernel_15' was part of a lengthy source build resulting from a binary cache miss (33.58 s)
2022-03-04 01:59:51,245 - INFO - pyopencl - build program: kernel '_pt_kernel_16' was part of a lengthy source build resulting from a binary cache miss (33.58 s)
2022-03-04 01:59:51,246 - INFO - pyopencl - build program: kernel '_pt_kernel_17' was part of a lengthy source build resulting from a binary cache miss (33.58 s)
2022-03-04 01:59:51,249 - INFO - pyopencl - build program: kernel '_pt_kernel_18' was part of a lengthy source build resulting from a binary cache miss (33.58 s)
2022-03-04 01:59:51,250 - INFO - pyopencl - build program: kernel '_pt_kernel_19' was part of a lengthy source build resulting from a binary cache miss (33.58 s)
2022-03-04 01:59:51,251 - INFO - pyopencl - build program: kernel '_pt_kernel_20' was part of a lengthy source build resulting from a binary cache miss (33.58 s)
2022-03-04 01:59:51,253 - INFO - pyopencl - build program: kernel '_pt_kernel_21' was part of a lengthy source build resulting from a binary cache miss (33.58 s)
2022-03-04 01:59:51,254 - INFO - pyopencl - build program: kernel '_pt_kernel_22' was part of a lengthy source build resulting from a binary cache miss (33.58 s)
2022-03-04 01:59:51,255 - INFO - pyopencl - build program: kernel '_pt_kernel_23' was part of a lengthy source build resulting from a binary cache miss (33.58 s)
2022-03-04 01:59:51,257 - INFO - pyopencl - build program: kernel '_pt_kernel_24' was part of a lengthy source build resulting from a binary cache miss (33.58 s)
2022-03-04 01:59:51,259 - INFO - pyopencl - build program: kernel '_pt_kernel_25' was part of a lengthy source build resulting from a binary cache miss (33.58 s)
2022-03-04 01:59:51,260 - INFO - pyopencl - build program: kernel '_pt_kernel_26' was part of a lengthy source build resulting from a binary cache miss (33.58 s)
2022-03-04 01:59:51,261 - INFO - pyopencl - build program: kernel '_pt_kernel_27' was part of a lengthy source build resulting from a binary cache miss (33.58 s)
2022-03-04 01:59:51,262 - INFO - pyopencl - build program: kernel '_pt_kernel_28' was part of a lengthy source build resulting from a binary cache miss (33.58 s)
2022-03-04 01:59:51,264 - INFO - pyopencl - build program: kernel '_pt_kernel_29' was part of a lengthy source build resulting from a binary cache miss (33.58 s)
2022-03-04 01:59:51,265 - INFO - pyopencl - build program: kernel '_pt_kernel_30' was part of a lengthy source build resulting from a binary cache miss (33.58 s)
2022-03-04 01:59:51,267 - INFO - pyopencl - build program: kernel '_pt_kernel_31' was part of a lengthy source build resulting from a binary cache miss (33.58 s)
2022-03-04 01:59:51,268 - INFO - pyopencl - build program: kernel '_pt_kernel_32' was part of a lengthy source build resulting from a binary cache miss (33.58 s)
2022-03-04 01:59:51,271 - INFO - pyopencl - build program: kernel '_pt_kernel_33' was part of a lengthy source build resulting from a binary cache miss (33.58 s)
2022-03-04 01:59:51,272 - INFO - pyopencl - build program: kernel '_pt_kernel_34' was part of a lengthy source build resulting from a binary cache miss (33.58 s)
2022-03-04 01:59:51,273 - INFO - pyopencl - build program: kernel '_pt_kernel_35' was part of a lengthy source build resulting from a binary cache miss (33.58 s)
2022-03-04 01:59:51,274 - INFO - pyopencl - build program: kernel '_pt_kernel_36' was part of a lengthy source build resulting from a binary cache miss (33.58 s)
2022-03-04 01:59:51,275 - INFO - pyopencl - build program: kernel '_pt_kernel_37' was part of a lengthy source build resulting from a binary cache miss (33.58 s)
2022-03-04 01:59:51,276 - INFO - pyopencl - build program: kernel '_pt_kernel_38' was part of a lengthy source build resulting from a binary cache miss (33.58 s)
2022-03-04 01:59:51,278 - INFO - pyopencl - build program: kernel '_pt_kernel_39' was part of a lengthy source build resulting from a binary cache miss (33.58 s)
2022-03-04 01:59:51,279 - INFO - pyopencl - build program: kernel '_pt_kernel_40' was part of a lengthy source build resulting from a binary cache miss (33.58 s)
2022-03-04 01:59:51,280 - INFO - pyopencl - build program: kernel '_pt_kernel_41' was part of a lengthy source build resulting from a binary cache miss (33.58 s)
2022-03-04 01:59:51,282 - INFO - pyopencl - build program: kernel '_pt_kernel_42' was part of a lengthy source build resulting from a binary cache miss (33.58 s)
2022-03-04 01:59:51,283 - INFO - pyopencl - build program: kernel '_pt_kernel_43' was part of a lengthy source build resulting from a binary cache miss (33.58 s)
2022-03-04 01:59:51,285 - INFO - pyopencl - build program: kernel '_pt_kernel_44' was part of a lengthy source build resulting from a binary cache miss (33.58 s)
2022-03-04 01:59:51,287 - INFO - pyopencl - build program: kernel '_pt_kernel_45' was part of a lengthy source build resulting from a binary cache miss (33.58 s)
2022-03-04 01:59:51,288 - INFO - pyopencl - build program: kernel '_pt_kernel_46' was part of a lengthy source build resulting from a binary cache miss (33.58 s)
2022-03-04 01:59:51,289 - INFO - pyopencl - build program: kernel '_pt_kernel_47' was part of a lengthy source build resulting from a binary cache miss (33.58 s)
2022-03-04 01:59:51,290 - INFO - pyopencl - build program: kernel '_pt_kernel_48' was part of a lengthy source build resulting from a binary cache miss (33.58 s)
2022-03-04 01:59:51,291 - INFO - pyopencl - build program: kernel '_pt_kernel_49' was part of a lengthy source build resulting from a binary cache miss (33.58 s)
2022-03-04 01:59:51,293 - INFO - pyopencl - build program: kernel '_pt_kernel_50' was part of a lengthy source build resulting from a binary cache miss (33.58 s)
2022-03-04 01:59:51,294 - INFO - pyopencl - build program: kernel '_pt_kernel_51' was part of a lengthy source build resulting from a binary cache miss (33.58 s)
2022-03-04 01:59:51,295 - INFO - pyopencl - build program: kernel '_pt_kernel_52' was part of a lengthy source build resulting from a binary cache miss (33.58 s)
2022-03-04 01:59:51,296 - INFO - pyopencl - build program: kernel '_pt_kernel_53' was part of a lengthy source build resulting from a binary cache miss (33.58 s)
2022-03-04 01:59:51,298 - INFO - pyopencl - build program: kernel '_pt_kernel_54' was part of a lengthy source build resulting from a binary cache miss (33.58 s)
2022-03-04 01:59:51,299 - INFO - pyopencl - build program: kernel '_pt_kernel_55' was part of a lengthy source build resulting from a binary cache miss (33.58 s)
2022-03-04 01:59:51,300 - INFO - pyopencl - build program: kernel '_pt_kernel_56' was part of a lengthy source build resulting from a binary cache miss (33.58 s)
2022-03-04 01:59:51,302 - INFO - pyopencl - build program: kernel '_pt_kernel_57' was part of a lengthy source build resulting from a binary cache miss (33.58 s)
2022-03-04 01:59:51,303 - INFO - pyopencl - build program: kernel '_pt_kernel_58' was part of a lengthy source build resulting from a binary cache miss (33.58 s)
2022-03-04 01:59:51,305 - INFO - pyopencl - build program: kernel '_pt_kernel_59' was part of a lengthy source build resulting from a binary cache miss (33.58 s)
2022-03-04 01:59:51,306 - INFO - pyopencl - build program: kernel '_pt_kernel_60' was part of a lengthy source build resulting from a binary cache miss (33.58 s)
2022-03-04 01:59:51,308 - INFO - pyopencl - build program: kernel '_pt_kernel_61' was part of a lengthy source build resulting from a binary cache miss (33.58 s)
2022-03-04 01:59:51,309 - INFO - pyopencl - build program: kernel '_pt_kernel_62' was part of a lengthy source build resulting from a binary cache miss (33.58 s)
2022-03-04 01:59:51,310 - INFO - pyopencl - build program: kernel '_pt_kernel_63' was part of a lengthy source build resulting from a binary cache miss (33.58 s)
2022-03-04 01:59:51,311 - INFO - pyopencl - build program: kernel '_pt_kernel_64' was part of a lengthy source build resulting from a binary cache miss (33.58 s)
2022-03-04 01:59:51,313 - INFO - pyopencl - build program: kernel '_pt_kernel_65' was part of a lengthy source build resulting from a binary cache miss (33.58 s)
2022-03-04 01:59:51,315 - INFO - pyopencl - build program: kernel '_pt_kernel_66' was part of a lengthy source build resulting from a binary cache miss (33.58 s)
2022-03-04 01:59:51,316 - INFO - pyopencl - build program: kernel '_pt_kernel_67' was part of a lengthy source build resulting from a binary cache miss (33.58 s)
2022-03-04 01:59:51,317 - INFO - pyopencl - build program: kernel '_pt_kernel_68' was part of a lengthy source build resulting from a binary cache miss (33.58 s)
2022-03-04 01:59:51,319 - INFO - pyopencl - build program: kernel '_pt_kernel_69' was part of a lengthy source build resulting from a binary cache miss (33.58 s)
2022-03-04 01:59:51,321 - INFO - pyopencl - build program: kernel '_pt_kernel_70' was part of a lengthy source build resulting from a binary cache miss (33.58 s)
2022-03-04 01:59:51,322 - INFO - pyopencl - build program: kernel '_pt_kernel_71' was part of a lengthy source build resulting from a binary cache miss (33.58 s)
2022-03-04 01:59:51,323 - INFO - pyopencl - build program: kernel '_pt_kernel_72' was part of a lengthy source build resulting from a binary cache miss (33.58 s)
2022-03-04 01:59:51,325 - INFO - pyopencl - build program: kernel '_pt_kernel_73' was part of a lengthy source build resulting from a binary cache miss (33.58 s)
2022-03-04 01:59:51,327 - INFO - pyopencl - build program: kernel '_pt_kernel_74' was part of a lengthy source build resulting from a binary cache miss (33.58 s)
2022-03-04 01:59:51,328 - INFO - pyopencl - build program: kernel '_pt_kernel_75' was part of a lengthy source build resulting from a binary cache miss (33.58 s)
2022-03-04 01:59:51,330 - INFO - pyopencl - build program: kernel '_pt_kernel_76' was part of a lengthy source build resulting from a binary cache miss (33.58 s)
2022-03-04 01:59:51,331 - INFO - pyopencl - build program: kernel '_pt_kernel_77' was part of a lengthy source build resulting from a binary cache miss (33.58 s)
2022-03-04 01:59:51,332 - INFO - pyopencl - build program: kernel '_pt_kernel_78' was part of a lengthy source build resulting from a binary cache miss (33.58 s)
2022-03-04 01:59:51,333 - INFO - pyopencl - build program: kernel '_pt_kernel_79' was part of a lengthy source build resulting from a binary cache miss (33.58 s)
2022-03-04 01:59:51,335 - INFO - pyopencl - build program: kernel '_pt_kernel_80' was part of a lengthy source build resulting from a binary cache miss (33.58 s)
2022-03-04 01:59:51,336 - INFO - pyopencl - build program: kernel '_pt_kernel_81' was part of a lengthy source build resulting from a binary cache miss (33.58 s)
2022-03-04 01:59:51,337 - INFO - pyopencl - build program: kernel '_pt_kernel_82' was part of a lengthy source build resulting from a binary cache miss (33.58 s)
2022-03-04 01:59:51,338 - INFO - pyopencl - build program: kernel '_pt_kernel_83' was part of a lengthy source build resulting from a binary cache miss (33.58 s)
2022-03-04 01:59:51,340 - INFO - pyopencl - build program: kernel '_pt_kernel_84' was part of a lengthy source build resulting from a binary cache miss (33.58 s)
2022-03-04 01:59:51,341 - INFO - pyopencl - build program: kernel '_pt_kernel_85' was part of a lengthy source build resulting from a binary cache miss (33.58 s)
2022-03-04 01:59:51,343 - INFO - pyopencl - build program: kernel '_pt_kernel_86' was part of a lengthy source build resulting from a binary cache miss (33.58 s)
2022-03-04 01:59:51,344 - INFO - pyopencl - build program: kernel '_pt_kernel_87' was part of a lengthy source build resulting from a binary cache miss (33.58 s)
2022-03-04 01:59:51,346 - INFO - pyopencl - build program: kernel '_pt_kernel_88' was part of a lengthy source build resulting from a binary cache miss (33.58 s)
2022-03-04 01:59:51,347 - INFO - pyopencl - build program: kernel '_pt_kernel_89' was part of a lengthy source build resulting from a binary cache miss (33.58 s)
2022-03-04 01:59:51,348 - INFO - pyopencl - build program: kernel '_pt_kernel_90' was part of a lengthy source build resulting from a binary cache miss (33.58 s)
2022-03-04 01:59:51,350 - INFO - pyopencl - build program: kernel '_pt_kernel_91' was part of a lengthy source build resulting from a binary cache miss (33.58 s)
2022-03-04 01:59:51,351 - INFO - pyopencl - build program: kernel '_pt_kernel_92' was part of a lengthy source build resulting from a binary cache miss (33.58 s)
2022-03-04 01:59:51,352 - INFO - pyopencl - build program: kernel '_pt_kernel_93' was part of a lengthy source build resulting from a binary cache miss (33.58 s)
2022-03-04 01:59:51,354 - INFO - pyopencl - build program: kernel '_pt_kernel_94' was part of a lengthy source build resulting from a binary cache miss (33.58 s)
2022-03-04 01:59:51,357 - INFO - pyopencl - build program: kernel '_pt_kernel_95' was part of a lengthy source build resulting from a binary cache miss (33.58 s)
2022-03-04 01:59:51,358 - INFO - pyopencl - build program: kernel '_pt_kernel_96' was part of a lengthy source build resulting from a binary cache miss (33.58 s)
2022-03-04 01:59:51,360 - INFO - pyopencl - build program: kernel '_pt_kernel_97' was part of a lengthy source build resulting from a binary cache miss (33.58 s)
2022-03-04 01:59:51,363 - INFO - pyopencl - build program: kernel '_pt_kernel_98' was part of a lengthy source build resulting from a binary cache miss (33.58 s)
2022-03-04 01:59:51,364 - INFO - pyopencl - build program: kernel '_pt_kernel_99' was part of a lengthy source build resulting from a binary cache miss (33.58 s)
2022-03-04 01:59:51,367 - INFO - pyopencl - build program: kernel '_pt_kernel_100' was part of a lengthy source build resulting from a binary cache miss (33.58 s)
2022-03-04 01:59:51,368 - INFO - pyopencl - build program: kernel '_pt_kernel_101' was part of a lengthy source build resulting from a binary cache miss (33.58 s)
2022-03-04 01:59:51,371 - INFO - pyopencl - build program: kernel '_pt_kernel_102' was part of a lengthy source build resulting from a binary cache miss (33.58 s)
2022-03-04 01:59:51,372 - INFO - pyopencl - build program: kernel '_pt_kernel_103' was part of a lengthy source build resulting from a binary cache miss (33.58 s)
2022-03-04 01:59:51,373 - INFO - pyopencl - build program: kernel '_pt_kernel_104' was part of a lengthy source build resulting from a binary cache miss (33.58 s)
2022-03-04 01:59:52,352 - INFO - pyopencl - build program: kernel '_pt_kernel' was part of a lengthy source build resulting from a binary cache miss (0.49 s)
2022-03-04 01:59:53,093 - INFO - pyopencl - build program: kernel '_pt_kernel' was part of a lengthy source build resulting from a binary cache miss (0.49 s)
step = 0, sim time: 0.000000e+00 s, step walltime: 255.334 s
2022-03-04 01:59:53,910 - INFO - pyopencl - build program: kernel '_pt_kernel' was part of a lengthy source build resulting from a binary cache miss (0.51 s)
step = 1, sim time: 1.000000e-08 s, step walltime: 0.0751224 s
step = 2, sim time: 2.000000e-08 s, step walltime: 0.0712733 s
step = 3, sim time: 3.000000e-08 s, step walltime: 0.063863 s
step = 4, sim time: 4.000000e-08 s, step walltime: 0.0666287 s
step = 5, sim time: 5.000000e-08 s, step walltime: 0.0647545 s
step = 6, sim time: 6.000000e-08 s, step walltime: 0.0627186 s
step = 7, sim time: 7.000000e-08 s, step walltime: 0.069623 s
step = 8, sim time: 8.000000e-08 s, step walltime: 0.0649159 s
step = 9, sim time: 9.000000e-08 s, step walltime: 0.0720105 s
step = 10, sim time: 1.000000e-07 s, step walltime: 0.0643289 s
step = 11, sim time: 1.100000e-07 s, step walltime: 0.0624418 s
step = 12, sim time: 1.200000e-07 s, step walltime: 0.0659311 s
step = 13, sim time: 1.300000e-07 s, step walltime: 0.0615768 s
step = 14, sim time: 1.400000e-07 s, step walltime: 0.0618286 s
step = 15, sim time: 1.500000e-07 s, step walltime: 0.0660248 s
step = 16, sim time: 1.600000e-07 s, step walltime: 0.0652831 s
step = 17, sim time: 1.700000e-07 s, step walltime: 0.0650909 s
step = 18, sim time: 1.800000e-07 s, step walltime: 0.0632694 s
2022-03-04 01:59:56,085 - INFO - pyopencl - build program: kernel '_pt_kernel' was part of a lengthy source build resulting from a binary cache miss (0.49 s)
2022-03-04 01:59:56,814 - INFO - pyopencl - build program: kernel '_pt_kernel' was part of a lengthy source build resulting from a binary cache miss (0.49 s)
step = 19, sim time: 1.900000e-07 s, step walltime: 1.4679 s
Checkpointing final state ...
2022-03-04 01:59:57,649 - INFO - loopy.schedule - _pt_kernel: schedule: completed (0.37s wall 1.00x CPU)
2022-03-04 01:59:58,600 - INFO - loopy.codegen - _pt_kernel: generate code: completed (0.85s wall 1.00x CPU)
2022-03-04 01:59:59,292 - INFO - pyopencl - build program: kernel '_pt_kernel' was part of a lengthy source build resulting from a binary cache miss (0.67 s)
2022-03-04 02:00:00,288 - INFO - loopy.codegen - _pt_kernel: generate code: completed (0.49s wall 1.00x CPU)
2022-03-04 02:00:00,907 - INFO - pyopencl - build program: kernel '_pt_kernel' was part of a lengthy source build resulting from a binary cache miss (0.61 s)
2022-03-04 02:00:01,719 - INFO - loopy.codegen - _pt_kernel: generate code: completed (0.37s wall 1.00x CPU)
2022-03-04 02:00:02,324 - INFO - pyopencl - build program: kernel '_pt_kernel' was part of a lengthy source build resulting from a binary cache miss (0.59 s)
-------- dt = 0.000e+00, cfl = 0.0368
-------- P (min, max) (Pa) = (1.430222981e+03, 3.113408191e+05)
-------- T (min, max) (K)  = (271.344, 2480.33)

2022-03-04 02:00:03,189 - INFO - pyopencl - build program: kernel '_pt_kernel' was part of a lengthy source build resulting from a binary cache miss (0.55 s)
2022-03-04 02:00:04,378 - INFO - loopy.codegen - _pt_kernel: generate code: completed (0.60s wall 1.00x CPU)
2022-03-04 02:00:05,186 - INFO - pyopencl - build program: kernel '_pt_kernel' was part of a lengthy source build resulting from a binary cache miss (0.79 s)
2022-03-04 02:00:05,187 - INFO - pyopencl - build program: kernel '_pt_kernel_0' was part of a lengthy source build resulting from a binary cache miss (0.79 s)
2022-03-04 02:00:06,283 - INFO - loopy.codegen - _pt_kernel: generate code: completed (0.52s wall 1.00x CPU)
2022-03-04 02:00:07,097 - INFO - pyopencl - build program: kernel '_pt_kernel' was part of a lengthy source build resulting from a binary cache miss (0.80 s)
2022-03-04 02:00:07,098 - INFO - pyopencl - build program: kernel '_pt_kernel_0' was part of a lengthy source build resulting from a binary cache miss (0.80 s)
2022-03-04 02:00:08,294 - INFO - loopy.codegen - _pt_kernel: generate code: completed (0.60s wall 1.00x CPU)
2022-03-04 02:00:09,100 - INFO - pyopencl - build program: kernel '_pt_kernel' was part of a lengthy source build resulting from a binary cache miss (0.79 s)
2022-03-04 02:00:09,100 - INFO - pyopencl - build program: kernel '_pt_kernel_0' was part of a lengthy source build resulting from a binary cache miss (0.79 s)
2022-03-04 02:00:09,889 - INFO - loopy.schedule - _pt_kernel: schedule: completed (0.38s wall 1.00x CPU)
2022-03-04 02:00:10,856 - INFO - loopy.codegen - _pt_kernel: generate code: completed (0.88s wall 1.00x CPU)
2022-03-04 02:00:11,711 - INFO - pyopencl - build program: kernel '_pt_kernel' was part of a lengthy source build resulting from a binary cache miss (0.83 s)
2022-03-04 02:00:11,712 - INFO - pyopencl - build program: kernel '_pt_kernel_0' was part of a lengthy source build resulting from a binary cache miss (0.83 s)
2022-03-04 02:00:12,703 - INFO - pyopencl - build program: kernel '_pt_kernel' was part of a lengthy source build resulting from a binary cache miss (0.58 s)
2022-03-04 02:00:13,802 - INFO - loopy.codegen - _pt_kernel: generate code: completed (0.52s wall 1.00x CPU)
2022-03-04 02:00:14,571 - INFO - pyopencl - build program: kernel '_pt_kernel' was part of a lengthy source build resulting from a binary cache miss (0.76 s)
2022-03-04 02:00:14,572 - INFO - pyopencl - build program: kernel '_pt_kernel_0' was part of a lengthy source build resulting from a binary cache miss (0.76 s)
2022-03-04 02:00:15,415 - INFO - loopy.codegen - _pt_kernel: generate code: completed (0.32s wall 1.00x CPU)
2022-03-04 02:00:16,651 - INFO - pyopencl - build program: kernel '_pt_kernel' was part of a lengthy source build resulting from a binary cache miss (0.98 s)
2022-03-04 02:00:16,651 - INFO - pyopencl - build program: kernel '_pt_kernel_0' was part of a lengthy source build resulting from a binary cache miss (0.98 s)
2022-03-04 02:00:16,652 - INFO - pyopencl - build program: kernel '_pt_kernel_1' was part of a lengthy source build resulting from a binary cache miss (0.98 s)
2022-03-04 02:00:17,585 - INFO - loopy.schedule - _pt_kernel: schedule: completed (0.46s wall 1.00x CPU)
2022-03-04 02:00:18,694 - INFO - loopy.codegen - _pt_kernel: generate code: completed (1.00s wall 1.00x CPU)
2022-03-04 02:00:19,585 - INFO - pyopencl - build program: kernel '_pt_kernel' was part of a lengthy source build resulting from a binary cache miss (0.87 s)
2022-03-04 02:00:19,586 - INFO - pyopencl - build program: kernel '_pt_kernel_0' was part of a lengthy source build resulting from a binary cache miss (0.87 s)
2022-03-04 02:00:20,349 - INFO - pyopencl - build program: kernel '_pt_kernel' was part of a lengthy source build resulting from a binary cache miss (0.50 s)

------------------------------------------------------------
Sender: LSF System <lsfadmin@lassen710>
Subject: Job 3307743: <isolator_timing_job.sh> in cluster <lassen> Done

Job <isolator_timing_job.sh> was submitted from host <lassen708> by user <mtcampbe> in cluster <lassen> at Fri Mar  4 01:53:47 2022
Job was executed on host(s) <1*lassen710>, in queue <pbatch>, as user <mtcampbe> in cluster <lassen> at Fri Mar  4 01:53:50 2022
                            <40*lassen429>
</g/g17/mtcampbe> was used as the home directory.
</p/gpfs1/mtcampbe/CEESD/AutomatedTesting/MIRGE-Timing/timing/emirge/mirgecom/y2-isolator/timing_run> was used as the working directory.
Started at Fri Mar  4 01:53:50 2022
Terminated at Fri Mar  4 02:01:03 2022
Results reported at Fri Mar  4 02:01:03 2022

Your job looked like:

------------------------------------------------------------
# LSBATCH: User input
#!/bin/bash

#BSUB -nnodes 1
#BSUB -G uiuc
#BSUB -W 60
#BSUB -q pbatch

printf "Running with EMIRGE_HOME=/p/gpfs1/mtcampbe/CEESD/AutomatedTesting/MIRGE-Timing/timing/emirge\n"

source "/p/gpfs1/mtcampbe/CEESD/AutomatedTesting/MIRGE-Timing/timing/emirge/config/activate_env.sh"
export PYOPENCL_CTX="port:tesla"
export XDG_CACHE_HOME="/tmp/mtcampbe/xdg-scratch"
rm -rf $XDG_CACHE_HOME
rm -f timing-run-done
which python
conda env list
env
env | grep LSB_MCPU_HOSTS

jsrun -g 1 -a 1 -n 1 python -O -u -m mpi4py ./isolator.py -i timing_params.yaml --lazy --log
touch timing-run-done


------------------------------------------------------------

Successfully completed.

Resource usage summary:

    CPU time :                                   0.24 sec.
    Max Memory :                                 59 MB
    Average Memory :                             58.06 MB
    Total Requested Memory :                     -
    Delta Memory :                               -
    Max Swap :                                   1634 MB
    Max Processes :                              4
    Max Threads :                                27
    Run time :                                   432 sec.
    Turnaround time :                            436 sec.

The output (if any) is above this job summary.

