Customizing shell for Lassen.
Running with EMIRGE_HOME=/p/gpfs1/mtcampbe/CEESD/AutomatedTesting/MIRGE-Timing/timing/emirge
Activating 'nozzle.lazy.timing.env' environment for '/p/gpfs1/mtcampbe/CEESD/AutomatedTesting/MIRGE-Timing/timing/emirge/miniforge3/bin/conda'.
/p/gpfs1/mtcampbe/CEESD/AutomatedTesting/MIRGE-Timing/timing/emirge/miniforge3/envs/nozzle.lazy.timing.env/bin/python
# conda environments:
#
                         /p/gpfs1/mtcampbe/CEESD/AutomatedTesting/MIRGE-Timing/testing/emirge/miniforge3/envs/ceesd.testing.env
base                     /p/gpfs1/mtcampbe/CEESD/AutomatedTesting/MIRGE-Timing/timing/emirge/miniforge3
nozzle.lazy.timing.env  *  /p/gpfs1/mtcampbe/CEESD/AutomatedTesting/MIRGE-Timing/timing/emirge/miniforge3/envs/nozzle.lazy.timing.env
                         /p/gpfs1/mtcampbe/CEESD/AutomatedTesting/MIRGE-Timing/timing/y2-prediction-performance-runs/mirgecom-new-dist/miniforge3/envs/timing.y2.performance
                         /p/gpfs1/mtcampbe/CEESD/AutomatedTesting/MIRGE-Timing/timing/y2-prediction-testing/emirge/miniforge3/envs/y2.testing.prod
                         /p/gpfs1/mtcampbe/CEESD/AutomatedTesting/MIRGE-Timing/timing/y3-prediction-testing/emirge/miniforge3/envs/testing.y3.production
                         /usr/workspace/wsa/xpacc/Users/mtcampbe/CEESD/Quartz/Install/conda
                         /usr/workspace/wsa/xpacc/Users/mtcampbe/CEESD/Quartz/Install/conda/envs/abate.mtc_euler.env
                         /usr/workspace/wsa/xpacc/Users/mtcampbe/CEESD/Quartz/Install/conda/envs/ceesd.master
                         /usr/workspace/wsa/xpacc/Users/mtcampbe/CEESD/Quartz/Install/conda/envs/chem.master
                         /usr/workspace/wsa/xpacc/Users/mtcampbe/CEESD/Quartz/Install/conda/envs/dgfem
                         /usr/workspace/wsa/xpacc/Users/mtcampbe/CEESD/Quartz/Install/conda/envs/mc.master

LMOD_FAMILY_COMPILER_VERSION=8.3.1
LLNL_IPISOLATE=0
MANPATH=/usr/tce/packages/spectrum-mpi/ibm/spectrum-mpi-rolling-release/share/man:/usr/tce/packages/gcc/gcc-8.3.1/man:/opt/ibm/spectrumcomputing/lsf/10.1.0.10/man:/usr/man:/usr/share/man:/usr/local/man:/usr/X11R6/man:/usr/lib64/mvapich/default/man:/opt/ibm/spectrum_mpi/jsm_pmix/share/man
LSB_EXEC_CLUSTER=lassen
OMPI_COMM_WORLD_RANK=0
LMOD_FAMILY_CUDA=cuda
LMOD_ANCIENT_TIME=3600
GUESTFISH_INIT=\e[1;34m
_ModuleTable003_=LAp1c2VyTmFtZSA9ICJnY2MvOC4zLjEiLAp3ViA9ICIwMDAwMDAwMDguMDAwMDAwMDAzLjAwMDAwMDAwMS4qemZpbmFsIiwKfSwKbGFsbG9jID0gewpmbiA9ICIvdXNyL3RjZXRtcC9tb2R1bGVmaWxlcy9Db3JlL2xhbGxvYy8yLjAubHVhIiwKZnVsbE5hbWUgPSAibGFsbG9jLzIuMCIsCmxvYWRPcmRlciA9IDMsCnByb3BUID0ge30sCnN0YWNrRGVwdGggPSAwLApzdGF0dXMgPSAiYWN0aXZlIiwKdXNlck5hbWUgPSAibGFsbG9jLzIuMCIsCndWID0gIl4wMDAwMDAwMi4qemZpbmFsIiwKfSwKWyJzcGVjdHJ1bS1tcGkiXSA9IHsKZm4gPSAiL3Vzci90Y2UvbW9kdWxlZmlsZXMvQ29tcGlsZXIvZ2NjLzguMy4xL3NwZWN0cnVtLW1waS9yb2xsaW5nLXJlbGVhc2UubHVhIiwKZnVs
HOSTNAME=lassen260
PROJ_DATA=/p/gpfs1/mtcampbe/CEESD/AutomatedTesting/MIRGE-Timing/timing/emirge/miniforge3/envs/nozzle.lazy.timing.env/share/proj
LSB_EFFECTIVE_RSRCREQ=1*{select[(LN) && (type == any)] order[r15s:pg] span[hosts=1]}+40*{select[(CN) && (type == any)] order[r15s:pg] span[ptile=40]}
LSB_DOCKER_JOB_STARTTS=1679820358
BBHASH=48b298fff8ca98e91c0d1912a80b6d3e
JSM_TMPDIR=/var/tmp
MIRGE_TIMING_HOME=/p/gpfs1/mtcampbe/CEESD/AutomatedTesting/MIRGE-Timing/timing
LSF_LOGDIR=/opt/ibm/spectrumcomputing/lsf/log
LSF_LIM_API_NTRIES=1
LSB_BATCH_JID=4665388
__LMOD_REF_COUNT_MODULEPATH=/usr/tce/modulefiles/MPI/gcc/8.3.1/spectrum-mpi/rolling-release:1;/usr/tce/modulefiles/Compiler/gcc/8.3.1:1;/usr/tcetmp/modulefiles/Core:1;/usr/apps/modulefiles:1;/usr/share/modulefiles/Linux:1;/usr/share/modulefiles/Core:1;/usr/share/lmod/lmod/modulefiles/Core:1;/collab/usr/global/tools/modulefiles/blueos_3_ppc64le_ib_p9/Core:1
MAILTO=mtcampbe@illinois.edu,andreask@illinois.edu
SHELL=/bin/bash
LMOD_ROOT=/usr/share/lmod
HISTSIZE=1000
WISECONFIGDIR=/usr/share/wise2/
LMOD_SYSTEM_DEFAULT_MODULES=StdEnv
TMPDIR=/var/tmp
MODULEPATH_ROOT=/usr/share/modulefiles
SSH_CLIENT=192.168.66.202 44976 22
LS_EXECCWD=/p/gpfs1/mtcampbe/CEESD/AutomatedTesting/MIRGE-Timing/timing/emirge/mirgecom/y2-isolator/timing_run
LSB_TRAPSIGS=trap # 15 10 12 2 1
CONDA_SHLVL=1
LMOD_FAMILY_CUDA_VERSION=10.1.243
LS_JOBPID=78708
CONDA_PROMPT_MODIFIER=
LSB_MAX_NUM_PROCESSORS=41
LSB_JOBRES_CALLBACK=37779@lassen710
LMOD_PKG=/usr/share/lmod/lmod
LSB_JOB_EXECUSER=mtcampbe
LSB_JOBID=4665388
QTDIR=/usr/lib64/qt-3.3
LSF_SERVERDIR=/opt/ibm/spectrumcomputing/lsf/10.1.0.10/linux3.10-glibc2.17-ppc64le-csm/etc
LSB_JOBRES_PID=78708
LMOD_VERSION=8.6.16
LMOD_SHORT_TIME=60
QTINC=/usr/lib64/qt-3.3/include
LSB_JOBNAME=isolator_timing_job.sh
LLNL_COMPUTE_NODES=lassen260
LLNL_ATSDISABLE=0
BSUB_BLOCK_EXEC_HOST=
QT_GRAPHICSSYSTEM_CHECKED=1
LSF_LIBDIR=/opt/ibm/spectrumcomputing/lsf/10.1.0.10/linux3.10-glibc2.17-ppc64le-csm/lib
LSB_PROJECT_NAME=default
OPAL_PREFIX=/usr/tce/packages/spectrum-mpi/ibm/spectrum-mpi-rolling-release
CUDA_HOME=/usr/tce/packages/cuda/cuda-10.1.243
USER=mtcampbe
PYOPENCL_CTX=port:tesla
LMOD_sys=Linux
LD_LIBRARY_PATH=/opt/ibm/spectrumcomputing/lsf/10.1.0.10/linux3.10-glibc2.17-ppc64le-csm/lib:/usr/tce/packages/cuda/cuda-10.1.243/lib64
SBD_KRB5CCNAME_VAL=
LSB_EEXEC_REAL_UID=
CONDA_EXE=/p/gpfs1/mtcampbe/CEESD/AutomatedTesting/MIRGE-Timing/timing/emirge/miniforge3/bin/conda
CEESD=/usr/workspace/wsa/xpacc/Users/mtcampbe/CEESD/Lassen
PFTP_CONFIG_FILENAME=/etc/pftp_config
ENV=/g/g17/mtcampbe/.bashrc
HOST_GRP=linux
_ModuleTable004_=bE5hbWUgPSAic3BlY3RydW0tbXBpL3JvbGxpbmctcmVsZWFzZSIsCmxvYWRPcmRlciA9IDUsCnByb3BUID0ge30sCnN0YWNrRGVwdGggPSAwLApzdGF0dXMgPSAiYWN0aXZlIiwKdXNlck5hbWUgPSAic3BlY3RydW0tbXBpL3JvbGxpbmctcmVsZWFzZSIsCndWID0gIl5yb2xsaW5nLipyZWxlYXNlLip6ZmluYWwiLAp9LAp9LAptcGF0aEEgPSB7CiIvdXNyL3RjZS9tb2R1bGVmaWxlcy9NUEkvZ2NjLzguMy4xL3NwZWN0cnVtLW1waS9yb2xsaW5nLXJlbGVhc2UiCiwgIi91c3IvdGNlL21vZHVsZWZpbGVzL0NvbXBpbGVyL2djYy84LjMuMSIsICIvdXNyL3RjZXRtcC9tb2R1bGVmaWxlcy9Db3JlIgosICIvdXNyL2FwcHMvbW9kdWxlZmlsZXMiLCAiL3Vzci9zaGFyZS9tb2R1bGVm
HOSTTYPE=LINUXPPC64LE
LSF_INVOKE_CMD=bsub
CUDA_CACHE_DISABLE=1
LS_EXEC_T=START
LMOD_FAMILY_LALLOC=lalloc
LS_SUBCWD=/p/gpfs1/mtcampbe/CEESD/AutomatedTesting/MIRGE-Timing/timing/emirge/mirgecom/y2-isolator/timing_run
LSB_SUB_RES_REQ=1*{select[LN]span[hosts=1]} + 40*{select[CN]span[ptile=40]}
LSB_HOSTS=lassen710 lassen260 lassen260 lassen260 lassen260 lassen260 lassen260 lassen260 lassen260 lassen260 lassen260 lassen260 lassen260 lassen260 lassen260 lassen260 lassen260 lassen260 lassen260 lassen260 lassen260 lassen260 lassen260 lassen260 lassen260 lassen260 lassen260 lassen260 lassen260 lassen260 lassen260 lassen260 lassen260 lassen260 lassen260 lassen260 lassen260 lassen260 lassen260 lassen260 lassen260
LMOD_PREPEND_BLOCK=normal
LMOD_FAMILY_MPI_VERSION=rolling-release
GUESTFISH_PS1=\[\e[1;32m\]><fs>\[\e[0;31m\] 
_CE_CONDA=
LSB_UNIXGROUP_INT=mtcampbe
LSB_JOBFILENAME=/g/g17/mtcampbe/.lsbatch/1679820354.4665388
LSB_JOBINDEX=0
_ModuleTable001_=X01vZHVsZVRhYmxlXyA9IHsKTVR2ZXJzaW9uID0gMywKY19yZWJ1aWxkVGltZSA9IGZhbHNlLApjX3Nob3J0VGltZSA9IGZhbHNlLApkZXB0aFQgPSB7fSwKZmFtaWx5ID0gewpjb21waWxlciA9ICJnY2MiLApjdWRhID0gImN1ZGEiLApsYWxsb2MgPSAibGFsbG9jIiwKbXBpID0gInNwZWN0cnVtLW1waSIsCn0sCm1UID0gewpTdGRFbnYgPSB7CmZuID0gIi91c3IvdGNldG1wL21vZHVsZWZpbGVzL0NvcmUvU3RkRW52Lmx1YSIsCmZ1bGxOYW1lID0gIlN0ZEVudiIsCmxvYWRPcmRlciA9IDIsCnByb3BUID0gewpsbW9kID0gewpzdGlja3kgPSAxLAp9LAp9LApzdGFja0RlcHRoID0gMCwKc3RhdHVzID0gImFjdGl2ZSIsCnVzZXJOYW1lID0gIlN0ZEVudiIsCndWID0gIk0uKnpm
PATH=/usr/tce/packages/spectrum-mpi/spectrum-mpi-rolling-release-gcc-8.3.1/bin:/usr/tce/packages/gcc/gcc-8.3.1/bin:/usr/tce/packages/lalloc/lalloc-2.0/bin:/p/gpfs1/mtcampbe/CEESD/AutomatedTesting/MIRGE-Timing/timing/emirge/miniforge3/envs/nozzle.lazy.timing.env/bin:/p/gpfs1/mtcampbe/CEESD/AutomatedTesting/MIRGE-Timing/timing/emirge/miniforge3/bin:/usr/tce/packages/cuda/cuda-10.1.243/bin:/usr/tcetmp/bin:/usr/condabin:/usr/workspace/wsa/xpacc/Users/mtcampbe/CEESD/Lassen/conda-install/bin:/usr/lib64/qt-3.3/bin:/usr/local/bin:/usr/bin:/usr/local/sbin:/usr/sbin:/opt/ibm/spectrum_mpi/jsm_pmix/bin:/opt/ibm/bb/bin:/opt/ibm/flightlog/bin:/opt/ibutils/bin:/opt/ibm/spectrumcomputing/lsf/10.1.0.10/linux3.10-glibc2.17-ppc64le-csm/etc:/opt/ibm/spectrumcomputing/lsf/10.1.0.10/linux3.10-glibc2.17-ppc64le-csm/bin:/opt/ibm/spectrumcomputing/lsf/10.1.0.9/linux3.10-glibc2.17-ppc64le-csm/etc:/opt/ibm/spectrumcomputing/lsf/10.1.0.9/linux3.10-glibc2.17-ppc64le-csm/bin
MAIL=/var/spool/mail/mtcampbe
PROJ_NETWORK=ON
LCSCHEDCLUSTER=lassen
XML_CATALOG_FILES=file:///p/gpfs1/mtcampbe/CEESD/AutomatedTesting/MIRGE-Timing/timing/emirge/miniforge3/envs/nozzle.lazy.timing.env/etc/xml/catalog file:///etc/xml/catalog
LSB_EXIT_PRE_ABORT=99
LSB_JOBEXIT_STAT=0
LMOD_SETTARG_CMD=:
LMOD_FAMILY_LALLOC_VERSION=2.0
CONDA_PREFIX=/p/gpfs1/mtcampbe/CEESD/AutomatedTesting/MIRGE-Timing/timing/emirge/miniforge3/envs/nozzle.lazy.timing.env
INPUTRC=/etc/inputrc
PWD=/p/gpfs1/mtcampbe/CEESD/AutomatedTesting/MIRGE-Timing/timing/emirge/mirgecom/y2-isolator/timing_run
_LMFILES_=/usr/tcetmp/modulefiles/Core/cuda/10.1.243.lua:/usr/tcetmp/modulefiles/Core/StdEnv.lua:/usr/tcetmp/modulefiles/Core/lalloc/2.0.lua:/usr/tcetmp/modulefiles/Core/gcc/8.3.1.lua:/usr/tce/modulefiles/Compiler/gcc/8.3.1/spectrum-mpi/rolling-release.lua
EDITOR=/bin/vi
LANG=en_US.UTF-8
LSB_CHKFILENAME=/g/g17/mtcampbe/.lsbatch/1679820354.4665388
MODULEPATH=/usr/tce/modulefiles/MPI/gcc/8.3.1/spectrum-mpi/rolling-release:/usr/tce/modulefiles/Compiler/gcc/8.3.1:/usr/tcetmp/modulefiles/Core:/usr/apps/modulefiles:/usr/share/modulefiles/Linux:/usr/share/modulefiles/Core:/usr/share/lmod/lmod/modulefiles/Core:/collab/usr/global/tools/modulefiles/blueos_3_ppc64le_ib_p9/Core
LSB_DJOB_HOSTFILE=/g/g17/mtcampbe/.lsbatch/1679820354.4665388.hostfile
LOADEDMODULES=cuda/10.1.243:StdEnv:lalloc/2.0:gcc/8.3.1:spectrum-mpi/rolling-release
KDEDIRS=/usr
GUESTFISH_OUTPUT=\e[0m
_ModuleTable_Sz_=5
LSB_JOB_STARTER=/usr/tcetmp/bin/bsub_job_starter %USRCMD
EMIRGE_HOME=/p/gpfs1/mtcampbe/CEESD/AutomatedTesting/MIRGE-Timing/timing/emirge
LSF_JOB_TIMESTAMP_VALUE=1679820358
LMOD_CMD=/usr/share/lmod/lmod/libexec/lmod
_ModuleTable005_=aWxlcy9MaW51eCIKLCAiL3Vzci9zaGFyZS9tb2R1bGVmaWxlcy9Db3JlIiwgIi91c3Ivc2hhcmUvbG1vZC9sbW9kL21vZHVsZWZpbGVzL0NvcmUiLCAiL2NvbGxhYi91c3IvZ2xvYmFsL3Rvb2xzL21vZHVsZWZpbGVzL2JsdWVvc18zX3BwYzY0bGVfaWJfcDkvQ29yZSIsCn0sCnN5c3RlbUJhc2VNUEFUSCA9ICIvdXNyL3RjZXRtcC9tb2R1bGVmaWxlcy9Db3JlOi91c3IvYXBwcy9tb2R1bGVmaWxlczovdXNyL3NoYXJlL21vZHVsZWZpbGVzL0xpbnV4Oi91c3Ivc2hhcmUvbW9kdWxlZmlsZXMvQ29yZTovdXNyL3NoYXJlL2xtb2QvbG1vZC9tb2R1bGVmaWxlcy9Db3JlIiwKfQo=
BBPATH=/mnt/bb_48b298fff8ca98e91c0d1912a80b6d3e
LSB_EXEC_HOSTTYPE=UNKNOWN_AUTO_DETECT
LSB_DJOB_NUMPROC=41
LSF_BINDIR=/opt/ibm/spectrumcomputing/lsf/10.1.0.10/linux3.10-glibc2.17-ppc64le-csm/bin
LLNL_NUM_COMPUTE_NODES=1
HISTCONTROL=ignoredups
_CE_M=
SSH_ASKPASS=/usr/libexec/openssh/gnome-ssh-askpass
ENVIRONMENT=BATCH
CXX=mpicxx
HOME=/g/g17/mtcampbe
SHLVL=6
__LMOD_REF_COUNT_PATH=/usr/tce/packages/spectrum-mpi/spectrum-mpi-rolling-release-gcc-8.3.1/bin:2;/usr/tce/packages/gcc/gcc-8.3.1/bin:2;/usr/tce/packages/lalloc/lalloc-2.0/bin:2;/p/gpfs1/mtcampbe/CEESD/AutomatedTesting/MIRGE-Timing/timing/emirge/miniforge3/envs/nozzle.lazy.timing.env/bin:1;/p/gpfs1/mtcampbe/CEESD/AutomatedTesting/MIRGE-Timing/timing/emirge/miniforge3/bin:1;/usr/tce/packages/cuda/cuda-10.1.243/bin:2;/usr/tcetmp/bin:2;/usr/condabin:1;/usr/workspace/wsa/xpacc/Users/mtcampbe/CEESD/Lassen/conda-install/bin:1;/usr/lib64/qt-3.3/bin:1;/usr/local/bin:1;/usr/bin:1;/usr/local/sbin:1;/usr/sbin:1;/opt/ibm/spectrum_mpi/jsm_pmix/bin:1;/opt/ibm/bb/bin:1;/opt/ibm/flightlog/bin:1;/opt/ibutils/bin:1;/opt/ibm/spectrumcomputing/lsf/10.1.0.10/linux3.10-glibc2.17-ppc64le-csm/etc:1;/opt/ibm/spectrumcomputing/lsf/10.1.0.10/linux3.10-glibc2.17-ppc64le-csm/bin:1;/opt/ibm/spectrumcomputing/lsf/10.1.0.9/linux3.10-glibc2.17-ppc64le-csm/etc:1;/opt/ibm/spectrumcomputing/lsf/10.1.0.9/linux3.10-glibc2.17-ppc64le-csm/bin:1
JOB_TERMINATE_INTERVAL=10
LSB_ACCT_FILE=/tmp/4665388.tmpdir/.1679820354.4665388.acct
_ModuleTable002_=aW5hbCIsCn0sCmN1ZGEgPSB7CmZuID0gIi91c3IvdGNldG1wL21vZHVsZWZpbGVzL0NvcmUvY3VkYS8xMC4xLjI0My5sdWEiLApmdWxsTmFtZSA9ICJjdWRhLzEwLjEuMjQzIiwKbG9hZE9yZGVyID0gMSwKcHJvcFQgPSB7fSwKc3RhY2tEZXB0aCA9IDEsCnN0YXR1cyA9ICJhY3RpdmUiLAp1c2VyTmFtZSA9ICJjdWRhLzEwLjEuMjQzIiwKd1YgPSAiXjAwMDAwMDEwLjAwMDAwMDAwMS4wMDAwMDAyNDMuKnpmaW5hbCIsCn0sCmdjYyA9IHsKZm4gPSAiL3Vzci90Y2V0bXAvbW9kdWxlZmlsZXMvQ29yZS9nY2MvOC4zLjEubHVhIiwKZnVsbE5hbWUgPSAiZ2NjLzguMy4xIiwKbG9hZE9yZGVyID0gNCwKcHJvcFQgPSB7fSwKc3RhY2tEZXB0aCA9IDAsCnN0YXR1cyA9ICJhY3RpdmUi
CSM_ALLOCATION_ID=5135665
BINARY_TYPE_HPC=
LSB_SUB_HOST=lassen708
LLNL_CORE_ISOLATION=2
FC=mpif90
XDG_CACHE_HOME=/tmp/mtcampbe/xdg-scratch
__LSF_JOB_TMPDIR__=/tmp/4665388.tmpdir
LSFUSER=mtcampbe
LSB_SUB_USER=mtcampbe
LSB_QUEUE=pbatch
LSB_OUTPUTFILE=/p/gpfs1/mtcampbe/CEESD/AutomatedTesting/MIRGE-Timing/timing/emirge/mirgecom/y2-isolator/timing_run/
LSB_OUTDIR=/p/gpfs1/mtcampbe/CEESD/AutomatedTesting/MIRGE-Timing/timing/emirge/mirgecom/y2-isolator/timing_run
LSB_MCPU_HOSTS=lassen710 1 lassen260 40 
LMOD_arch=ppc64le
TMP=/var/tmp
MPI_ROOT=/usr/tce/packages/spectrum-mpi/ibm/spectrum-mpi-rolling-release
CONDA_PYTHON_EXE=/p/gpfs1/mtcampbe/CEESD/AutomatedTesting/MIRGE-Timing/timing/emirge/miniforge3/bin/python
LOGNAME=mtcampbe
QTLIB=/usr/lib64/qt-3.3/lib
CVS_RSH=ssh
XLSF_UIDDIR=/opt/ibm/spectrumcomputing/lsf/10.1.0.10/linux3.10-glibc2.17-ppc64le-csm/lib/uid
XDG_DATA_DIRS=/p/gpfs1/mtcampbe/CEESD/AutomatedTesting/MIRGE-Timing/.local/share/flatpak/exports/share:/var/lib/flatpak/exports/share:/usr/local/share:/usr/share
SSH_CONNECTION=192.168.66.202 44976 192.168.65.6 22
SYS_TYPE=blueos_3_ppc64le_ib_p9
MODULESHOME=/usr/share/lmod/lmod
LMOD_SETTARG_FULL_SUPPORT=no
LESSOPEN=||/usr/bin/lesspipe.sh %s
__LMOD_REF_COUNT_LD_LIBRARY_PATH=/usr/tce/packages/cuda/cuda-10.1.243/lib64:1;/opt/ibm/spectrumcomputing/lsf/10.1.0.10/linux3.10-glibc2.17-ppc64le-csm/lib:1
PKG_CONFIG_PATH=/usr/tce/packages/cuda/cuda-10.1.243/lib64/pkgconfig
OMP_NUM_THREADS=1
LSF_CGROUP_TOPDIR_KEY=lassen
CONDA_DEFAULT_ENV=nozzle.lazy.timing.env
LMOD_FULL_SETTARG_SUPPORT=no
LMOD_FAMILY_COMPILER=gcc
LSB_XFER_OP=
LSB_EEXEC_REAL_GID=
__LMOD_REF_COUNT_PKG_CONFIG_PATH=/usr/tce/packages/cuda/cuda-10.1.243/lib64/pkgconfig:1
CC=mpicc
QT_PLUGIN_PATH=/usr/lib64/kde4/plugins:/usr/lib/kde4/plugins
LMOD_DIR=/usr/share/lmod/lmod/libexec
LEXEC_UNPICKLE_QUIET=1
__LMOD_REF_COUNT_MANPATH=/usr/tce/packages/spectrum-mpi/ibm/spectrum-mpi-rolling-release/share/man:1;/usr/tce/packages/gcc/gcc-8.3.1/man:1;/opt/ibm/spectrumcomputing/lsf/10.1.0.10/man:1;/usr/man:1;/usr/share/man:1;/usr/local/man:1;/usr/X11R6/man:1;/usr/lib64/mvapich/default/man:1;/opt/ibm/spectrum_mpi/jsm_pmix/share/man:1
LSF_ENVDIR=/opt/ibm/spectrumcomputing/lsf/conf
GUESTFISH_RESTORE=\e[0m
LSB_DJOB_RANKFILE=/g/g17/mtcampbe/.lsbatch/1679820354.4665388.hostfile
LMOD_FAMILY_MPI=spectrum-mpi
LMOD_COLORIZE=yes
HISTFILE=/g/g17/mtcampbe/.bash_history
BASH_FUNC_module()=() {  local __lmod_my_status;
 local __lmod_sh_dbg;
 if [ -z "${LMOD_SH_DBG_ON+x}" ]; then
 case "$-" in 
 *v*x*)
 __lmod_sh_dbg='vx'
 ;;
 *v*)
 __lmod_sh_dbg='v'
 ;;
 *x*)
 __lmod_sh_dbg='x'
 ;;
 esac;
 fi;
 if [ -n "${__lmod_sh_dbg:-}" ]; then
 set +$__lmod_sh_dbg;
 echo "Shell debugging temporarily silenced: export LMOD_SH_DBG_ON=1 for Lmod's output" 1>&2;
 fi;
 eval "$($LMOD_CMD bash "$@")" && eval $(${LMOD_SETTARG_CMD:-:} -s sh);
 __lmod_my_status=$?;
 if [ -n "${__lmod_sh_dbg:-}" ]; then
 echo "Shell debugging restarted" 1>&2;
 set -$__lmod_sh_dbg;
 fi;
 return $__lmod_my_status
}
BASH_FUNC_ml()=() {  eval "$($LMOD_DIR/ml_cmd "$@")"
}
_=/usr/bin/env
LSB_MCPU_HOSTS=lassen710 1 lassen260 40 
Default casename isolator
Using user input from file: timing_params.yaml
Running ./isolator.py

2023-03-26 01:46:10,596 - INFO - grudge.array_context - get_reasonable_array_context_class: MPIFusionContractorArrayContext lazy=True distributed=True device-parallel=True
2023-03-26 01:46:33,364 - INFO - mirgecom.simutil - Using SVM-based memory pool on <pyopencl.Device 'Tesla V100-SXM2-16GB' on 'Portable Computing Language' at 0x1028c8ea8>.
Shock capturing parameters: alpha 0.5, s0 -4.0, kappa 0.5

#### Simluation control data: ####
	nviz = 100
	nrestart = 100
	nhealth = 100
	nstatus = 100
	current_dt = 1e-08
	t_final = 2e-07
	order = 1
	dimen = 2
	Time integration rk4
#### Simluation control data: ####


#### Simluation material properties: ####
	mu = 4.216360056e-05
	kappa = 0.05621788139856423
	Prandtl Number  = 0.75
#### Simluation initialization data: ####
	inlet Mach number 0.038727226466056475
	inlet temperature 2075.8073416311686
	inlet pressure 274212.0081934861
	inlet rho 0.4623484671063763
	inlet velocity 35.28896626974282
	outlet Mach number 3.661995139955526
	outlet temperature 563.9344091915701
	outlet pressure 2865.7077436508835
	outlet rho 0.01778579568979098
	outlet velocity 1739.2462693097807
#### Simluation initialization data: ####

Reading mesh from data/isolator.msh
./isolator.py:1087: DeprecationWarning: generate_and_distribute_mesh is deprecated and will go away Q4 2022. Use distribute_mesh instead.
  local_mesh, global_nelements = generate_and_distribute_mesh(
2023-03-26 01:46:33,582 - INFO - meshmode.distributed - rank 0: received data
2023-03-26 01:46:33,582 - INFO - meshmode.distributed - rank 0: sent all data
Making discretization
./isolator.py:1094: DeprecationWarning: mpi_communicator argument is deprecated and will disappear in Q4 2022.
  dcoll = create_discretization_collection(
Done making discretization
/p/gpfs1/mtcampbe/CEESD/AutomatedTesting/MIRGE-Timing/timing/emirge/arraycontext/arraycontext/impl/pytato/__init__.py:413: UserWarning: Running on an Nvidia GPU, reducing the argument size limit from 4352 to 3896.
  warn("Running on an Nvidia GPU, reducing the argument "
2023-03-26 01:46:33,937 - INFO - arraycontext.impl.pytato - limiting argument buffer size for <pyopencl.Device 'Tesla V100-SXM2-16GB' on 'Portable Computing Language' at 0x1028c8ea8> to 3896 bytes
2023-03-26 01:46:33,951 - INFO - meshmode.array_context - Transforming kernel with 1 statements.
2023-03-26 01:46:33,998 - INFO - meshmode.array_context - Array Contraction: Contracting 0 temps
2023-03-26 01:46:34,001 - INFO - meshmode.array_context - [_alias_global_temporaries]: Reduced memory requirement from 0.0MB to 0.0MB.
2023-03-26 01:46:34,386 - INFO - loopy.tools - preprocess_program on 'frozen_nodes0_2d': completed (0.37s wall 0.33x CPU)
2023-03-26 01:46:35,336 - INFO - pyopencl - build program: kernel 'frozen_nodes0_2d' was part of a lengthy source build resulting from a binary cache miss (0.79 s)
2023-03-26 01:46:35,383 - INFO - meshmode.array_context - Transforming kernel with 1 statements.
2023-03-26 01:46:35,422 - INFO - meshmode.array_context - Array Contraction: Contracting 0 temps
2023-03-26 01:46:35,425 - INFO - meshmode.array_context - [_alias_global_temporaries]: Reduced memory requirement from 0.0MB to 0.0MB.
2023-03-26 01:46:35,973 - INFO - pyopencl - build program: kernel 'frozen_nodes1_2d' was part of a lengthy source build resulting from a binary cache miss (0.37 s)
Before restart/init
Initializing soln.
Initialization for Case(isolator)
===
Num 2d order-1 elements: 2504
Num global elements: 2504
Timestep:        1e-08
Initial time:    0
Final time:      2e-07
CFL:             1.0
Constant CFL:    False
Initialization:  isolator
EOS:             IdealSingleGas

2023-03-26 01:46:37,636 - INFO - meshmode.array_context - transform_dag.infer_axes_tags: completed (0.59s wall 1.00x CPU)
2023-03-26 01:46:37,804 - INFO - arraycontext.impl.pytato - limiting argument buffer size for <pyopencl.Device 'Tesla V100-SXM2-16GB' on 'Portable Computing Language' at 0x1028c8ea8> to 3896 bytes
2023-03-26 01:46:38,470 - INFO - meshmode.array_context - Transforming kernel with 14 statements.
2023-03-26 01:46:39,913 - INFO - loopy.tools - fuse_same_discretization_entity_loops on 'frozen_result': completed (1.29s wall 1.00x CPU)
2023-03-26 01:46:40,092 - INFO - meshmode.array_context - Loop Fusion: completed (1.62s wall 1.00x CPU)
2023-03-26 01:46:40,474 - INFO - meshmode.array_context - Array Contraction: Contracting 10 temps
2023-03-26 01:46:42,045 - INFO - loopy.tools - contract_arrays on 'frozen_result': completed (1.58s wall 1.00x CPU)
2023-03-26 01:46:42,243 - INFO - meshmode.array_context - Array Contraction: completed (1.92s wall 1.00x CPU)
2023-03-26 01:46:42,245 - INFO - meshmode.array_context - [_alias_global_temporaries]: Reduced memory requirement from 0.5MB to 0.4MB.
2023-03-26 01:46:44,173 - INFO - loopy.tools - preprocess_program on 'frozen_result': completed (1.19s wall 1.00x CPU)
2023-03-26 01:46:47,283 - INFO - loopy.check - frozen_result: check array access within bounds: completed (2.76s wall 1.00x CPU)
2023-03-26 01:46:49,516 - INFO - loopy.codegen - frozen_result: generate code: completed (1.97s wall 1.00x CPU)
2023-03-26 01:46:54,943 - INFO - pyopencl - build program: kernel 'frozen_result' was part of a lengthy source build resulting from a binary cache miss (4.94 s)
2023-03-26 01:46:54,997 - INFO - pytato.distributed.verify - find_partition: Split 24 nodes into 1 parts, with [24] nodes in each partition.
/p/gpfs1/mtcampbe/CEESD/AutomatedTesting/MIRGE-Timing/timing/emirge/pytato/pytato/array.py:831: UserWarning: Passing `tags=None` is deprecated and will result in an error from 2023. To remove this message either call make_dict_of_named_arrays or pass the `tags` argument.
  warn("Passing `tags=None` is deprecated and will result"
2023-03-26 01:46:55,074 - INFO - meshmode.array_context - Transforming kernel with 13 statements.
2023-03-26 01:46:55,371 - INFO - meshmode.array_context - Array Contraction: Contracting 1 temps
2023-03-26 01:46:55,414 - INFO - meshmode.array_context - [_alias_global_temporaries]: Reduced memory requirement from 0.1MB to 0.1MB.
2023-03-26 01:46:55,437 - INFO - arraycontext.impl.pytato.compile - transform_loopy_program for 'get_fluid_state': completed (0.36s wall 1.00x CPU)
2023-03-26 01:46:56,104 - INFO - loopy.schedule - get_fluid_state: schedule: completed (0.48s wall 1.00x CPU)
2023-03-26 01:46:56,626 - INFO - pyopencl - build program: kernel 'get_fluid_state' was part of a lengthy source build resulting from a binary cache miss (0.40 s)
2023-03-26 01:46:56,642 - INFO - meshmode.array_context - Transforming kernel with 0 statements.
2023-03-26 01:46:56,646 - INFO - meshmode.array_context - Array Contraction: Contracting 0 temps
2023-03-26 01:46:57,029 - INFO - pyopencl - build program: kernel 'frozen_result' was part of a lengthy source build resulting from a binary cache miss (0.37 s)
2023-03-26 01:46:57,044 - INFO - arraycontext.impl.pytato - limiting argument buffer size for <pyopencl.Device 'Tesla V100-SXM2-16GB' on 'Portable Computing Language' at 0x1028c8ea8> to 3896 bytes
2023-03-26 01:46:57,046 - INFO - meshmode.array_context - Transforming kernel with 0 statements.
2023-03-26 01:46:57,347 - INFO - meshmode.array_context - Transforming kernel with 10 statements.
2023-03-26 01:46:57,655 - INFO - meshmode.array_context - Array Contraction: Contracting 1 temps
2023-03-26 01:46:57,702 - INFO - meshmode.array_context - [_alias_global_temporaries]: Reduced memory requirement from 0.3MB to 0.2MB.
2023-03-26 01:46:59,133 - INFO - pyopencl - build program: kernel 'frozen_area_el_vol' was part of a lengthy source build resulting from a binary cache miss (0.66 s)
2023-03-26 01:46:59,148 - INFO - meshmode.discretization.connection.face - building face restriction: start
2023-03-26 01:46:59,159 - INFO - meshmode.discretization.connection.face - building face restriction: done
2023-03-26 01:46:59,161 - INFO - arraycontext.impl.pytato - limiting argument buffer size for <pyopencl.Device 'Tesla V100-SXM2-16GB' on 'Portable Computing Language' at 0x1028c8ea8> to 3896 bytes
2023-03-26 01:46:59,163 - INFO - meshmode.array_context - Transforming kernel with 0 statements.
2023-03-26 01:46:59,311 - INFO - meshmode.array_context - Transforming kernel with 7 statements.
2023-03-26 01:46:59,525 - INFO - meshmode.array_context - Array Contraction: Contracting 2 temps
2023-03-26 01:46:59,590 - INFO - meshmode.array_context - [_alias_global_temporaries]: Reduced memory requirement from 0.5MB to 0.3MB.
2023-03-26 01:47:00,813 - INFO - pyopencl - build program: kernel 'frozen_area_el_b_face_restr_all' was part of a lengthy source build resulting from a binary cache miss (0.64 s)
2023-03-26 01:47:00,897 - INFO - meshmode.array_context - Transforming kernel with 7 statements.
2023-03-26 01:47:01,182 - INFO - meshmode.array_context - Array Contraction: Contracting 0 temps
2023-03-26 01:47:01,195 - INFO - meshmode.array_context - [_alias_global_temporaries]: Reduced memory requirement from 0.3MB to 0.2MB.
2023-03-26 01:47:02,066 - INFO - loopy.codegen - frozen_dt_geometric_vol: generate code: completed (0.49s wall 1.00x CPU)
2023-03-26 01:47:03,208 - INFO - pyopencl - build program: kernel 'frozen_dt_geometric_vol' was part of a lengthy source build resulting from a binary cache miss (1.13 s)
2023-03-26 01:47:03,231 - INFO - meshmode.array_context - Transforming kernel with 1 statements.
2023-03-26 01:47:03,256 - INFO - meshmode.array_context - Array Contraction: Contracting 0 temps
2023-03-26 01:47:03,259 - INFO - meshmode.array_context - [_alias_global_temporaries]: Reduced memory requirement from 0.0MB to 0.0MB.
2023-03-26 01:47:03,740 - INFO - pyopencl - build program: kernel 'frozen_char_lscales' was part of a lengthy source build resulting from a binary cache miss (0.37 s)
2023-03-26 01:47:03,792 - INFO - meshmode.array_context - Transforming kernel with 4 statements.
2023-03-26 01:47:03,886 - INFO - meshmode.array_context - Array Contraction: Contracting 3 temps
2023-03-26 01:47:03,968 - INFO - meshmode.array_context - [_alias_global_temporaries]: Reduced memory requirement from 0.2MB to 0.2MB.
2023-03-26 01:47:04,552 - INFO - pyopencl - build program: kernel 'frozen_result' was part of a lengthy source build resulting from a binary cache miss (0.40 s)
2023-03-26 01:47:05,044 - INFO - pyopencl - build program: kernel 'reduce_kernel_stage1' was part of a lengthy source build resulting from a binary cache miss (0.48 s)
2023-03-26 01:47:05,527 - INFO - pyopencl - build program: kernel 'reduce_kernel_stage2' was part of a lengthy source build resulting from a binary cache miss (0.48 s)
2023-03-26 01:47:05,540 - INFO - meshmode.array_context - Transforming kernel with 1 statements.
2023-03-26 01:47:05,547 - INFO - meshmode.array_context - Array Contraction: Contracting 0 temps
/p/gpfs1/mtcampbe/CEESD/AutomatedTesting/MIRGE-Timing/timing/emirge/meshmode/meshmode/array_context.py:1743: UserWarning: [frozen_result]: FusionContractorArrayContext.transform_loopy_program not broad enough (yet). Falling back to a possibly slower transformation strategy.
  warn(f"[{knl.name}]: FusionContractorArrayContext."
2023-03-26 01:47:05,951 - INFO - pyopencl - build program: kernel 'frozen_result' was part of a lengthy source build resulting from a binary cache miss (0.37 s)
2023-03-26 01:47:06,420 - INFO - pyopencl - build program: kernel 'reduce_kernel_stage1' was part of a lengthy source build resulting from a binary cache miss (0.46 s)
2023-03-26 01:47:06,885 - INFO - pyopencl - build program: kernel 'reduce_kernel_stage2' was part of a lengthy source build resulting from a binary cache miss (0.46 s)
2023-03-26 01:47:06,891 - INFO - meshmode.array_context - Transforming kernel with 1 statements.
2023-03-26 01:47:06,897 - INFO - meshmode.array_context - Array Contraction: Contracting 0 temps
2023-03-26 01:47:07,288 - INFO - pyopencl - build program: kernel 'frozen_result' was part of a lengthy source build resulting from a binary cache miss (0.37 s)
2023-03-26 01:47:07,772 - INFO - pyopencl - build program: kernel 'reduce_kernel_stage1' was part of a lengthy source build resulting from a binary cache miss (0.47 s)
2023-03-26 01:47:08,250 - INFO - pyopencl - build program: kernel 'reduce_kernel_stage2' was part of a lengthy source build resulting from a binary cache miss (0.47 s)
2023-03-26 01:47:08,261 - INFO - meshmode.array_context - Transforming kernel with 1 statements.
2023-03-26 01:47:08,268 - INFO - meshmode.array_context - Array Contraction: Contracting 0 temps
2023-03-26 01:47:08,668 - INFO - pyopencl - build program: kernel 'frozen_result' was part of a lengthy source build resulting from a binary cache miss (0.37 s)
-------- dt = 1.000e-08, cfl = 0.0253
-------- P (min, max) (Pa) = (2.865706984e+03, 2.742120082e+05)
-------- T (min, max) (K)  = (    300, 2075.81)

2023-03-26 01:47:08,716 - INFO - meshmode.array_context - Transforming kernel with 1 statements.
2023-03-26 01:47:08,726 - INFO - meshmode.array_context - Array Contraction: Contracting 0 temps
2023-03-26 01:47:08,729 - INFO - meshmode.array_context - [_alias_global_temporaries]: Reduced memory requirement from 0.0MB to 0.0MB.
2023-03-26 01:47:09,196 - INFO - pyopencl - build program: kernel 'frozen_result' was part of a lengthy source build resulting from a binary cache miss (0.38 s)
2023-03-26 01:47:09,207 - INFO - meshmode.array_context - Transforming kernel with 1 statements.
2023-03-26 01:47:09,218 - INFO - meshmode.array_context - [_alias_global_temporaries]: Reduced memory requirement from 0.0MB to 0.0MB.
2023-03-26 01:47:09,361 - INFO - meshmode.array_context - Transforming kernel with 1 statements.
2023-03-26 01:47:09,370 - INFO - meshmode.array_context - Array Contraction: Contracting 0 temps
2023-03-26 01:47:09,373 - INFO - meshmode.array_context - [_alias_global_temporaries]: Reduced memory requirement from 0.0MB to 0.0MB.
2023-03-26 01:47:09,520 - INFO - meshmode.array_context - Transforming kernel with 1 statements.
2023-03-26 01:47:09,531 - INFO - meshmode.array_context - [_alias_global_temporaries]: Reduced memory requirement from 0.0MB to 0.0MB.
2023-03-26 01:47:09,627 - INFO - meshmode.array_context - Transforming kernel with 3 statements.
2023-03-26 01:47:09,672 - INFO - meshmode.array_context - Array Contraction: Contracting 0 temps
2023-03-26 01:47:09,676 - INFO - meshmode.array_context - [_alias_global_temporaries]: Reduced memory requirement from 0.1MB to 0.1MB.
2023-03-26 01:47:10,532 - INFO - pyopencl - build program: kernel 'frozen_result' was part of a lengthy source build resulting from a binary cache miss (0.52 s)
2023-03-26 01:47:10,548 - INFO - meshmode.array_context - Transforming kernel with 1 statements.
2023-03-26 01:47:10,558 - INFO - meshmode.array_context - Array Contraction: Contracting 0 temps
2023-03-26 01:47:10,561 - INFO - meshmode.array_context - [_alias_global_temporaries]: Reduced memory requirement from 0.0MB to 0.0MB.
2023-03-26 01:47:11,048 - INFO - pyopencl - build program: kernel 'frozen_result' was part of a lengthy source build resulting from a binary cache miss (0.38 s)
2023-03-26 01:47:11,071 - INFO - meshmode.array_context - Transforming kernel with 1 statements.
2023-03-26 01:47:11,083 - INFO - meshmode.array_context - Array Contraction: Contracting 0 temps
2023-03-26 01:47:11,086 - INFO - meshmode.array_context - [_alias_global_temporaries]: Reduced memory requirement from 0.0MB to 0.0MB.
2023-03-26 01:47:11,623 - INFO - pyopencl - build program: kernel 'frozen_result' was part of a lengthy source build resulting from a binary cache miss (0.38 s)
2023-03-26 01:47:11,654 - INFO - meshmode.array_context - Transforming kernel with 3 statements.
2023-03-26 01:47:11,701 - INFO - meshmode.array_context - Array Contraction: Contracting 0 temps
2023-03-26 01:47:11,705 - INFO - meshmode.array_context - [_alias_global_temporaries]: Reduced memory requirement from 0.1MB to 0.1MB.
2023-03-26 01:47:12,497 - INFO - pyopencl - build program: kernel 'frozen_result' was part of a lengthy source build resulting from a binary cache miss (0.52 s)
2023-03-26 01:47:12,563 - INFO - meshmode.array_context - Transforming kernel with 6 statements.
2023-03-26 01:47:12,731 - INFO - meshmode.array_context - Array Contraction: Contracting 0 temps
2023-03-26 01:47:12,741 - INFO - meshmode.array_context - [_alias_global_temporaries]: Reduced memory requirement from 0.2MB to 0.2MB.
2023-03-26 01:47:13,468 - INFO - loopy.codegen - frozen_result: generate code: completed (0.41s wall 1.00x CPU)
2023-03-26 01:47:14,528 - INFO - pyopencl - build program: kernel 'frozen_result' was part of a lengthy source build resulting from a binary cache miss (1.05 s)
2023-03-26 01:47:14,585 - INFO - meshmode.array_context - Transforming kernel with 4 statements.
2023-03-26 01:47:14,664 - INFO - meshmode.array_context - Array Contraction: Contracting 2 temps
2023-03-26 01:47:14,721 - INFO - meshmode.array_context - [_alias_global_temporaries]: Reduced memory requirement from 0.2MB to 0.2MB.
2023-03-26 01:47:15,566 - INFO - pyopencl - build program: kernel 'frozen_result' was part of a lengthy source build resulting from a binary cache miss (0.53 s)
2023-03-26 01:47:15,592 - INFO - meshmode.discretization.connection.face - building face restriction: start
2023-03-26 01:47:15,598 - INFO - meshmode.discretization.connection.face - building face restriction: done
2023-03-26 01:47:15,610 - INFO - meshmode.discretization.connection.face - building face restriction: start
2023-03-26 01:47:15,615 - INFO - meshmode.discretization.connection.face - building face restriction: done
2023-03-26 01:47:15,627 - INFO - meshmode.discretization.connection.face - building face restriction: start
2023-03-26 01:47:15,639 - INFO - meshmode.discretization.connection.face - building face restriction: done
2023-03-26 01:47:15,650 - INFO - meshmode.discretization.connection.face - building face restriction: start
2023-03-26 01:47:15,734 - INFO - meshmode.discretization.connection.face - building face restriction: done
2023-03-26 01:47:15,748 - INFO - arraycontext.impl.pytato - limiting argument buffer size for <pyopencl.Device 'Tesla V100-SXM2-16GB' on 'Portable Computing Language' at 0x1028c8ea8> to 3896 bytes
2023-03-26 01:47:15,749 - INFO - meshmode.array_context - Transforming kernel with 0 statements.
2023-03-26 01:47:15,840 - INFO - arraycontext.impl.pytato - limiting argument buffer size for <pyopencl.Device 'Tesla V100-SXM2-16GB' on 'Portable Computing Language' at 0x1028c8ea8> to 3896 bytes
2023-03-26 01:47:15,841 - INFO - meshmode.array_context - Transforming kernel with 0 statements.
2023-03-26 01:47:16,003 - INFO - meshmode.array_context - Transforming kernel with 7 statements.
2023-03-26 01:47:16,218 - INFO - meshmode.array_context - Array Contraction: Contracting 2 temps
2023-03-26 01:47:16,283 - INFO - meshmode.array_context - [_alias_global_temporaries]: Reduced memory requirement from 0.0MB to 0.0MB.
2023-03-26 01:47:17,470 - INFO - pyopencl - build program: kernel 'frozen_area_el_b_inflow' was part of a lengthy source build resulting from a binary cache miss (0.63 s)
2023-03-26 01:47:17,537 - INFO - meshmode.array_context - Transforming kernel with 3 statements.
2023-03-26 01:47:17,656 - INFO - meshmode.array_context - Array Contraction: Contracting 0 temps
2023-03-26 01:47:17,662 - INFO - meshmode.array_context - [_alias_global_temporaries]: Reduced memory requirement from 0.0MB to 0.0MB.
2023-03-26 01:47:18,749 - INFO - pyopencl - build program: kernel 'frozen_normal_2_b_inflow' was part of a lengthy source build resulting from a binary cache miss (0.62 s)
2023-03-26 01:47:18,813 - INFO - meshmode.array_context - Transforming kernel with 3 statements.
2023-03-26 01:47:18,933 - INFO - meshmode.array_context - Array Contraction: Contracting 0 temps
2023-03-26 01:47:18,939 - INFO - meshmode.array_context - [_alias_global_temporaries]: Reduced memory requirement from 0.0MB to 0.0MB.
2023-03-26 01:47:20,025 - INFO - pyopencl - build program: kernel 'frozen_normal_1_b_inflow' was part of a lengthy source build resulting from a binary cache miss (0.62 s)
2023-03-26 01:47:20,042 - INFO - meshmode.array_context - Transforming kernel with 0 statements.
2023-03-26 01:47:20,046 - INFO - meshmode.array_context - Array Contraction: Contracting 0 temps
2023-03-26 01:47:20,427 - INFO - pyopencl - build program: kernel 'frozen_f2allf_ind' was part of a lengthy source build resulting from a binary cache miss (0.36 s)
2023-03-26 01:47:20,438 - INFO - meshmode.array_context - Transforming kernel with 0 statements.
2023-03-26 01:47:20,572 - INFO - meshmode.array_context - Transforming kernel with 1 statements.
2023-03-26 01:47:20,587 - INFO - meshmode.array_context - Array Contraction: Contracting 0 temps
2023-03-26 01:47:20,589 - INFO - meshmode.array_context - [_alias_global_temporaries]: Reduced memory requirement from 0.0MB to 0.0MB.
2023-03-26 01:47:21,016 - INFO - pyopencl - build program: kernel 'frozen_f2allf_ind' was part of a lengthy source build resulting from a binary cache miss (0.37 s)
2023-03-26 01:47:21,034 - INFO - arraycontext.impl.pytato - limiting argument buffer size for <pyopencl.Device 'Tesla V100-SXM2-16GB' on 'Portable Computing Language' at 0x1028c8ea8> to 3896 bytes
2023-03-26 01:47:21,035 - INFO - meshmode.array_context - Transforming kernel with 0 statements.
2023-03-26 01:47:21,197 - INFO - meshmode.array_context - Transforming kernel with 7 statements.
2023-03-26 01:47:21,411 - INFO - meshmode.array_context - Array Contraction: Contracting 2 temps
2023-03-26 01:47:21,476 - INFO - meshmode.array_context - [_alias_global_temporaries]: Reduced memory requirement from 0.0MB to 0.0MB.
2023-03-26 01:47:22,658 - INFO - pyopencl - build program: kernel 'frozen_area_el_b_outflow' was part of a lengthy source build resulting from a binary cache miss (0.63 s)
2023-03-26 01:47:22,725 - INFO - meshmode.array_context - Transforming kernel with 3 statements.
2023-03-26 01:47:22,844 - INFO - meshmode.array_context - Array Contraction: Contracting 0 temps
2023-03-26 01:47:22,851 - INFO - meshmode.array_context - [_alias_global_temporaries]: Reduced memory requirement from 0.0MB to 0.0MB.
2023-03-26 01:47:23,935 - INFO - pyopencl - build program: kernel 'frozen_normal_2_b_outflow' was part of a lengthy source build resulting from a binary cache miss (0.62 s)
2023-03-26 01:47:24,000 - INFO - meshmode.array_context - Transforming kernel with 3 statements.
2023-03-26 01:47:24,118 - INFO - meshmode.array_context - Array Contraction: Contracting 0 temps
2023-03-26 01:47:24,124 - INFO - meshmode.array_context - [_alias_global_temporaries]: Reduced memory requirement from 0.0MB to 0.0MB.
2023-03-26 01:47:25,209 - INFO - pyopencl - build program: kernel 'frozen_normal_1_b_outflow' was part of a lengthy source build resulting from a binary cache miss (0.62 s)
2023-03-26 01:47:25,226 - INFO - meshmode.array_context - Transforming kernel with 1 statements.
2023-03-26 01:47:25,243 - INFO - meshmode.array_context - Array Contraction: Contracting 0 temps
2023-03-26 01:47:25,245 - INFO - meshmode.array_context - [_alias_global_temporaries]: Reduced memory requirement from 0.0MB to 0.0MB.
2023-03-26 01:47:25,666 - INFO - pyopencl - build program: kernel 'frozen_f2allf_ind' was part of a lengthy source build resulting from a binary cache miss (0.36 s)
2023-03-26 01:47:25,677 - INFO - meshmode.array_context - Transforming kernel with 1 statements.
2023-03-26 01:47:25,692 - INFO - meshmode.array_context - Array Contraction: Contracting 0 temps
2023-03-26 01:47:25,694 - INFO - meshmode.array_context - [_alias_global_temporaries]: Reduced memory requirement from 0.0MB to 0.0MB.
2023-03-26 01:47:26,116 - INFO - pyopencl - build program: kernel 'frozen_f2allf_ind' was part of a lengthy source build resulting from a binary cache miss (0.36 s)
2023-03-26 01:47:26,138 - INFO - arraycontext.impl.pytato - limiting argument buffer size for <pyopencl.Device 'Tesla V100-SXM2-16GB' on 'Portable Computing Language' at 0x1028c8ea8> to 3896 bytes
2023-03-26 01:47:26,139 - INFO - meshmode.array_context - Transforming kernel with 0 statements.
2023-03-26 01:47:26,294 - INFO - meshmode.array_context - Transforming kernel with 7 statements.
2023-03-26 01:47:26,509 - INFO - meshmode.array_context - Array Contraction: Contracting 2 temps
2023-03-26 01:47:26,575 - INFO - meshmode.array_context - [_alias_global_temporaries]: Reduced memory requirement from 0.0MB to 0.0MB.
2023-03-26 01:47:27,777 - INFO - pyopencl - build program: kernel 'frozen_area_el_b_wall' was part of a lengthy source build resulting from a binary cache miss (0.63 s)
2023-03-26 01:47:27,843 - INFO - meshmode.array_context - Transforming kernel with 3 statements.
2023-03-26 01:47:27,963 - INFO - meshmode.array_context - Array Contraction: Contracting 0 temps
2023-03-26 01:47:27,970 - INFO - meshmode.array_context - [_alias_global_temporaries]: Reduced memory requirement from 0.0MB to 0.0MB.
2023-03-26 01:47:29,075 - INFO - pyopencl - build program: kernel 'frozen_normal_2_b_wall' was part of a lengthy source build resulting from a binary cache miss (0.63 s)
2023-03-26 01:47:29,140 - INFO - meshmode.array_context - Transforming kernel with 3 statements.
2023-03-26 01:47:29,258 - INFO - meshmode.array_context - Array Contraction: Contracting 0 temps
2023-03-26 01:47:29,265 - INFO - meshmode.array_context - [_alias_global_temporaries]: Reduced memory requirement from 0.0MB to 0.0MB.
2023-03-26 01:47:30,369 - INFO - pyopencl - build program: kernel 'frozen_normal_1_b_wall' was part of a lengthy source build resulting from a binary cache miss (0.63 s)
2023-03-26 01:47:30,387 - INFO - meshmode.array_context - Transforming kernel with 1 statements.
2023-03-26 01:47:30,402 - INFO - meshmode.array_context - Array Contraction: Contracting 0 temps
2023-03-26 01:47:30,404 - INFO - meshmode.array_context - [_alias_global_temporaries]: Reduced memory requirement from 0.0MB to 0.0MB.
2023-03-26 01:47:30,825 - INFO - pyopencl - build program: kernel 'frozen_f2allf_ind' was part of a lengthy source build resulting from a binary cache miss (0.36 s)
2023-03-26 01:47:30,835 - INFO - meshmode.array_context - Transforming kernel with 1 statements.
2023-03-26 01:47:30,849 - INFO - meshmode.array_context - Array Contraction: Contracting 0 temps
2023-03-26 01:47:30,852 - INFO - meshmode.array_context - [_alias_global_temporaries]: Reduced memory requirement from 0.0MB to 0.0MB.
2023-03-26 01:47:31,282 - INFO - pyopencl - build program: kernel 'frozen_f2allf_ind' was part of a lengthy source build resulting from a binary cache miss (0.37 s)
2023-03-26 01:47:31,406 - INFO - meshmode.array_context - Transforming kernel with 7 statements.
2023-03-26 01:47:31,620 - INFO - meshmode.array_context - Array Contraction: Contracting 2 temps
2023-03-26 01:47:31,685 - INFO - meshmode.array_context - [_alias_global_temporaries]: Reduced memory requirement from 0.4MB to 0.3MB.
2023-03-26 01:47:32,892 - INFO - pyopencl - build program: kernel 'frozen_area_el_b_face_restr_interior' was part of a lengthy source build resulting from a binary cache miss (0.64 s)
2023-03-26 01:47:32,960 - INFO - meshmode.array_context - Transforming kernel with 3 statements.
2023-03-26 01:47:33,081 - INFO - meshmode.array_context - Array Contraction: Contracting 0 temps
2023-03-26 01:47:33,087 - INFO - meshmode.array_context - [_alias_global_temporaries]: Reduced memory requirement from 0.2MB to 0.2MB.
2023-03-26 01:47:34,202 - INFO - pyopencl - build program: kernel 'frozen_normal_2_b_face_restr_interior' was part of a lengthy source build resulting from a binary cache miss (0.63 s)
2023-03-26 01:47:34,268 - INFO - meshmode.array_context - Transforming kernel with 3 statements.
2023-03-26 01:47:34,386 - INFO - meshmode.array_context - Array Contraction: Contracting 0 temps
2023-03-26 01:47:34,393 - INFO - meshmode.array_context - [_alias_global_temporaries]: Reduced memory requirement from 0.2MB to 0.2MB.
2023-03-26 01:47:35,507 - INFO - pyopencl - build program: kernel 'frozen_normal_1_b_face_restr_interior' was part of a lengthy source build resulting from a binary cache miss (0.63 s)
2023-03-26 01:47:35,525 - INFO - meshmode.array_context - Transforming kernel with 1 statements.
2023-03-26 01:47:35,539 - INFO - meshmode.array_context - Array Contraction: Contracting 0 temps
2023-03-26 01:47:35,542 - INFO - meshmode.array_context - [_alias_global_temporaries]: Reduced memory requirement from 0.0MB to 0.0MB.
2023-03-26 01:47:35,971 - INFO - pyopencl - build program: kernel 'frozen_f2allf_ind' was part of a lengthy source build resulting from a binary cache miss (0.37 s)
2023-03-26 01:47:35,982 - INFO - meshmode.array_context - Transforming kernel with 1 statements.
2023-03-26 01:47:35,996 - INFO - meshmode.array_context - Array Contraction: Contracting 0 temps
2023-03-26 01:47:35,999 - INFO - meshmode.array_context - [_alias_global_temporaries]: Reduced memory requirement from 0.0MB to 0.0MB.
2023-03-26 01:47:36,429 - INFO - pyopencl - build program: kernel 'frozen_f2allf_ind' was part of a lengthy source build resulting from a binary cache miss (0.37 s)
2023-03-26 01:47:36,439 - INFO - meshmode.array_context - Transforming kernel with 1 statements.
2023-03-26 01:47:36,454 - INFO - meshmode.array_context - Array Contraction: Contracting 0 temps
2023-03-26 01:47:36,456 - INFO - meshmode.array_context - [_alias_global_temporaries]: Reduced memory requirement from 0.0MB to 0.0MB.
2023-03-26 01:47:36,887 - INFO - pyopencl - build program: kernel 'frozen_f2allf_ind' was part of a lengthy source build resulting from a binary cache miss (0.37 s)
2023-03-26 01:47:37,869 - INFO - meshmode.array_context - Transforming kernel with 45 statements.
2023-03-26 01:47:39,145 - INFO - loopy.tools - fuse_same_discretization_entity_loops on 'frozen_inv_metric_deriv_vol': completed (1.17s wall 1.00x CPU)
2023-03-26 01:47:39,207 - INFO - meshmode.array_context - Loop Fusion: completed (1.33s wall 1.00x CPU)
2023-03-26 01:47:39,393 - INFO - meshmode.array_context - Array Contraction: Contracting 0 temps
2023-03-26 01:47:39,437 - INFO - meshmode.array_context - [_alias_global_temporaries]: Reduced memory requirement from 1.7MB to 0.5MB.
2023-03-26 01:47:40,160 - INFO - loopy.tools - preprocess_program on 'frozen_inv_metric_deriv_vol': completed (0.54s wall 1.00x CPU)
2023-03-26 01:47:41,080 - INFO - loopy.check - frozen_inv_metric_deriv_vol: check array access within bounds: completed (0.74s wall 1.00x CPU)
2023-03-26 01:47:41,989 - INFO - loopy.codegen - frozen_inv_metric_deriv_vol: generate code: completed (0.61s wall 1.00x CPU)
2023-03-26 01:47:42,969 - INFO - pyopencl - build program: kernel 'frozen_inv_metric_deriv_vol' was part of a lengthy source build resulting from a binary cache miss (0.94 s)
/p/gpfs1/mtcampbe/CEESD/AutomatedTesting/MIRGE-Timing/timing/emirge/mirgecom/mirgecom/artificial_viscosity.py:234: UserWarning: The AV boundary_kwargs interface is deprecated, please pass gas_model and time directly.
  warn("The AV boundary_kwargs interface is deprecated, please pass gas_model"
2023-03-26 01:47:44,139 - INFO - grudge.array_context - deduplicate_data_wrappers[pre-partition]: completed (0.60s wall 1.00x CPU)
2023-03-26 01:47:46,084 - INFO - grudge.array_context - transform_dag.infer_axes_tags[pre-partition]: completed (1.77s wall 1.00x CPU)
2023-03-26 01:47:46,678 - INFO - pytato.distributed.verify - find_partition: Split 3431 nodes into 1 parts, with [3431] nodes in each partition.
2023-03-26 01:47:47,140 - INFO - meshmode.array_context - transform_dag.mpms_materialization: completed (0.33s wall 1.00x CPU)
2023-03-26 01:47:48,399 - INFO - meshmode.array_context - transform_dag.materialize_all_einsums_or_reduces: completed (0.44s wall 1.00x CPU)
2023-03-26 01:47:50,136 - INFO - meshmode.array_context - transform_dag.infer_axes_tags: completed (1.74s wall 1.00x CPU)
2023-03-26 01:47:50,294 - INFO - meshmode.array_context - Transforming kernel with 1 statements.
2023-03-26 01:47:50,309 - INFO - meshmode.array_context - Array Contraction: Contracting 0 temps
2023-03-26 01:47:50,312 - INFO - meshmode.array_context - [_alias_global_temporaries]: Reduced memory requirement from 0.0MB to 0.0MB.
2023-03-26 01:47:50,758 - INFO - pyopencl - build program: kernel 'frozen_result' was part of a lengthy source build resulting from a binary cache miss (0.37 s)
2023-03-26 01:47:50,772 - INFO - meshmode.array_context - Transforming kernel with 1 statements.
2023-03-26 01:47:50,818 - INFO - meshmode.array_context - Array Contraction: Contracting 0 temps
2023-03-26 01:47:51,504 - INFO - pyopencl - build program: kernel 'frozen_result' was part of a lengthy source build resulting from a binary cache miss (0.39 s)
2023-03-26 01:47:51,520 - INFO - meshmode.array_context - Transforming kernel with 1 statements.
2023-03-26 01:47:51,729 - INFO - meshmode.array_context - Transforming kernel with 1 statements.
2023-03-26 01:47:51,756 - INFO - meshmode.array_context - Array Contraction: Contracting 0 temps
2023-03-26 01:47:52,345 - INFO - pyopencl - build program: kernel 'frozen_result' was part of a lengthy source build resulting from a binary cache miss (0.38 s)
2023-03-26 01:47:52,606 - INFO - arraycontext.impl.pytato.compile - transform_dag for 'my_rhs': completed (5.93s wall 1.00x CPU)
2023-03-26 01:47:57,689 - INFO - arraycontext.impl.pytato.compile - generate_loopy for 'my_rhs': completed (5.08s wall 1.00x CPU)
2023-03-26 01:47:57,689 - INFO - meshmode.array_context - Transforming kernel with 354 statements.
2023-03-26 01:48:15,712 - INFO - loopy.tools - fuse_same_discretization_entity_loops on 'my_rhs': completed (17.14s wall 1.00x CPU)
2023-03-26 01:48:16,466 - INFO - meshmode.array_context - Loop Fusion: completed (18.76s wall 1.00x CPU)
2023-03-26 01:48:19,167 - INFO - meshmode.array_context - Array Contraction: Contracting 73 temps
2023-03-26 01:48:23,565 - INFO - loopy.tools - contract_arrays on 'my_rhs': completed (4.40s wall 1.00x CPU)
2023-03-26 01:48:24,007 - INFO - meshmode.array_context - Array Contraction: completed (5.48s wall 1.00x CPU)
2023-03-26 01:48:24,188 - INFO - meshmode.array_context - [_alias_global_temporaries]: Reduced memory requirement from 16.4MB to 7.7MB.
2023-03-26 01:48:25,776 - INFO - arraycontext.impl.pytato.compile - transform_loopy_program for 'my_rhs': completed (28.09s wall 1.00x CPU)
2023-03-26 01:48:29,804 - INFO - loopy.preprocess - my_rhs: preprocess: completed (0.43s wall 1.00x CPU)
2023-03-26 01:48:31,744 - INFO - loopy.tools - preprocess_program on 'my_rhs': completed (5.05s wall 1.00x CPU)
2023-03-26 01:48:41,705 - INFO - loopy.check - my_rhs: check array access within bounds: completed (9.07s wall 1.00x CPU)
2023-03-26 01:48:49,631 - INFO - loopy.schedule - my_rhs: schedule: completed (7.87s wall 1.00x CPU)
2023-03-26 01:48:57,011 - INFO - loopy.codegen - my_rhs: generate code: completed (6.20s wall 1.00x CPU)
2023-03-26 01:49:07,398 - INFO - pyopencl - build program: kernel 'my_rhs' was part of a lengthy source build resulting from a binary cache miss (9.51 s)
2023-03-26 01:49:07,579 - INFO - meshmode.array_context - Transforming kernel with 1 statements.
2023-03-26 01:49:07,605 - INFO - meshmode.array_context - Array Contraction: Contracting 0 temps
2023-03-26 01:49:07,608 - INFO - meshmode.array_context - [_alias_global_temporaries]: Reduced memory requirement from 0.0MB to 0.0MB.
2023-03-26 01:49:08,101 - INFO - pyopencl - build program: kernel 'frozen_result' was part of a lengthy source build resulting from a binary cache miss (0.38 s)
2023-03-26 01:49:08,116 - INFO - meshmode.array_context - Transforming kernel with 1 statements.
2023-03-26 01:49:08,132 - INFO - meshmode.array_context - [_alias_global_temporaries]: Reduced memory requirement from 0.0MB to 0.0MB.
2023-03-26 01:49:08,305 - INFO - meshmode.array_context - Transforming kernel with 1 statements.
2023-03-26 01:49:08,331 - INFO - meshmode.array_context - Array Contraction: Contracting 0 temps
2023-03-26 01:49:08,334 - INFO - meshmode.array_context - [_alias_global_temporaries]: Reduced memory requirement from 0.0MB to 0.0MB.
2023-03-26 01:49:08,827 - INFO - pyopencl - build program: kernel 'frozen_result' was part of a lengthy source build resulting from a binary cache miss (0.37 s)
2023-03-26 01:49:08,842 - INFO - meshmode.array_context - Transforming kernel with 1 statements.
2023-03-26 01:49:08,858 - INFO - meshmode.array_context - [_alias_global_temporaries]: Reduced memory requirement from 0.0MB to 0.0MB.
/p/gpfs1/mtcampbe/CEESD/AutomatedTesting/MIRGE-Timing/timing/emirge/mirgecom/mirgecom/steppers.py:439: UserWarning: Deduced force_eval=True for this timestepper. This can have a nontrivial performance impact. If you know that your timestepper does not require per-step forced evaluation, explicitly set force_eval=False.
  _advance_state_stepper_func(
2023-03-26 01:49:09,086 - INFO - meshmode.array_context - Transforming kernel with 4 statements.
2023-03-26 01:49:09,161 - INFO - meshmode.array_context - Array Contraction: Contracting 0 temps
2023-03-26 01:49:09,167 - INFO - meshmode.array_context - [_alias_global_temporaries]: Reduced memory requirement from 0.0MB to 0.0MB.
2023-03-26 01:49:09,820 - INFO - pyopencl - build program: kernel 'frozen_result' was part of a lengthy source build resulting from a binary cache miss (0.39 s)
step = 0, sim time: 0.000000e+00 s, step walltime: 132.799 s
2023-03-26 01:49:09,996 - INFO - meshmode.array_context - Transforming kernel with 4 statements.
2023-03-26 01:49:10,043 - INFO - meshmode.array_context - [_alias_global_temporaries]: Reduced memory requirement from 0.0MB to 0.0MB.
step = 1, sim time: 1.000000e-08 s, step walltime: 0.337941 s
step = 2, sim time: 2.000000e-08 s, step walltime: 0.0394185 s
step = 3, sim time: 3.000000e-08 s, step walltime: 0.0379318 s
step = 4, sim time: 4.000000e-08 s, step walltime: 0.0388419 s
step = 5, sim time: 5.000000e-08 s, step walltime: 0.0377131 s
step = 6, sim time: 6.000000e-08 s, step walltime: 0.037763 s
step = 7, sim time: 7.000000e-08 s, step walltime: 0.0387965 s
step = 8, sim time: 8.000000e-08 s, step walltime: 0.0377376 s
step = 9, sim time: 9.000000e-08 s, step walltime: 0.0389045 s
step = 10, sim time: 1.000000e-07 s, step walltime: 0.0376513 s
step = 11, sim time: 1.100000e-07 s, step walltime: 0.037745 s
step = 12, sim time: 1.200000e-07 s, step walltime: 0.0378591 s
step = 13, sim time: 1.300000e-07 s, step walltime: 0.0376806 s
step = 14, sim time: 1.400000e-07 s, step walltime: 0.0388422 s
step = 15, sim time: 1.500000e-07 s, step walltime: 0.0377447 s
step = 16, sim time: 1.600000e-07 s, step walltime: 0.0386746 s
step = 17, sim time: 1.700000e-07 s, step walltime: 0.0377286 s
step = 18, sim time: 1.800000e-07 s, step walltime: 0.0377314 s
2023-03-26 01:49:10,974 - INFO - meshmode.array_context - Transforming kernel with 1 statements.
2023-03-26 01:49:11,001 - INFO - meshmode.array_context - Array Contraction: Contracting 0 temps
2023-03-26 01:49:11,004 - INFO - meshmode.array_context - [_alias_global_temporaries]: Reduced memory requirement from 0.0MB to 0.0MB.
2023-03-26 01:49:11,502 - INFO - pyopencl - build program: kernel 'frozen_result' was part of a lengthy source build resulting from a binary cache miss (0.38 s)
2023-03-26 01:49:11,529 - INFO - meshmode.array_context - Transforming kernel with 1 statements.
2023-03-26 01:49:11,555 - INFO - meshmode.array_context - Array Contraction: Contracting 0 temps
2023-03-26 01:49:11,557 - INFO - meshmode.array_context - [_alias_global_temporaries]: Reduced memory requirement from 0.0MB to 0.0MB.
2023-03-26 01:49:12,050 - INFO - pyopencl - build program: kernel 'frozen_result' was part of a lengthy source build resulting from a binary cache miss (0.38 s)
2023-03-26 01:49:12,133 - INFO - meshmode.array_context - Transforming kernel with 4 statements.
2023-03-26 01:49:12,208 - INFO - meshmode.array_context - Array Contraction: Contracting 0 temps
2023-03-26 01:49:12,213 - INFO - meshmode.array_context - [_alias_global_temporaries]: Reduced memory requirement from 0.0MB to 0.0MB.
2023-03-26 01:49:12,864 - INFO - pyopencl - build program: kernel 'frozen_result' was part of a lengthy source build resulting from a binary cache miss (0.39 s)
step = 19, sim time: 1.900000e-07 s, step walltime: 1.92537 s
2023-03-26 01:49:12,900 - INFO - pytato.distributed.verify - find_partition: Split 24 nodes into 1 parts, with [24] nodes in each partition.
2023-03-26 01:49:12,977 - INFO - meshmode.array_context - Transforming kernel with 13 statements.
2023-03-26 01:49:13,270 - INFO - meshmode.array_context - Array Contraction: Contracting 1 temps
2023-03-26 01:49:13,312 - INFO - meshmode.array_context - [_alias_global_temporaries]: Reduced memory requirement from 0.1MB to 0.1MB.
2023-03-26 01:49:13,334 - INFO - arraycontext.impl.pytato.compile - transform_loopy_program for 'get_fluid_state': completed (0.36s wall 1.00x CPU)
2023-03-26 01:49:14,002 - INFO - loopy.schedule - get_fluid_state: schedule: completed (0.49s wall 1.00x CPU)
2023-03-26 01:49:14,517 - INFO - pyopencl - build program: kernel 'get_fluid_state' was part of a lengthy source build resulting from a binary cache miss (0.40 s)
Checkpointing final state ...
2023-03-26 01:49:14,580 - INFO - meshmode.array_context - Transforming kernel with 4 statements.
2023-03-26 01:49:14,615 - INFO - meshmode.array_context - [_alias_global_temporaries]: Reduced memory requirement from 0.2MB to 0.2MB.
-------- dt = 0.000e+00, cfl = 0.0228
-------- P (min, max) (Pa) = (1.284504623e+03, 2.753939220e+05)
-------- T (min, max) (K)  = (269.955, 2214.65)

2023-03-26 01:49:15,036 - INFO - meshmode.array_context - Transforming kernel with 3 statements.
2023-03-26 01:49:15,066 - INFO - meshmode.array_context - [_alias_global_temporaries]: Reduced memory requirement from 0.1MB to 0.1MB.
2023-03-26 01:49:15,392 - INFO - meshmode.array_context - Transforming kernel with 1 statements.
2023-03-26 01:49:15,404 - INFO - meshmode.array_context - [_alias_global_temporaries]: Reduced memory requirement from 0.0MB to 0.0MB.
2023-03-26 01:49:15,583 - INFO - meshmode.array_context - Transforming kernel with 3 statements.
2023-03-26 01:49:15,614 - INFO - meshmode.array_context - [_alias_global_temporaries]: Reduced memory requirement from 0.1MB to 0.1MB.
2023-03-26 01:49:15,981 - INFO - meshmode.array_context - Transforming kernel with 6 statements.
2023-03-26 01:49:16,059 - INFO - meshmode.array_context - [_alias_global_temporaries]: Reduced memory requirement from 0.2MB to 0.2MB.
2023-03-26 01:49:17,012 - INFO - meshmode.array_context - Transforming kernel with 4 statements.
2023-03-26 01:49:17,051 - INFO - meshmode.array_context - [_alias_global_temporaries]: Reduced memory requirement from 0.2MB to 0.2MB.

------------------------------------------------------------
Sender: LSF System <lsfadmin@lassen710>
Subject: Job 4665388: <isolator_timing_job.sh> in cluster <lassen> Done

Job <isolator_timing_job.sh> was submitted from host <lassen708> by user <mtcampbe> in cluster <lassen> at Sun Mar 26 01:45:54 2023
Job was executed on host(s) <1*lassen710>, in queue <pbatch>, as user <mtcampbe> in cluster <lassen> at Sun Mar 26 01:45:58 2023
                            <40*lassen260>
</g/g17/mtcampbe> was used as the home directory.
</p/gpfs1/mtcampbe/CEESD/AutomatedTesting/MIRGE-Timing/timing/emirge/mirgecom/y2-isolator/timing_run> was used as the working directory.
Started at Sun Mar 26 01:45:58 2023
Terminated at Sun Mar 26 01:49:39 2023
Results reported at Sun Mar 26 01:49:39 2023

Your job looked like:

------------------------------------------------------------
# LSBATCH: User input
#!/bin/bash

#BSUB -nnodes 1
#BSUB -G uiuc
#BSUB -W 60
#BSUB -q pbatch

printf "Running with EMIRGE_HOME=/p/gpfs1/mtcampbe/CEESD/AutomatedTesting/MIRGE-Timing/timing/emirge\n"

source "/p/gpfs1/mtcampbe/CEESD/AutomatedTesting/MIRGE-Timing/timing/emirge/config/activate_env.sh"
export PYOPENCL_CTX="port:tesla"
export XDG_CACHE_HOME="/tmp/mtcampbe/xdg-scratch"
rm -rf $XDG_CACHE_HOME
rm -f timing-run-done
which python
conda env list
env
env | grep LSB_MCPU_HOSTS

jsrun -g 1 -a 1 -n 1 python -O -u -m mpi4py ./isolator.py -i timing_params.yaml --lazy --log
touch timing-run-done


------------------------------------------------------------

Successfully completed.

Resource usage summary:

    CPU time :                                   0.36 sec.
    Max Memory :                                 59 MB
    Average Memory :                             57.20 MB
    Total Requested Memory :                     -
    Delta Memory :                               -
    Max Swap :                                   1634 MB
    Max Processes :                              4
    Max Threads :                                27
    Run time :                                   220 sec.
    Turnaround time :                            225 sec.

The output (if any) is above this job summary.

