Customizing shell for Lassen.
Running with EMIRGE_HOME=/p/gpfs1/mtcampbe/CEESD/AutomatedTesting/MIRGE-Timing/timing/emirge
Activating 'nozzle.lazy.timing.env' environment for '/p/gpfs1/mtcampbe/CEESD/AutomatedTesting/MIRGE-Timing/timing/emirge/miniforge3/bin/conda'.
/p/gpfs1/mtcampbe/CEESD/AutomatedTesting/MIRGE-Timing/timing/emirge/miniforge3/envs/nozzle.lazy.timing.env/bin/python
# conda environments:
#
                         /p/gpfs1/mtcampbe/CEESD/AutomatedTesting/MIRGE-Timing/parsl.timing/emirge/miniforge3/envs/parsl.timing
                         /p/gpfs1/mtcampbe/CEESD/AutomatedTesting/MIRGE-Timing/playground/esdg/miniforge3/envs/playground.esdg
                         /p/gpfs1/mtcampbe/CEESD/AutomatedTesting/MIRGE-Timing/testing/emirge/miniforge3/envs/ceesd.testing.env
base                     /p/gpfs1/mtcampbe/CEESD/AutomatedTesting/MIRGE-Timing/timing/emirge/miniforge3
nozzle.lazy.timing.env  *  /p/gpfs1/mtcampbe/CEESD/AutomatedTesting/MIRGE-Timing/timing/emirge/miniforge3/envs/nozzle.lazy.timing.env
                         /p/gpfs1/mtcampbe/CEESD/AutomatedTesting/MIRGE-Timing/timing/y3-prediction-performance-testing/emirge/miniforge3/envs/y3.test.production
                         /usr/WS1/xpacc/Users/mtcampbe/CEESD/Lassen/test_emirge/emirge/miniforge3/envs/test.emirge.fk
                         /usr/workspace/wsa/xpacc/Users/mtcampbe/CEESD/Quartz/Install/conda
                         /usr/workspace/wsa/xpacc/Users/mtcampbe/CEESD/Quartz/Install/conda/envs/abate.mtc_euler.env
                         /usr/workspace/wsa/xpacc/Users/mtcampbe/CEESD/Quartz/Install/conda/envs/ceesd.master
                         /usr/workspace/wsa/xpacc/Users/mtcampbe/CEESD/Quartz/Install/conda/envs/chem.master
                         /usr/workspace/wsa/xpacc/Users/mtcampbe/CEESD/Quartz/Install/conda/envs/dgfem
                         /usr/workspace/wsa/xpacc/Users/mtcampbe/CEESD/Quartz/Install/conda/envs/mc.master

LMOD_FAMILY_COMPILER_VERSION=8.3.1
LLNL_IPISOLATE=0
MANPATH=/usr/tce/packages/spectrum-mpi/ibm/spectrum-mpi-rolling-release/share/man:/usr/tce/packages/gcc/gcc-8.3.1/man:/opt/ibm/spectrumcomputing/lsf/10.1.0.10/man:/usr/man:/usr/share/man:/usr/local/man:/usr/X11R6/man:/usr/lib64/mvapich/default/man:/opt/ibm/spectrum_mpi/jsm_pmix/share/man
LSB_EXEC_CLUSTER=lassen
OMPI_COMM_WORLD_RANK=0
LMOD_FAMILY_CUDA=cuda
LMOD_ANCIENT_TIME=3600
GUESTFISH_INIT=\e[1;34m
_ModuleTable003_=LAp1c2VyTmFtZSA9ICJnY2MvOC4zLjEiLAp3ViA9ICIwMDAwMDAwMDguMDAwMDAwMDAzLjAwMDAwMDAwMS4qemZpbmFsIiwKfSwKbGFsbG9jID0gewpmbiA9ICIvdXNyL3RjZXRtcC9tb2R1bGVmaWxlcy9Db3JlL2xhbGxvYy8yLjAubHVhIiwKZnVsbE5hbWUgPSAibGFsbG9jLzIuMCIsCmxvYWRPcmRlciA9IDMsCnByb3BUID0ge30sCnN0YWNrRGVwdGggPSAwLApzdGF0dXMgPSAiYWN0aXZlIiwKdXNlck5hbWUgPSAibGFsbG9jLzIuMCIsCndWID0gIl4wMDAwMDAwMi4qemZpbmFsIiwKfSwKWyJzcGVjdHJ1bS1tcGkiXSA9IHsKZm4gPSAiL3Vzci90Y2UvbW9kdWxlZmlsZXMvQ29tcGlsZXIvZ2NjLzguMy4xL3NwZWN0cnVtLW1waS9yb2xsaW5nLXJlbGVhc2UubHVhIiwKZnVs
HOSTNAME=lassen581
PROJ_DATA=/p/gpfs1/mtcampbe/CEESD/AutomatedTesting/MIRGE-Timing/timing/emirge/miniforge3/envs/nozzle.lazy.timing.env/share/proj
LSB_EFFECTIVE_RSRCREQ=1*{select[(LN) && (type == any)] order[r15s:pg] span[hosts=1]}+40*{select[(CN) && (type == any)] order[r15s:pg] span[ptile=40]}
LSB_DOCKER_JOB_STARTTS=1689151934
BBHASH=6c2334126348bc1a8b759f2a5e644d6e
JSM_TMPDIR=/var/tmp
MIRGE_TIMING_HOME=/p/gpfs1/mtcampbe/CEESD/AutomatedTesting/MIRGE-Timing/timing
LSF_LOGDIR=/opt/ibm/spectrumcomputing/lsf/log
LSF_LIM_API_NTRIES=1
LSB_BATCH_JID=5013176
__LMOD_REF_COUNT_MODULEPATH=/usr/tce/modulefiles/MPI/gcc/8.3.1/spectrum-mpi/rolling-release:1;/usr/tce/modulefiles/Compiler/gcc/8.3.1:1;/usr/tcetmp/modulefiles/Core:1;/usr/apps/modulefiles:1;/usr/share/modulefiles/Linux:1;/usr/share/modulefiles/Core:1;/usr/share/lmod/lmod/modulefiles/Core:1;/collab/usr/global/tools/modulefiles/blueos_3_ppc64le_ib_p9/Core:1
MAILTO=mtcampbe@illinois.edu,andreask@illinois.edu
SHELL=/bin/bash
LMOD_ROOT=/usr/share/lmod
HISTSIZE=1000
WISECONFIGDIR=/usr/share/wise2/
LMOD_SYSTEM_DEFAULT_MODULES=StdEnv
TMPDIR=/var/tmp
MODULEPATH_ROOT=/usr/share/modulefiles
SSH_CLIENT=192.168.66.202 34044 22
LS_EXECCWD=/p/gpfs1/mtcampbe/CEESD/AutomatedTesting/MIRGE-Timing/timing/emirge/mirgecom/y2-isolator/timing_run
LSB_TRAPSIGS=trap # 15 10 12 2 1
CONDA_SHLVL=1
LMOD_FAMILY_CUDA_VERSION=10.1.243
LS_JOBPID=41666
CONDA_PROMPT_MODIFIER=
GSETTINGS_SCHEMA_DIR_CONDA_BACKUP=
LSB_MAX_NUM_PROCESSORS=41
LSB_JOBRES_CALLBACK=57801@lassen710
LMOD_PKG=/usr/share/lmod/lmod
LSB_JOB_EXECUSER=mtcampbe
LSB_JOBID=5013176
QTDIR=/usr/lib64/qt-3.3
LSF_SERVERDIR=/opt/ibm/spectrumcomputing/lsf/10.1.0.10/linux3.10-glibc2.17-ppc64le-csm/etc
LSB_JOBRES_PID=41666
LMOD_VERSION=8.6.16
LMOD_SHORT_TIME=60
QTINC=/usr/lib64/qt-3.3/include
LSB_JOBNAME=isolator_timing_job.sh
LLNL_COMPUTE_NODES=lassen581
LLNL_ATSDISABLE=0
BSUB_BLOCK_EXEC_HOST=
QT_GRAPHICSSYSTEM_CHECKED=1
LSF_LIBDIR=/opt/ibm/spectrumcomputing/lsf/10.1.0.10/linux3.10-glibc2.17-ppc64le-csm/lib
LSB_PROJECT_NAME=default
OPAL_PREFIX=/usr/tce/packages/spectrum-mpi/ibm/spectrum-mpi-rolling-release
CUDA_HOME=/usr/tce/packages/cuda/cuda-10.1.243
USER=mtcampbe
PYOPENCL_CTX=port:tesla
LMOD_sys=Linux
LD_LIBRARY_PATH=/opt/ibm/spectrumcomputing/lsf/10.1.0.10/linux3.10-glibc2.17-ppc64le-csm/lib:/usr/tce/packages/cuda/cuda-10.1.243/lib64
SBD_KRB5CCNAME_VAL=
LSB_EEXEC_REAL_UID=
REQUESTS_CA_BUNDLE=/etc/pki/tls/cert.pem
CONDA_EXE=/p/gpfs1/mtcampbe/CEESD/AutomatedTesting/MIRGE-Timing/timing/emirge/miniforge3/bin/conda
CEESD=/usr/workspace/wsa/xpacc/Users/mtcampbe/CEESD/Lassen
PFTP_CONFIG_FILENAME=/etc/pftp_config
ENV=/g/g17/mtcampbe/.bashrc
HOST_GRP=linux
_ModuleTable004_=bE5hbWUgPSAic3BlY3RydW0tbXBpL3JvbGxpbmctcmVsZWFzZSIsCmxvYWRPcmRlciA9IDUsCnByb3BUID0ge30sCnN0YWNrRGVwdGggPSAwLApzdGF0dXMgPSAiYWN0aXZlIiwKdXNlck5hbWUgPSAic3BlY3RydW0tbXBpL3JvbGxpbmctcmVsZWFzZSIsCndWID0gIl5yb2xsaW5nLipyZWxlYXNlLip6ZmluYWwiLAp9LAp9LAptcGF0aEEgPSB7CiIvdXNyL3RjZS9tb2R1bGVmaWxlcy9NUEkvZ2NjLzguMy4xL3NwZWN0cnVtLW1waS9yb2xsaW5nLXJlbGVhc2UiCiwgIi91c3IvdGNlL21vZHVsZWZpbGVzL0NvbXBpbGVyL2djYy84LjMuMSIsICIvdXNyL3RjZXRtcC9tb2R1bGVmaWxlcy9Db3JlIgosICIvdXNyL2FwcHMvbW9kdWxlZmlsZXMiLCAiL3Vzci9zaGFyZS9tb2R1bGVm
HOSTTYPE=LINUXPPC64LE
LSF_INVOKE_CMD=bsub
CUDA_CACHE_DISABLE=1
LS_EXEC_T=START
LMOD_FAMILY_LALLOC=lalloc
LS_SUBCWD=/p/gpfs1/mtcampbe/CEESD/AutomatedTesting/MIRGE-Timing/timing/emirge/mirgecom/y2-isolator/timing_run
LSB_SUB_RES_REQ=1*{select[LN]span[hosts=1]} + 40*{select[CN]span[ptile=40]}
LSB_HOSTS=lassen710 lassen581 lassen581 lassen581 lassen581 lassen581 lassen581 lassen581 lassen581 lassen581 lassen581 lassen581 lassen581 lassen581 lassen581 lassen581 lassen581 lassen581 lassen581 lassen581 lassen581 lassen581 lassen581 lassen581 lassen581 lassen581 lassen581 lassen581 lassen581 lassen581 lassen581 lassen581 lassen581 lassen581 lassen581 lassen581 lassen581 lassen581 lassen581 lassen581 lassen581
LMOD_PREPEND_BLOCK=normal
LMOD_FAMILY_MPI_VERSION=rolling-release
GUESTFISH_PS1=\[\e[1;32m\]><fs>\[\e[0;31m\] 
_CE_CONDA=
LSB_UNIXGROUP_INT=mtcampbe
LSB_JOBFILENAME=/g/g17/mtcampbe/.lsbatch/1689151931.5013176
LSB_JOBINDEX=0
_ModuleTable001_=X01vZHVsZVRhYmxlXyA9IHsKTVR2ZXJzaW9uID0gMywKY19yZWJ1aWxkVGltZSA9IGZhbHNlLApjX3Nob3J0VGltZSA9IGZhbHNlLApkZXB0aFQgPSB7fSwKZmFtaWx5ID0gewpjb21waWxlciA9ICJnY2MiLApjdWRhID0gImN1ZGEiLApsYWxsb2MgPSAibGFsbG9jIiwKbXBpID0gInNwZWN0cnVtLW1waSIsCn0sCm1UID0gewpTdGRFbnYgPSB7CmZuID0gIi91c3IvdGNldG1wL21vZHVsZWZpbGVzL0NvcmUvU3RkRW52Lmx1YSIsCmZ1bGxOYW1lID0gIlN0ZEVudiIsCmxvYWRPcmRlciA9IDIsCnByb3BUID0gewpsbW9kID0gewpzdGlja3kgPSAxLAp9LAp9LApzdGFja0RlcHRoID0gMCwKc3RhdHVzID0gImFjdGl2ZSIsCnVzZXJOYW1lID0gIlN0ZEVudiIsCndWID0gIk0uKnpm
PATH=/usr/tce/packages/spectrum-mpi/spectrum-mpi-rolling-release-gcc-8.3.1/bin:/usr/tce/packages/gcc/gcc-8.3.1/bin:/usr/tce/packages/lalloc/lalloc-2.0/bin:/p/gpfs1/mtcampbe/CEESD/AutomatedTesting/MIRGE-Timing/timing/emirge/miniforge3/envs/nozzle.lazy.timing.env/bin:/p/gpfs1/mtcampbe/CEESD/AutomatedTesting/MIRGE-Timing/timing/emirge/miniforge3/bin:/usr/tce/packages/cuda/cuda-10.1.243/bin:/usr/tcetmp/bin:/usr/condabin:/usr/workspace/wsa/xpacc/Users/mtcampbe/CEESD/Lassen/conda-install/bin:/usr/lib64/qt-3.3/bin:/usr/local/bin:/usr/bin:/usr/local/sbin:/usr/sbin:/opt/ibm/spectrum_mpi/jsm_pmix/bin:/opt/ibm/bb/bin:/opt/ibm/flightlog/bin:/opt/ibutils/bin:/opt/ibm/spectrumcomputing/lsf/10.1.0.10/linux3.10-glibc2.17-ppc64le-csm/etc:/opt/ibm/spectrumcomputing/lsf/10.1.0.10/linux3.10-glibc2.17-ppc64le-csm/bin:/opt/ibm/spectrumcomputing/lsf/10.1.0.9/linux3.10-glibc2.17-ppc64le-csm/etc:/opt/ibm/spectrumcomputing/lsf/10.1.0.9/linux3.10-glibc2.17-ppc64le-csm/bin
MAIL=/var/spool/mail/mtcampbe
PROJ_NETWORK=ON
GSETTINGS_SCHEMA_DIR=/p/gpfs1/mtcampbe/CEESD/AutomatedTesting/MIRGE-Timing/timing/emirge/miniforge3/envs/nozzle.lazy.timing.env/share/glib-2.0/schemas
LCSCHEDCLUSTER=lassen
XML_CATALOG_FILES=file:///p/gpfs1/mtcampbe/CEESD/AutomatedTesting/MIRGE-Timing/timing/emirge/miniforge3/envs/nozzle.lazy.timing.env/etc/xml/catalog file:///etc/xml/catalog
LSB_EXIT_PRE_ABORT=99
LSB_JOBEXIT_STAT=0
LMOD_SETTARG_CMD=:
LMOD_FAMILY_LALLOC_VERSION=2.0
CONDA_PREFIX=/p/gpfs1/mtcampbe/CEESD/AutomatedTesting/MIRGE-Timing/timing/emirge/miniforge3/envs/nozzle.lazy.timing.env
INPUTRC=/etc/inputrc
PWD=/p/gpfs1/mtcampbe/CEESD/AutomatedTesting/MIRGE-Timing/timing/emirge/mirgecom/y2-isolator/timing_run
_LMFILES_=/usr/tcetmp/modulefiles/Core/cuda/10.1.243.lua:/usr/tcetmp/modulefiles/Core/StdEnv.lua:/usr/tcetmp/modulefiles/Core/lalloc/2.0.lua:/usr/tcetmp/modulefiles/Core/gcc/8.3.1.lua:/usr/tce/modulefiles/Compiler/gcc/8.3.1/spectrum-mpi/rolling-release.lua
EDITOR=/bin/vi
LANG=en_US.UTF-8
LSB_CHKFILENAME=/g/g17/mtcampbe/.lsbatch/1689151931.5013176
MODULEPATH=/usr/tce/modulefiles/MPI/gcc/8.3.1/spectrum-mpi/rolling-release:/usr/tce/modulefiles/Compiler/gcc/8.3.1:/usr/tcetmp/modulefiles/Core:/usr/apps/modulefiles:/usr/share/modulefiles/Linux:/usr/share/modulefiles/Core:/usr/share/lmod/lmod/modulefiles/Core:/collab/usr/global/tools/modulefiles/blueos_3_ppc64le_ib_p9/Core
LSB_DJOB_HOSTFILE=/g/g17/mtcampbe/.lsbatch/1689151931.5013176.hostfile
LOADEDMODULES=cuda/10.1.243:StdEnv:lalloc/2.0:gcc/8.3.1:spectrum-mpi/rolling-release
KDEDIRS=/usr
GUESTFISH_OUTPUT=\e[0m
_ModuleTable_Sz_=5
LSB_JOB_STARTER=/usr/tcetmp/bin/bsub_job_starter %USRCMD
EMIRGE_HOME=/p/gpfs1/mtcampbe/CEESD/AutomatedTesting/MIRGE-Timing/timing/emirge
LSF_JOB_TIMESTAMP_VALUE=1689151934
LMOD_CMD=/usr/share/lmod/lmod/libexec/lmod
_ModuleTable005_=aWxlcy9MaW51eCIKLCAiL3Vzci9zaGFyZS9tb2R1bGVmaWxlcy9Db3JlIiwgIi91c3Ivc2hhcmUvbG1vZC9sbW9kL21vZHVsZWZpbGVzL0NvcmUiLCAiL2NvbGxhYi91c3IvZ2xvYmFsL3Rvb2xzL21vZHVsZWZpbGVzL2JsdWVvc18zX3BwYzY0bGVfaWJfcDkvQ29yZSIsCn0sCnN5c3RlbUJhc2VNUEFUSCA9ICIvdXNyL3RjZXRtcC9tb2R1bGVmaWxlcy9Db3JlOi91c3IvYXBwcy9tb2R1bGVmaWxlczovdXNyL3NoYXJlL21vZHVsZWZpbGVzL0xpbnV4Oi91c3Ivc2hhcmUvbW9kdWxlZmlsZXMvQ29yZTovdXNyL3NoYXJlL2xtb2QvbG1vZC9tb2R1bGVmaWxlcy9Db3JlIiwKfQo=
BBPATH=/mnt/bb_6c2334126348bc1a8b759f2a5e644d6e
LSB_EXEC_HOSTTYPE=UNKNOWN_AUTO_DETECT
LSB_DJOB_NUMPROC=41
LSF_BINDIR=/opt/ibm/spectrumcomputing/lsf/10.1.0.10/linux3.10-glibc2.17-ppc64le-csm/bin
LLNL_NUM_COMPUTE_NODES=1
HISTCONTROL=ignoredups
_CE_M=
SSH_ASKPASS=/usr/libexec/openssh/gnome-ssh-askpass
ENVIRONMENT=BATCH
CXX=mpicxx
HOME=/g/g17/mtcampbe
SHLVL=6
__LMOD_REF_COUNT_PATH=/usr/tce/packages/spectrum-mpi/spectrum-mpi-rolling-release-gcc-8.3.1/bin:2;/usr/tce/packages/gcc/gcc-8.3.1/bin:2;/usr/tce/packages/lalloc/lalloc-2.0/bin:2;/p/gpfs1/mtcampbe/CEESD/AutomatedTesting/MIRGE-Timing/timing/emirge/miniforge3/envs/nozzle.lazy.timing.env/bin:1;/p/gpfs1/mtcampbe/CEESD/AutomatedTesting/MIRGE-Timing/timing/emirge/miniforge3/bin:1;/usr/tce/packages/cuda/cuda-10.1.243/bin:2;/usr/tcetmp/bin:2;/usr/condabin:1;/usr/workspace/wsa/xpacc/Users/mtcampbe/CEESD/Lassen/conda-install/bin:1;/usr/lib64/qt-3.3/bin:1;/usr/local/bin:1;/usr/bin:1;/usr/local/sbin:1;/usr/sbin:1;/opt/ibm/spectrum_mpi/jsm_pmix/bin:1;/opt/ibm/bb/bin:1;/opt/ibm/flightlog/bin:1;/opt/ibutils/bin:1;/opt/ibm/spectrumcomputing/lsf/10.1.0.10/linux3.10-glibc2.17-ppc64le-csm/etc:1;/opt/ibm/spectrumcomputing/lsf/10.1.0.10/linux3.10-glibc2.17-ppc64le-csm/bin:1;/opt/ibm/spectrumcomputing/lsf/10.1.0.9/linux3.10-glibc2.17-ppc64le-csm/etc:1;/opt/ibm/spectrumcomputing/lsf/10.1.0.9/linux3.10-glibc2.17-ppc64le-csm/bin:1
JOB_TERMINATE_INTERVAL=10
LSB_ACCT_FILE=/tmp/5013176.tmpdir/.1689151931.5013176.acct
_ModuleTable002_=aW5hbCIsCn0sCmN1ZGEgPSB7CmZuID0gIi91c3IvdGNldG1wL21vZHVsZWZpbGVzL0NvcmUvY3VkYS8xMC4xLjI0My5sdWEiLApmdWxsTmFtZSA9ICJjdWRhLzEwLjEuMjQzIiwKbG9hZE9yZGVyID0gMSwKcHJvcFQgPSB7fSwKc3RhY2tEZXB0aCA9IDEsCnN0YXR1cyA9ICJhY3RpdmUiLAp1c2VyTmFtZSA9ICJjdWRhLzEwLjEuMjQzIiwKd1YgPSAiXjAwMDAwMDEwLjAwMDAwMDAwMS4wMDAwMDAyNDMuKnpmaW5hbCIsCn0sCmdjYyA9IHsKZm4gPSAiL3Vzci90Y2V0bXAvbW9kdWxlZmlsZXMvQ29yZS9nY2MvOC4zLjEubHVhIiwKZnVsbE5hbWUgPSAiZ2NjLzguMy4xIiwKbG9hZE9yZGVyID0gNCwKcHJvcFQgPSB7fSwKc3RhY2tEZXB0aCA9IDAsCnN0YXR1cyA9ICJhY3RpdmUi
CSM_ALLOCATION_ID=5511335
BINARY_TYPE_HPC=
LLNL_CORE_ISOLATION=2
FC=mpif90
LSB_SUB_HOST=lassen708
XDG_CACHE_HOME=/tmp/mtcampbe/xdg-scratch
__LSF_JOB_TMPDIR__=/tmp/5013176.tmpdir
LSFUSER=mtcampbe
LSB_SUB_USER=mtcampbe
LSB_OUTPUTFILE=/p/gpfs1/mtcampbe/CEESD/AutomatedTesting/MIRGE-Timing/timing/emirge/mirgecom/y2-isolator/timing_run/
LSB_OUTDIR=/p/gpfs1/mtcampbe/CEESD/AutomatedTesting/MIRGE-Timing/timing/emirge/mirgecom/y2-isolator/timing_run
LSB_MCPU_HOSTS=lassen710 1 lassen581 40 
LMOD_arch=ppc64le
TMP=/var/tmp
MPI_ROOT=/usr/tce/packages/spectrum-mpi/ibm/spectrum-mpi-rolling-release
LSB_QUEUE=pbatch
CONDA_PYTHON_EXE=/home/conda/feedstock_root/build_artifacts/conda_1677264974347/_build_env/venv/bin/cross-python
LOGNAME=mtcampbe
QTLIB=/usr/lib64/qt-3.3/lib
CVS_RSH=ssh
XLSF_UIDDIR=/opt/ibm/spectrumcomputing/lsf/10.1.0.10/linux3.10-glibc2.17-ppc64le-csm/lib/uid
XDG_DATA_DIRS=/p/gpfs1/mtcampbe/CEESD/AutomatedTesting/MIRGE-Timing/.local/share/flatpak/exports/share:/var/lib/flatpak/exports/share:/usr/local/share:/usr/share
SSH_CONNECTION=192.168.66.202 34044 192.168.66.73 22
SYS_TYPE=blueos_3_ppc64le_ib_p9
MODULESHOME=/usr/share/lmod/lmod
LMOD_SETTARG_FULL_SUPPORT=no
LESSOPEN=||/usr/bin/lesspipe.sh %s
__LMOD_REF_COUNT_LD_LIBRARY_PATH=/usr/tce/packages/cuda/cuda-10.1.243/lib64:1;/opt/ibm/spectrumcomputing/lsf/10.1.0.10/linux3.10-glibc2.17-ppc64le-csm/lib:1
PKG_CONFIG_PATH=/usr/tce/packages/cuda/cuda-10.1.243/lib64/pkgconfig
OMP_NUM_THREADS=1
LSF_CGROUP_TOPDIR_KEY=lassen
CONDA_DEFAULT_ENV=nozzle.lazy.timing.env
LMOD_FULL_SETTARG_SUPPORT=no
LMOD_FAMILY_COMPILER=gcc
LSB_XFER_OP=
LSB_EEXEC_REAL_GID=
__LMOD_REF_COUNT_PKG_CONFIG_PATH=/usr/tce/packages/cuda/cuda-10.1.243/lib64/pkgconfig:1
CC=mpicc
QT_PLUGIN_PATH=/usr/lib64/kde4/plugins:/usr/lib/kde4/plugins
LMOD_DIR=/usr/share/lmod/lmod/libexec
LEXEC_UNPICKLE_QUIET=1
__LMOD_REF_COUNT_MANPATH=/usr/tce/packages/spectrum-mpi/ibm/spectrum-mpi-rolling-release/share/man:1;/usr/tce/packages/gcc/gcc-8.3.1/man:1;/opt/ibm/spectrumcomputing/lsf/10.1.0.10/man:1;/usr/man:1;/usr/share/man:1;/usr/local/man:1;/usr/X11R6/man:1;/usr/lib64/mvapich/default/man:1;/opt/ibm/spectrum_mpi/jsm_pmix/share/man:1
LSF_ENVDIR=/opt/ibm/spectrumcomputing/lsf/conf
GUESTFISH_RESTORE=\e[0m
LSB_DJOB_RANKFILE=/g/g17/mtcampbe/.lsbatch/1689151931.5013176.hostfile
LMOD_FAMILY_MPI=spectrum-mpi
LMOD_COLORIZE=yes
HISTFILE=/g/g17/mtcampbe/.bash_history
BASH_FUNC_module()=() {  local __lmod_my_status;
 local __lmod_sh_dbg;
 if [ -z "${LMOD_SH_DBG_ON+x}" ]; then
 case "$-" in 
 *v*x*)
 __lmod_sh_dbg='vx'
 ;;
 *v*)
 __lmod_sh_dbg='v'
 ;;
 *x*)
 __lmod_sh_dbg='x'
 ;;
 esac;
 fi;
 if [ -n "${__lmod_sh_dbg:-}" ]; then
 set +$__lmod_sh_dbg;
 echo "Shell debugging temporarily silenced: export LMOD_SH_DBG_ON=1 for Lmod's output" 1>&2;
 fi;
 eval "$($LMOD_CMD bash "$@")" && eval $(${LMOD_SETTARG_CMD:-:} -s sh);
 __lmod_my_status=$?;
 if [ -n "${__lmod_sh_dbg:-}" ]; then
 echo "Shell debugging restarted" 1>&2;
 set -$__lmod_sh_dbg;
 fi;
 return $__lmod_my_status
}
BASH_FUNC_ml()=() {  eval "$($LMOD_DIR/ml_cmd "$@")"
}
_=/usr/bin/env
LSB_MCPU_HOSTS=lassen710 1 lassen581 40 
Default casename isolator
Using user input from file: timing_params.yaml
Running ./isolator.py

2023-07-12 01:52:24,905 - INFO - grudge.array_context - get_reasonable_array_context_class: MPIFusionContractorArrayContext lazy=True distributed=True device-parallel=True
2023-07-12 01:52:46,421 - INFO - mirgecom.simutil - Using SVM-based memory pool on <pyopencl.Device 'Tesla V100-SXM2-16GB' on 'Portable Computing Language' at 0x1027a9d80>.
Shock capturing parameters: alpha 0.5, s0 -4.0, kappa 0.5

#### Simluation control data: ####
	nviz = 100
	nrestart = 100
	nhealth = 100
	nstatus = 100
	current_dt = 1e-08
	t_final = 2e-07
	order = 1
	dimen = 2
	Time integration rk4
#### Simluation control data: ####


#### Simluation material properties: ####
	mu = 4.216360056e-05
	kappa = 0.05621788139856423
	Prandtl Number  = 0.75
#### Simluation initialization data: ####
	inlet Mach number 0.038727226466056475
	inlet temperature 2075.8073416311686
	inlet pressure 274212.0081934861
	inlet rho 0.4623484671063763
	inlet velocity 35.28896626974282
	outlet Mach number 3.661995139955526
	outlet temperature 563.9344091915701
	outlet pressure 2865.7077436508835
	outlet rho 0.01778579568979098
	outlet velocity 1739.2462693097807
#### Simluation initialization data: ####

Reading mesh from data/isolator.msh
./isolator.py:1087: DeprecationWarning: generate_and_distribute_mesh is deprecated and will go away Q4 2022. Use distribute_mesh instead.
  local_mesh, global_nelements = generate_and_distribute_mesh(
Making discretization
./isolator.py:1094: DeprecationWarning: mpi_communicator argument is deprecated and will disappear in Q4 2022.
  dcoll = create_discretization_collection(
Done making discretization
/p/gpfs1/mtcampbe/CEESD/AutomatedTesting/MIRGE-Timing/timing/emirge/arraycontext/arraycontext/impl/pytato/__init__.py:413: UserWarning: Running on an Nvidia GPU, reducing the argument size limit from 4352 to 3896.
  warn("Running on an Nvidia GPU, reducing the argument "
2023-07-12 01:52:46,916 - INFO - arraycontext.impl.pytato - limiting argument buffer size for <pyopencl.Device 'Tesla V100-SXM2-16GB' on 'Portable Computing Language' at 0x1027a9d80> to 3896 bytes
2023-07-12 01:52:46,930 - INFO - meshmode.array_context - Transforming kernel 'frozen_nodes0_2d' with 1 statements.
2023-07-12 01:52:46,975 - INFO - meshmode.array_context - Array Contraction: Contracting 0 temps
2023-07-12 01:52:46,978 - INFO - meshmode.array_context - [_alias_global_temporaries]: Reduced memory requirement of 'frozen_nodes0_2d' from 0.0MB to 0.0MB.
2023-07-12 01:52:48,024 - INFO - pyopencl - build program: kernel 'frozen_nodes0_2d' was part of a lengthy source build resulting from a binary cache miss (0.74 s)
2023-07-12 01:52:48,050 - INFO - meshmode.array_context - Transforming kernel 'frozen_nodes1_2d' with 1 statements.
2023-07-12 01:52:48,089 - INFO - meshmode.array_context - Array Contraction: Contracting 0 temps
2023-07-12 01:52:48,092 - INFO - meshmode.array_context - [_alias_global_temporaries]: Reduced memory requirement of 'frozen_nodes1_2d' from 0.0MB to 0.0MB.
2023-07-12 01:52:48,608 - INFO - pyopencl - build program: kernel 'frozen_nodes1_2d' was part of a lengthy source build resulting from a binary cache miss (0.35 s)
Before restart/init
Initializing soln.
Initialization for Case(isolator)
===
Num 2d order-1 elements: 2504
Num global elements: 2504
Timestep:        1e-08
Initial time:    0
Final time:      2e-07
CFL:             1.0
Constant CFL:    False
Initialization:  isolator
EOS:             IdealSingleGas

2023-07-12 01:52:50,252 - INFO - meshmode.array_context - transform_dag.infer_axes_tags: completed (0.55s wall 1.00x CPU)
2023-07-12 01:52:50,413 - INFO - arraycontext.impl.pytato - limiting argument buffer size for <pyopencl.Device 'Tesla V100-SXM2-16GB' on 'Portable Computing Language' at 0x1027a9d80> to 3896 bytes
2023-07-12 01:52:51,124 - INFO - meshmode.array_context - Transforming kernel 'frozen_result' with 14 statements.
2023-07-12 01:52:52,597 - INFO - loopy.tools - fuse_same_discretization_entity_loops on 'frozen_result': completed (1.32s wall 1.00x CPU)
2023-07-12 01:52:52,778 - INFO - meshmode.array_context - Loop Fusion: completed (1.65s wall 1.00x CPU)
2023-07-12 01:52:53,113 - INFO - meshmode.array_context - Array Contraction: Contracting 10 temps
2023-07-12 01:52:54,717 - INFO - loopy.tools - contract_arrays on 'frozen_result': completed (1.61s wall 1.00x CPU)
2023-07-12 01:52:54,918 - INFO - meshmode.array_context - Array Contraction: completed (1.95s wall 1.00x CPU)
2023-07-12 01:52:54,920 - INFO - meshmode.array_context - [_alias_global_temporaries]: Reduced memory requirement of 'frozen_result' from 0.5MB to 0.4MB.
2023-07-12 01:52:56,811 - INFO - loopy.tools - preprocess_program on 'frozen_result': completed (1.20s wall 1.00x CPU)
2023-07-12 01:52:59,664 - INFO - loopy.check - frozen_result: check array access within bounds: completed (2.50s wall 1.00x CPU)
2023-07-12 01:53:01,891 - INFO - loopy.codegen - frozen_result: generate code: completed (1.90s wall 1.00x CPU)
2023-07-12 01:53:07,330 - INFO - pyopencl - build program: kernel 'frozen_result' was part of a lengthy source build resulting from a binary cache miss (4.95 s)
2023-07-12 01:53:07,383 - INFO - pytato.distributed.verify - find_partition: Split 23 nodes into 1 parts, with [23] nodes in each partition.
/p/gpfs1/mtcampbe/CEESD/AutomatedTesting/MIRGE-Timing/timing/emirge/pytato/pytato/array.py:832: UserWarning: Passing `tags=None` is deprecated and will result in an error from 2023. To remove this message either call make_dict_of_named_arrays or pass the `tags` argument.
  warn("Passing `tags=None` is deprecated and will result"
2023-07-12 01:53:07,460 - INFO - meshmode.array_context - Transforming kernel 'get_fluid_state' with 14 statements.
2023-07-12 01:53:07,763 - INFO - meshmode.array_context - Array Contraction: Contracting 1 temps
2023-07-12 01:53:07,804 - INFO - meshmode.array_context - [_alias_global_temporaries]: Reduced memory requirement of 'get_fluid_state' from 0.1MB to 0.1MB.
2023-07-12 01:53:07,827 - INFO - arraycontext.impl.pytato.compile - transform_loopy_program for 'get_fluid_state': completed (0.37s wall 1.00x CPU)
2023-07-12 01:53:08,510 - INFO - loopy.schedule - get_fluid_state: schedule: completed (0.50s wall 1.00x CPU)
2023-07-12 01:53:09,014 - INFO - pyopencl - build program: kernel 'get_fluid_state' was part of a lengthy source build resulting from a binary cache miss (0.38 s)
./isolator.py:1349: DeprecationWarning: simutil.force_evaluation is deprecated and will disappear in Q3 2023. Use utils.force_evaluation instead.
  fluid_state = force_evaluation(actx, create_fluid_state(cv=state))
2023-07-12 01:53:09,118 - INFO - arraycontext.impl.pytato - limiting argument buffer size for <pyopencl.Device 'Tesla V100-SXM2-16GB' on 'Portable Computing Language' at 0x1027a9d80> to 3896 bytes
2023-07-12 01:53:09,212 - INFO - meshmode.array_context - Transforming kernel 'frozen_area_el_vol' with 10 statements.
2023-07-12 01:53:09,513 - INFO - meshmode.array_context - Array Contraction: Contracting 1 temps
2023-07-12 01:53:09,558 - INFO - meshmode.array_context - [_alias_global_temporaries]: Reduced memory requirement of 'frozen_area_el_vol' from 0.3MB to 0.2MB.
2023-07-12 01:53:10,933 - INFO - pyopencl - build program: kernel 'frozen_area_el_vol' was part of a lengthy source build resulting from a binary cache miss (0.64 s)
2023-07-12 01:53:10,950 - INFO - meshmode.discretization.connection.face - building face restriction: start
2023-07-12 01:53:10,961 - INFO - meshmode.discretization.connection.face - building face restriction: done
2023-07-12 01:53:11,058 - INFO - meshmode.array_context - Transforming kernel 'frozen_area_el_b_face_restr_all' with 7 statements.
2023-07-12 01:53:11,266 - INFO - meshmode.array_context - Array Contraction: Contracting 2 temps
2023-07-12 01:53:11,328 - INFO - meshmode.array_context - [_alias_global_temporaries]: Reduced memory requirement of 'frozen_area_el_b_face_restr_all' from 0.5MB to 0.3MB.
2023-07-12 01:53:12,506 - INFO - pyopencl - build program: kernel 'frozen_area_el_b_face_restr_all' was part of a lengthy source build resulting from a binary cache miss (0.62 s)
2023-07-12 01:53:12,591 - INFO - meshmode.array_context - Transforming kernel 'frozen_dt_geometric_vol' with 7 statements.
2023-07-12 01:53:12,929 - INFO - meshmode.array_context - Array Contraction: Contracting 0 temps
2023-07-12 01:53:12,942 - INFO - meshmode.array_context - [_alias_global_temporaries]: Reduced memory requirement of 'frozen_dt_geometric_vol' from 0.3MB to 0.2MB.
2023-07-12 01:53:13,771 - INFO - loopy.codegen - frozen_dt_geometric_vol: generate code: completed (0.46s wall 1.00x CPU)
2023-07-12 01:53:14,895 - INFO - pyopencl - build program: kernel 'frozen_dt_geometric_vol' was part of a lengthy source build resulting from a binary cache miss (1.11 s)
2023-07-12 01:53:14,918 - INFO - meshmode.array_context - Transforming kernel 'frozen_char_lscales' with 1 statements.
2023-07-12 01:53:14,943 - INFO - meshmode.array_context - Array Contraction: Contracting 0 temps
2023-07-12 01:53:14,945 - INFO - meshmode.array_context - [_alias_global_temporaries]: Reduced memory requirement of 'frozen_char_lscales' from 0.0MB to 0.0MB.
2023-07-12 01:53:15,399 - INFO - pyopencl - build program: kernel 'frozen_char_lscales' was part of a lengthy source build resulting from a binary cache miss (0.35 s)
2023-07-12 01:53:15,453 - INFO - meshmode.array_context - Transforming kernel 'frozen_result' with 4 statements.
2023-07-12 01:53:15,544 - INFO - meshmode.array_context - Array Contraction: Contracting 3 temps
2023-07-12 01:53:15,622 - INFO - meshmode.array_context - [_alias_global_temporaries]: Reduced memory requirement of 'frozen_result' from 0.2MB to 0.2MB.
2023-07-12 01:53:16,173 - INFO - pyopencl - build program: kernel 'frozen_result' was part of a lengthy source build resulting from a binary cache miss (0.37 s)
2023-07-12 01:53:16,638 - INFO - pyopencl - build program: kernel 'reduce_kernel_stage1' was part of a lengthy source build resulting from a binary cache miss (0.45 s)
2023-07-12 01:53:17,097 - INFO - pyopencl - build program: kernel 'reduce_kernel_stage2' was part of a lengthy source build resulting from a binary cache miss (0.45 s)
2023-07-12 01:53:17,110 - INFO - meshmode.array_context - Transforming kernel 'frozen_result' with 1 statements.
2023-07-12 01:53:17,117 - INFO - meshmode.array_context - Array Contraction: Contracting 0 temps
/p/gpfs1/mtcampbe/CEESD/AutomatedTesting/MIRGE-Timing/timing/emirge/meshmode/meshmode/array_context.py:1744: UserWarning: [frozen_result]: FusionContractorArrayContext.transform_loopy_program not broad enough (yet). Falling back to a possibly slower transformation strategy.
  warn(f"[{knl.name}]: FusionContractorArrayContext."
2023-07-12 01:53:17,524 - INFO - pyopencl - build program: kernel 'frozen_result' was part of a lengthy source build resulting from a binary cache miss (0.37 s)
2023-07-12 01:53:17,969 - INFO - pyopencl - build program: kernel 'reduce_kernel_stage1' was part of a lengthy source build resulting from a binary cache miss (0.44 s)
2023-07-12 01:53:18,410 - INFO - pyopencl - build program: kernel 'reduce_kernel_stage2' was part of a lengthy source build resulting from a binary cache miss (0.43 s)
2023-07-12 01:53:18,418 - INFO - meshmode.array_context - Transforming kernel 'frozen_result' with 1 statements.
2023-07-12 01:53:18,424 - INFO - meshmode.array_context - Array Contraction: Contracting 0 temps
2023-07-12 01:53:18,792 - INFO - pyopencl - build program: kernel 'frozen_result' was part of a lengthy source build resulting from a binary cache miss (0.34 s)
2023-07-12 01:53:19,251 - INFO - pyopencl - build program: kernel 'reduce_kernel_stage1' was part of a lengthy source build resulting from a binary cache miss (0.45 s)
2023-07-12 01:53:19,707 - INFO - pyopencl - build program: kernel 'reduce_kernel_stage2' was part of a lengthy source build resulting from a binary cache miss (0.45 s)
2023-07-12 01:53:19,719 - INFO - meshmode.array_context - Transforming kernel 'frozen_result' with 1 statements.
2023-07-12 01:53:19,726 - INFO - meshmode.array_context - Array Contraction: Contracting 0 temps
2023-07-12 01:53:20,103 - INFO - pyopencl - build program: kernel 'frozen_result' was part of a lengthy source build resulting from a binary cache miss (0.35 s)
-------- dt = 1.000e-08, cfl = 0.0253
-------- P (min, max) (Pa) = (2.865706984e+03, 2.742120082e+05)
-------- T (min, max) (K)  = (    300, 2075.81)

2023-07-12 01:53:20,136 - INFO - meshmode.array_context - Transforming kernel 'frozen_result' with 1 statements.
2023-07-12 01:53:20,146 - INFO - meshmode.array_context - Array Contraction: Contracting 0 temps
2023-07-12 01:53:20,149 - INFO - meshmode.array_context - [_alias_global_temporaries]: Reduced memory requirement of 'frozen_result' from 0.0MB to 0.0MB.
2023-07-12 01:53:20,589 - INFO - pyopencl - build program: kernel 'frozen_result' was part of a lengthy source build resulting from a binary cache miss (0.35 s)
2023-07-12 01:53:20,600 - INFO - meshmode.array_context - Transforming kernel 'frozen_result' with 1 statements.
2023-07-12 01:53:20,609 - INFO - meshmode.array_context - Array Contraction: Contracting 0 temps
2023-07-12 01:53:20,612 - INFO - meshmode.array_context - [_alias_global_temporaries]: Reduced memory requirement of 'frozen_result' from 0.0MB to 0.0MB.
2023-07-12 01:53:21,050 - INFO - pyopencl - build program: kernel 'frozen_result' was part of a lengthy source build resulting from a binary cache miss (0.35 s)
2023-07-12 01:53:21,061 - INFO - meshmode.array_context - Transforming kernel 'frozen_result' with 1 statements.
2023-07-12 01:53:21,070 - INFO - meshmode.array_context - Array Contraction: Contracting 0 temps
2023-07-12 01:53:21,073 - INFO - meshmode.array_context - [_alias_global_temporaries]: Reduced memory requirement of 'frozen_result' from 0.0MB to 0.0MB.
2023-07-12 01:53:21,511 - INFO - pyopencl - build program: kernel 'frozen_result' was part of a lengthy source build resulting from a binary cache miss (0.35 s)
2023-07-12 01:53:21,522 - INFO - meshmode.array_context - Transforming kernel 'frozen_result' with 1 statements.
2023-07-12 01:53:21,531 - INFO - meshmode.array_context - Array Contraction: Contracting 0 temps
2023-07-12 01:53:21,534 - INFO - meshmode.array_context - [_alias_global_temporaries]: Reduced memory requirement of 'frozen_result' from 0.0MB to 0.0MB.
2023-07-12 01:53:21,971 - INFO - pyopencl - build program: kernel 'frozen_result' was part of a lengthy source build resulting from a binary cache miss (0.35 s)
2023-07-12 01:53:22,012 - INFO - meshmode.array_context - Transforming kernel 'frozen_result' with 3 statements.
2023-07-12 01:53:22,056 - INFO - meshmode.array_context - Array Contraction: Contracting 0 temps
2023-07-12 01:53:22,061 - INFO - meshmode.array_context - [_alias_global_temporaries]: Reduced memory requirement of 'frozen_result' from 0.1MB to 0.1MB.
2023-07-12 01:53:22,817 - INFO - pyopencl - build program: kernel 'frozen_result' was part of a lengthy source build resulting from a binary cache miss (0.50 s)
2023-07-12 01:53:22,833 - INFO - meshmode.array_context - Transforming kernel 'frozen_result' with 1 statements.
2023-07-12 01:53:22,843 - INFO - meshmode.array_context - Array Contraction: Contracting 0 temps
2023-07-12 01:53:22,845 - INFO - meshmode.array_context - [_alias_global_temporaries]: Reduced memory requirement of 'frozen_result' from 0.0MB to 0.0MB.
2023-07-12 01:53:23,304 - INFO - pyopencl - build program: kernel 'frozen_result' was part of a lengthy source build resulting from a binary cache miss (0.36 s)
2023-07-12 01:53:23,328 - INFO - meshmode.array_context - Transforming kernel 'frozen_result' with 1 statements.
2023-07-12 01:53:23,340 - INFO - meshmode.array_context - Array Contraction: Contracting 0 temps
2023-07-12 01:53:23,343 - INFO - meshmode.array_context - [_alias_global_temporaries]: Reduced memory requirement of 'frozen_result' from 0.0MB to 0.0MB.
2023-07-12 01:53:23,847 - INFO - pyopencl - build program: kernel 'frozen_result' was part of a lengthy source build resulting from a binary cache miss (0.36 s)
2023-07-12 01:53:23,878 - INFO - meshmode.array_context - Transforming kernel 'frozen_result' with 3 statements.
2023-07-12 01:53:23,923 - INFO - meshmode.array_context - Array Contraction: Contracting 0 temps
2023-07-12 01:53:23,928 - INFO - meshmode.array_context - [_alias_global_temporaries]: Reduced memory requirement of 'frozen_result' from 0.1MB to 0.1MB.
2023-07-12 01:53:24,681 - INFO - pyopencl - build program: kernel 'frozen_result' was part of a lengthy source build resulting from a binary cache miss (0.50 s)
2023-07-12 01:53:24,747 - INFO - meshmode.array_context - Transforming kernel 'frozen_result' with 6 statements.
2023-07-12 01:53:24,910 - INFO - meshmode.array_context - Array Contraction: Contracting 0 temps
2023-07-12 01:53:24,920 - INFO - meshmode.array_context - [_alias_global_temporaries]: Reduced memory requirement of 'frozen_result' from 0.2MB to 0.2MB.
2023-07-12 01:53:25,611 - INFO - loopy.codegen - frozen_result: generate code: completed (0.39s wall 1.00x CPU)
2023-07-12 01:53:26,650 - INFO - pyopencl - build program: kernel 'frozen_result' was part of a lengthy source build resulting from a binary cache miss (1.03 s)
2023-07-12 01:53:26,712 - INFO - meshmode.array_context - Transforming kernel 'frozen_result' with 4 statements.
2023-07-12 01:53:26,789 - INFO - meshmode.array_context - Array Contraction: Contracting 2 temps
2023-07-12 01:53:26,843 - INFO - meshmode.array_context - [_alias_global_temporaries]: Reduced memory requirement of 'frozen_result' from 0.2MB to 0.2MB.
2023-07-12 01:53:27,648 - INFO - pyopencl - build program: kernel 'frozen_result' was part of a lengthy source build resulting from a binary cache miss (0.51 s)
2023-07-12 01:53:27,673 - INFO - meshmode.discretization.connection.face - building face restriction: start
2023-07-12 01:53:27,678 - INFO - meshmode.discretization.connection.face - building face restriction: done
2023-07-12 01:53:27,691 - INFO - meshmode.discretization.connection.face - building face restriction: start
2023-07-12 01:53:27,696 - INFO - meshmode.discretization.connection.face - building face restriction: done
2023-07-12 01:53:27,708 - INFO - meshmode.discretization.connection.face - building face restriction: start
2023-07-12 01:53:27,720 - INFO - meshmode.discretization.connection.face - building face restriction: done
2023-07-12 01:53:27,733 - INFO - meshmode.discretization.connection.face - building face restriction: start
2023-07-12 01:53:27,825 - INFO - meshmode.discretization.connection.face - building face restriction: done
2023-07-12 01:53:27,980 - INFO - meshmode.array_context - Transforming kernel 'frozen_area_el_b_inflow' with 7 statements.
2023-07-12 01:53:28,188 - INFO - meshmode.array_context - Array Contraction: Contracting 2 temps
2023-07-12 01:53:28,252 - INFO - meshmode.array_context - [_alias_global_temporaries]: Reduced memory requirement of 'frozen_area_el_b_inflow' from 0.0MB to 0.0MB.
2023-07-12 01:53:29,381 - INFO - pyopencl - build program: kernel 'frozen_area_el_b_inflow' was part of a lengthy source build resulting from a binary cache miss (0.61 s)
2023-07-12 01:53:29,449 - INFO - meshmode.array_context - Transforming kernel 'frozen_normal_2_b_inflow' with 3 statements.
2023-07-12 01:53:29,564 - INFO - meshmode.array_context - Array Contraction: Contracting 0 temps
2023-07-12 01:53:29,571 - INFO - meshmode.array_context - [_alias_global_temporaries]: Reduced memory requirement of 'frozen_normal_2_b_inflow' from 0.0MB to 0.0MB.
2023-07-12 01:53:30,611 - INFO - pyopencl - build program: kernel 'frozen_normal_2_b_inflow' was part of a lengthy source build resulting from a binary cache miss (0.60 s)
2023-07-12 01:53:30,674 - INFO - meshmode.array_context - Transforming kernel 'frozen_normal_1_b_inflow' with 3 statements.
2023-07-12 01:53:30,790 - INFO - meshmode.array_context - Array Contraction: Contracting 0 temps
2023-07-12 01:53:30,796 - INFO - meshmode.array_context - [_alias_global_temporaries]: Reduced memory requirement of 'frozen_normal_1_b_inflow' from 0.0MB to 0.0MB.
2023-07-12 01:53:31,835 - INFO - pyopencl - build program: kernel 'frozen_normal_1_b_inflow' was part of a lengthy source build resulting from a binary cache miss (0.60 s)
2023-07-12 01:53:31,852 - INFO - meshmode.array_context - Transforming kernel 'frozen_f2allf_ind' with 0 statements.
2023-07-12 01:53:31,856 - INFO - meshmode.array_context - Array Contraction: Contracting 0 temps
2023-07-12 01:53:32,217 - INFO - pyopencl - build program: kernel 'frozen_f2allf_ind' was part of a lengthy source build resulting from a binary cache miss (0.34 s)
2023-07-12 01:53:32,227 - INFO - meshmode.array_context - Transforming kernel 'frozen_f2allf_ind' with 0 statements.
2023-07-12 01:53:32,361 - INFO - meshmode.array_context - Transforming kernel 'frozen_f2allf_ind' with 1 statements.
2023-07-12 01:53:32,376 - INFO - meshmode.array_context - Array Contraction: Contracting 0 temps
2023-07-12 01:53:32,379 - INFO - meshmode.array_context - [_alias_global_temporaries]: Reduced memory requirement of 'frozen_f2allf_ind' from 0.0MB to 0.0MB.
2023-07-12 01:53:32,779 - INFO - pyopencl - build program: kernel 'frozen_f2allf_ind' was part of a lengthy source build resulting from a binary cache miss (0.34 s)
2023-07-12 01:53:32,903 - INFO - meshmode.array_context - Transforming kernel 'frozen_area_el_b_outflow' with 7 statements.
2023-07-12 01:53:33,113 - INFO - meshmode.array_context - Array Contraction: Contracting 2 temps
2023-07-12 01:53:33,175 - INFO - meshmode.array_context - [_alias_global_temporaries]: Reduced memory requirement of 'frozen_area_el_b_outflow' from 0.0MB to 0.0MB.
2023-07-12 01:53:34,302 - INFO - pyopencl - build program: kernel 'frozen_area_el_b_outflow' was part of a lengthy source build resulting from a binary cache miss (0.60 s)
2023-07-12 01:53:34,370 - INFO - meshmode.array_context - Transforming kernel 'frozen_normal_2_b_outflow' with 3 statements.
2023-07-12 01:53:34,485 - INFO - meshmode.array_context - Array Contraction: Contracting 0 temps
2023-07-12 01:53:34,492 - INFO - meshmode.array_context - [_alias_global_temporaries]: Reduced memory requirement of 'frozen_normal_2_b_outflow' from 0.0MB to 0.0MB.
2023-07-12 01:53:35,530 - INFO - pyopencl - build program: kernel 'frozen_normal_2_b_outflow' was part of a lengthy source build resulting from a binary cache miss (0.60 s)
2023-07-12 01:53:35,594 - INFO - meshmode.array_context - Transforming kernel 'frozen_normal_1_b_outflow' with 3 statements.
2023-07-12 01:53:35,710 - INFO - meshmode.array_context - Array Contraction: Contracting 0 temps
2023-07-12 01:53:35,716 - INFO - meshmode.array_context - [_alias_global_temporaries]: Reduced memory requirement of 'frozen_normal_1_b_outflow' from 0.0MB to 0.0MB.
2023-07-12 01:53:36,755 - INFO - pyopencl - build program: kernel 'frozen_normal_1_b_outflow' was part of a lengthy source build resulting from a binary cache miss (0.60 s)
2023-07-12 01:53:36,772 - INFO - meshmode.array_context - Transforming kernel 'frozen_f2allf_ind' with 1 statements.
2023-07-12 01:53:36,787 - INFO - meshmode.array_context - Array Contraction: Contracting 0 temps
2023-07-12 01:53:36,790 - INFO - meshmode.array_context - [_alias_global_temporaries]: Reduced memory requirement of 'frozen_f2allf_ind' from 0.0MB to 0.0MB.
2023-07-12 01:53:37,188 - INFO - pyopencl - build program: kernel 'frozen_f2allf_ind' was part of a lengthy source build resulting from a binary cache miss (0.34 s)
2023-07-12 01:53:37,199 - INFO - meshmode.array_context - Transforming kernel 'frozen_f2allf_ind' with 1 statements.
2023-07-12 01:53:37,214 - INFO - meshmode.array_context - Array Contraction: Contracting 0 temps
2023-07-12 01:53:37,217 - INFO - meshmode.array_context - [_alias_global_temporaries]: Reduced memory requirement of 'frozen_f2allf_ind' from 0.0MB to 0.0MB.
2023-07-12 01:53:37,616 - INFO - pyopencl - build program: kernel 'frozen_f2allf_ind' was part of a lengthy source build resulting from a binary cache miss (0.34 s)
2023-07-12 01:53:37,741 - INFO - meshmode.array_context - Transforming kernel 'frozen_area_el_b_wall' with 7 statements.
2023-07-12 01:53:37,949 - INFO - meshmode.array_context - Array Contraction: Contracting 2 temps
2023-07-12 01:53:38,011 - INFO - meshmode.array_context - [_alias_global_temporaries]: Reduced memory requirement of 'frozen_area_el_b_wall' from 0.0MB to 0.0MB.
2023-07-12 01:53:39,168 - INFO - pyopencl - build program: kernel 'frozen_area_el_b_wall' was part of a lengthy source build resulting from a binary cache miss (0.62 s)
2023-07-12 01:53:39,236 - INFO - meshmode.array_context - Transforming kernel 'frozen_normal_2_b_wall' with 3 statements.
2023-07-12 01:53:39,351 - INFO - meshmode.array_context - Array Contraction: Contracting 0 temps
2023-07-12 01:53:39,357 - INFO - meshmode.array_context - [_alias_global_temporaries]: Reduced memory requirement of 'frozen_normal_2_b_wall' from 0.0MB to 0.0MB.
2023-07-12 01:53:40,429 - INFO - pyopencl - build program: kernel 'frozen_normal_2_b_wall' was part of a lengthy source build resulting from a binary cache miss (0.61 s)
2023-07-12 01:53:40,565 - INFO - meshmode.array_context - Transforming kernel 'frozen_normal_1_b_wall' with 3 statements.
2023-07-12 01:53:40,681 - INFO - meshmode.array_context - Array Contraction: Contracting 0 temps
2023-07-12 01:53:40,687 - INFO - meshmode.array_context - [_alias_global_temporaries]: Reduced memory requirement of 'frozen_normal_1_b_wall' from 0.0MB to 0.0MB.
2023-07-12 01:53:41,761 - INFO - pyopencl - build program: kernel 'frozen_normal_1_b_wall' was part of a lengthy source build resulting from a binary cache miss (0.61 s)
2023-07-12 01:53:41,779 - INFO - meshmode.array_context - Transforming kernel 'frozen_f2allf_ind' with 1 statements.
2023-07-12 01:53:41,793 - INFO - meshmode.array_context - Array Contraction: Contracting 0 temps
2023-07-12 01:53:41,796 - INFO - meshmode.array_context - [_alias_global_temporaries]: Reduced memory requirement of 'frozen_f2allf_ind' from 0.0MB to 0.0MB.
2023-07-12 01:53:42,196 - INFO - pyopencl - build program: kernel 'frozen_f2allf_ind' was part of a lengthy source build resulting from a binary cache miss (0.34 s)
2023-07-12 01:53:42,206 - INFO - meshmode.array_context - Transforming kernel 'frozen_f2allf_ind' with 1 statements.
2023-07-12 01:53:42,221 - INFO - meshmode.array_context - Array Contraction: Contracting 0 temps
2023-07-12 01:53:42,223 - INFO - meshmode.array_context - [_alias_global_temporaries]: Reduced memory requirement of 'frozen_f2allf_ind' from 0.0MB to 0.0MB.
2023-07-12 01:53:42,632 - INFO - pyopencl - build program: kernel 'frozen_f2allf_ind' was part of a lengthy source build resulting from a binary cache miss (0.35 s)
2023-07-12 01:53:42,756 - INFO - meshmode.array_context - Transforming kernel 'frozen_area_el_b_face_restr_interior' with 7 statements.
2023-07-12 01:53:42,965 - INFO - meshmode.array_context - Array Contraction: Contracting 2 temps
2023-07-12 01:53:43,029 - INFO - meshmode.array_context - [_alias_global_temporaries]: Reduced memory requirement of 'frozen_area_el_b_face_restr_interior' from 0.4MB to 0.3MB.
2023-07-12 01:53:44,189 - INFO - pyopencl - build program: kernel 'frozen_area_el_b_face_restr_interior' was part of a lengthy source build resulting from a binary cache miss (0.62 s)
2023-07-12 01:53:44,258 - INFO - meshmode.array_context - Transforming kernel 'frozen_normal_2_b_face_restr_interior' with 3 statements.
2023-07-12 01:53:44,373 - INFO - meshmode.array_context - Array Contraction: Contracting 0 temps
2023-07-12 01:53:44,379 - INFO - meshmode.array_context - [_alias_global_temporaries]: Reduced memory requirement of 'frozen_normal_2_b_face_restr_interior' from 0.2MB to 0.2MB.
2023-07-12 01:53:45,451 - INFO - pyopencl - build program: kernel 'frozen_normal_2_b_face_restr_interior' was part of a lengthy source build resulting from a binary cache miss (0.61 s)
2023-07-12 01:53:45,515 - INFO - meshmode.array_context - Transforming kernel 'frozen_normal_1_b_face_restr_interior' with 3 statements.
2023-07-12 01:53:45,630 - INFO - meshmode.array_context - Array Contraction: Contracting 0 temps
2023-07-12 01:53:45,636 - INFO - meshmode.array_context - [_alias_global_temporaries]: Reduced memory requirement of 'frozen_normal_1_b_face_restr_interior' from 0.2MB to 0.2MB.
2023-07-12 01:53:46,709 - INFO - pyopencl - build program: kernel 'frozen_normal_1_b_face_restr_interior' was part of a lengthy source build resulting from a binary cache miss (0.61 s)
2023-07-12 01:53:46,726 - INFO - meshmode.array_context - Transforming kernel 'frozen_f2allf_ind' with 1 statements.
2023-07-12 01:53:46,740 - INFO - meshmode.array_context - Array Contraction: Contracting 0 temps
2023-07-12 01:53:46,743 - INFO - meshmode.array_context - [_alias_global_temporaries]: Reduced memory requirement of 'frozen_f2allf_ind' from 0.0MB to 0.0MB.
2023-07-12 01:53:47,150 - INFO - pyopencl - build program: kernel 'frozen_f2allf_ind' was part of a lengthy source build resulting from a binary cache miss (0.35 s)
2023-07-12 01:53:47,161 - INFO - meshmode.array_context - Transforming kernel 'frozen_f2allf_ind' with 1 statements.
2023-07-12 01:53:47,175 - INFO - meshmode.array_context - Array Contraction: Contracting 0 temps
2023-07-12 01:53:47,178 - INFO - meshmode.array_context - [_alias_global_temporaries]: Reduced memory requirement of 'frozen_f2allf_ind' from 0.0MB to 0.0MB.
2023-07-12 01:53:47,585 - INFO - pyopencl - build program: kernel 'frozen_f2allf_ind' was part of a lengthy source build resulting from a binary cache miss (0.35 s)
2023-07-12 01:53:47,595 - INFO - meshmode.array_context - Transforming kernel 'frozen_f2allf_ind' with 1 statements.
2023-07-12 01:53:47,610 - INFO - meshmode.array_context - Array Contraction: Contracting 0 temps
2023-07-12 01:53:47,612 - INFO - meshmode.array_context - [_alias_global_temporaries]: Reduced memory requirement of 'frozen_f2allf_ind' from 0.0MB to 0.0MB.
2023-07-12 01:53:48,019 - INFO - pyopencl - build program: kernel 'frozen_f2allf_ind' was part of a lengthy source build resulting from a binary cache miss (0.35 s)
2023-07-12 01:53:48,930 - INFO - meshmode.array_context - Transforming kernel 'frozen_inv_metric_deriv_vol' with 45 statements.
2023-07-12 01:53:50,175 - INFO - loopy.tools - fuse_same_discretization_entity_loops on 'frozen_inv_metric_deriv_vol': completed (1.14s wall 1.00x CPU)
2023-07-12 01:53:50,237 - INFO - meshmode.array_context - Loop Fusion: completed (1.30s wall 1.00x CPU)
2023-07-12 01:53:50,422 - INFO - meshmode.array_context - Array Contraction: Contracting 0 temps
2023-07-12 01:53:50,466 - INFO - meshmode.array_context - [_alias_global_temporaries]: Reduced memory requirement of 'frozen_inv_metric_deriv_vol' from 1.7MB to 0.5MB.
2023-07-12 01:53:51,259 - INFO - loopy.tools - preprocess_program on 'frozen_inv_metric_deriv_vol': completed (0.61s wall 1.00x CPU)
2023-07-12 01:53:52,106 - INFO - loopy.check - frozen_inv_metric_deriv_vol: check array access within bounds: completed (0.66s wall 1.00x CPU)
2023-07-12 01:53:52,981 - INFO - loopy.codegen - frozen_inv_metric_deriv_vol: generate code: completed (0.58s wall 1.00x CPU)
2023-07-12 01:53:53,953 - INFO - pyopencl - build program: kernel 'frozen_inv_metric_deriv_vol' was part of a lengthy source build resulting from a binary cache miss (0.93 s)
/p/gpfs1/mtcampbe/CEESD/AutomatedTesting/MIRGE-Timing/timing/emirge/mirgecom/mirgecom/artificial_viscosity.py:347: UserWarning: The AV boundary_kwargs interface is deprecated, please pass gas_model and time directly.
  warn("The AV boundary_kwargs interface is deprecated, please pass gas_model"
2023-07-12 01:53:55,103 - INFO - grudge.array_context - deduplicate_data_wrappers[pre-partition]: completed (0.63s wall 1.00x CPU)
2023-07-12 01:53:57,118 - INFO - grudge.array_context - transform_dag.infer_axes_tags[pre-partition]: completed (1.74s wall 1.00x CPU)
2023-07-12 01:53:57,624 - INFO - pytato.distributed.verify - find_partition: Split 3454 nodes into 1 parts, with [3454] nodes in each partition.
2023-07-12 01:53:59,220 - INFO - meshmode.array_context - transform_dag.materialize_all_einsums_or_reduces: completed (0.45s wall 1.00x CPU)
2023-07-12 01:54:00,949 - INFO - meshmode.array_context - transform_dag.infer_axes_tags: completed (1.73s wall 1.00x CPU)
2023-07-12 01:54:01,110 - INFO - meshmode.array_context - Transforming kernel 'frozen_result' with 1 statements.
2023-07-12 01:54:01,126 - INFO - meshmode.array_context - Array Contraction: Contracting 0 temps
2023-07-12 01:54:01,129 - INFO - meshmode.array_context - [_alias_global_temporaries]: Reduced memory requirement of 'frozen_result' from 0.0MB to 0.0MB.
2023-07-12 01:54:01,555 - INFO - pyopencl - build program: kernel 'frozen_result' was part of a lengthy source build resulting from a binary cache miss (0.35 s)
2023-07-12 01:54:01,571 - INFO - meshmode.array_context - Transforming kernel 'frozen_result' with 1 statements.
2023-07-12 01:54:01,627 - INFO - meshmode.array_context - Array Contraction: Contracting 0 temps
2023-07-12 01:54:02,284 - INFO - pyopencl - build program: kernel 'frozen_result' was part of a lengthy source build resulting from a binary cache miss (0.37 s)
2023-07-12 01:54:02,301 - INFO - meshmode.array_context - Transforming kernel 'frozen_result' with 1 statements.
2023-07-12 01:54:02,509 - INFO - meshmode.array_context - Transforming kernel 'frozen_result' with 1 statements.
2023-07-12 01:54:02,535 - INFO - meshmode.array_context - Array Contraction: Contracting 0 temps
2023-07-12 01:54:03,095 - INFO - pyopencl - build program: kernel 'frozen_result' was part of a lengthy source build resulting from a binary cache miss (0.36 s)
2023-07-12 01:54:03,368 - INFO - arraycontext.impl.pytato.compile - transform_dag for 'my_rhs': completed (5.74s wall 1.00x CPU)
2023-07-12 01:54:09,023 - INFO - arraycontext.impl.pytato.compile - generate_loopy for 'my_rhs': completed (5.65s wall 1.00x CPU)
2023-07-12 01:54:09,023 - INFO - meshmode.array_context - Transforming kernel 'my_rhs' with 375 statements.
2023-07-12 01:54:28,745 - INFO - loopy.tools - fuse_same_discretization_entity_loops on 'my_rhs': completed (18.82s wall 1.00x CPU)
2023-07-12 01:54:29,549 - INFO - meshmode.array_context - Loop Fusion: completed (20.51s wall 1.00x CPU)
2023-07-12 01:54:32,540 - INFO - meshmode.array_context - Array Contraction: Contracting 73 temps
2023-07-12 01:54:36,658 - INFO - loopy.tools - contract_arrays on 'my_rhs': completed (4.12s wall 1.00x CPU)
2023-07-12 01:54:37,117 - INFO - meshmode.array_context - Array Contraction: completed (5.22s wall 1.00x CPU)
2023-07-12 01:54:37,307 - INFO - meshmode.array_context - [_alias_global_temporaries]: Reduced memory requirement of 'my_rhs' from 17.9MB to 7.1MB.
2023-07-12 01:54:39,128 - INFO - arraycontext.impl.pytato.compile - transform_loopy_program for 'my_rhs': completed (30.11s wall 1.00x CPU)
2023-07-12 01:54:43,373 - INFO - loopy.preprocess - my_rhs: preprocess: completed (0.48s wall 1.00x CPU)
2023-07-12 01:54:45,273 - INFO - loopy.tools - preprocess_program on 'my_rhs': completed (5.21s wall 1.00x CPU)
2023-07-12 01:54:54,607 - INFO - loopy.check - my_rhs: check array access within bounds: completed (8.38s wall 1.00x CPU)
2023-07-12 01:55:02,091 - INFO - loopy.schedule - my_rhs: schedule: completed (7.42s wall 1.00x CPU)
2023-07-12 01:55:09,771 - INFO - loopy.codegen - my_rhs: generate code: completed (6.29s wall 1.00x CPU)
2023-07-12 01:55:20,374 - INFO - pyopencl - build program: kernel 'my_rhs' was part of a lengthy source build resulting from a binary cache miss (9.68 s)
2023-07-12 01:55:20,561 - INFO - meshmode.array_context - Transforming kernel 'frozen_result' with 1 statements.
2023-07-12 01:55:20,587 - INFO - meshmode.array_context - Array Contraction: Contracting 0 temps
2023-07-12 01:55:20,590 - INFO - meshmode.array_context - [_alias_global_temporaries]: Reduced memory requirement of 'frozen_result' from 0.0MB to 0.0MB.
2023-07-12 01:55:21,057 - INFO - pyopencl - build program: kernel 'frozen_result' was part of a lengthy source build resulting from a binary cache miss (0.36 s)
2023-07-12 01:55:21,072 - INFO - meshmode.array_context - Transforming kernel 'frozen_result' with 1 statements.
2023-07-12 01:55:21,097 - INFO - meshmode.array_context - Array Contraction: Contracting 0 temps
2023-07-12 01:55:21,100 - INFO - meshmode.array_context - [_alias_global_temporaries]: Reduced memory requirement of 'frozen_result' from 0.0MB to 0.0MB.
2023-07-12 01:55:21,566 - INFO - pyopencl - build program: kernel 'frozen_result' was part of a lengthy source build resulting from a binary cache miss (0.35 s)
2023-07-12 01:55:21,593 - INFO - meshmode.array_context - Transforming kernel 'frozen_result' with 1 statements.
2023-07-12 01:55:21,618 - INFO - meshmode.array_context - Array Contraction: Contracting 0 temps
2023-07-12 01:55:21,621 - INFO - meshmode.array_context - [_alias_global_temporaries]: Reduced memory requirement of 'frozen_result' from 0.0MB to 0.0MB.
2023-07-12 01:55:22,087 - INFO - pyopencl - build program: kernel 'frozen_result' was part of a lengthy source build resulting from a binary cache miss (0.35 s)
2023-07-12 01:55:22,104 - INFO - meshmode.array_context - Transforming kernel 'frozen_result' with 1 statements.
2023-07-12 01:55:22,129 - INFO - meshmode.array_context - Array Contraction: Contracting 0 temps
2023-07-12 01:55:22,132 - INFO - meshmode.array_context - [_alias_global_temporaries]: Reduced memory requirement of 'frozen_result' from 0.0MB to 0.0MB.
2023-07-12 01:55:22,598 - INFO - pyopencl - build program: kernel 'frozen_result' was part of a lengthy source build resulting from a binary cache miss (0.35 s)
/p/gpfs1/mtcampbe/CEESD/AutomatedTesting/MIRGE-Timing/timing/emirge/mirgecom/mirgecom/steppers.py:439: UserWarning: Deduced force_eval=True for this timestepper. This can have a nontrivial performance impact. If you know that your timestepper does not require per-step forced evaluation, explicitly set force_eval=False.
  _advance_state_stepper_func(
2023-07-12 01:55:22,679 - INFO - meshmode.array_context - Transforming kernel 'frozen_result' with 4 statements.
2023-07-12 01:55:22,753 - INFO - meshmode.array_context - Array Contraction: Contracting 0 temps
2023-07-12 01:55:22,759 - INFO - meshmode.array_context - [_alias_global_temporaries]: Reduced memory requirement of 'frozen_result' from 0.0MB to 0.0MB.
2023-07-12 01:55:23,378 - INFO - pyopencl - build program: kernel 'frozen_result' was part of a lengthy source build resulting from a binary cache miss (0.37 s)
step = 0, sim time: 0.000000e+00 s, step walltime: 134.359 s
2023-07-12 01:55:23,510 - INFO - meshmode.array_context - Transforming kernel 'frozen_result' with 4 statements.
2023-07-12 01:55:23,584 - INFO - meshmode.array_context - Array Contraction: Contracting 0 temps
2023-07-12 01:55:23,589 - INFO - meshmode.array_context - [_alias_global_temporaries]: Reduced memory requirement of 'frozen_result' from 0.0MB to 0.0MB.
2023-07-12 01:55:24,207 - INFO - pyopencl - build program: kernel 'frozen_result' was part of a lengthy source build resulting from a binary cache miss (0.37 s)
step = 1, sim time: 1.000000e-08 s, step walltime: 0.81468 s
step = 2, sim time: 2.000000e-08 s, step walltime: 0.0406393 s
step = 3, sim time: 3.000000e-08 s, step walltime: 0.0392091 s
step = 4, sim time: 4.000000e-08 s, step walltime: 0.0401019 s
step = 5, sim time: 5.000000e-08 s, step walltime: 0.0389792 s
step = 6, sim time: 6.000000e-08 s, step walltime: 0.0389761 s
step = 7, sim time: 7.000000e-08 s, step walltime: 0.0401278 s
step = 8, sim time: 8.000000e-08 s, step walltime: 0.0388328 s
step = 9, sim time: 9.000000e-08 s, step walltime: 0.0398844 s
step = 10, sim time: 1.000000e-07 s, step walltime: 0.0389006 s
step = 11, sim time: 1.100000e-07 s, step walltime: 0.0389407 s
step = 12, sim time: 1.200000e-07 s, step walltime: 0.0389791 s
step = 13, sim time: 1.300000e-07 s, step walltime: 0.0388531 s
step = 14, sim time: 1.400000e-07 s, step walltime: 0.0399062 s
step = 15, sim time: 1.500000e-07 s, step walltime: 0.0388884 s
step = 16, sim time: 1.600000e-07 s, step walltime: 0.0397768 s
step = 17, sim time: 1.700000e-07 s, step walltime: 0.0671162 s
step = 18, sim time: 1.800000e-07 s, step walltime: 0.0387304 s
2023-07-12 01:55:25,014 - INFO - meshmode.array_context - Transforming kernel 'frozen_result' with 1 statements.
2023-07-12 01:55:25,039 - INFO - meshmode.array_context - Array Contraction: Contracting 0 temps
2023-07-12 01:55:25,042 - INFO - meshmode.array_context - [_alias_global_temporaries]: Reduced memory requirement of 'frozen_result' from 0.0MB to 0.0MB.
2023-07-12 01:55:25,509 - INFO - pyopencl - build program: kernel 'frozen_result' was part of a lengthy source build resulting from a binary cache miss (0.35 s)
2023-07-12 01:55:25,536 - INFO - meshmode.array_context - Transforming kernel 'frozen_result' with 1 statements.
2023-07-12 01:55:25,562 - INFO - meshmode.array_context - Array Contraction: Contracting 0 temps
2023-07-12 01:55:25,565 - INFO - meshmode.array_context - [_alias_global_temporaries]: Reduced memory requirement of 'frozen_result' from 0.0MB to 0.0MB.
2023-07-12 01:55:26,032 - INFO - pyopencl - build program: kernel 'frozen_result' was part of a lengthy source build resulting from a binary cache miss (0.36 s)
2023-07-12 01:55:26,115 - INFO - meshmode.array_context - Transforming kernel 'frozen_result' with 4 statements.
2023-07-12 01:55:26,188 - INFO - meshmode.array_context - Array Contraction: Contracting 0 temps
2023-07-12 01:55:26,194 - INFO - meshmode.array_context - [_alias_global_temporaries]: Reduced memory requirement of 'frozen_result' from 0.0MB to 0.0MB.
2023-07-12 01:55:26,812 - INFO - pyopencl - build program: kernel 'frozen_result' was part of a lengthy source build resulting from a binary cache miss (0.37 s)
step = 19, sim time: 1.900000e-07 s, step walltime: 1.83425 s
2023-07-12 01:55:26,846 - INFO - pytato.distributed.verify - find_partition: Split 23 nodes into 1 parts, with [23] nodes in each partition.
2023-07-12 01:55:26,923 - INFO - meshmode.array_context - Transforming kernel 'get_fluid_state' with 14 statements.
2023-07-12 01:55:27,221 - INFO - meshmode.array_context - Array Contraction: Contracting 1 temps
2023-07-12 01:55:27,262 - INFO - meshmode.array_context - [_alias_global_temporaries]: Reduced memory requirement of 'get_fluid_state' from 0.1MB to 0.1MB.
2023-07-12 01:55:27,284 - INFO - arraycontext.impl.pytato.compile - transform_loopy_program for 'get_fluid_state': completed (0.36s wall 1.00x CPU)
2023-07-12 01:55:27,967 - INFO - loopy.schedule - get_fluid_state: schedule: completed (0.50s wall 1.00x CPU)
2023-07-12 01:55:28,461 - INFO - pyopencl - build program: kernel 'get_fluid_state' was part of a lengthy source build resulting from a binary cache miss (0.38 s)
Checkpointing final state ...
2023-07-12 01:55:28,523 - INFO - meshmode.array_context - Transforming kernel 'frozen_result' with 4 statements.
2023-07-12 01:55:28,615 - INFO - meshmode.array_context - Array Contraction: Contracting 3 temps
2023-07-12 01:55:28,692 - INFO - meshmode.array_context - [_alias_global_temporaries]: Reduced memory requirement of 'frozen_result' from 0.2MB to 0.2MB.
2023-07-12 01:55:29,248 - INFO - pyopencl - build program: kernel 'frozen_result' was part of a lengthy source build resulting from a binary cache miss (0.38 s)
-------- dt = 0.000e+00, cfl = 0.0228
-------- P (min, max) (Pa) = (1.284504623e+03, 2.753939220e+05)
-------- T (min, max) (K)  = (269.955, 2214.65)

2023-07-12 01:55:29,304 - INFO - meshmode.array_context - Transforming kernel 'frozen_result' with 3 statements.
2023-07-12 01:55:29,348 - INFO - meshmode.array_context - Array Contraction: Contracting 0 temps
2023-07-12 01:55:29,353 - INFO - meshmode.array_context - [_alias_global_temporaries]: Reduced memory requirement of 'frozen_result' from 0.1MB to 0.1MB.
2023-07-12 01:55:30,121 - INFO - pyopencl - build program: kernel 'frozen_result' was part of a lengthy source build resulting from a binary cache miss (0.51 s)
2023-07-12 01:55:30,135 - INFO - meshmode.array_context - Transforming kernel 'frozen_result' with 1 statements.
2023-07-12 01:55:30,145 - INFO - meshmode.array_context - Array Contraction: Contracting 0 temps
2023-07-12 01:55:30,148 - INFO - meshmode.array_context - [_alias_global_temporaries]: Reduced memory requirement of 'frozen_result' from 0.0MB to 0.0MB.
2023-07-12 01:55:30,613 - INFO - pyopencl - build program: kernel 'frozen_result' was part of a lengthy source build resulting from a binary cache miss (0.36 s)
2023-07-12 01:55:30,646 - INFO - meshmode.array_context - Transforming kernel 'frozen_result' with 3 statements.
2023-07-12 01:55:30,690 - INFO - meshmode.array_context - Array Contraction: Contracting 0 temps
2023-07-12 01:55:30,694 - INFO - meshmode.array_context - [_alias_global_temporaries]: Reduced memory requirement of 'frozen_result' from 0.1MB to 0.1MB.
2023-07-12 01:55:31,456 - INFO - pyopencl - build program: kernel 'frozen_result' was part of a lengthy source build resulting from a binary cache miss (0.50 s)
2023-07-12 01:55:31,521 - INFO - meshmode.array_context - Transforming kernel 'frozen_result' with 6 statements.
2023-07-12 01:55:31,683 - INFO - meshmode.array_context - Array Contraction: Contracting 0 temps
2023-07-12 01:55:31,694 - INFO - meshmode.array_context - [_alias_global_temporaries]: Reduced memory requirement of 'frozen_result' from 0.2MB to 0.2MB.
2023-07-12 01:55:32,361 - INFO - loopy.codegen - frozen_result: generate code: completed (0.37s wall 1.00x CPU)
2023-07-12 01:55:33,418 - INFO - pyopencl - build program: kernel 'frozen_result' was part of a lengthy source build resulting from a binary cache miss (1.05 s)
2023-07-12 01:55:33,470 - INFO - meshmode.array_context - Transforming kernel 'frozen_result' with 4 statements.
2023-07-12 01:55:33,547 - INFO - meshmode.array_context - Array Contraction: Contracting 2 temps
2023-07-12 01:55:33,601 - INFO - meshmode.array_context - [_alias_global_temporaries]: Reduced memory requirement of 'frozen_result' from 0.2MB to 0.2MB.
2023-07-12 01:55:34,415 - INFO - pyopencl - build program: kernel 'frozen_result' was part of a lengthy source build resulting from a binary cache miss (0.51 s)

------------------------------------------------------------
Sender: LSF System <lsfadmin@lassen710>
Subject: Job 5013176: <isolator_timing_job.sh> in cluster <lassen> Done

Job <isolator_timing_job.sh> was submitted from host <lassen708> by user <mtcampbe> in cluster <lassen> at Wed Jul 12 01:52:11 2023
Job was executed on host(s) <1*lassen710>, in queue <pbatch>, as user <mtcampbe> in cluster <lassen> at Wed Jul 12 01:52:14 2023
                            <40*lassen581>
</g/g17/mtcampbe> was used as the home directory.
</p/gpfs1/mtcampbe/CEESD/AutomatedTesting/MIRGE-Timing/timing/emirge/mirgecom/y2-isolator/timing_run> was used as the working directory.
Started at Wed Jul 12 01:52:14 2023
Terminated at Wed Jul 12 01:56:04 2023
Results reported at Wed Jul 12 01:56:04 2023

Your job looked like:

------------------------------------------------------------
# LSBATCH: User input
#!/bin/bash

#BSUB -nnodes 1
#BSUB -G uiuc
#BSUB -W 60
#BSUB -q pbatch

printf "Running with EMIRGE_HOME=/p/gpfs1/mtcampbe/CEESD/AutomatedTesting/MIRGE-Timing/timing/emirge\n"

source "/p/gpfs1/mtcampbe/CEESD/AutomatedTesting/MIRGE-Timing/timing/emirge/config/activate_env.sh"
export PYOPENCL_CTX="port:tesla"
export XDG_CACHE_HOME="/tmp/mtcampbe/xdg-scratch"
rm -rf $XDG_CACHE_HOME
rm -f timing-run-done
which python
conda env list
env
env | grep LSB_MCPU_HOSTS

jsrun -g 1 -a 1 -n 1 python -O -u -m mpi4py ./isolator.py -i timing_params.yaml --lazy --log
touch timing-run-done


------------------------------------------------------------

Successfully completed.

Resource usage summary:

    CPU time :                                   0.29 sec.
    Max Memory :                                 59 MB
    Average Memory :                             57.27 MB
    Total Requested Memory :                     -
    Delta Memory :                               -
    Max Swap :                                   1634 MB
    Max Processes :                              4
    Max Threads :                                27
    Run time :                                   229 sec.
    Turnaround time :                            233 sec.

The output (if any) is above this job summary.

