Customizing shell for Lassen.
Running with EMIRGE_HOME=/p/gpfs1/mtcampbe/CEESD/AutomatedTesting/MIRGE-Timing/timing/emirge
Activating 'nozzle.lazy.timing.env' environment for '/p/gpfs1/mtcampbe/CEESD/AutomatedTesting/MIRGE-Timing/timing/emirge/miniforge3/bin/conda'.
/p/gpfs1/mtcampbe/CEESD/AutomatedTesting/MIRGE-Timing/timing/emirge/miniforge3/envs/nozzle.lazy.timing.env/bin/python
# conda environments:
#
test.parsl               /g/g17/mtcampbe/.conda/envs/test.parsl
                         /p/gpfs1/mtcampbe/CEESD/AutomatedTesting/MIRGE-Timing/testing/temporary-test/alpha/miniforge3/envs/temp.test.alpha
base                     /p/gpfs1/mtcampbe/CEESD/AutomatedTesting/MIRGE-Timing/timing/emirge/miniforge3
nozzle.lazy.timing.env  *  /p/gpfs1/mtcampbe/CEESD/AutomatedTesting/MIRGE-Timing/timing/emirge/miniforge3/envs/nozzle.lazy.timing.env
                         /p/gpfs1/mtcampbe/CEESD/AutomatedTesting/MIRGE-Timing/timing/y3-prediction-nowall-scaling-run/emirge/miniforge3/envs/big.scale
                         /p/gpfs1/mtcampbe/CEESD/Experimental/cache-db/miniforge3/envs/x.cache.db
                         /p/gpfs1/mtcampbe/CEESD/Experimental/m-to-n-prediction/emirge/miniforge3/envs/y3.m2n
                         /p/gpfs1/mtcampbe/CEESD/Experimental/performance-model/miniforge3/envs/x.perf.model
                         /p/gpfs1/mtcampbe/CEESD/Experimental/scalability/emirge/miniforge3/envs/big.scale2
                         /p/gpfs1/mtcampbe/CEESD/Experimental/tpe-test/miniforge3/envs/x.tpe.exmp
                         /p/gpfs1/mtcampbe/CEESD/Experimental/zirui/emirge/miniforge3/envs/ex.zirui
                         /usr/WS1/xpacc/Users/mtcampbe/CEESD/Lassen/test_emirge/emirge/miniforge3/envs/test.emirge.fk
                         /usr/workspace/wsa/xpacc/Users/mtcampbe/CEESD/Quartz/Install/conda
                         /usr/workspace/wsa/xpacc/Users/mtcampbe/CEESD/Quartz/Install/conda/envs/abate.mtc_euler.env
                         /usr/workspace/wsa/xpacc/Users/mtcampbe/CEESD/Quartz/Install/conda/envs/ceesd.master
                         /usr/workspace/wsa/xpacc/Users/mtcampbe/CEESD/Quartz/Install/conda/envs/chem.master
                         /usr/workspace/wsa/xpacc/Users/mtcampbe/CEESD/Quartz/Install/conda/envs/dgfem
                         /usr/workspace/wsa/xpacc/Users/mtcampbe/CEESD/Quartz/Install/conda/envs/mc.master

LMOD_FAMILY_COMPILER_VERSION=8.3.1
LLNL_IPISOLATE=0
MANPATH=/usr/tce/packages/spectrum-mpi/ibm/spectrum-mpi-rolling-release/share/man:/usr/tce/packages/gcc/gcc-8.3.1/man:/opt/ibm/spectrumcomputing/lsf/10.1.0.10/man:/usr/man:/usr/share/man:/usr/local/man:/usr/X11R6/man:/usr/lib64/mvapich/default/man:/opt/ibm/spectrum_mpi/jsm_pmix/share/man
LSB_EXEC_CLUSTER=lassen
OMPI_COMM_WORLD_RANK=0
LMOD_FAMILY_CUDA=cuda
LMOD_ANCIENT_TIME=3600
GUESTFISH_INIT=\e[1;34m
_ModuleTable003_=IHt9LApzdGFja0RlcHRoID0gMSwKc3RhdHVzID0gImFjdGl2ZSIsCnVzZXJOYW1lID0gImN1ZGEvMTEuMi4wIiwKd1YgPSAiXjAwMDAwMDExLjAwMDAwMDAwMi4qemZpbmFsIiwKfSwKZ2NjID0gewpmbiA9ICIvdXNyL3RjZXRtcC9tb2R1bGVmaWxlcy9Db3JlL2djYy84LjMuMS5sdWEiLApmdWxsTmFtZSA9ICJnY2MvOC4zLjEiLApsb2FkT3JkZXIgPSA1LApwcm9wVCA9IHt9LApzdGFja0RlcHRoID0gMCwKc3RhdHVzID0gImFjdGl2ZSIsCnVzZXJOYW1lID0gImdjYy84LjMuMSIsCndWID0gIjAwMDAwMDAwOC4wMDAwMDAwMDMuMDAwMDAwMDAxLip6ZmluYWwiLAp9LApsYWxsb2MgPSB7CmZuID0gIi91c3IvdGNldG1wL21vZHVsZWZpbGVzL0NvcmUvbGFsbG9jLzIuMC5sdWEi
HOSTNAME=lassen420
PROJ_DATA=/p/gpfs1/mtcampbe/CEESD/AutomatedTesting/MIRGE-Timing/timing/emirge/miniforge3/envs/nozzle.lazy.timing.env/share/proj
LSB_EFFECTIVE_RSRCREQ=1*{select[(LN) && (type == any)] order[r15s:pg] span[hosts=1]}+40*{select[(CN) && (type == any)] order[r15s:pg] span[ptile=40]}
LSB_DOCKER_JOB_STARTTS=1715409355
BBHASH=f8ff24c6f6f4038b53992366e5954475
JSM_TMPDIR=/var/tmp
MIRGE_TIMING_HOME=/p/gpfs1/mtcampbe/CEESD/AutomatedTesting/MIRGE-Timing/timing
LSF_LOGDIR=/opt/ibm/spectrumcomputing/lsf/log
LSF_LIM_API_NTRIES=1
LSB_BATCH_JID=5860008
__LMOD_REF_COUNT_MODULEPATH=/usr/tce/modulefiles/MPI/gcc/8.3.1/spectrum-mpi/rolling-release:1;/usr/tce/modulefiles/Compiler/gcc/8.3.1:1;/usr/tcetmp/modulefiles/Core:1;/usr/apps/modulefiles:1;/usr/share/modulefiles/Linux:1;/usr/share/modulefiles/Core:1;/usr/share/lmod/lmod/modulefiles/Core:1;/collab/usr/global/tools/modulefiles/blueos_3_ppc64le_ib_p9/Core:1
MAILTO=mtcampbe@illinois.edu,andreask@illinois.edu
SHELL=/bin/bash
LMOD_ROOT=/usr/share/lmod
LMOD_FAMILY_BASEGCC_VERSION=8.3.1
HISTSIZE=1000
WISECONFIGDIR=/usr/share/wise2/
LMOD_SYSTEM_DEFAULT_MODULES=StdEnv
TMPDIR=/var/tmp
MODULEPATH_ROOT=/usr/share/modulefiles
SSH_CLIENT=192.168.66.202 36622 22
LS_EXECCWD=/p/gpfs1/mtcampbe/CEESD/AutomatedTesting/MIRGE-Timing/timing/emirge/mirgecom/y2-isolator/timing_run
LSB_TRAPSIGS=trap # 15 10 12 2 1
CONDA_SHLVL=1
LMOD_FAMILY_CUDA_VERSION=11.2.0
LS_JOBPID=97214
CONDA_PROMPT_MODIFIER=
GSETTINGS_SCHEMA_DIR_CONDA_BACKUP=
LSB_MAX_NUM_PROCESSORS=41
LSB_JOBRES_CALLBACK=49517@lassen710
LMOD_PKG=/usr/share/lmod/lmod
LSB_JOB_EXECUSER=mtcampbe
LSB_JOBID=5860008
QTDIR=/usr/lib64/qt-3.3
LSF_SERVERDIR=/opt/ibm/spectrumcomputing/lsf/10.1.0.10/linux3.10-glibc2.17-ppc64le-csm/etc
LSB_JOBRES_PID=97214
LMOD_VERSION=8.6.16
LMOD_SHORT_TIME=60
QTINC=/usr/lib64/qt-3.3/include
LSB_JOBNAME=isolator_timing_job.sh
LLNL_COMPUTE_NODES=lassen420
LLNL_ATSDISABLE=0
_ModuleTable007_=ZXMvTGludXg6L3Vzci9zaGFyZS9tb2R1bGVmaWxlcy9Db3JlOi91c3Ivc2hhcmUvbG1vZC9sbW9kL21vZHVsZWZpbGVzL0NvcmUiLAp9Cg==
BSUB_BLOCK_EXEC_HOST=
QT_GRAPHICSSYSTEM_CHECKED=1
LSF_LIBDIR=/opt/ibm/spectrumcomputing/lsf/10.1.0.10/linux3.10-glibc2.17-ppc64le-csm/lib
OPAL_PREFIX=/usr/tce/packages/spectrum-mpi/ibm/spectrum-mpi-rolling-release
LSB_PROJECT_NAME=default
CUDA_HOME=/usr/tce/packages/cuda/cuda-11.2.0
USER=mtcampbe
PYOPENCL_CTX=port:tesla
LMOD_sys=Linux
LMOD_FAMILY_BASEGCC=base-gcc
LD_LIBRARY_PATH=/opt/ibm/spectrumcomputing/lsf/10.1.0.10/linux3.10-glibc2.17-ppc64le-csm/lib:/usr/tce/packages/cuda/cuda-11.2.0/lib64
SBD_KRB5CCNAME_VAL=
NVHPC_CUDA_HOME=/usr/tce/packages/cuda/cuda-11.2.0
LSB_EEXEC_REAL_UID=
REQUESTS_CA_BUNDLE=/etc/pki/tls/cert.pem
CONDA_EXE=/p/gpfs1/mtcampbe/CEESD/AutomatedTesting/MIRGE-Timing/timing/emirge/miniforge3/bin/conda
CEESD=/usr/workspace/wsa/xpacc/Users/mtcampbe/CEESD/Lassen
PFTP_CONFIG_FILENAME=/etc/pftp_config
ENV=/g/g17/mtcampbe/.bashrc
HOST_GRP=linux
_ModuleTable004_=LApmdWxsTmFtZSA9ICJsYWxsb2MvMi4wIiwKbG9hZE9yZGVyID0gNCwKcHJvcFQgPSB7fSwKc3RhY2tEZXB0aCA9IDAsCnN0YXR1cyA9ICJhY3RpdmUiLAp1c2VyTmFtZSA9ICJsYWxsb2MvMi4wIiwKd1YgPSAiXjAwMDAwMDAyLip6ZmluYWwiLAp9LApbInNwZWN0cnVtLW1waSJdID0gewpmbiA9ICIvdXNyL3RjZS9tb2R1bGVmaWxlcy9Db21waWxlci9nY2MvOC4zLjEvc3BlY3RydW0tbXBpL3JvbGxpbmctcmVsZWFzZS5sdWEiLApmdWxsTmFtZSA9ICJzcGVjdHJ1bS1tcGkvcm9sbGluZy1yZWxlYXNlIiwKbG9hZE9yZGVyID0gNiwKcHJvcFQgPSB7fSwKc3RhY2tEZXB0aCA9IDAsCnN0YXR1cyA9ICJhY3RpdmUiLAp1c2VyTmFtZSA9ICJzcGVjdHJ1bS1tcGkvcm9sbGluZy1y
HOSTTYPE=LINUXPPC64LE
LSF_INVOKE_CMD=bsub
CUDA_CACHE_DISABLE=1
LS_EXEC_T=START
LMOD_FAMILY_LALLOC=lalloc
LS_SUBCWD=/p/gpfs1/mtcampbe/CEESD/AutomatedTesting/MIRGE-Timing/timing/emirge/mirgecom/y2-isolator/timing_run
LSB_SUB_RES_REQ=1*{select[LN]span[hosts=1]} + 40*{select[CN]span[ptile=40]}
LSB_HOSTS=lassen710 lassen420 lassen420 lassen420 lassen420 lassen420 lassen420 lassen420 lassen420 lassen420 lassen420 lassen420 lassen420 lassen420 lassen420 lassen420 lassen420 lassen420 lassen420 lassen420 lassen420 lassen420 lassen420 lassen420 lassen420 lassen420 lassen420 lassen420 lassen420 lassen420 lassen420 lassen420 lassen420 lassen420 lassen420 lassen420 lassen420 lassen420 lassen420 lassen420 lassen420
LMOD_PREPEND_BLOCK=normal
LMOD_FAMILY_MPI_VERSION=rolling-release
GUESTFISH_PS1=\[\e[1;32m\]><fs>\[\e[0;31m\] 
_CE_CONDA=
LSB_UNIXGROUP_INT=mtcampbe
LSB_JOBFILENAME=/g/g17/mtcampbe/.lsbatch/1715409350.5860008
LSB_JOBINDEX=0
_ModuleTable001_=X01vZHVsZVRhYmxlXyA9IHsKTVR2ZXJzaW9uID0gMywKY19yZWJ1aWxkVGltZSA9IGZhbHNlLApjX3Nob3J0VGltZSA9IGZhbHNlLApkZXB0aFQgPSB7fSwKZmFtaWx5ID0gewpiYXNlZ2NjID0gImJhc2UtZ2NjIiwKY29tcGlsZXIgPSAiZ2NjIiwKY3VkYSA9ICJjdWRhIiwKbGFsbG9jID0gImxhbGxvYyIsCm1waSA9ICJzcGVjdHJ1bS1tcGkiLAp9LAptVCA9IHsKU3RkRW52ID0gewpmbiA9ICIvdXNyL3RjZXRtcC9tb2R1bGVmaWxlcy9Db3JlL1N0ZEVudi5sdWEiLApmdWxsTmFtZSA9ICJTdGRFbnYiLApsb2FkT3JkZXIgPSAzLApwcm9wVCA9IHsKbG1vZCA9IHsKc3RpY2t5ID0gMSwKfSwKfSwKc3RhY2tEZXB0aCA9IDAsCnN0YXR1cyA9ICJhY3RpdmUiLAp1c2VyTmFtZSA9
PATH=/usr/tce/packages/spectrum-mpi/spectrum-mpi-rolling-release-gcc-8.3.1/bin:/usr/tce/packages/gcc/gcc-8.3.1/bin:/usr/tce/packages/lalloc/lalloc-2.0/bin:/p/gpfs1/mtcampbe/CEESD/AutomatedTesting/MIRGE-Timing/timing/emirge/miniforge3/envs/nozzle.lazy.timing.env/bin:/p/gpfs1/mtcampbe/CEESD/AutomatedTesting/MIRGE-Timing/timing/emirge/miniforge3/bin:/usr/tce/packages/cuda/cuda-11.2.0/bin:/usr/tcetmp/packages/base-gcc/base-gcc-8.3.1/bin:/usr/tcetmp/bin:/usr/condabin:/usr/workspace/wsa/xpacc/Users/mtcampbe/CEESD/Lassen/conda-install/bin:/usr/tce/packages/cuda/cuda-10.1.243/bin:/usr/lib64/qt-3.3/bin:/usr/local/bin:/usr/bin:/usr/local/sbin:/usr/sbin:/opt/ibm/spectrum_mpi/jsm_pmix/bin:/opt/ibm/bb/bin:/opt/ibm/flightlog/bin:/opt/ibutils/bin:/opt/ibm/spectrumcomputing/lsf/10.1.0.10/linux3.10-glibc2.17-ppc64le-csm/etc:/opt/ibm/spectrumcomputing/lsf/10.1.0.10/linux3.10-glibc2.17-ppc64le-csm/bin:/opt/ibm/spectrumcomputing/lsf/10.1.0.9/linux3.10-glibc2.17-ppc64le-csm/etc:/opt/ibm/spectrumcomputing/lsf/10.1.0.9/linux3.10-glibc2.17-ppc64le-csm/bin:/g/g17/mtcampbe/tools/bin
MAIL=/var/spool/mail/mtcampbe
PROJ_NETWORK=ON
GSETTINGS_SCHEMA_DIR=/p/gpfs1/mtcampbe/CEESD/AutomatedTesting/MIRGE-Timing/timing/emirge/miniforge3/envs/nozzle.lazy.timing.env/share/glib-2.0/schemas
LCSCHEDCLUSTER=lassen
XML_CATALOG_FILES=file:///p/gpfs1/mtcampbe/CEESD/AutomatedTesting/MIRGE-Timing/timing/emirge/miniforge3/envs/nozzle.lazy.timing.env/etc/xml/catalog file:///etc/xml/catalog
LSB_EXIT_PRE_ABORT=99
LSB_JOBEXIT_STAT=0
LMOD_SETTARG_CMD=:
LMOD_FAMILY_LALLOC_VERSION=2.0
CONDA_PREFIX=/p/gpfs1/mtcampbe/CEESD/AutomatedTesting/MIRGE-Timing/timing/emirge/miniforge3/envs/nozzle.lazy.timing.env
INPUTRC=/etc/inputrc
PWD=/p/gpfs1/mtcampbe/CEESD/AutomatedTesting/MIRGE-Timing/timing/emirge/mirgecom/y2-isolator/timing_run
_LMFILES_=/usr/tcetmp/modulefiles/Core/base-gcc/8.3.1.lua:/usr/tcetmp/modulefiles/Core/cuda/11.2.0.lua:/usr/tcetmp/modulefiles/Core/StdEnv.lua:/usr/tcetmp/modulefiles/Core/lalloc/2.0.lua:/usr/tcetmp/modulefiles/Core/gcc/8.3.1.lua:/usr/tce/modulefiles/Compiler/gcc/8.3.1/spectrum-mpi/rolling-release.lua
EDITOR=/bin/vi
LANG=en_US.UTF-8
LSB_CHKFILENAME=/g/g17/mtcampbe/.lsbatch/1715409350.5860008
MODULEPATH=/usr/tce/modulefiles/MPI/gcc/8.3.1/spectrum-mpi/rolling-release:/usr/tce/modulefiles/Compiler/gcc/8.3.1:/usr/tcetmp/modulefiles/Core:/usr/apps/modulefiles:/usr/share/modulefiles/Linux:/usr/share/modulefiles/Core:/usr/share/lmod/lmod/modulefiles/Core:/collab/usr/global/tools/modulefiles/blueos_3_ppc64le_ib_p9/Core
LSB_DJOB_HOSTFILE=/g/g17/mtcampbe/.lsbatch/1715409350.5860008.hostfile
LOADEDMODULES=base-gcc/8.3.1:cuda/11.2.0:StdEnv:lalloc/2.0:gcc/8.3.1:spectrum-mpi/rolling-release
KDEDIRS=/usr
GUESTFISH_OUTPUT=\e[0m
_ModuleTable_Sz_=6
LSB_JOB_STARTER=/usr/tcetmp/bin/bsub_job_starter %USRCMD
EMIRGE_HOME=/p/gpfs1/mtcampbe/CEESD/AutomatedTesting/MIRGE-Timing/timing/emirge
LSF_JOB_TIMESTAMP_VALUE=1715409355
LMOD_CMD=/usr/share/lmod/lmod/libexec/lmod
_ModuleTable005_=ZWxlYXNlIiwKd1YgPSAiXnJvbGxpbmcuKnJlbGVhc2UuKnpmaW5hbCIsCn0sCn0sCm1wYXRoQSA9IHsKIi91c3IvdGNlL21vZHVsZWZpbGVzL01QSS9nY2MvOC4zLjEvc3BlY3RydW0tbXBpL3JvbGxpbmctcmVsZWFzZSIKLCAiL3Vzci90Y2UvbW9kdWxlZmlsZXMvQ29tcGlsZXIvZ2NjLzguMy4xIiwgIi91c3IvdGNldG1wL21vZHVsZWZpbGVzL0NvcmUiCiwgIi91c3IvYXBwcy9tb2R1bGVmaWxlcyIsICIvdXNyL3NoYXJlL21vZHVsZWZpbGVzL0xpbnV4IgosICIvdXNyL3NoYXJlL21vZHVsZWZpbGVzL0NvcmUiLCAiL3Vzci9zaGFyZS9sbW9kL2xtb2QvbW9kdWxlZmlsZXMvQ29yZSIsICIvY29sbGFiL3Vzci9nbG9iYWwvdG9vbHMvbW9kdWxlZmlsZXMvYmx1ZW9zXzNfcHBj
BBPATH=/mnt/bb_f8ff24c6f6f4038b53992366e5954475
LSB_EXEC_HOSTTYPE=UNKNOWN_AUTO_DETECT
LSB_DJOB_NUMPROC=41
LSF_BINDIR=/opt/ibm/spectrumcomputing/lsf/10.1.0.10/linux3.10-glibc2.17-ppc64le-csm/bin
LLNL_NUM_COMPUTE_NODES=1
HISTCONTROL=ignoredups
_CE_M=
SSH_ASKPASS=/usr/libexec/openssh/gnome-ssh-askpass
ENVIRONMENT=BATCH
CXX=mpicxx
HOME=/g/g17/mtcampbe
SHLVL=6
__LMOD_REF_COUNT_PATH=/usr/tce/packages/spectrum-mpi/spectrum-mpi-rolling-release-gcc-8.3.1/bin:2;/usr/tce/packages/gcc/gcc-8.3.1/bin:2;/usr/tce/packages/lalloc/lalloc-2.0/bin:2;/p/gpfs1/mtcampbe/CEESD/AutomatedTesting/MIRGE-Timing/timing/emirge/miniforge3/envs/nozzle.lazy.timing.env/bin:1;/p/gpfs1/mtcampbe/CEESD/AutomatedTesting/MIRGE-Timing/timing/emirge/miniforge3/bin:1;/usr/tce/packages/cuda/cuda-11.2.0/bin:1;/usr/tcetmp/packages/base-gcc/base-gcc-8.3.1/bin:1;/usr/tcetmp/bin:1;/usr/condabin:1;/usr/workspace/wsa/xpacc/Users/mtcampbe/CEESD/Lassen/conda-install/bin:1;/usr/tce/packages/cuda/cuda-10.1.243/bin:1;/usr/lib64/qt-3.3/bin:1;/usr/local/bin:1;/usr/bin:1;/usr/local/sbin:1;/usr/sbin:1;/opt/ibm/spectrum_mpi/jsm_pmix/bin:1;/opt/ibm/bb/bin:1;/opt/ibm/flightlog/bin:1;/opt/ibutils/bin:1;/opt/ibm/spectrumcomputing/lsf/10.1.0.10/linux3.10-glibc2.17-ppc64le-csm/etc:1;/opt/ibm/spectrumcomputing/lsf/10.1.0.10/linux3.10-glibc2.17-ppc64le-csm/bin:1;/opt/ibm/spectrumcomputing/lsf/10.1.0.9/linux3.10-glibc2.17-ppc64le-csm/etc:1;/opt/ibm/spectrumcomputing/lsf/10.1.0.9/linux3.10-glibc2.17-ppc64le-csm/bin:1
JOB_TERMINATE_INTERVAL=10
LSB_ACCT_FILE=/tmp/5860008.tmpdir/.1715409350.5860008.acct
_ModuleTable002_=ICJTdGRFbnYiLAp3ViA9ICJNLip6ZmluYWwiLAp9LApbImJhc2UtZ2NjIl0gPSB7CmZuID0gIi91c3IvdGNldG1wL21vZHVsZWZpbGVzL0NvcmUvYmFzZS1nY2MvOC4zLjEubHVhIiwKZnVsbE5hbWUgPSAiYmFzZS1nY2MvOC4zLjEiLApsb2FkT3JkZXIgPSAxLApwcm9wVCA9IHt9LApzdGFja0RlcHRoID0gMSwKc3RhdHVzID0gImFjdGl2ZSIsCnVzZXJOYW1lID0gImJhc2UtZ2NjLzguMy4xIiwKd1YgPSAiXjAwMDAwMDA4LjAwMDAwMDAwMy4wMDAwMDAwMDEuKnpmaW5hbCIsCn0sCmN1ZGEgPSB7CmZuID0gIi91c3IvdGNldG1wL21vZHVsZWZpbGVzL0NvcmUvY3VkYS8xMS4yLjAubHVhIiwKZnVsbE5hbWUgPSAiY3VkYS8xMS4yLjAiLApsb2FkT3JkZXIgPSAyLApwcm9wVCA9
CSM_ALLOCATION_ID=6460693
BINARY_TYPE_HPC=
LLNL_CORE_ISOLATION=2
FC=mpif90
LSB_SUB_HOST=lassen708
XDG_CACHE_HOME=/tmp/mtcampbe/xdg-scratch
__LSF_JOB_TMPDIR__=/tmp/5860008.tmpdir
LSFUSER=mtcampbe
LSB_SUB_USER=mtcampbe
LSB_OUTDIR=/p/gpfs1/mtcampbe/CEESD/AutomatedTesting/MIRGE-Timing/timing/emirge/mirgecom/y2-isolator/timing_run
LSB_MCPU_HOSTS=lassen710 1 lassen420 40 
LMOD_arch=ppc64le
TMP=/var/tmp
MPI_ROOT=/usr/tce/packages/spectrum-mpi/ibm/spectrum-mpi-rolling-release
LSB_QUEUE=pbatch
LSB_OUTPUTFILE=/p/gpfs1/mtcampbe/CEESD/AutomatedTesting/MIRGE-Timing/timing/emirge/mirgecom/y2-isolator/timing_run/
CONDA_PYTHON_EXE=/p/gpfs1/mtcampbe/CEESD/AutomatedTesting/MIRGE-Timing/timing/emirge/miniforge3/bin/python
LOGNAME=mtcampbe
QTLIB=/usr/lib64/qt-3.3/lib
CVS_RSH=ssh
XLSF_UIDDIR=/opt/ibm/spectrumcomputing/lsf/10.1.0.10/linux3.10-glibc2.17-ppc64le-csm/lib/uid
XDG_DATA_DIRS=/p/gpfs1/mtcampbe/CEESD/AutomatedTesting/MIRGE-Timing/.local/share/flatpak/exports/share:/var/lib/flatpak/exports/share:/usr/local/share:/usr/share
SSH_CONNECTION=192.168.66.202 36622 192.168.65.166 22
SYS_TYPE=blueos_3_ppc64le_ib_p9
MODULESHOME=/usr/share/lmod/lmod
LMOD_SETTARG_FULL_SUPPORT=no
LESSOPEN=||/usr/bin/lesspipe.sh %s
__LMOD_REF_COUNT_LD_LIBRARY_PATH=/usr/tce/packages/cuda/cuda-11.2.0/lib64:1;/opt/ibm/spectrumcomputing/lsf/10.1.0.10/linux3.10-glibc2.17-ppc64le-csm/lib:1
PKG_CONFIG_PATH=/usr/tce/packages/cuda/cuda-11.2.0/lib64/pkgconfig
OMP_NUM_THREADS=1
LSF_CGROUP_TOPDIR_KEY=lassen
CONDA_DEFAULT_ENV=nozzle.lazy.timing.env
LMOD_FULL_SETTARG_SUPPORT=no
LMOD_FAMILY_COMPILER=gcc
LSB_XFER_OP=
LSB_EEXEC_REAL_GID=
__LMOD_REF_COUNT_PKG_CONFIG_PATH=/usr/tce/packages/cuda/cuda-11.2.0/lib64/pkgconfig:1
CC=mpicc
QT_PLUGIN_PATH=/usr/lib64/kde4/plugins:/usr/lib/kde4/plugins
LMOD_DIR=/usr/share/lmod/lmod/libexec
LEXEC_UNPICKLE_QUIET=1
__LMOD_REF_COUNT_MANPATH=/usr/tce/packages/spectrum-mpi/ibm/spectrum-mpi-rolling-release/share/man:1;/usr/tce/packages/gcc/gcc-8.3.1/man:1;/opt/ibm/spectrumcomputing/lsf/10.1.0.10/man:1;/usr/man:1;/usr/share/man:1;/usr/local/man:1;/usr/X11R6/man:1;/usr/lib64/mvapich/default/man:1;/opt/ibm/spectrum_mpi/jsm_pmix/share/man:1
_ModuleTable006_=NjRsZV9pYl9wOS9Db3JlIiwKfSwKc3lzdGVtQmFzZU1QQVRIID0gIi91c3IvdGNldG1wL21vZHVsZWZpbGVzL0NvcmU6L3Vzci9hcHBzL21vZHVsZWZpbGVzOi91c3Ivc2hhcmUvbW9kdWxlZmlsZXMvTGludXg6L3Vzci9zaGFyZS9tb2R1bGVmaWxlcy9Db3JlOi91c3Ivc2hhcmUvbG1vZC9sbW9kL21vZHVsZWZpbGVzL0NvcmUiLAp9Cg==
LSF_ENVDIR=/opt/ibm/spectrumcomputing/lsf/conf
GUESTFISH_RESTORE=\e[0m
LSB_DJOB_RANKFILE=/g/g17/mtcampbe/.lsbatch/1715409350.5860008.hostfile
LMOD_FAMILY_MPI=spectrum-mpi
LMOD_COLORIZE=yes
HISTFILE=/g/g17/mtcampbe/.bash_history
BASH_FUNC_module()=() {  local __lmod_my_status;
 local __lmod_sh_dbg;
 if [ -z "${LMOD_SH_DBG_ON+x}" ]; then
 case "$-" in 
 *v*x*)
 __lmod_sh_dbg='vx'
 ;;
 *v*)
 __lmod_sh_dbg='v'
 ;;
 *x*)
 __lmod_sh_dbg='x'
 ;;
 esac;
 fi;
 if [ -n "${__lmod_sh_dbg:-}" ]; then
 set +$__lmod_sh_dbg;
 echo "Shell debugging temporarily silenced: export LMOD_SH_DBG_ON=1 for Lmod's output" 1>&2;
 fi;
 eval "$($LMOD_CMD bash "$@")" && eval $(${LMOD_SETTARG_CMD:-:} -s sh);
 __lmod_my_status=$?;
 if [ -n "${__lmod_sh_dbg:-}" ]; then
 echo "Shell debugging restarted" 1>&2;
 set -$__lmod_sh_dbg;
 fi;
 return $__lmod_my_status
}
BASH_FUNC_ml()=() {  eval "$($LMOD_DIR/ml_cmd "$@")"
}
_=/usr/bin/env
LSB_MCPU_HOSTS=lassen710 1 lassen420 40 
Default casename isolator
2024-05-10 23:36:34,664 - INFO - grudge.array_context - get_reasonable_array_context_class: MPIFusionContractorArrayContext lazy=True distributed=True device-parallel=True
Using user input from file: timing_params.yaml
Running ./isolator.py

2024-05-10 23:36:35,866 - INFO - mirgecom.mpi - Using mpi4py version 4.0.0.dev0 with pkl5 scatter support.
2024-05-10 23:37:36,219 - INFO - mirgecom.simutil - Using SVM-based memory pool on <pyopencl.Device 'Tesla V100-SXM2-16GB' on 'Portable Computing Language' at 0x1026fdce0>.
Shock capturing parameters: alpha 0.5, s0 -4.0, kappa 0.5

#### Simluation control data: ####
	nviz = 100
	nrestart = 100
	nhealth = 100
	nstatus = 100
	current_dt = 1e-08
	t_final = 2e-07
	order = 1
	dimen = 2
	Time integration rk4
#### Simluation control data: ####


#### Simluation material properties: ####
	mu = 4.216360056e-05
	kappa = 0.05621788139856423
	Prandtl Number  = 0.75
#### Simluation initialization data: ####
	inlet Mach number 0.038727226466056475
	inlet temperature 2075.8073416311686
	inlet pressure 274212.0081934861
	inlet rho 0.4623484671063763
	inlet velocity 35.28896626974282
	outlet Mach number 3.661995139955526
	outlet temperature 563.9344091915701
	outlet pressure 2865.7077436508835
	outlet rho 0.01778579568979098
	outlet velocity 1739.2462693097807
#### Simluation initialization data: ####

Reading mesh from data/isolator.msh
./isolator.py:1087: DeprecationWarning: generate_and_distribute_mesh is deprecated and will go away Q4 2022. Use distribute_mesh instead.
  local_mesh, global_nelements = generate_and_distribute_mesh(
Reading gmsh mesh from disk file...
Done. Populating meshmode data structures...
Done.
Read GMSH: 0.05845284461975098
MeshData: 0.08668684959411621
Making discretization
./isolator.py:1094: DeprecationWarning: mpi_communicator argument is deprecated and will disappear in Q4 2022.
  dcoll = create_discretization_collection(
Done making discretization
/p/gpfs1/mtcampbe/CEESD/AutomatedTesting/MIRGE-Timing/timing/emirge/arraycontext/arraycontext/impl/pytato/__init__.py:413: UserWarning: Running on an Nvidia GPU, reducing the argument size limit from 4352 to 3896.
  warn("Running on an Nvidia GPU, reducing the argument "
2024-05-10 23:37:43,461 - INFO - arraycontext.impl.pytato - limiting argument buffer size for <pyopencl.Device 'Tesla V100-SXM2-16GB' on 'Portable Computing Language' at 0x1026fdce0> to 3896 bytes
2024-05-10 23:37:43,508 - INFO - meshmode.array_context - Transforming kernel 'frozen_nodes0_2d' with 1 statements.
2024-05-10 23:37:43,546 - INFO - meshmode.array_context - Array Contraction: Contracting 0 temps
2024-05-10 23:37:43,549 - INFO - meshmode.array_context - [_alias_global_temporaries]: Reduced memory requirement of 'frozen_nodes0_2d' from 0.0MB to 0.0MB.
2024-05-10 23:37:51,167 - INFO - loopy.tools - preprocess_program on 'frozen_nodes0_2d': completed (7.61s wall 0.06x CPU)
2024-05-10 23:37:52,302 - INFO - pyopencl - build program: kernel 'frozen_nodes0_2d' was part of a lengthy source build resulting from a binary cache miss (0.98 s)
2024-05-10 23:37:52,404 - INFO - meshmode.array_context - Transforming kernel 'frozen_nodes1_2d' with 1 statements.
2024-05-10 23:37:52,428 - INFO - meshmode.array_context - Array Contraction: Contracting 0 temps
2024-05-10 23:37:52,430 - INFO - meshmode.array_context - [_alias_global_temporaries]: Reduced memory requirement of 'frozen_nodes1_2d' from 0.0MB to 0.0MB.
2024-05-10 23:37:52,890 - INFO - pyopencl - build program: kernel 'frozen_nodes1_2d' was part of a lengthy source build resulting from a binary cache miss (0.37 s)
Before restart/init
Initializing soln.
Initialization for Case(isolator)
===
Num 2d order-1 elements: 2504
Num global elements: 2504
Timestep:        1e-08
Initial time:    0
Final time:      2e-07
CFL:             1.0
Constant CFL:    False
Initialization:  isolator
EOS:             IdealSingleGas

2024-05-10 23:37:54,627 - INFO - meshmode.array_context - transform_dag.infer_axes_tags: completed (0.62s wall 1.00x CPU)
2024-05-10 23:37:54,830 - INFO - arraycontext.impl.pytato - limiting argument buffer size for <pyopencl.Device 'Tesla V100-SXM2-16GB' on 'Portable Computing Language' at 0x1026fdce0> to 3896 bytes
2024-05-10 23:37:55,649 - INFO - meshmode.array_context - Transforming kernel 'frozen_result' with 14 statements.
2024-05-10 23:37:57,436 - INFO - loopy.tools - fuse_same_discretization_entity_loops on 'frozen_result': completed (1.63s wall 1.00x CPU)
2024-05-10 23:37:57,621 - INFO - meshmode.array_context - Loop Fusion: completed (1.97s wall 1.00x CPU)
2024-05-10 23:37:58,086 - INFO - meshmode.array_context - Array Contraction: Contracting 10 temps
2024-05-10 23:38:00,072 - INFO - loopy.tools - contract_arrays on 'frozen_result': completed (1.99s wall 1.00x CPU)
2024-05-10 23:38:00,275 - INFO - meshmode.array_context - Array Contraction: completed (2.34s wall 1.00x CPU)
2024-05-10 23:38:00,277 - INFO - meshmode.array_context - [_alias_global_temporaries]: Reduced memory requirement of 'frozen_result' from 0.5MB to 0.4MB.
2024-05-10 23:38:02,767 - INFO - loopy.tools - preprocess_program on 'frozen_result': completed (1.59s wall 1.00x CPU)
2024-05-10 23:38:06,901 - INFO - loopy.codegen - frozen_result: generate code: completed (2.00s wall 1.00x CPU)
2024-05-10 23:38:12,659 - INFO - pyopencl - build program: kernel 'frozen_result' was part of a lengthy source build resulting from a binary cache miss (4.92 s)
2024-05-10 23:38:13,047 - INFO - pytato.distributed.verify - find_partition: Split 22 nodes into 1 parts, with [22] nodes in each partition.
2024-05-10 23:38:13,103 - INFO - meshmode.array_context - Transforming kernel 'get_fluid_state' with 15 statements.
2024-05-10 23:38:13,251 - INFO - meshmode.array_context - Array Contraction: Contracting 1 temps
2024-05-10 23:38:13,276 - INFO - meshmode.array_context - [_alias_global_temporaries]: Reduced memory requirement of 'get_fluid_state' from 0.1MB to 0.1MB.
2024-05-10 23:38:14,146 - INFO - pyopencl - build program: kernel 'get_fluid_state' was part of a lengthy source build resulting from a binary cache miss (0.40 s)
./isolator.py:1349: DeprecationWarning: simutil.force_evaluation is deprecated and will disappear in Q3 2023. Use utils.force_evaluation instead.
  fluid_state = force_evaluation(actx, create_fluid_state(cv=state))
2024-05-10 23:38:14,315 - INFO - arraycontext.impl.pytato - limiting argument buffer size for <pyopencl.Device 'Tesla V100-SXM2-16GB' on 'Portable Computing Language' at 0x1026fdce0> to 3896 bytes
2024-05-10 23:38:14,391 - INFO - meshmode.array_context - Transforming kernel 'frozen_area_el_vol' with 10 statements.
2024-05-10 23:38:14,601 - INFO - meshmode.array_context - Array Contraction: Contracting 1 temps
2024-05-10 23:38:14,634 - INFO - meshmode.array_context - [_alias_global_temporaries]: Reduced memory requirement of 'frozen_area_el_vol' from 0.3MB to 0.2MB.
2024-05-10 23:38:15,623 - INFO - pyopencl - build program: kernel 'frozen_area_el_vol' was part of a lengthy source build resulting from a binary cache miss (0.42 s)
2024-05-10 23:38:15,682 - INFO - meshmode.discretization.connection.face - building face restriction: start
2024-05-10 23:38:15,692 - INFO - meshmode.discretization.connection.face - building face restriction: done
2024-05-10 23:38:15,794 - INFO - meshmode.array_context - Transforming kernel 'frozen_area_el_b_face_restr_all' with 7 statements.
2024-05-10 23:38:15,923 - INFO - meshmode.array_context - Array Contraction: Contracting 2 temps
2024-05-10 23:38:15,956 - INFO - meshmode.array_context - [_alias_global_temporaries]: Reduced memory requirement of 'frozen_area_el_b_face_restr_all' from 0.5MB to 0.3MB.
2024-05-10 23:38:16,741 - INFO - pyopencl - build program: kernel 'frozen_area_el_b_face_restr_all' was part of a lengthy source build resulting from a binary cache miss (0.40 s)
2024-05-10 23:38:16,827 - INFO - meshmode.array_context - Transforming kernel 'frozen_dt_geometric_vol' with 7 statements.
2024-05-10 23:38:17,075 - INFO - meshmode.array_context - Array Contraction: Contracting 0 temps
2024-05-10 23:38:17,086 - INFO - meshmode.array_context - [_alias_global_temporaries]: Reduced memory requirement of 'frozen_dt_geometric_vol' from 0.3MB to 0.2MB.
2024-05-10 23:38:17,967 - INFO - pyopencl - build program: kernel 'frozen_dt_geometric_vol' was part of a lengthy source build resulting from a binary cache miss (0.42 s)
2024-05-10 23:38:18,015 - INFO - meshmode.array_context - Transforming kernel 'frozen_char_lscales' with 1 statements.
2024-05-10 23:38:18,030 - INFO - meshmode.array_context - Array Contraction: Contracting 0 temps
2024-05-10 23:38:18,032 - INFO - meshmode.array_context - [_alias_global_temporaries]: Reduced memory requirement of 'frozen_char_lscales' from 0.0MB to 0.0MB.
2024-05-10 23:38:18,456 - INFO - pyopencl - build program: kernel 'frozen_char_lscales' was part of a lengthy source build resulting from a binary cache miss (0.36 s)
2024-05-10 23:38:18,502 - INFO - meshmode.array_context - Transforming kernel 'frozen_result' with 4 statements.
2024-05-10 23:38:18,553 - INFO - meshmode.array_context - Array Contraction: Contracting 3 temps
2024-05-10 23:38:18,589 - INFO - meshmode.array_context - [_alias_global_temporaries]: Reduced memory requirement of 'frozen_result' from 0.2MB to 0.2MB.
2024-05-10 23:38:19,119 - INFO - pyopencl - build program: kernel 'frozen_result' was part of a lengthy source build resulting from a binary cache miss (0.39 s)
2024-05-10 23:38:19,694 - INFO - pyopencl - build program: kernel 'reduce_kernel_stage1' was part of a lengthy source build resulting from a binary cache miss (0.51 s)
2024-05-10 23:38:20,172 - INFO - pyopencl - build program: kernel 'reduce_kernel_stage2' was part of a lengthy source build resulting from a binary cache miss (0.47 s)
2024-05-10 23:38:20,184 - INFO - meshmode.array_context - Transforming kernel 'frozen_result' with 1 statements.
2024-05-10 23:38:20,189 - INFO - meshmode.array_context - Array Contraction: Contracting 0 temps
_get_iel_to_idofs: str(insn)='_ary_store: _ary <- NaN if isnan(_actx_dw) or isnan(_actx_dw_0) else (_actx_dw if _actx_dw > _actx_dw_0 else _actx_dw_0) {tags=EinsumTag(orig_loop_nest=frozenset())}'
/p/gpfs1/mtcampbe/CEESD/AutomatedTesting/MIRGE-Timing/timing/emirge/meshmode/meshmode/array_context.py:1790: UserWarning: [frozen_result]: FusionContractorArrayContext.transform_loopy_program not broad enough (yet). Falling back to a possibly slower transformation strategy.
  warn(f"[{knl.name}]: FusionContractorArrayContext."
2024-05-10 23:38:20,621 - INFO - pyopencl - build program: kernel 'frozen_result' was part of a lengthy source build resulting from a binary cache miss (0.36 s)
2024-05-10 23:38:21,087 - INFO - pyopencl - build program: kernel 'reduce_kernel_stage1' was part of a lengthy source build resulting from a binary cache miss (0.45 s)
2024-05-10 23:38:21,547 - INFO - pyopencl - build program: kernel 'reduce_kernel_stage2' was part of a lengthy source build resulting from a binary cache miss (0.45 s)
2024-05-10 23:38:21,553 - INFO - meshmode.array_context - Transforming kernel 'frozen_result' with 1 statements.
2024-05-10 23:38:21,559 - INFO - meshmode.array_context - Array Contraction: Contracting 0 temps
_get_iel_to_idofs: str(insn)='_ary_store: _ary <- 0 + _actx_dw {tags=EinsumTag(orig_loop_nest=frozenset())}'
2024-05-10 23:38:21,945 - INFO - pyopencl - build program: kernel 'frozen_result' was part of a lengthy source build resulting from a binary cache miss (0.36 s)
2024-05-10 23:38:22,425 - INFO - pyopencl - build program: kernel 'reduce_kernel_stage1' was part of a lengthy source build resulting from a binary cache miss (0.47 s)
2024-05-10 23:38:22,900 - INFO - pyopencl - build program: kernel 'reduce_kernel_stage2' was part of a lengthy source build resulting from a binary cache miss (0.47 s)
2024-05-10 23:38:22,911 - INFO - meshmode.array_context - Transforming kernel 'frozen_result' with 1 statements.
2024-05-10 23:38:22,916 - INFO - meshmode.array_context - Array Contraction: Contracting 0 temps
_get_iel_to_idofs: str(insn)='_ary_store: _ary <- NaN if isnan(_actx_dw) or isnan(_actx_dw_0) else (_actx_dw if _actx_dw < _actx_dw_0 else _actx_dw_0) {tags=EinsumTag(orig_loop_nest=frozenset())}'
2024-05-10 23:38:23,315 - INFO - pyopencl - build program: kernel 'frozen_result' was part of a lengthy source build resulting from a binary cache miss (0.36 s)
-------- dt = 1.000e-08, cfl = 0.0253
-------- P (min, max) (Pa) = (2.865706984e+03, 2.742120082e+05)
-------- T (min, max) (K)  = (    300, 2075.81)

2024-05-10 23:38:23,388 - INFO - meshmode.array_context - Transforming kernel 'frozen_result' with 1 statements.
2024-05-10 23:38:23,396 - INFO - meshmode.array_context - Array Contraction: Contracting 0 temps
2024-05-10 23:38:23,398 - INFO - meshmode.array_context - [_alias_global_temporaries]: Reduced memory requirement of 'frozen_result' from 0.0MB to 0.0MB.
2024-05-10 23:38:23,825 - INFO - pyopencl - build program: kernel 'frozen_result' was part of a lengthy source build resulting from a binary cache miss (0.37 s)
2024-05-10 23:38:23,837 - INFO - meshmode.array_context - Transforming kernel 'frozen_result' with 1 statements.
2024-05-10 23:38:23,844 - INFO - meshmode.array_context - Array Contraction: Contracting 0 temps
2024-05-10 23:38:23,846 - INFO - meshmode.array_context - [_alias_global_temporaries]: Reduced memory requirement of 'frozen_result' from 0.0MB to 0.0MB.
2024-05-10 23:38:24,270 - INFO - pyopencl - build program: kernel 'frozen_result' was part of a lengthy source build resulting from a binary cache miss (0.37 s)
2024-05-10 23:38:24,282 - INFO - meshmode.array_context - Transforming kernel 'frozen_result' with 1 statements.
2024-05-10 23:38:24,289 - INFO - meshmode.array_context - Array Contraction: Contracting 0 temps
2024-05-10 23:38:24,291 - INFO - meshmode.array_context - [_alias_global_temporaries]: Reduced memory requirement of 'frozen_result' from 0.0MB to 0.0MB.
2024-05-10 23:38:24,714 - INFO - pyopencl - build program: kernel 'frozen_result' was part of a lengthy source build resulting from a binary cache miss (0.37 s)
2024-05-10 23:38:24,726 - INFO - meshmode.array_context - Transforming kernel 'frozen_result' with 1 statements.
2024-05-10 23:38:24,733 - INFO - meshmode.array_context - Array Contraction: Contracting 0 temps
2024-05-10 23:38:24,735 - INFO - meshmode.array_context - [_alias_global_temporaries]: Reduced memory requirement of 'frozen_result' from 0.0MB to 0.0MB.
2024-05-10 23:38:25,159 - INFO - pyopencl - build program: kernel 'frozen_result' was part of a lengthy source build resulting from a binary cache miss (0.37 s)
2024-05-10 23:38:25,190 - INFO - meshmode.array_context - Transforming kernel 'frozen_result' with 3 statements.
2024-05-10 23:38:25,219 - INFO - meshmode.array_context - Array Contraction: Contracting 0 temps
2024-05-10 23:38:25,223 - INFO - meshmode.array_context - [_alias_global_temporaries]: Reduced memory requirement of 'frozen_result' from 0.1MB to 0.1MB.
2024-05-10 23:38:25,789 - INFO - pyopencl - build program: kernel 'frozen_result' was part of a lengthy source build resulting from a binary cache miss (0.40 s)
2024-05-10 23:38:25,813 - INFO - meshmode.array_context - Transforming kernel 'frozen_result' with 1 statements.
2024-05-10 23:38:25,821 - INFO - meshmode.array_context - Array Contraction: Contracting 0 temps
2024-05-10 23:38:25,823 - INFO - meshmode.array_context - [_alias_global_temporaries]: Reduced memory requirement of 'frozen_result' from 0.0MB to 0.0MB.
2024-05-10 23:38:26,267 - INFO - pyopencl - build program: kernel 'frozen_result' was part of a lengthy source build resulting from a binary cache miss (0.38 s)
2024-05-10 23:38:26,291 - INFO - meshmode.array_context - Transforming kernel 'frozen_result' with 1 statements.
2024-05-10 23:38:26,302 - INFO - meshmode.array_context - Array Contraction: Contracting 0 temps
2024-05-10 23:38:26,304 - INFO - meshmode.array_context - [_alias_global_temporaries]: Reduced memory requirement of 'frozen_result' from 0.0MB to 0.0MB.
2024-05-10 23:38:26,774 - INFO - pyopencl - build program: kernel 'frozen_result' was part of a lengthy source build resulting from a binary cache miss (0.38 s)
2024-05-10 23:38:26,803 - INFO - meshmode.array_context - Transforming kernel 'frozen_result' with 3 statements.
2024-05-10 23:38:26,833 - INFO - meshmode.array_context - Array Contraction: Contracting 0 temps
2024-05-10 23:38:26,837 - INFO - meshmode.array_context - [_alias_global_temporaries]: Reduced memory requirement of 'frozen_result' from 0.1MB to 0.1MB.
2024-05-10 23:38:27,399 - INFO - pyopencl - build program: kernel 'frozen_result' was part of a lengthy source build resulting from a binary cache miss (0.40 s)
failed to infer axis 1 of array of type <class 'pytato.array.Reshape'>.
expr.non_equality_tags=frozenset()
2024-05-10 23:38:27,462 - INFO - meshmode.array_context - Transforming kernel 'frozen_result' with 6 statements.
2024-05-10 23:38:27,553 - INFO - meshmode.array_context - Array Contraction: Contracting 0 temps
2024-05-10 23:38:27,563 - INFO - meshmode.array_context - [_alias_global_temporaries]: Reduced memory requirement of 'frozen_result' from 0.2MB to 0.2MB.
2024-05-10 23:38:28,425 - INFO - pyopencl - build program: kernel 'frozen_result' was part of a lengthy source build resulting from a binary cache miss (0.46 s)
2024-05-10 23:38:28,495 - INFO - meshmode.array_context - Transforming kernel 'frozen_result' with 4 statements.
2024-05-10 23:38:28,541 - INFO - meshmode.array_context - Array Contraction: Contracting 2 temps
2024-05-10 23:38:28,566 - INFO - meshmode.array_context - [_alias_global_temporaries]: Reduced memory requirement of 'frozen_result' from 0.2MB to 0.2MB.
2024-05-10 23:38:29,175 - INFO - pyopencl - build program: kernel 'frozen_result' was part of a lengthy source build resulting from a binary cache miss (0.41 s)
2024-05-10 23:38:29,211 - INFO - meshmode.discretization.connection.face - building face restriction: start
2024-05-10 23:38:29,216 - INFO - meshmode.discretization.connection.face - building face restriction: done
2024-05-10 23:38:29,230 - INFO - meshmode.discretization.connection.face - building face restriction: start
2024-05-10 23:38:29,235 - INFO - meshmode.discretization.connection.face - building face restriction: done
2024-05-10 23:38:29,249 - INFO - meshmode.discretization.connection.face - building face restriction: start
2024-05-10 23:38:29,261 - INFO - meshmode.discretization.connection.face - building face restriction: done
2024-05-10 23:38:29,275 - INFO - meshmode.discretization.connection.face - building face restriction: start
2024-05-10 23:38:29,370 - INFO - meshmode.discretization.connection.face - building face restriction: done
2024-05-10 23:38:29,520 - INFO - meshmode.array_context - Transforming kernel 'frozen_area_el_b_inflow' with 7 statements.
2024-05-10 23:38:29,652 - INFO - meshmode.array_context - Array Contraction: Contracting 2 temps
2024-05-10 23:38:29,686 - INFO - meshmode.array_context - [_alias_global_temporaries]: Reduced memory requirement of 'frozen_area_el_b_inflow' from 0.0MB to 0.0MB.
2024-05-10 23:38:30,460 - INFO - pyopencl - build program: kernel 'frozen_area_el_b_inflow' was part of a lengthy source build resulting from a binary cache miss (0.39 s)
2024-05-10 23:38:30,548 - INFO - meshmode.array_context - Transforming kernel 'frozen_normal_2_b_inflow' with 3 statements.
2024-05-10 23:38:30,620 - INFO - meshmode.array_context - Array Contraction: Contracting 0 temps
2024-05-10 23:38:30,625 - INFO - meshmode.array_context - [_alias_global_temporaries]: Reduced memory requirement of 'frozen_normal_2_b_inflow' from 0.0MB to 0.0MB.
2024-05-10 23:38:31,274 - INFO - pyopencl - build program: kernel 'frozen_normal_2_b_inflow' was part of a lengthy source build resulting from a binary cache miss (0.38 s)
2024-05-10 23:38:31,349 - INFO - meshmode.array_context - Transforming kernel 'frozen_normal_1_b_inflow' with 3 statements.
2024-05-10 23:38:31,420 - INFO - meshmode.array_context - Array Contraction: Contracting 0 temps
2024-05-10 23:38:31,426 - INFO - meshmode.array_context - [_alias_global_temporaries]: Reduced memory requirement of 'frozen_normal_1_b_inflow' from 0.0MB to 0.0MB.
2024-05-10 23:38:32,074 - INFO - pyopencl - build program: kernel 'frozen_normal_1_b_inflow' was part of a lengthy source build resulting from a binary cache miss (0.38 s)
2024-05-10 23:38:32,105 - INFO - meshmode.array_context - Transforming kernel 'frozen_f2allf_ind' with 0 statements.
2024-05-10 23:38:32,109 - INFO - meshmode.array_context - Array Contraction: Contracting 0 temps
2024-05-10 23:38:32,488 - INFO - pyopencl - build program: kernel 'frozen_f2allf_ind' was part of a lengthy source build resulting from a binary cache miss (0.36 s)
2024-05-10 23:38:32,498 - INFO - meshmode.array_context - Transforming kernel 'frozen_f2allf_ind' with 0 statements.
2024-05-10 23:38:32,558 - INFO - meshmode.array_context - Transforming kernel 'frozen_f2allf_ind' with 1 statements.
2024-05-10 23:38:32,568 - INFO - meshmode.array_context - Array Contraction: Contracting 0 temps
2024-05-10 23:38:32,570 - INFO - meshmode.array_context - [_alias_global_temporaries]: Reduced memory requirement of 'frozen_f2allf_ind' from 0.0MB to 0.0MB.
2024-05-10 23:38:32,973 - INFO - pyopencl - build program: kernel 'frozen_f2allf_ind' was part of a lengthy source build resulting from a binary cache miss (0.36 s)
2024-05-10 23:38:33,092 - INFO - meshmode.array_context - Transforming kernel 'frozen_area_el_b_outflow' with 7 statements.
2024-05-10 23:38:33,223 - INFO - meshmode.array_context - Array Contraction: Contracting 2 temps
2024-05-10 23:38:33,258 - INFO - meshmode.array_context - [_alias_global_temporaries]: Reduced memory requirement of 'frozen_area_el_b_outflow' from 0.0MB to 0.0MB.
2024-05-10 23:38:34,030 - INFO - pyopencl - build program: kernel 'frozen_area_el_b_outflow' was part of a lengthy source build resulting from a binary cache miss (0.39 s)
2024-05-10 23:38:34,117 - INFO - meshmode.array_context - Transforming kernel 'frozen_normal_2_b_outflow' with 3 statements.
2024-05-10 23:38:34,188 - INFO - meshmode.array_context - Array Contraction: Contracting 0 temps
2024-05-10 23:38:34,193 - INFO - meshmode.array_context - [_alias_global_temporaries]: Reduced memory requirement of 'frozen_normal_2_b_outflow' from 0.0MB to 0.0MB.
2024-05-10 23:38:34,841 - INFO - pyopencl - build program: kernel 'frozen_normal_2_b_outflow' was part of a lengthy source build resulting from a binary cache miss (0.38 s)
2024-05-10 23:38:34,993 - INFO - meshmode.array_context - Transforming kernel 'frozen_normal_1_b_outflow' with 3 statements.
2024-05-10 23:38:35,064 - INFO - meshmode.array_context - Array Contraction: Contracting 0 temps
2024-05-10 23:38:35,070 - INFO - meshmode.array_context - [_alias_global_temporaries]: Reduced memory requirement of 'frozen_normal_1_b_outflow' from 0.0MB to 0.0MB.
2024-05-10 23:38:35,719 - INFO - pyopencl - build program: kernel 'frozen_normal_1_b_outflow' was part of a lengthy source build resulting from a binary cache miss (0.38 s)
2024-05-10 23:38:35,751 - INFO - meshmode.array_context - Transforming kernel 'frozen_f2allf_ind' with 1 statements.
2024-05-10 23:38:35,761 - INFO - meshmode.array_context - Array Contraction: Contracting 0 temps
2024-05-10 23:38:35,764 - INFO - meshmode.array_context - [_alias_global_temporaries]: Reduced memory requirement of 'frozen_f2allf_ind' from 0.0MB to 0.0MB.
2024-05-10 23:38:36,163 - INFO - pyopencl - build program: kernel 'frozen_f2allf_ind' was part of a lengthy source build resulting from a binary cache miss (0.36 s)
2024-05-10 23:38:36,175 - INFO - meshmode.array_context - Transforming kernel 'frozen_f2allf_ind' with 1 statements.
2024-05-10 23:38:36,185 - INFO - meshmode.array_context - Array Contraction: Contracting 0 temps
2024-05-10 23:38:36,187 - INFO - meshmode.array_context - [_alias_global_temporaries]: Reduced memory requirement of 'frozen_f2allf_ind' from 0.0MB to 0.0MB.
2024-05-10 23:38:36,589 - INFO - pyopencl - build program: kernel 'frozen_f2allf_ind' was part of a lengthy source build resulting from a binary cache miss (0.36 s)
2024-05-10 23:38:36,713 - INFO - meshmode.array_context - Transforming kernel 'frozen_area_el_b_wall' with 7 statements.
2024-05-10 23:38:36,846 - INFO - meshmode.array_context - Array Contraction: Contracting 2 temps
2024-05-10 23:38:36,879 - INFO - meshmode.array_context - [_alias_global_temporaries]: Reduced memory requirement of 'frozen_area_el_b_wall' from 0.0MB to 0.0MB.
2024-05-10 23:38:37,666 - INFO - pyopencl - build program: kernel 'frozen_area_el_b_wall' was part of a lengthy source build resulting from a binary cache miss (0.40 s)
2024-05-10 23:38:37,752 - INFO - meshmode.array_context - Transforming kernel 'frozen_normal_2_b_wall' with 3 statements.
2024-05-10 23:38:37,823 - INFO - meshmode.array_context - Array Contraction: Contracting 0 temps
2024-05-10 23:38:37,828 - INFO - meshmode.array_context - [_alias_global_temporaries]: Reduced memory requirement of 'frozen_normal_2_b_wall' from 0.0MB to 0.0MB.
2024-05-10 23:38:38,496 - INFO - pyopencl - build program: kernel 'frozen_normal_2_b_wall' was part of a lengthy source build resulting from a binary cache miss (0.39 s)
2024-05-10 23:38:38,570 - INFO - meshmode.array_context - Transforming kernel 'frozen_normal_1_b_wall' with 3 statements.
2024-05-10 23:38:38,641 - INFO - meshmode.array_context - Array Contraction: Contracting 0 temps
2024-05-10 23:38:38,646 - INFO - meshmode.array_context - [_alias_global_temporaries]: Reduced memory requirement of 'frozen_normal_1_b_wall' from 0.0MB to 0.0MB.
2024-05-10 23:38:39,312 - INFO - pyopencl - build program: kernel 'frozen_normal_1_b_wall' was part of a lengthy source build resulting from a binary cache miss (0.39 s)
2024-05-10 23:38:39,343 - INFO - meshmode.array_context - Transforming kernel 'frozen_f2allf_ind' with 1 statements.
2024-05-10 23:38:39,354 - INFO - meshmode.array_context - Array Contraction: Contracting 0 temps
2024-05-10 23:38:39,356 - INFO - meshmode.array_context - [_alias_global_temporaries]: Reduced memory requirement of 'frozen_f2allf_ind' from 0.0MB to 0.0MB.
2024-05-10 23:38:39,755 - INFO - pyopencl - build program: kernel 'frozen_f2allf_ind' was part of a lengthy source build resulting from a binary cache miss (0.36 s)
2024-05-10 23:38:39,767 - INFO - meshmode.array_context - Transforming kernel 'frozen_f2allf_ind' with 1 statements.
2024-05-10 23:38:39,777 - INFO - meshmode.array_context - Array Contraction: Contracting 0 temps
2024-05-10 23:38:39,779 - INFO - meshmode.array_context - [_alias_global_temporaries]: Reduced memory requirement of 'frozen_f2allf_ind' from 0.0MB to 0.0MB.
2024-05-10 23:38:40,186 - INFO - pyopencl - build program: kernel 'frozen_f2allf_ind' was part of a lengthy source build resulting from a binary cache miss (0.36 s)
2024-05-10 23:38:40,305 - INFO - meshmode.array_context - Transforming kernel 'frozen_area_el_b_face_restr_interior' with 7 statements.
2024-05-10 23:38:40,437 - INFO - meshmode.array_context - Array Contraction: Contracting 2 temps
2024-05-10 23:38:40,470 - INFO - meshmode.array_context - [_alias_global_temporaries]: Reduced memory requirement of 'frozen_area_el_b_face_restr_interior' from 0.4MB to 0.3MB.
2024-05-10 23:38:41,252 - INFO - pyopencl - build program: kernel 'frozen_area_el_b_face_restr_interior' was part of a lengthy source build resulting from a binary cache miss (0.40 s)
2024-05-10 23:38:41,338 - INFO - meshmode.array_context - Transforming kernel 'frozen_normal_2_b_face_restr_interior' with 3 statements.
2024-05-10 23:38:41,408 - INFO - meshmode.array_context - Array Contraction: Contracting 0 temps
2024-05-10 23:38:41,413 - INFO - meshmode.array_context - [_alias_global_temporaries]: Reduced memory requirement of 'frozen_normal_2_b_face_restr_interior' from 0.2MB to 0.2MB.
2024-05-10 23:38:42,079 - INFO - pyopencl - build program: kernel 'frozen_normal_2_b_face_restr_interior' was part of a lengthy source build resulting from a binary cache miss (0.39 s)
2024-05-10 23:38:42,152 - INFO - meshmode.array_context - Transforming kernel 'frozen_normal_1_b_face_restr_interior' with 3 statements.
2024-05-10 23:38:42,223 - INFO - meshmode.array_context - Array Contraction: Contracting 0 temps
2024-05-10 23:38:42,228 - INFO - meshmode.array_context - [_alias_global_temporaries]: Reduced memory requirement of 'frozen_normal_1_b_face_restr_interior' from 0.2MB to 0.2MB.
2024-05-10 23:38:42,894 - INFO - pyopencl - build program: kernel 'frozen_normal_1_b_face_restr_interior' was part of a lengthy source build resulting from a binary cache miss (0.39 s)
2024-05-10 23:38:42,926 - INFO - meshmode.array_context - Transforming kernel 'frozen_f2allf_ind' with 1 statements.
2024-05-10 23:38:42,936 - INFO - meshmode.array_context - Array Contraction: Contracting 0 temps
2024-05-10 23:38:42,938 - INFO - meshmode.array_context - [_alias_global_temporaries]: Reduced memory requirement of 'frozen_f2allf_ind' from 0.0MB to 0.0MB.
2024-05-10 23:38:43,346 - INFO - pyopencl - build program: kernel 'frozen_f2allf_ind' was part of a lengthy source build resulting from a binary cache miss (0.36 s)
2024-05-10 23:38:43,358 - INFO - meshmode.array_context - Transforming kernel 'frozen_f2allf_ind' with 1 statements.
2024-05-10 23:38:43,368 - INFO - meshmode.array_context - Array Contraction: Contracting 0 temps
2024-05-10 23:38:43,370 - INFO - meshmode.array_context - [_alias_global_temporaries]: Reduced memory requirement of 'frozen_f2allf_ind' from 0.0MB to 0.0MB.
2024-05-10 23:38:43,776 - INFO - pyopencl - build program: kernel 'frozen_f2allf_ind' was part of a lengthy source build resulting from a binary cache miss (0.36 s)
2024-05-10 23:38:43,788 - INFO - meshmode.array_context - Transforming kernel 'frozen_f2allf_ind' with 1 statements.
2024-05-10 23:38:43,798 - INFO - meshmode.array_context - Array Contraction: Contracting 0 temps
2024-05-10 23:38:43,800 - INFO - meshmode.array_context - [_alias_global_temporaries]: Reduced memory requirement of 'frozen_f2allf_ind' from 0.0MB to 0.0MB.
2024-05-10 23:38:44,207 - INFO - pyopencl - build program: kernel 'frozen_f2allf_ind' was part of a lengthy source build resulting from a binary cache miss (0.36 s)
2024-05-10 23:38:44,988 - INFO - meshmode.array_context - Transforming kernel 'frozen_inv_metric_deriv_vol' with 45 statements.
2024-05-10 23:38:46,035 - INFO - loopy.tools - fuse_same_discretization_entity_loops on 'frozen_inv_metric_deriv_vol': completed (0.95s wall 1.00x CPU)
2024-05-10 23:38:46,086 - INFO - meshmode.array_context - Loop Fusion: completed (1.09s wall 1.00x CPU)
2024-05-10 23:38:46,214 - INFO - meshmode.array_context - Array Contraction: Contracting 0 temps
2024-05-10 23:38:46,254 - INFO - meshmode.array_context - [_alias_global_temporaries]: Reduced memory requirement of 'frozen_inv_metric_deriv_vol' from 1.7MB to 0.5MB.
2024-05-10 23:38:47,044 - INFO - loopy.tools - preprocess_program on 'frozen_inv_metric_deriv_vol': completed (0.62s wall 1.00x CPU)
2024-05-10 23:38:49,231 - INFO - pyopencl - build program: kernel 'frozen_inv_metric_deriv_vol' was part of a lengthy source build resulting from a binary cache miss (0.59 s)
/p/gpfs1/mtcampbe/CEESD/AutomatedTesting/MIRGE-Timing/timing/emirge/mirgecom/mirgecom/artificial_viscosity.py:347: UserWarning: The AV boundary_kwargs interface is deprecated, please pass gas_model and time directly.
  warn("The AV boundary_kwargs interface is deprecated, please pass gas_model"
2024-05-10 23:38:50,597 - INFO - grudge.array_context - deduplicate_data_wrappers[pre-partition]: completed (0.54s wall 1.00x CPU)
failed to infer axis 1 of array of type <class 'pytato.array.Reshape'>.
expr.non_equality_tags=frozenset()
2024-05-10 23:38:52,786 - INFO - grudge.array_context - transform_dag.infer_axes_tags[pre-partition]: completed (1.92s wall 1.00x CPU)
2024-05-10 23:38:53,299 - INFO - pytato.distributed.verify - find_partition: Split 3430 nodes into 1 parts, with [3430] nodes in each partition.
2024-05-10 23:38:55,046 - INFO - meshmode.array_context - transform_dag.materialize_all_einsums_or_reduces: completed (0.44s wall 1.00x CPU)
failed to infer axis 1 of array of type <class 'pytato.array.Reshape'>.
expr.non_equality_tags=frozenset()
2024-05-10 23:38:56,930 - INFO - meshmode.array_context - transform_dag.infer_axes_tags: completed (1.88s wall 1.00x CPU)
2024-05-10 23:38:57,238 - INFO - meshmode.array_context - Transforming kernel 'frozen_result' with 1 statements.
2024-05-10 23:38:57,249 - INFO - meshmode.array_context - Array Contraction: Contracting 0 temps
2024-05-10 23:38:57,251 - INFO - meshmode.array_context - [_alias_global_temporaries]: Reduced memory requirement of 'frozen_result' from 0.0MB to 0.0MB.
2024-05-10 23:38:57,671 - INFO - pyopencl - build program: kernel 'frozen_result' was part of a lengthy source build resulting from a binary cache miss (0.37 s)
2024-05-10 23:38:57,686 - INFO - meshmode.array_context - Transforming kernel 'frozen_result' with 1 statements.
2024-05-10 23:38:57,717 - INFO - meshmode.array_context - Array Contraction: Contracting 0 temps
_get_iel_to_idofs: str(insn)="_ary_store: _ary[idim_ensm0, idim_ensm0_0, iel_ensm0] <- inv_metric_deriv_vol[((idim_ensm0*5008 + idim_ensm0_0*2504 + iel_ensm0) % 10016) // 5008, ((idim_ensm0*5008 + idim_ensm0_0*2504 + iel_ensm0) % 5008) // 2504, (idim_ensm0*5008 + idim_ensm0_0*2504 + iel_ensm0) % 2504, 0] {tags=EinsumTag(orig_loop_nest=frozenset({'iel_0_0_', 'idim_1_0_', 'idim_0_0_'}))}"
2024-05-10 23:38:58,263 - INFO - pyopencl - build program: kernel 'frozen_result' was part of a lengthy source build resulting from a binary cache miss (0.39 s)
2024-05-10 23:38:58,283 - INFO - meshmode.array_context - Transforming kernel 'frozen_result' with 1 statements.
2024-05-10 23:38:58,304 - INFO - meshmode.array_context - Array Contraction: Contracting 0 temps
_get_iel_to_idofs: str(insn)="_ary_store: _ary[iface_ensm0, iel_ensm0] <- _actx_dw[((iface_ensm0*2504 + iel_ensm0) % 7512) // 2504, (iface_ensm0*2504 + iel_ensm0) % 2504, 0] {tags=EinsumTag(orig_loop_nest=frozenset({'iel_0_0_', 'iface_0_0_'}))}"
2024-05-10 23:38:58,808 - INFO - pyopencl - build program: kernel 'frozen_result' was part of a lengthy source build resulting from a binary cache miss (0.38 s)
2024-05-10 23:38:58,840 - INFO - meshmode.array_context - Transforming kernel 'frozen_result' with 1 statements.
_get_iel_to_idofs: str(insn)="_ary_store: _ary[idim_ensm0, idim_ensm0_0, iel_ensm0] <- inv_metric_deriv_vol[((idim_ensm0*5008 + idim_ensm0_0*2504 + iel_ensm0) % 10016) // 5008, ((idim_ensm0*5008 + idim_ensm0_0*2504 + iel_ensm0) % 5008) // 2504, (idim_ensm0*5008 + idim_ensm0_0*2504 + iel_ensm0) % 2504, 0] {tags=EinsumTag(orig_loop_nest=frozenset({'iel_0_0_', 'idim_1_0_', 'idim_0_0_'}))}"
2024-05-10 23:38:59,177 - INFO - arraycontext.impl.pytato.compile - transform_dag for 'my_rhs': completed (5.88s wall 1.00x CPU)
2024-05-10 23:39:03,190 - INFO - arraycontext.impl.pytato.compile - generate_loopy for 'my_rhs': completed (4.01s wall 1.00x CPU)
2024-05-10 23:39:03,191 - INFO - meshmode.array_context - Transforming kernel 'my_rhs' with 355 statements.
2024-05-10 23:39:15,342 - INFO - loopy.tools - fuse_same_discretization_entity_loops on 'my_rhs': completed (11.32s wall 1.00x CPU)
2024-05-10 23:39:16,061 - INFO - meshmode.array_context - Loop Fusion: completed (12.85s wall 1.00x CPU)
2024-05-10 23:39:17,665 - INFO - meshmode.array_context - Array Contraction: Contracting 73 temps
2024-05-10 23:39:21,151 - INFO - loopy.tools - contract_arrays on 'my_rhs': completed (3.49s wall 1.00x CPU)
2024-05-10 23:39:21,574 - INFO - meshmode.array_context - Array Contraction: completed (4.55s wall 1.00x CPU)
2024-05-10 23:39:21,751 - INFO - meshmode.array_context - [_alias_global_temporaries]: Reduced memory requirement of 'my_rhs' from 16.3MB to 7.5MB.
2024-05-10 23:39:23,358 - INFO - arraycontext.impl.pytato.compile - transform_loopy_program for 'my_rhs': completed (20.17s wall 1.00x CPU)
2024-05-10 23:39:28,151 - INFO - loopy.preprocess - my_rhs: preprocess: completed (0.48s wall 1.00x CPU)
2024-05-10 23:39:30,683 - INFO - loopy.tools - preprocess_program on 'my_rhs': completed (6.36s wall 1.00x CPU)
2024-05-10 23:39:37,050 - INFO - loopy.schedule - my_rhs: schedule: completed (2.57s wall 1.00x CPU)
2024-05-10 23:39:45,218 - INFO - loopy.codegen - my_rhs: generate code: completed (4.34s wall 1.00x CPU)
2024-05-10 23:39:53,485 - INFO - pyopencl - build program: kernel 'my_rhs' was part of a lengthy source build resulting from a binary cache miss (5.91 s)
2024-05-10 23:39:54,957 - INFO - meshmode.array_context - Transforming kernel 'frozen_result' with 1 statements.
2024-05-10 23:39:54,973 - INFO - meshmode.array_context - Array Contraction: Contracting 0 temps
2024-05-10 23:39:54,975 - INFO - meshmode.array_context - [_alias_global_temporaries]: Reduced memory requirement of 'frozen_result' from 0.0MB to 0.0MB.
2024-05-10 23:39:55,411 - INFO - pyopencl - build program: kernel 'frozen_result' was part of a lengthy source build resulting from a binary cache miss (0.37 s)
2024-05-10 23:39:55,428 - INFO - meshmode.array_context - Transforming kernel 'frozen_result' with 1 statements.
2024-05-10 23:39:55,443 - INFO - meshmode.array_context - Array Contraction: Contracting 0 temps
2024-05-10 23:39:55,445 - INFO - meshmode.array_context - [_alias_global_temporaries]: Reduced memory requirement of 'frozen_result' from 0.0MB to 0.0MB.
2024-05-10 23:39:55,881 - INFO - pyopencl - build program: kernel 'frozen_result' was part of a lengthy source build resulting from a binary cache miss (0.37 s)
2024-05-10 23:39:55,906 - INFO - meshmode.array_context - Transforming kernel 'frozen_result' with 1 statements.
2024-05-10 23:39:55,922 - INFO - meshmode.array_context - Array Contraction: Contracting 0 temps
2024-05-10 23:39:55,924 - INFO - meshmode.array_context - [_alias_global_temporaries]: Reduced memory requirement of 'frozen_result' from 0.0MB to 0.0MB.
2024-05-10 23:39:56,361 - INFO - pyopencl - build program: kernel 'frozen_result' was part of a lengthy source build resulting from a binary cache miss (0.37 s)
2024-05-10 23:39:56,377 - INFO - meshmode.array_context - Transforming kernel 'frozen_result' with 1 statements.
2024-05-10 23:39:56,393 - INFO - meshmode.array_context - Array Contraction: Contracting 0 temps
2024-05-10 23:39:56,395 - INFO - meshmode.array_context - [_alias_global_temporaries]: Reduced memory requirement of 'frozen_result' from 0.0MB to 0.0MB.
2024-05-10 23:39:56,830 - INFO - pyopencl - build program: kernel 'frozen_result' was part of a lengthy source build resulting from a binary cache miss (0.37 s)
/p/gpfs1/mtcampbe/CEESD/AutomatedTesting/MIRGE-Timing/timing/emirge/mirgecom/mirgecom/steppers.py:439: UserWarning: Deduced force_eval=True for this timestepper. This can have a nontrivial performance impact. If you know that your timestepper does not require per-step forced evaluation, explicitly set force_eval=False.
  _advance_state_stepper_func(
2024-05-10 23:39:56,928 - INFO - meshmode.array_context - Transforming kernel 'frozen_result' with 4 statements.
2024-05-10 23:39:56,982 - INFO - meshmode.array_context - Array Contraction: Contracting 0 temps
2024-05-10 23:39:56,987 - INFO - meshmode.array_context - [_alias_global_temporaries]: Reduced memory requirement of 'frozen_result' from 0.0MB to 0.0MB.
2024-05-10 23:39:57,576 - INFO - pyopencl - build program: kernel 'frozen_result' was part of a lengthy source build resulting from a binary cache miss (0.38 s)
step = 0, sim time: 0.000000e+00 s, step walltime: 103.415 s
2024-05-10 23:39:57,787 - INFO - meshmode.array_context - Transforming kernel 'frozen_result' with 4 statements.
2024-05-10 23:39:57,840 - INFO - meshmode.array_context - Array Contraction: Contracting 0 temps
2024-05-10 23:39:57,845 - INFO - meshmode.array_context - [_alias_global_temporaries]: Reduced memory requirement of 'frozen_result' from 0.0MB to 0.0MB.
2024-05-10 23:39:58,434 - INFO - pyopencl - build program: kernel 'frozen_result' was part of a lengthy source build resulting from a binary cache miss (0.38 s)
step = 1, sim time: 1.000000e-08 s, step walltime: 0.786854 s
step = 2, sim time: 2.000000e-08 s, step walltime: 0.0609399 s
step = 3, sim time: 3.000000e-08 s, step walltime: 0.0332502 s
step = 4, sim time: 4.000000e-08 s, step walltime: 0.0329008 s
step = 5, sim time: 5.000000e-08 s, step walltime: 0.033108 s
step = 6, sim time: 6.000000e-08 s, step walltime: 0.0328051 s
step = 7, sim time: 7.000000e-08 s, step walltime: 0.0330759 s
step = 8, sim time: 8.000000e-08 s, step walltime: 0.0328399 s
step = 9, sim time: 9.000000e-08 s, step walltime: 0.0329255 s
step = 10, sim time: 1.000000e-07 s, step walltime: 0.0328896 s
step = 11, sim time: 1.100000e-07 s, step walltime: 0.03271 s
step = 12, sim time: 1.200000e-07 s, step walltime: 0.0326819 s
step = 13, sim time: 1.300000e-07 s, step walltime: 0.0327652 s
step = 14, sim time: 1.400000e-07 s, step walltime: 0.0326814 s
step = 15, sim time: 1.500000e-07 s, step walltime: 0.0329482 s
step = 16, sim time: 1.600000e-07 s, step walltime: 0.0327388 s
step = 17, sim time: 1.700000e-07 s, step walltime: 0.0329259 s
step = 18, sim time: 1.800000e-07 s, step walltime: 0.0327542 s
2024-05-10 23:39:59,144 - INFO - meshmode.array_context - Transforming kernel 'frozen_result' with 1 statements.
2024-05-10 23:39:59,160 - INFO - meshmode.array_context - Array Contraction: Contracting 0 temps
2024-05-10 23:39:59,163 - INFO - meshmode.array_context - [_alias_global_temporaries]: Reduced memory requirement of 'frozen_result' from 0.0MB to 0.0MB.
2024-05-10 23:39:59,600 - INFO - pyopencl - build program: kernel 'frozen_result' was part of a lengthy source build resulting from a binary cache miss (0.37 s)
2024-05-10 23:39:59,626 - INFO - meshmode.array_context - Transforming kernel 'frozen_result' with 1 statements.
2024-05-10 23:39:59,642 - INFO - meshmode.array_context - Array Contraction: Contracting 0 temps
2024-05-10 23:39:59,644 - INFO - meshmode.array_context - [_alias_global_temporaries]: Reduced memory requirement of 'frozen_result' from 0.0MB to 0.0MB.
2024-05-10 23:40:00,079 - INFO - pyopencl - build program: kernel 'frozen_result' was part of a lengthy source build resulting from a binary cache miss (0.37 s)
2024-05-10 23:40:00,153 - INFO - meshmode.array_context - Transforming kernel 'frozen_result' with 4 statements.
2024-05-10 23:40:00,207 - INFO - meshmode.array_context - Array Contraction: Contracting 0 temps
2024-05-10 23:40:00,212 - INFO - meshmode.array_context - [_alias_global_temporaries]: Reduced memory requirement of 'frozen_result' from 0.0MB to 0.0MB.
2024-05-10 23:40:00,800 - INFO - pyopencl - build program: kernel 'frozen_result' was part of a lengthy source build resulting from a binary cache miss (0.38 s)
step = 19, sim time: 1.900000e-07 s, step walltime: 1.70103 s
2024-05-10 23:40:00,848 - INFO - pytato.distributed.verify - find_partition: Split 22 nodes into 1 parts, with [22] nodes in each partition.
2024-05-10 23:40:00,902 - INFO - meshmode.array_context - Transforming kernel 'get_fluid_state' with 15 statements.
2024-05-10 23:40:01,047 - INFO - meshmode.array_context - Array Contraction: Contracting 1 temps
2024-05-10 23:40:01,071 - INFO - meshmode.array_context - [_alias_global_temporaries]: Reduced memory requirement of 'get_fluid_state' from 0.1MB to 0.1MB.
2024-05-10 23:40:01,932 - INFO - pyopencl - build program: kernel 'get_fluid_state' was part of a lengthy source build resulting from a binary cache miss (0.39 s)
Checkpointing final state ...
2024-05-10 23:40:02,010 - INFO - meshmode.array_context - Transforming kernel 'frozen_result' with 4 statements.
2024-05-10 23:40:02,061 - INFO - meshmode.array_context - Array Contraction: Contracting 3 temps
2024-05-10 23:40:02,096 - INFO - meshmode.array_context - [_alias_global_temporaries]: Reduced memory requirement of 'frozen_result' from 0.2MB to 0.2MB.
2024-05-10 23:40:02,626 - INFO - pyopencl - build program: kernel 'frozen_result' was part of a lengthy source build resulting from a binary cache miss (0.39 s)
-------- dt = 0.000e+00, cfl = 0.0228
-------- P (min, max) (Pa) = (1.284504623e+03, 2.753939220e+05)
-------- T (min, max) (K)  = (269.955, 2214.65)

2024-05-10 23:40:02,679 - INFO - meshmode.array_context - Transforming kernel 'frozen_result' with 3 statements.
2024-05-10 23:40:02,708 - INFO - meshmode.array_context - Array Contraction: Contracting 0 temps
2024-05-10 23:40:02,712 - INFO - meshmode.array_context - [_alias_global_temporaries]: Reduced memory requirement of 'frozen_result' from 0.1MB to 0.1MB.
2024-05-10 23:40:03,279 - INFO - pyopencl - build program: kernel 'frozen_result' was part of a lengthy source build resulting from a binary cache miss (0.40 s)
2024-05-10 23:40:03,302 - INFO - meshmode.array_context - Transforming kernel 'frozen_result' with 1 statements.
2024-05-10 23:40:03,310 - INFO - meshmode.array_context - Array Contraction: Contracting 0 temps
2024-05-10 23:40:03,312 - INFO - meshmode.array_context - [_alias_global_temporaries]: Reduced memory requirement of 'frozen_result' from 0.0MB to 0.0MB.
2024-05-10 23:40:03,754 - INFO - pyopencl - build program: kernel 'frozen_result' was part of a lengthy source build resulting from a binary cache miss (0.38 s)
2024-05-10 23:40:03,784 - INFO - meshmode.array_context - Transforming kernel 'frozen_result' with 3 statements.
2024-05-10 23:40:03,813 - INFO - meshmode.array_context - Array Contraction: Contracting 0 temps
2024-05-10 23:40:03,817 - INFO - meshmode.array_context - [_alias_global_temporaries]: Reduced memory requirement of 'frozen_result' from 0.1MB to 0.1MB.
2024-05-10 23:40:04,384 - INFO - pyopencl - build program: kernel 'frozen_result' was part of a lengthy source build resulting from a binary cache miss (0.40 s)
failed to infer axis 1 of array of type <class 'pytato.array.Reshape'>.
expr.non_equality_tags=frozenset()
2024-05-10 23:40:04,440 - INFO - meshmode.array_context - Transforming kernel 'frozen_result' with 6 statements.
2024-05-10 23:40:04,532 - INFO - meshmode.array_context - Array Contraction: Contracting 0 temps
2024-05-10 23:40:04,541 - INFO - meshmode.array_context - [_alias_global_temporaries]: Reduced memory requirement of 'frozen_result' from 0.2MB to 0.2MB.
2024-05-10 23:40:05,389 - INFO - pyopencl - build program: kernel 'frozen_result' was part of a lengthy source build resulting from a binary cache miss (0.47 s)
2024-05-10 23:40:05,454 - INFO - meshmode.array_context - Transforming kernel 'frozen_result' with 4 statements.
2024-05-10 23:40:05,499 - INFO - meshmode.array_context - Array Contraction: Contracting 2 temps
2024-05-10 23:40:05,525 - INFO - meshmode.array_context - [_alias_global_temporaries]: Reduced memory requirement of 'frozen_result' from 0.2MB to 0.2MB.
2024-05-10 23:40:06,134 - INFO - pyopencl - build program: kernel 'frozen_result' was part of a lengthy source build resulting from a binary cache miss (0.41 s)
nanobind: leaked 498 instances!
 - leaked instance 0x2002efbb7c58 of type "Kernel"
 - leaked instance 0x2002efcaf698 of type "Kernel"
 - leaked instance 0x105049b30 of type "Event"
 - leaked instance 0x104b73380 of type "Event"
 - leaked instance 0x1042535c0 of type "PooledSVM"
 - leaked instance 0x1098c4170 of type "PooledSVM"
 - leaked instance 0x109c2c9e0 of type "Event"
 - leaked instance 0x2002ef8151d8 of type "Kernel"
 - leaked instance 0x10a3a1580 of type "Event"
 - leaked instance 0x2002ef897ad8 of type "Kernel"
 - leaked instance 0x2002ff225618 of type "Kernel"
 - leaked instance 0x109bd3a00 of type "PooledSVM"
 - leaked instance 0x10a3ac110 of type "PooledSVM"
 - leaked instance 0x2002efb504d8 of type "Kernel"
 - leaked instance 0x10a9387e0 of type "Event"
 - leaked instance 0x2002fe327118 of type "Kernel"
 - leaked instance 0x10b713360 of type "PooledSVM"
 - leaked instance 0x10a395dd0 of type "Event"
 - leaked instance 0x108758ac0 of type "Event"
 - leaked instance 0x10a0a40b0 of type "Event"
 - leaked instance 0x2002fdd62a98 of type "Kernel"
 - leaked instance 0x10a3c0730 of type "Event"
 - leaked instance 0x2002ff0ff498 of type "Kernel"
 - leaked instance 0x108758590 of type "PooledSVM"
 - leaked instance 0x10a86d810 of type "PooledSVM"
 - leaked instance 0x10a81ef50 of type "Event"
 - leaked instance 0x1098c8820 of type "Event"
 - leaked instance 0x2002eeb6ef18 of type "Kernel"
 - leaked instance 0x2002eec9f998 of type "Kernel"
 - leaked instance 0x2002ef0a0218 of type "Kernel"
 - leaked instance 0x10a3be1b0 of type "Event"
 - leaked instance 0x10a228c20 of type "PooledSVM"
 - leaked instance 0x20000beb2f98 of type "Context"
 - leaked instance 0x10a27fbe0 of type "Event"
 - leaked instance 0x108800330 of type "Event"
 - leaked instance 0x104bc7b90 of type "PooledSVM"
 - leaked instance 0x2002efc8a8d8 of type "Kernel"
 - leaked instance 0x10a2b5900 of type "Event"
 - leaked instance 0x10a54a9a0 of type "Event"
 - leaked instance 0x10a53c520 of type "Event"
 - leaked instance 0x2002fdbf7a58 of type "Kernel"
 - leaked instance 0x2002fdfc3f58 of type "Kernel"
 - leaked instance 0x10a54aae0 of type "Event"
 - leaked instance 0x10a515f50 of type "Event"
 - leaked instance 0x2002efb508d8 of type "Kernel"
 - leaked instance 0x10ae16f90 of type "Event"
 - leaked instance 0x10a054e90 of type "PooledSVM"
 - leaked instance 0x2002efac8e18 of type "Kernel"
 - leaked instance 0x10a7cfd30 of type "Event"
 - leaked instance 0x10ae46de0 of type "PooledSVM"
 - leaked instance 0x104b5c930 of type "Event"
 - leaked instance 0x10a823a10 of type "Event"
 - leaked instance 0x10a53ab80 of type "Event"
 - leaked instance 0x109c2c990 of type "PooledSVM"
 - leaked instance 0x2002fdbe57d8 of type "Kernel"
 - leaked instance 0x2002ef28fc98 of type "Kernel"
 - leaked instance 0x10a2a92b0 of type "Event"
 - leaked instance 0x10a7e1ca0 of type "PooledSVM"
 - leaked instance 0x1087ac7a0 of type "PooledSVM"
 - leaked instance 0x2002fdc5c618 of type "Kernel"
 - leaked instance 0x109902da0 of type "PooledSVM"
 - leaked instance 0x10a411530 of type "PooledSVM"
 - leaked instance 0x109b8c780 of type "PooledSVM"
 - leaked instance 0x1095da690 of type "PooledSVM"
 - leaked instance 0x10a9026b0 of type "Event"
 - leaked instance 0x2002ef359198 of type "Kernel"
 - leaked instance 0x2002ef8671d8 of type "Kernel"
 - leaked instance 0x2002eef2abd8 of type "Kernel"
 - leaked instance 0x10a3d3a70 of type "Event"
 - leaked instance 0x10441c9f0 of type "PooledSVM"
 - leaked instance 0x1098c8360 of type "Event"
 - leaked instance 0x10a7b7dd0 of type "Event"
 - leaked instance 0x20022fda6858 of type "Kernel"
 - leaked instance 0x10afdf640 of type "PooledSVM"
 - leaked instance 0x2002ef140458 of type "Kernel"
 - leaked instance 0x1095df190 of type "Event"
 - leaked instance 0x1096e5b90 of type "PooledSVM"
 - leaked instance 0x109669a50 of type "PooledSVM"
 - leaked instance 0x10a880520 of type "PooledSVM"
 - leaked instance 0x10a8d5220 of type "PooledSVM"
 - leaked instance 0x2002fdfe68d8 of type "Kernel"
 - leaked instance 0x10a2ddcd0 of type "PooledSVM"
 - leaked instance 0x10a43a8f0 of type "PooledSVM"
 - leaked instance 0x109185200 of type "PooledSVM"
 - leaked instance 0x2002feb795d8 of type "Kernel"
 - leaked instance 0x2002ef170e18 of type "Kernel"
 - leaked instance 0x10a5043d0 of type "Event"
 - leaked instance 0x10a816280 of type "Event"
 - leaked instance 0x2002fec2fcd8 of type "Kernel"
 - leaked instance 0x1091859d0 of type "Event"
 - leaked instance 0x1088123c0 of type "PooledSVM"
 - leaked instance 0x10a0e87f0 of type "Event"
 - leaked instance 0x10a289e30 of type "Event"
 - leaked instance 0x10a25b6e0 of type "Event"
 - leaked instance 0x2002fdbd8c98 of type "Kernel"
 - leaked instance 0x2002efa57158 of type "Kernel"
 - leaked instance 0x2002ef833e58 of type "Kernel"
 - leaked instance 0x10b712a30 of type "Event"
 - leaked instance 0x2002efa91cd8 of type "Kernel"
 - leaked instance 0x2002ee587e98 of type "Kernel"
 - leaked instance 0x10a818220 of type "Event"
 - leaked instance 0x10aeeb1f0 of type "Event"
 - leaked instance 0x1099030b0 of type "Event"
 - leaked instance 0x10a4d30b0 of type "PooledSVM"
 - leaked instance 0x10a3165f0 of type "Event"
 - leaked instance 0x2002ef0f7b58 of type "Kernel"
 - leaked instance 0x2002eeba7758 of type "Kernel"
 - leaked instance 0x2002eeaf1c18 of type "Kernel"
 - leaked instance 0x106cc8e70 of type "PooledSVM"
 - leaked instance 0x10a48b390 of type "PooledSVM"
 - leaked instance 0x2002ff0846d8 of type "Kernel"
 - leaked instance 0x10a45b730 of type "Event"
 - leaked instance 0x10876c590 of type "PooledSVM"
 - leaked instance 0x10a460700 of type "Event"
 - leaked instance 0x2002eebb8b18 of type "Kernel"
 - leaked instance 0x10afb3dc0 of type "Event"
 - leaked instance 0x2002fee25f98 of type "Kernel"
 - leaked instance 0x10a0180d0 of type "Event"
 - leaked instance 0x104421da0 of type "Event"
 - leaked instance 0x104adffc0 of type "PooledSVM"
 - leaked instance 0x10a2ddc00 of type "PooledSVM"
 - leaked instance 0x10a3595f0 of type "PooledSVM"
 - leaked instance 0x2002eea8d1d8 of type "Kernel"
 - leaked instance 0x10887c3b0 of type "Event"
 - leaked instance 0x104adfc20 of type "Event"
 - leaked instance 0x1095798e0 of type "PooledSVM"
 - leaked instance 0x109579c50 of type "PooledSVM"
 - leaked instance 0x2002ef4e5458 of type "Kernel"
 - leaked instance 0x104f6a790 of type "Event"
 - leaked instance 0x10a273ed0 of type "PooledSVM"
 - leaked instance 0x10a1967a0 of type "PooledSVM"
 - leaked instance 0x10890edd0 of type "PooledSVM"
 - leaked instance 0x2002efb41918 of type "Kernel"
 - leaked instance 0x1087ed0f0 of type "Event"
 - leaked instance 0x2002ee41c518 of type "Kernel"
 - leaked instance 0x2002ff6fb158 of type "Kernel"
 - leaked instance 0x20002de301d8 of type "SVMAllocator"
 - leaked instance 0x2002fe4d8d58 of type "Kernel"
 - leaked instance 0x10a2f1740 of type "Event"
 - leaked instance 0x10a81a8e0 of type "Event"
 - leaked instance 0x2002ef90f458 of type "Kernel"
 - leaked instance 0x10a4179e0 of type "Event"
 - leaked instance 0x2002eec8cc18 of type "Kernel"
 - leaked instance 0x10a2ddc50 of type "Event"
 - leaked instance 0x2002ef4ab858 of type "Kernel"
 - leaked instance 0x10a3a6220 of type "PooledSVM"
 - leaked instance 0x2002ff1c7218 of type "Kernel"
 - leaked instance 0x1096e7680 of type "PooledSVM"
 - leaked instance 0x109e73e10 of type "Event"
 - leaked instance 0x10a0a4090 of type "Event"
 - leaked instance 0x1091883d0 of type "Event"
 - leaked instance 0x10885bdc0 of type "Event"
 - leaked instance 0x10a83bf40 of type "Event"
 - leaked instance 0x1097103a0 of type "PooledSVM"
 - leaked instance 0x2002efd0f318 of type "Kernel"
 - leaked instance 0x10a882fb0 of type "Event"
 - leaked instance 0x10a1c0ba0 of type "Event"
 - leaked instance 0x10917d080 of type "Event"
 - leaked instance 0x2002ff82bed8 of type "Kernel"
 - leaked instance 0x1050f00e0 of type "Event"
 - leaked instance 0x10982eac0 of type "PooledSVM"
 - leaked instance 0x1096d1160 of type "Event"
 - leaked instance 0x10aeeab30 of type "Event"
 - leaked instance 0x108753680 of type "Event"
 - leaked instance 0x10611d090 of type "PooledSVM"
 - leaked instance 0x10afdf7b0 of type "Event"
 - leaked instance 0x10a8d6d00 of type "Event"
 - leaked instance 0x10a7ddb30 of type "PooledSVM"
 - leaked instance 0x10b00ca10 of type "PooledSVM"
 - leaked instance 0x10887fd80 of type "Event"
 - leaked instance 0x10a50c080 of type "PooledSVM"
 - leaked instance 0x10a80eb70 of type "Event"
 - leaked instance 0x1098c8c20 of type "Event"
 - leaked instance 0x10879e810 of type "Event"
 - leaked instance 0x10a4cfcf0 of type "Event"
 - leaked instance 0x2002ff62e398 of type "Kernel"
 - leaked instance 0x1046f2b10 of type "Event"
 - leaked instance 0x1097323a0 of type "PooledSVM"
 - leaked instance 0x2002ef868a18 of type "Kernel"
 - leaked instance 0x2002ff7d5d18 of type "Kernel"
 - leaked instance 0x2002eecbc918 of type "Kernel"
 - leaked instance 0x108766be0 of type "PooledSVM"
 - leaked instance 0x2002ee434c18 of type "Kernel"
 - leaked instance 0x108763f90 of type "Event"
 - leaked instance 0x2002ef0e4358 of type "Kernel"
 - leaked instance 0x2002ed2aaf98 of type "Kernel"
 - leaked instance 0x10a509040 of type "Event"
 - leaked instance 0x108820aa0 of type "Event"
 - leaked instance 0x1097db5d0 of type "Event"
 - leaked instance 0x10b737ad0 of type "PooledSVM"
 - leaked instance 0x1098c8fa0 of type "Event"
 - leaked instance 0x10a4116e0 of type "PooledSVM"
 - leaked instance 0x2002eeddf358 of type "Kernel"
 - leaked instance 0x2002eec83a18 of type "Kernel"
 - leaked instance 0x10a56ed70 of type "PooledSVM"
 - leaked instance 0x10a4f14b0 of type "Event"
 - leaked instance 0x10a4217d0 of type "Event"
 - leaked instance 0x108846a90 of type "PooledSVM"
 - leaked instance 0x20022fde6998 of type "Kernel"
 - leaked instance 0x1098c8ea0 of type "Event"
 - leaked instance 0x2002ff89db98 of type "Kernel"
 - leaked instance 0x2002ee982e18 of type "Kernel"
 - leaked instance 0x10879e0d0 of type "Event"
 - leaked instance 0x108805140 of type "Event"
 - leaked instance 0x2002efd70f18 of type "Kernel"
 - leaked instance 0x10a4cf8b0 of type "PooledSVM"
 - leaked instance 0x102cde050 of type "Event"
 - leaked instance 0x2002ff143858 of type "Kernel"
 - leaked instance 0x1097e8620 of type "PooledSVM"
 - leaked instance 0x109886e40 of type "PooledSVM"
 - leaked instance 0x2002ef48be58 of type "Kernel"
 - leaked instance 0x2002efbc89d8 of type "Kernel"
 - leaked instance 0x1046f3210 of type "PooledSVM"
 - leaked instance 0x2002fd2a7358 of type "Kernel"
 - leaked instance 0x2002ff4d4658 of type "Kernel"
 - leaked instance 0x106106e30 of type "PooledSVM"
 - leaked instance 0x10a4b5a20 of type "Event"
 - leaked instance 0x10a06b180 of type "Event"
 - leaked instance 0x109607a90 of type "PooledSVM"
 - leaked instance 0x109a81a30 of type "Event"
 - leaked instance 0x10a443830 of type "Event"
 - leaked instance 0x108762770 of type "PooledSVM"
 - leaked instance 0x2002ef91ef18 of type "Kernel"
 - leaked instance 0x10a40da40 of type "Event"
 - leaked instance 0x10ae1a760 of type "Event"
 - leaked instance 0x10aee5220 of type "Event"
 - leaked instance 0x104adff60 of type "Event"
 - leaked instance 0x2002eef4e7d8 of type "Kernel"
 - leaked instance 0x1046f3300 of type "Event"
 - leaked instance 0x2002ef7cd8d8 of type "Kernel"
 - leaked instance 0x10a071d00 of type "PooledSVM"
 - leaked instance 0x2002eec53ad8 of type "Kernel"
 - leaked instance 0x106d2e5c0 of type "Event"
 - leaked instance 0x10b1262a0 of type "PooledSVM"
 - leaked instance 0x104b1b640 of type "Event"
 - leaked instance 0x10980e340 of type "PooledSVM"
 - leaked instance 0x109186010 of type "Event"
 - leaked instance 0x10a06d180 of type "PooledSVM"
 - leaked instance 0x10a524370 of type "Event"
 - leaked instance 0x2002ee5fca18 of type "Kernel"
 - leaked instance 0x10a53c350 of type "Event"
 - leaked instance 0x10a3c5740 of type "Event"
 - leaked instance 0x2002efe31f58 of type "Kernel"
 - leaked instance 0x10a54d3c0 of type "Event"
 - leaked instance 0x2002fd3037d8 of type "Kernel"
 - leaked instance 0x2002ef8c60d8 of type "Kernel"
 - leaked instance 0x10b00cfc0 of type "Event"
 - leaked instance 0x10a40e250 of type "PooledSVM"
 - leaked instance 0x10a34d3e0 of type "Event"
 - leaked instance 0x1096e9050 of type "PooledSVM"
 - leaked instance 0x2002ef7dc6d8 of type "Kernel"
 - leaked instance 0x10876de80 of type "Event"
 - leaked instance 0x2002ef48c958 of type "Kernel"
 - leaked instance 0x2002ffa03798 of type "Kernel"
 - leaked instance 0x109658660 of type "Event"
 - leaked instance 0x109197830 of type "PooledSVM"
 - leaked instance 0x2002fdb50e18 of type "Kernel"
 - leaked instance 0x10a86d730 of type "PooledSVM"
 - leaked instance 0x2002efd1f398 of type "Kernel"
 - leaked instance 0x2002fc1a40d8 of type "Kernel"
 - leaked instance 0x10aee59c0 of type "PooledSVM"
 - leaked instance 0x20002ddf4dc8 of type "SVMPool"
 - leaked instance 0x2002ee8df858 of type "Kernel"
 - leaked instance 0x10a4cfc50 of type "Event"
 - leaked instance 0x1050470d0 of type "PooledSVM"
 - leaked instance 0x1087c3a80 of type "Event"
 - leaked instance 0x10a417a80 of type "Event"
 - leaked instance 0x10ad6ae10 of type "Event"
 - leaked instance 0x2002ff7ed6d8 of type "Kernel"
 - leaked instance 0x100e39b20 of type "Context"
 - leaked instance 0x2002eedd8898 of type "Kernel"
 - leaked instance 0x2002efb50598 of type "Kernel"
 - leaked instance 0x10442b560 of type "PooledSVM"
 - leaked instance 0x2002efe268d8 of type "Kernel"
 - leaked instance 0x10b70dda0 of type "PooledSVM"
 - leaked instance 0x1097103f0 of type "Event"
 - leaked instance 0x10a939be0 of type "Event"
 - leaked instance 0x10a3a5e50 of type "PooledSVM"
 - leaked instance 0x10a860540 of type "PooledSVM"
 - leaked instance 0x2002fdd188d8 of type "Kernel"
 - leaked instance 0x10ae1a4e0 of type "PooledSVM"
 - leaked instance 0x20002de10a18 of type "CommandQueue"
 - leaked instance 0x10ad6a5f0 of type "Event"
 - leaked instance 0x10b08b020 of type "Event"
 - leaked instance 0x10915e430 of type "Event"
 - leaked instance 0x104a7c670 of type "PooledSVM"
 - leaked instance 0x10a1911a0 of type "PooledSVM"
 - leaked instance 0x2002ee2ff818 of type "Kernel"
 - leaked instance 0x10a395080 of type "PooledSVM"
 - leaked instance 0x10a005670 of type "PooledSVM"
 - leaked instance 0x2002efb31318 of type "Kernel"
 - leaked instance 0x10afb51a0 of type "PooledSVM"
 - leaked instance 0x104f9f8e0 of type "Event"
 - leaked instance 0x10aee5a10 of type "Event"
 - leaked instance 0x1010778a0 of type "PooledSVM"
 - leaked instance 0x10a510d60 of type "PooledSVM"
 - leaked instance 0x104b43ee0 of type "Event"
 - leaked instance 0x1087b1c10 of type "Event"
 - leaked instance 0x1010f9270 of type "PooledSVM"
 - leaked instance 0x109164e10 of type "Event"
 - leaked instance 0x108903f90 of type "Event"
 - leaked instance 0x10917cf90 of type "PooledSVM"
 - leaked instance 0x10b00ca60 of type "Event"
 - leaked instance 0x10a4916a0 of type "PooledSVM"
 - leaked instance 0x2002ff42a218 of type "Kernel"
 - leaked instance 0x2002ee59f418 of type "Kernel"
 - leaked instance 0x10b770360 of type "Event"
 - leaked instance 0x108761c70 of type "Event"
 - leaked instance 0x2002fca28a18 of type "Kernel"
 - leaked instance 0x108758500 of type "Event"
 - leaked instance 0x10a49ecb0 of type "Event"
 - leaked instance 0x2002ef7f7a18 of type "Kernel"
 - leaked instance 0x10a0c3d90 of type "PooledSVM"
 - leaked instance 0x2002efd33318 of type "Kernel"
 - leaked instance 0x1087b5250 of type "Event"
 - leaked instance 0x2002ef434058 of type "Kernel"
 - leaked instance 0x10a91b190 of type "PooledSVM"
 - leaked instance 0x2002ef225318 of type "Kernel"
 - leaked instance 0x10434a100 of type "PooledSVM"
 - leaked instance 0x109bcfb40 of type "Event"
 - leaked instance 0x10912e1e0 of type "PooledSVM"
 - leaked instance 0x10a19f720 of type "Event"
 - leaked instance 0x10a54f800 of type "Event"
 - leaked instance 0x1087b1bc0 of type "PooledSVM"
 - leaked instance 0x10b6e0410 of type "PooledSVM"
 - leaked instance 0x2002ef19da18 of type "Kernel"
 - leaked instance 0x2002fc664618 of type "Kernel"
 - leaked instance 0x10a3ba180 of type "Event"
 - leaked instance 0x2002ed1f1a58 of type "Kernel"
 - leaked instance 0x2002fdbf6b98 of type "Kernel"
 - leaked instance 0x10b0997c0 of type "PooledSVM"
 - leaked instance 0x10ad6a990 of type "PooledSVM"
 - leaked instance 0x10a3d3ee0 of type "Event"
 - leaked instance 0x10a06c4c0 of type "PooledSVM"
 - leaked instance 0x102b5e600 of type "Device"
 - leaked instance 0x2002ff9dc058 of type "Kernel"
 - leaked instance 0x2002ef8d9618 of type "Kernel"
 - leaked instance 0x10a5186e0 of type "Event"
 - leaked instance 0x2002fe65cb18 of type "Kernel"
 - leaked instance 0x2002ff3f8758 of type "Kernel"
 - leaked instance 0x1098ca3a0 of type "PooledSVM"
 - leaked instance 0x10a421700 of type "Event"
 - leaked instance 0x2002eecbc6d8 of type "Kernel"
 - leaked instance 0x10ad69f90 of type "Event"
 - leaked instance 0x10a468190 of type "PooledSVM"
 - leaked instance 0x2002ff32f698 of type "Kernel"
 - leaked instance 0x10afde150 of type "Event"
 - leaked instance 0x10b720680 of type "Event"
 - leaked instance 0x1098c86a0 of type "Event"
 - leaked instance 0x10a81f630 of type "Event"
 - leaked instance 0x2002ef827318 of type "Kernel"
 - leaked instance 0x2002ff246418 of type "Kernel"
 - leaked instance 0x10aee5eb0 of type "Event"
 - leaked instance 0x2002ff84ebd8 of type "Kernel"
 - leaked instance 0x1097dba30 of type "Event"
 - leaked instance 0x1098c81f0 of type "Event"
 - leaked instance 0x10a53c3f0 of type "PooledSVM"
 - leaked instance 0x2002fe265d58 of type "Kernel"
 - leaked instance 0x104bb1f40 of type "PooledSVM"
 - leaked instance 0x2002efd07818 of type "Kernel"
 - leaked instance 0x10a409590 of type "Event"
 - leaked instance 0x109907160 of type "Event"
 - leaked instance 0x1097db8d0 of type "Event"
 - leaked instance 0x1099a1af0 of type "Event"
 - leaked instance 0x1098c9070 of type "PooledSVM"
 - leaked instance 0x10a79b210 of type "Event"
 - leaked instance 0x10aff0e80 of type "Event"
 - leaked instance 0x1097efa90 of type "PooledSVM"
 - leaked instance 0x10a928d30 of type "Event"
 - leaked instance 0x2002ef108f58 of type "Kernel"
 - leaked instance 0x2002ef0bb818 of type "Kernel"
 - leaked instance 0x102d12240 of type "Platform"
 - leaked instance 0x2002ef482c98 of type "Kernel"
 - leaked instance 0x109bcf320 of type "PooledSVM"
 - leaked instance 0x10a824790 of type "PooledSVM"
 - leaked instance 0x10a931410 of type "PooledSVM"
 - leaked instance 0x10b00d6d0 of type "Event"
 - leaked instance 0x108800130 of type "Event"
 - leaked instance 0x10a45f610 of type "Event"
 - leaked instance 0x10a48b2b0 of type "Event"
 - leaked instance 0x2002eec81b58 of type "Kernel"
 - leaked instance 0x104b44050 of type "Event"
 - leaked instance 0x10a79b470 of type "Event"
 - leaked instance 0x10a2f1070 of type "Event"
 - leaked instance 0x10a404700 of type "PooledSVM"
 - leaked instance 0x109189250 of type "Event"
 - leaked instance 0x1097122a0 of type "Event"
 - leaked instance 0x10448f700 of type "Event"
 - leaked instance 0x10a90e370 of type "Event"
 - leaked instance 0x108846990 of type "Event"
 - leaked instance 0x108761bc0 of type "PooledSVM"
 - leaked instance 0x10a816570 of type "PooledSVM"
 - leaked instance 0x2002ef116c18 of type "Kernel"
 - leaked instance 0x1095de500 of type "Event"
 - leaked instance 0x108857360 of type "Event"
 - leaked instance 0x10a36e940 of type "PooledSVM"
 - leaked instance 0x2002efdd4358 of type "Kernel"
 - leaked instance 0x10a7e2570 of type "PooledSVM"
 - leaked instance 0x10a0bdc30 of type "PooledSVM"
 - leaked instance 0x2002ee345618 of type "Kernel"
 - leaked instance 0x2002ef38b9d8 of type "Kernel"
 - leaked instance 0x10b027180 of type "PooledSVM"
 - leaked instance 0x104adfb60 of type "Event"
 - leaked instance 0x10a921c30 of type "Event"
 - leaked instance 0x10a828c20 of type "Event"
 - leaked instance 0x10a5138b0 of type "PooledSVM"
 - leaked instance 0x109188310 of type "Event"
 - leaked instance 0x2002eeaa3518 of type "Kernel"
 - leaked instance 0x10a3c0f90 of type "Event"
 - leaked instance 0x2002ef20a558 of type "Kernel"
 - leaked instance 0x10a7c9c40 of type "PooledSVM"
 - leaked instance 0x1096587b0 of type "Event"
 - leaked instance 0x2002febf3fd8 of type "Kernel"
 - leaked instance 0x108844430 of type "PooledSVM"
 - leaked instance 0x10a7a6170 of type "PooledSVM"
 - leaked instance 0x10a918f60 of type "PooledSVM"
 - leaked instance 0x10a7cfc20 of type "PooledSVM"
 - leaked instance 0x2002ef865298 of type "Kernel"
 - leaked instance 0x10ae181a0 of type "Event"
 - leaked instance 0x1097dbc10 of type "Event"
 - leaked instance 0x1097db570 of type "Event"
 - leaked instance 0x2002ff970398 of type "Kernel"
 - leaked instance 0x104b19120 of type "Event"
 - leaked instance 0x10987cc10 of type "Event"
 - leaked instance 0x10b755240 of type "Event"
 - leaked instance 0x10a9313d0 of type "Event"
 - leaked instance 0x10a2fb4b0 of type "PooledSVM"
 - leaked instance 0x1097f3240 of type "PooledSVM"
 - leaked instance 0x1087a3c00 of type "PooledSVM"
 - leaked instance 0x109c00800 of type "Event"
 - leaked instance 0x2002eefcb1d8 of type "Kernel"
 - leaked instance 0x10ae18130 of type "PooledSVM"
 - leaked instance 0x109a83330 of type "PooledSVM"
 - leaked instance 0x10a051e80 of type "Event"
 - leaked instance 0x104fa8340 of type "Event"
 - leaked instance 0x10291d150 of type "Event"
 - leaked instance 0x2002ef0483d8 of type "Kernel"
 - leaked instance 0x10a40da80 of type "Event"
 - leaked instance 0x10a8297b0 of type "Event"
 - leaked instance 0x105052780 of type "PooledSVM"
 - leaked instance 0x1091884e0 of type "PooledSVM"
 - leaked instance 0x10a9159a0 of type "PooledSVM"
 - leaked instance 0x10879eef0 of type "PooledSVM"
 - leaked instance 0x1098cad20 of type "Event"
 - leaked instance 0x1097e9580 of type "Event"
 - leaked instance 0x2002ef8dc798 of type "Kernel"
 - leaked instance 0x2002ef4e4a98 of type "Kernel"
 - leaked instance 0x2002eed99318 of type "Kernel"
 - leaked instance 0x1046f26b0 of type "PooledSVM"
 - leaked instance 0x109a74410 of type "PooledSVM"
 - leaked instance 0x10a911730 of type "Event"
 - leaked instance 0x10a1b67c0 of type "Event"
 - leaked instance 0x10a28bf40 of type "Event"
 - leaked instance 0x2002fc0d16d8 of type "Kernel"
 - leaked instance 0x2002eec6c6d8 of type "Kernel"
 - leaked instance 0x10b76f5f0 of type "PooledSVM"
 - leaked instance 0x109946240 of type "Event"
 - leaked instance 0x109185eb0 of type "Event"
 - leaked instance 0x1095cc7f0 of type "PooledSVM"
 - leaked instance 0x10a9228d0 of type "Event"
 - leaked instance 0x10a9117d0 of type "Event"
 - leaked instance 0x2002eecbd2d8 of type "Kernel"
 - leaked instance 0x109184f50 of type "PooledSVM"
 - leaked instance 0x10a828e50 of type "Event"
 - leaked instance 0x1096776c0 of type "PooledSVM"
 - leaked instance 0x1097dc7d0 of type "Event"
 - leaked instance 0x10882b750 of type "Event"
 - leaked instance 0x109c2e2a0 of type "PooledSVM"
 - leaked instance 0x2002ef9ea198 of type "Kernel"
 - leaked instance 0x1098a8c00 of type "Event"
 - leaked instance 0x109677c90 of type "PooledSVM"
 - leaked instance 0x10a3c70b0 of type "PooledSVM"
 - leaked instance 0x10a482050 of type "PooledSVM"
 - leaked instance 0x2002fdf4dad8 of type "Kernel"
 - leaked instance 0x2002efdb95d8 of type "Kernel"
 - leaked instance 0x10a54a6e0 of type "Event"
 - leaked instance 0x2002ff5ee898 of type "Kernel"
 - leaked instance 0x2002ff406bd8 of type "Kernel"
 - leaked instance 0x10a880780 of type "PooledSVM"
 - leaked instance 0x10425dbb0 of type "Event"
 - leaked instance 0x2002efd4d158 of type "Kernel"
 - leaked instance 0x10ae857a0 of type "PooledSVM"
 - leaked instance 0x2002ee265658 of type "Kernel"
 - leaked instance 0x104ae1500 of type "PooledSVM"
 - leaked instance 0x1087ecfb0 of type "PooledSVM"
 - leaked instance 0x10a921a50 of type "Event"
 - leaked instance 0x10509a9c0 of type "Event"
 - leaked instance 0x109162c70 of type "Event"
 - leaked instance 0x1098bf360 of type "PooledSVM"
 - leaked instance 0x10a39ff50 of type "Event"
 - leaked instance 0x10a134830 of type "Event"
 - leaked instance 0x1097db810 of type "Event"
 - leaked instance 0x106ccdf80 of type "PooledSVM"
 - leaked instance 0x2002febcd5d8 of type "Kernel"
 - leaked instance 0x1087f87c0 of type "PooledSVM"
 - leaked instance 0x2002eecab7d8 of type "Kernel"
 - leaked instance 0x2002ef3316d8 of type "Kernel"
 - leaked instance 0x10a845df0 of type "PooledSVM"
nanobind: leaked 16 types!
 - leaked type "pyopencl._cl.Device"
 - leaked type "pyopencl._cl.status_code"
 - leaked type "pyopencl._cl.SVMAllocator"
 - leaked type "pyopencl._cl.SVMPointer"
 - leaked type "pyopencl._cl.CommandQueue"
 - leaked type "pyopencl._cl.AllocatorBase"
 - leaked type "pyopencl._cl.Event"
 - leaked type "pyopencl._cl.Buffer"
 - leaked type "pyopencl._cl.Kernel"
 - leaked type "pyopencl._cl.SVMPool"
 - leaked type "pyopencl._cl.PooledSVM"
 - ... skipped remainder
nanobind: leaked 102 functions!
 - leaked function "__init__"
 - leaked function "__hash__"
 - leaked function ""
 - leaked function "get_devices"
 - leaked function "__call__"
 - leaked function "host_timer"
 - leaked function "release"
 - leaked function "__hash__"
 - leaked function "_set_trace"
 - leaked function "alloc_size"
 - leaked function "__hash__"
 - ... skipped remainder
nanobind: this is likely caused by a reference counting issue in the binding code.

------------------------------------------------------------
Sender: LSF System <lsfadmin@lassen710>
Subject: Job 5860008: <isolator_timing_job.sh> in cluster <lassen> Done

Job <isolator_timing_job.sh> was submitted from host <lassen708> by user <mtcampbe> in cluster <lassen> at Fri May 10 23:35:50 2024
Job was executed on host(s) <1*lassen710>, in queue <pbatch>, as user <mtcampbe> in cluster <lassen> at Fri May 10 23:35:55 2024
                            <40*lassen420>
</g/g17/mtcampbe> was used as the home directory.
</p/gpfs1/mtcampbe/CEESD/AutomatedTesting/MIRGE-Timing/timing/emirge/mirgecom/y2-isolator/timing_run> was used as the working directory.
Started at Fri May 10 23:35:55 2024
Terminated at Fri May 10 23:40:25 2024
Results reported at Fri May 10 23:40:25 2024

Your job looked like:

------------------------------------------------------------
# LSBATCH: User input
#!/bin/bash

#BSUB -nnodes 1
#BSUB -G uiuc
#BSUB -W 60
#BSUB -q pbatch

printf "Running with EMIRGE_HOME=/p/gpfs1/mtcampbe/CEESD/AutomatedTesting/MIRGE-Timing/timing/emirge\n"

source "/p/gpfs1/mtcampbe/CEESD/AutomatedTesting/MIRGE-Timing/timing/emirge/config/activate_env.sh"
export PYOPENCL_CTX="port:tesla"
export XDG_CACHE_HOME="/tmp/mtcampbe/xdg-scratch"
rm -rf $XDG_CACHE_HOME
rm -f timing-run-done
which python
conda env list
env
env | grep LSB_MCPU_HOSTS

jsrun -g 1 -a 1 -n 1 python -O -u -m mpi4py ./isolator.py -i timing_params.yaml --lazy --log
touch timing-run-done


------------------------------------------------------------

Successfully completed.

Resource usage summary:

    CPU time :                                   0.29 sec.
    Max Memory :                                 59 MB
    Average Memory :                             57.89 MB
    Total Requested Memory :                     -
    Delta Memory :                               -
    Max Swap :                                   1634 MB
    Max Processes :                              4
    Max Threads :                                27
    Run time :                                   269 sec.
    Turnaround time :                            275 sec.

The output (if any) is above this job summary.

