Customizing shell for Lassen.
Running with EMIRGE_HOME=/p/gpfs1/mtcampbe/CEESD/AutomatedTesting/MIRGE-Timing/timing/emirge
Activating 'nozzle.lazy.timing.env' environment for '/p/gpfs1/mtcampbe/CEESD/AutomatedTesting/MIRGE-Timing/timing/emirge/miniforge3/bin/conda'.
/p/gpfs1/mtcampbe/CEESD/AutomatedTesting/MIRGE-Timing/timing/emirge/miniforge3/envs/nozzle.lazy.timing.env/bin/python
# conda environments:
#
                         /p/gpfs1/mtcampbe/CEESD/AutomatedTesting/MIRGE-Timing/testing/test-x/emirge/miniforge3/envs/testing.test.x
base                     /p/gpfs1/mtcampbe/CEESD/AutomatedTesting/MIRGE-Timing/timing/emirge/miniforge3
nozzle.lazy.timing.env  *  /p/gpfs1/mtcampbe/CEESD/AutomatedTesting/MIRGE-Timing/timing/emirge/miniforge3/envs/nozzle.lazy.timing.env
                         /usr/workspace/wsa/xpacc/Users/mtcampbe/CEESD/Quartz/Install/conda
                         /usr/workspace/wsa/xpacc/Users/mtcampbe/CEESD/Quartz/Install/conda/envs/abate.mtc_euler.env
                         /usr/workspace/wsa/xpacc/Users/mtcampbe/CEESD/Quartz/Install/conda/envs/ceesd.master
                         /usr/workspace/wsa/xpacc/Users/mtcampbe/CEESD/Quartz/Install/conda/envs/chem.master
                         /usr/workspace/wsa/xpacc/Users/mtcampbe/CEESD/Quartz/Install/conda/envs/dgfem
                         /usr/workspace/wsa/xpacc/Users/mtcampbe/CEESD/Quartz/Install/conda/envs/mc.master

LMOD_FAMILY_COMPILER_VERSION=8.3.1
PROJ_LIB=/p/gpfs1/mtcampbe/CEESD/AutomatedTesting/MIRGE-Timing/timing/emirge/miniforge3/envs/nozzle.lazy.timing.env/share/proj
LLNL_IPISOLATE=0
MANPATH=/usr/tce/packages/spectrum-mpi/ibm/spectrum-mpi-rolling-release/share/man:/usr/tce/packages/gcc/gcc-8.3.1/man:/opt/ibm/spectrumcomputing/lsf/10.1.0.10/man:/usr/man:/usr/share/man:/usr/local/man:/usr/X11R6/man:/usr/lib64/mvapich/default/man:/opt/ibm/spectrum_mpi/jsm_pmix/share/man
LSB_EXEC_CLUSTER=lassen
OMPI_COMM_WORLD_RANK=0
LMOD_FAMILY_CUDA=cuda
LMOD_ANCIENT_TIME=3600
GUESTFISH_INIT=\e[1;34m
_ModuleTable003_=LAp1c2VyTmFtZSA9ICJnY2MvOC4zLjEiLAp3ViA9ICIwMDAwMDAwMDguMDAwMDAwMDAzLjAwMDAwMDAwMS4qemZpbmFsIiwKfSwKbGFsbG9jID0gewpmbiA9ICIvdXNyL3RjZXRtcC9tb2R1bGVmaWxlcy9Db3JlL2xhbGxvYy8yLjAubHVhIiwKZnVsbE5hbWUgPSAibGFsbG9jLzIuMCIsCmxvYWRPcmRlciA9IDMsCnByb3BUID0ge30sCnN0YWNrRGVwdGggPSAwLApzdGF0dXMgPSAiYWN0aXZlIiwKdXNlck5hbWUgPSAibGFsbG9jLzIuMCIsCndWID0gIl4wMDAwMDAwMi4qemZpbmFsIiwKfSwKWyJzcGVjdHJ1bS1tcGkiXSA9IHsKZm4gPSAiL3Vzci90Y2UvbW9kdWxlZmlsZXMvQ29tcGlsZXIvZ2NjLzguMy4xL3NwZWN0cnVtLW1waS9yb2xsaW5nLXJlbGVhc2UubHVhIiwKZnVs
HOSTNAME=lassen597
LSB_EFFECTIVE_RSRCREQ=1*{select[(LN) && (type == any)] order[r15s:pg] span[hosts=1]}+40*{select[(CN) && (type == any)] order[r15s:pg] span[ptile=40]}
LSB_DOCKER_JOB_STARTTS=1656232383
BBHASH=ed908c94740f1e803203cd023f75f50f
JSM_TMPDIR=/var/tmp
MIRGE_TIMING_HOME=/p/gpfs1/mtcampbe/CEESD/AutomatedTesting/MIRGE-Timing/timing
LSF_LOGDIR=/opt/ibm/spectrumcomputing/lsf/log
LSF_LIM_API_NTRIES=1
LSB_BATCH_JID=3680954
__LMOD_REF_COUNT_MODULEPATH=/usr/tce/modulefiles/MPI/gcc/8.3.1/spectrum-mpi/rolling-release:1;/usr/tce/modulefiles/Compiler/gcc/8.3.1:1;/usr/tcetmp/modulefiles/Core:1;/usr/apps/modulefiles:1;/usr/share/modulefiles/Linux:1;/usr/share/modulefiles/Core:1;/usr/share/lmod/lmod/modulefiles/Core:1;/collab/usr/global/tools/modulefiles/blueos_3_ppc64le_ib_p9/Core:1
MAILTO=mtcampbe@illinois.edu,andreask@illinois.edu
SHELL=/bin/bash
LMOD_ROOT=/usr/share/lmod
HISTSIZE=1000
WISECONFIGDIR=/usr/share/wise2/
LMOD_SYSTEM_DEFAULT_MODULES=StdEnv
TMPDIR=/var/tmp
MODULEPATH_ROOT=/usr/share/modulefiles
SSH_CLIENT=192.168.66.202 37858 22
LS_EXECCWD=/p/gpfs1/mtcampbe/CEESD/AutomatedTesting/MIRGE-Timing/timing/emirge/mirgecom/y2-isolator/timing_run
LSB_TRAPSIGS=trap # 15 10 12 2 1
CONDA_SHLVL=1
LMOD_FAMILY_CUDA_VERSION=10.1.243
LS_JOBPID=117285
CONDA_PROMPT_MODIFIER=
LSB_MAX_NUM_PROCESSORS=41
LSB_JOBRES_CALLBACK=49273@lassen710
LMOD_PKG=/usr/share/lmod/lmod
LSB_JOB_EXECUSER=mtcampbe
LSB_JOBID=3680954
QTDIR=/usr/lib64/qt-3.3
LSF_SERVERDIR=/opt/ibm/spectrumcomputing/lsf/10.1.0.10/linux3.10-glibc2.17-ppc64le-csm/etc
LSB_JOBRES_PID=117285
LMOD_VERSION=8.6.16
LMOD_SHORT_TIME=60
QTINC=/usr/lib64/qt-3.3/include
LSB_JOBNAME=isolator_timing_job.sh
LLNL_COMPUTE_NODES=lassen597
LLNL_ATSDISABLE=0
BSUB_BLOCK_EXEC_HOST=
QT_GRAPHICSSYSTEM_CHECKED=1
LSF_LIBDIR=/opt/ibm/spectrumcomputing/lsf/10.1.0.10/linux3.10-glibc2.17-ppc64le-csm/lib
LSB_PROJECT_NAME=default
OPAL_PREFIX=/usr/tce/packages/spectrum-mpi/ibm/spectrum-mpi-rolling-release
CUDA_HOME=/usr/tce/packages/cuda/cuda-10.1.243
USER=mtcampbe
PYOPENCL_CTX=port:tesla
LMOD_sys=Linux
LD_LIBRARY_PATH=/opt/ibm/spectrumcomputing/lsf/10.1.0.10/linux3.10-glibc2.17-ppc64le-csm/lib:/usr/tce/packages/cuda/cuda-10.1.243/lib64
SBD_KRB5CCNAME_VAL=
LSB_EEXEC_REAL_UID=
CONDA_EXE=/p/gpfs1/mtcampbe/CEESD/AutomatedTesting/MIRGE-Timing/timing/emirge/miniforge3/bin/conda
CEESD=/usr/workspace/wsa/xpacc/Users/mtcampbe/CEESD/Lassen
ENV=/g/g17/mtcampbe/.bashrc
PFTP_CONFIG_FILENAME=/etc/pftp_config
HOST_GRP=linux
_ModuleTable004_=bE5hbWUgPSAic3BlY3RydW0tbXBpL3JvbGxpbmctcmVsZWFzZSIsCmxvYWRPcmRlciA9IDUsCnByb3BUID0ge30sCnN0YWNrRGVwdGggPSAwLApzdGF0dXMgPSAiYWN0aXZlIiwKdXNlck5hbWUgPSAic3BlY3RydW0tbXBpL3JvbGxpbmctcmVsZWFzZSIsCndWID0gIl5yb2xsaW5nLipyZWxlYXNlLip6ZmluYWwiLAp9LAp9LAptcGF0aEEgPSB7CiIvdXNyL3RjZS9tb2R1bGVmaWxlcy9NUEkvZ2NjLzguMy4xL3NwZWN0cnVtLW1waS9yb2xsaW5nLXJlbGVhc2UiCiwgIi91c3IvdGNlL21vZHVsZWZpbGVzL0NvbXBpbGVyL2djYy84LjMuMSIsICIvdXNyL3RjZXRtcC9tb2R1bGVmaWxlcy9Db3JlIgosICIvdXNyL2FwcHMvbW9kdWxlZmlsZXMiLCAiL3Vzci9zaGFyZS9tb2R1bGVm
HOSTTYPE=LINUXPPC64LE
LSF_INVOKE_CMD=bsub
CUDA_CACHE_DISABLE=1
LS_EXEC_T=START
LMOD_FAMILY_LALLOC=lalloc
LS_SUBCWD=/p/gpfs1/mtcampbe/CEESD/AutomatedTesting/MIRGE-Timing/timing/emirge/mirgecom/y2-isolator/timing_run
LSB_SUB_RES_REQ=1*{select[LN]span[hosts=1]} + 40*{select[CN]span[ptile=40]}
LSB_HOSTS=lassen710 lassen597 lassen597 lassen597 lassen597 lassen597 lassen597 lassen597 lassen597 lassen597 lassen597 lassen597 lassen597 lassen597 lassen597 lassen597 lassen597 lassen597 lassen597 lassen597 lassen597 lassen597 lassen597 lassen597 lassen597 lassen597 lassen597 lassen597 lassen597 lassen597 lassen597 lassen597 lassen597 lassen597 lassen597 lassen597 lassen597 lassen597 lassen597 lassen597 lassen597
LMOD_PREPEND_BLOCK=normal
LMOD_FAMILY_MPI_VERSION=rolling-release
GUESTFISH_PS1=\[\e[1;32m\]><fs>\[\e[0;31m\] 
_CE_CONDA=
LSB_UNIXGROUP_INT=mtcampbe
LSB_JOBFILENAME=/g/g17/mtcampbe/.lsbatch/1656232381.3680954
LSB_JOBINDEX=0
_ModuleTable001_=X01vZHVsZVRhYmxlXyA9IHsKTVR2ZXJzaW9uID0gMywKY19yZWJ1aWxkVGltZSA9IGZhbHNlLApjX3Nob3J0VGltZSA9IGZhbHNlLApkZXB0aFQgPSB7fSwKZmFtaWx5ID0gewpjb21waWxlciA9ICJnY2MiLApjdWRhID0gImN1ZGEiLApsYWxsb2MgPSAibGFsbG9jIiwKbXBpID0gInNwZWN0cnVtLW1waSIsCn0sCm1UID0gewpTdGRFbnYgPSB7CmZuID0gIi91c3IvdGNldG1wL21vZHVsZWZpbGVzL0NvcmUvU3RkRW52Lmx1YSIsCmZ1bGxOYW1lID0gIlN0ZEVudiIsCmxvYWRPcmRlciA9IDIsCnByb3BUID0gewpsbW9kID0gewpzdGlja3kgPSAxLAp9LAp9LApzdGFja0RlcHRoID0gMCwKc3RhdHVzID0gImFjdGl2ZSIsCnVzZXJOYW1lID0gIlN0ZEVudiIsCndWID0gIk0uKnpm
PATH=/usr/workspace/wsa/xpacc/Users/mtcampbe/CEESD/Lassen/conda-install/bin:/usr/workspace/wsa/xpacc/Users/mtcampbe/CEESD/Lassen/conda-install/bin:/usr/tce/packages/spectrum-mpi/spectrum-mpi-rolling-release-gcc-8.3.1/bin:/usr/tce/packages/gcc/gcc-8.3.1/bin:/usr/tce/packages/lalloc/lalloc-2.0/bin:/p/gpfs1/mtcampbe/CEESD/AutomatedTesting/MIRGE-Timing/timing/emirge/miniforge3/envs/nozzle.lazy.timing.env/bin:/p/gpfs1/mtcampbe/CEESD/AutomatedTesting/MIRGE-Timing/timing/emirge/miniforge3/bin:/usr/workspace/wsa/xpacc/Users/mtcampbe/CEESD/Lassen/conda-install/bin:/usr/tce/packages/cuda/cuda-10.1.243/bin:/usr/tcetmp/bin:/usr/condabin:/usr/lib64/qt-3.3/bin:/usr/local/bin:/usr/bin:/usr/local/sbin:/usr/sbin:/opt/ibm/spectrum_mpi/jsm_pmix/bin:/opt/ibm/bb/bin:/opt/ibm/flightlog/bin:/opt/ibutils/bin:/opt/ibm/spectrumcomputing/lsf/10.1.0.10/linux3.10-glibc2.17-ppc64le-csm/etc:/opt/ibm/spectrumcomputing/lsf/10.1.0.10/linux3.10-glibc2.17-ppc64le-csm/bin:/opt/ibm/spectrumcomputing/lsf/10.1.0.9/linux3.10-glibc2.17-ppc64le-csm/etc:/opt/ibm/spectrumcomputing/lsf/10.1.0.9/linux3.10-glibc2.17-ppc64le-csm/bin
MAIL=/var/spool/mail/mtcampbe
PROJ_NETWORK=ON
LCSCHEDCLUSTER=lassen
LSB_EXIT_PRE_ABORT=99
LSB_JOBEXIT_STAT=0
LMOD_SETTARG_CMD=:
LMOD_FAMILY_LALLOC_VERSION=2.0
CONDA_PREFIX=/p/gpfs1/mtcampbe/CEESD/AutomatedTesting/MIRGE-Timing/timing/emirge/miniforge3/envs/nozzle.lazy.timing.env
INPUTRC=/etc/inputrc
PWD=/p/gpfs1/mtcampbe/CEESD/AutomatedTesting/MIRGE-Timing/timing/emirge/mirgecom/y2-isolator/timing_run
_LMFILES_=/usr/tcetmp/modulefiles/Core/cuda/10.1.243.lua:/usr/tcetmp/modulefiles/Core/StdEnv.lua:/usr/tcetmp/modulefiles/Core/lalloc/2.0.lua:/usr/tcetmp/modulefiles/Core/gcc/8.3.1.lua:/usr/tce/modulefiles/Compiler/gcc/8.3.1/spectrum-mpi/rolling-release.lua
EDITOR=/bin/vi
LANG=en_US.UTF-8
LSB_CHKFILENAME=/g/g17/mtcampbe/.lsbatch/1656232381.3680954
MODULEPATH=/usr/tce/modulefiles/MPI/gcc/8.3.1/spectrum-mpi/rolling-release:/usr/tce/modulefiles/Compiler/gcc/8.3.1:/usr/tcetmp/modulefiles/Core:/usr/apps/modulefiles:/usr/share/modulefiles/Linux:/usr/share/modulefiles/Core:/usr/share/lmod/lmod/modulefiles/Core:/collab/usr/global/tools/modulefiles/blueos_3_ppc64le_ib_p9/Core
LSB_DJOB_HOSTFILE=/g/g17/mtcampbe/.lsbatch/1656232381.3680954.hostfile
LOADEDMODULES=cuda/10.1.243:StdEnv:lalloc/2.0:gcc/8.3.1:spectrum-mpi/rolling-release
KDEDIRS=/usr
GUESTFISH_OUTPUT=\e[0m
_ModuleTable_Sz_=5
LSB_JOB_STARTER=/usr/tcetmp/bin/bsub_job_starter %USRCMD
EMIRGE_HOME=/p/gpfs1/mtcampbe/CEESD/AutomatedTesting/MIRGE-Timing/timing/emirge
LSF_JOB_TIMESTAMP_VALUE=1656232383
LMOD_CMD=/usr/share/lmod/lmod/libexec/lmod
_ModuleTable005_=aWxlcy9MaW51eCIKLCAiL3Vzci9zaGFyZS9tb2R1bGVmaWxlcy9Db3JlIiwgIi91c3Ivc2hhcmUvbG1vZC9sbW9kL21vZHVsZWZpbGVzL0NvcmUiLCAiL2NvbGxhYi91c3IvZ2xvYmFsL3Rvb2xzL21vZHVsZWZpbGVzL2JsdWVvc18zX3BwYzY0bGVfaWJfcDkvQ29yZSIsCn0sCnN5c3RlbUJhc2VNUEFUSCA9ICIvdXNyL3RjZXRtcC9tb2R1bGVmaWxlcy9Db3JlOi91c3IvYXBwcy9tb2R1bGVmaWxlczovdXNyL3NoYXJlL21vZHVsZWZpbGVzL0xpbnV4Oi91c3Ivc2hhcmUvbW9kdWxlZmlsZXMvQ29yZTovdXNyL3NoYXJlL2xtb2QvbG1vZC9tb2R1bGVmaWxlcy9Db3JlIiwKfQo=
BBPATH=/mnt/bb_ed908c94740f1e803203cd023f75f50f
LSB_EXEC_HOSTTYPE=UNKNOWN_AUTO_DETECT
LSB_DJOB_NUMPROC=41
LSF_BINDIR=/opt/ibm/spectrumcomputing/lsf/10.1.0.10/linux3.10-glibc2.17-ppc64le-csm/bin
LLNL_NUM_COMPUTE_NODES=1
HISTCONTROL=ignoredups
ENVIRONMENT=BATCH
_CE_M=
SSH_ASKPASS=/usr/libexec/openssh/gnome-ssh-askpass
CXX=mpicxx
HOME=/g/g17/mtcampbe
SHLVL=6
__LMOD_REF_COUNT_PATH=/usr/tce/packages/spectrum-mpi/spectrum-mpi-rolling-release-gcc-8.3.1/bin:2;/usr/tce/packages/gcc/gcc-8.3.1/bin:2;/usr/tce/packages/lalloc/lalloc-2.0/bin:2;/p/gpfs1/mtcampbe/CEESD/AutomatedTesting/MIRGE-Timing/timing/emirge/miniforge3/envs/nozzle.lazy.timing.env/bin:1;/p/gpfs1/mtcampbe/CEESD/AutomatedTesting/MIRGE-Timing/timing/emirge/miniforge3/bin:1;/usr/workspace/wsa/xpacc/Users/mtcampbe/CEESD/Lassen/conda-install/bin:1;/usr/tce/packages/cuda/cuda-10.1.243/bin:2;/usr/tcetmp/bin:2;/usr/condabin:1;/usr/lib64/qt-3.3/bin:1;/usr/local/bin:1;/usr/bin:1;/usr/local/sbin:1;/usr/sbin:1;/opt/ibm/spectrum_mpi/jsm_pmix/bin:1;/opt/ibm/bb/bin:1;/opt/ibm/flightlog/bin:1;/opt/ibutils/bin:1;/opt/ibm/spectrumcomputing/lsf/10.1.0.10/linux3.10-glibc2.17-ppc64le-csm/etc:1;/opt/ibm/spectrumcomputing/lsf/10.1.0.10/linux3.10-glibc2.17-ppc64le-csm/bin:1;/opt/ibm/spectrumcomputing/lsf/10.1.0.9/linux3.10-glibc2.17-ppc64le-csm/etc:1;/opt/ibm/spectrumcomputing/lsf/10.1.0.9/linux3.10-glibc2.17-ppc64le-csm/bin:1
JOB_TERMINATE_INTERVAL=10
LSB_ACCT_FILE=/tmp/3680954.tmpdir/.1656232381.3680954.acct
_ModuleTable002_=aW5hbCIsCn0sCmN1ZGEgPSB7CmZuID0gIi91c3IvdGNldG1wL21vZHVsZWZpbGVzL0NvcmUvY3VkYS8xMC4xLjI0My5sdWEiLApmdWxsTmFtZSA9ICJjdWRhLzEwLjEuMjQzIiwKbG9hZE9yZGVyID0gMSwKcHJvcFQgPSB7fSwKc3RhY2tEZXB0aCA9IDEsCnN0YXR1cyA9ICJhY3RpdmUiLAp1c2VyTmFtZSA9ICJjdWRhLzEwLjEuMjQzIiwKd1YgPSAiXjAwMDAwMDEwLjAwMDAwMDAwMS4wMDAwMDAyNDMuKnpmaW5hbCIsCn0sCmdjYyA9IHsKZm4gPSAiL3Vzci90Y2V0bXAvbW9kdWxlZmlsZXMvQ29yZS9nY2MvOC4zLjEubHVhIiwKZnVsbE5hbWUgPSAiZ2NjLzguMy4xIiwKbG9hZE9yZGVyID0gNCwKcHJvcFQgPSB7fSwKc3RhY2tEZXB0aCA9IDAsCnN0YXR1cyA9ICJhY3RpdmUi
CSM_ALLOCATION_ID=3739840
BINARY_TYPE_HPC=
LLNL_CORE_ISOLATION=2
FC=mpif90
LSB_SUB_HOST=lassen708
XDG_CACHE_HOME=/tmp/mtcampbe/xdg-scratch
__LSF_JOB_TMPDIR__=/tmp/3680954.tmpdir
LSFUSER=mtcampbe
LSB_SUB_USER=mtcampbe
LSB_OUTPUTFILE=/p/gpfs1/mtcampbe/CEESD/AutomatedTesting/MIRGE-Timing/timing/emirge/mirgecom/y2-isolator/timing_run/
LSB_OUTDIR=/p/gpfs1/mtcampbe/CEESD/AutomatedTesting/MIRGE-Timing/timing/emirge/mirgecom/y2-isolator/timing_run
LSB_MCPU_HOSTS=lassen710 1 lassen597 40 
LMOD_arch=ppc64le
TMP=/var/tmp
MPI_ROOT=/usr/tce/packages/spectrum-mpi/ibm/spectrum-mpi-rolling-release
LSB_QUEUE=pbatch
CONDA_PYTHON_EXE=/p/gpfs1/mtcampbe/CEESD/AutomatedTesting/MIRGE-Timing/timing/emirge/miniforge3/bin/python
LOGNAME=mtcampbe
QTLIB=/usr/lib64/qt-3.3/lib
CVS_RSH=ssh
XLSF_UIDDIR=/opt/ibm/spectrumcomputing/lsf/10.1.0.10/linux3.10-glibc2.17-ppc64le-csm/lib/uid
XDG_DATA_DIRS=/g/g17/mtcampbe/.local/share/flatpak/exports/share:/var/lib/flatpak/exports/share:/usr/local/share:/usr/share
CEESD_CONDA_LASSEN=/usr/workspace/wsa/xpacc/Users/mtcampbe/CEESD/Lassen/conda-install
SSH_CONNECTION=192.168.66.202 37858 192.168.66.89 22
SYS_TYPE=blueos_3_ppc64le_ib_p9
MODULESHOME=/usr/share/lmod/lmod
LMOD_SETTARG_FULL_SUPPORT=no
LESSOPEN=||/usr/bin/lesspipe.sh %s
__LMOD_REF_COUNT_LD_LIBRARY_PATH=/usr/tce/packages/cuda/cuda-10.1.243/lib64:1;/opt/ibm/spectrumcomputing/lsf/10.1.0.10/linux3.10-glibc2.17-ppc64le-csm/lib:1
PKG_CONFIG_PATH=/usr/tce/packages/cuda/cuda-10.1.243/lib64/pkgconfig
OMP_NUM_THREADS=1
LSF_CGROUP_TOPDIR_KEY=lassen
CONDA_DEFAULT_ENV=nozzle.lazy.timing.env
LMOD_FULL_SETTARG_SUPPORT=no
LMOD_FAMILY_COMPILER=gcc
LSB_XFER_OP=
LSB_EEXEC_REAL_GID=
__LMOD_REF_COUNT_PKG_CONFIG_PATH=/usr/tce/packages/cuda/cuda-10.1.243/lib64/pkgconfig:1
CC=mpicc
QT_PLUGIN_PATH=/usr/lib64/kde4/plugins:/usr/lib/kde4/plugins
LMOD_DIR=/usr/share/lmod/lmod/libexec
LEXEC_UNPICKLE_QUIET=1
__LMOD_REF_COUNT_MANPATH=/usr/tce/packages/spectrum-mpi/ibm/spectrum-mpi-rolling-release/share/man:1;/usr/tce/packages/gcc/gcc-8.3.1/man:1;/opt/ibm/spectrumcomputing/lsf/10.1.0.10/man:1;/usr/man:1;/usr/share/man:1;/usr/local/man:1;/usr/X11R6/man:1;/usr/lib64/mvapich/default/man:1;/opt/ibm/spectrum_mpi/jsm_pmix/share/man:1
LSF_ENVDIR=/opt/ibm/spectrumcomputing/lsf/conf
GUESTFISH_RESTORE=\e[0m
LSB_DJOB_RANKFILE=/g/g17/mtcampbe/.lsbatch/1656232381.3680954.hostfile
LMOD_FAMILY_MPI=spectrum-mpi
LMOD_COLORIZE=yes
HISTFILE=/g/g17/mtcampbe/.bash_history
BASH_FUNC_module()=() {  local __lmod_my_status;
 local __lmod_sh_dbg;
 if [ -z "${LMOD_SH_DBG_ON+x}" ]; then
 case "$-" in 
 *v*x*)
 __lmod_sh_dbg='vx'
 ;;
 *v*)
 __lmod_sh_dbg='v'
 ;;
 *x*)
 __lmod_sh_dbg='x'
 ;;
 esac;
 fi;
 if [ -n "${__lmod_sh_dbg:-}" ]; then
 set +$__lmod_sh_dbg;
 echo "Shell debugging temporarily silenced: export LMOD_SH_DBG_ON=1 for Lmod's output" 1>&2;
 fi;
 eval "$($LMOD_CMD bash "$@")" && eval $(${LMOD_SETTARG_CMD:-:} -s sh);
 __lmod_my_status=$?;
 if [ -n "${__lmod_sh_dbg:-}" ]; then
 echo "Shell debugging restarted" 1>&2;
 set -$__lmod_sh_dbg;
 fi;
 return $__lmod_my_status
}
BASH_FUNC_ml()=() {  eval "$($LMOD_DIR/ml_cmd "$@")"
}
_=/usr/bin/env
LSB_MCPU_HOSTS=lassen710 1 lassen597 40 
Default casename isolator
2022-06-26 01:33:14,540 - INFO - grudge.array_context - get_reasonable_array_context_class: MPIFusionContractorArrayContext lazy=True distributed=True device-parallel=True
Using user input from file: timing_params.yaml
Running ./isolator.py

Shock capturing parameters: alpha 0.5, s0 -4.0, kappa 0.5

#### Simluation control data: ####
	nviz = 100
	nrestart = 100
	nhealth = 100
	nstatus = 100
	current_dt = 1e-08
	t_final = 2e-07
	order = 1
	dimen = 2
	Time integration rk4
#### Simluation control data: ####


#### Simluation material properties: ####
	mu = 4.216360056e-05
	kappa = 0.05621788139856423
	Prandtl Number  = 0.75
#### Simluation initialization data: ####
	inlet Mach number 0.038727226466056475
	inlet temperature 2075.8073416311686
	inlet pressure 274212.0081934861
	inlet rho 0.4623484671063763
	inlet velocity 35.28896626974282
	outlet Mach number 3.661995139955526
	outlet temperature 563.9344091915701
	outlet pressure 2865.7077436508835
	outlet rho 0.01778579568979098
	outlet velocity 1739.2462693097807
#### Simluation initialization data: ####

Reading mesh from data/isolator.msh
2022-06-26 01:33:33,040 - INFO - meshmode.distributed - rank 0: sent all mesh partitions
Making discretization
./isolator.py:1100: DeprecationWarning: EagerDGDiscretization is deprecated and will go away in 2022. Use the base DiscretizationCollection with grudge.op instead.
  discr = EagerDGDiscretization(
Done making discretization
2022-06-26 01:33:33,353 - INFO - meshmode.array_context - Transforming kernel with 1 statements.
2022-06-26 01:33:33,399 - INFO - meshmode.array_context - Array Contraction: Contracting 0 temps
2022-06-26 01:33:33,756 - INFO - loopy.tools - preprocess_program on '_pt_kernel': completed (0.34s wall 0.30x CPU)
2022-06-26 01:33:34,744 - INFO - pyopencl - build program: kernel '_pt_kernel' was part of a lengthy source build resulting from a binary cache miss (0.82 s)
Before restart/init
Initializing soln.
Initialization for Case(isolator)
===
Num 2d order-1 elements: 2504
Num global elements: 2504
Timestep:        1e-08
Final time:      2e-07
CFL:             1.0
Constant CFL:    False
Initialization:  isolator
EOS:             IdealSingleGas

2022-06-26 01:33:36,251 - INFO - meshmode.array_context - transform_dag.infer_axes_tags: completed (0.55s wall 1.00x CPU)
2022-06-26 01:33:37,007 - INFO - meshmode.array_context - Transforming kernel with 14 statements.
2022-06-26 01:33:38,357 - INFO - loopy.tools - fuse_same_discretization_entity_loops on '_pt_kernel': completed (1.25s wall 1.00x CPU)
2022-06-26 01:33:38,494 - INFO - meshmode.array_context - Loop Fusion: completed (1.49s wall 1.00x CPU)
2022-06-26 01:33:38,814 - INFO - meshmode.array_context - Array Contraction: Contracting 10 temps
2022-06-26 01:33:40,402 - INFO - loopy.tools - contract_arrays on '_pt_kernel': completed (1.59s wall 1.00x CPU)
2022-06-26 01:33:40,558 - INFO - meshmode.array_context - Array Contraction: completed (1.84s wall 1.00x CPU)
2022-06-26 01:33:42,367 - INFO - loopy.tools - preprocess_program on '_pt_kernel': completed (1.24s wall 1.00x CPU)
2022-06-26 01:33:44,908 - INFO - loopy.check - _pt_kernel: check array access within bounds: completed (2.08s wall 1.00x CPU)
2022-06-26 01:34:02,254 - INFO - loopy.codegen - _pt_kernel: generate code: completed (17.13s wall 1.00x CPU)
2022-06-26 01:34:06,983 - INFO - pyopencl - build program: kernel '_pt_kernel' was part of a lengthy source build resulting from a binary cache miss (4.38 s)
2022-06-26 01:34:07,028 - INFO - meshmode.array_context - Transforming kernel with 0 statements.
2022-06-26 01:34:07,032 - INFO - meshmode.array_context - Array Contraction: Contracting 0 temps
2022-06-26 01:34:07,513 - INFO - pyopencl - build program: kernel '_pt_kernel' was part of a lengthy source build resulting from a binary cache miss (0.46 s)
2022-06-26 01:34:07,670 - INFO - meshmode.array_context - Transforming kernel with 10 statements.
2022-06-26 01:34:07,985 - INFO - meshmode.array_context - Array Contraction: Contracting 1 temps
2022-06-26 01:34:09,590 - INFO - pyopencl - build program: kernel '_pt_kernel' was part of a lengthy source build resulting from a binary cache miss (0.80 s)
2022-06-26 01:34:09,592 - INFO - pyopencl - build program: kernel '_pt_kernel_0' was part of a lengthy source build resulting from a binary cache miss (0.80 s)
2022-06-26 01:34:09,593 - INFO - pyopencl - build program: kernel '_pt_kernel_1' was part of a lengthy source build resulting from a binary cache miss (0.80 s)
2022-06-26 01:34:09,604 - INFO - meshmode.discretization.connection.face - building face restriction: start
2022-06-26 01:34:09,615 - INFO - meshmode.discretization.connection.face - building face restriction: done
2022-06-26 01:34:09,619 - INFO - meshmode.array_context - Transforming kernel with 0 statements.
2022-06-26 01:34:09,857 - INFO - meshmode.array_context - Transforming kernel with 7 statements.
2022-06-26 01:34:10,068 - INFO - meshmode.array_context - Array Contraction: Contracting 2 temps
2022-06-26 01:34:11,454 - INFO - pyopencl - build program: kernel '_pt_kernel' was part of a lengthy source build resulting from a binary cache miss (0.78 s)
2022-06-26 01:34:11,456 - INFO - pyopencl - build program: kernel '_pt_kernel_0' was part of a lengthy source build resulting from a binary cache miss (0.78 s)
2022-06-26 01:34:11,457 - INFO - pyopencl - build program: kernel '_pt_kernel_1' was part of a lengthy source build resulting from a binary cache miss (0.78 s)
2022-06-26 01:34:11,537 - INFO - meshmode.array_context - Transforming kernel with 7 statements.
2022-06-26 01:34:11,804 - INFO - meshmode.array_context - Array Contraction: Contracting 1 temps
2022-06-26 01:34:12,576 - INFO - loopy.codegen - _pt_kernel: generate code: completed (0.39s wall 1.00x CPU)
2022-06-26 01:34:13,772 - INFO - pyopencl - build program: kernel '_pt_kernel' was part of a lengthy source build resulting from a binary cache miss (1.19 s)
2022-06-26 01:34:13,773 - INFO - pyopencl - build program: kernel '_pt_kernel_0' was part of a lengthy source build resulting from a binary cache miss (1.19 s)
2022-06-26 01:34:13,774 - INFO - pyopencl - build program: kernel '_pt_kernel_1' was part of a lengthy source build resulting from a binary cache miss (1.19 s)
2022-06-26 01:34:13,775 - INFO - pyopencl - build program: kernel '_pt_kernel_2' was part of a lengthy source build resulting from a binary cache miss (1.19 s)
2022-06-26 01:34:13,776 - INFO - pyopencl - build program: kernel '_pt_kernel_3' was part of a lengthy source build resulting from a binary cache miss (1.19 s)
2022-06-26 01:34:13,777 - INFO - pyopencl - build program: kernel '_pt_kernel_4' was part of a lengthy source build resulting from a binary cache miss (1.19 s)
2022-06-26 01:34:13,795 - INFO - meshmode.array_context - Transforming kernel with 1 statements.
2022-06-26 01:34:13,820 - INFO - meshmode.array_context - Array Contraction: Contracting 0 temps
2022-06-26 01:34:14,395 - INFO - pyopencl - build program: kernel '_pt_kernel' was part of a lengthy source build resulting from a binary cache miss (0.47 s)
2022-06-26 01:34:14,463 - INFO - meshmode.array_context - Transforming kernel with 4 statements.
2022-06-26 01:34:14,557 - INFO - meshmode.array_context - Array Contraction: Contracting 3 temps
2022-06-26 01:34:15,342 - INFO - pyopencl - build program: kernel '_pt_kernel' was part of a lengthy source build resulting from a binary cache miss (0.50 s)
2022-06-26 01:34:15,964 - INFO - pyopencl - build program: kernel 'reduce_kernel_stage1' was part of a lengthy source build resulting from a binary cache miss (0.61 s)
2022-06-26 01:34:16,579 - INFO - pyopencl - build program: kernel 'reduce_kernel_stage2' was part of a lengthy source build resulting from a binary cache miss (0.60 s)
2022-06-26 01:34:16,592 - INFO - meshmode.array_context - Transforming kernel with 1 statements.
2022-06-26 01:34:16,599 - INFO - meshmode.array_context - Array Contraction: Contracting 0 temps
/p/gpfs1/mtcampbe/CEESD/AutomatedTesting/MIRGE-Timing/timing/emirge/meshmode/meshmode/array_context.py:1599: UserWarning: FusionContractorArrayContext.transform_loopy_program not broad enough (yet). Falling back to a possibly slower transformation strategy.
  warn("FusionContractorArrayContext.transform_loopy_program not"
2022-06-26 01:34:17,097 - INFO - pyopencl - build program: kernel '_pt_kernel' was part of a lengthy source build resulting from a binary cache miss (0.46 s)
2022-06-26 01:34:17,103 - INFO - meshmode.array_context - Transforming kernel with 0 statements.
2022-06-26 01:34:17,177 - INFO - meshmode.array_context - Transforming kernel with 1 statements.
2022-06-26 01:34:17,206 - INFO - meshmode.array_context - Array Contraction: Contracting 0 temps
2022-06-26 01:34:17,818 - INFO - pyopencl - build program: kernel '_pt_kernel' was part of a lengthy source build resulting from a binary cache miss (0.48 s)
2022-06-26 01:34:18,433 - INFO - pyopencl - build program: kernel 'reduce_kernel_stage1' was part of a lengthy source build resulting from a binary cache miss (0.60 s)
2022-06-26 01:34:19,053 - INFO - pyopencl - build program: kernel 'reduce_kernel_stage2' was part of a lengthy source build resulting from a binary cache miss (0.61 s)
2022-06-26 01:34:19,062 - INFO - meshmode.array_context - Transforming kernel with 1 statements.
2022-06-26 01:34:19,068 - INFO - meshmode.array_context - Array Contraction: Contracting 0 temps
2022-06-26 01:34:19,550 - INFO - pyopencl - build program: kernel '_pt_kernel' was part of a lengthy source build resulting from a binary cache miss (0.46 s)
2022-06-26 01:34:20,167 - INFO - pyopencl - build program: kernel 'reduce_kernel_stage1' was part of a lengthy source build resulting from a binary cache miss (0.61 s)
2022-06-26 01:34:20,781 - INFO - pyopencl - build program: kernel 'reduce_kernel_stage2' was part of a lengthy source build resulting from a binary cache miss (0.61 s)
2022-06-26 01:34:20,793 - INFO - meshmode.array_context - Transforming kernel with 1 statements.
2022-06-26 01:34:20,800 - INFO - meshmode.array_context - Array Contraction: Contracting 0 temps
2022-06-26 01:34:21,295 - INFO - pyopencl - build program: kernel '_pt_kernel' was part of a lengthy source build resulting from a binary cache miss (0.46 s)
2022-06-26 01:34:21,324 - INFO - meshmode.array_context - Transforming kernel with 1 statements.
2022-06-26 01:34:21,353 - INFO - meshmode.array_context - Array Contraction: Contracting 0 temps
2022-06-26 01:34:21,971 - INFO - pyopencl - build program: kernel '_pt_kernel' was part of a lengthy source build resulting from a binary cache miss (0.48 s)
2022-06-26 01:34:21,996 - INFO - meshmode.array_context - Transforming kernel with 1 statements.
2022-06-26 01:34:22,025 - INFO - meshmode.array_context - Array Contraction: Contracting 0 temps
2022-06-26 01:34:22,687 - INFO - pyopencl - build program: kernel '_pt_kernel' was part of a lengthy source build resulting from a binary cache miss (0.48 s)
-------- dt = 1.000e-08, cfl = 0.0253
-------- P (min, max) (Pa) = (2.865706984e+03, 2.742120082e+05)
-------- T (min, max) (K)  = (    300, 2075.81)

2022-06-26 01:34:22,736 - INFO - meshmode.array_context - Transforming kernel with 1 statements.
2022-06-26 01:34:22,745 - INFO - meshmode.array_context - Array Contraction: Contracting 0 temps
2022-06-26 01:34:23,305 - INFO - pyopencl - build program: kernel '_pt_kernel' was part of a lengthy source build resulting from a binary cache miss (0.47 s)
2022-06-26 01:34:23,317 - INFO - meshmode.array_context - Transforming kernel with 1 statements.
2022-06-26 01:34:23,506 - INFO - meshmode.array_context - Transforming kernel with 1 statements.
2022-06-26 01:34:23,611 - INFO - meshmode.array_context - Transforming kernel with 1 statements.
2022-06-26 01:34:23,624 - INFO - meshmode.array_context - Array Contraction: Contracting 0 temps
2022-06-26 01:34:24,282 - INFO - pyopencl - build program: kernel '_pt_kernel' was part of a lengthy source build resulting from a binary cache miss (0.48 s)
2022-06-26 01:34:24,306 - INFO - meshmode.array_context - Transforming kernel with 1 statements.
2022-06-26 01:34:24,319 - INFO - meshmode.array_context - Array Contraction: Contracting 0 temps
2022-06-26 01:34:24,960 - INFO - pyopencl - build program: kernel '_pt_kernel' was part of a lengthy source build resulting from a binary cache miss (0.48 s)
2022-06-26 01:34:24,988 - INFO - meshmode.array_context - Transforming kernel with 1 statements.
2022-06-26 01:34:25,001 - INFO - meshmode.array_context - Array Contraction: Contracting 0 temps
2022-06-26 01:34:25,666 - INFO - pyopencl - build program: kernel '_pt_kernel' was part of a lengthy source build resulting from a binary cache miss (0.49 s)
2022-06-26 01:34:25,711 - INFO - meshmode.array_context - Transforming kernel with 3 statements.
2022-06-26 01:34:25,757 - INFO - meshmode.array_context - Array Contraction: Contracting 0 temps
2022-06-26 01:34:26,762 - INFO - pyopencl - build program: kernel '_pt_kernel' was part of a lengthy source build resulting from a binary cache miss (0.65 s)
2022-06-26 01:34:26,763 - INFO - pyopencl - build program: kernel '_pt_kernel_0' was part of a lengthy source build resulting from a binary cache miss (0.65 s)
2022-06-26 01:34:26,779 - INFO - meshmode.array_context - Transforming kernel with 1 statements.
2022-06-26 01:34:26,789 - INFO - meshmode.array_context - Array Contraction: Contracting 0 temps
2022-06-26 01:34:27,370 - INFO - pyopencl - build program: kernel '_pt_kernel' was part of a lengthy source build resulting from a binary cache miss (0.48 s)
2022-06-26 01:34:27,394 - INFO - meshmode.array_context - Transforming kernel with 1 statements.
2022-06-26 01:34:27,404 - INFO - meshmode.array_context - Array Contraction: Contracting 0 temps
2022-06-26 01:34:27,997 - INFO - pyopencl - build program: kernel '_pt_kernel' was part of a lengthy source build resulting from a binary cache miss (0.48 s)
2022-06-26 01:34:28,029 - INFO - meshmode.array_context - Transforming kernel with 3 statements.
2022-06-26 01:34:28,073 - INFO - meshmode.array_context - Array Contraction: Contracting 0 temps
2022-06-26 01:34:28,984 - INFO - pyopencl - build program: kernel '_pt_kernel' was part of a lengthy source build resulting from a binary cache miss (0.63 s)
2022-06-26 01:34:28,985 - INFO - pyopencl - build program: kernel '_pt_kernel_0' was part of a lengthy source build resulting from a binary cache miss (0.63 s)
2022-06-26 01:34:29,050 - INFO - meshmode.array_context - Transforming kernel with 6 statements.
2022-06-26 01:34:29,200 - INFO - meshmode.array_context - Array Contraction: Contracting 0 temps
2022-06-26 01:34:29,806 - INFO - loopy.codegen - _pt_kernel: generate code: completed (0.30s wall 1.00x CPU)
2022-06-26 01:34:30,915 - INFO - pyopencl - build program: kernel '_pt_kernel' was part of a lengthy source build resulting from a binary cache miss (1.10 s)
2022-06-26 01:34:30,915 - INFO - pyopencl - build program: kernel '_pt_kernel_0' was part of a lengthy source build resulting from a binary cache miss (1.10 s)
2022-06-26 01:34:30,917 - INFO - pyopencl - build program: kernel '_pt_kernel_1' was part of a lengthy source build resulting from a binary cache miss (1.10 s)
2022-06-26 01:34:30,917 - INFO - pyopencl - build program: kernel '_pt_kernel_2' was part of a lengthy source build resulting from a binary cache miss (1.10 s)
2022-06-26 01:34:30,918 - INFO - pyopencl - build program: kernel '_pt_kernel_3' was part of a lengthy source build resulting from a binary cache miss (1.10 s)
2022-06-26 01:34:30,985 - INFO - meshmode.array_context - Transforming kernel with 4 statements.
2022-06-26 01:34:31,062 - INFO - meshmode.array_context - Array Contraction: Contracting 2 temps
2022-06-26 01:34:32,161 - INFO - pyopencl - build program: kernel '_pt_kernel' was part of a lengthy source build resulting from a binary cache miss (0.66 s)
2022-06-26 01:34:32,161 - INFO - pyopencl - build program: kernel '_pt_kernel_0' was part of a lengthy source build resulting from a binary cache miss (0.66 s)
2022-06-26 01:34:32,173 - INFO - /p/gpfs1/mtcampbe/CEESD/AutomatedTesting/MIRGE-Timing/timing/emirge/pytato/pytato/transform/__init__.py - data wrapper de-duplication: 1 encountered, 1 kept, 0 eliminated
2022-06-26 01:34:32,175 - INFO - /p/gpfs1/mtcampbe/CEESD/AutomatedTesting/MIRGE-Timing/timing/emirge/pytato/pytato/transform/__init__.py - data wrapper de-duplication: 1 encountered, 1 kept, 0 eliminated
2022-06-26 01:34:32,177 - INFO - /p/gpfs1/mtcampbe/CEESD/AutomatedTesting/MIRGE-Timing/timing/emirge/pytato/pytato/transform/__init__.py - data wrapper de-duplication: 1 encountered, 1 kept, 0 eliminated
2022-06-26 01:34:32,180 - INFO - /p/gpfs1/mtcampbe/CEESD/AutomatedTesting/MIRGE-Timing/timing/emirge/pytato/pytato/transform/__init__.py - data wrapper de-duplication: 1 encountered, 1 kept, 0 eliminated
2022-06-26 01:34:32,185 - INFO - meshmode.discretization.connection.face - building face restriction: start
2022-06-26 01:34:32,190 - INFO - meshmode.discretization.connection.face - building face restriction: done
2022-06-26 01:34:32,200 - INFO - meshmode.discretization.connection.face - building face restriction: start
2022-06-26 01:34:32,205 - INFO - meshmode.discretization.connection.face - building face restriction: done
2022-06-26 01:34:32,216 - INFO - meshmode.discretization.connection.face - building face restriction: start
2022-06-26 01:34:32,227 - INFO - meshmode.discretization.connection.face - building face restriction: done
2022-06-26 01:34:32,237 - INFO - meshmode.discretization.connection.face - building face restriction: start
2022-06-26 01:34:32,325 - INFO - meshmode.discretization.connection.face - building face restriction: done
2022-06-26 01:34:32,339 - INFO - meshmode.array_context - Transforming kernel with 0 statements.
2022-06-26 01:34:32,427 - INFO - meshmode.array_context - Transforming kernel with 0 statements.
2022-06-26 01:34:32,581 - INFO - meshmode.array_context - Transforming kernel with 7 statements.
2022-06-26 01:34:32,790 - INFO - meshmode.array_context - Array Contraction: Contracting 2 temps
2022-06-26 01:34:34,133 - INFO - pyopencl - build program: kernel '_pt_kernel' was part of a lengthy source build resulting from a binary cache miss (0.75 s)
2022-06-26 01:34:34,133 - INFO - pyopencl - build program: kernel '_pt_kernel_0' was part of a lengthy source build resulting from a binary cache miss (0.75 s)
2022-06-26 01:34:34,133 - INFO - pyopencl - build program: kernel '_pt_kernel_1' was part of a lengthy source build resulting from a binary cache miss (0.75 s)
2022-06-26 01:34:34,233 - INFO - meshmode.array_context - Transforming kernel with 6 statements.
2022-06-26 01:34:34,417 - INFO - meshmode.array_context - Array Contraction: Contracting 0 temps
2022-06-26 01:34:35,730 - INFO - pyopencl - build program: kernel '_pt_kernel' was part of a lengthy source build resulting from a binary cache miss (0.76 s)
2022-06-26 01:34:35,730 - INFO - pyopencl - build program: kernel '_pt_kernel_0' was part of a lengthy source build resulting from a binary cache miss (0.76 s)
2022-06-26 01:34:35,732 - INFO - pyopencl - build program: kernel '_pt_kernel_1' was part of a lengthy source build resulting from a binary cache miss (0.76 s)
2022-06-26 01:34:35,749 - INFO - meshmode.array_context - Transforming kernel with 0 statements.
2022-06-26 01:34:35,754 - INFO - meshmode.array_context - Array Contraction: Contracting 0 temps
2022-06-26 01:34:35,827 - INFO - meshmode.array_context - Transforming kernel with 0 statements.
2022-06-26 01:34:35,894 - INFO - meshmode.array_context - Transforming kernel with 1 statements.
2022-06-26 01:34:35,908 - INFO - meshmode.array_context - Array Contraction: Contracting 0 temps
2022-06-26 01:34:36,428 - INFO - pyopencl - build program: kernel '_pt_kernel' was part of a lengthy source build resulting from a binary cache miss (0.46 s)
2022-06-26 01:34:36,446 - INFO - meshmode.array_context - Transforming kernel with 0 statements.
2022-06-26 01:34:36,601 - INFO - meshmode.array_context - Transforming kernel with 7 statements.
2022-06-26 01:34:36,809 - INFO - meshmode.array_context - Array Contraction: Contracting 2 temps
2022-06-26 01:34:38,154 - INFO - pyopencl - build program: kernel '_pt_kernel' was part of a lengthy source build resulting from a binary cache miss (0.76 s)
2022-06-26 01:34:38,155 - INFO - pyopencl - build program: kernel '_pt_kernel_0' was part of a lengthy source build resulting from a binary cache miss (0.76 s)
2022-06-26 01:34:38,155 - INFO - pyopencl - build program: kernel '_pt_kernel_1' was part of a lengthy source build resulting from a binary cache miss (0.76 s)
2022-06-26 01:34:38,255 - INFO - meshmode.array_context - Transforming kernel with 6 statements.
2022-06-26 01:34:38,437 - INFO - meshmode.array_context - Array Contraction: Contracting 0 temps
2022-06-26 01:34:39,747 - INFO - pyopencl - build program: kernel '_pt_kernel' was part of a lengthy source build resulting from a binary cache miss (0.76 s)
2022-06-26 01:34:39,747 - INFO - pyopencl - build program: kernel '_pt_kernel_0' was part of a lengthy source build resulting from a binary cache miss (0.76 s)
2022-06-26 01:34:39,748 - INFO - pyopencl - build program: kernel '_pt_kernel_1' was part of a lengthy source build resulting from a binary cache miss (0.76 s)
2022-06-26 01:34:39,765 - INFO - meshmode.array_context - Transforming kernel with 1 statements.
2022-06-26 01:34:39,780 - INFO - meshmode.array_context - Array Contraction: Contracting 0 temps
2022-06-26 01:34:40,296 - INFO - pyopencl - build program: kernel '_pt_kernel' was part of a lengthy source build resulting from a binary cache miss (0.46 s)
2022-06-26 01:34:40,307 - INFO - meshmode.array_context - Transforming kernel with 1 statements.
2022-06-26 01:34:40,322 - INFO - meshmode.array_context - Array Contraction: Contracting 0 temps
2022-06-26 01:34:40,840 - INFO - pyopencl - build program: kernel '_pt_kernel' was part of a lengthy source build resulting from a binary cache miss (0.46 s)
2022-06-26 01:34:40,865 - INFO - meshmode.array_context - Transforming kernel with 0 statements.
2022-06-26 01:34:41,013 - INFO - meshmode.array_context - Transforming kernel with 7 statements.
2022-06-26 01:34:41,222 - INFO - meshmode.array_context - Array Contraction: Contracting 2 temps
2022-06-26 01:34:42,595 - INFO - pyopencl - build program: kernel '_pt_kernel' was part of a lengthy source build resulting from a binary cache miss (0.77 s)
2022-06-26 01:34:42,595 - INFO - pyopencl - build program: kernel '_pt_kernel_0' was part of a lengthy source build resulting from a binary cache miss (0.77 s)
2022-06-26 01:34:42,596 - INFO - pyopencl - build program: kernel '_pt_kernel_1' was part of a lengthy source build resulting from a binary cache miss (0.77 s)
2022-06-26 01:34:42,694 - INFO - meshmode.array_context - Transforming kernel with 6 statements.
2022-06-26 01:34:42,878 - INFO - meshmode.array_context - Array Contraction: Contracting 0 temps
2022-06-26 01:34:44,217 - INFO - pyopencl - build program: kernel '_pt_kernel' was part of a lengthy source build resulting from a binary cache miss (0.77 s)
2022-06-26 01:34:44,217 - INFO - pyopencl - build program: kernel '_pt_kernel_0' was part of a lengthy source build resulting from a binary cache miss (0.77 s)
2022-06-26 01:34:44,217 - INFO - pyopencl - build program: kernel '_pt_kernel_1' was part of a lengthy source build resulting from a binary cache miss (0.77 s)
2022-06-26 01:34:44,237 - INFO - meshmode.array_context - Transforming kernel with 1 statements.
2022-06-26 01:34:44,252 - INFO - meshmode.array_context - Array Contraction: Contracting 0 temps
2022-06-26 01:34:44,771 - INFO - pyopencl - build program: kernel '_pt_kernel' was part of a lengthy source build resulting from a binary cache miss (0.46 s)
2022-06-26 01:34:44,782 - INFO - meshmode.array_context - Transforming kernel with 1 statements.
2022-06-26 01:34:44,797 - INFO - meshmode.array_context - Array Contraction: Contracting 0 temps
2022-06-26 01:34:45,323 - INFO - pyopencl - build program: kernel '_pt_kernel' was part of a lengthy source build resulting from a binary cache miss (0.46 s)
2022-06-26 01:34:45,496 - INFO - meshmode.array_context - Transforming kernel with 7 statements.
2022-06-26 01:34:45,707 - INFO - meshmode.array_context - Array Contraction: Contracting 2 temps
2022-06-26 01:34:47,083 - INFO - pyopencl - build program: kernel '_pt_kernel' was part of a lengthy source build resulting from a binary cache miss (0.76 s)
2022-06-26 01:34:47,083 - INFO - pyopencl - build program: kernel '_pt_kernel_0' was part of a lengthy source build resulting from a binary cache miss (0.76 s)
2022-06-26 01:34:47,083 - INFO - pyopencl - build program: kernel '_pt_kernel_1' was part of a lengthy source build resulting from a binary cache miss (0.76 s)
2022-06-26 01:34:47,186 - INFO - meshmode.array_context - Transforming kernel with 6 statements.
2022-06-26 01:34:47,370 - INFO - meshmode.array_context - Array Contraction: Contracting 0 temps
2022-06-26 01:34:48,716 - INFO - pyopencl - build program: kernel '_pt_kernel' was part of a lengthy source build resulting from a binary cache miss (0.77 s)
2022-06-26 01:34:48,716 - INFO - pyopencl - build program: kernel '_pt_kernel_0' was part of a lengthy source build resulting from a binary cache miss (0.77 s)
2022-06-26 01:34:48,716 - INFO - pyopencl - build program: kernel '_pt_kernel_1' was part of a lengthy source build resulting from a binary cache miss (0.77 s)
2022-06-26 01:34:48,734 - INFO - meshmode.array_context - Transforming kernel with 1 statements.
2022-06-26 01:34:48,749 - INFO - meshmode.array_context - Array Contraction: Contracting 0 temps
2022-06-26 01:34:49,273 - INFO - pyopencl - build program: kernel '_pt_kernel' was part of a lengthy source build resulting from a binary cache miss (0.46 s)
2022-06-26 01:34:49,284 - INFO - meshmode.array_context - Transforming kernel with 1 statements.
2022-06-26 01:34:49,298 - INFO - meshmode.array_context - Array Contraction: Contracting 0 temps
2022-06-26 01:34:49,823 - INFO - pyopencl - build program: kernel '_pt_kernel' was part of a lengthy source build resulting from a binary cache miss (0.46 s)
2022-06-26 01:34:49,835 - INFO - meshmode.array_context - Transforming kernel with 1 statements.
2022-06-26 01:34:49,849 - INFO - meshmode.array_context - Array Contraction: Contracting 0 temps
2022-06-26 01:34:50,376 - INFO - pyopencl - build program: kernel '_pt_kernel' was part of a lengthy source build resulting from a binary cache miss (0.46 s)
2022-06-26 01:34:51,205 - INFO - meshmode.array_context - Transforming kernel with 45 statements.
2022-06-26 01:34:52,528 - INFO - loopy.tools - fuse_same_discretization_entity_loops on '_pt_kernel': completed (1.25s wall 1.00x CPU)
2022-06-26 01:34:52,582 - INFO - meshmode.array_context - Loop Fusion: completed (1.37s wall 1.00x CPU)
2022-06-26 01:34:52,788 - INFO - meshmode.array_context - Array Contraction: Contracting 0 temps
2022-06-26 01:34:53,633 - INFO - loopy.tools - preprocess_program on '_pt_kernel': completed (0.63s wall 1.00x CPU)
2022-06-26 01:34:54,463 - INFO - loopy.check - _pt_kernel: check array access within bounds: completed (0.67s wall 1.00x CPU)
2022-06-26 01:34:55,584 - INFO - loopy.codegen - _pt_kernel: generate code: completed (0.75s wall 1.00x CPU)
2022-06-26 01:34:56,797 - INFO - pyopencl - build program: kernel '_pt_kernel' was part of a lengthy source build resulting from a binary cache miss (1.17 s)
2022-06-26 01:34:56,800 - INFO - pyopencl - build program: kernel '_pt_kernel_0' was part of a lengthy source build resulting from a binary cache miss (1.17 s)
2022-06-26 01:34:56,802 - INFO - pyopencl - build program: kernel '_pt_kernel_1' was part of a lengthy source build resulting from a binary cache miss (1.17 s)
2022-06-26 01:34:56,803 - INFO - pyopencl - build program: kernel '_pt_kernel_2' was part of a lengthy source build resulting from a binary cache miss (1.17 s)
/p/gpfs1/mtcampbe/CEESD/AutomatedTesting/MIRGE-Timing/timing/emirge/mirgecom/mirgecom/artificial_viscosity.py:190: UserWarning: The AV boundary_kwargs interface is deprecated, please pass gas_model and time directly.
  warn("The AV boundary_kwargs interface is deprecated, please pass gas_model"
2022-06-26 01:34:57,759 - INFO - /p/gpfs1/mtcampbe/CEESD/AutomatedTesting/MIRGE-Timing/timing/emirge/pytato/pytato/transform/__init__.py - data wrapper de-duplication: 1026 encountered, 54 kept, 972 eliminated
2022-06-26 01:34:57,999 - INFO - grudge.array_context - deduplicate_data_wrappers[pre-partition]: completed (0.63s wall 1.00x CPU)
2022-06-26 01:34:59,757 - INFO - grudge.array_context - transform_dag.infer_axes_tags[pre-partition]: completed (1.61s wall 1.00x CPU)
2022-06-26 01:35:00,805 - INFO - pytato.partition - find_partition: Split 3554 nodes into 1 parts, with [3554] nodes in each partition.
2022-06-26 01:35:01,582 - INFO - /p/gpfs1/mtcampbe/CEESD/AutomatedTesting/MIRGE-Timing/timing/emirge/pytato/pytato/transform/__init__.py - data wrapper de-duplication: 54 encountered, 54 kept, 0 eliminated
2022-06-26 01:35:02,587 - INFO - meshmode.array_context - transform_dag.materialize_all_einsums_or_reduces: completed (0.42s wall 1.00x CPU)
2022-06-26 01:35:04,298 - INFO - meshmode.array_context - transform_dag.infer_axes_tags: completed (1.71s wall 1.00x CPU)
2022-06-26 01:35:04,465 - INFO - meshmode.array_context - Transforming kernel with 1 statements.
2022-06-26 01:35:04,480 - INFO - meshmode.array_context - Array Contraction: Contracting 0 temps
2022-06-26 01:35:05,021 - INFO - pyopencl - build program: kernel '_pt_kernel' was part of a lengthy source build resulting from a binary cache miss (0.47 s)
2022-06-26 01:35:05,036 - INFO - meshmode.array_context - Transforming kernel with 1 statements.
2022-06-26 01:35:05,062 - INFO - meshmode.array_context - Array Contraction: Contracting 0 temps
2022-06-26 01:35:05,776 - INFO - pyopencl - build program: kernel '_pt_kernel' was part of a lengthy source build resulting from a binary cache miss (0.52 s)
2022-06-26 01:35:05,791 - INFO - meshmode.array_context - Transforming kernel with 1 statements.
2022-06-26 01:35:05,817 - INFO - meshmode.array_context - Array Contraction: Contracting 0 temps
2022-06-26 01:35:06,538 - INFO - pyopencl - build program: kernel '_pt_kernel' was part of a lengthy source build resulting from a binary cache miss (0.52 s)
2022-06-26 01:35:06,552 - INFO - meshmode.array_context - Transforming kernel with 1 statements.
2022-06-26 01:35:06,579 - INFO - meshmode.array_context - Array Contraction: Contracting 0 temps
2022-06-26 01:35:07,288 - INFO - pyopencl - build program: kernel '_pt_kernel' was part of a lengthy source build resulting from a binary cache miss (0.52 s)
2022-06-26 01:35:07,317 - INFO - meshmode.array_context - Transforming kernel with 1 statements.
2022-06-26 01:35:07,357 - INFO - meshmode.array_context - Array Contraction: Contracting 0 temps
2022-06-26 01:35:08,189 - INFO - pyopencl - build program: kernel '_pt_kernel' was part of a lengthy source build resulting from a binary cache miss (0.58 s)
2022-06-26 01:35:08,410 - INFO - arraycontext.impl.pytato.compile - transform_dag: completed (7.37s wall 1.00x CPU)
2022-06-26 01:35:13,675 - INFO - arraycontext.impl.pytato.compile - generate_loopy: completed (5.27s wall 1.00x CPU)
2022-06-26 01:35:13,676 - INFO - meshmode.array_context - Transforming kernel with 383 statements.
2022-06-26 01:35:31,532 - INFO - loopy.tools - fuse_same_discretization_entity_loops on '_pt_kernel': completed (17.23s wall 1.00x CPU)
2022-06-26 01:35:32,175 - INFO - meshmode.array_context - Loop Fusion: completed (18.49s wall 1.00x CPU)
2022-06-26 01:35:35,477 - INFO - meshmode.array_context - Array Contraction: Contracting 82 temps
2022-06-26 01:35:40,256 - INFO - loopy.tools - contract_arrays on '_pt_kernel': completed (4.79s wall 1.00x CPU)
2022-06-26 01:35:40,662 - INFO - meshmode.array_context - Array Contraction: completed (5.68s wall 1.00x CPU)
2022-06-26 01:35:48,797 - INFO - loopy.tools - preprocess_program on '_pt_kernel': completed (5.55s wall 1.00x CPU)
2022-06-26 01:35:57,897 - INFO - loopy.check - _pt_kernel: check array access within bounds: completed (7.67s wall 1.00x CPU)
2022-06-26 01:36:06,235 - INFO - loopy.schedule - _pt_kernel: schedule: completed (8.27s wall 1.00x CPU)
2022-06-26 01:36:06,537 - INFO - arraycontext.impl.pytato.compile - transform_loopy_program: completed (52.86s wall 1.00x CPU)
2022-06-26 01:36:30,994 - INFO - loopy.codegen - _pt_kernel: generate code: completed (23.46s wall 1.00x CPU)
2022-06-26 01:36:42,150 - INFO - pyopencl - build program: kernel '_pt_kernel' was part of a lengthy source build resulting from a binary cache miss (10.48 s)
2022-06-26 01:36:42,151 - INFO - pyopencl - build program: kernel '_pt_kernel_0' was part of a lengthy source build resulting from a binary cache miss (10.48 s)
2022-06-26 01:36:42,153 - INFO - pyopencl - build program: kernel '_pt_kernel_1' was part of a lengthy source build resulting from a binary cache miss (10.48 s)
2022-06-26 01:36:42,154 - INFO - pyopencl - build program: kernel '_pt_kernel_2' was part of a lengthy source build resulting from a binary cache miss (10.48 s)
2022-06-26 01:36:42,155 - INFO - pyopencl - build program: kernel '_pt_kernel_3' was part of a lengthy source build resulting from a binary cache miss (10.48 s)
2022-06-26 01:36:42,157 - INFO - pyopencl - build program: kernel '_pt_kernel_4' was part of a lengthy source build resulting from a binary cache miss (10.48 s)
2022-06-26 01:36:42,158 - INFO - pyopencl - build program: kernel '_pt_kernel_5' was part of a lengthy source build resulting from a binary cache miss (10.48 s)
2022-06-26 01:36:42,160 - INFO - pyopencl - build program: kernel '_pt_kernel_6' was part of a lengthy source build resulting from a binary cache miss (10.48 s)
2022-06-26 01:36:42,161 - INFO - pyopencl - build program: kernel '_pt_kernel_7' was part of a lengthy source build resulting from a binary cache miss (10.48 s)
2022-06-26 01:36:42,164 - INFO - pyopencl - build program: kernel '_pt_kernel_8' was part of a lengthy source build resulting from a binary cache miss (10.48 s)
2022-06-26 01:36:42,165 - INFO - pyopencl - build program: kernel '_pt_kernel_9' was part of a lengthy source build resulting from a binary cache miss (10.48 s)
2022-06-26 01:36:42,167 - INFO - pyopencl - build program: kernel '_pt_kernel_10' was part of a lengthy source build resulting from a binary cache miss (10.48 s)
2022-06-26 01:36:42,168 - INFO - pyopencl - build program: kernel '_pt_kernel_11' was part of a lengthy source build resulting from a binary cache miss (10.48 s)
2022-06-26 01:36:42,169 - INFO - pyopencl - build program: kernel '_pt_kernel_12' was part of a lengthy source build resulting from a binary cache miss (10.48 s)
2022-06-26 01:36:42,171 - INFO - pyopencl - build program: kernel '_pt_kernel_13' was part of a lengthy source build resulting from a binary cache miss (10.48 s)
2022-06-26 01:36:42,172 - INFO - pyopencl - build program: kernel '_pt_kernel_14' was part of a lengthy source build resulting from a binary cache miss (10.48 s)
2022-06-26 01:36:42,174 - INFO - pyopencl - build program: kernel '_pt_kernel_15' was part of a lengthy source build resulting from a binary cache miss (10.48 s)
2022-06-26 01:36:42,175 - INFO - pyopencl - build program: kernel '_pt_kernel_16' was part of a lengthy source build resulting from a binary cache miss (10.48 s)
2022-06-26 01:36:42,176 - INFO - pyopencl - build program: kernel '_pt_kernel_17' was part of a lengthy source build resulting from a binary cache miss (10.48 s)
2022-06-26 01:36:42,178 - INFO - pyopencl - build program: kernel '_pt_kernel_18' was part of a lengthy source build resulting from a binary cache miss (10.48 s)
2022-06-26 01:36:42,180 - INFO - pyopencl - build program: kernel '_pt_kernel_19' was part of a lengthy source build resulting from a binary cache miss (10.48 s)
2022-06-26 01:36:42,182 - INFO - pyopencl - build program: kernel '_pt_kernel_20' was part of a lengthy source build resulting from a binary cache miss (10.48 s)
2022-06-26 01:36:42,183 - INFO - pyopencl - build program: kernel '_pt_kernel_21' was part of a lengthy source build resulting from a binary cache miss (10.48 s)
2022-06-26 01:36:42,185 - INFO - pyopencl - build program: kernel '_pt_kernel_22' was part of a lengthy source build resulting from a binary cache miss (10.48 s)
2022-06-26 01:36:42,186 - INFO - pyopencl - build program: kernel '_pt_kernel_23' was part of a lengthy source build resulting from a binary cache miss (10.48 s)
2022-06-26 01:36:42,191 - INFO - pyopencl - build program: kernel '_pt_kernel_24' was part of a lengthy source build resulting from a binary cache miss (10.48 s)
2022-06-26 01:36:42,192 - INFO - pyopencl - build program: kernel '_pt_kernel_25' was part of a lengthy source build resulting from a binary cache miss (10.48 s)
2022-06-26 01:36:42,194 - INFO - pyopencl - build program: kernel '_pt_kernel_26' was part of a lengthy source build resulting from a binary cache miss (10.48 s)
2022-06-26 01:36:42,195 - INFO - pyopencl - build program: kernel '_pt_kernel_27' was part of a lengthy source build resulting from a binary cache miss (10.48 s)
2022-06-26 01:36:42,197 - INFO - pyopencl - build program: kernel '_pt_kernel_28' was part of a lengthy source build resulting from a binary cache miss (10.48 s)
Fusion actx took: 35.77667427062988 secs
2022-06-26 01:36:42,328 - INFO - meshmode.array_context - Transforming kernel with 1 statements.
2022-06-26 01:36:42,355 - INFO - meshmode.array_context - Array Contraction: Contracting 0 temps
2022-06-26 01:36:42,943 - INFO - pyopencl - build program: kernel '_pt_kernel' was part of a lengthy source build resulting from a binary cache miss (0.47 s)
2022-06-26 01:36:42,959 - INFO - meshmode.array_context - Transforming kernel with 1 statements.
Fusion actx took: 0.0015878677368164062 secs
Fusion actx took: 0.001512289047241211 secs
2022-06-26 01:36:43,185 - INFO - meshmode.array_context - Transforming kernel with 1 statements.
2022-06-26 01:36:43,211 - INFO - meshmode.array_context - Array Contraction: Contracting 0 temps
2022-06-26 01:36:43,799 - INFO - pyopencl - build program: kernel '_pt_kernel' was part of a lengthy source build resulting from a binary cache miss (0.47 s)
2022-06-26 01:36:43,815 - INFO - meshmode.array_context - Transforming kernel with 1 statements.
Fusion actx took: 0.0015957355499267578 secs
step = 0, sim time: 0.000000e+00 s, step walltime: 157.01 s
2022-06-26 01:36:44,183 - INFO - meshmode.array_context - Transforming kernel with 4 statements.
2022-06-26 01:36:44,256 - INFO - meshmode.array_context - Array Contraction: Contracting 0 temps
2022-06-26 01:36:45,013 - INFO - pyopencl - build program: kernel '_pt_kernel' was part of a lengthy source build resulting from a binary cache miss (0.49 s)
2022-06-26 01:36:45,090 - INFO - meshmode.array_context - Transforming kernel with 4 statements.
Fusion actx took: 0.00213623046875 secs
Fusion actx took: 0.0014913082122802734 secs
Fusion actx took: 0.0014867782592773438 secs
Fusion actx took: 0.0014903545379638672 secs
step = 1, sim time: 1.000000e-08 s, step walltime: 0.387648 s
2022-06-26 01:36:45,489 - INFO - meshmode.array_context - Transforming kernel with 4 statements.
Fusion actx took: 0.0015666484832763672 secs
Fusion actx took: 0.0014951229095458984 secs
Fusion actx took: 0.0014891624450683594 secs
Fusion actx took: 0.0019800662994384766 secs
step = 2, sim time: 2.000000e-08 s, step walltime: 0.03529 s
Fusion actx took: 0.001514434814453125 secs
Fusion actx took: 0.0014772415161132812 secs
Fusion actx took: 0.0014810562133789062 secs
Fusion actx took: 0.0014865398406982422 secs
step = 3, sim time: 3.000000e-08 s, step walltime: 0.033844 s
Fusion actx took: 0.0014455318450927734 secs
Fusion actx took: 0.0018470287322998047 secs
Fusion actx took: 0.0014400482177734375 secs
Fusion actx took: 0.0014121532440185547 secs
step = 4, sim time: 4.000000e-08 s, step walltime: 0.0340571 s
Fusion actx took: 0.0014367103576660156 secs
Fusion actx took: 0.0018396377563476562 secs
Fusion actx took: 0.001428842544555664 secs
Fusion actx took: 0.001424551010131836 secs
step = 5, sim time: 5.000000e-08 s, step walltime: 0.0336151 s
Fusion actx took: 0.0014400482177734375 secs
Fusion actx took: 0.001840353012084961 secs
Fusion actx took: 0.001413583755493164 secs
Fusion actx took: 0.0014240741729736328 secs
step = 6, sim time: 6.000000e-08 s, step walltime: 0.0335951 s
Fusion actx took: 0.0014367103576660156 secs
Fusion actx took: 0.0018510818481445312 secs
Fusion actx took: 0.0014262199401855469 secs
Fusion actx took: 0.001434326171875 secs
step = 7, sim time: 7.000000e-08 s, step walltime: 0.0336676 s
Fusion actx took: 0.0014352798461914062 secs
Fusion actx took: 0.0018415451049804688 secs
Fusion actx took: 0.0014219284057617188 secs
Fusion actx took: 0.0014195442199707031 secs
step = 8, sim time: 8.000000e-08 s, step walltime: 0.0335562 s
Fusion actx took: 0.0014390945434570312 secs
Fusion actx took: 0.0020110607147216797 secs
Fusion actx took: 0.0014314651489257812 secs
Fusion actx took: 0.0014178752899169922 secs
step = 9, sim time: 9.000000e-08 s, step walltime: 0.0337348 s
Fusion actx took: 0.001440286636352539 secs
Fusion actx took: 0.0018405914306640625 secs
Fusion actx took: 0.0014262199401855469 secs
Fusion actx took: 0.001424551010131836 secs
step = 10, sim time: 1.000000e-07 s, step walltime: 0.0335727 s
Fusion actx took: 0.0014345645904541016 secs
Fusion actx took: 0.0018405914306640625 secs
Fusion actx took: 0.0014231204986572266 secs
Fusion actx took: 0.0014538764953613281 secs
step = 11, sim time: 1.100000e-07 s, step walltime: 0.0337126 s
Fusion actx took: 0.0014269351959228516 secs
Fusion actx took: 0.0014164447784423828 secs
Fusion actx took: 0.0014204978942871094 secs
Fusion actx took: 0.0014262199401855469 secs
step = 12, sim time: 1.200000e-07 s, step walltime: 0.0335846 s
Fusion actx took: 0.0014424324035644531 secs
Fusion actx took: 0.0018417835235595703 secs
Fusion actx took: 0.0014345645904541016 secs
Fusion actx took: 0.0014209747314453125 secs
step = 13, sim time: 1.300000e-07 s, step walltime: 0.0336058 s
Fusion actx took: 0.001434326171875 secs
Fusion actx took: 0.0014262199401855469 secs
Fusion actx took: 0.0014195442199707031 secs
Fusion actx took: 0.0014238357543945312 secs
step = 14, sim time: 1.400000e-07 s, step walltime: 0.0337636 s
Fusion actx took: 0.001435995101928711 secs
Fusion actx took: 0.001432180404663086 secs
Fusion actx took: 0.001420736312866211 secs
Fusion actx took: 0.0014238357543945312 secs
step = 15, sim time: 1.500000e-07 s, step walltime: 0.033525 s
Fusion actx took: 0.0014467239379882812 secs
Fusion actx took: 0.001847982406616211 secs
Fusion actx took: 0.001420736312866211 secs
Fusion actx took: 0.0014252662658691406 secs
step = 16, sim time: 1.600000e-07 s, step walltime: 0.0337973 s
Fusion actx took: 0.0014503002166748047 secs
Fusion actx took: 0.0018548965454101562 secs
Fusion actx took: 0.0014235973358154297 secs
Fusion actx took: 0.0014259815216064453 secs
step = 17, sim time: 1.700000e-07 s, step walltime: 0.0336347 s
Fusion actx took: 0.0014383792877197266 secs
Fusion actx took: 0.0018494129180908203 secs
Fusion actx took: 0.0014238357543945312 secs
Fusion actx took: 0.0014493465423583984 secs
step = 18, sim time: 1.800000e-07 s, step walltime: 0.0336208 s
Fusion actx took: 0.001445770263671875 secs
2022-06-26 01:36:46,588 - INFO - meshmode.array_context - Transforming kernel with 1 statements.
2022-06-26 01:36:46,615 - INFO - meshmode.array_context - Array Contraction: Contracting 0 temps
2022-06-26 01:36:47,208 - INFO - pyopencl - build program: kernel '_pt_kernel' was part of a lengthy source build resulting from a binary cache miss (0.48 s)
Fusion actx took: 0.0015158653259277344 secs
Fusion actx took: 0.0014414787292480469 secs
2022-06-26 01:36:47,234 - INFO - meshmode.array_context - Transforming kernel with 1 statements.
2022-06-26 01:36:47,261 - INFO - meshmode.array_context - Array Contraction: Contracting 0 temps
2022-06-26 01:36:47,850 - INFO - pyopencl - build program: kernel '_pt_kernel' was part of a lengthy source build resulting from a binary cache miss (0.47 s)
Fusion actx took: 0.0015087127685546875 secs
step = 19, sim time: 1.900000e-07 s, step walltime: 1.29896 s
Checkpointing final state ...
2022-06-26 01:36:47,995 - INFO - meshmode.array_context - Transforming kernel with 7 statements.
2022-06-26 01:36:48,205 - INFO - meshmode.array_context - Array Contraction: Contracting 6 temps
2022-06-26 01:36:49,218 - INFO - pyopencl - build program: kernel '_pt_kernel' was part of a lengthy source build resulting from a binary cache miss (0.51 s)
2022-06-26 01:36:49,310 - INFO - meshmode.array_context - Transforming kernel with 4 statements.
2022-06-26 01:36:49,418 - INFO - meshmode.array_context - Array Contraction: Contracting 3 temps
2022-06-26 01:36:50,264 - INFO - pyopencl - build program: kernel '_pt_kernel' was part of a lengthy source build resulting from a binary cache miss (0.49 s)
2022-06-26 01:36:50,349 - INFO - meshmode.array_context - Transforming kernel with 3 statements.
2022-06-26 01:36:50,436 - INFO - meshmode.array_context - Array Contraction: Contracting 2 temps
2022-06-26 01:36:51,244 - INFO - pyopencl - build program: kernel '_pt_kernel' was part of a lengthy source build resulting from a binary cache miss (0.49 s)
-------- dt = 0.000e+00, cfl = 0.0228
-------- P (min, max) (Pa) = (1.308488379e+03, 2.864123776e+05)
-------- T (min, max) (K)  = (275.025, 2214.64)

2022-06-26 01:36:51,284 - INFO - meshmode.array_context - Transforming kernel with 1 statements.
2022-06-26 01:36:51,297 - INFO - meshmode.array_context - Array Contraction: Contracting 0 temps
2022-06-26 01:36:51,924 - INFO - pyopencl - build program: kernel '_pt_kernel' was part of a lengthy source build resulting from a binary cache miss (0.48 s)
2022-06-26 01:36:52,017 - INFO - meshmode.array_context - Transforming kernel with 4 statements.
2022-06-26 01:36:52,086 - INFO - meshmode.array_context - Array Contraction: Contracting 0 temps
2022-06-26 01:36:53,213 - INFO - pyopencl - build program: kernel '_pt_kernel' was part of a lengthy source build resulting from a binary cache miss (0.66 s)
2022-06-26 01:36:53,214 - INFO - pyopencl - build program: kernel '_pt_kernel_0' was part of a lengthy source build resulting from a binary cache miss (0.66 s)
2022-06-26 01:36:53,300 - INFO - meshmode.array_context - Transforming kernel with 3 statements.
2022-06-26 01:36:53,359 - INFO - meshmode.array_context - Array Contraction: Contracting 0 temps
2022-06-26 01:36:54,469 - INFO - pyopencl - build program: kernel '_pt_kernel' was part of a lengthy source build resulting from a binary cache miss (0.65 s)
2022-06-26 01:36:54,470 - INFO - pyopencl - build program: kernel '_pt_kernel_0' was part of a lengthy source build resulting from a binary cache miss (0.65 s)
2022-06-26 01:36:54,563 - INFO - meshmode.array_context - Transforming kernel with 4 statements.
2022-06-26 01:36:54,633 - INFO - meshmode.array_context - Array Contraction: Contracting 0 temps
2022-06-26 01:36:55,298 - INFO - loopy.codegen - _pt_kernel: generate code: completed (0.42s wall 1.00x CPU)
2022-06-26 01:36:55,971 - INFO - pyopencl - build program: kernel '_pt_kernel' was part of a lengthy source build resulting from a binary cache miss (0.66 s)
2022-06-26 01:36:55,971 - INFO - pyopencl - build program: kernel '_pt_kernel_0' was part of a lengthy source build resulting from a binary cache miss (0.66 s)
2022-06-26 01:36:56,081 - INFO - meshmode.array_context - Transforming kernel with 6 statements.
2022-06-26 01:36:56,212 - INFO - meshmode.array_context - Array Contraction: Contracting 0 temps
2022-06-26 01:36:57,623 - INFO - pyopencl - build program: kernel '_pt_kernel' was part of a lengthy source build resulting from a binary cache miss (0.68 s)
2022-06-26 01:36:57,624 - INFO - pyopencl - build program: kernel '_pt_kernel_0' was part of a lengthy source build resulting from a binary cache miss (0.68 s)
2022-06-26 01:36:57,669 - INFO - meshmode.array_context - Transforming kernel with 1 statements.
2022-06-26 01:36:57,686 - INFO - meshmode.array_context - Array Contraction: Contracting 0 temps
2022-06-26 01:36:58,412 - INFO - pyopencl - build program: kernel '_pt_kernel' was part of a lengthy source build resulting from a binary cache miss (0.49 s)
2022-06-26 01:36:58,492 - INFO - meshmode.array_context - Transforming kernel with 4 statements.
2022-06-26 01:36:58,580 - INFO - meshmode.array_context - Array Contraction: Contracting 1 temps
2022-06-26 01:36:59,641 - INFO - pyopencl - build program: kernel '_pt_kernel' was part of a lengthy source build resulting from a binary cache miss (0.65 s)
2022-06-26 01:36:59,642 - INFO - pyopencl - build program: kernel '_pt_kernel_0' was part of a lengthy source build resulting from a binary cache miss (0.65 s)
2022-06-26 01:36:59,723 - INFO - meshmode.array_context - Transforming kernel with 6 statements.
2022-06-26 01:36:59,882 - INFO - meshmode.array_context - Array Contraction: Contracting 0 temps
2022-06-26 01:37:00,522 - INFO - loopy.codegen - _pt_kernel: generate code: completed (0.31s wall 1.00x CPU)
2022-06-26 01:37:01,653 - INFO - pyopencl - build program: kernel '_pt_kernel' was part of a lengthy source build resulting from a binary cache miss (1.12 s)
2022-06-26 01:37:01,653 - INFO - pyopencl - build program: kernel '_pt_kernel_0' was part of a lengthy source build resulting from a binary cache miss (1.12 s)
2022-06-26 01:37:01,654 - INFO - pyopencl - build program: kernel '_pt_kernel_1' was part of a lengthy source build resulting from a binary cache miss (1.12 s)
2022-06-26 01:37:01,654 - INFO - pyopencl - build program: kernel '_pt_kernel_2' was part of a lengthy source build resulting from a binary cache miss (1.12 s)
2022-06-26 01:37:01,654 - INFO - pyopencl - build program: kernel '_pt_kernel_3' was part of a lengthy source build resulting from a binary cache miss (1.12 s)
2022-06-26 01:37:01,784 - INFO - meshmode.array_context - Transforming kernel with 7 statements.
2022-06-26 01:37:01,946 - INFO - meshmode.array_context - Array Contraction: Contracting 2 temps
2022-06-26 01:37:03,431 - INFO - pyopencl - build program: kernel '_pt_kernel' was part of a lengthy source build resulting from a binary cache miss (0.68 s)
2022-06-26 01:37:03,432 - INFO - pyopencl - build program: kernel '_pt_kernel_0' was part of a lengthy source build resulting from a binary cache miss (0.68 s)
2022-06-26 01:37:03,467 - INFO - meshmode.array_context - Transforming kernel with 1 statements.
2022-06-26 01:37:03,497 - INFO - meshmode.array_context - Array Contraction: Contracting 0 temps
2022-06-26 01:37:04,102 - INFO - pyopencl - build program: kernel '_pt_kernel' was part of a lengthy source build resulting from a binary cache miss (0.47 s)

------------------------------------------------------------
Sender: LSF System <lsfadmin@lassen710>
Subject: Job 3680954: <isolator_timing_job.sh> in cluster <lassen> Done

Job <isolator_timing_job.sh> was submitted from host <lassen708> by user <mtcampbe> in cluster <lassen> at Sun Jun 26 01:33:01 2022
Job was executed on host(s) <1*lassen710>, in queue <pbatch>, as user <mtcampbe> in cluster <lassen> at Sun Jun 26 01:33:03 2022
                            <40*lassen597>
</g/g17/mtcampbe> was used as the home directory.
</p/gpfs1/mtcampbe/CEESD/AutomatedTesting/MIRGE-Timing/timing/emirge/mirgecom/y2-isolator/timing_run> was used as the working directory.
Started at Sun Jun 26 01:33:03 2022
Terminated at Sun Jun 26 01:37:15 2022
Results reported at Sun Jun 26 01:37:15 2022

Your job looked like:

------------------------------------------------------------
# LSBATCH: User input
#!/bin/bash

#BSUB -nnodes 1
#BSUB -G uiuc
#BSUB -W 60
#BSUB -q pbatch

printf "Running with EMIRGE_HOME=/p/gpfs1/mtcampbe/CEESD/AutomatedTesting/MIRGE-Timing/timing/emirge\n"

source "/p/gpfs1/mtcampbe/CEESD/AutomatedTesting/MIRGE-Timing/timing/emirge/config/activate_env.sh"
export PYOPENCL_CTX="port:tesla"
export XDG_CACHE_HOME="/tmp/mtcampbe/xdg-scratch"
rm -rf $XDG_CACHE_HOME
rm -f timing-run-done
which python
conda env list
env
env | grep LSB_MCPU_HOSTS

jsrun -g 1 -a 1 -n 1 python -O -u -m mpi4py ./isolator.py -i timing_params.yaml --lazy --log
touch timing-run-done


------------------------------------------------------------

Successfully completed.

Resource usage summary:

    CPU time :                                   0.32 sec.
    Max Memory :                                 59 MB
    Average Memory :                             57.33 MB
    Total Requested Memory :                     -
    Delta Memory :                               -
    Max Swap :                                   1251 MB
    Max Processes :                              4
    Max Threads :                                27
    Run time :                                   251 sec.
    Turnaround time :                            254 sec.

The output (if any) is above this job summary.

