Customizing shell for Lassen.

The following have been reloaded with a version change:
  1) base-gcc/8.3.1 => base-gcc/11.2.1


Due to MODULEPATH changes, the following have been reloaded:
  1) spectrum-mpi/rolling-release

The following have been reloaded with a version change:
  1) gcc/8.3.1 => gcc/10.2.1

Running with EMIRGE_HOME=/p/gpfs1/mtcampbe/CEESD/AutomatedTesting/MIRGE-Timing/timing/emirge
Activating 'nozzle.lazy.timing.env' environment for '/p/gpfs1/mtcampbe/CEESD/AutomatedTesting/MIRGE-Timing/timing/emirge/miniforge3/bin/conda'.
/p/gpfs1/mtcampbe/CEESD/AutomatedTesting/MIRGE-Timing/timing/emirge/miniforge3/envs/nozzle.lazy.timing.env/bin/python
# conda environments:
#
test.parsl               /g/g17/mtcampbe/.conda/envs/test.parsl
                         /p/gpfs1/mtcampbe/CEESD/AutomatedTesting/MIRGE-Timing/testing/temporary-test/alpha/miniforge3/envs/temp.test.alpha
                         /p/gpfs1/mtcampbe/CEESD/AutomatedTesting/MIRGE-Timing/timing/emirge-undo/miniforge3/envs/timing.undo
base                     /p/gpfs1/mtcampbe/CEESD/AutomatedTesting/MIRGE-Timing/timing/emirge/miniforge3
nozzle.lazy.timing.env  *  /p/gpfs1/mtcampbe/CEESD/AutomatedTesting/MIRGE-Timing/timing/emirge/miniforge3/envs/nozzle.lazy.timing.env
                         /p/gpfs1/mtcampbe/CEESD/AutomatedTesting/MIRGE-Timing/timing/y3-prediction-nowall-scaling-run/emirge/miniforge3/envs/big.scale
                         /p/gpfs1/mtcampbe/CEESD/Experimental/cache-db/miniforge3/envs/x.cache.db
                         /p/gpfs1/mtcampbe/CEESD/Experimental/m-to-n-prediction/emirge/miniforge3/envs/y3.m2n
                         /p/gpfs1/mtcampbe/CEESD/Experimental/performance-model/miniforge3/envs/x.perf.model
                         /p/gpfs1/mtcampbe/CEESD/Experimental/scalability/emirge/miniforge3/envs/big.scale2
                         /p/gpfs1/mtcampbe/CEESD/Experimental/tpe-test/miniforge3/envs/x.tpe.exmp
                         /p/gpfs1/mtcampbe/CEESD/Experimental/zirui/emirge/miniforge3/envs/ex.zirui
                         /usr/WS1/xpacc/Users/mtcampbe/CEESD/Lassen/test_emirge/emirge/miniforge3/envs/test.emirge.fk
                         /usr/workspace/wsa/xpacc/Users/mtcampbe/CEESD/Quartz/Install/conda
                         /usr/workspace/wsa/xpacc/Users/mtcampbe/CEESD/Quartz/Install/conda/envs/abate.mtc_euler.env
                         /usr/workspace/wsa/xpacc/Users/mtcampbe/CEESD/Quartz/Install/conda/envs/ceesd.master
                         /usr/workspace/wsa/xpacc/Users/mtcampbe/CEESD/Quartz/Install/conda/envs/chem.master
                         /usr/workspace/wsa/xpacc/Users/mtcampbe/CEESD/Quartz/Install/conda/envs/dgfem
                         /usr/workspace/wsa/xpacc/Users/mtcampbe/CEESD/Quartz/Install/conda/envs/mc.master

LMOD_FAMILY_COMPILER_VERSION=10.2.1
LLNL_IPISOLATE=0
MANPATH=/usr/tce/packages/spectrum-mpi/ibm/spectrum-mpi-rolling-release/share/man:/usr/tce/packages/gcc/gcc-10.2.1/man:/opt/ibm/spectrumcomputing/lsf/10.1.0.10/man:/usr/man:/usr/share/man:/usr/local/man:/usr/X11R6/man:/usr/lib64/mvapich/default/man:/opt/ibm/spectrum_mpi/jsm_pmix/share/man
LSB_EXEC_CLUSTER=lassen
OMPI_COMM_WORLD_RANK=0
LMOD_FAMILY_CUDA=cuda
LMOD_ANCIENT_TIME=3600
GUESTFISH_INIT=\e[1;34m
_ModuleTable003_=VCA9IHt9LApzdGFja0RlcHRoID0gMSwKc3RhdHVzID0gImFjdGl2ZSIsCnVzZXJOYW1lID0gImN1ZGEvMTEuMi4wIiwKd1YgPSAiXjAwMDAwMDExLjAwMDAwMDAwMi4qemZpbmFsIiwKfSwKZ2NjID0gewpmbiA9ICIvdXNyL3RjZXRtcC9tb2R1bGVmaWxlcy9Db3JlL2djYy8xMC4yLjEubHVhIiwKZnVsbE5hbWUgPSAiZ2NjLzEwLjIuMSIsCmxvYWRPcmRlciA9IDUsCnByb3BUID0ge30sCnN0YWNrRGVwdGggPSAwLApzdGF0dXMgPSAiYWN0aXZlIiwKdXNlck5hbWUgPSAiZ2NjLzEwLjIuMSIsCndWID0gIjAwMDAwMDAxMC4wMDAwMDAwMDIuMDAwMDAwMDAxLip6ZmluYWwiLAp9LApsYWxsb2MgPSB7CmZuID0gIi91c3IvdGNldG1wL21vZHVsZWZpbGVzL0NvcmUvbGFsbG9jLzIu
HOSTNAME=lassen399
PROJ_DATA=/p/gpfs1/mtcampbe/CEESD/AutomatedTesting/MIRGE-Timing/timing/emirge/miniforge3/envs/nozzle.lazy.timing.env/share/proj
LSB_EFFECTIVE_RSRCREQ=1*{select[(LN) && (type == any)] order[r15s:pg] span[hosts=1]}+40*{select[(CN) && (type == any)] order[r15s:pg] span[ptile=40]}
LSB_DOCKER_JOB_STARTTS=1723881304
BBHASH=93c72de8ddeba63a66ed05b44a2e04ba
JSM_TMPDIR=/var/tmp
MIRGE_TIMING_HOME=/p/gpfs1/mtcampbe/CEESD/AutomatedTesting/MIRGE-Timing/timing
LSF_LOGDIR=/opt/ibm/spectrumcomputing/lsf/log
LSF_LIM_API_NTRIES=1
LSB_BATCH_JID=6095981
__LMOD_REF_COUNT_MODULEPATH=/usr/tce/modulefiles/MPI/gcc/10.2.1/spectrum-mpi/rolling-release:1;/usr/tce/modulefiles/Compiler/gcc/10.2.1:1;/usr/tcetmp/modulefiles/Core:1;/usr/apps/modulefiles:1;/usr/share/modulefiles/Linux:1;/usr/share/modulefiles/Core:1;/usr/share/lmod/lmod/modulefiles/Core:1;/collab/usr/global/tools/modulefiles/blueos_3_ppc64le_ib_p9/Core:1
MAILTO=mtcampbe@illinois.edu,andreask@illinois.edu,matthias.diener@gmail.com
SHELL=/bin/bash
LMOD_ROOT=/usr/share/lmod
LMOD_FAMILY_BASEGCC_VERSION=11.2.1
HISTSIZE=1000
WISECONFIGDIR=/usr/share/wise2/
LMOD_SYSTEM_DEFAULT_MODULES=StdEnv
TMPDIR=/var/tmp
MODULEPATH_ROOT=/usr/share/modulefiles
SSH_CLIENT=192.168.66.202 56572 22
LS_EXECCWD=/p/gpfs1/mtcampbe/CEESD/AutomatedTesting/MIRGE-Timing/timing/emirge/mirgecom/y2-isolator/timing_run
LSB_TRAPSIGS=trap # 15 10 12 2 1
CONDA_SHLVL=1
LMOD_FAMILY_CUDA_VERSION=11.2.0
LS_JOBPID=125296
CONDA_PROMPT_MODIFIER=
GSETTINGS_SCHEMA_DIR_CONDA_BACKUP=
LSB_MAX_NUM_PROCESSORS=41
LSB_JOBRES_CALLBACK=40531@lassen710
LMOD_PKG=/usr/share/lmod/lmod
LSB_JOB_EXECUSER=mtcampbe
LSB_JOBID=6095981
QTDIR=/usr/lib64/qt-3.3
LSF_SERVERDIR=/opt/ibm/spectrumcomputing/lsf/10.1.0.10/linux3.10-glibc2.17-ppc64le-csm/etc
LSB_JOBRES_PID=125296
LMOD_VERSION=8.6.16
LMOD_SHORT_TIME=60
QTINC=/usr/lib64/qt-3.3/include
LSB_JOBNAME=isolator_timing_job.sh
LLNL_COMPUTE_NODES=lassen399
LLNL_ATSDISABLE=0
_ModuleTable007_=ZXMvTGludXg6L3Vzci9zaGFyZS9tb2R1bGVmaWxlcy9Db3JlOi91c3Ivc2hhcmUvbG1vZC9sbW9kL21vZHVsZWZpbGVzL0NvcmUiLAp9Cg==
BSUB_BLOCK_EXEC_HOST=
QT_GRAPHICSSYSTEM_CHECKED=1
LSF_LIBDIR=/opt/ibm/spectrumcomputing/lsf/10.1.0.10/linux3.10-glibc2.17-ppc64le-csm/lib
OPAL_PREFIX=/usr/tce/packages/spectrum-mpi/ibm/spectrum-mpi-rolling-release
LSB_PROJECT_NAME=default
CUDA_HOME=/usr/tce/packages/cuda/cuda-11.2.0
USER=mtcampbe
PYOPENCL_CTX=port:tesla
LMOD_sys=Linux
LMOD_FAMILY_BASEGCC=base-gcc
LD_LIBRARY_PATH=/opt/ibm/spectrumcomputing/lsf/10.1.0.10/linux3.10-glibc2.17-ppc64le-csm/lib:/usr/tce/packages/cuda/cuda-11.2.0/lib64
SBD_KRB5CCNAME_VAL=
NVHPC_CUDA_HOME=/usr/tce/packages/cuda/cuda-11.2.0
LSB_EEXEC_REAL_UID=
REQUESTS_CA_BUNDLE=/etc/pki/tls/cert.pem
CONDA_EXE=/p/gpfs1/mtcampbe/CEESD/AutomatedTesting/MIRGE-Timing/timing/emirge/miniforge3/bin/conda
CEESD=/usr/workspace/wsa/xpacc/Users/mtcampbe/CEESD/Lassen
PFTP_CONFIG_FILENAME=/etc/pftp_config
ENV=/g/g17/mtcampbe/.bashrc
HOST_GRP=linux
_ModuleTable004_=MC5sdWEiLApmdWxsTmFtZSA9ICJsYWxsb2MvMi4wIiwKbG9hZE9yZGVyID0gMywKcHJvcFQgPSB7fSwKc3RhY2tEZXB0aCA9IDAsCnN0YXR1cyA9ICJhY3RpdmUiLAp1c2VyTmFtZSA9ICJsYWxsb2MvMi4wIiwKd1YgPSAiXjAwMDAwMDAyLip6ZmluYWwiLAp9LApbInNwZWN0cnVtLW1waSJdID0gewpmbiA9ICIvdXNyL3RjZS9tb2R1bGVmaWxlcy9Db21waWxlci9nY2MvMTAuMi4xL3NwZWN0cnVtLW1waS9yb2xsaW5nLXJlbGVhc2UubHVhIiwKZnVsbE5hbWUgPSAic3BlY3RydW0tbXBpL3JvbGxpbmctcmVsZWFzZSIsCmxvYWRPcmRlciA9IDYsCnByb3BUID0ge30sCnN0YWNrRGVwdGggPSAwLApzdGF0dXMgPSAiYWN0aXZlIiwKdXNlck5hbWUgPSAic3BlY3RydW0tbXBpL3Jv
HOSTTYPE=LINUXPPC64LE
LSF_INVOKE_CMD=bsub
CUDA_CACHE_DISABLE=1
LS_EXEC_T=START
LMOD_FAMILY_LALLOC=lalloc
LS_SUBCWD=/p/gpfs1/mtcampbe/CEESD/AutomatedTesting/MIRGE-Timing/timing/emirge/mirgecom/y2-isolator/timing_run
LSB_SUB_RES_REQ=1*{select[LN]span[hosts=1]} + 40*{select[CN]span[ptile=40]}
LSB_HOSTS=lassen710 lassen399 lassen399 lassen399 lassen399 lassen399 lassen399 lassen399 lassen399 lassen399 lassen399 lassen399 lassen399 lassen399 lassen399 lassen399 lassen399 lassen399 lassen399 lassen399 lassen399 lassen399 lassen399 lassen399 lassen399 lassen399 lassen399 lassen399 lassen399 lassen399 lassen399 lassen399 lassen399 lassen399 lassen399 lassen399 lassen399 lassen399 lassen399 lassen399 lassen399
LMOD_PREPEND_BLOCK=normal
LMOD_FAMILY_MPI_VERSION=rolling-release
GUESTFISH_PS1=\[\e[1;32m\]><fs>\[\e[0;31m\] 
_CE_CONDA=
LSB_UNIXGROUP_INT=mtcampbe
LSB_JOBFILENAME=/g/g17/mtcampbe/.lsbatch/1723881197.6095981
LSB_JOBINDEX=0
_ModuleTable001_=X01vZHVsZVRhYmxlXyA9IHsKTVR2ZXJzaW9uID0gMywKY19yZWJ1aWxkVGltZSA9IGZhbHNlLApjX3Nob3J0VGltZSA9IGZhbHNlLApkZXB0aFQgPSB7fSwKZmFtaWx5ID0gewpiYXNlZ2NjID0gImJhc2UtZ2NjIiwKY29tcGlsZXIgPSAiZ2NjIiwKY3VkYSA9ICJjdWRhIiwKbGFsbG9jID0gImxhbGxvYyIsCm1waSA9ICJzcGVjdHJ1bS1tcGkiLAp9LAptVCA9IHsKU3RkRW52ID0gewpmbiA9ICIvdXNyL3RjZXRtcC9tb2R1bGVmaWxlcy9Db3JlL1N0ZEVudi5sdWEiLApmdWxsTmFtZSA9ICJTdGRFbnYiLApsb2FkT3JkZXIgPSAyLApwcm9wVCA9IHsKbG1vZCA9IHsKc3RpY2t5ID0gMSwKfSwKfSwKc3RhY2tEZXB0aCA9IDAsCnN0YXR1cyA9ICJhY3RpdmUiLAp1c2VyTmFtZSA9
PATH=/usr/tce/packages/spectrum-mpi/spectrum-mpi-rolling-release-gcc-10.2.1/bin:/usr/tce/packages/gcc/gcc-10.2.1/bin:/usr/tce/packages/lalloc/lalloc-2.0/bin:/p/gpfs1/mtcampbe/CEESD/AutomatedTesting/MIRGE-Timing/timing/emirge/miniforge3/envs/nozzle.lazy.timing.env/bin:/p/gpfs1/mtcampbe/CEESD/AutomatedTesting/MIRGE-Timing/timing/emirge/miniforge3/bin:/usr/tce/packages/spectrum-mpi/spectrum-mpi-rolling-release-gcc-8.3.1/bin:/usr/tce/packages/gcc/gcc-8.3.1/bin:/usr/tce/packages/cuda/cuda-11.2.0/bin:/usr/tcetmp/packages/base-gcc/base-gcc-11.2.1/bin:/usr/tcetmp/bin:/usr/condabin:/usr/workspace/wsa/xpacc/Users/mtcampbe/CEESD/Lassen/conda-install/bin:/usr/tce/packages/cuda/cuda-10.1.243/bin:/usr/lib64/qt-3.3/bin:/usr/local/bin:/usr/bin:/usr/local/sbin:/usr/sbin:/opt/ibm/spectrum_mpi/jsm_pmix/bin:/opt/ibm/bb/bin:/opt/ibm/flightlog/bin:/opt/ibutils/bin:/opt/ibm/spectrumcomputing/lsf/10.1.0.10/linux3.10-glibc2.17-ppc64le-csm/etc:/opt/ibm/spectrumcomputing/lsf/10.1.0.10/linux3.10-glibc2.17-ppc64le-csm/bin:/opt/ibm/spectrumcomputing/lsf/10.1.0.9/linux3.10-glibc2.17-ppc64le-csm/etc:/opt/ibm/spectrumcomputing/lsf/10.1.0.9/linux3.10-glibc2.17-ppc64le-csm/bin:/g/g17/mtcampbe/tools/bin
MAIL=/var/spool/mail/mtcampbe
PROJ_NETWORK=ON
GSETTINGS_SCHEMA_DIR=/p/gpfs1/mtcampbe/CEESD/AutomatedTesting/MIRGE-Timing/timing/emirge/miniforge3/envs/nozzle.lazy.timing.env/share/glib-2.0/schemas
LCSCHEDCLUSTER=lassen
XML_CATALOG_FILES=file:///p/gpfs1/mtcampbe/CEESD/AutomatedTesting/MIRGE-Timing/timing/emirge/miniforge3/envs/nozzle.lazy.timing.env/etc/xml/catalog file:///etc/xml/catalog
LSB_EXIT_PRE_ABORT=99
LSB_JOBEXIT_STAT=0
LMOD_SETTARG_CMD=:
LMOD_FAMILY_LALLOC_VERSION=2.0
CONDA_PREFIX=/p/gpfs1/mtcampbe/CEESD/AutomatedTesting/MIRGE-Timing/timing/emirge/miniforge3/envs/nozzle.lazy.timing.env
INPUTRC=/etc/inputrc
PWD=/p/gpfs1/mtcampbe/CEESD/AutomatedTesting/MIRGE-Timing/timing/emirge/mirgecom/y2-isolator/timing_run
_LMFILES_=/usr/tcetmp/modulefiles/Core/cuda/11.2.0.lua:/usr/tcetmp/modulefiles/Core/StdEnv.lua:/usr/tcetmp/modulefiles/Core/lalloc/2.0.lua:/usr/tcetmp/modulefiles/Core/base-gcc/11.2.1.lua:/usr/tcetmp/modulefiles/Core/gcc/10.2.1.lua:/usr/tce/modulefiles/Compiler/gcc/10.2.1/spectrum-mpi/rolling-release.lua
EDITOR=/bin/vi
LANG=en_US.UTF-8
LSB_CHKFILENAME=/g/g17/mtcampbe/.lsbatch/1723881197.6095981
MODULEPATH=/usr/tce/modulefiles/MPI/gcc/10.2.1/spectrum-mpi/rolling-release:/usr/tce/modulefiles/Compiler/gcc/10.2.1:/usr/tcetmp/modulefiles/Core:/usr/apps/modulefiles:/usr/share/modulefiles/Linux:/usr/share/modulefiles/Core:/usr/share/lmod/lmod/modulefiles/Core:/collab/usr/global/tools/modulefiles/blueos_3_ppc64le_ib_p9/Core
LSB_DJOB_HOSTFILE=/g/g17/mtcampbe/.lsbatch/1723881197.6095981.hostfile
LOADEDMODULES=cuda/11.2.0:StdEnv:lalloc/2.0:base-gcc/11.2.1:gcc/10.2.1:spectrum-mpi/rolling-release
KDEDIRS=/usr
GUESTFISH_OUTPUT=\e[0m
_ModuleTable_Sz_=6
LSB_JOB_STARTER=/usr/tcetmp/bin/bsub_job_starter %USRCMD
EMIRGE_HOME=/p/gpfs1/mtcampbe/CEESD/AutomatedTesting/MIRGE-Timing/timing/emirge
LSF_JOB_TIMESTAMP_VALUE=1723881304
LMOD_CMD=/usr/share/lmod/lmod/libexec/lmod
_ModuleTable005_=bGxpbmctcmVsZWFzZSIsCndWID0gIl5yb2xsaW5nLipyZWxlYXNlLip6ZmluYWwiLAp9LAp9LAptcGF0aEEgPSB7CiIvdXNyL3RjZS9tb2R1bGVmaWxlcy9NUEkvZ2NjLzEwLjIuMS9zcGVjdHJ1bS1tcGkvcm9sbGluZy1yZWxlYXNlIgosICIvdXNyL3RjZS9tb2R1bGVmaWxlcy9Db21waWxlci9nY2MvMTAuMi4xIiwgIi91c3IvdGNldG1wL21vZHVsZWZpbGVzL0NvcmUiCiwgIi91c3IvYXBwcy9tb2R1bGVmaWxlcyIsICIvdXNyL3NoYXJlL21vZHVsZWZpbGVzL0xpbnV4IgosICIvdXNyL3NoYXJlL21vZHVsZWZpbGVzL0NvcmUiLCAiL3Vzci9zaGFyZS9sbW9kL2xtb2QvbW9kdWxlZmlsZXMvQ29yZSIsICIvY29sbGFiL3Vzci9nbG9iYWwvdG9vbHMvbW9kdWxlZmlsZXMvYmx1
BBPATH=/mnt/bb_93c72de8ddeba63a66ed05b44a2e04ba
LSB_EXEC_HOSTTYPE=UNKNOWN_AUTO_DETECT
LSB_DJOB_NUMPROC=41
LSF_BINDIR=/opt/ibm/spectrumcomputing/lsf/10.1.0.10/linux3.10-glibc2.17-ppc64le-csm/bin
LLNL_NUM_COMPUTE_NODES=1
HISTCONTROL=ignoredups
_CE_M=
SSH_ASKPASS=/usr/libexec/openssh/gnome-ssh-askpass
ENVIRONMENT=BATCH
CXX=mpicxx
HOME=/g/g17/mtcampbe
SHLVL=6
__LMOD_REF_COUNT_PATH=/usr/tce/packages/spectrum-mpi/spectrum-mpi-rolling-release-gcc-10.2.1/bin:1;/usr/tce/packages/gcc/gcc-10.2.1/bin:1;/usr/tce/packages/lalloc/lalloc-2.0/bin:2;/p/gpfs1/mtcampbe/CEESD/AutomatedTesting/MIRGE-Timing/timing/emirge/miniforge3/envs/nozzle.lazy.timing.env/bin:1;/p/gpfs1/mtcampbe/CEESD/AutomatedTesting/MIRGE-Timing/timing/emirge/miniforge3/bin:1;/usr/tce/packages/spectrum-mpi/spectrum-mpi-rolling-release-gcc-8.3.1/bin:1;/usr/tce/packages/gcc/gcc-8.3.1/bin:1;/usr/tce/packages/cuda/cuda-11.2.0/bin:1;/usr/tcetmp/packages/base-gcc/base-gcc-11.2.1/bin:1;/usr/tcetmp/bin:1;/usr/condabin:1;/usr/workspace/wsa/xpacc/Users/mtcampbe/CEESD/Lassen/conda-install/bin:1;/usr/tce/packages/cuda/cuda-10.1.243/bin:1;/usr/lib64/qt-3.3/bin:1;/usr/local/bin:1;/usr/bin:1;/usr/local/sbin:1;/usr/sbin:1;/opt/ibm/spectrum_mpi/jsm_pmix/bin:1;/opt/ibm/bb/bin:1;/opt/ibm/flightlog/bin:1;/opt/ibutils/bin:1;/opt/ibm/spectrumcomputing/lsf/10.1.0.10/linux3.10-glibc2.17-ppc64le-csm/etc:1;/opt/ibm/spectrumcomputing/lsf/10.1.0.10/linux3.10-glibc2.17-ppc64le-csm/bin:1;/opt/ibm/spectrumcomputing/lsf/10.1.0.9/linux3.10-glibc2.17-ppc64le-csm/etc:1;/opt/ibm/spectrumcomputing/lsf/10.1.0.9/linux3.10-glibc2.17-ppc64le-csm/bin:1
JOB_TERMINATE_INTERVAL=10
LSB_ACCT_FILE=/tmp/6095981.tmpdir/.1723881197.6095981.acct
_ModuleTable002_=ICJTdGRFbnYiLAp3ViA9ICJNLip6ZmluYWwiLAp9LApbImJhc2UtZ2NjIl0gPSB7CmZuID0gIi91c3IvdGNldG1wL21vZHVsZWZpbGVzL0NvcmUvYmFzZS1nY2MvMTEuMi4xLmx1YSIsCmZ1bGxOYW1lID0gImJhc2UtZ2NjLzExLjIuMSIsCmxvYWRPcmRlciA9IDQsCnByb3BUID0ge30sCnN0YWNrRGVwdGggPSAwLApzdGF0dXMgPSAiYWN0aXZlIiwKdXNlck5hbWUgPSAiYmFzZS1nY2MvMTEuMi4xIiwKd1YgPSAiMDAwMDAwMDExLjAwMDAwMDAwMi4wMDAwMDAwMDEuKnpmaW5hbCIsCn0sCmN1ZGEgPSB7CmZuID0gIi91c3IvdGNldG1wL21vZHVsZWZpbGVzL0NvcmUvY3VkYS8xMS4yLjAubHVhIiwKZnVsbE5hbWUgPSAiY3VkYS8xMS4yLjAiLApsb2FkT3JkZXIgPSAxLApwcm9w
CSM_ALLOCATION_ID=6713193
BINARY_TYPE_HPC=
LLNL_CORE_ISOLATION=2
FC=mpif90
LSB_SUB_HOST=lassen708
XDG_CACHE_HOME=/tmp/mtcampbe/xdg-scratch
__LSF_JOB_TMPDIR__=/tmp/6095981.tmpdir
LSFUSER=mtcampbe
LSB_SUB_USER=mtcampbe
LSB_OUTDIR=/p/gpfs1/mtcampbe/CEESD/AutomatedTesting/MIRGE-Timing/timing/emirge/mirgecom/y2-isolator/timing_run
LSB_MCPU_HOSTS=lassen710 1 lassen399 40 
LMOD_arch=ppc64le
TMP=/var/tmp
MPI_ROOT=/usr/tce/packages/spectrum-mpi/ibm/spectrum-mpi-rolling-release
LSB_QUEUE=pbatch
LSB_OUTPUTFILE=/p/gpfs1/mtcampbe/CEESD/AutomatedTesting/MIRGE-Timing/timing/emirge/mirgecom/y2-isolator/timing_run/
CONDA_PYTHON_EXE=/p/gpfs1/mtcampbe/CEESD/AutomatedTesting/MIRGE-Timing/timing/emirge/miniforge3/bin/python
LOGNAME=mtcampbe
QTLIB=/usr/lib64/qt-3.3/lib
CVS_RSH=ssh
XLSF_UIDDIR=/opt/ibm/spectrumcomputing/lsf/10.1.0.10/linux3.10-glibc2.17-ppc64le-csm/lib/uid
XDG_DATA_DIRS=/p/gpfs1/mtcampbe/CEESD/AutomatedTesting/MIRGE-Timing/.local/share/flatpak/exports/share:/var/lib/flatpak/exports/share:/usr/local/share:/usr/share
SSH_CONNECTION=192.168.66.202 56572 192.168.65.145 22
SYS_TYPE=blueos_3_ppc64le_ib_p9
MODULESHOME=/usr/share/lmod/lmod
LMOD_SETTARG_FULL_SUPPORT=no
LESSOPEN=||/usr/bin/lesspipe.sh %s
__LMOD_REF_COUNT_LD_LIBRARY_PATH=/usr/tce/packages/cuda/cuda-11.2.0/lib64:1;/opt/ibm/spectrumcomputing/lsf/10.1.0.10/linux3.10-glibc2.17-ppc64le-csm/lib:1
PKG_CONFIG_PATH=/usr/tce/packages/cuda/cuda-11.2.0/lib64/pkgconfig
OMP_NUM_THREADS=1
LSF_CGROUP_TOPDIR_KEY=lassen
CONDA_DEFAULT_ENV=nozzle.lazy.timing.env
LMOD_FULL_SETTARG_SUPPORT=no
LMOD_FAMILY_COMPILER=gcc
LSB_XFER_OP=
LSB_EEXEC_REAL_GID=
__LMOD_REF_COUNT_PKG_CONFIG_PATH=/usr/tce/packages/cuda/cuda-11.2.0/lib64/pkgconfig:1
CC=mpicc
QT_PLUGIN_PATH=/usr/lib64/kde4/plugins:/usr/lib/kde4/plugins
LMOD_DIR=/usr/share/lmod/lmod/libexec
LEXEC_UNPICKLE_QUIET=1
__LMOD_REF_COUNT_MANPATH=/usr/tce/packages/spectrum-mpi/ibm/spectrum-mpi-rolling-release/share/man:1;/usr/tce/packages/gcc/gcc-10.2.1/man:1;/opt/ibm/spectrumcomputing/lsf/10.1.0.10/man:1;/usr/man:1;/usr/share/man:1;/usr/local/man:1;/usr/X11R6/man:1;/usr/lib64/mvapich/default/man:1;/opt/ibm/spectrum_mpi/jsm_pmix/share/man:1
_ModuleTable006_=ZW9zXzNfcHBjNjRsZV9pYl9wOS9Db3JlIiwKfSwKc3lzdGVtQmFzZU1QQVRIID0gIi91c3IvdGNldG1wL21vZHVsZWZpbGVzL0NvcmU6L3Vzci9hcHBzL21vZHVsZWZpbGVzOi91c3Ivc2hhcmUvbW9kdWxlZmlsZXMvTGludXg6L3Vzci9zaGFyZS9tb2R1bGVmaWxlcy9Db3JlOi91c3Ivc2hhcmUvbG1vZC9sbW9kL21vZHVsZWZpbGVzL0NvcmUiLAp9Cg==
LSF_ENVDIR=/opt/ibm/spectrumcomputing/lsf/conf
GUESTFISH_RESTORE=\e[0m
LSB_DJOB_RANKFILE=/g/g17/mtcampbe/.lsbatch/1723881197.6095981.hostfile
LMOD_FAMILY_MPI=spectrum-mpi
LMOD_COLORIZE=yes
HISTFILE=/g/g17/mtcampbe/.bash_history
BASH_FUNC_module()=() {  local __lmod_my_status;
 local __lmod_sh_dbg;
 if [ -z "${LMOD_SH_DBG_ON+x}" ]; then
 case "$-" in 
 *v*x*)
 __lmod_sh_dbg='vx'
 ;;
 *v*)
 __lmod_sh_dbg='v'
 ;;
 *x*)
 __lmod_sh_dbg='x'
 ;;
 esac;
 fi;
 if [ -n "${__lmod_sh_dbg:-}" ]; then
 set +$__lmod_sh_dbg;
 echo "Shell debugging temporarily silenced: export LMOD_SH_DBG_ON=1 for Lmod's output" 1>&2;
 fi;
 eval "$($LMOD_CMD bash "$@")" && eval $(${LMOD_SETTARG_CMD:-:} -s sh);
 __lmod_my_status=$?;
 if [ -n "${__lmod_sh_dbg:-}" ]; then
 echo "Shell debugging restarted" 1>&2;
 set -$__lmod_sh_dbg;
 fi;
 return $__lmod_my_status
}
BASH_FUNC_ml()=() {  eval "$($LMOD_DIR/ml_cmd "$@")"
}
_=/usr/bin/env
LSB_MCPU_HOSTS=lassen710 1 lassen399 40 
Default casename isolator
Using user input from file: timing_params.yaml
Running ./isolator.py

2024-08-17 00:55:13,268 - INFO - grudge.array_context - get_reasonable_array_context_class: MPIFusionContractorArrayContext lazy=True distributed=True device-parallel=True
2024-08-17 00:55:14,052 - INFO - mirgecom.mpi - Using mpi4py version 4.0.1.dev0 with pkl5 scatter support.
2024-08-17 00:55:42,485 - INFO - mirgecom.simutil - Using SVM-based memory pool on <pyopencl.Device 'Tesla V100-SXM2-16GB' on 'Portable Computing Language' at 0x102bfa640>.
Shock capturing parameters: alpha 0.5, s0 -4.0, kappa 0.5

#### Simluation control data: ####
	nviz = 100
	nrestart = 100
	nhealth = 100
	nstatus = 100
	current_dt = 1e-08
	t_final = 2e-07
	order = 1
	dimen = 2
	Time integration rk4
#### Simluation control data: ####


#### Simluation material properties: ####
	mu = 4.216360056e-05
	kappa = 0.05621788139856423
	Prandtl Number  = 0.75
#### Simluation initialization data: ####
	inlet Mach number 0.038727226466056475
	inlet temperature 2075.8073416311686
	inlet pressure 274212.0081934861
	inlet rho 0.4623484671063763
	inlet velocity 35.28896626974282
	outlet Mach number 3.661995139955526
	outlet temperature 563.9344091915701
	outlet pressure 2865.7077436508835
	outlet rho 0.01778579568979098
	outlet velocity 1739.2462693097807
#### Simluation initialization data: ####

Reading mesh from data/isolator.msh
./isolator.py:1087: DeprecationWarning: generate_and_distribute_mesh is deprecated and will go away Q4 2022. Use distribute_mesh instead.
  local_mesh, global_nelements = generate_and_distribute_mesh(
Reading gmsh mesh from disk file...
Done. Populating meshmode data structures...
Done.
Read GMSH: 0.054457664489746094
MeshData: 0.06338763236999512
Making discretization
./isolator.py:1094: DeprecationWarning: mpi_communicator argument is deprecated and will disappear in Q4 2022.
  dcoll = create_discretization_collection(
Done making discretization
/p/gpfs1/mtcampbe/CEESD/AutomatedTesting/MIRGE-Timing/timing/emirge/arraycontext/arraycontext/impl/pytato/__init__.py:421: UserWarning: Running on an Nvidia GPU, reducing the argument size limit from 4352 to 3896.
  warn("Running on an Nvidia GPU, reducing the argument "
2024-08-17 00:55:47,618 - INFO - arraycontext.impl.pytato - limiting argument buffer size for <pyopencl.Device 'Tesla V100-SXM2-16GB' on 'Portable Computing Language' at 0x102bfa640> to 3896 bytes
2024-08-17 00:55:47,650 - INFO - meshmode.array_context - Transforming kernel 'frozen_nodes0_2d' with 1 statements.
2024-08-17 00:55:47,690 - INFO - meshmode.array_context - Array Contraction: Contracting 0 temps
2024-08-17 00:55:47,692 - INFO - meshmode.array_context - [_alias_global_temporaries]: Reduced memory requirement of 'frozen_nodes0_2d' from 0.0MB to 0.0MB.
2024-08-17 00:55:50,047 - INFO - loopy.tools - preprocess_program on 'frozen_nodes0_2d': completed (2.35s wall 0.17x CPU)
2024-08-17 00:55:50,972 - INFO - pyopencl - build program: kernel 'frozen_nodes0_2d' was part of a lengthy uncached source build (assuming cached by ICD) (0.80 s)
2024-08-17 00:55:51,031 - INFO - meshmode.array_context - Transforming kernel 'frozen_nodes1_2d' with 1 statements.
2024-08-17 00:55:51,055 - INFO - meshmode.array_context - Array Contraction: Contracting 0 temps
2024-08-17 00:55:51,057 - INFO - meshmode.array_context - [_alias_global_temporaries]: Reduced memory requirement of 'frozen_nodes1_2d' from 0.0MB to 0.0MB.
2024-08-17 00:55:51,521 - INFO - pyopencl - build program: kernel 'frozen_nodes1_2d' was part of a lengthy uncached source build (assuming cached by ICD) (0.37 s)
Before restart/init
Initializing soln.
Initialization for Case(isolator)
===
Num 2d order-1 elements: 2504
Num global elements: 2504
Timestep:        1e-08
Initial time:    0
Final time:      2e-07
CFL:             1.0
Constant CFL:    False
Initialization:  isolator
EOS:             IdealSingleGas

2024-08-17 00:55:53,425 - INFO - meshmode.array_context - transform_dag.infer_axes_tags: completed (0.74s wall 1.00x CPU)
2024-08-17 00:55:53,630 - INFO - arraycontext.impl.pytato - limiting argument buffer size for <pyopencl.Device 'Tesla V100-SXM2-16GB' on 'Portable Computing Language' at 0x102bfa640> to 3896 bytes
2024-08-17 00:55:54,441 - INFO - meshmode.array_context - Transforming kernel 'frozen_result' with 14 statements.
2024-08-17 00:55:56,176 - INFO - loopy.tools - fuse_same_discretization_entity_loops on 'frozen_result': completed (1.58s wall 1.00x CPU)
2024-08-17 00:55:56,353 - INFO - meshmode.array_context - Loop Fusion: completed (1.91s wall 1.00x CPU)
2024-08-17 00:55:56,810 - INFO - meshmode.array_context - Array Contraction: Contracting 10 temps
2024-08-17 00:55:58,743 - INFO - loopy.tools - contract_arrays on 'frozen_result': completed (1.94s wall 1.00x CPU)
2024-08-17 00:55:58,940 - INFO - meshmode.array_context - Array Contraction: completed (2.28s wall 1.00x CPU)
2024-08-17 00:55:58,942 - INFO - meshmode.array_context - [_alias_global_temporaries]: Reduced memory requirement of 'frozen_result' from 0.5MB to 0.4MB.
2024-08-17 00:56:01,425 - INFO - loopy.tools - preprocess_program on 'frozen_result': completed (1.60s wall 1.00x CPU)
2024-08-17 00:56:05,489 - INFO - loopy.codegen - frozen_result: generate code: completed (2.02s wall 1.00x CPU)
2024-08-17 00:56:11,253 - INFO - pyopencl - build program: kernel 'frozen_result' was part of a lengthy uncached source build (assuming cached by ICD) (4.94 s)
2024-08-17 00:56:11,636 - INFO - pytato.distributed.verify - find_distributed_partition: Split 22 nodes into 1 parts, with [22] nodes in each partition.
2024-08-17 00:56:11,694 - INFO - meshmode.array_context - Transforming kernel 'get_fluid_state_part_0' with 15 statements.
2024-08-17 00:56:11,851 - INFO - meshmode.array_context - Array Contraction: Contracting 1 temps
2024-08-17 00:56:11,876 - INFO - meshmode.array_context - [_alias_global_temporaries]: Reduced memory requirement of 'get_fluid_state_part_0' from 0.1MB to 0.1MB.
2024-08-17 00:56:12,764 - INFO - pyopencl - build program: kernel 'get_fluid_state_part_0' was part of a lengthy uncached source build (assuming cached by ICD) (0.40 s)
./isolator.py:1349: DeprecationWarning: simutil.force_evaluation is deprecated and will disappear in Q3 2023. Use utils.force_evaluation instead.
  fluid_state = force_evaluation(actx, create_fluid_state(cv=state))
2024-08-17 00:56:12,938 - INFO - arraycontext.impl.pytato - limiting argument buffer size for <pyopencl.Device 'Tesla V100-SXM2-16GB' on 'Portable Computing Language' at 0x102bfa640> to 3896 bytes
2024-08-17 00:56:13,013 - INFO - meshmode.array_context - Transforming kernel 'frozen_area_el_vol' with 10 statements.
2024-08-17 00:56:13,229 - INFO - meshmode.array_context - Array Contraction: Contracting 1 temps
2024-08-17 00:56:13,261 - INFO - meshmode.array_context - [_alias_global_temporaries]: Reduced memory requirement of 'frozen_area_el_vol' from 0.3MB to 0.2MB.
2024-08-17 00:56:14,314 - INFO - pyopencl - build program: kernel 'frozen_area_el_vol' was part of a lengthy uncached source build (assuming cached by ICD) (0.42 s)
2024-08-17 00:56:14,366 - INFO - meshmode.discretization.connection.face - building face restriction: start
2024-08-17 00:56:14,375 - INFO - meshmode.discretization.connection.face - building face restriction: done
2024-08-17 00:56:14,478 - INFO - meshmode.array_context - Transforming kernel 'frozen_area_el_b_face_restr_all' with 7 statements.
2024-08-17 00:56:14,612 - INFO - meshmode.array_context - Array Contraction: Contracting 2 temps
2024-08-17 00:56:14,646 - INFO - meshmode.array_context - [_alias_global_temporaries]: Reduced memory requirement of 'frozen_area_el_b_face_restr_all' from 0.5MB to 0.3MB.
2024-08-17 00:56:15,430 - INFO - pyopencl - build program: kernel 'frozen_area_el_b_face_restr_all' was part of a lengthy uncached source build (assuming cached by ICD) (0.40 s)
2024-08-17 00:56:15,515 - INFO - meshmode.array_context - Transforming kernel 'frozen_dt_geometric_vol' with 7 statements.
2024-08-17 00:56:15,703 - INFO - meshmode.array_context - Array Contraction: Contracting 0 temps
2024-08-17 00:56:15,713 - INFO - meshmode.array_context - [_alias_global_temporaries]: Reduced memory requirement of 'frozen_dt_geometric_vol' from 0.3MB to 0.2MB.
2024-08-17 00:56:16,609 - INFO - pyopencl - build program: kernel 'frozen_dt_geometric_vol' was part of a lengthy uncached source build (assuming cached by ICD) (0.42 s)
2024-08-17 00:56:16,658 - INFO - meshmode.array_context - Transforming kernel 'frozen_char_lscales' with 1 statements.
2024-08-17 00:56:16,673 - INFO - meshmode.array_context - Array Contraction: Contracting 0 temps
2024-08-17 00:56:16,675 - INFO - meshmode.array_context - [_alias_global_temporaries]: Reduced memory requirement of 'frozen_char_lscales' from 0.0MB to 0.0MB.
2024-08-17 00:56:17,102 - INFO - pyopencl - build program: kernel 'frozen_char_lscales' was part of a lengthy uncached source build (assuming cached by ICD) (0.37 s)
2024-08-17 00:56:17,151 - INFO - meshmode.array_context - Transforming kernel 'frozen_result' with 4 statements.
2024-08-17 00:56:17,205 - INFO - meshmode.array_context - Array Contraction: Contracting 3 temps
2024-08-17 00:56:17,240 - INFO - meshmode.array_context - [_alias_global_temporaries]: Reduced memory requirement of 'frozen_result' from 0.2MB to 0.2MB.
2024-08-17 00:56:17,771 - INFO - pyopencl - build program: kernel 'frozen_result' was part of a lengthy uncached source build (assuming cached by ICD) (0.39 s)
2024-08-17 00:56:18,280 - INFO - pyopencl - build program: kernel 'reduce_kernel_stage1' was part of a lengthy uncached source build (assuming cached by ICD) (0.48 s)
2024-08-17 00:56:18,759 - INFO - pyopencl - build program: kernel 'reduce_kernel_stage2' was part of a lengthy uncached source build (assuming cached by ICD) (0.47 s)
2024-08-17 00:56:18,772 - INFO - meshmode.array_context - Transforming kernel 'frozen_result' with 1 statements.
2024-08-17 00:56:18,777 - INFO - meshmode.array_context - Array Contraction: Contracting 0 temps
_get_iel_to_idofs: str(insn)='_ary_store: _ary <- NaN if isnan(_actx_dw) or isnan(_actx_dw_0) else (_actx_dw if _actx_dw > _actx_dw_0 else _actx_dw_0) {tags=EinsumTag(orig_loop_nest=frozenset())}'
/p/gpfs1/mtcampbe/CEESD/AutomatedTesting/MIRGE-Timing/timing/emirge/meshmode/meshmode/array_context.py:1793: UserWarning: [frozen_result]: FusionContractorArrayContext.transform_loopy_program not broad enough (yet). Falling back to a possibly slower transformation strategy.
  warn(f"[{knl.name}]: FusionContractorArrayContext."
2024-08-17 00:56:19,179 - INFO - pyopencl - build program: kernel 'frozen_result' was part of a lengthy uncached source build (assuming cached by ICD) (0.37 s)
2024-08-17 00:56:19,647 - INFO - pyopencl - build program: kernel 'reduce_kernel_stage1' was part of a lengthy uncached source build (assuming cached by ICD) (0.46 s)
2024-08-17 00:56:20,109 - INFO - pyopencl - build program: kernel 'reduce_kernel_stage2' was part of a lengthy uncached source build (assuming cached by ICD) (0.46 s)
2024-08-17 00:56:20,117 - INFO - meshmode.array_context - Transforming kernel 'frozen_result' with 1 statements.
2024-08-17 00:56:20,122 - INFO - meshmode.array_context - Array Contraction: Contracting 0 temps
_get_iel_to_idofs: str(insn)='_ary_store: _ary <- 0.0 + _actx_dw {tags=EinsumTag(orig_loop_nest=frozenset())}'
2024-08-17 00:56:20,512 - INFO - pyopencl - build program: kernel 'frozen_result' was part of a lengthy uncached source build (assuming cached by ICD) (0.36 s)
2024-08-17 00:56:20,994 - INFO - pyopencl - build program: kernel 'reduce_kernel_stage1' was part of a lengthy uncached source build (assuming cached by ICD) (0.47 s)
2024-08-17 00:56:21,471 - INFO - pyopencl - build program: kernel 'reduce_kernel_stage2' was part of a lengthy uncached source build (assuming cached by ICD) (0.47 s)
2024-08-17 00:56:21,482 - INFO - meshmode.array_context - Transforming kernel 'frozen_result' with 1 statements.
2024-08-17 00:56:21,488 - INFO - meshmode.array_context - Array Contraction: Contracting 0 temps
_get_iel_to_idofs: str(insn)='_ary_store: _ary <- NaN if isnan(_actx_dw) or isnan(_actx_dw_0) else (_actx_dw if _actx_dw < _actx_dw_0 else _actx_dw_0) {tags=EinsumTag(orig_loop_nest=frozenset())}'
2024-08-17 00:56:21,888 - INFO - pyopencl - build program: kernel 'frozen_result' was part of a lengthy uncached source build (assuming cached by ICD) (0.37 s)
-------- dt = 1.000e-08, cfl = 0.0253
-------- P (min, max) (Pa) = (2.865706984e+03, 2.742120082e+05)
-------- T (min, max) (K)  = (    300, 2075.81)

2024-08-17 00:56:21,942 - INFO - meshmode.array_context - Transforming kernel 'frozen_result' with 1 statements.
2024-08-17 00:56:21,949 - INFO - meshmode.array_context - Array Contraction: Contracting 0 temps
2024-08-17 00:56:21,951 - INFO - meshmode.array_context - [_alias_global_temporaries]: Reduced memory requirement of 'frozen_result' from 0.0MB to 0.0MB.
2024-08-17 00:56:22,380 - INFO - pyopencl - build program: kernel 'frozen_result' was part of a lengthy uncached source build (assuming cached by ICD) (0.37 s)
2024-08-17 00:56:22,392 - INFO - meshmode.array_context - Transforming kernel 'frozen_result' with 1 statements.
2024-08-17 00:56:22,400 - INFO - meshmode.array_context - Array Contraction: Contracting 0 temps
2024-08-17 00:56:22,402 - INFO - meshmode.array_context - [_alias_global_temporaries]: Reduced memory requirement of 'frozen_result' from 0.0MB to 0.0MB.
2024-08-17 00:56:22,831 - INFO - pyopencl - build program: kernel 'frozen_result' was part of a lengthy uncached source build (assuming cached by ICD) (0.37 s)
2024-08-17 00:56:22,843 - INFO - meshmode.array_context - Transforming kernel 'frozen_result' with 1 statements.
2024-08-17 00:56:22,850 - INFO - meshmode.array_context - Array Contraction: Contracting 0 temps
2024-08-17 00:56:22,852 - INFO - meshmode.array_context - [_alias_global_temporaries]: Reduced memory requirement of 'frozen_result' from 0.0MB to 0.0MB.
2024-08-17 00:56:23,278 - INFO - pyopencl - build program: kernel 'frozen_result' was part of a lengthy uncached source build (assuming cached by ICD) (0.37 s)
2024-08-17 00:56:23,290 - INFO - meshmode.array_context - Transforming kernel 'frozen_result' with 1 statements.
2024-08-17 00:56:23,297 - INFO - meshmode.array_context - Array Contraction: Contracting 0 temps
2024-08-17 00:56:23,299 - INFO - meshmode.array_context - [_alias_global_temporaries]: Reduced memory requirement of 'frozen_result' from 0.0MB to 0.0MB.
2024-08-17 00:56:23,724 - INFO - pyopencl - build program: kernel 'frozen_result' was part of a lengthy uncached source build (assuming cached by ICD) (0.37 s)
2024-08-17 00:56:23,757 - INFO - meshmode.array_context - Transforming kernel 'frozen_result' with 3 statements.
2024-08-17 00:56:23,788 - INFO - meshmode.array_context - Array Contraction: Contracting 0 temps
2024-08-17 00:56:23,792 - INFO - meshmode.array_context - [_alias_global_temporaries]: Reduced memory requirement of 'frozen_result' from 0.1MB to 0.1MB.
2024-08-17 00:56:24,361 - INFO - pyopencl - build program: kernel 'frozen_result' was part of a lengthy uncached source build (assuming cached by ICD) (0.40 s)
2024-08-17 00:56:24,385 - INFO - meshmode.array_context - Transforming kernel 'frozen_result' with 1 statements.
2024-08-17 00:56:24,393 - INFO - meshmode.array_context - Array Contraction: Contracting 0 temps
2024-08-17 00:56:24,395 - INFO - meshmode.array_context - [_alias_global_temporaries]: Reduced memory requirement of 'frozen_result' from 0.0MB to 0.0MB.
2024-08-17 00:56:24,838 - INFO - pyopencl - build program: kernel 'frozen_result' was part of a lengthy uncached source build (assuming cached by ICD) (0.38 s)
2024-08-17 00:56:24,864 - INFO - meshmode.array_context - Transforming kernel 'frozen_result' with 1 statements.
2024-08-17 00:56:24,874 - INFO - meshmode.array_context - Array Contraction: Contracting 0 temps
2024-08-17 00:56:24,876 - INFO - meshmode.array_context - [_alias_global_temporaries]: Reduced memory requirement of 'frozen_result' from 0.0MB to 0.0MB.
2024-08-17 00:56:25,348 - INFO - pyopencl - build program: kernel 'frozen_result' was part of a lengthy uncached source build (assuming cached by ICD) (0.38 s)
2024-08-17 00:56:25,379 - INFO - meshmode.array_context - Transforming kernel 'frozen_result' with 3 statements.
2024-08-17 00:56:25,411 - INFO - meshmode.array_context - Array Contraction: Contracting 0 temps
2024-08-17 00:56:25,414 - INFO - meshmode.array_context - [_alias_global_temporaries]: Reduced memory requirement of 'frozen_result' from 0.1MB to 0.1MB.
2024-08-17 00:56:25,979 - INFO - pyopencl - build program: kernel 'frozen_result' was part of a lengthy uncached source build (assuming cached by ICD) (0.40 s)
failed to infer axis 1 of array of type <class 'pytato.array.Reshape'>.
expr.non_equality_tags=frozenset()
2024-08-17 00:56:26,046 - INFO - meshmode.array_context - Transforming kernel 'frozen_result' with 6 statements.
2024-08-17 00:56:26,142 - INFO - meshmode.array_context - Array Contraction: Contracting 0 temps
2024-08-17 00:56:26,150 - INFO - meshmode.array_context - [_alias_global_temporaries]: Reduced memory requirement of 'frozen_result' from 0.2MB to 0.2MB.
2024-08-17 00:56:27,022 - INFO - pyopencl - build program: kernel 'frozen_result' was part of a lengthy uncached source build (assuming cached by ICD) (0.47 s)
2024-08-17 00:56:27,094 - INFO - meshmode.array_context - Transforming kernel 'frozen_result' with 4 statements.
2024-08-17 00:56:27,142 - INFO - meshmode.array_context - Array Contraction: Contracting 2 temps
2024-08-17 00:56:27,167 - INFO - meshmode.array_context - [_alias_global_temporaries]: Reduced memory requirement of 'frozen_result' from 0.2MB to 0.2MB.
2024-08-17 00:56:27,780 - INFO - pyopencl - build program: kernel 'frozen_result' was part of a lengthy uncached source build (assuming cached by ICD) (0.41 s)
2024-08-17 00:56:27,816 - INFO - meshmode.discretization.connection.face - building face restriction: start
2024-08-17 00:56:27,821 - INFO - meshmode.discretization.connection.face - building face restriction: done
2024-08-17 00:56:27,836 - INFO - meshmode.discretization.connection.face - building face restriction: start
2024-08-17 00:56:27,841 - INFO - meshmode.discretization.connection.face - building face restriction: done
2024-08-17 00:56:27,855 - INFO - meshmode.discretization.connection.face - building face restriction: start
2024-08-17 00:56:27,866 - INFO - meshmode.discretization.connection.face - building face restriction: done
2024-08-17 00:56:27,880 - INFO - meshmode.discretization.connection.face - building face restriction: start
2024-08-17 00:56:27,973 - INFO - meshmode.discretization.connection.face - building face restriction: done
2024-08-17 00:56:28,125 - INFO - meshmode.array_context - Transforming kernel 'frozen_area_el_b_inflow' with 7 statements.
2024-08-17 00:56:28,262 - INFO - meshmode.array_context - Array Contraction: Contracting 2 temps
2024-08-17 00:56:28,297 - INFO - meshmode.array_context - [_alias_global_temporaries]: Reduced memory requirement of 'frozen_area_el_b_inflow' from 0.0MB to 0.0MB.
2024-08-17 00:56:29,072 - INFO - pyopencl - build program: kernel 'frozen_area_el_b_inflow' was part of a lengthy uncached source build (assuming cached by ICD) (0.39 s)
2024-08-17 00:56:29,160 - INFO - meshmode.array_context - Transforming kernel 'frozen_normal_2_b_inflow' with 3 statements.
2024-08-17 00:56:29,233 - INFO - meshmode.array_context - Array Contraction: Contracting 0 temps
2024-08-17 00:56:29,238 - INFO - meshmode.array_context - [_alias_global_temporaries]: Reduced memory requirement of 'frozen_normal_2_b_inflow' from 0.0MB to 0.0MB.
2024-08-17 00:56:29,887 - INFO - pyopencl - build program: kernel 'frozen_normal_2_b_inflow' was part of a lengthy uncached source build (assuming cached by ICD) (0.39 s)
2024-08-17 00:56:29,962 - INFO - meshmode.array_context - Transforming kernel 'frozen_normal_1_b_inflow' with 3 statements.
2024-08-17 00:56:30,036 - INFO - meshmode.array_context - Array Contraction: Contracting 0 temps
2024-08-17 00:56:30,040 - INFO - meshmode.array_context - [_alias_global_temporaries]: Reduced memory requirement of 'frozen_normal_1_b_inflow' from 0.0MB to 0.0MB.
2024-08-17 00:56:30,689 - INFO - pyopencl - build program: kernel 'frozen_normal_1_b_inflow' was part of a lengthy uncached source build (assuming cached by ICD) (0.38 s)
2024-08-17 00:56:30,721 - INFO - meshmode.array_context - Transforming kernel 'frozen_f2allf_ind' with 0 statements.
2024-08-17 00:56:30,725 - INFO - meshmode.array_context - Array Contraction: Contracting 0 temps
2024-08-17 00:56:31,105 - INFO - pyopencl - build program: kernel 'frozen_f2allf_ind' was part of a lengthy uncached source build (assuming cached by ICD) (0.36 s)
2024-08-17 00:56:31,115 - INFO - meshmode.array_context - Transforming kernel 'frozen_f2allf_ind' with 0 statements.
2024-08-17 00:56:31,230 - INFO - meshmode.array_context - Transforming kernel 'frozen_f2allf_ind' with 1 statements.
2024-08-17 00:56:31,240 - INFO - meshmode.array_context - Array Contraction: Contracting 0 temps
2024-08-17 00:56:31,242 - INFO - meshmode.array_context - [_alias_global_temporaries]: Reduced memory requirement of 'frozen_f2allf_ind' from 0.0MB to 0.0MB.
2024-08-17 00:56:31,649 - INFO - pyopencl - build program: kernel 'frozen_f2allf_ind' was part of a lengthy uncached source build (assuming cached by ICD) (0.36 s)
2024-08-17 00:56:31,848 - INFO - meshmode.array_context - Transforming kernel 'frozen_area_el_b_outflow' with 7 statements.
2024-08-17 00:56:31,986 - INFO - meshmode.array_context - Array Contraction: Contracting 2 temps
2024-08-17 00:56:32,021 - INFO - meshmode.array_context - [_alias_global_temporaries]: Reduced memory requirement of 'frozen_area_el_b_outflow' from 0.0MB to 0.0MB.
2024-08-17 00:56:32,799 - INFO - pyopencl - build program: kernel 'frozen_area_el_b_outflow' was part of a lengthy uncached source build (assuming cached by ICD) (0.39 s)
2024-08-17 00:56:32,888 - INFO - meshmode.array_context - Transforming kernel 'frozen_normal_2_b_outflow' with 3 statements.
2024-08-17 00:56:32,962 - INFO - meshmode.array_context - Array Contraction: Contracting 0 temps
2024-08-17 00:56:32,967 - INFO - meshmode.array_context - [_alias_global_temporaries]: Reduced memory requirement of 'frozen_normal_2_b_outflow' from 0.0MB to 0.0MB.
2024-08-17 00:56:33,620 - INFO - pyopencl - build program: kernel 'frozen_normal_2_b_outflow' was part of a lengthy uncached source build (assuming cached by ICD) (0.39 s)
2024-08-17 00:56:33,696 - INFO - meshmode.array_context - Transforming kernel 'frozen_normal_1_b_outflow' with 3 statements.
2024-08-17 00:56:33,770 - INFO - meshmode.array_context - Array Contraction: Contracting 0 temps
2024-08-17 00:56:33,775 - INFO - meshmode.array_context - [_alias_global_temporaries]: Reduced memory requirement of 'frozen_normal_1_b_outflow' from 0.0MB to 0.0MB.
2024-08-17 00:56:34,426 - INFO - pyopencl - build program: kernel 'frozen_normal_1_b_outflow' was part of a lengthy uncached source build (assuming cached by ICD) (0.39 s)
2024-08-17 00:56:34,457 - INFO - meshmode.array_context - Transforming kernel 'frozen_f2allf_ind' with 1 statements.
2024-08-17 00:56:34,468 - INFO - meshmode.array_context - Array Contraction: Contracting 0 temps
2024-08-17 00:56:34,470 - INFO - meshmode.array_context - [_alias_global_temporaries]: Reduced memory requirement of 'frozen_f2allf_ind' from 0.0MB to 0.0MB.
2024-08-17 00:56:34,872 - INFO - pyopencl - build program: kernel 'frozen_f2allf_ind' was part of a lengthy uncached source build (assuming cached by ICD) (0.36 s)
2024-08-17 00:56:34,885 - INFO - meshmode.array_context - Transforming kernel 'frozen_f2allf_ind' with 1 statements.
2024-08-17 00:56:34,895 - INFO - meshmode.array_context - Array Contraction: Contracting 0 temps
2024-08-17 00:56:34,897 - INFO - meshmode.array_context - [_alias_global_temporaries]: Reduced memory requirement of 'frozen_f2allf_ind' from 0.0MB to 0.0MB.
2024-08-17 00:56:35,303 - INFO - pyopencl - build program: kernel 'frozen_f2allf_ind' was part of a lengthy uncached source build (assuming cached by ICD) (0.36 s)
2024-08-17 00:56:35,425 - INFO - meshmode.array_context - Transforming kernel 'frozen_area_el_b_wall' with 7 statements.
2024-08-17 00:56:35,562 - INFO - meshmode.array_context - Array Contraction: Contracting 2 temps
2024-08-17 00:56:35,595 - INFO - meshmode.array_context - [_alias_global_temporaries]: Reduced memory requirement of 'frozen_area_el_b_wall' from 0.0MB to 0.0MB.
2024-08-17 00:56:36,383 - INFO - pyopencl - build program: kernel 'frozen_area_el_b_wall' was part of a lengthy uncached source build (assuming cached by ICD) (0.40 s)
2024-08-17 00:56:36,472 - INFO - meshmode.array_context - Transforming kernel 'frozen_normal_2_b_wall' with 3 statements.
2024-08-17 00:56:36,545 - INFO - meshmode.array_context - Array Contraction: Contracting 0 temps
2024-08-17 00:56:36,549 - INFO - meshmode.array_context - [_alias_global_temporaries]: Reduced memory requirement of 'frozen_normal_2_b_wall' from 0.0MB to 0.0MB.
2024-08-17 00:56:37,224 - INFO - pyopencl - build program: kernel 'frozen_normal_2_b_wall' was part of a lengthy uncached source build (assuming cached by ICD) (0.39 s)
2024-08-17 00:56:37,300 - INFO - meshmode.array_context - Transforming kernel 'frozen_normal_1_b_wall' with 3 statements.
2024-08-17 00:56:37,373 - INFO - meshmode.array_context - Array Contraction: Contracting 0 temps
2024-08-17 00:56:37,378 - INFO - meshmode.array_context - [_alias_global_temporaries]: Reduced memory requirement of 'frozen_normal_1_b_wall' from 0.0MB to 0.0MB.
2024-08-17 00:56:38,054 - INFO - pyopencl - build program: kernel 'frozen_normal_1_b_wall' was part of a lengthy uncached source build (assuming cached by ICD) (0.40 s)
2024-08-17 00:56:38,087 - INFO - meshmode.array_context - Transforming kernel 'frozen_f2allf_ind' with 1 statements.
2024-08-17 00:56:38,097 - INFO - meshmode.array_context - Array Contraction: Contracting 0 temps
2024-08-17 00:56:38,099 - INFO - meshmode.array_context - [_alias_global_temporaries]: Reduced memory requirement of 'frozen_f2allf_ind' from 0.0MB to 0.0MB.
2024-08-17 00:56:38,504 - INFO - pyopencl - build program: kernel 'frozen_f2allf_ind' was part of a lengthy uncached source build (assuming cached by ICD) (0.36 s)
2024-08-17 00:56:38,515 - INFO - meshmode.array_context - Transforming kernel 'frozen_f2allf_ind' with 1 statements.
2024-08-17 00:56:38,526 - INFO - meshmode.array_context - Array Contraction: Contracting 0 temps
2024-08-17 00:56:38,527 - INFO - meshmode.array_context - [_alias_global_temporaries]: Reduced memory requirement of 'frozen_f2allf_ind' from 0.0MB to 0.0MB.
2024-08-17 00:56:38,940 - INFO - pyopencl - build program: kernel 'frozen_f2allf_ind' was part of a lengthy uncached source build (assuming cached by ICD) (0.37 s)
2024-08-17 00:56:39,058 - INFO - meshmode.array_context - Transforming kernel 'frozen_area_el_b_face_restr_interior' with 7 statements.
2024-08-17 00:56:39,194 - INFO - meshmode.array_context - Array Contraction: Contracting 2 temps
2024-08-17 00:56:39,227 - INFO - meshmode.array_context - [_alias_global_temporaries]: Reduced memory requirement of 'frozen_area_el_b_face_restr_interior' from 0.4MB to 0.3MB.
2024-08-17 00:56:40,014 - INFO - pyopencl - build program: kernel 'frozen_area_el_b_face_restr_interior' was part of a lengthy uncached source build (assuming cached by ICD) (0.40 s)
2024-08-17 00:56:40,103 - INFO - meshmode.array_context - Transforming kernel 'frozen_normal_2_b_face_restr_interior' with 3 statements.
2024-08-17 00:56:40,176 - INFO - meshmode.array_context - Array Contraction: Contracting 0 temps
2024-08-17 00:56:40,180 - INFO - meshmode.array_context - [_alias_global_temporaries]: Reduced memory requirement of 'frozen_normal_2_b_face_restr_interior' from 0.2MB to 0.2MB.
2024-08-17 00:56:40,855 - INFO - pyopencl - build program: kernel 'frozen_normal_2_b_face_restr_interior' was part of a lengthy uncached source build (assuming cached by ICD) (0.39 s)
2024-08-17 00:56:40,932 - INFO - meshmode.array_context - Transforming kernel 'frozen_normal_1_b_face_restr_interior' with 3 statements.
2024-08-17 00:56:41,005 - INFO - meshmode.array_context - Array Contraction: Contracting 0 temps
2024-08-17 00:56:41,009 - INFO - meshmode.array_context - [_alias_global_temporaries]: Reduced memory requirement of 'frozen_normal_1_b_face_restr_interior' from 0.2MB to 0.2MB.
2024-08-17 00:56:41,683 - INFO - pyopencl - build program: kernel 'frozen_normal_1_b_face_restr_interior' was part of a lengthy uncached source build (assuming cached by ICD) (0.39 s)
2024-08-17 00:56:41,716 - INFO - meshmode.array_context - Transforming kernel 'frozen_f2allf_ind' with 1 statements.
2024-08-17 00:56:41,726 - INFO - meshmode.array_context - Array Contraction: Contracting 0 temps
2024-08-17 00:56:41,728 - INFO - meshmode.array_context - [_alias_global_temporaries]: Reduced memory requirement of 'frozen_f2allf_ind' from 0.0MB to 0.0MB.
2024-08-17 00:56:42,140 - INFO - pyopencl - build program: kernel 'frozen_f2allf_ind' was part of a lengthy uncached source build (assuming cached by ICD) (0.37 s)
2024-08-17 00:56:42,152 - INFO - meshmode.array_context - Transforming kernel 'frozen_f2allf_ind' with 1 statements.
2024-08-17 00:56:42,162 - INFO - meshmode.array_context - Array Contraction: Contracting 0 temps
2024-08-17 00:56:42,164 - INFO - meshmode.array_context - [_alias_global_temporaries]: Reduced memory requirement of 'frozen_f2allf_ind' from 0.0MB to 0.0MB.
2024-08-17 00:56:42,575 - INFO - pyopencl - build program: kernel 'frozen_f2allf_ind' was part of a lengthy uncached source build (assuming cached by ICD) (0.37 s)
2024-08-17 00:56:42,586 - INFO - meshmode.array_context - Transforming kernel 'frozen_f2allf_ind' with 1 statements.
2024-08-17 00:56:42,597 - INFO - meshmode.array_context - Array Contraction: Contracting 0 temps
2024-08-17 00:56:42,599 - INFO - meshmode.array_context - [_alias_global_temporaries]: Reduced memory requirement of 'frozen_f2allf_ind' from 0.0MB to 0.0MB.
2024-08-17 00:56:43,009 - INFO - pyopencl - build program: kernel 'frozen_f2allf_ind' was part of a lengthy uncached source build (assuming cached by ICD) (0.37 s)
2024-08-17 00:56:43,882 - INFO - meshmode.array_context - Transforming kernel 'frozen_inv_metric_deriv_vol' with 45 statements.
2024-08-17 00:56:44,852 - INFO - loopy.tools - fuse_same_discretization_entity_loops on 'frozen_inv_metric_deriv_vol': completed (0.85s wall 1.00x CPU)
2024-08-17 00:56:44,903 - INFO - meshmode.array_context - Loop Fusion: completed (1.01s wall 1.00x CPU)
2024-08-17 00:56:45,044 - INFO - meshmode.array_context - Array Contraction: Contracting 0 temps
2024-08-17 00:56:45,080 - INFO - meshmode.array_context - [_alias_global_temporaries]: Reduced memory requirement of 'frozen_inv_metric_deriv_vol' from 1.7MB to 0.5MB.
2024-08-17 00:56:45,878 - INFO - loopy.tools - preprocess_program on 'frozen_inv_metric_deriv_vol': completed (0.63s wall 1.00x CPU)
2024-08-17 00:56:47,232 - INFO - loopy.codegen - frozen_inv_metric_deriv_vol: generate code: completed (0.31s wall 1.00x CPU)
2024-08-17 00:56:48,149 - INFO - pyopencl - build program: kernel 'frozen_inv_metric_deriv_vol' was part of a lengthy uncached source build (assuming cached by ICD) (0.59 s)
/p/gpfs1/mtcampbe/CEESD/AutomatedTesting/MIRGE-Timing/timing/emirge/mirgecom/mirgecom/artificial_viscosity.py:347: UserWarning: The AV boundary_kwargs interface is deprecated, please pass gas_model and time directly.
  warn("The AV boundary_kwargs interface is deprecated, please pass gas_model"
2024-08-17 00:56:49,540 - INFO - grudge.array_context - deduplicate_data_wrappers[pre-partition]: completed (0.66s wall 1.00x CPU)
failed to infer axis 1 of array of type <class 'pytato.array.Reshape'>.
expr.non_equality_tags=frozenset()
2024-08-17 00:56:51,830 - INFO - grudge.array_context - transform_dag.infer_axes_tags[pre-partition]: completed (2.13s wall 1.00x CPU)
2024-08-17 00:56:52,342 - INFO - pytato.distributed.verify - find_distributed_partition: Split 3430 nodes into 1 parts, with [3430] nodes in each partition.
2024-08-17 00:56:53,339 - INFO - meshmode.array_context - transform_dag.deduplicate_data_wrappers: completed (0.37s wall 1.00x CPU)
2024-08-17 00:56:54,201 - INFO - meshmode.array_context - transform_dag.materialize_all_einsums_or_reduces: completed (0.56s wall 1.00x CPU)
failed to infer axis 1 of array of type <class 'pytato.array.Reshape'>.
expr.non_equality_tags=frozenset()
2024-08-17 00:56:56,486 - INFO - meshmode.array_context - transform_dag.infer_axes_tags: completed (2.28s wall 1.00x CPU)
2024-08-17 00:56:56,634 - INFO - meshmode.array_context - Transforming kernel 'frozen_result' with 1 statements.
2024-08-17 00:56:56,645 - INFO - meshmode.array_context - Array Contraction: Contracting 0 temps
2024-08-17 00:56:56,647 - INFO - meshmode.array_context - [_alias_global_temporaries]: Reduced memory requirement of 'frozen_result' from 0.0MB to 0.0MB.
2024-08-17 00:56:57,071 - INFO - pyopencl - build program: kernel 'frozen_result' was part of a lengthy uncached source build (assuming cached by ICD) (0.37 s)
2024-08-17 00:56:57,086 - INFO - meshmode.array_context - Transforming kernel 'frozen_result' with 1 statements.
2024-08-17 00:56:57,116 - INFO - meshmode.array_context - Array Contraction: Contracting 0 temps
_get_iel_to_idofs: str(insn)="_ary_store: _ary[idim_ensm0, idim_ensm0_0, iel_ensm0] <- inv_metric_deriv_vol[((idim_ensm0*5008 + idim_ensm0_0*2504 + iel_ensm0) % 10016) // 5008, ((idim_ensm0*5008 + idim_ensm0_0*2504 + iel_ensm0) % 5008) // 2504, (idim_ensm0*5008 + idim_ensm0_0*2504 + iel_ensm0) % 2504, 0] {tags=EinsumTag(orig_loop_nest=frozenset({'idim_0_0_', 'idim_1_0_', 'iel_0_0_'}))}"
2024-08-17 00:56:57,661 - INFO - pyopencl - build program: kernel 'frozen_result' was part of a lengthy uncached source build (assuming cached by ICD) (0.40 s)
2024-08-17 00:56:57,683 - INFO - meshmode.array_context - Transforming kernel 'frozen_result' with 1 statements.
_get_iel_to_idofs: str(insn)="_ary_store: _ary[idim_ensm0, idim_ensm0_0, iel_ensm0] <- inv_metric_deriv_vol[((idim_ensm0*5008 + idim_ensm0_0*2504 + iel_ensm0) % 10016) // 5008, ((idim_ensm0*5008 + idim_ensm0_0*2504 + iel_ensm0) % 5008) // 2504, (idim_ensm0*5008 + idim_ensm0_0*2504 + iel_ensm0) % 2504, 0] {tags=EinsumTag(orig_loop_nest=frozenset({'idim_0_0_', 'idim_1_0_', 'iel_0_0_'}))}"
2024-08-17 00:56:57,842 - INFO - meshmode.array_context - Transforming kernel 'frozen_result' with 1 statements.
2024-08-17 00:56:57,859 - INFO - meshmode.array_context - Array Contraction: Contracting 0 temps
_get_iel_to_idofs: str(insn)="_ary_store: _ary[iface_ensm0, iel_ensm0] <- _actx_dw[((iface_ensm0*2504 + iel_ensm0) % 7512) // 2504, (iface_ensm0*2504 + iel_ensm0) % 2504, 0] {tags=EinsumTag(orig_loop_nest=frozenset({'iface_0_0_', 'iel_0_0_'}))}"
2024-08-17 00:56:58,331 - INFO - pyopencl - build program: kernel 'frozen_result' was part of a lengthy uncached source build (assuming cached by ICD) (0.38 s)
2024-08-17 00:56:58,598 - INFO - arraycontext.impl.pytato.compile - transform_dag for 'my_rhs_part_0': completed (6.25s wall 1.00x CPU)
2024-08-17 00:57:02,537 - INFO - arraycontext.impl.pytato.compile - generate_loopy for 'my_rhs_part_0': completed (3.94s wall 1.00x CPU)
2024-08-17 00:57:02,538 - INFO - meshmode.array_context - Transforming kernel 'my_rhs_part_0' with 355 statements.
2024-08-17 00:57:14,758 - INFO - loopy.tools - fuse_same_discretization_entity_loops on 'my_rhs_part_0': completed (11.28s wall 1.00x CPU)
2024-08-17 00:57:15,489 - INFO - meshmode.array_context - Loop Fusion: completed (12.93s wall 1.00x CPU)
2024-08-17 00:57:17,161 - INFO - meshmode.array_context - Array Contraction: Contracting 73 temps
2024-08-17 00:57:20,606 - INFO - loopy.tools - contract_arrays on 'my_rhs_part_0': completed (3.45s wall 1.00x CPU)
2024-08-17 00:57:21,032 - INFO - meshmode.array_context - Array Contraction: completed (4.56s wall 1.00x CPU)
2024-08-17 00:57:21,208 - INFO - meshmode.array_context - [_alias_global_temporaries]: Reduced memory requirement of 'my_rhs_part_0' from 16.3MB to 7.5MB.
2024-08-17 00:57:22,807 - INFO - arraycontext.impl.pytato.compile - transform_loopy_program for 'my_rhs_part_0': completed (20.27s wall 1.00x CPU)
2024-08-17 00:57:27,565 - INFO - loopy.preprocess - my_rhs_part_0: preprocess: completed (0.45s wall 1.00x CPU)
2024-08-17 00:57:30,082 - INFO - loopy.tools - preprocess_program on 'my_rhs_part_0': completed (6.28s wall 1.00x CPU)
2024-08-17 00:57:36,482 - INFO - loopy.schedule - my_rhs_part_0: schedule: completed (2.57s wall 1.00x CPU)
2024-08-17 00:57:44,858 - INFO - loopy.codegen - my_rhs_part_0: generate code: completed (4.53s wall 1.00x CPU)
2024-08-17 00:57:53,253 - INFO - pyopencl - build program: kernel 'my_rhs_part_0' was part of a lengthy uncached source build (assuming cached by ICD) (5.94 s)
2024-08-17 00:57:54,736 - INFO - meshmode.array_context - Transforming kernel 'frozen_result' with 1 statements.
2024-08-17 00:57:54,753 - INFO - meshmode.array_context - Array Contraction: Contracting 0 temps
2024-08-17 00:57:54,755 - INFO - meshmode.array_context - [_alias_global_temporaries]: Reduced memory requirement of 'frozen_result' from 0.0MB to 0.0MB.
2024-08-17 00:57:55,196 - INFO - pyopencl - build program: kernel 'frozen_result' was part of a lengthy uncached source build (assuming cached by ICD) (0.37 s)
2024-08-17 00:57:55,213 - INFO - meshmode.array_context - Transforming kernel 'frozen_result' with 1 statements.
2024-08-17 00:57:55,229 - INFO - meshmode.array_context - Array Contraction: Contracting 0 temps
2024-08-17 00:57:55,231 - INFO - meshmode.array_context - [_alias_global_temporaries]: Reduced memory requirement of 'frozen_result' from 0.0MB to 0.0MB.
2024-08-17 00:57:55,669 - INFO - pyopencl - build program: kernel 'frozen_result' was part of a lengthy uncached source build (assuming cached by ICD) (0.37 s)
2024-08-17 00:57:55,707 - INFO - meshmode.array_context - Transforming kernel 'frozen_result' with 1 statements.
2024-08-17 00:57:55,723 - INFO - meshmode.array_context - Array Contraction: Contracting 0 temps
2024-08-17 00:57:55,725 - INFO - meshmode.array_context - [_alias_global_temporaries]: Reduced memory requirement of 'frozen_result' from 0.0MB to 0.0MB.
2024-08-17 00:57:56,166 - INFO - pyopencl - build program: kernel 'frozen_result' was part of a lengthy uncached source build (assuming cached by ICD) (0.37 s)
2024-08-17 00:57:56,183 - INFO - meshmode.array_context - Transforming kernel 'frozen_result' with 1 statements.
2024-08-17 00:57:56,199 - INFO - meshmode.array_context - Array Contraction: Contracting 0 temps
2024-08-17 00:57:56,201 - INFO - meshmode.array_context - [_alias_global_temporaries]: Reduced memory requirement of 'frozen_result' from 0.0MB to 0.0MB.
2024-08-17 00:57:56,639 - INFO - pyopencl - build program: kernel 'frozen_result' was part of a lengthy uncached source build (assuming cached by ICD) (0.37 s)
/p/gpfs1/mtcampbe/CEESD/AutomatedTesting/MIRGE-Timing/timing/emirge/mirgecom/mirgecom/steppers.py:439: UserWarning: Deduced force_eval=True for this timestepper. This can have a nontrivial performance impact. If you know that your timestepper does not require per-step forced evaluation, explicitly set force_eval=False.
  _advance_state_stepper_func(
2024-08-17 00:57:56,723 - INFO - meshmode.array_context - Transforming kernel 'frozen_result' with 4 statements.
2024-08-17 00:57:56,781 - INFO - meshmode.array_context - Array Contraction: Contracting 0 temps
2024-08-17 00:57:56,786 - INFO - meshmode.array_context - [_alias_global_temporaries]: Reduced memory requirement of 'frozen_result' from 0.0MB to 0.0MB.
2024-08-17 00:57:57,393 - INFO - pyopencl - build program: kernel 'frozen_result' was part of a lengthy uncached source build (assuming cached by ICD) (0.38 s)
step = 0, sim time: 0.000000e+00 s, step walltime: 104.614 s
2024-08-17 00:57:57,562 - INFO - meshmode.array_context - Transforming kernel 'frozen_result' with 4 statements.
2024-08-17 00:57:57,620 - INFO - meshmode.array_context - Array Contraction: Contracting 0 temps
2024-08-17 00:57:57,624 - INFO - meshmode.array_context - [_alias_global_temporaries]: Reduced memory requirement of 'frozen_result' from 0.0MB to 0.0MB.
2024-08-17 00:57:58,230 - INFO - pyopencl - build program: kernel 'frozen_result' was part of a lengthy uncached source build (assuming cached by ICD) (0.38 s)
step = 1, sim time: 1.000000e-08 s, step walltime: 0.81843 s
step = 2, sim time: 2.000000e-08 s, step walltime: 0.0720175 s
step = 3, sim time: 3.000000e-08 s, step walltime: 0.0593403 s
step = 4, sim time: 4.000000e-08 s, step walltime: 0.0592864 s
step = 5, sim time: 5.000000e-08 s, step walltime: 0.0601189 s
step = 6, sim time: 6.000000e-08 s, step walltime: 0.0594946 s
step = 7, sim time: 7.000000e-08 s, step walltime: 0.059681 s
step = 8, sim time: 8.000000e-08 s, step walltime: 0.0601737 s
step = 9, sim time: 9.000000e-08 s, step walltime: 0.059659 s
step = 10, sim time: 1.000000e-07 s, step walltime: 0.0595706 s
step = 11, sim time: 1.100000e-07 s, step walltime: 0.0598618 s
step = 12, sim time: 1.200000e-07 s, step walltime: 0.0594212 s
step = 13, sim time: 1.300000e-07 s, step walltime: 0.0601864 s
step = 14, sim time: 1.400000e-07 s, step walltime: 0.0596632 s
step = 15, sim time: 1.500000e-07 s, step walltime: 0.0598296 s
step = 16, sim time: 1.600000e-07 s, step walltime: 0.0599068 s
step = 17, sim time: 1.700000e-07 s, step walltime: 0.0599102 s
step = 18, sim time: 1.800000e-07 s, step walltime: 0.0598205 s
2024-08-17 00:57:59,391 - INFO - meshmode.array_context - Transforming kernel 'frozen_result' with 1 statements.
2024-08-17 00:57:59,408 - INFO - meshmode.array_context - Array Contraction: Contracting 0 temps
2024-08-17 00:57:59,410 - INFO - meshmode.array_context - [_alias_global_temporaries]: Reduced memory requirement of 'frozen_result' from 0.0MB to 0.0MB.
2024-08-17 00:57:59,848 - INFO - pyopencl - build program: kernel 'frozen_result' was part of a lengthy uncached source build (assuming cached by ICD) (0.37 s)
2024-08-17 00:57:59,887 - INFO - meshmode.array_context - Transforming kernel 'frozen_result' with 1 statements.
2024-08-17 00:57:59,904 - INFO - meshmode.array_context - Array Contraction: Contracting 0 temps
2024-08-17 00:57:59,906 - INFO - meshmode.array_context - [_alias_global_temporaries]: Reduced memory requirement of 'frozen_result' from 0.0MB to 0.0MB.
2024-08-17 00:58:00,344 - INFO - pyopencl - build program: kernel 'frozen_result' was part of a lengthy uncached source build (assuming cached by ICD) (0.37 s)
2024-08-17 00:58:00,428 - INFO - meshmode.array_context - Transforming kernel 'frozen_result' with 4 statements.
2024-08-17 00:58:00,487 - INFO - meshmode.array_context - Array Contraction: Contracting 0 temps
2024-08-17 00:58:00,491 - INFO - meshmode.array_context - [_alias_global_temporaries]: Reduced memory requirement of 'frozen_result' from 0.0MB to 0.0MB.
2024-08-17 00:58:01,099 - INFO - pyopencl - build program: kernel 'frozen_result' was part of a lengthy uncached source build (assuming cached by ICD) (0.38 s)
step = 19, sim time: 1.900000e-07 s, step walltime: 1.76028 s
2024-08-17 00:58:01,148 - INFO - pytato.distributed.verify - find_distributed_partition: Split 22 nodes into 1 parts, with [22] nodes in each partition.
2024-08-17 00:58:01,206 - INFO - meshmode.array_context - Transforming kernel 'get_fluid_state_part_0' with 15 statements.
2024-08-17 00:58:01,358 - INFO - meshmode.array_context - Array Contraction: Contracting 1 temps
2024-08-17 00:58:01,382 - INFO - meshmode.array_context - [_alias_global_temporaries]: Reduced memory requirement of 'get_fluid_state_part_0' from 0.1MB to 0.1MB.
2024-08-17 00:58:02,268 - INFO - pyopencl - build program: kernel 'get_fluid_state_part_0' was part of a lengthy uncached source build (assuming cached by ICD) (0.40 s)
Checkpointing final state ...
2024-08-17 00:58:02,349 - INFO - meshmode.array_context - Transforming kernel 'frozen_result' with 4 statements.
2024-08-17 00:58:02,403 - INFO - meshmode.array_context - Array Contraction: Contracting 3 temps
2024-08-17 00:58:02,439 - INFO - meshmode.array_context - [_alias_global_temporaries]: Reduced memory requirement of 'frozen_result' from 0.2MB to 0.2MB.
2024-08-17 00:58:02,973 - INFO - pyopencl - build program: kernel 'frozen_result' was part of a lengthy uncached source build (assuming cached by ICD) (0.39 s)
-------- dt = 0.000e+00, cfl = 0.0228
-------- P (min, max) (Pa) = (1.284504623e+03, 2.753939220e+05)
-------- T (min, max) (K)  = (269.955, 2214.65)

2024-08-17 00:58:03,030 - INFO - meshmode.array_context - Transforming kernel 'frozen_result' with 3 statements.
2024-08-17 00:58:03,061 - INFO - meshmode.array_context - Array Contraction: Contracting 0 temps
2024-08-17 00:58:03,064 - INFO - meshmode.array_context - [_alias_global_temporaries]: Reduced memory requirement of 'frozen_result' from 0.1MB to 0.1MB.
2024-08-17 00:58:03,633 - INFO - pyopencl - build program: kernel 'frozen_result' was part of a lengthy uncached source build (assuming cached by ICD) (0.40 s)
2024-08-17 00:58:03,655 - INFO - meshmode.array_context - Transforming kernel 'frozen_result' with 1 statements.
2024-08-17 00:58:03,664 - INFO - meshmode.array_context - Array Contraction: Contracting 0 temps
2024-08-17 00:58:03,666 - INFO - meshmode.array_context - [_alias_global_temporaries]: Reduced memory requirement of 'frozen_result' from 0.0MB to 0.0MB.
2024-08-17 00:58:04,111 - INFO - pyopencl - build program: kernel 'frozen_result' was part of a lengthy uncached source build (assuming cached by ICD) (0.38 s)
2024-08-17 00:58:04,143 - INFO - meshmode.array_context - Transforming kernel 'frozen_result' with 3 statements.
2024-08-17 00:58:04,173 - INFO - meshmode.array_context - Array Contraction: Contracting 0 temps
2024-08-17 00:58:04,177 - INFO - meshmode.array_context - [_alias_global_temporaries]: Reduced memory requirement of 'frozen_result' from 0.1MB to 0.1MB.
2024-08-17 00:58:04,744 - INFO - pyopencl - build program: kernel 'frozen_result' was part of a lengthy uncached source build (assuming cached by ICD) (0.40 s)
failed to infer axis 1 of array of type <class 'pytato.array.Reshape'>.
expr.non_equality_tags=frozenset()
2024-08-17 00:58:04,802 - INFO - meshmode.array_context - Transforming kernel 'frozen_result' with 6 statements.
2024-08-17 00:58:04,899 - INFO - meshmode.array_context - Array Contraction: Contracting 0 temps
2024-08-17 00:58:04,908 - INFO - meshmode.array_context - [_alias_global_temporaries]: Reduced memory requirement of 'frozen_result' from 0.2MB to 0.2MB.
2024-08-17 00:58:05,764 - INFO - pyopencl - build program: kernel 'frozen_result' was part of a lengthy uncached source build (assuming cached by ICD) (0.47 s)
2024-08-17 00:58:05,834 - INFO - meshmode.array_context - Transforming kernel 'frozen_result' with 4 statements.
2024-08-17 00:58:05,882 - INFO - meshmode.array_context - Array Contraction: Contracting 2 temps
2024-08-17 00:58:05,907 - INFO - meshmode.array_context - [_alias_global_temporaries]: Reduced memory requirement of 'frozen_result' from 0.2MB to 0.2MB.
2024-08-17 00:58:06,520 - INFO - pyopencl - build program: kernel 'frozen_result' was part of a lengthy uncached source build (assuming cached by ICD) (0.41 s)

------------------------------------------------------------
Sender: LSF System <lsfadmin@lassen710>
Subject: Job 6095981: <isolator_timing_job.sh> in cluster <lassen> Done

Job <isolator_timing_job.sh> was submitted from host <lassen708> by user <mtcampbe> in cluster <lassen> at Sat Aug 17 00:53:17 2024
Job was executed on host(s) <1*lassen710>, in queue <pbatch>, as user <mtcampbe> in cluster <lassen> at Sat Aug 17 00:55:04 2024
                            <40*lassen399>
</g/g17/mtcampbe> was used as the home directory.
</p/gpfs1/mtcampbe/CEESD/AutomatedTesting/MIRGE-Timing/timing/emirge/mirgecom/y2-isolator/timing_run> was used as the working directory.
Started at Sat Aug 17 00:55:04 2024
Terminated at Sat Aug 17 00:58:25 2024
Results reported at Sat Aug 17 00:58:25 2024

Your job looked like:

------------------------------------------------------------
# LSBATCH: User input
#!/bin/bash

#BSUB -nnodes 1
#BSUB -G uiuc
#BSUB -W 60
#BSUB -q pbatch

printf "Running with EMIRGE_HOME=/p/gpfs1/mtcampbe/CEESD/AutomatedTesting/MIRGE-Timing/timing/emirge\n"

source "/p/gpfs1/mtcampbe/CEESD/AutomatedTesting/MIRGE-Timing/timing/emirge/config/activate_env.sh"
export PYOPENCL_CTX="port:tesla"
export XDG_CACHE_HOME="/tmp/mtcampbe/xdg-scratch"
rm -rf $XDG_CACHE_HOME
rm -f timing-run-done
which python
conda env list
env
env | grep LSB_MCPU_HOSTS

jsrun -g 1 -a 1 -n 1 python -O -u -m mpi4py ./isolator.py -i timing_params.yaml --lazy --log
touch timing-run-done


------------------------------------------------------------

Successfully completed.

Resource usage summary:

    CPU time :                                   0.33 sec.
    Max Memory :                                 59 MB
    Average Memory :                             57.27 MB
    Total Requested Memory :                     -
    Delta Memory :                               -
    Max Swap :                                   1634 MB
    Max Processes :                              4
    Max Threads :                                27
    Run time :                                   200 sec.
    Turnaround time :                            308 sec.

The output (if any) is above this job summary.

