Customizing shell for Lassen.
Running with EMIRGE_HOME=/p/gpfs1/mtcampbe/CEESD/AutomatedTesting/MIRGE-Timing/timing/emirge
Activating 'nozzle.lazy.timing.env' environment for '/p/gpfs1/mtcampbe/CEESD/AutomatedTesting/MIRGE-Timing/timing/emirge/miniforge3/bin/conda'.
/p/gpfs1/mtcampbe/CEESD/AutomatedTesting/MIRGE-Timing/timing/emirge/miniforge3/envs/nozzle.lazy.timing.env/bin/python
# conda environments:
#
test.parsl               /g/g17/mtcampbe/.conda/envs/test.parsl
                         /p/gpfs1/mtcampbe/CEESD/AutomatedTesting/MIRGE-Timing/testing/temporary-test/alpha/miniforge3/envs/temp.test.alpha
base                     /p/gpfs1/mtcampbe/CEESD/AutomatedTesting/MIRGE-Timing/timing/emirge/miniforge3
nozzle.lazy.timing.env  *  /p/gpfs1/mtcampbe/CEESD/AutomatedTesting/MIRGE-Timing/timing/emirge/miniforge3/envs/nozzle.lazy.timing.env
                         /p/gpfs1/mtcampbe/CEESD/AutomatedTesting/MIRGE-Timing/timing/y3-prediction-nowall-scaling-run/emirge/miniforge3/envs/big.scale
                         /p/gpfs1/mtcampbe/CEESD/Experimental/cache-db/miniforge3/envs/x.cache.db
                         /p/gpfs1/mtcampbe/CEESD/Experimental/m-to-n-prediction/emirge/miniforge3/envs/y3.m2n
                         /p/gpfs1/mtcampbe/CEESD/Experimental/performance-model/miniforge3/envs/x.perf.model
                         /p/gpfs1/mtcampbe/CEESD/Experimental/scalability/emirge/miniforge3/envs/big.scale2
                         /usr/WS1/xpacc/Users/mtcampbe/CEESD/Lassen/test_emirge/emirge/miniforge3/envs/test.emirge.fk
                         /usr/workspace/wsa/xpacc/Users/mtcampbe/CEESD/Quartz/Install/conda
                         /usr/workspace/wsa/xpacc/Users/mtcampbe/CEESD/Quartz/Install/conda/envs/abate.mtc_euler.env
                         /usr/workspace/wsa/xpacc/Users/mtcampbe/CEESD/Quartz/Install/conda/envs/ceesd.master
                         /usr/workspace/wsa/xpacc/Users/mtcampbe/CEESD/Quartz/Install/conda/envs/chem.master
                         /usr/workspace/wsa/xpacc/Users/mtcampbe/CEESD/Quartz/Install/conda/envs/dgfem
                         /usr/workspace/wsa/xpacc/Users/mtcampbe/CEESD/Quartz/Install/conda/envs/mc.master

LMOD_FAMILY_COMPILER_VERSION=8.3.1
LLNL_IPISOLATE=0
MANPATH=/usr/tce/packages/spectrum-mpi/ibm/spectrum-mpi-rolling-release/share/man:/usr/tce/packages/gcc/gcc-8.3.1/man:/opt/ibm/spectrumcomputing/lsf/10.1.0.10/man:/usr/man:/usr/share/man:/usr/local/man:/usr/X11R6/man:/usr/lib64/mvapich/default/man:/opt/ibm/spectrum_mpi/jsm_pmix/share/man
LSB_EXEC_CLUSTER=lassen
OMPI_COMM_WORLD_RANK=0
LMOD_FAMILY_CUDA=cuda
LMOD_ANCIENT_TIME=3600
GUESTFISH_INIT=\e[1;34m
_ModuleTable003_=IHt9LApzdGFja0RlcHRoID0gMSwKc3RhdHVzID0gImFjdGl2ZSIsCnVzZXJOYW1lID0gImN1ZGEvMTEuMi4wIiwKd1YgPSAiXjAwMDAwMDExLjAwMDAwMDAwMi4qemZpbmFsIiwKfSwKZ2NjID0gewpmbiA9ICIvdXNyL3RjZXRtcC9tb2R1bGVmaWxlcy9Db3JlL2djYy84LjMuMS5sdWEiLApmdWxsTmFtZSA9ICJnY2MvOC4zLjEiLApsb2FkT3JkZXIgPSA1LApwcm9wVCA9IHt9LApzdGFja0RlcHRoID0gMCwKc3RhdHVzID0gImFjdGl2ZSIsCnVzZXJOYW1lID0gImdjYy84LjMuMSIsCndWID0gIjAwMDAwMDAwOC4wMDAwMDAwMDMuMDAwMDAwMDAxLip6ZmluYWwiLAp9LApsYWxsb2MgPSB7CmZuID0gIi91c3IvdGNldG1wL21vZHVsZWZpbGVzL0NvcmUvbGFsbG9jLzIuMC5sdWEi
HOSTNAME=lassen626
PROJ_DATA=/p/gpfs1/mtcampbe/CEESD/AutomatedTesting/MIRGE-Timing/timing/emirge/miniforge3/envs/nozzle.lazy.timing.env/share/proj
LSB_EFFECTIVE_RSRCREQ=1*{select[(LN) && (type == any)] order[r15s:pg] span[hosts=1]}+40*{select[(CN) && (type == any)] order[r15s:pg] span[ptile=40]}
LSB_DOCKER_JOB_STARTTS=1712298916
BBHASH=311fec7b3273e4f6f98244984f41d6a1
JSM_TMPDIR=/var/tmp
MIRGE_TIMING_HOME=/p/gpfs1/mtcampbe/CEESD/AutomatedTesting/MIRGE-Timing/timing
LSF_LOGDIR=/opt/ibm/spectrumcomputing/lsf/log
LSF_LIM_API_NTRIES=1
LSB_BATCH_JID=5767485
__LMOD_REF_COUNT_MODULEPATH=/usr/tce/modulefiles/MPI/gcc/8.3.1/spectrum-mpi/rolling-release:1;/usr/tce/modulefiles/Compiler/gcc/8.3.1:1;/usr/tcetmp/modulefiles/Core:1;/usr/apps/modulefiles:1;/usr/share/modulefiles/Linux:1;/usr/share/modulefiles/Core:1;/usr/share/lmod/lmod/modulefiles/Core:1;/collab/usr/global/tools/modulefiles/blueos_3_ppc64le_ib_p9/Core:1
MAILTO=mtcampbe@illinois.edu,andreask@illinois.edu
SHELL=/bin/bash
LMOD_ROOT=/usr/share/lmod
LMOD_FAMILY_BASEGCC_VERSION=8.3.1
HISTSIZE=1000
WISECONFIGDIR=/usr/share/wise2/
LMOD_SYSTEM_DEFAULT_MODULES=StdEnv
TMPDIR=/var/tmp
MODULEPATH_ROOT=/usr/share/modulefiles
SSH_CLIENT=192.168.66.202 57570 22
LS_EXECCWD=/p/gpfs1/mtcampbe/CEESD/AutomatedTesting/MIRGE-Timing/timing/emirge/mirgecom/y2-isolator/timing_run
LSB_TRAPSIGS=trap # 15 10 12 2 1
CONDA_SHLVL=1
LMOD_FAMILY_CUDA_VERSION=11.2.0
LS_JOBPID=120634
CONDA_PROMPT_MODIFIER=
GSETTINGS_SCHEMA_DIR_CONDA_BACKUP=
LSB_MAX_NUM_PROCESSORS=41
LSB_JOBRES_CALLBACK=59923@lassen710
LMOD_PKG=/usr/share/lmod/lmod
LSB_JOB_EXECUSER=mtcampbe
LSB_JOBID=5767485
QTDIR=/usr/lib64/qt-3.3
LSF_SERVERDIR=/opt/ibm/spectrumcomputing/lsf/10.1.0.10/linux3.10-glibc2.17-ppc64le-csm/etc
LSB_JOBRES_PID=120634
LMOD_VERSION=8.6.16
LMOD_SHORT_TIME=60
QTINC=/usr/lib64/qt-3.3/include
LSB_JOBNAME=isolator_timing_job.sh
LLNL_COMPUTE_NODES=lassen626
LLNL_ATSDISABLE=0
_ModuleTable007_=ZXMvTGludXg6L3Vzci9zaGFyZS9tb2R1bGVmaWxlcy9Db3JlOi91c3Ivc2hhcmUvbG1vZC9sbW9kL21vZHVsZWZpbGVzL0NvcmUiLAp9Cg==
BSUB_BLOCK_EXEC_HOST=
QT_GRAPHICSSYSTEM_CHECKED=1
LSF_LIBDIR=/opt/ibm/spectrumcomputing/lsf/10.1.0.10/linux3.10-glibc2.17-ppc64le-csm/lib
OPAL_PREFIX=/usr/tce/packages/spectrum-mpi/ibm/spectrum-mpi-rolling-release
LSB_PROJECT_NAME=default
CUDA_HOME=/usr/tce/packages/cuda/cuda-11.2.0
USER=mtcampbe
PYOPENCL_CTX=port:tesla
LMOD_sys=Linux
LMOD_FAMILY_BASEGCC=base-gcc
LD_LIBRARY_PATH=/opt/ibm/spectrumcomputing/lsf/10.1.0.10/linux3.10-glibc2.17-ppc64le-csm/lib:/usr/tce/packages/cuda/cuda-11.2.0/lib64
SBD_KRB5CCNAME_VAL=
NVHPC_CUDA_HOME=/usr/tce/packages/cuda/cuda-11.2.0
LSB_EEXEC_REAL_UID=
REQUESTS_CA_BUNDLE=/etc/pki/tls/cert.pem
CONDA_EXE=/p/gpfs1/mtcampbe/CEESD/AutomatedTesting/MIRGE-Timing/timing/emirge/miniforge3/bin/conda
CEESD=/usr/workspace/wsa/xpacc/Users/mtcampbe/CEESD/Lassen
PFTP_CONFIG_FILENAME=/etc/pftp_config
ENV=/g/g17/mtcampbe/.bashrc
HOST_GRP=linux
_ModuleTable004_=LApmdWxsTmFtZSA9ICJsYWxsb2MvMi4wIiwKbG9hZE9yZGVyID0gNCwKcHJvcFQgPSB7fSwKc3RhY2tEZXB0aCA9IDAsCnN0YXR1cyA9ICJhY3RpdmUiLAp1c2VyTmFtZSA9ICJsYWxsb2MvMi4wIiwKd1YgPSAiXjAwMDAwMDAyLip6ZmluYWwiLAp9LApbInNwZWN0cnVtLW1waSJdID0gewpmbiA9ICIvdXNyL3RjZS9tb2R1bGVmaWxlcy9Db21waWxlci9nY2MvOC4zLjEvc3BlY3RydW0tbXBpL3JvbGxpbmctcmVsZWFzZS5sdWEiLApmdWxsTmFtZSA9ICJzcGVjdHJ1bS1tcGkvcm9sbGluZy1yZWxlYXNlIiwKbG9hZE9yZGVyID0gNiwKcHJvcFQgPSB7fSwKc3RhY2tEZXB0aCA9IDAsCnN0YXR1cyA9ICJhY3RpdmUiLAp1c2VyTmFtZSA9ICJzcGVjdHJ1bS1tcGkvcm9sbGluZy1y
HOSTTYPE=LINUXPPC64LE
LSF_INVOKE_CMD=bsub
CUDA_CACHE_DISABLE=1
LS_EXEC_T=START
LMOD_FAMILY_LALLOC=lalloc
LS_SUBCWD=/p/gpfs1/mtcampbe/CEESD/AutomatedTesting/MIRGE-Timing/timing/emirge/mirgecom/y2-isolator/timing_run
LSB_SUB_RES_REQ=1*{select[LN]span[hosts=1]} + 40*{select[CN]span[ptile=40]}
LSB_HOSTS=lassen710 lassen626 lassen626 lassen626 lassen626 lassen626 lassen626 lassen626 lassen626 lassen626 lassen626 lassen626 lassen626 lassen626 lassen626 lassen626 lassen626 lassen626 lassen626 lassen626 lassen626 lassen626 lassen626 lassen626 lassen626 lassen626 lassen626 lassen626 lassen626 lassen626 lassen626 lassen626 lassen626 lassen626 lassen626 lassen626 lassen626 lassen626 lassen626 lassen626 lassen626
LMOD_PREPEND_BLOCK=normal
LMOD_FAMILY_MPI_VERSION=rolling-release
GUESTFISH_PS1=\[\e[1;32m\]><fs>\[\e[0;31m\] 
_CE_CONDA=
LSB_UNIXGROUP_INT=mtcampbe
LSB_JOBFILENAME=/g/g17/mtcampbe/.lsbatch/1712298914.5767485
LSB_JOBINDEX=0
_ModuleTable001_=X01vZHVsZVRhYmxlXyA9IHsKTVR2ZXJzaW9uID0gMywKY19yZWJ1aWxkVGltZSA9IGZhbHNlLApjX3Nob3J0VGltZSA9IGZhbHNlLApkZXB0aFQgPSB7fSwKZmFtaWx5ID0gewpiYXNlZ2NjID0gImJhc2UtZ2NjIiwKY29tcGlsZXIgPSAiZ2NjIiwKY3VkYSA9ICJjdWRhIiwKbGFsbG9jID0gImxhbGxvYyIsCm1waSA9ICJzcGVjdHJ1bS1tcGkiLAp9LAptVCA9IHsKU3RkRW52ID0gewpmbiA9ICIvdXNyL3RjZXRtcC9tb2R1bGVmaWxlcy9Db3JlL1N0ZEVudi5sdWEiLApmdWxsTmFtZSA9ICJTdGRFbnYiLApsb2FkT3JkZXIgPSAzLApwcm9wVCA9IHsKbG1vZCA9IHsKc3RpY2t5ID0gMSwKfSwKfSwKc3RhY2tEZXB0aCA9IDAsCnN0YXR1cyA9ICJhY3RpdmUiLAp1c2VyTmFtZSA9
PATH=/usr/tce/packages/spectrum-mpi/spectrum-mpi-rolling-release-gcc-8.3.1/bin:/usr/tce/packages/gcc/gcc-8.3.1/bin:/usr/tce/packages/lalloc/lalloc-2.0/bin:/p/gpfs1/mtcampbe/CEESD/AutomatedTesting/MIRGE-Timing/timing/emirge/miniforge3/envs/nozzle.lazy.timing.env/bin:/p/gpfs1/mtcampbe/CEESD/AutomatedTesting/MIRGE-Timing/timing/emirge/miniforge3/bin:/usr/tce/packages/cuda/cuda-11.2.0/bin:/usr/tcetmp/packages/base-gcc/base-gcc-8.3.1/bin:/usr/tcetmp/bin:/usr/condabin:/usr/workspace/wsa/xpacc/Users/mtcampbe/CEESD/Lassen/conda-install/bin:/usr/tce/packages/cuda/cuda-10.1.243/bin:/usr/lib64/qt-3.3/bin:/usr/local/bin:/usr/bin:/usr/local/sbin:/usr/sbin:/opt/ibm/spectrum_mpi/jsm_pmix/bin:/opt/ibm/bb/bin:/opt/ibm/flightlog/bin:/opt/ibutils/bin:/opt/ibm/spectrumcomputing/lsf/10.1.0.10/linux3.10-glibc2.17-ppc64le-csm/etc:/opt/ibm/spectrumcomputing/lsf/10.1.0.10/linux3.10-glibc2.17-ppc64le-csm/bin:/opt/ibm/spectrumcomputing/lsf/10.1.0.9/linux3.10-glibc2.17-ppc64le-csm/etc:/opt/ibm/spectrumcomputing/lsf/10.1.0.9/linux3.10-glibc2.17-ppc64le-csm/bin:/g/g17/mtcampbe/tools/bin
MAIL=/var/spool/mail/mtcampbe
PROJ_NETWORK=ON
GSETTINGS_SCHEMA_DIR=/p/gpfs1/mtcampbe/CEESD/AutomatedTesting/MIRGE-Timing/timing/emirge/miniforge3/envs/nozzle.lazy.timing.env/share/glib-2.0/schemas
LCSCHEDCLUSTER=lassen
XML_CATALOG_FILES=file:///p/gpfs1/mtcampbe/CEESD/AutomatedTesting/MIRGE-Timing/timing/emirge/miniforge3/envs/nozzle.lazy.timing.env/etc/xml/catalog file:///etc/xml/catalog
LSB_EXIT_PRE_ABORT=99
LSB_JOBEXIT_STAT=0
LMOD_SETTARG_CMD=:
LMOD_FAMILY_LALLOC_VERSION=2.0
CONDA_PREFIX=/p/gpfs1/mtcampbe/CEESD/AutomatedTesting/MIRGE-Timing/timing/emirge/miniforge3/envs/nozzle.lazy.timing.env
INPUTRC=/etc/inputrc
PWD=/p/gpfs1/mtcampbe/CEESD/AutomatedTesting/MIRGE-Timing/timing/emirge/mirgecom/y2-isolator/timing_run
_LMFILES_=/usr/tcetmp/modulefiles/Core/base-gcc/8.3.1.lua:/usr/tcetmp/modulefiles/Core/cuda/11.2.0.lua:/usr/tcetmp/modulefiles/Core/StdEnv.lua:/usr/tcetmp/modulefiles/Core/lalloc/2.0.lua:/usr/tcetmp/modulefiles/Core/gcc/8.3.1.lua:/usr/tce/modulefiles/Compiler/gcc/8.3.1/spectrum-mpi/rolling-release.lua
EDITOR=/bin/vi
LANG=en_US.UTF-8
LSB_CHKFILENAME=/g/g17/mtcampbe/.lsbatch/1712298914.5767485
MODULEPATH=/usr/tce/modulefiles/MPI/gcc/8.3.1/spectrum-mpi/rolling-release:/usr/tce/modulefiles/Compiler/gcc/8.3.1:/usr/tcetmp/modulefiles/Core:/usr/apps/modulefiles:/usr/share/modulefiles/Linux:/usr/share/modulefiles/Core:/usr/share/lmod/lmod/modulefiles/Core:/collab/usr/global/tools/modulefiles/blueos_3_ppc64le_ib_p9/Core
LSB_DJOB_HOSTFILE=/g/g17/mtcampbe/.lsbatch/1712298914.5767485.hostfile
LOADEDMODULES=base-gcc/8.3.1:cuda/11.2.0:StdEnv:lalloc/2.0:gcc/8.3.1:spectrum-mpi/rolling-release
KDEDIRS=/usr
GUESTFISH_OUTPUT=\e[0m
_ModuleTable_Sz_=6
LSB_JOB_STARTER=/usr/tcetmp/bin/bsub_job_starter %USRCMD
EMIRGE_HOME=/p/gpfs1/mtcampbe/CEESD/AutomatedTesting/MIRGE-Timing/timing/emirge
LSF_JOB_TIMESTAMP_VALUE=1712298916
LMOD_CMD=/usr/share/lmod/lmod/libexec/lmod
_ModuleTable005_=ZWxlYXNlIiwKd1YgPSAiXnJvbGxpbmcuKnJlbGVhc2UuKnpmaW5hbCIsCn0sCn0sCm1wYXRoQSA9IHsKIi91c3IvdGNlL21vZHVsZWZpbGVzL01QSS9nY2MvOC4zLjEvc3BlY3RydW0tbXBpL3JvbGxpbmctcmVsZWFzZSIKLCAiL3Vzci90Y2UvbW9kdWxlZmlsZXMvQ29tcGlsZXIvZ2NjLzguMy4xIiwgIi91c3IvdGNldG1wL21vZHVsZWZpbGVzL0NvcmUiCiwgIi91c3IvYXBwcy9tb2R1bGVmaWxlcyIsICIvdXNyL3NoYXJlL21vZHVsZWZpbGVzL0xpbnV4IgosICIvdXNyL3NoYXJlL21vZHVsZWZpbGVzL0NvcmUiLCAiL3Vzci9zaGFyZS9sbW9kL2xtb2QvbW9kdWxlZmlsZXMvQ29yZSIsICIvY29sbGFiL3Vzci9nbG9iYWwvdG9vbHMvbW9kdWxlZmlsZXMvYmx1ZW9zXzNfcHBj
BBPATH=/mnt/bb_311fec7b3273e4f6f98244984f41d6a1
LSB_EXEC_HOSTTYPE=UNKNOWN_AUTO_DETECT
LSB_DJOB_NUMPROC=41
LSF_BINDIR=/opt/ibm/spectrumcomputing/lsf/10.1.0.10/linux3.10-glibc2.17-ppc64le-csm/bin
LLNL_NUM_COMPUTE_NODES=1
HISTCONTROL=ignoredups
_CE_M=
SSH_ASKPASS=/usr/libexec/openssh/gnome-ssh-askpass
ENVIRONMENT=BATCH
CXX=mpicxx
HOME=/g/g17/mtcampbe
SHLVL=6
__LMOD_REF_COUNT_PATH=/usr/tce/packages/spectrum-mpi/spectrum-mpi-rolling-release-gcc-8.3.1/bin:2;/usr/tce/packages/gcc/gcc-8.3.1/bin:2;/usr/tce/packages/lalloc/lalloc-2.0/bin:2;/p/gpfs1/mtcampbe/CEESD/AutomatedTesting/MIRGE-Timing/timing/emirge/miniforge3/envs/nozzle.lazy.timing.env/bin:1;/p/gpfs1/mtcampbe/CEESD/AutomatedTesting/MIRGE-Timing/timing/emirge/miniforge3/bin:1;/usr/tce/packages/cuda/cuda-11.2.0/bin:1;/usr/tcetmp/packages/base-gcc/base-gcc-8.3.1/bin:1;/usr/tcetmp/bin:1;/usr/condabin:1;/usr/workspace/wsa/xpacc/Users/mtcampbe/CEESD/Lassen/conda-install/bin:1;/usr/tce/packages/cuda/cuda-10.1.243/bin:1;/usr/lib64/qt-3.3/bin:1;/usr/local/bin:1;/usr/bin:1;/usr/local/sbin:1;/usr/sbin:1;/opt/ibm/spectrum_mpi/jsm_pmix/bin:1;/opt/ibm/bb/bin:1;/opt/ibm/flightlog/bin:1;/opt/ibutils/bin:1;/opt/ibm/spectrumcomputing/lsf/10.1.0.10/linux3.10-glibc2.17-ppc64le-csm/etc:1;/opt/ibm/spectrumcomputing/lsf/10.1.0.10/linux3.10-glibc2.17-ppc64le-csm/bin:1;/opt/ibm/spectrumcomputing/lsf/10.1.0.9/linux3.10-glibc2.17-ppc64le-csm/etc:1;/opt/ibm/spectrumcomputing/lsf/10.1.0.9/linux3.10-glibc2.17-ppc64le-csm/bin:1
JOB_TERMINATE_INTERVAL=10
LSB_ACCT_FILE=/tmp/5767485.tmpdir/.1712298914.5767485.acct
_ModuleTable002_=ICJTdGRFbnYiLAp3ViA9ICJNLip6ZmluYWwiLAp9LApbImJhc2UtZ2NjIl0gPSB7CmZuID0gIi91c3IvdGNldG1wL21vZHVsZWZpbGVzL0NvcmUvYmFzZS1nY2MvOC4zLjEubHVhIiwKZnVsbE5hbWUgPSAiYmFzZS1nY2MvOC4zLjEiLApsb2FkT3JkZXIgPSAxLApwcm9wVCA9IHt9LApzdGFja0RlcHRoID0gMSwKc3RhdHVzID0gImFjdGl2ZSIsCnVzZXJOYW1lID0gImJhc2UtZ2NjLzguMy4xIiwKd1YgPSAiXjAwMDAwMDA4LjAwMDAwMDAwMy4wMDAwMDAwMDEuKnpmaW5hbCIsCn0sCmN1ZGEgPSB7CmZuID0gIi91c3IvdGNldG1wL21vZHVsZWZpbGVzL0NvcmUvY3VkYS8xMS4yLjAubHVhIiwKZnVsbE5hbWUgPSAiY3VkYS8xMS4yLjAiLApsb2FkT3JkZXIgPSAyLApwcm9wVCA9
CSM_ALLOCATION_ID=6368983
BINARY_TYPE_HPC=
LLNL_CORE_ISOLATION=2
FC=mpif90
LSB_SUB_HOST=lassen708
XDG_CACHE_HOME=/tmp/mtcampbe/xdg-scratch
__LSF_JOB_TMPDIR__=/tmp/5767485.tmpdir
LSFUSER=mtcampbe
LSB_SUB_USER=mtcampbe
LSB_OUTDIR=/p/gpfs1/mtcampbe/CEESD/AutomatedTesting/MIRGE-Timing/timing/emirge/mirgecom/y2-isolator/timing_run
LSB_MCPU_HOSTS=lassen710 1 lassen626 40 
LMOD_arch=ppc64le
TMP=/var/tmp
MPI_ROOT=/usr/tce/packages/spectrum-mpi/ibm/spectrum-mpi-rolling-release
LSB_QUEUE=pbatch
LSB_OUTPUTFILE=/p/gpfs1/mtcampbe/CEESD/AutomatedTesting/MIRGE-Timing/timing/emirge/mirgecom/y2-isolator/timing_run/
CONDA_PYTHON_EXE=/p/gpfs1/mtcampbe/CEESD/AutomatedTesting/MIRGE-Timing/timing/emirge/miniforge3/bin/python
LOGNAME=mtcampbe
QTLIB=/usr/lib64/qt-3.3/lib
CVS_RSH=ssh
XLSF_UIDDIR=/opt/ibm/spectrumcomputing/lsf/10.1.0.10/linux3.10-glibc2.17-ppc64le-csm/lib/uid
XDG_DATA_DIRS=/p/gpfs1/mtcampbe/CEESD/AutomatedTesting/MIRGE-Timing/.local/share/flatpak/exports/share:/var/lib/flatpak/exports/share:/usr/local/share:/usr/share
SSH_CONNECTION=192.168.66.202 57570 192.168.66.118 22
SYS_TYPE=blueos_3_ppc64le_ib_p9
MODULESHOME=/usr/share/lmod/lmod
LMOD_SETTARG_FULL_SUPPORT=no
LESSOPEN=||/usr/bin/lesspipe.sh %s
__LMOD_REF_COUNT_LD_LIBRARY_PATH=/usr/tce/packages/cuda/cuda-11.2.0/lib64:1;/opt/ibm/spectrumcomputing/lsf/10.1.0.10/linux3.10-glibc2.17-ppc64le-csm/lib:1
PKG_CONFIG_PATH=/usr/tce/packages/cuda/cuda-11.2.0/lib64/pkgconfig
OMP_NUM_THREADS=1
LSF_CGROUP_TOPDIR_KEY=lassen
CONDA_DEFAULT_ENV=nozzle.lazy.timing.env
LMOD_FULL_SETTARG_SUPPORT=no
LMOD_FAMILY_COMPILER=gcc
LSB_XFER_OP=
LSB_EEXEC_REAL_GID=
__LMOD_REF_COUNT_PKG_CONFIG_PATH=/usr/tce/packages/cuda/cuda-11.2.0/lib64/pkgconfig:1
CC=mpicc
QT_PLUGIN_PATH=/usr/lib64/kde4/plugins:/usr/lib/kde4/plugins
LMOD_DIR=/usr/share/lmod/lmod/libexec
LEXEC_UNPICKLE_QUIET=1
__LMOD_REF_COUNT_MANPATH=/usr/tce/packages/spectrum-mpi/ibm/spectrum-mpi-rolling-release/share/man:1;/usr/tce/packages/gcc/gcc-8.3.1/man:1;/opt/ibm/spectrumcomputing/lsf/10.1.0.10/man:1;/usr/man:1;/usr/share/man:1;/usr/local/man:1;/usr/X11R6/man:1;/usr/lib64/mvapich/default/man:1;/opt/ibm/spectrum_mpi/jsm_pmix/share/man:1
_ModuleTable006_=NjRsZV9pYl9wOS9Db3JlIiwKfSwKc3lzdGVtQmFzZU1QQVRIID0gIi91c3IvdGNldG1wL21vZHVsZWZpbGVzL0NvcmU6L3Vzci9hcHBzL21vZHVsZWZpbGVzOi91c3Ivc2hhcmUvbW9kdWxlZmlsZXMvTGludXg6L3Vzci9zaGFyZS9tb2R1bGVmaWxlcy9Db3JlOi91c3Ivc2hhcmUvbG1vZC9sbW9kL21vZHVsZWZpbGVzL0NvcmUiLAp9Cg==
LSF_ENVDIR=/opt/ibm/spectrumcomputing/lsf/conf
GUESTFISH_RESTORE=\e[0m
LSB_DJOB_RANKFILE=/g/g17/mtcampbe/.lsbatch/1712298914.5767485.hostfile
LMOD_FAMILY_MPI=spectrum-mpi
LMOD_COLORIZE=yes
HISTFILE=/g/g17/mtcampbe/.bash_history
BASH_FUNC_module()=() {  local __lmod_my_status;
 local __lmod_sh_dbg;
 if [ -z "${LMOD_SH_DBG_ON+x}" ]; then
 case "$-" in 
 *v*x*)
 __lmod_sh_dbg='vx'
 ;;
 *v*)
 __lmod_sh_dbg='v'
 ;;
 *x*)
 __lmod_sh_dbg='x'
 ;;
 esac;
 fi;
 if [ -n "${__lmod_sh_dbg:-}" ]; then
 set +$__lmod_sh_dbg;
 echo "Shell debugging temporarily silenced: export LMOD_SH_DBG_ON=1 for Lmod's output" 1>&2;
 fi;
 eval "$($LMOD_CMD bash "$@")" && eval $(${LMOD_SETTARG_CMD:-:} -s sh);
 __lmod_my_status=$?;
 if [ -n "${__lmod_sh_dbg:-}" ]; then
 echo "Shell debugging restarted" 1>&2;
 set -$__lmod_sh_dbg;
 fi;
 return $__lmod_my_status
}
BASH_FUNC_ml()=() {  eval "$($LMOD_DIR/ml_cmd "$@")"
}
_=/usr/bin/env
LSB_MCPU_HOSTS=lassen710 1 lassen626 40 
Default casename isolator
Using user input from file: timing_params.yaml
Running ./isolator.py

2024-04-04 23:35:33,158 - INFO - grudge.array_context - get_reasonable_array_context_class: MPIFusionContractorArrayContext lazy=True distributed=True device-parallel=True
2024-04-04 23:35:33,729 - INFO - mirgecom.mpi - Using mpi4py version 4.0.0.dev0 with pkl5 scatter support.
2024-04-04 23:35:33,952 - INFO - mirgecom.mpi - Rank 0 disk cache config: loopy: True (/tmp/mtcampbe/xdg-scratch); pyopencl: True (/tmp/mtcampbe/xdg-scratch); pocl: True (default dir); cuda: False ;

2024-04-04 23:35:57,999 - INFO - mirgecom.simutil - Using SVM-based memory pool on <pyopencl.Device 'Tesla V100-SXM2-16GB' on 'Portable Computing Language' at 0x1027d6c50>.
Shock capturing parameters: alpha 0.5, s0 -4.0, kappa 0.5

#### Simluation control data: ####
	nviz = 100
	nrestart = 100
	nhealth = 100
	nstatus = 100
	current_dt = 1e-08
	t_final = 2e-07
	order = 1
	dimen = 2
	Time integration rk4
#### Simluation control data: ####


#### Simluation material properties: ####
	mu = 4.216360056e-05
	kappa = 0.05621788139856423
	Prandtl Number  = 0.75
#### Simluation initialization data: ####
	inlet Mach number 0.038727226466056475
	inlet temperature 2075.8073416311686
	inlet pressure 274212.0081934861
	inlet rho 0.4623484671063763
	inlet velocity 35.28896626974282
	outlet Mach number 3.661995139955526
	outlet temperature 563.9344091915701
	outlet pressure 2865.7077436508835
	outlet rho 0.01778579568979098
	outlet velocity 1739.2462693097807
#### Simluation initialization data: ####

Reading mesh from data/isolator.msh
./isolator.py:1087: DeprecationWarning: generate_and_distribute_mesh is deprecated and will go away Q4 2022. Use distribute_mesh instead.
  local_mesh, global_nelements = generate_and_distribute_mesh(
Reading gmsh mesh from disk file...
Done. Populating meshmode data structures...
Done.
Read GMSH: 0.06105613708496094
MeshData: 0.1165163516998291
Making discretization
./isolator.py:1094: DeprecationWarning: mpi_communicator argument is deprecated and will disappear in Q4 2022.
  dcoll = create_discretization_collection(
Done making discretization
/p/gpfs1/mtcampbe/CEESD/AutomatedTesting/MIRGE-Timing/timing/emirge/arraycontext/arraycontext/impl/pytato/__init__.py:413: UserWarning: Running on an Nvidia GPU, reducing the argument size limit from 4352 to 3896.
  warn("Running on an Nvidia GPU, reducing the argument "
2024-04-04 23:36:06,247 - INFO - arraycontext.impl.pytato - limiting argument buffer size for <pyopencl.Device 'Tesla V100-SXM2-16GB' on 'Portable Computing Language' at 0x1027d6c50> to 3896 bytes
2024-04-04 23:36:06,293 - INFO - meshmode.array_context - Transforming kernel 'frozen_nodes0_2d' with 1 statements.
2024-04-04 23:36:06,355 - INFO - meshmode.array_context - Array Contraction: Contracting 0 temps
2024-04-04 23:36:06,357 - INFO - meshmode.array_context - [_alias_global_temporaries]: Reduced memory requirement of 'frozen_nodes0_2d' from 0.0MB to 0.0MB.
2024-04-04 23:36:13,533 - INFO - loopy.tools - preprocess_program on 'frozen_nodes0_2d': completed (7.17s wall 0.06x CPU)
2024-04-04 23:36:14,647 - INFO - pyopencl - build program: kernel 'frozen_nodes0_2d' was part of a lengthy source build resulting from a binary cache miss (0.94 s)
2024-04-04 23:36:14,744 - INFO - meshmode.array_context - Transforming kernel 'frozen_nodes1_2d' with 1 statements.
2024-04-04 23:36:14,768 - INFO - meshmode.array_context - Array Contraction: Contracting 0 temps
2024-04-04 23:36:14,771 - INFO - meshmode.array_context - [_alias_global_temporaries]: Reduced memory requirement of 'frozen_nodes1_2d' from 0.0MB to 0.0MB.
2024-04-04 23:36:15,230 - INFO - pyopencl - build program: kernel 'frozen_nodes1_2d' was part of a lengthy source build resulting from a binary cache miss (0.37 s)
Before restart/init
Initializing soln.
Initialization for Case(isolator)
===
Num 2d order-1 elements: 2504
Num global elements: 2504
Timestep:        1e-08
Initial time:    0
Final time:      2e-07
CFL:             1.0
Constant CFL:    False
Initialization:  isolator
EOS:             IdealSingleGas

2024-04-04 23:36:17,007 - INFO - meshmode.array_context - transform_dag.infer_axes_tags: completed (0.62s wall 1.00x CPU)
2024-04-04 23:36:17,213 - INFO - arraycontext.impl.pytato - limiting argument buffer size for <pyopencl.Device 'Tesla V100-SXM2-16GB' on 'Portable Computing Language' at 0x1027d6c50> to 3896 bytes
2024-04-04 23:36:18,030 - INFO - meshmode.array_context - Transforming kernel 'frozen_result' with 14 statements.
2024-04-04 23:36:19,809 - INFO - loopy.tools - fuse_same_discretization_entity_loops on 'frozen_result': completed (1.63s wall 1.00x CPU)
2024-04-04 23:36:19,991 - INFO - meshmode.array_context - Loop Fusion: completed (1.96s wall 1.00x CPU)
2024-04-04 23:36:20,454 - INFO - meshmode.array_context - Array Contraction: Contracting 10 temps
2024-04-04 23:36:22,434 - INFO - loopy.tools - contract_arrays on 'frozen_result': completed (1.98s wall 1.00x CPU)
2024-04-04 23:36:22,637 - INFO - meshmode.array_context - Array Contraction: completed (2.33s wall 1.00x CPU)
2024-04-04 23:36:22,639 - INFO - meshmode.array_context - [_alias_global_temporaries]: Reduced memory requirement of 'frozen_result' from 0.5MB to 0.4MB.
2024-04-04 23:36:25,127 - INFO - loopy.tools - preprocess_program on 'frozen_result': completed (1.59s wall 1.00x CPU)
2024-04-04 23:36:29,254 - INFO - loopy.codegen - frozen_result: generate code: completed (1.99s wall 1.00x CPU)
2024-04-04 23:36:35,041 - INFO - pyopencl - build program: kernel 'frozen_result' was part of a lengthy source build resulting from a binary cache miss (4.95 s)
2024-04-04 23:36:35,435 - INFO - pytato.distributed.verify - find_partition: Split 22 nodes into 1 parts, with [22] nodes in each partition.
2024-04-04 23:36:35,491 - INFO - meshmode.array_context - Transforming kernel 'get_fluid_state' with 15 statements.
2024-04-04 23:36:35,640 - INFO - meshmode.array_context - Array Contraction: Contracting 1 temps
2024-04-04 23:36:35,665 - INFO - meshmode.array_context - [_alias_global_temporaries]: Reduced memory requirement of 'get_fluid_state' from 0.1MB to 0.1MB.
2024-04-04 23:36:36,534 - INFO - pyopencl - build program: kernel 'get_fluid_state' was part of a lengthy source build resulting from a binary cache miss (0.39 s)
./isolator.py:1349: DeprecationWarning: simutil.force_evaluation is deprecated and will disappear in Q3 2023. Use utils.force_evaluation instead.
  fluid_state = force_evaluation(actx, create_fluid_state(cv=state))
2024-04-04 23:36:36,695 - INFO - arraycontext.impl.pytato - limiting argument buffer size for <pyopencl.Device 'Tesla V100-SXM2-16GB' on 'Portable Computing Language' at 0x1027d6c50> to 3896 bytes
2024-04-04 23:36:36,773 - INFO - meshmode.array_context - Transforming kernel 'frozen_area_el_vol' with 10 statements.
2024-04-04 23:36:36,982 - INFO - meshmode.array_context - Array Contraction: Contracting 1 temps
2024-04-04 23:36:37,016 - INFO - meshmode.array_context - [_alias_global_temporaries]: Reduced memory requirement of 'frozen_area_el_vol' from 0.3MB to 0.2MB.
2024-04-04 23:36:38,007 - INFO - pyopencl - build program: kernel 'frozen_area_el_vol' was part of a lengthy source build resulting from a binary cache miss (0.42 s)
2024-04-04 23:36:38,066 - INFO - meshmode.discretization.connection.face - building face restriction: start
2024-04-04 23:36:38,076 - INFO - meshmode.discretization.connection.face - building face restriction: done
2024-04-04 23:36:38,178 - INFO - meshmode.array_context - Transforming kernel 'frozen_area_el_b_face_restr_all' with 7 statements.
2024-04-04 23:36:38,307 - INFO - meshmode.array_context - Array Contraction: Contracting 2 temps
2024-04-04 23:36:38,341 - INFO - meshmode.array_context - [_alias_global_temporaries]: Reduced memory requirement of 'frozen_area_el_b_face_restr_all' from 0.5MB to 0.3MB.
2024-04-04 23:36:39,127 - INFO - pyopencl - build program: kernel 'frozen_area_el_b_face_restr_all' was part of a lengthy source build resulting from a binary cache miss (0.40 s)
2024-04-04 23:36:39,280 - INFO - meshmode.array_context - Transforming kernel 'frozen_dt_geometric_vol' with 7 statements.
2024-04-04 23:36:39,461 - INFO - meshmode.array_context - Array Contraction: Contracting 0 temps
2024-04-04 23:36:39,472 - INFO - meshmode.array_context - [_alias_global_temporaries]: Reduced memory requirement of 'frozen_dt_geometric_vol' from 0.3MB to 0.2MB.
2024-04-04 23:36:40,355 - INFO - pyopencl - build program: kernel 'frozen_dt_geometric_vol' was part of a lengthy source build resulting from a binary cache miss (0.42 s)
2024-04-04 23:36:40,404 - INFO - meshmode.array_context - Transforming kernel 'frozen_char_lscales' with 1 statements.
2024-04-04 23:36:40,418 - INFO - meshmode.array_context - Array Contraction: Contracting 0 temps
2024-04-04 23:36:40,421 - INFO - meshmode.array_context - [_alias_global_temporaries]: Reduced memory requirement of 'frozen_char_lscales' from 0.0MB to 0.0MB.
2024-04-04 23:36:40,847 - INFO - pyopencl - build program: kernel 'frozen_char_lscales' was part of a lengthy source build resulting from a binary cache miss (0.37 s)
2024-04-04 23:36:40,893 - INFO - meshmode.array_context - Transforming kernel 'frozen_result' with 4 statements.
2024-04-04 23:36:40,945 - INFO - meshmode.array_context - Array Contraction: Contracting 3 temps
2024-04-04 23:36:40,980 - INFO - meshmode.array_context - [_alias_global_temporaries]: Reduced memory requirement of 'frozen_result' from 0.2MB to 0.2MB.
2024-04-04 23:36:41,511 - INFO - pyopencl - build program: kernel 'frozen_result' was part of a lengthy source build resulting from a binary cache miss (0.39 s)
2024-04-04 23:36:42,063 - INFO - pyopencl - build program: kernel 'reduce_kernel_stage1' was part of a lengthy source build resulting from a binary cache miss (0.50 s)
2024-04-04 23:36:42,542 - INFO - pyopencl - build program: kernel 'reduce_kernel_stage2' was part of a lengthy source build resulting from a binary cache miss (0.47 s)
2024-04-04 23:36:42,554 - INFO - meshmode.array_context - Transforming kernel 'frozen_result' with 1 statements.
2024-04-04 23:36:42,560 - INFO - meshmode.array_context - Array Contraction: Contracting 0 temps
_get_iel_to_idofs: str(insn)='_ary_store: _ary <- NaN if isnan(_actx_dw) or isnan(_actx_dw_0) else (_actx_dw if _actx_dw > _actx_dw_0 else _actx_dw_0) {tags=EinsumTag(orig_loop_nest=frozenset())}'
/p/gpfs1/mtcampbe/CEESD/AutomatedTesting/MIRGE-Timing/timing/emirge/meshmode/meshmode/array_context.py:1790: UserWarning: [frozen_result]: FusionContractorArrayContext.transform_loopy_program not broad enough (yet). Falling back to a possibly slower transformation strategy.
  warn(f"[{knl.name}]: FusionContractorArrayContext."
2024-04-04 23:36:42,960 - INFO - pyopencl - build program: kernel 'frozen_result' was part of a lengthy source build resulting from a binary cache miss (0.36 s)
2024-04-04 23:36:43,427 - INFO - pyopencl - build program: kernel 'reduce_kernel_stage1' was part of a lengthy source build resulting from a binary cache miss (0.46 s)
2024-04-04 23:36:43,888 - INFO - pyopencl - build program: kernel 'reduce_kernel_stage2' was part of a lengthy source build resulting from a binary cache miss (0.45 s)
2024-04-04 23:36:43,894 - INFO - meshmode.array_context - Transforming kernel 'frozen_result' with 1 statements.
2024-04-04 23:36:43,899 - INFO - meshmode.array_context - Array Contraction: Contracting 0 temps
_get_iel_to_idofs: str(insn)='_ary_store: _ary <- 0 + _actx_dw {tags=EinsumTag(orig_loop_nest=frozenset())}'
2024-04-04 23:36:44,286 - INFO - pyopencl - build program: kernel 'frozen_result' was part of a lengthy source build resulting from a binary cache miss (0.36 s)
2024-04-04 23:36:44,767 - INFO - pyopencl - build program: kernel 'reduce_kernel_stage1' was part of a lengthy source build resulting from a binary cache miss (0.47 s)
2024-04-04 23:36:45,242 - INFO - pyopencl - build program: kernel 'reduce_kernel_stage2' was part of a lengthy source build resulting from a binary cache miss (0.47 s)
2024-04-04 23:36:45,253 - INFO - meshmode.array_context - Transforming kernel 'frozen_result' with 1 statements.
2024-04-04 23:36:45,259 - INFO - meshmode.array_context - Array Contraction: Contracting 0 temps
_get_iel_to_idofs: str(insn)='_ary_store: _ary <- NaN if isnan(_actx_dw) or isnan(_actx_dw_0) else (_actx_dw if _actx_dw < _actx_dw_0 else _actx_dw_0) {tags=EinsumTag(orig_loop_nest=frozenset())}'
2024-04-04 23:36:45,658 - INFO - pyopencl - build program: kernel 'frozen_result' was part of a lengthy source build resulting from a binary cache miss (0.37 s)
-------- dt = 1.000e-08, cfl = 0.0253
-------- P (min, max) (Pa) = (2.865706984e+03, 2.742120082e+05)
-------- T (min, max) (K)  = (    300, 2075.81)

2024-04-04 23:36:45,721 - INFO - meshmode.array_context - Transforming kernel 'frozen_result' with 1 statements.
2024-04-04 23:36:45,728 - INFO - meshmode.array_context - Array Contraction: Contracting 0 temps
2024-04-04 23:36:45,730 - INFO - meshmode.array_context - [_alias_global_temporaries]: Reduced memory requirement of 'frozen_result' from 0.0MB to 0.0MB.
2024-04-04 23:36:46,156 - INFO - pyopencl - build program: kernel 'frozen_result' was part of a lengthy source build resulting from a binary cache miss (0.37 s)
2024-04-04 23:36:46,168 - INFO - meshmode.array_context - Transforming kernel 'frozen_result' with 1 statements.
2024-04-04 23:36:46,175 - INFO - meshmode.array_context - Array Contraction: Contracting 0 temps
2024-04-04 23:36:46,177 - INFO - meshmode.array_context - [_alias_global_temporaries]: Reduced memory requirement of 'frozen_result' from 0.0MB to 0.0MB.
2024-04-04 23:36:46,600 - INFO - pyopencl - build program: kernel 'frozen_result' was part of a lengthy source build resulting from a binary cache miss (0.37 s)
2024-04-04 23:36:46,612 - INFO - meshmode.array_context - Transforming kernel 'frozen_result' with 1 statements.
2024-04-04 23:36:46,619 - INFO - meshmode.array_context - Array Contraction: Contracting 0 temps
2024-04-04 23:36:46,621 - INFO - meshmode.array_context - [_alias_global_temporaries]: Reduced memory requirement of 'frozen_result' from 0.0MB to 0.0MB.
2024-04-04 23:36:47,045 - INFO - pyopencl - build program: kernel 'frozen_result' was part of a lengthy source build resulting from a binary cache miss (0.37 s)
2024-04-04 23:36:47,057 - INFO - meshmode.array_context - Transforming kernel 'frozen_result' with 1 statements.
2024-04-04 23:36:47,064 - INFO - meshmode.array_context - Array Contraction: Contracting 0 temps
2024-04-04 23:36:47,066 - INFO - meshmode.array_context - [_alias_global_temporaries]: Reduced memory requirement of 'frozen_result' from 0.0MB to 0.0MB.
2024-04-04 23:36:47,489 - INFO - pyopencl - build program: kernel 'frozen_result' was part of a lengthy source build resulting from a binary cache miss (0.37 s)
2024-04-04 23:36:47,522 - INFO - meshmode.array_context - Transforming kernel 'frozen_result' with 3 statements.
2024-04-04 23:36:47,551 - INFO - meshmode.array_context - Array Contraction: Contracting 0 temps
2024-04-04 23:36:47,555 - INFO - meshmode.array_context - [_alias_global_temporaries]: Reduced memory requirement of 'frozen_result' from 0.1MB to 0.1MB.
2024-04-04 23:36:48,121 - INFO - pyopencl - build program: kernel 'frozen_result' was part of a lengthy source build resulting from a binary cache miss (0.40 s)
2024-04-04 23:36:48,144 - INFO - meshmode.array_context - Transforming kernel 'frozen_result' with 1 statements.
2024-04-04 23:36:48,152 - INFO - meshmode.array_context - Array Contraction: Contracting 0 temps
2024-04-04 23:36:48,155 - INFO - meshmode.array_context - [_alias_global_temporaries]: Reduced memory requirement of 'frozen_result' from 0.0MB to 0.0MB.
2024-04-04 23:36:48,597 - INFO - pyopencl - build program: kernel 'frozen_result' was part of a lengthy source build resulting from a binary cache miss (0.38 s)
2024-04-04 23:36:48,622 - INFO - meshmode.array_context - Transforming kernel 'frozen_result' with 1 statements.
2024-04-04 23:36:48,632 - INFO - meshmode.array_context - Array Contraction: Contracting 0 temps
2024-04-04 23:36:48,634 - INFO - meshmode.array_context - [_alias_global_temporaries]: Reduced memory requirement of 'frozen_result' from 0.0MB to 0.0MB.
2024-04-04 23:36:49,102 - INFO - pyopencl - build program: kernel 'frozen_result' was part of a lengthy source build resulting from a binary cache miss (0.38 s)
2024-04-04 23:36:49,131 - INFO - meshmode.array_context - Transforming kernel 'frozen_result' with 3 statements.
2024-04-04 23:36:49,161 - INFO - meshmode.array_context - Array Contraction: Contracting 0 temps
2024-04-04 23:36:49,166 - INFO - meshmode.array_context - [_alias_global_temporaries]: Reduced memory requirement of 'frozen_result' from 0.1MB to 0.1MB.
2024-04-04 23:36:49,727 - INFO - pyopencl - build program: kernel 'frozen_result' was part of a lengthy source build resulting from a binary cache miss (0.40 s)
failed to infer axis 1 of array of type <class 'pytato.array.Reshape'>.
expr.non_equality_tags=frozenset({None})
2024-04-04 23:36:49,791 - INFO - meshmode.array_context - Transforming kernel 'frozen_result' with 6 statements.
2024-04-04 23:36:49,883 - INFO - meshmode.array_context - Array Contraction: Contracting 0 temps
2024-04-04 23:36:49,891 - INFO - meshmode.array_context - [_alias_global_temporaries]: Reduced memory requirement of 'frozen_result' from 0.2MB to 0.2MB.
2024-04-04 23:36:50,754 - INFO - pyopencl - build program: kernel 'frozen_result' was part of a lengthy source build resulting from a binary cache miss (0.46 s)
2024-04-04 23:36:50,823 - INFO - meshmode.array_context - Transforming kernel 'frozen_result' with 4 statements.
2024-04-04 23:36:50,869 - INFO - meshmode.array_context - Array Contraction: Contracting 2 temps
2024-04-04 23:36:50,894 - INFO - meshmode.array_context - [_alias_global_temporaries]: Reduced memory requirement of 'frozen_result' from 0.2MB to 0.2MB.
2024-04-04 23:36:51,504 - INFO - pyopencl - build program: kernel 'frozen_result' was part of a lengthy source build resulting from a binary cache miss (0.41 s)
2024-04-04 23:36:51,539 - INFO - meshmode.discretization.connection.face - building face restriction: start
2024-04-04 23:36:51,544 - INFO - meshmode.discretization.connection.face - building face restriction: done
2024-04-04 23:36:51,560 - INFO - meshmode.discretization.connection.face - building face restriction: start
2024-04-04 23:36:51,564 - INFO - meshmode.discretization.connection.face - building face restriction: done
2024-04-04 23:36:51,578 - INFO - meshmode.discretization.connection.face - building face restriction: start
2024-04-04 23:36:51,590 - INFO - meshmode.discretization.connection.face - building face restriction: done
2024-04-04 23:36:51,605 - INFO - meshmode.discretization.connection.face - building face restriction: start
2024-04-04 23:36:51,700 - INFO - meshmode.discretization.connection.face - building face restriction: done
2024-04-04 23:36:51,851 - INFO - meshmode.array_context - Transforming kernel 'frozen_area_el_b_inflow' with 7 statements.
2024-04-04 23:36:51,984 - INFO - meshmode.array_context - Array Contraction: Contracting 2 temps
2024-04-04 23:36:52,018 - INFO - meshmode.array_context - [_alias_global_temporaries]: Reduced memory requirement of 'frozen_area_el_b_inflow' from 0.0MB to 0.0MB.
2024-04-04 23:36:52,796 - INFO - pyopencl - build program: kernel 'frozen_area_el_b_inflow' was part of a lengthy source build resulting from a binary cache miss (0.39 s)
2024-04-04 23:36:52,884 - INFO - meshmode.array_context - Transforming kernel 'frozen_normal_2_b_inflow' with 3 statements.
2024-04-04 23:36:52,956 - INFO - meshmode.array_context - Array Contraction: Contracting 0 temps
2024-04-04 23:36:52,961 - INFO - meshmode.array_context - [_alias_global_temporaries]: Reduced memory requirement of 'frozen_normal_2_b_inflow' from 0.0MB to 0.0MB.
2024-04-04 23:36:53,610 - INFO - pyopencl - build program: kernel 'frozen_normal_2_b_inflow' was part of a lengthy source build resulting from a binary cache miss (0.38 s)
2024-04-04 23:36:53,685 - INFO - meshmode.array_context - Transforming kernel 'frozen_normal_1_b_inflow' with 3 statements.
2024-04-04 23:36:53,757 - INFO - meshmode.array_context - Array Contraction: Contracting 0 temps
2024-04-04 23:36:53,762 - INFO - meshmode.array_context - [_alias_global_temporaries]: Reduced memory requirement of 'frozen_normal_1_b_inflow' from 0.0MB to 0.0MB.
2024-04-04 23:36:54,411 - INFO - pyopencl - build program: kernel 'frozen_normal_1_b_inflow' was part of a lengthy source build resulting from a binary cache miss (0.38 s)
2024-04-04 23:36:54,444 - INFO - meshmode.array_context - Transforming kernel 'frozen_f2allf_ind' with 0 statements.
2024-04-04 23:36:54,448 - INFO - meshmode.array_context - Array Contraction: Contracting 0 temps
2024-04-04 23:36:54,831 - INFO - pyopencl - build program: kernel 'frozen_f2allf_ind' was part of a lengthy source build resulting from a binary cache miss (0.36 s)
2024-04-04 23:36:54,840 - INFO - meshmode.array_context - Transforming kernel 'frozen_f2allf_ind' with 0 statements.
2024-04-04 23:36:54,900 - INFO - meshmode.array_context - Transforming kernel 'frozen_f2allf_ind' with 1 statements.
2024-04-04 23:36:54,911 - INFO - meshmode.array_context - Array Contraction: Contracting 0 temps
2024-04-04 23:36:54,913 - INFO - meshmode.array_context - [_alias_global_temporaries]: Reduced memory requirement of 'frozen_f2allf_ind' from 0.0MB to 0.0MB.
2024-04-04 23:36:55,315 - INFO - pyopencl - build program: kernel 'frozen_f2allf_ind' was part of a lengthy source build resulting from a binary cache miss (0.36 s)
2024-04-04 23:36:55,435 - INFO - meshmode.array_context - Transforming kernel 'frozen_area_el_b_outflow' with 7 statements.
2024-04-04 23:36:55,567 - INFO - meshmode.array_context - Array Contraction: Contracting 2 temps
2024-04-04 23:36:55,602 - INFO - meshmode.array_context - [_alias_global_temporaries]: Reduced memory requirement of 'frozen_area_el_b_outflow' from 0.0MB to 0.0MB.
2024-04-04 23:36:56,380 - INFO - pyopencl - build program: kernel 'frozen_area_el_b_outflow' was part of a lengthy source build resulting from a binary cache miss (0.39 s)
2024-04-04 23:36:56,469 - INFO - meshmode.array_context - Transforming kernel 'frozen_normal_2_b_outflow' with 3 statements.
2024-04-04 23:36:56,540 - INFO - meshmode.array_context - Array Contraction: Contracting 0 temps
2024-04-04 23:36:56,545 - INFO - meshmode.array_context - [_alias_global_temporaries]: Reduced memory requirement of 'frozen_normal_2_b_outflow' from 0.0MB to 0.0MB.
2024-04-04 23:36:57,196 - INFO - pyopencl - build program: kernel 'frozen_normal_2_b_outflow' was part of a lengthy source build resulting from a binary cache miss (0.38 s)
2024-04-04 23:36:57,270 - INFO - meshmode.array_context - Transforming kernel 'frozen_normal_1_b_outflow' with 3 statements.
2024-04-04 23:36:57,422 - INFO - meshmode.array_context - Array Contraction: Contracting 0 temps
2024-04-04 23:36:57,427 - INFO - meshmode.array_context - [_alias_global_temporaries]: Reduced memory requirement of 'frozen_normal_1_b_outflow' from 0.0MB to 0.0MB.
2024-04-04 23:36:58,081 - INFO - pyopencl - build program: kernel 'frozen_normal_1_b_outflow' was part of a lengthy source build resulting from a binary cache miss (0.39 s)
2024-04-04 23:36:58,113 - INFO - meshmode.array_context - Transforming kernel 'frozen_f2allf_ind' with 1 statements.
2024-04-04 23:36:58,123 - INFO - meshmode.array_context - Array Contraction: Contracting 0 temps
2024-04-04 23:36:58,125 - INFO - meshmode.array_context - [_alias_global_temporaries]: Reduced memory requirement of 'frozen_f2allf_ind' from 0.0MB to 0.0MB.
2024-04-04 23:36:58,527 - INFO - pyopencl - build program: kernel 'frozen_f2allf_ind' was part of a lengthy source build resulting from a binary cache miss (0.36 s)
2024-04-04 23:36:58,539 - INFO - meshmode.array_context - Transforming kernel 'frozen_f2allf_ind' with 1 statements.
2024-04-04 23:36:58,549 - INFO - meshmode.array_context - Array Contraction: Contracting 0 temps
2024-04-04 23:36:58,551 - INFO - meshmode.array_context - [_alias_global_temporaries]: Reduced memory requirement of 'frozen_f2allf_ind' from 0.0MB to 0.0MB.
2024-04-04 23:36:58,957 - INFO - pyopencl - build program: kernel 'frozen_f2allf_ind' was part of a lengthy source build resulting from a binary cache miss (0.36 s)
2024-04-04 23:36:59,082 - INFO - meshmode.array_context - Transforming kernel 'frozen_area_el_b_wall' with 7 statements.
2024-04-04 23:36:59,214 - INFO - meshmode.array_context - Array Contraction: Contracting 2 temps
2024-04-04 23:36:59,247 - INFO - meshmode.array_context - [_alias_global_temporaries]: Reduced memory requirement of 'frozen_area_el_b_wall' from 0.0MB to 0.0MB.
2024-04-04 23:37:00,036 - INFO - pyopencl - build program: kernel 'frozen_area_el_b_wall' was part of a lengthy source build resulting from a binary cache miss (0.40 s)
2024-04-04 23:37:00,122 - INFO - meshmode.array_context - Transforming kernel 'frozen_normal_2_b_wall' with 3 statements.
2024-04-04 23:37:00,193 - INFO - meshmode.array_context - Array Contraction: Contracting 0 temps
2024-04-04 23:37:00,199 - INFO - meshmode.array_context - [_alias_global_temporaries]: Reduced memory requirement of 'frozen_normal_2_b_wall' from 0.0MB to 0.0MB.
2024-04-04 23:37:00,867 - INFO - pyopencl - build program: kernel 'frozen_normal_2_b_wall' was part of a lengthy source build resulting from a binary cache miss (0.39 s)
2024-04-04 23:37:00,942 - INFO - meshmode.array_context - Transforming kernel 'frozen_normal_1_b_wall' with 3 statements.
2024-04-04 23:37:01,013 - INFO - meshmode.array_context - Array Contraction: Contracting 0 temps
2024-04-04 23:37:01,018 - INFO - meshmode.array_context - [_alias_global_temporaries]: Reduced memory requirement of 'frozen_normal_1_b_wall' from 0.0MB to 0.0MB.
2024-04-04 23:37:01,689 - INFO - pyopencl - build program: kernel 'frozen_normal_1_b_wall' was part of a lengthy source build resulting from a binary cache miss (0.39 s)
2024-04-04 23:37:01,721 - INFO - meshmode.array_context - Transforming kernel 'frozen_f2allf_ind' with 1 statements.
2024-04-04 23:37:01,732 - INFO - meshmode.array_context - Array Contraction: Contracting 0 temps
2024-04-04 23:37:01,734 - INFO - meshmode.array_context - [_alias_global_temporaries]: Reduced memory requirement of 'frozen_f2allf_ind' from 0.0MB to 0.0MB.
2024-04-04 23:37:02,133 - INFO - pyopencl - build program: kernel 'frozen_f2allf_ind' was part of a lengthy source build resulting from a binary cache miss (0.36 s)
2024-04-04 23:37:02,144 - INFO - meshmode.array_context - Transforming kernel 'frozen_f2allf_ind' with 1 statements.
2024-04-04 23:37:02,154 - INFO - meshmode.array_context - Array Contraction: Contracting 0 temps
2024-04-04 23:37:02,157 - INFO - meshmode.array_context - [_alias_global_temporaries]: Reduced memory requirement of 'frozen_f2allf_ind' from 0.0MB to 0.0MB.
2024-04-04 23:37:02,565 - INFO - pyopencl - build program: kernel 'frozen_f2allf_ind' was part of a lengthy source build resulting from a binary cache miss (0.36 s)
2024-04-04 23:37:02,686 - INFO - meshmode.array_context - Transforming kernel 'frozen_area_el_b_face_restr_interior' with 7 statements.
2024-04-04 23:37:02,817 - INFO - meshmode.array_context - Array Contraction: Contracting 2 temps
2024-04-04 23:37:02,850 - INFO - meshmode.array_context - [_alias_global_temporaries]: Reduced memory requirement of 'frozen_area_el_b_face_restr_interior' from 0.4MB to 0.3MB.
2024-04-04 23:37:03,635 - INFO - pyopencl - build program: kernel 'frozen_area_el_b_face_restr_interior' was part of a lengthy source build resulting from a binary cache miss (0.40 s)
2024-04-04 23:37:03,719 - INFO - meshmode.array_context - Transforming kernel 'frozen_normal_2_b_face_restr_interior' with 3 statements.
2024-04-04 23:37:03,790 - INFO - meshmode.array_context - Array Contraction: Contracting 0 temps
2024-04-04 23:37:03,796 - INFO - meshmode.array_context - [_alias_global_temporaries]: Reduced memory requirement of 'frozen_normal_2_b_face_restr_interior' from 0.2MB to 0.2MB.
2024-04-04 23:37:04,464 - INFO - pyopencl - build program: kernel 'frozen_normal_2_b_face_restr_interior' was part of a lengthy source build resulting from a binary cache miss (0.39 s)
2024-04-04 23:37:04,538 - INFO - meshmode.array_context - Transforming kernel 'frozen_normal_1_b_face_restr_interior' with 3 statements.
2024-04-04 23:37:04,609 - INFO - meshmode.array_context - Array Contraction: Contracting 0 temps
2024-04-04 23:37:04,614 - INFO - meshmode.array_context - [_alias_global_temporaries]: Reduced memory requirement of 'frozen_normal_1_b_face_restr_interior' from 0.2MB to 0.2MB.
2024-04-04 23:37:05,281 - INFO - pyopencl - build program: kernel 'frozen_normal_1_b_face_restr_interior' was part of a lengthy source build resulting from a binary cache miss (0.39 s)
2024-04-04 23:37:05,313 - INFO - meshmode.array_context - Transforming kernel 'frozen_f2allf_ind' with 1 statements.
2024-04-04 23:37:05,323 - INFO - meshmode.array_context - Array Contraction: Contracting 0 temps
2024-04-04 23:37:05,325 - INFO - meshmode.array_context - [_alias_global_temporaries]: Reduced memory requirement of 'frozen_f2allf_ind' from 0.0MB to 0.0MB.
2024-04-04 23:37:05,733 - INFO - pyopencl - build program: kernel 'frozen_f2allf_ind' was part of a lengthy source build resulting from a binary cache miss (0.36 s)
2024-04-04 23:37:05,745 - INFO - meshmode.array_context - Transforming kernel 'frozen_f2allf_ind' with 1 statements.
2024-04-04 23:37:05,755 - INFO - meshmode.array_context - Array Contraction: Contracting 0 temps
2024-04-04 23:37:05,757 - INFO - meshmode.array_context - [_alias_global_temporaries]: Reduced memory requirement of 'frozen_f2allf_ind' from 0.0MB to 0.0MB.
2024-04-04 23:37:06,165 - INFO - pyopencl - build program: kernel 'frozen_f2allf_ind' was part of a lengthy source build resulting from a binary cache miss (0.36 s)
2024-04-04 23:37:06,177 - INFO - meshmode.array_context - Transforming kernel 'frozen_f2allf_ind' with 1 statements.
2024-04-04 23:37:06,187 - INFO - meshmode.array_context - Array Contraction: Contracting 0 temps
2024-04-04 23:37:06,189 - INFO - meshmode.array_context - [_alias_global_temporaries]: Reduced memory requirement of 'frozen_f2allf_ind' from 0.0MB to 0.0MB.
2024-04-04 23:37:06,596 - INFO - pyopencl - build program: kernel 'frozen_f2allf_ind' was part of a lengthy source build resulting from a binary cache miss (0.36 s)
2024-04-04 23:37:07,365 - INFO - meshmode.array_context - Transforming kernel 'frozen_inv_metric_deriv_vol' with 45 statements.
2024-04-04 23:37:08,405 - INFO - loopy.tools - fuse_same_discretization_entity_loops on 'frozen_inv_metric_deriv_vol': completed (0.95s wall 1.00x CPU)
2024-04-04 23:37:08,455 - INFO - meshmode.array_context - Loop Fusion: completed (1.08s wall 1.00x CPU)
2024-04-04 23:37:08,583 - INFO - meshmode.array_context - Array Contraction: Contracting 0 temps
2024-04-04 23:37:08,623 - INFO - meshmode.array_context - [_alias_global_temporaries]: Reduced memory requirement of 'frozen_inv_metric_deriv_vol' from 1.7MB to 0.5MB.
2024-04-04 23:37:09,419 - INFO - loopy.tools - preprocess_program on 'frozen_inv_metric_deriv_vol': completed (0.63s wall 1.00x CPU)
2024-04-04 23:37:11,612 - INFO - pyopencl - build program: kernel 'frozen_inv_metric_deriv_vol' was part of a lengthy source build resulting from a binary cache miss (0.59 s)
/p/gpfs1/mtcampbe/CEESD/AutomatedTesting/MIRGE-Timing/timing/emirge/mirgecom/mirgecom/artificial_viscosity.py:347: UserWarning: The AV boundary_kwargs interface is deprecated, please pass gas_model and time directly.
  warn("The AV boundary_kwargs interface is deprecated, please pass gas_model"
2024-04-04 23:37:12,963 - INFO - grudge.array_context - deduplicate_data_wrappers[pre-partition]: completed (0.54s wall 1.00x CPU)
failed to infer axis 1 of array of type <class 'pytato.array.Reshape'>.
expr.non_equality_tags=frozenset({None})
2024-04-04 23:37:15,169 - INFO - grudge.array_context - transform_dag.infer_axes_tags[pre-partition]: completed (1.93s wall 1.00x CPU)
2024-04-04 23:37:15,683 - INFO - pytato.distributed.verify - find_partition: Split 3430 nodes into 1 parts, with [3430] nodes in each partition.
2024-04-04 23:37:17,423 - INFO - meshmode.array_context - transform_dag.materialize_all_einsums_or_reduces: completed (0.44s wall 1.00x CPU)
failed to infer axis 1 of array of type <class 'pytato.array.Reshape'>.
expr.non_equality_tags=frozenset({None})
2024-04-04 23:37:19,307 - INFO - meshmode.array_context - transform_dag.infer_axes_tags: completed (1.88s wall 1.00x CPU)
2024-04-04 23:37:19,620 - INFO - meshmode.array_context - Transforming kernel 'frozen_result' with 1 statements.
2024-04-04 23:37:19,631 - INFO - meshmode.array_context - Array Contraction: Contracting 0 temps
2024-04-04 23:37:19,633 - INFO - meshmode.array_context - [_alias_global_temporaries]: Reduced memory requirement of 'frozen_result' from 0.0MB to 0.0MB.
2024-04-04 23:37:20,053 - INFO - pyopencl - build program: kernel 'frozen_result' was part of a lengthy source build resulting from a binary cache miss (0.37 s)
2024-04-04 23:37:20,069 - INFO - meshmode.array_context - Transforming kernel 'frozen_result' with 1 statements.
2024-04-04 23:37:20,100 - INFO - meshmode.array_context - Array Contraction: Contracting 0 temps
_get_iel_to_idofs: str(insn)="_ary_store: _ary[idim_ensm0, idim_ensm0_0, iel_ensm0] <- inv_metric_deriv_vol[((idim_ensm0*5008 + idim_ensm0_0*2504 + iel_ensm0) % 10016) // 5008, ((idim_ensm0*5008 + idim_ensm0_0*2504 + iel_ensm0) % 5008) // 2504, (idim_ensm0*5008 + idim_ensm0_0*2504 + iel_ensm0) % 2504, 0] {tags=EinsumTag(orig_loop_nest=frozenset({'idim_1_0_', 'iel_0_0_', 'idim_0_0_'}))}"
2024-04-04 23:37:20,650 - INFO - pyopencl - build program: kernel 'frozen_result' was part of a lengthy source build resulting from a binary cache miss (0.39 s)
2024-04-04 23:37:20,672 - INFO - meshmode.array_context - Transforming kernel 'frozen_result' with 1 statements.
_get_iel_to_idofs: str(insn)="_ary_store: _ary[idim_ensm0, idim_ensm0_0, iel_ensm0] <- inv_metric_deriv_vol[((idim_ensm0*5008 + idim_ensm0_0*2504 + iel_ensm0) % 10016) // 5008, ((idim_ensm0*5008 + idim_ensm0_0*2504 + iel_ensm0) % 5008) // 2504, (idim_ensm0*5008 + idim_ensm0_0*2504 + iel_ensm0) % 2504, 0] {tags=EinsumTag(orig_loop_nest=frozenset({'idim_1_0_', 'iel_0_0_', 'idim_0_0_'}))}"
2024-04-04 23:37:20,775 - INFO - meshmode.array_context - Transforming kernel 'frozen_result' with 1 statements.
2024-04-04 23:37:20,791 - INFO - meshmode.array_context - Array Contraction: Contracting 0 temps
_get_iel_to_idofs: str(insn)="_ary_store: _ary[iface_ensm0, iel_ensm0] <- _actx_dw[((iface_ensm0*2504 + iel_ensm0) % 7512) // 2504, (iface_ensm0*2504 + iel_ensm0) % 2504, 0] {tags=EinsumTag(orig_loop_nest=frozenset({'iel_0_0_', 'iface_0_0_'}))}"
2024-04-04 23:37:21,265 - INFO - pyopencl - build program: kernel 'frozen_result' was part of a lengthy source build resulting from a binary cache miss (0.38 s)
2024-04-04 23:37:21,522 - INFO - arraycontext.impl.pytato.compile - transform_dag for 'my_rhs': completed (5.84s wall 1.00x CPU)
2024-04-04 23:37:25,552 - INFO - arraycontext.impl.pytato.compile - generate_loopy for 'my_rhs': completed (4.03s wall 1.00x CPU)
2024-04-04 23:37:25,553 - INFO - meshmode.array_context - Transforming kernel 'my_rhs' with 355 statements.
2024-04-04 23:37:37,768 - INFO - loopy.tools - fuse_same_discretization_entity_loops on 'my_rhs': completed (11.37s wall 1.00x CPU)
2024-04-04 23:37:38,486 - INFO - meshmode.array_context - Loop Fusion: completed (12.91s wall 1.00x CPU)
2024-04-04 23:37:40,114 - INFO - meshmode.array_context - Array Contraction: Contracting 73 temps
2024-04-04 23:37:43,605 - INFO - loopy.tools - contract_arrays on 'my_rhs': completed (3.50s wall 1.00x CPU)
2024-04-04 23:37:44,028 - INFO - meshmode.array_context - Array Contraction: completed (4.58s wall 1.00x CPU)
2024-04-04 23:37:44,206 - INFO - meshmode.array_context - [_alias_global_temporaries]: Reduced memory requirement of 'my_rhs' from 16.5MB to 7.7MB.
2024-04-04 23:37:45,817 - INFO - arraycontext.impl.pytato.compile - transform_loopy_program for 'my_rhs': completed (20.26s wall 1.00x CPU)
2024-04-04 23:37:50,596 - INFO - loopy.preprocess - my_rhs: preprocess: completed (0.48s wall 1.00x CPU)
2024-04-04 23:37:53,148 - INFO - loopy.tools - preprocess_program on 'my_rhs': completed (6.40s wall 1.00x CPU)
2024-04-04 23:37:59,518 - INFO - loopy.schedule - my_rhs: schedule: completed (2.57s wall 1.00x CPU)
2024-04-04 23:38:07,676 - INFO - loopy.codegen - my_rhs: generate code: completed (4.31s wall 1.00x CPU)
2024-04-04 23:38:15,943 - INFO - pyopencl - build program: kernel 'my_rhs' was part of a lengthy source build resulting from a binary cache miss (5.91 s)
2024-04-04 23:38:17,421 - INFO - meshmode.array_context - Transforming kernel 'frozen_result' with 1 statements.
2024-04-04 23:38:17,437 - INFO - meshmode.array_context - Array Contraction: Contracting 0 temps
2024-04-04 23:38:17,439 - INFO - meshmode.array_context - [_alias_global_temporaries]: Reduced memory requirement of 'frozen_result' from 0.0MB to 0.0MB.
2024-04-04 23:38:17,878 - INFO - pyopencl - build program: kernel 'frozen_result' was part of a lengthy source build resulting from a binary cache miss (0.37 s)
2024-04-04 23:38:17,894 - INFO - meshmode.array_context - Transforming kernel 'frozen_result' with 1 statements.
2024-04-04 23:38:17,910 - INFO - meshmode.array_context - Array Contraction: Contracting 0 temps
2024-04-04 23:38:17,912 - INFO - meshmode.array_context - [_alias_global_temporaries]: Reduced memory requirement of 'frozen_result' from 0.0MB to 0.0MB.
2024-04-04 23:38:18,350 - INFO - pyopencl - build program: kernel 'frozen_result' was part of a lengthy source build resulting from a binary cache miss (0.37 s)
2024-04-04 23:38:18,378 - INFO - meshmode.array_context - Transforming kernel 'frozen_result' with 1 statements.
2024-04-04 23:38:18,393 - INFO - meshmode.array_context - Array Contraction: Contracting 0 temps
2024-04-04 23:38:18,396 - INFO - meshmode.array_context - [_alias_global_temporaries]: Reduced memory requirement of 'frozen_result' from 0.0MB to 0.0MB.
2024-04-04 23:38:18,835 - INFO - pyopencl - build program: kernel 'frozen_result' was part of a lengthy source build resulting from a binary cache miss (0.37 s)
2024-04-04 23:38:18,851 - INFO - meshmode.array_context - Transforming kernel 'frozen_result' with 1 statements.
2024-04-04 23:38:18,867 - INFO - meshmode.array_context - Array Contraction: Contracting 0 temps
2024-04-04 23:38:18,869 - INFO - meshmode.array_context - [_alias_global_temporaries]: Reduced memory requirement of 'frozen_result' from 0.0MB to 0.0MB.
2024-04-04 23:38:19,308 - INFO - pyopencl - build program: kernel 'frozen_result' was part of a lengthy source build resulting from a binary cache miss (0.37 s)
/p/gpfs1/mtcampbe/CEESD/AutomatedTesting/MIRGE-Timing/timing/emirge/mirgecom/mirgecom/steppers.py:439: UserWarning: Deduced force_eval=True for this timestepper. This can have a nontrivial performance impact. If you know that your timestepper does not require per-step forced evaluation, explicitly set force_eval=False.
  _advance_state_stepper_func(
2024-04-04 23:38:19,383 - INFO - meshmode.array_context - Transforming kernel 'frozen_result' with 4 statements.
2024-04-04 23:38:19,437 - INFO - meshmode.array_context - Array Contraction: Contracting 0 temps
2024-04-04 23:38:19,442 - INFO - meshmode.array_context - [_alias_global_temporaries]: Reduced memory requirement of 'frozen_result' from 0.0MB to 0.0MB.
2024-04-04 23:38:20,036 - INFO - pyopencl - build program: kernel 'frozen_result' was part of a lengthy source build resulting from a binary cache miss (0.38 s)
step = 0, sim time: 0.000000e+00 s, step walltime: 103.487 s
2024-04-04 23:38:20,182 - INFO - meshmode.array_context - Transforming kernel 'frozen_result' with 4 statements.
2024-04-04 23:38:20,235 - INFO - meshmode.array_context - Array Contraction: Contracting 0 temps
2024-04-04 23:38:20,241 - INFO - meshmode.array_context - [_alias_global_temporaries]: Reduced memory requirement of 'frozen_result' from 0.0MB to 0.0MB.
2024-04-04 23:38:20,832 - INFO - pyopencl - build program: kernel 'frozen_result' was part of a lengthy source build resulting from a binary cache miss (0.38 s)
step = 1, sim time: 1.000000e-08 s, step walltime: 0.773689 s
step = 2, sim time: 2.000000e-08 s, step walltime: 0.0513086 s
step = 3, sim time: 3.000000e-08 s, step walltime: 0.0374208 s
step = 4, sim time: 4.000000e-08 s, step walltime: 0.036829 s
step = 5, sim time: 5.000000e-08 s, step walltime: 0.0370497 s
step = 6, sim time: 6.000000e-08 s, step walltime: 0.0367017 s
step = 7, sim time: 7.000000e-08 s, step walltime: 0.0371254 s
step = 8, sim time: 8.000000e-08 s, step walltime: 0.0367529 s
step = 9, sim time: 9.000000e-08 s, step walltime: 0.0369807 s
step = 10, sim time: 1.000000e-07 s, step walltime: 0.0367026 s
step = 11, sim time: 1.100000e-07 s, step walltime: 0.0369188 s
step = 12, sim time: 1.200000e-07 s, step walltime: 0.0368996 s
step = 13, sim time: 1.300000e-07 s, step walltime: 0.0371408 s
step = 14, sim time: 1.400000e-07 s, step walltime: 0.0368402 s
step = 15, sim time: 1.500000e-07 s, step walltime: 0.0371092 s
step = 16, sim time: 1.600000e-07 s, step walltime: 0.0367459 s
step = 17, sim time: 1.700000e-07 s, step walltime: 0.0371119 s
step = 18, sim time: 1.800000e-07 s, step walltime: 0.0368537 s
2024-04-04 23:38:21,598 - INFO - meshmode.array_context - Transforming kernel 'frozen_result' with 1 statements.
2024-04-04 23:38:21,614 - INFO - meshmode.array_context - Array Contraction: Contracting 0 temps
2024-04-04 23:38:21,616 - INFO - meshmode.array_context - [_alias_global_temporaries]: Reduced memory requirement of 'frozen_result' from 0.0MB to 0.0MB.
2024-04-04 23:38:22,054 - INFO - pyopencl - build program: kernel 'frozen_result' was part of a lengthy source build resulting from a binary cache miss (0.37 s)
2024-04-04 23:38:22,081 - INFO - meshmode.array_context - Transforming kernel 'frozen_result' with 1 statements.
2024-04-04 23:38:22,097 - INFO - meshmode.array_context - Array Contraction: Contracting 0 temps
2024-04-04 23:38:22,099 - INFO - meshmode.array_context - [_alias_global_temporaries]: Reduced memory requirement of 'frozen_result' from 0.0MB to 0.0MB.
2024-04-04 23:38:22,536 - INFO - pyopencl - build program: kernel 'frozen_result' was part of a lengthy source build resulting from a binary cache miss (0.37 s)
2024-04-04 23:38:22,612 - INFO - meshmode.array_context - Transforming kernel 'frozen_result' with 4 statements.
2024-04-04 23:38:22,665 - INFO - meshmode.array_context - Array Contraction: Contracting 0 temps
2024-04-04 23:38:22,671 - INFO - meshmode.array_context - [_alias_global_temporaries]: Reduced memory requirement of 'frozen_result' from 0.0MB to 0.0MB.
2024-04-04 23:38:23,262 - INFO - pyopencl - build program: kernel 'frozen_result' was part of a lengthy source build resulting from a binary cache miss (0.38 s)
step = 19, sim time: 1.900000e-07 s, step walltime: 1.71063 s
2024-04-04 23:38:23,309 - INFO - pytato.distributed.verify - find_partition: Split 22 nodes into 1 parts, with [22] nodes in each partition.
2024-04-04 23:38:23,365 - INFO - meshmode.array_context - Transforming kernel 'get_fluid_state' with 15 statements.
2024-04-04 23:38:23,509 - INFO - meshmode.array_context - Array Contraction: Contracting 1 temps
2024-04-04 23:38:23,534 - INFO - meshmode.array_context - [_alias_global_temporaries]: Reduced memory requirement of 'get_fluid_state' from 0.1MB to 0.1MB.
2024-04-04 23:38:24,400 - INFO - pyopencl - build program: kernel 'get_fluid_state' was part of a lengthy source build resulting from a binary cache miss (0.40 s)
Checkpointing final state ...
2024-04-04 23:38:24,478 - INFO - meshmode.array_context - Transforming kernel 'frozen_result' with 4 statements.
2024-04-04 23:38:24,530 - INFO - meshmode.array_context - Array Contraction: Contracting 3 temps
2024-04-04 23:38:24,566 - INFO - meshmode.array_context - [_alias_global_temporaries]: Reduced memory requirement of 'frozen_result' from 0.2MB to 0.2MB.
2024-04-04 23:38:25,099 - INFO - pyopencl - build program: kernel 'frozen_result' was part of a lengthy source build resulting from a binary cache miss (0.39 s)
-------- dt = 0.000e+00, cfl = 0.0228
-------- P (min, max) (Pa) = (1.284504623e+03, 2.753939220e+05)
-------- T (min, max) (K)  = (269.955, 2214.65)

2024-04-04 23:38:25,153 - INFO - meshmode.array_context - Transforming kernel 'frozen_result' with 3 statements.
2024-04-04 23:38:25,181 - INFO - meshmode.array_context - Array Contraction: Contracting 0 temps
2024-04-04 23:38:25,185 - INFO - meshmode.array_context - [_alias_global_temporaries]: Reduced memory requirement of 'frozen_result' from 0.1MB to 0.1MB.
2024-04-04 23:38:25,756 - INFO - pyopencl - build program: kernel 'frozen_result' was part of a lengthy source build resulting from a binary cache miss (0.40 s)
2024-04-04 23:38:25,777 - INFO - meshmode.array_context - Transforming kernel 'frozen_result' with 1 statements.
2024-04-04 23:38:25,785 - INFO - meshmode.array_context - Array Contraction: Contracting 0 temps
2024-04-04 23:38:25,787 - INFO - meshmode.array_context - [_alias_global_temporaries]: Reduced memory requirement of 'frozen_result' from 0.0MB to 0.0MB.
2024-04-04 23:38:26,233 - INFO - pyopencl - build program: kernel 'frozen_result' was part of a lengthy source build resulting from a binary cache miss (0.38 s)
2024-04-04 23:38:26,263 - INFO - meshmode.array_context - Transforming kernel 'frozen_result' with 3 statements.
2024-04-04 23:38:26,292 - INFO - meshmode.array_context - Array Contraction: Contracting 0 temps
2024-04-04 23:38:26,296 - INFO - meshmode.array_context - [_alias_global_temporaries]: Reduced memory requirement of 'frozen_result' from 0.1MB to 0.1MB.
2024-04-04 23:38:26,866 - INFO - pyopencl - build program: kernel 'frozen_result' was part of a lengthy source build resulting from a binary cache miss (0.40 s)
failed to infer axis 1 of array of type <class 'pytato.array.Reshape'>.
expr.non_equality_tags=frozenset({None})
2024-04-04 23:38:26,922 - INFO - meshmode.array_context - Transforming kernel 'frozen_result' with 6 statements.
2024-04-04 23:38:27,014 - INFO - meshmode.array_context - Array Contraction: Contracting 0 temps
2024-04-04 23:38:27,023 - INFO - meshmode.array_context - [_alias_global_temporaries]: Reduced memory requirement of 'frozen_result' from 0.2MB to 0.2MB.
2024-04-04 23:38:27,874 - INFO - pyopencl - build program: kernel 'frozen_result' was part of a lengthy source build resulting from a binary cache miss (0.47 s)
2024-04-04 23:38:27,940 - INFO - meshmode.array_context - Transforming kernel 'frozen_result' with 4 statements.
2024-04-04 23:38:27,985 - INFO - meshmode.array_context - Array Contraction: Contracting 2 temps
2024-04-04 23:38:28,010 - INFO - meshmode.array_context - [_alias_global_temporaries]: Reduced memory requirement of 'frozen_result' from 0.2MB to 0.2MB.
2024-04-04 23:38:28,623 - INFO - pyopencl - build program: kernel 'frozen_result' was part of a lengthy source build resulting from a binary cache miss (0.41 s)

------------------------------------------------------------
Sender: LSF System <lsfadmin@lassen710>
Subject: Job 5767485: <isolator_timing_job.sh> in cluster <lassen> Done

Job <isolator_timing_job.sh> was submitted from host <lassen708> by user <mtcampbe> in cluster <lassen> at Thu Apr  4 23:35:14 2024
Job was executed on host(s) <1*lassen710>, in queue <pbatch>, as user <mtcampbe> in cluster <lassen> at Thu Apr  4 23:35:16 2024
                            <40*lassen626>
</g/g17/mtcampbe> was used as the home directory.
</p/gpfs1/mtcampbe/CEESD/AutomatedTesting/MIRGE-Timing/timing/emirge/mirgecom/y2-isolator/timing_run> was used as the working directory.
Started at Thu Apr  4 23:35:16 2024
Terminated at Thu Apr  4 23:39:02 2024
Results reported at Thu Apr  4 23:39:02 2024

Your job looked like:

------------------------------------------------------------
# LSBATCH: User input
#!/bin/bash

#BSUB -nnodes 1
#BSUB -G uiuc
#BSUB -W 60
#BSUB -q pbatch

printf "Running with EMIRGE_HOME=/p/gpfs1/mtcampbe/CEESD/AutomatedTesting/MIRGE-Timing/timing/emirge\n"

source "/p/gpfs1/mtcampbe/CEESD/AutomatedTesting/MIRGE-Timing/timing/emirge/config/activate_env.sh"
export PYOPENCL_CTX="port:tesla"
export XDG_CACHE_HOME="/tmp/mtcampbe/xdg-scratch"
rm -rf $XDG_CACHE_HOME
rm -f timing-run-done
which python
conda env list
env
env | grep LSB_MCPU_HOSTS

jsrun -g 1 -a 1 -n 1 python -O -u -m mpi4py ./isolator.py -i timing_params.yaml --lazy --log
touch timing-run-done


------------------------------------------------------------

Successfully completed.

Resource usage summary:

    CPU time :                                   0.35 sec.
    Max Memory :                                 59 MB
    Average Memory :                             57.20 MB
    Total Requested Memory :                     -
    Delta Memory :                               -
    Max Swap :                                   1634 MB
    Max Processes :                              4
    Max Threads :                                27
    Run time :                                   225 sec.
    Turnaround time :                            228 sec.

The output (if any) is above this job summary.

