Customizing shell for Lassen.
Running with EMIRGE_HOME=/p/gpfs1/mtcampbe/CEESD/AutomatedTesting/MIRGE-Timing/timing/emirge
Activating 'nozzle.lazy.timing.env' environment for '/p/gpfs1/mtcampbe/CEESD/AutomatedTesting/MIRGE-Timing/timing/emirge/miniforge3/bin/conda'.
/p/gpfs1/mtcampbe/CEESD/AutomatedTesting/MIRGE-Timing/timing/emirge/miniforge3/envs/nozzle.lazy.timing.env/bin/python
# conda environments:
#
test.parsl               /g/g17/mtcampbe/.conda/envs/test.parsl
                         /p/gpfs1/mtcampbe/CEESD/AutomatedTesting/MIRGE-Timing/testing/temporary-test/alpha/miniforge3/envs/temp.test.alpha
base                     /p/gpfs1/mtcampbe/CEESD/AutomatedTesting/MIRGE-Timing/timing/emirge/miniforge3
nozzle.lazy.timing.env  *  /p/gpfs1/mtcampbe/CEESD/AutomatedTesting/MIRGE-Timing/timing/emirge/miniforge3/envs/nozzle.lazy.timing.env
                         /p/gpfs1/mtcampbe/CEESD/AutomatedTesting/MIRGE-Timing/timing/y3-prediction-nowall-scaling-run/emirge/miniforge3/envs/big.scale
                         /p/gpfs1/mtcampbe/CEESD/Experimental/cache-db/miniforge3/envs/x.cache.db
                         /p/gpfs1/mtcampbe/CEESD/Experimental/m-to-n-prediction/emirge/miniforge3/envs/y3.m2n
                         /p/gpfs1/mtcampbe/CEESD/Experimental/performance-model/miniforge3/envs/x.perf.model
                         /p/gpfs1/mtcampbe/CEESD/Experimental/scalability/emirge/miniforge3/envs/big.scale2
                         /p/gpfs1/mtcampbe/CEESD/Experimental/tpe-test/miniforge3/envs/x.tpe.exmp
                         /p/gpfs1/mtcampbe/CEESD/Experimental/zirui/emirge/miniforge3/envs/ex.zirui
                         /usr/WS1/xpacc/Users/mtcampbe/CEESD/Lassen/test_emirge/emirge/miniforge3/envs/test.emirge.fk
                         /usr/workspace/wsa/xpacc/Users/mtcampbe/CEESD/Quartz/Install/conda
                         /usr/workspace/wsa/xpacc/Users/mtcampbe/CEESD/Quartz/Install/conda/envs/abate.mtc_euler.env
                         /usr/workspace/wsa/xpacc/Users/mtcampbe/CEESD/Quartz/Install/conda/envs/ceesd.master
                         /usr/workspace/wsa/xpacc/Users/mtcampbe/CEESD/Quartz/Install/conda/envs/chem.master
                         /usr/workspace/wsa/xpacc/Users/mtcampbe/CEESD/Quartz/Install/conda/envs/dgfem
                         /usr/workspace/wsa/xpacc/Users/mtcampbe/CEESD/Quartz/Install/conda/envs/mc.master

LMOD_FAMILY_COMPILER_VERSION=8.3.1
LLNL_IPISOLATE=0
MANPATH=/usr/tce/packages/spectrum-mpi/ibm/spectrum-mpi-rolling-release/share/man:/usr/tce/packages/gcc/gcc-8.3.1/man:/opt/ibm/spectrumcomputing/lsf/10.1.0.10/man:/usr/man:/usr/share/man:/usr/local/man:/usr/X11R6/man:/usr/lib64/mvapich/default/man:/opt/ibm/spectrum_mpi/jsm_pmix/share/man
LSB_EXEC_CLUSTER=lassen
OMPI_COMM_WORLD_RANK=0
LMOD_FAMILY_CUDA=cuda
LMOD_ANCIENT_TIME=3600
GUESTFISH_INIT=\e[1;34m
_ModuleTable003_=IHt9LApzdGFja0RlcHRoID0gMSwKc3RhdHVzID0gImFjdGl2ZSIsCnVzZXJOYW1lID0gImN1ZGEvMTEuMi4wIiwKd1YgPSAiXjAwMDAwMDExLjAwMDAwMDAwMi4qemZpbmFsIiwKfSwKZ2NjID0gewpmbiA9ICIvdXNyL3RjZXRtcC9tb2R1bGVmaWxlcy9Db3JlL2djYy84LjMuMS5sdWEiLApmdWxsTmFtZSA9ICJnY2MvOC4zLjEiLApsb2FkT3JkZXIgPSA1LApwcm9wVCA9IHt9LApzdGFja0RlcHRoID0gMCwKc3RhdHVzID0gImFjdGl2ZSIsCnVzZXJOYW1lID0gImdjYy84LjMuMSIsCndWID0gIjAwMDAwMDAwOC4wMDAwMDAwMDMuMDAwMDAwMDAxLip6ZmluYWwiLAp9LApsYWxsb2MgPSB7CmZuID0gIi91c3IvdGNldG1wL21vZHVsZWZpbGVzL0NvcmUvbGFsbG9jLzIuMC5sdWEi
HOSTNAME=lassen409
PROJ_DATA=/p/gpfs1/mtcampbe/CEESD/AutomatedTesting/MIRGE-Timing/timing/emirge/miniforge3/envs/nozzle.lazy.timing.env/share/proj
LSB_EFFECTIVE_RSRCREQ=1*{select[(LN) && (type == any)] order[r15s:pg] span[hosts=1]}+40*{select[(CN) && (type == any)] order[r15s:pg] span[ptile=40]}
LSB_DOCKER_JOB_STARTTS=1717655635
BBHASH=d58f8e7a37f2f0caa9bafa6c8e1053c1
JSM_TMPDIR=/var/tmp
MIRGE_TIMING_HOME=/p/gpfs1/mtcampbe/CEESD/AutomatedTesting/MIRGE-Timing/timing
LSF_LOGDIR=/opt/ibm/spectrumcomputing/lsf/log
LSF_LIM_API_NTRIES=1
LSB_BATCH_JID=5940519
__LMOD_REF_COUNT_MODULEPATH=/usr/tce/modulefiles/MPI/gcc/8.3.1/spectrum-mpi/rolling-release:1;/usr/tce/modulefiles/Compiler/gcc/8.3.1:1;/usr/tcetmp/modulefiles/Core:1;/usr/apps/modulefiles:1;/usr/share/modulefiles/Linux:1;/usr/share/modulefiles/Core:1;/usr/share/lmod/lmod/modulefiles/Core:1;/collab/usr/global/tools/modulefiles/blueos_3_ppc64le_ib_p9/Core:1
MAILTO=mtcampbe@illinois.edu,andreask@illinois.edu
SHELL=/bin/bash
LMOD_ROOT=/usr/share/lmod
LMOD_FAMILY_BASEGCC_VERSION=8.3.1
HISTSIZE=1000
WISECONFIGDIR=/usr/share/wise2/
LMOD_SYSTEM_DEFAULT_MODULES=StdEnv
TMPDIR=/var/tmp
MODULEPATH_ROOT=/usr/share/modulefiles
SSH_CLIENT=192.168.66.202 37818 22
LS_EXECCWD=/p/gpfs1/mtcampbe/CEESD/AutomatedTesting/MIRGE-Timing/timing/emirge/mirgecom/y2-isolator/timing_run
LSB_TRAPSIGS=trap # 15 10 12 2 1
CONDA_SHLVL=1
LMOD_FAMILY_CUDA_VERSION=11.2.0
LS_JOBPID=9288
CONDA_PROMPT_MODIFIER=
GSETTINGS_SCHEMA_DIR_CONDA_BACKUP=
LSB_MAX_NUM_PROCESSORS=41
LSB_JOBRES_CALLBACK=57319@lassen710
LMOD_PKG=/usr/share/lmod/lmod
LSB_JOB_EXECUSER=mtcampbe
LSB_JOBID=5940519
QTDIR=/usr/lib64/qt-3.3
LSF_SERVERDIR=/opt/ibm/spectrumcomputing/lsf/10.1.0.10/linux3.10-glibc2.17-ppc64le-csm/etc
LSB_JOBRES_PID=9288
LMOD_VERSION=8.6.16
LMOD_SHORT_TIME=60
QTINC=/usr/lib64/qt-3.3/include
LSB_JOBNAME=isolator_timing_job.sh
LLNL_COMPUTE_NODES=lassen409
LLNL_ATSDISABLE=0
_ModuleTable007_=ZXMvTGludXg6L3Vzci9zaGFyZS9tb2R1bGVmaWxlcy9Db3JlOi91c3Ivc2hhcmUvbG1vZC9sbW9kL21vZHVsZWZpbGVzL0NvcmUiLAp9Cg==
BSUB_BLOCK_EXEC_HOST=
QT_GRAPHICSSYSTEM_CHECKED=1
LSF_LIBDIR=/opt/ibm/spectrumcomputing/lsf/10.1.0.10/linux3.10-glibc2.17-ppc64le-csm/lib
OPAL_PREFIX=/usr/tce/packages/spectrum-mpi/ibm/spectrum-mpi-rolling-release
LSB_PROJECT_NAME=default
CUDA_HOME=/usr/tce/packages/cuda/cuda-11.2.0
USER=mtcampbe
PYOPENCL_CTX=port:tesla
LMOD_sys=Linux
LMOD_FAMILY_BASEGCC=base-gcc
LD_LIBRARY_PATH=/opt/ibm/spectrumcomputing/lsf/10.1.0.10/linux3.10-glibc2.17-ppc64le-csm/lib:/usr/tce/packages/cuda/cuda-11.2.0/lib64
SBD_KRB5CCNAME_VAL=
NVHPC_CUDA_HOME=/usr/tce/packages/cuda/cuda-11.2.0
LSB_EEXEC_REAL_UID=
REQUESTS_CA_BUNDLE=/etc/pki/tls/cert.pem
CONDA_EXE=/p/gpfs1/mtcampbe/CEESD/AutomatedTesting/MIRGE-Timing/timing/emirge/miniforge3/bin/conda
CEESD=/usr/workspace/wsa/xpacc/Users/mtcampbe/CEESD/Lassen
PFTP_CONFIG_FILENAME=/etc/pftp_config
ENV=/g/g17/mtcampbe/.bashrc
HOST_GRP=linux
_ModuleTable004_=LApmdWxsTmFtZSA9ICJsYWxsb2MvMi4wIiwKbG9hZE9yZGVyID0gNCwKcHJvcFQgPSB7fSwKc3RhY2tEZXB0aCA9IDAsCnN0YXR1cyA9ICJhY3RpdmUiLAp1c2VyTmFtZSA9ICJsYWxsb2MvMi4wIiwKd1YgPSAiXjAwMDAwMDAyLip6ZmluYWwiLAp9LApbInNwZWN0cnVtLW1waSJdID0gewpmbiA9ICIvdXNyL3RjZS9tb2R1bGVmaWxlcy9Db21waWxlci9nY2MvOC4zLjEvc3BlY3RydW0tbXBpL3JvbGxpbmctcmVsZWFzZS5sdWEiLApmdWxsTmFtZSA9ICJzcGVjdHJ1bS1tcGkvcm9sbGluZy1yZWxlYXNlIiwKbG9hZE9yZGVyID0gNiwKcHJvcFQgPSB7fSwKc3RhY2tEZXB0aCA9IDAsCnN0YXR1cyA9ICJhY3RpdmUiLAp1c2VyTmFtZSA9ICJzcGVjdHJ1bS1tcGkvcm9sbGluZy1y
HOSTTYPE=LINUXPPC64LE
LSF_INVOKE_CMD=bsub
CUDA_CACHE_DISABLE=1
LS_EXEC_T=START
LMOD_FAMILY_LALLOC=lalloc
LS_SUBCWD=/p/gpfs1/mtcampbe/CEESD/AutomatedTesting/MIRGE-Timing/timing/emirge/mirgecom/y2-isolator/timing_run
LSB_SUB_RES_REQ=1*{select[LN]span[hosts=1]} + 40*{select[CN]span[ptile=40]}
LSB_HOSTS=lassen710 lassen409 lassen409 lassen409 lassen409 lassen409 lassen409 lassen409 lassen409 lassen409 lassen409 lassen409 lassen409 lassen409 lassen409 lassen409 lassen409 lassen409 lassen409 lassen409 lassen409 lassen409 lassen409 lassen409 lassen409 lassen409 lassen409 lassen409 lassen409 lassen409 lassen409 lassen409 lassen409 lassen409 lassen409 lassen409 lassen409 lassen409 lassen409 lassen409 lassen409
LMOD_PREPEND_BLOCK=normal
LMOD_FAMILY_MPI_VERSION=rolling-release
GUESTFISH_PS1=\[\e[1;32m\]><fs>\[\e[0;31m\] 
_CE_CONDA=
LSB_UNIXGROUP_INT=mtcampbe
LSB_JOBFILENAME=/g/g17/mtcampbe/.lsbatch/1717655634.5940519
LSB_JOBINDEX=0
_ModuleTable001_=X01vZHVsZVRhYmxlXyA9IHsKTVR2ZXJzaW9uID0gMywKY19yZWJ1aWxkVGltZSA9IGZhbHNlLApjX3Nob3J0VGltZSA9IGZhbHNlLApkZXB0aFQgPSB7fSwKZmFtaWx5ID0gewpiYXNlZ2NjID0gImJhc2UtZ2NjIiwKY29tcGlsZXIgPSAiZ2NjIiwKY3VkYSA9ICJjdWRhIiwKbGFsbG9jID0gImxhbGxvYyIsCm1waSA9ICJzcGVjdHJ1bS1tcGkiLAp9LAptVCA9IHsKU3RkRW52ID0gewpmbiA9ICIvdXNyL3RjZXRtcC9tb2R1bGVmaWxlcy9Db3JlL1N0ZEVudi5sdWEiLApmdWxsTmFtZSA9ICJTdGRFbnYiLApsb2FkT3JkZXIgPSAzLApwcm9wVCA9IHsKbG1vZCA9IHsKc3RpY2t5ID0gMSwKfSwKfSwKc3RhY2tEZXB0aCA9IDAsCnN0YXR1cyA9ICJhY3RpdmUiLAp1c2VyTmFtZSA9
PATH=/usr/tce/packages/spectrum-mpi/spectrum-mpi-rolling-release-gcc-8.3.1/bin:/usr/tce/packages/gcc/gcc-8.3.1/bin:/usr/tce/packages/lalloc/lalloc-2.0/bin:/p/gpfs1/mtcampbe/CEESD/AutomatedTesting/MIRGE-Timing/timing/emirge/miniforge3/envs/nozzle.lazy.timing.env/bin:/p/gpfs1/mtcampbe/CEESD/AutomatedTesting/MIRGE-Timing/timing/emirge/miniforge3/bin:/usr/tce/packages/cuda/cuda-11.2.0/bin:/usr/tcetmp/packages/base-gcc/base-gcc-8.3.1/bin:/usr/tcetmp/bin:/usr/condabin:/usr/workspace/wsa/xpacc/Users/mtcampbe/CEESD/Lassen/conda-install/bin:/usr/tce/packages/cuda/cuda-10.1.243/bin:/usr/lib64/qt-3.3/bin:/usr/local/bin:/usr/bin:/usr/local/sbin:/usr/sbin:/opt/ibm/spectrum_mpi/jsm_pmix/bin:/opt/ibm/bb/bin:/opt/ibm/flightlog/bin:/opt/ibutils/bin:/opt/ibm/spectrumcomputing/lsf/10.1.0.10/linux3.10-glibc2.17-ppc64le-csm/etc:/opt/ibm/spectrumcomputing/lsf/10.1.0.10/linux3.10-glibc2.17-ppc64le-csm/bin:/opt/ibm/spectrumcomputing/lsf/10.1.0.9/linux3.10-glibc2.17-ppc64le-csm/etc:/opt/ibm/spectrumcomputing/lsf/10.1.0.9/linux3.10-glibc2.17-ppc64le-csm/bin:/g/g17/mtcampbe/tools/bin
MAIL=/var/spool/mail/mtcampbe
PROJ_NETWORK=ON
GSETTINGS_SCHEMA_DIR=/p/gpfs1/mtcampbe/CEESD/AutomatedTesting/MIRGE-Timing/timing/emirge/miniforge3/envs/nozzle.lazy.timing.env/share/glib-2.0/schemas
LCSCHEDCLUSTER=lassen
XML_CATALOG_FILES=file:///p/gpfs1/mtcampbe/CEESD/AutomatedTesting/MIRGE-Timing/timing/emirge/miniforge3/envs/nozzle.lazy.timing.env/etc/xml/catalog file:///etc/xml/catalog
LSB_EXIT_PRE_ABORT=99
LSB_JOBEXIT_STAT=0
LMOD_SETTARG_CMD=:
LMOD_FAMILY_LALLOC_VERSION=2.0
CONDA_PREFIX=/p/gpfs1/mtcampbe/CEESD/AutomatedTesting/MIRGE-Timing/timing/emirge/miniforge3/envs/nozzle.lazy.timing.env
INPUTRC=/etc/inputrc
PWD=/p/gpfs1/mtcampbe/CEESD/AutomatedTesting/MIRGE-Timing/timing/emirge/mirgecom/y2-isolator/timing_run
_LMFILES_=/usr/tcetmp/modulefiles/Core/base-gcc/8.3.1.lua:/usr/tcetmp/modulefiles/Core/cuda/11.2.0.lua:/usr/tcetmp/modulefiles/Core/StdEnv.lua:/usr/tcetmp/modulefiles/Core/lalloc/2.0.lua:/usr/tcetmp/modulefiles/Core/gcc/8.3.1.lua:/usr/tce/modulefiles/Compiler/gcc/8.3.1/spectrum-mpi/rolling-release.lua
EDITOR=/bin/vi
LANG=en_US.UTF-8
LSB_CHKFILENAME=/g/g17/mtcampbe/.lsbatch/1717655634.5940519
MODULEPATH=/usr/tce/modulefiles/MPI/gcc/8.3.1/spectrum-mpi/rolling-release:/usr/tce/modulefiles/Compiler/gcc/8.3.1:/usr/tcetmp/modulefiles/Core:/usr/apps/modulefiles:/usr/share/modulefiles/Linux:/usr/share/modulefiles/Core:/usr/share/lmod/lmod/modulefiles/Core:/collab/usr/global/tools/modulefiles/blueos_3_ppc64le_ib_p9/Core
LSB_DJOB_HOSTFILE=/g/g17/mtcampbe/.lsbatch/1717655634.5940519.hostfile
LOADEDMODULES=base-gcc/8.3.1:cuda/11.2.0:StdEnv:lalloc/2.0:gcc/8.3.1:spectrum-mpi/rolling-release
KDEDIRS=/usr
GUESTFISH_OUTPUT=\e[0m
_ModuleTable_Sz_=6
LSB_JOB_STARTER=/usr/tcetmp/bin/bsub_job_starter %USRCMD
EMIRGE_HOME=/p/gpfs1/mtcampbe/CEESD/AutomatedTesting/MIRGE-Timing/timing/emirge
LSF_JOB_TIMESTAMP_VALUE=1717655635
LMOD_CMD=/usr/share/lmod/lmod/libexec/lmod
_ModuleTable005_=ZWxlYXNlIiwKd1YgPSAiXnJvbGxpbmcuKnJlbGVhc2UuKnpmaW5hbCIsCn0sCn0sCm1wYXRoQSA9IHsKIi91c3IvdGNlL21vZHVsZWZpbGVzL01QSS9nY2MvOC4zLjEvc3BlY3RydW0tbXBpL3JvbGxpbmctcmVsZWFzZSIKLCAiL3Vzci90Y2UvbW9kdWxlZmlsZXMvQ29tcGlsZXIvZ2NjLzguMy4xIiwgIi91c3IvdGNldG1wL21vZHVsZWZpbGVzL0NvcmUiCiwgIi91c3IvYXBwcy9tb2R1bGVmaWxlcyIsICIvdXNyL3NoYXJlL21vZHVsZWZpbGVzL0xpbnV4IgosICIvdXNyL3NoYXJlL21vZHVsZWZpbGVzL0NvcmUiLCAiL3Vzci9zaGFyZS9sbW9kL2xtb2QvbW9kdWxlZmlsZXMvQ29yZSIsICIvY29sbGFiL3Vzci9nbG9iYWwvdG9vbHMvbW9kdWxlZmlsZXMvYmx1ZW9zXzNfcHBj
BBPATH=/mnt/bb_d58f8e7a37f2f0caa9bafa6c8e1053c1
LSB_EXEC_HOSTTYPE=UNKNOWN_AUTO_DETECT
LSB_DJOB_NUMPROC=41
LSF_BINDIR=/opt/ibm/spectrumcomputing/lsf/10.1.0.10/linux3.10-glibc2.17-ppc64le-csm/bin
LLNL_NUM_COMPUTE_NODES=1
HISTCONTROL=ignoredups
_CE_M=
SSH_ASKPASS=/usr/libexec/openssh/gnome-ssh-askpass
ENVIRONMENT=BATCH
CXX=mpicxx
HOME=/g/g17/mtcampbe
SHLVL=6
__LMOD_REF_COUNT_PATH=/usr/tce/packages/spectrum-mpi/spectrum-mpi-rolling-release-gcc-8.3.1/bin:2;/usr/tce/packages/gcc/gcc-8.3.1/bin:2;/usr/tce/packages/lalloc/lalloc-2.0/bin:2;/p/gpfs1/mtcampbe/CEESD/AutomatedTesting/MIRGE-Timing/timing/emirge/miniforge3/envs/nozzle.lazy.timing.env/bin:1;/p/gpfs1/mtcampbe/CEESD/AutomatedTesting/MIRGE-Timing/timing/emirge/miniforge3/bin:1;/usr/tce/packages/cuda/cuda-11.2.0/bin:1;/usr/tcetmp/packages/base-gcc/base-gcc-8.3.1/bin:1;/usr/tcetmp/bin:1;/usr/condabin:1;/usr/workspace/wsa/xpacc/Users/mtcampbe/CEESD/Lassen/conda-install/bin:1;/usr/tce/packages/cuda/cuda-10.1.243/bin:1;/usr/lib64/qt-3.3/bin:1;/usr/local/bin:1;/usr/bin:1;/usr/local/sbin:1;/usr/sbin:1;/opt/ibm/spectrum_mpi/jsm_pmix/bin:1;/opt/ibm/bb/bin:1;/opt/ibm/flightlog/bin:1;/opt/ibutils/bin:1;/opt/ibm/spectrumcomputing/lsf/10.1.0.10/linux3.10-glibc2.17-ppc64le-csm/etc:1;/opt/ibm/spectrumcomputing/lsf/10.1.0.10/linux3.10-glibc2.17-ppc64le-csm/bin:1;/opt/ibm/spectrumcomputing/lsf/10.1.0.9/linux3.10-glibc2.17-ppc64le-csm/etc:1;/opt/ibm/spectrumcomputing/lsf/10.1.0.9/linux3.10-glibc2.17-ppc64le-csm/bin:1
JOB_TERMINATE_INTERVAL=10
LSB_ACCT_FILE=/tmp/5940519.tmpdir/.1717655634.5940519.acct
_ModuleTable002_=ICJTdGRFbnYiLAp3ViA9ICJNLip6ZmluYWwiLAp9LApbImJhc2UtZ2NjIl0gPSB7CmZuID0gIi91c3IvdGNldG1wL21vZHVsZWZpbGVzL0NvcmUvYmFzZS1nY2MvOC4zLjEubHVhIiwKZnVsbE5hbWUgPSAiYmFzZS1nY2MvOC4zLjEiLApsb2FkT3JkZXIgPSAxLApwcm9wVCA9IHt9LApzdGFja0RlcHRoID0gMSwKc3RhdHVzID0gImFjdGl2ZSIsCnVzZXJOYW1lID0gImJhc2UtZ2NjLzguMy4xIiwKd1YgPSAiXjAwMDAwMDA4LjAwMDAwMDAwMy4wMDAwMDAwMDEuKnpmaW5hbCIsCn0sCmN1ZGEgPSB7CmZuID0gIi91c3IvdGNldG1wL21vZHVsZWZpbGVzL0NvcmUvY3VkYS8xMS4yLjAubHVhIiwKZnVsbE5hbWUgPSAiY3VkYS8xMS4yLjAiLApsb2FkT3JkZXIgPSAyLApwcm9wVCA9
CSM_ALLOCATION_ID=6527023
BINARY_TYPE_HPC=
LLNL_CORE_ISOLATION=2
FC=mpif90
LSB_SUB_HOST=lassen708
XDG_CACHE_HOME=/tmp/mtcampbe/xdg-scratch
__LSF_JOB_TMPDIR__=/tmp/5940519.tmpdir
LSFUSER=mtcampbe
LSB_SUB_USER=mtcampbe
LSB_OUTDIR=/p/gpfs1/mtcampbe/CEESD/AutomatedTesting/MIRGE-Timing/timing/emirge/mirgecom/y2-isolator/timing_run
LSB_MCPU_HOSTS=lassen710 1 lassen409 40 
LMOD_arch=ppc64le
TMP=/var/tmp
MPI_ROOT=/usr/tce/packages/spectrum-mpi/ibm/spectrum-mpi-rolling-release
LSB_QUEUE=pbatch
LSB_OUTPUTFILE=/p/gpfs1/mtcampbe/CEESD/AutomatedTesting/MIRGE-Timing/timing/emirge/mirgecom/y2-isolator/timing_run/
CONDA_PYTHON_EXE=/p/gpfs1/mtcampbe/CEESD/AutomatedTesting/MIRGE-Timing/timing/emirge/miniforge3/bin/python
LOGNAME=mtcampbe
QTLIB=/usr/lib64/qt-3.3/lib
CVS_RSH=ssh
XLSF_UIDDIR=/opt/ibm/spectrumcomputing/lsf/10.1.0.10/linux3.10-glibc2.17-ppc64le-csm/lib/uid
XDG_DATA_DIRS=/p/gpfs1/mtcampbe/CEESD/AutomatedTesting/MIRGE-Timing/.local/share/flatpak/exports/share:/var/lib/flatpak/exports/share:/usr/local/share:/usr/share
SSH_CONNECTION=192.168.66.202 37818 192.168.65.155 22
SYS_TYPE=blueos_3_ppc64le_ib_p9
MODULESHOME=/usr/share/lmod/lmod
LMOD_SETTARG_FULL_SUPPORT=no
LESSOPEN=||/usr/bin/lesspipe.sh %s
__LMOD_REF_COUNT_LD_LIBRARY_PATH=/usr/tce/packages/cuda/cuda-11.2.0/lib64:1;/opt/ibm/spectrumcomputing/lsf/10.1.0.10/linux3.10-glibc2.17-ppc64le-csm/lib:1
PKG_CONFIG_PATH=/usr/tce/packages/cuda/cuda-11.2.0/lib64/pkgconfig
OMP_NUM_THREADS=1
LSF_CGROUP_TOPDIR_KEY=lassen
CONDA_DEFAULT_ENV=nozzle.lazy.timing.env
LMOD_FULL_SETTARG_SUPPORT=no
LMOD_FAMILY_COMPILER=gcc
LSB_XFER_OP=
LSB_EEXEC_REAL_GID=
__LMOD_REF_COUNT_PKG_CONFIG_PATH=/usr/tce/packages/cuda/cuda-11.2.0/lib64/pkgconfig:1
CC=mpicc
QT_PLUGIN_PATH=/usr/lib64/kde4/plugins:/usr/lib/kde4/plugins
LMOD_DIR=/usr/share/lmod/lmod/libexec
LEXEC_UNPICKLE_QUIET=1
__LMOD_REF_COUNT_MANPATH=/usr/tce/packages/spectrum-mpi/ibm/spectrum-mpi-rolling-release/share/man:1;/usr/tce/packages/gcc/gcc-8.3.1/man:1;/opt/ibm/spectrumcomputing/lsf/10.1.0.10/man:1;/usr/man:1;/usr/share/man:1;/usr/local/man:1;/usr/X11R6/man:1;/usr/lib64/mvapich/default/man:1;/opt/ibm/spectrum_mpi/jsm_pmix/share/man:1
_ModuleTable006_=NjRsZV9pYl9wOS9Db3JlIiwKfSwKc3lzdGVtQmFzZU1QQVRIID0gIi91c3IvdGNldG1wL21vZHVsZWZpbGVzL0NvcmU6L3Vzci9hcHBzL21vZHVsZWZpbGVzOi91c3Ivc2hhcmUvbW9kdWxlZmlsZXMvTGludXg6L3Vzci9zaGFyZS9tb2R1bGVmaWxlcy9Db3JlOi91c3Ivc2hhcmUvbG1vZC9sbW9kL21vZHVsZWZpbGVzL0NvcmUiLAp9Cg==
LSF_ENVDIR=/opt/ibm/spectrumcomputing/lsf/conf
GUESTFISH_RESTORE=\e[0m
LSB_DJOB_RANKFILE=/g/g17/mtcampbe/.lsbatch/1717655634.5940519.hostfile
LMOD_FAMILY_MPI=spectrum-mpi
LMOD_COLORIZE=yes
HISTFILE=/g/g17/mtcampbe/.bash_history
BASH_FUNC_module()=() {  local __lmod_my_status;
 local __lmod_sh_dbg;
 if [ -z "${LMOD_SH_DBG_ON+x}" ]; then
 case "$-" in 
 *v*x*)
 __lmod_sh_dbg='vx'
 ;;
 *v*)
 __lmod_sh_dbg='v'
 ;;
 *x*)
 __lmod_sh_dbg='x'
 ;;
 esac;
 fi;
 if [ -n "${__lmod_sh_dbg:-}" ]; then
 set +$__lmod_sh_dbg;
 echo "Shell debugging temporarily silenced: export LMOD_SH_DBG_ON=1 for Lmod's output" 1>&2;
 fi;
 eval "$($LMOD_CMD bash "$@")" && eval $(${LMOD_SETTARG_CMD:-:} -s sh);
 __lmod_my_status=$?;
 if [ -n "${__lmod_sh_dbg:-}" ]; then
 echo "Shell debugging restarted" 1>&2;
 set -$__lmod_sh_dbg;
 fi;
 return $__lmod_my_status
}
BASH_FUNC_ml()=() {  eval "$($LMOD_DIR/ml_cmd "$@")"
}
_=/usr/bin/env
LSB_MCPU_HOSTS=lassen710 1 lassen409 40 
Default casename isolator
Using user input from file: timing_params.yaml
Running ./isolator.py

2024-06-05 23:34:11,933 - INFO - grudge.array_context - get_reasonable_array_context_class: MPIFusionContractorArrayContext lazy=True distributed=True device-parallel=True
2024-06-05 23:34:12,562 - INFO - mirgecom.mpi - Using mpi4py version 4.0.0.dev0 with pkl5 scatter support.
2024-06-05 23:34:38,628 - INFO - mirgecom.simutil - Using SVM-based memory pool on <pyopencl.Device 'Tesla V100-SXM2-16GB' on 'Portable Computing Language' at 0x10299b9b0>.
Shock capturing parameters: alpha 0.5, s0 -4.0, kappa 0.5

#### Simluation control data: ####
	nviz = 100
	nrestart = 100
	nhealth = 100
	nstatus = 100
	current_dt = 1e-08
	t_final = 2e-07
	order = 1
	dimen = 2
	Time integration rk4
#### Simluation control data: ####


#### Simluation material properties: ####
	mu = 4.216360056e-05
	kappa = 0.05621788139856423
	Prandtl Number  = 0.75
#### Simluation initialization data: ####
	inlet Mach number 0.038727226466056475
	inlet temperature 2075.8073416311686
	inlet pressure 274212.0081934861
	inlet rho 0.4623484671063763
	inlet velocity 35.28896626974282
	outlet Mach number 3.661995139955526
	outlet temperature 563.9344091915701
	outlet pressure 2865.7077436508835
	outlet rho 0.01778579568979098
	outlet velocity 1739.2462693097807
#### Simluation initialization data: ####

Reading mesh from data/isolator.msh
./isolator.py:1087: DeprecationWarning: generate_and_distribute_mesh is deprecated and will go away Q4 2022. Use distribute_mesh instead.
  local_mesh, global_nelements = generate_and_distribute_mesh(
Reading gmsh mesh from disk file...
Done. Populating meshmode data structures...
Done.
Read GMSH: 0.058153629302978516
MeshData: 0.06451845169067383
Making discretization
./isolator.py:1094: DeprecationWarning: mpi_communicator argument is deprecated and will disappear in Q4 2022.
  dcoll = create_discretization_collection(
Done making discretization
/p/gpfs1/mtcampbe/CEESD/AutomatedTesting/MIRGE-Timing/timing/emirge/arraycontext/arraycontext/impl/pytato/__init__.py:413: UserWarning: Running on an Nvidia GPU, reducing the argument size limit from 4352 to 3896.
  warn("Running on an Nvidia GPU, reducing the argument "
2024-06-05 23:34:43,671 - INFO - arraycontext.impl.pytato - limiting argument buffer size for <pyopencl.Device 'Tesla V100-SXM2-16GB' on 'Portable Computing Language' at 0x10299b9b0> to 3896 bytes
2024-06-05 23:34:43,701 - INFO - meshmode.array_context - Transforming kernel 'frozen_nodes0_2d' with 1 statements.
2024-06-05 23:34:43,739 - INFO - meshmode.array_context - Array Contraction: Contracting 0 temps
2024-06-05 23:34:43,742 - INFO - meshmode.array_context - [_alias_global_temporaries]: Reduced memory requirement of 'frozen_nodes0_2d' from 0.0MB to 0.0MB.
2024-06-05 23:34:53,888 - INFO - loopy.tools - preprocess_program on 'frozen_nodes0_2d': completed (10.14s wall 0.04x CPU)
2024-06-05 23:34:54,862 - INFO - pyopencl - build program: kernel 'frozen_nodes0_2d' was part of a lengthy source build resulting from a binary cache miss (0.83 s)
2024-06-05 23:34:54,968 - INFO - meshmode.array_context - Transforming kernel 'frozen_nodes1_2d' with 1 statements.
2024-06-05 23:34:54,992 - INFO - meshmode.array_context - Array Contraction: Contracting 0 temps
2024-06-05 23:34:54,994 - INFO - meshmode.array_context - [_alias_global_temporaries]: Reduced memory requirement of 'frozen_nodes1_2d' from 0.0MB to 0.0MB.
2024-06-05 23:34:55,453 - INFO - pyopencl - build program: kernel 'frozen_nodes1_2d' was part of a lengthy source build resulting from a binary cache miss (0.37 s)
Before restart/init
Initializing soln.
Initialization for Case(isolator)
===
Num 2d order-1 elements: 2504
Num global elements: 2504
Timestep:        1e-08
Initial time:    0
Final time:      2e-07
CFL:             1.0
Constant CFL:    False
Initialization:  isolator
EOS:             IdealSingleGas

2024-06-05 23:34:57,201 - INFO - meshmode.array_context - transform_dag.infer_axes_tags: completed (0.61s wall 1.00x CPU)
2024-06-05 23:34:57,403 - INFO - arraycontext.impl.pytato - limiting argument buffer size for <pyopencl.Device 'Tesla V100-SXM2-16GB' on 'Portable Computing Language' at 0x10299b9b0> to 3896 bytes
2024-06-05 23:34:58,189 - INFO - meshmode.array_context - Transforming kernel 'frozen_result' with 14 statements.
2024-06-05 23:34:59,877 - INFO - loopy.tools - fuse_same_discretization_entity_loops on 'frozen_result': completed (1.54s wall 1.00x CPU)
2024-06-05 23:35:00,053 - INFO - meshmode.array_context - Loop Fusion: completed (1.86s wall 1.00x CPU)
2024-06-05 23:35:00,494 - INFO - meshmode.array_context - Array Contraction: Contracting 10 temps
2024-06-05 23:35:02,358 - INFO - loopy.tools - contract_arrays on 'frozen_result': completed (1.87s wall 1.00x CPU)
2024-06-05 23:35:02,554 - INFO - meshmode.array_context - Array Contraction: completed (2.20s wall 1.00x CPU)
2024-06-05 23:35:02,556 - INFO - meshmode.array_context - [_alias_global_temporaries]: Reduced memory requirement of 'frozen_result' from 0.5MB to 0.4MB.
2024-06-05 23:35:04,965 - INFO - loopy.tools - preprocess_program on 'frozen_result': completed (1.55s wall 1.00x CPU)
2024-06-05 23:35:08,967 - INFO - loopy.codegen - frozen_result: generate code: completed (1.99s wall 1.00x CPU)
2024-06-05 23:35:14,688 - INFO - pyopencl - build program: kernel 'frozen_result' was part of a lengthy source build resulting from a binary cache miss (4.91 s)
2024-06-05 23:35:15,068 - INFO - pytato.distributed.verify - find_partition: Split 22 nodes into 1 parts, with [22] nodes in each partition.
2024-06-05 23:35:15,122 - INFO - meshmode.array_context - Transforming kernel 'get_fluid_state_part_0' with 15 statements.
2024-06-05 23:35:15,272 - INFO - meshmode.array_context - Array Contraction: Contracting 1 temps
2024-06-05 23:35:15,296 - INFO - meshmode.array_context - [_alias_global_temporaries]: Reduced memory requirement of 'get_fluid_state_part_0' from 0.1MB to 0.1MB.
2024-06-05 23:35:16,157 - INFO - pyopencl - build program: kernel 'get_fluid_state_part_0' was part of a lengthy source build resulting from a binary cache miss (0.39 s)
./isolator.py:1349: DeprecationWarning: simutil.force_evaluation is deprecated and will disappear in Q3 2023. Use utils.force_evaluation instead.
  fluid_state = force_evaluation(actx, create_fluid_state(cv=state))
2024-06-05 23:35:16,326 - INFO - arraycontext.impl.pytato - limiting argument buffer size for <pyopencl.Device 'Tesla V100-SXM2-16GB' on 'Portable Computing Language' at 0x10299b9b0> to 3896 bytes
2024-06-05 23:35:16,461 - INFO - meshmode.array_context - Transforming kernel 'frozen_area_el_vol' with 10 statements.
2024-06-05 23:35:16,667 - INFO - meshmode.array_context - Array Contraction: Contracting 1 temps
2024-06-05 23:35:16,698 - INFO - meshmode.array_context - [_alias_global_temporaries]: Reduced memory requirement of 'frozen_area_el_vol' from 0.3MB to 0.2MB.
2024-06-05 23:35:17,652 - INFO - pyopencl - build program: kernel 'frozen_area_el_vol' was part of a lengthy source build resulting from a binary cache miss (0.42 s)
2024-06-05 23:35:17,702 - INFO - meshmode.discretization.connection.face - building face restriction: start
2024-06-05 23:35:17,712 - INFO - meshmode.discretization.connection.face - building face restriction: done
2024-06-05 23:35:17,809 - INFO - meshmode.array_context - Transforming kernel 'frozen_area_el_b_face_restr_all' with 7 statements.
2024-06-05 23:35:17,936 - INFO - meshmode.array_context - Array Contraction: Contracting 2 temps
2024-06-05 23:35:17,969 - INFO - meshmode.array_context - [_alias_global_temporaries]: Reduced memory requirement of 'frozen_area_el_b_face_restr_all' from 0.5MB to 0.3MB.
2024-06-05 23:35:18,731 - INFO - pyopencl - build program: kernel 'frozen_area_el_b_face_restr_all' was part of a lengthy source build resulting from a binary cache miss (0.40 s)
2024-06-05 23:35:18,814 - INFO - meshmode.array_context - Transforming kernel 'frozen_dt_geometric_vol' with 7 statements.
2024-06-05 23:35:18,995 - INFO - meshmode.array_context - Array Contraction: Contracting 0 temps
2024-06-05 23:35:19,005 - INFO - meshmode.array_context - [_alias_global_temporaries]: Reduced memory requirement of 'frozen_dt_geometric_vol' from 0.3MB to 0.2MB.
2024-06-05 23:35:19,879 - INFO - pyopencl - build program: kernel 'frozen_dt_geometric_vol' was part of a lengthy source build resulting from a binary cache miss (0.41 s)
2024-06-05 23:35:19,929 - INFO - meshmode.array_context - Transforming kernel 'frozen_char_lscales' with 1 statements.
2024-06-05 23:35:19,943 - INFO - meshmode.array_context - Array Contraction: Contracting 0 temps
2024-06-05 23:35:19,946 - INFO - meshmode.array_context - [_alias_global_temporaries]: Reduced memory requirement of 'frozen_char_lscales' from 0.0MB to 0.0MB.
2024-06-05 23:35:20,368 - INFO - pyopencl - build program: kernel 'frozen_char_lscales' was part of a lengthy source build resulting from a binary cache miss (0.36 s)
2024-06-05 23:35:20,414 - INFO - meshmode.array_context - Transforming kernel 'frozen_result' with 4 statements.
2024-06-05 23:35:20,465 - INFO - meshmode.array_context - Array Contraction: Contracting 3 temps
2024-06-05 23:35:20,501 - INFO - meshmode.array_context - [_alias_global_temporaries]: Reduced memory requirement of 'frozen_result' from 0.2MB to 0.2MB.
2024-06-05 23:35:21,024 - INFO - pyopencl - build program: kernel 'frozen_result' was part of a lengthy source build resulting from a binary cache miss (0.39 s)
2024-06-05 23:35:21,596 - INFO - pyopencl - build program: kernel 'reduce_kernel_stage1' was part of a lengthy source build resulting from a binary cache miss (0.51 s)
2024-06-05 23:35:22,107 - INFO - pyopencl - build program: kernel 'reduce_kernel_stage2' was part of a lengthy source build resulting from a binary cache miss (0.50 s)
2024-06-05 23:35:22,120 - INFO - meshmode.array_context - Transforming kernel 'frozen_result' with 1 statements.
2024-06-05 23:35:22,126 - INFO - meshmode.array_context - Array Contraction: Contracting 0 temps
_get_iel_to_idofs: str(insn)='_ary_store: _ary <- NaN if isnan(_actx_dw) or isnan(_actx_dw_0) else (_actx_dw if _actx_dw > _actx_dw_0 else _actx_dw_0) {tags=EinsumTag(orig_loop_nest=frozenset())}'
/p/gpfs1/mtcampbe/CEESD/AutomatedTesting/MIRGE-Timing/timing/emirge/meshmode/meshmode/array_context.py:1790: UserWarning: [frozen_result]: FusionContractorArrayContext.transform_loopy_program not broad enough (yet). Falling back to a possibly slower transformation strategy.
  warn(f"[{knl.name}]: FusionContractorArrayContext."
2024-06-05 23:35:22,555 - INFO - pyopencl - build program: kernel 'frozen_result' was part of a lengthy source build resulting from a binary cache miss (0.39 s)
2024-06-05 23:35:23,019 - INFO - pyopencl - build program: kernel 'reduce_kernel_stage1' was part of a lengthy source build resulting from a binary cache miss (0.45 s)
2024-06-05 23:35:23,478 - INFO - pyopencl - build program: kernel 'reduce_kernel_stage2' was part of a lengthy source build resulting from a binary cache miss (0.45 s)
2024-06-05 23:35:23,484 - INFO - meshmode.array_context - Transforming kernel 'frozen_result' with 1 statements.
2024-06-05 23:35:23,489 - INFO - meshmode.array_context - Array Contraction: Contracting 0 temps
_get_iel_to_idofs: str(insn)='_ary_store: _ary <- 0 + _actx_dw {tags=EinsumTag(orig_loop_nest=frozenset())}'
2024-06-05 23:35:23,874 - INFO - pyopencl - build program: kernel 'frozen_result' was part of a lengthy source build resulting from a binary cache miss (0.36 s)
2024-06-05 23:35:24,353 - INFO - pyopencl - build program: kernel 'reduce_kernel_stage1' was part of a lengthy source build resulting from a binary cache miss (0.47 s)
2024-06-05 23:35:24,828 - INFO - pyopencl - build program: kernel 'reduce_kernel_stage2' was part of a lengthy source build resulting from a binary cache miss (0.47 s)
2024-06-05 23:35:24,839 - INFO - meshmode.array_context - Transforming kernel 'frozen_result' with 1 statements.
2024-06-05 23:35:24,844 - INFO - meshmode.array_context - Array Contraction: Contracting 0 temps
_get_iel_to_idofs: str(insn)='_ary_store: _ary <- NaN if isnan(_actx_dw) or isnan(_actx_dw_0) else (_actx_dw if _actx_dw < _actx_dw_0 else _actx_dw_0) {tags=EinsumTag(orig_loop_nest=frozenset())}'
2024-06-05 23:35:25,241 - INFO - pyopencl - build program: kernel 'frozen_result' was part of a lengthy source build resulting from a binary cache miss (0.36 s)
-------- dt = 1.000e-08, cfl = 0.0253
-------- P (min, max) (Pa) = (2.865706984e+03, 2.742120082e+05)
-------- T (min, max) (K)  = (    300, 2075.81)

2024-06-05 23:35:25,286 - INFO - meshmode.array_context - Transforming kernel 'frozen_result' with 1 statements.
2024-06-05 23:35:25,294 - INFO - meshmode.array_context - Array Contraction: Contracting 0 temps
2024-06-05 23:35:25,296 - INFO - meshmode.array_context - [_alias_global_temporaries]: Reduced memory requirement of 'frozen_result' from 0.0MB to 0.0MB.
2024-06-05 23:35:25,720 - INFO - pyopencl - build program: kernel 'frozen_result' was part of a lengthy source build resulting from a binary cache miss (0.37 s)
2024-06-05 23:35:25,732 - INFO - meshmode.array_context - Transforming kernel 'frozen_result' with 1 statements.
2024-06-05 23:35:25,739 - INFO - meshmode.array_context - Array Contraction: Contracting 0 temps
2024-06-05 23:35:25,741 - INFO - meshmode.array_context - [_alias_global_temporaries]: Reduced memory requirement of 'frozen_result' from 0.0MB to 0.0MB.
2024-06-05 23:35:26,162 - INFO - pyopencl - build program: kernel 'frozen_result' was part of a lengthy source build resulting from a binary cache miss (0.37 s)
2024-06-05 23:35:26,175 - INFO - meshmode.array_context - Transforming kernel 'frozen_result' with 1 statements.
2024-06-05 23:35:26,182 - INFO - meshmode.array_context - Array Contraction: Contracting 0 temps
2024-06-05 23:35:26,184 - INFO - meshmode.array_context - [_alias_global_temporaries]: Reduced memory requirement of 'frozen_result' from 0.0MB to 0.0MB.
2024-06-05 23:35:26,605 - INFO - pyopencl - build program: kernel 'frozen_result' was part of a lengthy source build resulting from a binary cache miss (0.37 s)
2024-06-05 23:35:26,618 - INFO - meshmode.array_context - Transforming kernel 'frozen_result' with 1 statements.
2024-06-05 23:35:26,624 - INFO - meshmode.array_context - Array Contraction: Contracting 0 temps
2024-06-05 23:35:26,627 - INFO - meshmode.array_context - [_alias_global_temporaries]: Reduced memory requirement of 'frozen_result' from 0.0MB to 0.0MB.
2024-06-05 23:35:27,051 - INFO - pyopencl - build program: kernel 'frozen_result' was part of a lengthy source build resulting from a binary cache miss (0.37 s)
2024-06-05 23:35:27,084 - INFO - meshmode.array_context - Transforming kernel 'frozen_result' with 3 statements.
2024-06-05 23:35:27,112 - INFO - meshmode.array_context - Array Contraction: Contracting 0 temps
2024-06-05 23:35:27,116 - INFO - meshmode.array_context - [_alias_global_temporaries]: Reduced memory requirement of 'frozen_result' from 0.1MB to 0.1MB.
2024-06-05 23:35:27,676 - INFO - pyopencl - build program: kernel 'frozen_result' was part of a lengthy source build resulting from a binary cache miss (0.40 s)
2024-06-05 23:35:27,699 - INFO - meshmode.array_context - Transforming kernel 'frozen_result' with 1 statements.
2024-06-05 23:35:27,707 - INFO - meshmode.array_context - Array Contraction: Contracting 0 temps
2024-06-05 23:35:27,709 - INFO - meshmode.array_context - [_alias_global_temporaries]: Reduced memory requirement of 'frozen_result' from 0.0MB to 0.0MB.
2024-06-05 23:35:28,148 - INFO - pyopencl - build program: kernel 'frozen_result' was part of a lengthy source build resulting from a binary cache miss (0.38 s)
2024-06-05 23:35:28,173 - INFO - meshmode.array_context - Transforming kernel 'frozen_result' with 1 statements.
2024-06-05 23:35:28,183 - INFO - meshmode.array_context - Array Contraction: Contracting 0 temps
2024-06-05 23:35:28,185 - INFO - meshmode.array_context - [_alias_global_temporaries]: Reduced memory requirement of 'frozen_result' from 0.0MB to 0.0MB.
2024-06-05 23:35:28,651 - INFO - pyopencl - build program: kernel 'frozen_result' was part of a lengthy source build resulting from a binary cache miss (0.38 s)
2024-06-05 23:35:28,681 - INFO - meshmode.array_context - Transforming kernel 'frozen_result' with 3 statements.
2024-06-05 23:35:28,710 - INFO - meshmode.array_context - Array Contraction: Contracting 0 temps
2024-06-05 23:35:28,714 - INFO - meshmode.array_context - [_alias_global_temporaries]: Reduced memory requirement of 'frozen_result' from 0.1MB to 0.1MB.
2024-06-05 23:35:29,271 - INFO - pyopencl - build program: kernel 'frozen_result' was part of a lengthy source build resulting from a binary cache miss (0.39 s)
failed to infer axis 1 of array of type <class 'pytato.array.Reshape'>.
expr.non_equality_tags=frozenset()
2024-06-05 23:35:29,334 - INFO - meshmode.array_context - Transforming kernel 'frozen_result' with 6 statements.
2024-06-05 23:35:29,426 - INFO - meshmode.array_context - Array Contraction: Contracting 0 temps
2024-06-05 23:35:29,434 - INFO - meshmode.array_context - [_alias_global_temporaries]: Reduced memory requirement of 'frozen_result' from 0.2MB to 0.2MB.
2024-06-05 23:35:30,287 - INFO - pyopencl - build program: kernel 'frozen_result' was part of a lengthy source build resulting from a binary cache miss (0.46 s)
2024-06-05 23:35:30,357 - INFO - meshmode.array_context - Transforming kernel 'frozen_result' with 4 statements.
2024-06-05 23:35:30,402 - INFO - meshmode.array_context - Array Contraction: Contracting 2 temps
2024-06-05 23:35:30,427 - INFO - meshmode.array_context - [_alias_global_temporaries]: Reduced memory requirement of 'frozen_result' from 0.2MB to 0.2MB.
2024-06-05 23:35:31,029 - INFO - pyopencl - build program: kernel 'frozen_result' was part of a lengthy source build resulting from a binary cache miss (0.40 s)
2024-06-05 23:35:31,064 - INFO - meshmode.discretization.connection.face - building face restriction: start
2024-06-05 23:35:31,069 - INFO - meshmode.discretization.connection.face - building face restriction: done
2024-06-05 23:35:31,083 - INFO - meshmode.discretization.connection.face - building face restriction: start
2024-06-05 23:35:31,088 - INFO - meshmode.discretization.connection.face - building face restriction: done
2024-06-05 23:35:31,103 - INFO - meshmode.discretization.connection.face - building face restriction: start
2024-06-05 23:35:31,115 - INFO - meshmode.discretization.connection.face - building face restriction: done
2024-06-05 23:35:31,129 - INFO - meshmode.discretization.connection.face - building face restriction: start
2024-06-05 23:35:31,224 - INFO - meshmode.discretization.connection.face - building face restriction: done
2024-06-05 23:35:31,372 - INFO - meshmode.array_context - Transforming kernel 'frozen_area_el_b_inflow' with 7 statements.
2024-06-05 23:35:31,501 - INFO - meshmode.array_context - Array Contraction: Contracting 2 temps
2024-06-05 23:35:31,535 - INFO - meshmode.array_context - [_alias_global_temporaries]: Reduced memory requirement of 'frozen_area_el_b_inflow' from 0.0MB to 0.0MB.
2024-06-05 23:35:32,289 - INFO - pyopencl - build program: kernel 'frozen_area_el_b_inflow' was part of a lengthy source build resulting from a binary cache miss (0.39 s)
2024-06-05 23:35:32,372 - INFO - meshmode.array_context - Transforming kernel 'frozen_normal_2_b_inflow' with 3 statements.
2024-06-05 23:35:32,442 - INFO - meshmode.array_context - Array Contraction: Contracting 0 temps
2024-06-05 23:35:32,447 - INFO - meshmode.array_context - [_alias_global_temporaries]: Reduced memory requirement of 'frozen_normal_2_b_inflow' from 0.0MB to 0.0MB.
2024-06-05 23:35:33,084 - INFO - pyopencl - build program: kernel 'frozen_normal_2_b_inflow' was part of a lengthy source build resulting from a binary cache miss (0.38 s)
2024-06-05 23:35:33,232 - INFO - meshmode.array_context - Transforming kernel 'frozen_normal_1_b_inflow' with 3 statements.
2024-06-05 23:35:33,302 - INFO - meshmode.array_context - Array Contraction: Contracting 0 temps
2024-06-05 23:35:33,307 - INFO - meshmode.array_context - [_alias_global_temporaries]: Reduced memory requirement of 'frozen_normal_1_b_inflow' from 0.0MB to 0.0MB.
2024-06-05 23:35:33,948 - INFO - pyopencl - build program: kernel 'frozen_normal_1_b_inflow' was part of a lengthy source build resulting from a binary cache miss (0.38 s)
2024-06-05 23:35:33,979 - INFO - meshmode.array_context - Transforming kernel 'frozen_f2allf_ind' with 0 statements.
2024-06-05 23:35:33,983 - INFO - meshmode.array_context - Array Contraction: Contracting 0 temps
2024-06-05 23:35:34,360 - INFO - pyopencl - build program: kernel 'frozen_f2allf_ind' was part of a lengthy source build resulting from a binary cache miss (0.36 s)
2024-06-05 23:35:34,371 - INFO - meshmode.array_context - Transforming kernel 'frozen_f2allf_ind' with 0 statements.
2024-06-05 23:35:34,430 - INFO - meshmode.array_context - Transforming kernel 'frozen_f2allf_ind' with 1 statements.
2024-06-05 23:35:34,440 - INFO - meshmode.array_context - Array Contraction: Contracting 0 temps
2024-06-05 23:35:34,443 - INFO - meshmode.array_context - [_alias_global_temporaries]: Reduced memory requirement of 'frozen_f2allf_ind' from 0.0MB to 0.0MB.
2024-06-05 23:35:34,845 - INFO - pyopencl - build program: kernel 'frozen_f2allf_ind' was part of a lengthy source build resulting from a binary cache miss (0.36 s)
2024-06-05 23:35:34,962 - INFO - meshmode.array_context - Transforming kernel 'frozen_area_el_b_outflow' with 7 statements.
2024-06-05 23:35:35,094 - INFO - meshmode.array_context - Array Contraction: Contracting 2 temps
2024-06-05 23:35:35,128 - INFO - meshmode.array_context - [_alias_global_temporaries]: Reduced memory requirement of 'frozen_area_el_b_outflow' from 0.0MB to 0.0MB.
2024-06-05 23:35:35,883 - INFO - pyopencl - build program: kernel 'frozen_area_el_b_outflow' was part of a lengthy source build resulting from a binary cache miss (0.39 s)
2024-06-05 23:35:35,968 - INFO - meshmode.array_context - Transforming kernel 'frozen_normal_2_b_outflow' with 3 statements.
2024-06-05 23:35:36,038 - INFO - meshmode.array_context - Array Contraction: Contracting 0 temps
2024-06-05 23:35:36,043 - INFO - meshmode.array_context - [_alias_global_temporaries]: Reduced memory requirement of 'frozen_normal_2_b_outflow' from 0.0MB to 0.0MB.
2024-06-05 23:35:36,686 - INFO - pyopencl - build program: kernel 'frozen_normal_2_b_outflow' was part of a lengthy source build resulting from a binary cache miss (0.38 s)
2024-06-05 23:35:36,757 - INFO - meshmode.array_context - Transforming kernel 'frozen_normal_1_b_outflow' with 3 statements.
2024-06-05 23:35:36,828 - INFO - meshmode.array_context - Array Contraction: Contracting 0 temps
2024-06-05 23:35:36,833 - INFO - meshmode.array_context - [_alias_global_temporaries]: Reduced memory requirement of 'frozen_normal_1_b_outflow' from 0.0MB to 0.0MB.
2024-06-05 23:35:37,470 - INFO - pyopencl - build program: kernel 'frozen_normal_1_b_outflow' was part of a lengthy source build resulting from a binary cache miss (0.38 s)
2024-06-05 23:35:37,501 - INFO - meshmode.array_context - Transforming kernel 'frozen_f2allf_ind' with 1 statements.
2024-06-05 23:35:37,511 - INFO - meshmode.array_context - Array Contraction: Contracting 0 temps
2024-06-05 23:35:37,513 - INFO - meshmode.array_context - [_alias_global_temporaries]: Reduced memory requirement of 'frozen_f2allf_ind' from 0.0MB to 0.0MB.
2024-06-05 23:35:37,911 - INFO - pyopencl - build program: kernel 'frozen_f2allf_ind' was part of a lengthy source build resulting from a binary cache miss (0.36 s)
2024-06-05 23:35:37,923 - INFO - meshmode.array_context - Transforming kernel 'frozen_f2allf_ind' with 1 statements.
2024-06-05 23:35:37,934 - INFO - meshmode.array_context - Array Contraction: Contracting 0 temps
2024-06-05 23:35:37,936 - INFO - meshmode.array_context - [_alias_global_temporaries]: Reduced memory requirement of 'frozen_f2allf_ind' from 0.0MB to 0.0MB.
2024-06-05 23:35:38,336 - INFO - pyopencl - build program: kernel 'frozen_f2allf_ind' was part of a lengthy source build resulting from a binary cache miss (0.36 s)
2024-06-05 23:35:38,453 - INFO - meshmode.array_context - Transforming kernel 'frozen_area_el_b_wall' with 7 statements.
2024-06-05 23:35:38,583 - INFO - meshmode.array_context - Array Contraction: Contracting 2 temps
2024-06-05 23:35:38,616 - INFO - meshmode.array_context - [_alias_global_temporaries]: Reduced memory requirement of 'frozen_area_el_b_wall' from 0.0MB to 0.0MB.
2024-06-05 23:35:39,380 - INFO - pyopencl - build program: kernel 'frozen_area_el_b_wall' was part of a lengthy source build resulting from a binary cache miss (0.39 s)
2024-06-05 23:35:39,465 - INFO - meshmode.array_context - Transforming kernel 'frozen_normal_2_b_wall' with 3 statements.
2024-06-05 23:35:39,535 - INFO - meshmode.array_context - Array Contraction: Contracting 0 temps
2024-06-05 23:35:39,544 - INFO - meshmode.array_context - [_alias_global_temporaries]: Reduced memory requirement of 'frozen_normal_2_b_wall' from 0.0MB to 0.0MB.
2024-06-05 23:35:40,207 - INFO - pyopencl - build program: kernel 'frozen_normal_2_b_wall' was part of a lengthy source build resulting from a binary cache miss (0.39 s)
2024-06-05 23:35:40,280 - INFO - meshmode.array_context - Transforming kernel 'frozen_normal_1_b_wall' with 3 statements.
2024-06-05 23:35:40,349 - INFO - meshmode.array_context - Array Contraction: Contracting 0 temps
2024-06-05 23:35:40,354 - INFO - meshmode.array_context - [_alias_global_temporaries]: Reduced memory requirement of 'frozen_normal_1_b_wall' from 0.0MB to 0.0MB.
2024-06-05 23:35:41,019 - INFO - pyopencl - build program: kernel 'frozen_normal_1_b_wall' was part of a lengthy source build resulting from a binary cache miss (0.39 s)
2024-06-05 23:35:41,052 - INFO - meshmode.array_context - Transforming kernel 'frozen_f2allf_ind' with 1 statements.
2024-06-05 23:35:41,062 - INFO - meshmode.array_context - Array Contraction: Contracting 0 temps
2024-06-05 23:35:41,064 - INFO - meshmode.array_context - [_alias_global_temporaries]: Reduced memory requirement of 'frozen_f2allf_ind' from 0.0MB to 0.0MB.
2024-06-05 23:35:41,460 - INFO - pyopencl - build program: kernel 'frozen_f2allf_ind' was part of a lengthy source build resulting from a binary cache miss (0.36 s)
2024-06-05 23:35:41,472 - INFO - meshmode.array_context - Transforming kernel 'frozen_f2allf_ind' with 1 statements.
2024-06-05 23:35:41,482 - INFO - meshmode.array_context - Array Contraction: Contracting 0 temps
2024-06-05 23:35:41,484 - INFO - meshmode.array_context - [_alias_global_temporaries]: Reduced memory requirement of 'frozen_f2allf_ind' from 0.0MB to 0.0MB.
2024-06-05 23:35:41,889 - INFO - pyopencl - build program: kernel 'frozen_f2allf_ind' was part of a lengthy source build resulting from a binary cache miss (0.36 s)
2024-06-05 23:35:42,002 - INFO - meshmode.array_context - Transforming kernel 'frozen_area_el_b_face_restr_interior' with 7 statements.
2024-06-05 23:35:42,133 - INFO - meshmode.array_context - Array Contraction: Contracting 2 temps
2024-06-05 23:35:42,165 - INFO - meshmode.array_context - [_alias_global_temporaries]: Reduced memory requirement of 'frozen_area_el_b_face_restr_interior' from 0.4MB to 0.3MB.
2024-06-05 23:35:42,929 - INFO - pyopencl - build program: kernel 'frozen_area_el_b_face_restr_interior' was part of a lengthy source build resulting from a binary cache miss (0.39 s)
2024-06-05 23:35:43,014 - INFO - meshmode.array_context - Transforming kernel 'frozen_normal_2_b_face_restr_interior' with 3 statements.
2024-06-05 23:35:43,084 - INFO - meshmode.array_context - Array Contraction: Contracting 0 temps
2024-06-05 23:35:43,089 - INFO - meshmode.array_context - [_alias_global_temporaries]: Reduced memory requirement of 'frozen_normal_2_b_face_restr_interior' from 0.2MB to 0.2MB.
2024-06-05 23:35:43,751 - INFO - pyopencl - build program: kernel 'frozen_normal_2_b_face_restr_interior' was part of a lengthy source build resulting from a binary cache miss (0.39 s)
2024-06-05 23:35:43,823 - INFO - meshmode.array_context - Transforming kernel 'frozen_normal_1_b_face_restr_interior' with 3 statements.
2024-06-05 23:35:43,893 - INFO - meshmode.array_context - Array Contraction: Contracting 0 temps
2024-06-05 23:35:43,898 - INFO - meshmode.array_context - [_alias_global_temporaries]: Reduced memory requirement of 'frozen_normal_1_b_face_restr_interior' from 0.2MB to 0.2MB.
2024-06-05 23:35:44,562 - INFO - pyopencl - build program: kernel 'frozen_normal_1_b_face_restr_interior' was part of a lengthy source build resulting from a binary cache miss (0.39 s)
2024-06-05 23:35:44,595 - INFO - meshmode.array_context - Transforming kernel 'frozen_f2allf_ind' with 1 statements.
2024-06-05 23:35:44,605 - INFO - meshmode.array_context - Array Contraction: Contracting 0 temps
2024-06-05 23:35:44,608 - INFO - meshmode.array_context - [_alias_global_temporaries]: Reduced memory requirement of 'frozen_f2allf_ind' from 0.0MB to 0.0MB.
2024-06-05 23:35:45,013 - INFO - pyopencl - build program: kernel 'frozen_f2allf_ind' was part of a lengthy source build resulting from a binary cache miss (0.36 s)
2024-06-05 23:35:45,025 - INFO - meshmode.array_context - Transforming kernel 'frozen_f2allf_ind' with 1 statements.
2024-06-05 23:35:45,035 - INFO - meshmode.array_context - Array Contraction: Contracting 0 temps
2024-06-05 23:35:45,037 - INFO - meshmode.array_context - [_alias_global_temporaries]: Reduced memory requirement of 'frozen_f2allf_ind' from 0.0MB to 0.0MB.
2024-06-05 23:35:45,441 - INFO - pyopencl - build program: kernel 'frozen_f2allf_ind' was part of a lengthy source build resulting from a binary cache miss (0.36 s)
2024-06-05 23:35:45,453 - INFO - meshmode.array_context - Transforming kernel 'frozen_f2allf_ind' with 1 statements.
2024-06-05 23:35:45,463 - INFO - meshmode.array_context - Array Contraction: Contracting 0 temps
2024-06-05 23:35:45,465 - INFO - meshmode.array_context - [_alias_global_temporaries]: Reduced memory requirement of 'frozen_f2allf_ind' from 0.0MB to 0.0MB.
2024-06-05 23:35:45,872 - INFO - pyopencl - build program: kernel 'frozen_f2allf_ind' was part of a lengthy source build resulting from a binary cache miss (0.36 s)
2024-06-05 23:35:46,704 - INFO - meshmode.array_context - Transforming kernel 'frozen_inv_metric_deriv_vol' with 45 statements.
2024-06-05 23:35:47,633 - INFO - loopy.tools - fuse_same_discretization_entity_loops on 'frozen_inv_metric_deriv_vol': completed (0.84s wall 1.00x CPU)
2024-06-05 23:35:47,680 - INFO - meshmode.array_context - Loop Fusion: completed (0.97s wall 1.00x CPU)
2024-06-05 23:35:47,805 - INFO - meshmode.array_context - Array Contraction: Contracting 0 temps
2024-06-05 23:35:47,841 - INFO - meshmode.array_context - [_alias_global_temporaries]: Reduced memory requirement of 'frozen_inv_metric_deriv_vol' from 1.7MB to 0.5MB.
2024-06-05 23:35:48,611 - INFO - loopy.tools - preprocess_program on 'frozen_inv_metric_deriv_vol': completed (0.61s wall 1.00x CPU)
2024-06-05 23:35:50,745 - INFO - pyopencl - build program: kernel 'frozen_inv_metric_deriv_vol' was part of a lengthy source build resulting from a binary cache miss (0.59 s)
/p/gpfs1/mtcampbe/CEESD/AutomatedTesting/MIRGE-Timing/timing/emirge/mirgecom/mirgecom/artificial_viscosity.py:347: UserWarning: The AV boundary_kwargs interface is deprecated, please pass gas_model and time directly.
  warn("The AV boundary_kwargs interface is deprecated, please pass gas_model"
2024-06-05 23:35:52,097 - INFO - grudge.array_context - deduplicate_data_wrappers[pre-partition]: completed (0.64s wall 1.00x CPU)
failed to infer axis 1 of array of type <class 'pytato.array.Reshape'>.
expr.non_equality_tags=frozenset()
2024-06-05 23:35:54,213 - INFO - grudge.array_context - transform_dag.infer_axes_tags[pre-partition]: completed (1.96s wall 1.00x CPU)
2024-06-05 23:35:54,578 - INFO - pytato.distributed.verify - find_partition: Split 3430 nodes into 1 parts, with [3430] nodes in each partition.
2024-06-05 23:35:56,273 - INFO - meshmode.array_context - transform_dag.materialize_all_einsums_or_reduces: completed (0.43s wall 1.00x CPU)
failed to infer axis 1 of array of type <class 'pytato.array.Reshape'>.
expr.non_equality_tags=frozenset()
2024-06-05 23:35:58,255 - INFO - meshmode.array_context - transform_dag.infer_axes_tags: completed (1.98s wall 1.00x CPU)
2024-06-05 23:35:58,393 - INFO - meshmode.array_context - Transforming kernel 'frozen_result' with 1 statements.
2024-06-05 23:35:58,404 - INFO - meshmode.array_context - Array Contraction: Contracting 0 temps
2024-06-05 23:35:58,406 - INFO - meshmode.array_context - [_alias_global_temporaries]: Reduced memory requirement of 'frozen_result' from 0.0MB to 0.0MB.
2024-06-05 23:35:58,823 - INFO - pyopencl - build program: kernel 'frozen_result' was part of a lengthy source build resulting from a binary cache miss (0.37 s)
2024-06-05 23:35:58,838 - INFO - meshmode.array_context - Transforming kernel 'frozen_result' with 1 statements.
2024-06-05 23:35:58,868 - INFO - meshmode.array_context - Array Contraction: Contracting 0 temps
_get_iel_to_idofs: str(insn)="_ary_store: _ary[idim_ensm0, idim_ensm0_0, iel_ensm0] <- inv_metric_deriv_vol[((idim_ensm0*5008 + idim_ensm0_0*2504 + iel_ensm0) % 10016) // 5008, ((idim_ensm0*5008 + idim_ensm0_0*2504 + iel_ensm0) % 5008) // 2504, (idim_ensm0*5008 + idim_ensm0_0*2504 + iel_ensm0) % 2504, 0] {tags=EinsumTag(orig_loop_nest=frozenset({'idim_1_0_', 'iel_0_0_', 'idim_0_0_'}))}"
2024-06-05 23:35:59,409 - INFO - pyopencl - build program: kernel 'frozen_result' was part of a lengthy source build resulting from a binary cache miss (0.39 s)
2024-06-05 23:35:59,431 - INFO - meshmode.array_context - Transforming kernel 'frozen_result' with 1 statements.
_get_iel_to_idofs: str(insn)="_ary_store: _ary[idim_ensm0, idim_ensm0_0, iel_ensm0] <- inv_metric_deriv_vol[((idim_ensm0*5008 + idim_ensm0_0*2504 + iel_ensm0) % 10016) // 5008, ((idim_ensm0*5008 + idim_ensm0_0*2504 + iel_ensm0) % 5008) // 2504, (idim_ensm0*5008 + idim_ensm0_0*2504 + iel_ensm0) % 2504, 0] {tags=EinsumTag(orig_loop_nest=frozenset({'idim_1_0_', 'iel_0_0_', 'idim_0_0_'}))}"
2024-06-05 23:35:59,532 - INFO - meshmode.array_context - Transforming kernel 'frozen_result' with 1 statements.
2024-06-05 23:35:59,548 - INFO - meshmode.array_context - Array Contraction: Contracting 0 temps
_get_iel_to_idofs: str(insn)="_ary_store: _ary[iface_ensm0, iel_ensm0] <- _actx_dw[((iface_ensm0*2504 + iel_ensm0) % 7512) // 2504, (iface_ensm0*2504 + iel_ensm0) % 2504, 0] {tags=EinsumTag(orig_loop_nest=frozenset({'iel_0_0_', 'iface_0_0_'}))}"
2024-06-05 23:36:00,021 - INFO - pyopencl - build program: kernel 'frozen_result' was part of a lengthy source build resulting from a binary cache miss (0.38 s)
2024-06-05 23:36:00,280 - INFO - arraycontext.impl.pytato.compile - transform_dag for 'my_rhs_part_0': completed (5.70s wall 1.00x CPU)
2024-06-05 23:36:04,388 - INFO - arraycontext.impl.pytato.compile - generate_loopy for 'my_rhs_part_0': completed (4.11s wall 1.00x CPU)
2024-06-05 23:36:04,389 - INFO - meshmode.array_context - Transforming kernel 'my_rhs_part_0' with 355 statements.
2024-06-05 23:36:16,229 - INFO - loopy.tools - fuse_same_discretization_entity_loops on 'my_rhs_part_0': completed (11.03s wall 1.00x CPU)
2024-06-05 23:36:16,926 - INFO - meshmode.array_context - Loop Fusion: completed (12.52s wall 1.00x CPU)
2024-06-05 23:36:18,511 - INFO - meshmode.array_context - Array Contraction: Contracting 73 temps
2024-06-05 23:36:21,903 - INFO - loopy.tools - contract_arrays on 'my_rhs_part_0': completed (3.40s wall 1.00x CPU)
2024-06-05 23:36:22,308 - INFO - meshmode.array_context - Array Contraction: completed (4.42s wall 1.00x CPU)
2024-06-05 23:36:22,484 - INFO - meshmode.array_context - [_alias_global_temporaries]: Reduced memory requirement of 'my_rhs_part_0' from 16.3MB to 7.5MB.
2024-06-05 23:36:24,249 - INFO - arraycontext.impl.pytato.compile - transform_loopy_program for 'my_rhs_part_0': completed (19.86s wall 1.00x CPU)
2024-06-05 23:36:28,650 - INFO - loopy.preprocess - my_rhs_part_0: preprocess: completed (0.44s wall 1.00x CPU)
2024-06-05 23:36:31,069 - INFO - loopy.tools - preprocess_program on 'my_rhs_part_0': completed (5.88s wall 1.00x CPU)
2024-06-05 23:36:37,284 - INFO - loopy.schedule - my_rhs_part_0: schedule: completed (2.57s wall 1.00x CPU)
2024-06-05 23:36:45,335 - INFO - loopy.codegen - my_rhs_part_0: generate code: completed (4.34s wall 1.00x CPU)
2024-06-05 23:36:53,617 - INFO - pyopencl - build program: kernel 'my_rhs_part_0' was part of a lengthy source build resulting from a binary cache miss (5.91 s)
2024-06-05 23:36:55,043 - INFO - meshmode.array_context - Transforming kernel 'frozen_result' with 1 statements.
2024-06-05 23:36:55,059 - INFO - meshmode.array_context - Array Contraction: Contracting 0 temps
2024-06-05 23:36:55,061 - INFO - meshmode.array_context - [_alias_global_temporaries]: Reduced memory requirement of 'frozen_result' from 0.0MB to 0.0MB.
2024-06-05 23:36:55,496 - INFO - pyopencl - build program: kernel 'frozen_result' was part of a lengthy source build resulting from a binary cache miss (0.37 s)
2024-06-05 23:36:55,513 - INFO - meshmode.array_context - Transforming kernel 'frozen_result' with 1 statements.
2024-06-05 23:36:55,529 - INFO - meshmode.array_context - Array Contraction: Contracting 0 temps
2024-06-05 23:36:55,531 - INFO - meshmode.array_context - [_alias_global_temporaries]: Reduced memory requirement of 'frozen_result' from 0.0MB to 0.0MB.
2024-06-05 23:36:55,963 - INFO - pyopencl - build program: kernel 'frozen_result' was part of a lengthy source build resulting from a binary cache miss (0.37 s)
2024-06-05 23:36:55,989 - INFO - meshmode.array_context - Transforming kernel 'frozen_result' with 1 statements.
2024-06-05 23:36:56,005 - INFO - meshmode.array_context - Array Contraction: Contracting 0 temps
2024-06-05 23:36:56,007 - INFO - meshmode.array_context - [_alias_global_temporaries]: Reduced memory requirement of 'frozen_result' from 0.0MB to 0.0MB.
2024-06-05 23:36:56,441 - INFO - pyopencl - build program: kernel 'frozen_result' was part of a lengthy source build resulting from a binary cache miss (0.37 s)
2024-06-05 23:36:56,458 - INFO - meshmode.array_context - Transforming kernel 'frozen_result' with 1 statements.
2024-06-05 23:36:56,473 - INFO - meshmode.array_context - Array Contraction: Contracting 0 temps
2024-06-05 23:36:56,475 - INFO - meshmode.array_context - [_alias_global_temporaries]: Reduced memory requirement of 'frozen_result' from 0.0MB to 0.0MB.
2024-06-05 23:36:56,910 - INFO - pyopencl - build program: kernel 'frozen_result' was part of a lengthy source build resulting from a binary cache miss (0.37 s)
/p/gpfs1/mtcampbe/CEESD/AutomatedTesting/MIRGE-Timing/timing/emirge/mirgecom/mirgecom/steppers.py:439: UserWarning: Deduced force_eval=True for this timestepper. This can have a nontrivial performance impact. If you know that your timestepper does not require per-step forced evaluation, explicitly set force_eval=False.
  _advance_state_stepper_func(
2024-06-05 23:36:56,984 - INFO - meshmode.array_context - Transforming kernel 'frozen_result' with 4 statements.
2024-06-05 23:36:57,037 - INFO - meshmode.array_context - Array Contraction: Contracting 0 temps
2024-06-05 23:36:57,042 - INFO - meshmode.array_context - [_alias_global_temporaries]: Reduced memory requirement of 'frozen_result' from 0.0MB to 0.0MB.
2024-06-05 23:36:57,630 - INFO - pyopencl - build program: kernel 'frozen_result' was part of a lengthy source build resulting from a binary cache miss (0.38 s)
step = 0, sim time: 0.000000e+00 s, step walltime: 101.458 s
2024-06-05 23:36:57,767 - INFO - meshmode.array_context - Transforming kernel 'frozen_result' with 4 statements.
2024-06-05 23:36:57,820 - INFO - meshmode.array_context - Array Contraction: Contracting 0 temps
2024-06-05 23:36:57,824 - INFO - meshmode.array_context - [_alias_global_temporaries]: Reduced memory requirement of 'frozen_result' from 0.0MB to 0.0MB.
2024-06-05 23:36:58,411 - INFO - pyopencl - build program: kernel 'frozen_result' was part of a lengthy source build resulting from a binary cache miss (0.38 s)
step = 1, sim time: 1.000000e-08 s, step walltime: 0.765121 s
step = 2, sim time: 2.000000e-08 s, step walltime: 0.042788 s
step = 3, sim time: 3.000000e-08 s, step walltime: 0.0330419 s
step = 4, sim time: 4.000000e-08 s, step walltime: 0.033376 s
step = 5, sim time: 5.000000e-08 s, step walltime: 0.0331841 s
step = 6, sim time: 6.000000e-08 s, step walltime: 0.0331926 s
step = 7, sim time: 7.000000e-08 s, step walltime: 0.0331098 s
step = 8, sim time: 8.000000e-08 s, step walltime: 0.0332011 s
step = 9, sim time: 9.000000e-08 s, step walltime: 0.0329513 s
step = 10, sim time: 1.000000e-07 s, step walltime: 0.0332909 s
step = 11, sim time: 1.100000e-07 s, step walltime: 0.0328748 s
step = 12, sim time: 1.200000e-07 s, step walltime: 0.0333442 s
step = 13, sim time: 1.300000e-07 s, step walltime: 0.0329908 s
step = 14, sim time: 1.400000e-07 s, step walltime: 0.0333589 s
step = 15, sim time: 1.500000e-07 s, step walltime: 0.0330967 s
step = 16, sim time: 1.600000e-07 s, step walltime: 0.0332162 s
step = 17, sim time: 1.700000e-07 s, step walltime: 0.0330257 s
step = 18, sim time: 1.800000e-07 s, step walltime: 0.0332932 s
2024-06-05 23:36:59,108 - INFO - meshmode.array_context - Transforming kernel 'frozen_result' with 1 statements.
2024-06-05 23:36:59,125 - INFO - meshmode.array_context - Array Contraction: Contracting 0 temps
2024-06-05 23:36:59,127 - INFO - meshmode.array_context - [_alias_global_temporaries]: Reduced memory requirement of 'frozen_result' from 0.0MB to 0.0MB.
2024-06-05 23:36:59,561 - INFO - pyopencl - build program: kernel 'frozen_result' was part of a lengthy source build resulting from a binary cache miss (0.37 s)
2024-06-05 23:36:59,587 - INFO - meshmode.array_context - Transforming kernel 'frozen_result' with 1 statements.
2024-06-05 23:36:59,602 - INFO - meshmode.array_context - Array Contraction: Contracting 0 temps
2024-06-05 23:36:59,605 - INFO - meshmode.array_context - [_alias_global_temporaries]: Reduced memory requirement of 'frozen_result' from 0.0MB to 0.0MB.
2024-06-05 23:37:00,038 - INFO - pyopencl - build program: kernel 'frozen_result' was part of a lengthy source build resulting from a binary cache miss (0.37 s)
2024-06-05 23:37:00,112 - INFO - meshmode.array_context - Transforming kernel 'frozen_result' with 4 statements.
2024-06-05 23:37:00,164 - INFO - meshmode.array_context - Array Contraction: Contracting 0 temps
2024-06-05 23:37:00,169 - INFO - meshmode.array_context - [_alias_global_temporaries]: Reduced memory requirement of 'frozen_result' from 0.0MB to 0.0MB.
2024-06-05 23:37:00,754 - INFO - pyopencl - build program: kernel 'frozen_result' was part of a lengthy source build resulting from a binary cache miss (0.38 s)
step = 19, sim time: 1.900000e-07 s, step walltime: 1.69117 s
2024-06-05 23:37:00,802 - INFO - pytato.distributed.verify - find_partition: Split 22 nodes into 1 parts, with [22] nodes in each partition.
2024-06-05 23:37:00,857 - INFO - meshmode.array_context - Transforming kernel 'get_fluid_state_part_0' with 15 statements.
2024-06-05 23:37:01,000 - INFO - meshmode.array_context - Array Contraction: Contracting 1 temps
2024-06-05 23:37:01,025 - INFO - meshmode.array_context - [_alias_global_temporaries]: Reduced memory requirement of 'get_fluid_state_part_0' from 0.1MB to 0.1MB.
2024-06-05 23:37:01,880 - INFO - pyopencl - build program: kernel 'get_fluid_state_part_0' was part of a lengthy source build resulting from a binary cache miss (0.39 s)
Checkpointing final state ...
2024-06-05 23:37:01,958 - INFO - meshmode.array_context - Transforming kernel 'frozen_result' with 4 statements.
2024-06-05 23:37:02,009 - INFO - meshmode.array_context - Array Contraction: Contracting 3 temps
2024-06-05 23:37:02,045 - INFO - meshmode.array_context - [_alias_global_temporaries]: Reduced memory requirement of 'frozen_result' from 0.2MB to 0.2MB.
2024-06-05 23:37:02,568 - INFO - pyopencl - build program: kernel 'frozen_result' was part of a lengthy source build resulting from a binary cache miss (0.39 s)
-------- dt = 0.000e+00, cfl = 0.0228
-------- P (min, max) (Pa) = (1.284504623e+03, 2.753939220e+05)
-------- T (min, max) (K)  = (269.955, 2214.65)

2024-06-05 23:37:02,623 - INFO - meshmode.array_context - Transforming kernel 'frozen_result' with 3 statements.
2024-06-05 23:37:02,652 - INFO - meshmode.array_context - Array Contraction: Contracting 0 temps
2024-06-05 23:37:02,656 - INFO - meshmode.array_context - [_alias_global_temporaries]: Reduced memory requirement of 'frozen_result' from 0.1MB to 0.1MB.
2024-06-05 23:37:03,216 - INFO - pyopencl - build program: kernel 'frozen_result' was part of a lengthy source build resulting from a binary cache miss (0.40 s)
2024-06-05 23:37:03,238 - INFO - meshmode.array_context - Transforming kernel 'frozen_result' with 1 statements.
2024-06-05 23:37:03,245 - INFO - meshmode.array_context - Array Contraction: Contracting 0 temps
2024-06-05 23:37:03,248 - INFO - meshmode.array_context - [_alias_global_temporaries]: Reduced memory requirement of 'frozen_result' from 0.0MB to 0.0MB.
2024-06-05 23:37:03,689 - INFO - pyopencl - build program: kernel 'frozen_result' was part of a lengthy source build resulting from a binary cache miss (0.38 s)
2024-06-05 23:37:03,721 - INFO - meshmode.array_context - Transforming kernel 'frozen_result' with 3 statements.
2024-06-05 23:37:03,750 - INFO - meshmode.array_context - Array Contraction: Contracting 0 temps
2024-06-05 23:37:03,754 - INFO - meshmode.array_context - [_alias_global_temporaries]: Reduced memory requirement of 'frozen_result' from 0.1MB to 0.1MB.
2024-06-05 23:37:04,309 - INFO - pyopencl - build program: kernel 'frozen_result' was part of a lengthy source build resulting from a binary cache miss (0.39 s)
failed to infer axis 1 of array of type <class 'pytato.array.Reshape'>.
expr.non_equality_tags=frozenset()
2024-06-05 23:37:04,366 - INFO - meshmode.array_context - Transforming kernel 'frozen_result' with 6 statements.
2024-06-05 23:37:04,458 - INFO - meshmode.array_context - Array Contraction: Contracting 0 temps
2024-06-05 23:37:04,467 - INFO - meshmode.array_context - [_alias_global_temporaries]: Reduced memory requirement of 'frozen_result' from 0.2MB to 0.2MB.
2024-06-05 23:37:05,304 - INFO - pyopencl - build program: kernel 'frozen_result' was part of a lengthy source build resulting from a binary cache miss (0.46 s)
2024-06-05 23:37:05,369 - INFO - meshmode.array_context - Transforming kernel 'frozen_result' with 4 statements.
2024-06-05 23:37:05,414 - INFO - meshmode.array_context - Array Contraction: Contracting 2 temps
2024-06-05 23:37:05,439 - INFO - meshmode.array_context - [_alias_global_temporaries]: Reduced memory requirement of 'frozen_result' from 0.2MB to 0.2MB.
2024-06-05 23:37:06,040 - INFO - pyopencl - build program: kernel 'frozen_result' was part of a lengthy source build resulting from a binary cache miss (0.41 s)
nanobind: leaked 498 instances!
 - leaked instance 0x2002eeabe818 of type "Kernel"
 - leaked instance 0x10a5714d0 of type "Event"
 - leaked instance 0x2002fea87c98 of type "Kernel"
 - leaked instance 0x2002efc34f18 of type "Kernel"
 - leaked instance 0x10a56ea30 of type "PooledSVM"
 - leaked instance 0x10b5805e0 of type "Event"
 - leaked instance 0x10b36c3c0 of type "Event"
 - leaked instance 0x10ae54840 of type "PooledSVM"
 - leaked instance 0x2002fea18ad8 of type "Kernel"
 - leaked instance 0x10b274740 of type "PooledSVM"
 - leaked instance 0x10a0ab310 of type "Event"
 - leaked instance 0x2002ee5f3458 of type "Kernel"
 - leaked instance 0x2002ef740e18 of type "Kernel"
 - leaked instance 0x10a14f790 of type "PooledSVM"
 - leaked instance 0x10a75a440 of type "Event"
 - leaked instance 0x10a4a2320 of type "PooledSVM"
 - leaked instance 0x106f6b010 of type "Event"
 - leaked instance 0x2002eeb62ad8 of type "Kernel"
 - leaked instance 0x10a2c30e0 of type "Event"
 - leaked instance 0x10ae54a60 of type "PooledSVM"
 - leaked instance 0x108ae13a0 of type "Event"
 - leaked instance 0x2002ef4dd5d8 of type "Kernel"
 - leaked instance 0x10be597c0 of type "PooledSVM"
 - leaked instance 0x10adfb510 of type "Event"
 - leaked instance 0x10a485230 of type "Event"
 - leaked instance 0x10a25a690 of type "Event"
 - leaked instance 0x10b28fc20 of type "Event"
 - leaked instance 0x10b2d37c0 of type "Event"
 - leaked instance 0x109cb4aa0 of type "Event"
 - leaked instance 0x10b28c200 of type "Event"
 - leaked instance 0x2002efb87798 of type "Kernel"
 - leaked instance 0x10af18f70 of type "Event"
 - leaked instance 0x10977dce0 of type "Event"
 - leaked instance 0x108a36840 of type "Event"
 - leaked instance 0x1089e6dc0 of type "PooledSVM"
 - leaked instance 0x10b795ce0 of type "PooledSVM"
 - leaked instance 0x10ae57e30 of type "Event"
 - leaked instance 0x2002ff793d58 of type "Kernel"
 - leaked instance 0x2002fed50cd8 of type "Kernel"
 - leaked instance 0x2002ed15e118 of type "Kernel"
 - leaked instance 0x10b209ee0 of type "Event"
 - leaked instance 0x2002fe410218 of type "Kernel"
 - leaked instance 0x109966650 of type "PooledSVM"
 - leaked instance 0x1011e89f0 of type "PooledSVM"
 - leaked instance 0x10bb0f160 of type "Event"
 - leaked instance 0x2002efa91658 of type "Kernel"
 - leaked instance 0x10afa2a50 of type "Event"
 - leaked instance 0x10c817b20 of type "Event"
 - leaked instance 0x10adcedc0 of type "PooledSVM"
 - leaked instance 0x10c7fa980 of type "Event"
 - leaked instance 0x1097b0d50 of type "Event"
 - leaked instance 0x10a3a22a0 of type "Event"
 - leaked instance 0x106f2f3d0 of type "Event"
 - leaked instance 0x10a75a940 of type "Event"
 - leaked instance 0x10a2db440 of type "Event"
 - leaked instance 0x109eebbe0 of type "Event"
 - leaked instance 0x109bd6490 of type "PooledSVM"
 - leaked instance 0x10a174830 of type "PooledSVM"
 - leaked instance 0x106f6ab20 of type "Event"
 - leaked instance 0x2002ee5f31d8 of type "Kernel"
 - leaked instance 0x108b05470 of type "PooledSVM"
 - leaked instance 0x10b2743a0 of type "PooledSVM"
 - leaked instance 0x10a2d2d40 of type "PooledSVM"
 - leaked instance 0x10532d930 of type "Event"
 - leaked instance 0x106fa12a0 of type "Event"
 - leaked instance 0x2002eeaf9e98 of type "Kernel"
 - leaked instance 0x10ad3d150 of type "Event"
 - leaked instance 0x2002efe16518 of type "Kernel"
 - leaked instance 0x2002fe458cd8 of type "Kernel"
 - leaked instance 0x2002fdb2a4d8 of type "Kernel"
 - leaked instance 0x2002ee8f8158 of type "Kernel"
 - leaked instance 0x108ae0e90 of type "Event"
 - leaked instance 0x10a3a4e30 of type "Event"
 - leaked instance 0x10ac4bf20 of type "Event"
 - leaked instance 0x10a12b680 of type "Event"
 - leaked instance 0x2002eed6a158 of type "Kernel"
 - leaked instance 0x2002fdc76658 of type "Kernel"
 - leaked instance 0x108997240 of type "PooledSVM"
 - leaked instance 0x2002ee1be658 of type "Kernel"
 - leaked instance 0x10aeffb90 of type "PooledSVM"
 - leaked instance 0x10ad3d1d0 of type "PooledSVM"
 - leaked instance 0x2002feca14d8 of type "Kernel"
 - leaked instance 0x2002ee914a58 of type "Kernel"
 - leaked instance 0x2002fc8c5e18 of type "Kernel"
 - leaked instance 0x2002efa7ee58 of type "Kernel"
 - leaked instance 0x10ae54c80 of type "Event"
 - leaked instance 0x108adf980 of type "PooledSVM"
 - leaked instance 0x10a12c380 of type "PooledSVM"
 - leaked instance 0x2002ee3ce1d8 of type "Kernel"
 - leaked instance 0x20000cca3a18 of type "SVMAllocator"
 - leaked instance 0x10af6ab50 of type "PooledSVM"
 - leaked instance 0x10a943db0 of type "PooledSVM"
 - leaked instance 0x10a12fed0 of type "Event"
 - leaked instance 0x2002fe45a218 of type "Kernel"
 - leaked instance 0x10ad1b330 of type "Event"
 - leaked instance 0x10af96080 of type "PooledSVM"
 - leaked instance 0x10bb0f650 of type "Event"
 - leaked instance 0x2002feca09d8 of type "Kernel"
 - leaked instance 0x2002fe45b358 of type "Kernel"
 - leaked instance 0x1011c3860 of type "Event"
 - leaked instance 0x2002ef2c8b18 of type "Kernel"
 - leaked instance 0x2002ef977218 of type "Kernel"
 - leaked instance 0x2002ed1ffad8 of type "Kernel"
 - leaked instance 0x108ae0eb0 of type "Event"
 - leaked instance 0x10ad416a0 of type "Event"
 - leaked instance 0x2002eee94518 of type "Kernel"
 - leaked instance 0x2002eee7b118 of type "Kernel"
 - leaked instance 0x10ad92260 of type "Event"
 - leaked instance 0x10ab2a150 of type "Event"
 - leaked instance 0x108a9d540 of type "Event"
 - leaked instance 0x10ad36ad0 of type "Event"
 - leaked instance 0x2002ef4c2798 of type "Kernel"
 - leaked instance 0x10a12b840 of type "Event"
 - leaked instance 0x106f7add0 of type "PooledSVM"
 - leaked instance 0x109b1b9e0 of type "Event"
 - leaked instance 0x2002efbf6a98 of type "Kernel"
 - leaked instance 0x2002eebdcd98 of type "Kernel"
 - leaked instance 0x10adb2f30 of type "PooledSVM"
 - leaked instance 0x10af35950 of type "PooledSVM"
 - leaked instance 0x2002fe459a58 of type "Kernel"
 - leaked instance 0x106f20840 of type "Event"
 - leaked instance 0x2002ff793898 of type "Kernel"
 - leaked instance 0x10bc6adc0 of type "Event"
 - leaked instance 0x10bc62e90 of type "PooledSVM"
 - leaked instance 0x10a529230 of type "PooledSVM"
 - leaked instance 0x10977da30 of type "Event"
 - leaked instance 0x109ecc600 of type "Event"
 - leaked instance 0x10a83e790 of type "PooledSVM"
 - leaked instance 0x10c780e60 of type "Event"
 - leaked instance 0x10aeeabe0 of type "PooledSVM"
 - leaked instance 0x10abc14e0 of type "PooledSVM"
 - leaked instance 0x1099fa150 of type "Event"
 - leaked instance 0x10a49b570 of type "Event"
 - leaked instance 0x10af081f0 of type "Event"
 - leaked instance 0x108ae11e0 of type "Event"
 - leaked instance 0x108a9d800 of type "PooledSVM"
 - leaked instance 0x10a397350 of type "Event"
 - leaked instance 0x10add6900 of type "Event"
 - leaked instance 0x10a49fd80 of type "Event"
 - leaked instance 0x10a43a000 of type "Event"
 - leaked instance 0x10ad4e7b0 of type "Event"
 - leaked instance 0x2002eeabced8 of type "Kernel"
 - leaked instance 0x2002aff1ff98 of type "Kernel"
 - leaked instance 0x10b1d59d0 of type "PooledSVM"
 - leaked instance 0x2002fea80558 of type "Kernel"
 - leaked instance 0x2002efb87c18 of type "Kernel"
 - leaked instance 0x2002ef9cf758 of type "Kernel"
 - leaked instance 0x2002ef3104d8 of type "Kernel"
 - leaked instance 0x10ae5fff0 of type "PooledSVM"
 - leaked instance 0x20003fde61d8 of type "CommandQueue"
 - leaked instance 0x10adfb740 of type "PooledSVM"
 - leaked instance 0x10b3609e0 of type "Event"
 - leaked instance 0x10a640bc0 of type "PooledSVM"
 - leaked instance 0x10ae1fb20 of type "Event"
 - leaked instance 0x2002ff793fd8 of type "Kernel"
 - leaked instance 0x10ad3cdc0 of type "Event"
 - leaked instance 0x2002fe458718 of type "Kernel"
 - leaked instance 0x1044f99a0 of type "Event"
 - leaked instance 0x1032b9b00 of type "Event"
 - leaked instance 0x10450bc90 of type "Event"
 - leaked instance 0x109aa6e00 of type "PooledSVM"
 - leaked instance 0x10a76d530 of type "Event"
 - leaked instance 0x10adc8720 of type "PooledSVM"
 - leaked instance 0x2002efe42a98 of type "Kernel"
 - leaked instance 0x10b25f8e0 of type "PooledSVM"
 - leaked instance 0x109b0dd00 of type "Event"
 - leaked instance 0x10adc8770 of type "Event"
 - leaked instance 0x2002efbd47d8 of type "Kernel"
 - leaked instance 0x10aeb8ba0 of type "PooledSVM"
 - leaked instance 0x2002ef78c6d8 of type "Kernel"
 - leaked instance 0x10bdc7830 of type "Event"
 - leaked instance 0x2002efe7e098 of type "Kernel"
 - leaked instance 0x2002ef78c118 of type "Kernel"
 - leaked instance 0x2002ee394398 of type "Kernel"
 - leaked instance 0x10ad46560 of type "Event"
 - leaked instance 0x10b22b730 of type "Event"
 - leaked instance 0x10ad1dbd0 of type "Event"
 - leaked instance 0x2002efe48fd8 of type "Kernel"
 - leaked instance 0x2002fe97c858 of type "Kernel"
 - leaked instance 0x10ae701f0 of type "Event"
 - leaked instance 0x10a6fe620 of type "PooledSVM"
 - leaked instance 0x10b359670 of type "Event"
 - leaked instance 0x10c7da680 of type "Event"
 - leaked instance 0x10993fe80 of type "PooledSVM"
 - leaked instance 0x2002ff8b9ed8 of type "Kernel"
 - leaked instance 0x108995e00 of type "Event"
 - leaked instance 0x1099d4350 of type "PooledSVM"
 - leaked instance 0x2002febac5d8 of type "Kernel"
 - leaked instance 0x2002efaf4718 of type "Kernel"
 - leaked instance 0x2002ff310658 of type "Kernel"
 - leaked instance 0x2002fe459118 of type "Kernel"
 - leaked instance 0x2002fc21ce98 of type "Kernel"
 - leaked instance 0x2002efd14c18 of type "Kernel"
 - leaked instance 0x2002feca39d8 of type "Kernel"
 - leaked instance 0x104c5b860 of type "Event"
 - leaked instance 0x2002ef3d2c98 of type "Kernel"
 - leaked instance 0x108a1cc00 of type "Event"
 - leaked instance 0x1099672d0 of type "PooledSVM"
 - leaked instance 0x2002ffa7cfd8 of type "Kernel"
 - leaked instance 0x10a2c8d90 of type "PooledSVM"
 - leaked instance 0x10aa2abf0 of type "Event"
 - leaked instance 0x2002ee527798 of type "Kernel"
 - leaked instance 0x10a71f310 of type "Event"
 - leaked instance 0x1028f16e0 of type "Device"
 - leaked instance 0x106fb0c40 of type "Event"
 - leaked instance 0x10a9a8680 of type "PooledSVM"
 - leaked instance 0x10977d9e0 of type "PooledSVM"
 - leaked instance 0x10a2db3f0 of type "PooledSVM"
 - leaked instance 0x2002efbcb518 of type "Kernel"
 - leaked instance 0x10a490560 of type "PooledSVM"
 - leaked instance 0x10b355d40 of type "Event"
 - leaked instance 0x10b804f40 of type "PooledSVM"
 - leaked instance 0x10ae1f6c0 of type "Event"
 - leaked instance 0x10c82bf40 of type "Event"
 - leaked instance 0x10ae8c670 of type "Event"
 - leaked instance 0x10a0ab3d0 of type "Event"
 - leaked instance 0x108a9d3f0 of type "PooledSVM"
 - leaked instance 0x10a4b0f40 of type "PooledSVM"
 - leaked instance 0x10aea17f0 of type "Event"
 - leaked instance 0x10acc39f0 of type "Event"
 - leaked instance 0x10ada3700 of type "Event"
 - leaked instance 0x10a3a3b40 of type "PooledSVM"
 - leaked instance 0x10a56e8b0 of type "Event"
 - leaked instance 0x2002ef2c9818 of type "Kernel"
 - leaked instance 0x10ac79aa0 of type "Event"
 - leaked instance 0x10abbc760 of type "Event"
 - leaked instance 0x10a06e290 of type "Event"
 - leaked instance 0x108ae0bb0 of type "Event"
 - leaked instance 0x2002efc7ca58 of type "Kernel"
 - leaked instance 0x10ad48f50 of type "Event"
 - leaked instance 0x109eb4580 of type "Event"
 - leaked instance 0x10af98b80 of type "Event"
 - leaked instance 0x2002ee3a91d8 of type "Kernel"
 - leaked instance 0x10a99c450 of type "Event"
 - leaked instance 0x109eeba60 of type "Event"
 - leaked instance 0x2002fd0c6e18 of type "Kernel"
 - leaked instance 0x10af946b0 of type "PooledSVM"
 - leaked instance 0x10adcd750 of type "Event"
 - leaked instance 0x106fa1860 of type "Event"
 - leaked instance 0x2002ef26ced8 of type "Kernel"
 - leaked instance 0x2002efd9e298 of type "Kernel"
 - leaked instance 0x10b2a31c0 of type "PooledSVM"
 - leaked instance 0x2000b7dece18 of type "Kernel"
 - leaked instance 0x106fa1740 of type "Event"
 - leaked instance 0x10a535440 of type "Event"
 - leaked instance 0x2002ef539458 of type "Kernel"
 - leaked instance 0x10ae4fbb0 of type "PooledSVM"
 - leaked instance 0x10b2472e0 of type "PooledSVM"
 - leaked instance 0x10aec3e80 of type "Event"
 - leaked instance 0x109f35220 of type "PooledSVM"
 - leaked instance 0x10aec3e20 of type "Event"
 - leaked instance 0x10adf25b0 of type "PooledSVM"
 - leaked instance 0x2002ee7e9358 of type "Kernel"
 - leaked instance 0x10a99c660 of type "PooledSVM"
 - leaked instance 0x108a36860 of type "Event"
 - leaked instance 0x2002eeb8ef18 of type "Kernel"
 - leaked instance 0x10b283020 of type "Event"
 - leaked instance 0x109cc3f90 of type "Event"
 - leaked instance 0x100e1e5e0 of type "Context"
 - leaked instance 0x10ad1d890 of type "Event"
 - leaked instance 0x2002ff09c718 of type "Kernel"
 - leaked instance 0x1042839e0 of type "PooledSVM"
 - leaked instance 0x2002eefaf1d8 of type "Kernel"
 - leaked instance 0x10c7a39f0 of type "PooledSVM"
 - leaked instance 0x10acbba80 of type "Event"
 - leaked instance 0x1089e68b0 of type "PooledSVM"
 - leaked instance 0x109b1bd40 of type "Event"
 - leaked instance 0x10ad3ce10 of type "Event"
 - leaked instance 0x109b1bba0 of type "Event"
 - leaked instance 0x10a68c0b0 of type "Event"
 - leaked instance 0x10b2706f0 of type "PooledSVM"
 - leaked instance 0x108a9d8f0 of type "Event"
 - leaked instance 0x10ad8f2c0 of type "Event"
 - leaked instance 0x10be32460 of type "PooledSVM"
 - leaked instance 0x10a725db0 of type "PooledSVM"
 - leaked instance 0x2002eec1e498 of type "Kernel"
 - leaked instance 0x2002ef49dc98 of type "Kernel"
 - leaked instance 0x10a6931d0 of type "Event"
 - leaked instance 0x10c7851f0 of type "PooledSVM"
 - leaked instance 0x10a546170 of type "Event"
 - leaked instance 0x108ab2cc0 of type "PooledSVM"
 - leaked instance 0x10b1e3110 of type "Event"
 - leaked instance 0x10adedca0 of type "PooledSVM"
 - leaked instance 0x10a5ce3b0 of type "PooledSVM"
 - leaked instance 0x10af722b0 of type "Event"
 - leaked instance 0x10a558ad0 of type "PooledSVM"
 - leaked instance 0x2002ef4d6258 of type "Kernel"
 - leaked instance 0x10aebb230 of type "PooledSVM"
 - leaked instance 0x10293ff80 of type "Event"
 - leaked instance 0x10a0d1310 of type "Event"
 - leaked instance 0x108995c20 of type "Event"
 - leaked instance 0x10aef94b0 of type "PooledSVM"
 - leaked instance 0x2002fcf6f6d8 of type "Kernel"
 - leaked instance 0x10abe5df0 of type "Event"
 - leaked instance 0x10ad88a30 of type "Event"
 - leaked instance 0x10a9a27a0 of type "Event"
 - leaked instance 0x10adef000 of type "PooledSVM"
 - leaked instance 0x2002eefae758 of type "Kernel"
 - leaked instance 0x106f20620 of type "Event"
 - leaked instance 0x10a53ece0 of type "PooledSVM"
 - leaked instance 0x10a5d56b0 of type "Event"
 - leaked instance 0x10b328490 of type "PooledSVM"
 - leaked instance 0x108ae0d30 of type "Event"
 - leaked instance 0x106f458d0 of type "Event"
 - leaked instance 0x2002ef25e918 of type "Kernel"
 - leaked instance 0x109b89b80 of type "Event"
 - leaked instance 0x2002fe5abd18 of type "Kernel"
 - leaked instance 0x2002ef881718 of type "Kernel"
 - leaked instance 0x2002fde91658 of type "Kernel"
 - leaked instance 0x2002eeb8fd98 of type "Kernel"
 - leaked instance 0x2002ee817a98 of type "Kernel"
 - leaked instance 0x10b1ebeb0 of type "Event"
 - leaked instance 0x10adc8b40 of type "Event"
 - leaked instance 0x2002ff7916d8 of type "Kernel"
 - leaked instance 0x2002ee4b4f18 of type "Kernel"
 - leaked instance 0x10b2643b0 of type "PooledSVM"
 - leaked instance 0x2002ef78dd98 of type "Kernel"
 - leaked instance 0x10acc67f0 of type "PooledSVM"
 - leaked instance 0x103f49f10 of type "Event"
 - leaked instance 0x2002ef79fc18 of type "Kernel"
 - leaked instance 0x2002ef7b21d8 of type "Kernel"
 - leaked instance 0x108a1f780 of type "Event"
 - leaked instance 0x10a75a540 of type "PooledSVM"
 - leaked instance 0x10a4a8ce0 of type "Event"
 - leaked instance 0x109aa6e50 of type "Event"
 - leaked instance 0x10a943e00 of type "Event"
 - leaked instance 0x108ae1020 of type "Event"
 - leaked instance 0x10a529280 of type "Event"
 - leaked instance 0x10ad2c1a0 of type "Event"
 - leaked instance 0x2002efc65b18 of type "Kernel"
 - leaked instance 0x10437a4b0 of type "Event"
 - leaked instance 0x10a4e6d80 of type "Event"
 - leaked instance 0x10ade5700 of type "PooledSVM"
 - leaked instance 0x10ae65820 of type "PooledSVM"
 - leaked instance 0x108995e60 of type "PooledSVM"
 - leaked instance 0x10b1ebe60 of type "PooledSVM"
 - leaked instance 0x10a38f650 of type "Event"
 - leaked instance 0x106f2f2e0 of type "Event"
 - leaked instance 0x10ae55be0 of type "PooledSVM"
 - leaked instance 0x10ae57fb0 of type "Event"
 - leaked instance 0x2002ee5f2618 of type "Kernel"
 - leaked instance 0x1045a20f0 of type "PooledSVM"
 - leaked instance 0x2002fea82358 of type "Kernel"
 - leaked instance 0x109b38a70 of type "Event"
 - leaked instance 0x10ad1db60 of type "PooledSVM"
 - leaked instance 0x10b3685e0 of type "Event"
 - leaked instance 0x2002feca3b58 of type "Kernel"
 - leaked instance 0x10a4f1400 of type "PooledSVM"
 - leaked instance 0x10ad725b0 of type "PooledSVM"
 - leaked instance 0x2002eed35518 of type "Kernel"
 - leaked instance 0x2002ee46a618 of type "Kernel"
 - leaked instance 0x10a68c100 of type "Event"
 - leaked instance 0x2002eeb61818 of type "Kernel"
 - leaked instance 0x10b270170 of type "Event"
 - leaked instance 0x10a14fb60 of type "PooledSVM"
 - leaked instance 0x10a14f7e0 of type "Event"
 - leaked instance 0x10bae5bf0 of type "Event"
 - leaked instance 0x10a53a890 of type "Event"
 - leaked instance 0x2002eecdd5d8 of type "Kernel"
 - leaked instance 0x2002ef8a6cd8 of type "Kernel"
 - leaked instance 0x1099682a0 of type "PooledSVM"
 - leaked instance 0x10af74840 of type "Event"
 - leaked instance 0x10b24aa20 of type "PooledSVM"
 - leaked instance 0x109f5c550 of type "PooledSVM"
 - leaked instance 0x108a3ec30 of type "PooledSVM"
 - leaked instance 0x108abf940 of type "PooledSVM"
 - leaked instance 0x2002ef78c518 of type "Kernel"
 - leaked instance 0x2002ee84f418 of type "Kernel"
 - leaked instance 0x2002ef92b118 of type "Kernel"
 - leaked instance 0x20000d41d318 of type "Context"
 - leaked instance 0x2002ef4a8fd8 of type "Kernel"
 - leaked instance 0x10aa2a950 of type "PooledSVM"
 - leaked instance 0x1089aa760 of type "PooledSVM"
 - leaked instance 0x2002ece65458 of type "Kernel"
 - leaked instance 0x10aebe7b0 of type "PooledSVM"
 - leaked instance 0x2002efe41698 of type "Kernel"
 - leaked instance 0x109be9a30 of type "PooledSVM"
 - leaked instance 0x10a673790 of type "Event"
 - leaked instance 0x10af723b0 of type "Event"
 - leaked instance 0x10af71550 of type "PooledSVM"
 - leaked instance 0x10ae923f0 of type "Event"
 - leaked instance 0x10b368590 of type "PooledSVM"
 - leaked instance 0x2002ef558d58 of type "Kernel"
 - leaked instance 0x2002ee8cc058 of type "Kernel"
 - leaked instance 0x10a124c30 of type "PooledSVM"
 - leaked instance 0x10b805560 of type "PooledSVM"
 - leaked instance 0x10b268e00 of type "Event"
 - leaked instance 0x10bb0f110 of type "PooledSVM"
 - leaked instance 0x2002efc9ea98 of type "Kernel"
 - leaked instance 0x10a8319b0 of type "Event"
 - leaked instance 0x109b46280 of type "PooledSVM"
 - leaked instance 0x10b273090 of type "Event"
 - leaked instance 0x108ae41e0 of type "PooledSVM"
 - leaked instance 0x10b293c20 of type "Event"
 - leaked instance 0x10ae6f440 of type "Event"
 - leaked instance 0x10adc7020 of type "PooledSVM"
 - leaked instance 0x10ad2b7c0 of type "Event"
 - leaked instance 0x2002feb8b718 of type "Kernel"
 - leaked instance 0x2002eeb8f858 of type "Kernel"
 - leaked instance 0x109b1baa0 of type "Event"
 - leaked instance 0x10b32f990 of type "PooledSVM"
 - leaked instance 0x10be24ce0 of type "Event"
 - leaked instance 0x10a5d72f0 of type "PooledSVM"
 - leaked instance 0x10b30e6d0 of type "Event"
 - leaked instance 0x10a0aaea0 of type "Event"
 - leaked instance 0x10ae54f20 of type "PooledSVM"
 - leaked instance 0x10a3a21e0 of type "Event"
 - leaked instance 0x2002ef2eead8 of type "Kernel"
 - leaked instance 0x10c8198b0 of type "PooledSVM"
 - leaked instance 0x2002eef5bf58 of type "Kernel"
 - leaked instance 0x10100c430 of type "Event"
 - leaked instance 0x2002efa8a818 of type "Kernel"
 - leaked instance 0x2002ff60c158 of type "Kernel"
 - leaked instance 0x10a06c9b0 of type "PooledSVM"
 - leaked instance 0x2002fe188c58 of type "Kernel"
 - leaked instance 0x10bae2680 of type "Event"
 - leaked instance 0x10c4a29c0 of type "PooledSVM"
 - leaked instance 0x2002ef1fcdd8 of type "Kernel"
 - leaked instance 0x10ad3d100 of type "PooledSVM"
 - leaked instance 0x10a52d1a0 of type "PooledSVM"
 - leaked instance 0x2002eeabd8d8 of type "Kernel"
 - leaked instance 0x10ae5e1b0 of type "Event"
 - leaked instance 0x2002ef878718 of type "Kernel"
 - leaked instance 0x10bb2ad10 of type "PooledSVM"
 - leaked instance 0x10aaa4830 of type "Event"
 - leaked instance 0x1089d7890 of type "Event"
 - leaked instance 0x10ae7dd40 of type "PooledSVM"
 - leaked instance 0x10b1e9380 of type "Event"
 - leaked instance 0x2002eefc4098 of type "Kernel"
 - leaked instance 0x10adf73f0 of type "Event"
 - leaked instance 0x108ad9970 of type "Event"
 - leaked instance 0x10af79dc0 of type "Event"
 - leaked instance 0x10b1e9290 of type "PooledSVM"
 - leaked instance 0x10a4f0e10 of type "PooledSVM"
 - leaked instance 0x2002efd16a98 of type "Kernel"
 - leaked instance 0x2002eea87198 of type "Kernel"
 - leaked instance 0x10b353710 of type "Event"
 - leaked instance 0x10af98630 of type "PooledSVM"
 - leaked instance 0x10accbd20 of type "PooledSVM"
 - leaked instance 0x10ae65b70 of type "Event"
 - leaked instance 0x2002eec1c918 of type "Kernel"
 - leaked instance 0x10a83e510 of type "Event"
 - leaked instance 0x10b1e9500 of type "Event"
 - leaked instance 0x10b333470 of type "PooledSVM"
 - leaked instance 0x10a987e20 of type "PooledSVM"
 - leaked instance 0x10ad3cf50 of type "PooledSVM"
 - leaked instance 0x2002efd5e3d8 of type "Kernel"
 - leaked instance 0x2002ee28b618 of type "Kernel"
 - leaked instance 0x1089f0be0 of type "Event"
 - leaked instance 0x2002ef4a9e98 of type "Kernel"
 - leaked instance 0x1089bd770 of type "PooledSVM"
 - leaked instance 0x10bb3a480 of type "PooledSVM"
 - leaked instance 0x102cfebf0 of type "Platform"
 - leaked instance 0x20003fdb9908 of type "SVMPool"
 - leaked instance 0x10a439fb0 of type "PooledSVM"
 - leaked instance 0x10a5b6690 of type "Event"
 - leaked instance 0x10a4a2e10 of type "Event"
 - leaked instance 0x10a0ab2c0 of type "PooledSVM"
 - leaked instance 0x10aebf970 of type "PooledSVM"
 - leaked instance 0x10adeefe0 of type "Event"
 - leaked instance 0x2002eef43b58 of type "Kernel"
 - leaked instance 0x2002ee6b84d8 of type "Kernel"
 - leaked instance 0x10bead800 of type "Event"
 - leaked instance 0x10b268fe0 of type "Event"
 - leaked instance 0x2002fcff0798 of type "Kernel"
 - leaked instance 0x1089e1450 of type "Event"
 - leaked instance 0x10a678c50 of type "PooledSVM"
 - leaked instance 0x10ae5f370 of type "PooledSVM"
 - leaked instance 0x2002efa51358 of type "Kernel"
 - leaked instance 0x10acc0950 of type "PooledSVM"
 - leaked instance 0x10a5b6640 of type "PooledSVM"
 - leaked instance 0x10adc8aa0 of type "Event"
 - leaked instance 0x104d32170 of type "PooledSVM"
 - leaked instance 0x2002feca2c18 of type "Kernel"
 - leaked instance 0x2002ff793618 of type "Kernel"
 - leaked instance 0x10a71f810 of type "PooledSVM"
 - leaked instance 0x2002ee22d1d8 of type "Kernel"
 - leaked instance 0x10adc84e0 of type "Event"
 - leaked instance 0x10af98ac0 of type "PooledSVM"
 - leaked instance 0x10b291910 of type "PooledSVM"
 - leaked instance 0x1089e50d0 of type "Event"
 - leaked instance 0x2002ee7e6a98 of type "Kernel"
 - leaked instance 0x10a2d5950 of type "Event"
 - leaked instance 0x2002efd5c358 of type "Kernel"
 - leaked instance 0x10af2c5f0 of type "Event"
 - leaked instance 0x2002ee5200d8 of type "Kernel"
 - leaked instance 0x10af47a50 of type "PooledSVM"
 - leaked instance 0x10a4f0e60 of type "Event"
 - leaked instance 0x10a953ce0 of type "PooledSVM"
 - leaked instance 0x10abf9720 of type "PooledSVM"
 - leaked instance 0x10438ba10 of type "PooledSVM"
 - leaked instance 0x10af0a000 of type "Event"
 - leaked instance 0x2002efb63ad8 of type "Kernel"
 - leaked instance 0x2002feb996d8 of type "Kernel"
 - leaked instance 0x10aed27f0 of type "PooledSVM"
 - leaked instance 0x2002ef329298 of type "Kernel"
 - leaked instance 0x109eebc00 of type "Event"
 - leaked instance 0x108a9dc00 of type "PooledSVM"
nanobind: leaked 16 types!
 - leaked type "pyopencl._cl.Device"
 - leaked type "pyopencl._cl.status_code"
 - leaked type "pyopencl._cl.SVMAllocator"
 - leaked type "pyopencl._cl.SVMPointer"
 - leaked type "pyopencl._cl.CommandQueue"
 - leaked type "pyopencl._cl.AllocatorBase"
 - leaked type "pyopencl._cl.Event"
 - leaked type "pyopencl._cl.Buffer"
 - leaked type "pyopencl._cl.Kernel"
 - leaked type "pyopencl._cl.SVMPool"
 - leaked type "pyopencl._cl.PooledSVM"
 - ... skipped remainder
nanobind: leaked 102 functions!
 - leaked function "__eq__"
 - leaked function ""
 - leaked function "release"
 - leaked function "bin_number"
 - leaked function "wait"
 - leaked function "__call__"
 - leaked function "set_default_device_command_queue"
 - leaked function "enqueue_release"
 - leaked function ""
 - leaked function "flush"
 - leaked function "get_sub_group_info"
 - ... skipped remainder
nanobind: this is likely caused by a reference counting issue in the binding code.

------------------------------------------------------------
Sender: LSF System <lsfadmin@lassen710>
Subject: Job 5940519: <isolator_timing_job.sh> in cluster <lassen> Done

Job <isolator_timing_job.sh> was submitted from host <lassen708> by user <mtcampbe> in cluster <lassen> at Wed Jun  5 23:33:54 2024
Job was executed on host(s) <1*lassen710>, in queue <pbatch>, as user <mtcampbe> in cluster <lassen> at Wed Jun  5 23:33:55 2024
                            <40*lassen409>
</g/g17/mtcampbe> was used as the home directory.
</p/gpfs1/mtcampbe/CEESD/AutomatedTesting/MIRGE-Timing/timing/emirge/mirgecom/y2-isolator/timing_run> was used as the working directory.
Started at Wed Jun  5 23:33:55 2024
Terminated at Wed Jun  5 23:38:08 2024
Results reported at Wed Jun  5 23:38:08 2024

Your job looked like:

------------------------------------------------------------
# LSBATCH: User input
#!/bin/bash

#BSUB -nnodes 1
#BSUB -G uiuc
#BSUB -W 60
#BSUB -q pbatch

printf "Running with EMIRGE_HOME=/p/gpfs1/mtcampbe/CEESD/AutomatedTesting/MIRGE-Timing/timing/emirge\n"

source "/p/gpfs1/mtcampbe/CEESD/AutomatedTesting/MIRGE-Timing/timing/emirge/config/activate_env.sh"
export PYOPENCL_CTX="port:tesla"
export XDG_CACHE_HOME="/tmp/mtcampbe/xdg-scratch"
rm -rf $XDG_CACHE_HOME
rm -f timing-run-done
which python
conda env list
env
env | grep LSB_MCPU_HOSTS

jsrun -g 1 -a 1 -n 1 python -O -u -m mpi4py ./isolator.py -i timing_params.yaml --lazy --log
touch timing-run-done


------------------------------------------------------------

Successfully completed.

Resource usage summary:

    CPU time :                                   0.32 sec.
    Max Memory :                                 59 MB
    Average Memory :                             57.27 MB
    Total Requested Memory :                     -
    Delta Memory :                               -
    Max Swap :                                   1251 MB
    Max Processes :                              4
    Max Threads :                                27
    Run time :                                   253 sec.
    Turnaround time :                            254 sec.

The output (if any) is above this job summary.

