Customizing shell for Lassen.
Running with EMIRGE_HOME=/p/gpfs1/mtcampbe/CEESD/AutomatedTesting/MIRGE-Timing/timing/emirge
Activating 'nozzle.lazy.timing.env' environment for '/p/gpfs1/mtcampbe/CEESD/AutomatedTesting/MIRGE-Timing/timing/emirge/miniforge3/bin/conda'.
/p/gpfs1/mtcampbe/CEESD/AutomatedTesting/MIRGE-Timing/timing/emirge/miniforge3/envs/nozzle.lazy.timing.env/bin/python
# conda environments:
#
                         /p/gpfs1/mtcampbe/CEESD/AutomatedTesting/MIRGE-Timing/testing/emirge/miniforge3/envs/ceesd.testing.env
base                     /p/gpfs1/mtcampbe/CEESD/AutomatedTesting/MIRGE-Timing/timing/emirge/miniforge3
nozzle.lazy.timing.env  *  /p/gpfs1/mtcampbe/CEESD/AutomatedTesting/MIRGE-Timing/timing/emirge/miniforge3/envs/nozzle.lazy.timing.env
                         /p/gpfs1/mtcampbe/CEESD/Experimental/svm/debug/emirge/miniforge3/envs/x.svm.debug
                         /p/gpfs1/mtcampbe/CEESD/Experimental/svm/production/miniforge3/envs/x.production
                         /p/gpfs1/mtcampbe/CEESD/Experimental/svm/production2/miniforge3
                         /p/gpfs1/mtcampbe/CEESD/Experimental/svm/production2/miniforge3/envs/x.svm.production2
                         /p/gpfs1/mtcampbe/CEESD/Experimental/svm/production3/miniforge3/envs/x.production3
                         /p/gpfs1/mtcampbe/CEESD/Experimental/svm/production4/miniforge3/envs/x.prod4
                         /usr/workspace/wsa/xpacc/Users/mtcampbe/CEESD/Quartz/Install/conda
                         /usr/workspace/wsa/xpacc/Users/mtcampbe/CEESD/Quartz/Install/conda/envs/abate.mtc_euler.env
                         /usr/workspace/wsa/xpacc/Users/mtcampbe/CEESD/Quartz/Install/conda/envs/ceesd.master
                         /usr/workspace/wsa/xpacc/Users/mtcampbe/CEESD/Quartz/Install/conda/envs/chem.master
                         /usr/workspace/wsa/xpacc/Users/mtcampbe/CEESD/Quartz/Install/conda/envs/dgfem
                         /usr/workspace/wsa/xpacc/Users/mtcampbe/CEESD/Quartz/Install/conda/envs/mc.master

LMOD_FAMILY_COMPILER_VERSION=8.3.1
LLNL_IPISOLATE=0
MANPATH=/usr/tce/packages/spectrum-mpi/ibm/spectrum-mpi-rolling-release/share/man:/usr/tce/packages/gcc/gcc-8.3.1/man:/opt/ibm/spectrumcomputing/lsf/10.1.0.10/man:/usr/man:/usr/share/man:/usr/local/man:/usr/X11R6/man:/usr/lib64/mvapich/default/man:/opt/ibm/spectrum_mpi/jsm_pmix/share/man
LSB_EXEC_CLUSTER=lassen
OMPI_COMM_WORLD_RANK=0
LMOD_FAMILY_CUDA=cuda
LMOD_ANCIENT_TIME=3600
GUESTFISH_INIT=\e[1;34m
_ModuleTable003_=LAp1c2VyTmFtZSA9ICJnY2MvOC4zLjEiLAp3ViA9ICIwMDAwMDAwMDguMDAwMDAwMDAzLjAwMDAwMDAwMS4qemZpbmFsIiwKfSwKbGFsbG9jID0gewpmbiA9ICIvdXNyL3RjZXRtcC9tb2R1bGVmaWxlcy9Db3JlL2xhbGxvYy8yLjAubHVhIiwKZnVsbE5hbWUgPSAibGFsbG9jLzIuMCIsCmxvYWRPcmRlciA9IDMsCnByb3BUID0ge30sCnN0YWNrRGVwdGggPSAwLApzdGF0dXMgPSAiYWN0aXZlIiwKdXNlck5hbWUgPSAibGFsbG9jLzIuMCIsCndWID0gIl4wMDAwMDAwMi4qemZpbmFsIiwKfSwKWyJzcGVjdHJ1bS1tcGkiXSA9IHsKZm4gPSAiL3Vzci90Y2UvbW9kdWxlZmlsZXMvQ29tcGlsZXIvZ2NjLzguMy4xL3NwZWN0cnVtLW1waS9yb2xsaW5nLXJlbGVhc2UubHVhIiwKZnVs
HOSTNAME=lassen254
PROJ_DATA=/p/gpfs1/mtcampbe/CEESD/AutomatedTesting/MIRGE-Timing/timing/emirge/miniforge3/envs/nozzle.lazy.timing.env/share/proj
LSB_EFFECTIVE_RSRCREQ=1*{select[(LN) && (type == any)] order[r15s:pg] span[hosts=1]}+40*{select[(CN) && (type == any)] order[r15s:pg] span[ptile=40]}
LSB_DOCKER_JOB_STARTTS=1670334458
BBHASH=c903000a7ea5f4815ba85a11033610af
JSM_TMPDIR=/var/tmp
MIRGE_TIMING_HOME=/p/gpfs1/mtcampbe/CEESD/AutomatedTesting/MIRGE-Timing/timing
LSF_LOGDIR=/opt/ibm/spectrumcomputing/lsf/log
LSF_LIM_API_NTRIES=1
LSB_BATCH_JID=4248562
__LMOD_REF_COUNT_MODULEPATH=/usr/tce/modulefiles/MPI/gcc/8.3.1/spectrum-mpi/rolling-release:1;/usr/tce/modulefiles/Compiler/gcc/8.3.1:1;/usr/tcetmp/modulefiles/Core:1;/usr/apps/modulefiles:1;/usr/share/modulefiles/Linux:1;/usr/share/modulefiles/Core:1;/usr/share/lmod/lmod/modulefiles/Core:1;/collab/usr/global/tools/modulefiles/blueos_3_ppc64le_ib_p9/Core:1
MAILTO=mtcampbe@illinois.edu,andreask@illinois.edu
SHELL=/bin/bash
LMOD_ROOT=/usr/share/lmod
HISTSIZE=1000
WISECONFIGDIR=/usr/share/wise2/
LMOD_SYSTEM_DEFAULT_MODULES=StdEnv
TMPDIR=/var/tmp
MODULEPATH_ROOT=/usr/share/modulefiles
SSH_CLIENT=192.168.66.202 39054 22
LS_EXECCWD=/p/gpfs1/mtcampbe/CEESD/AutomatedTesting/MIRGE-Timing/timing/emirge/mirgecom/y2-isolator/timing_run
LSB_TRAPSIGS=trap # 15 10 12 2 1
CONDA_SHLVL=1
LMOD_FAMILY_CUDA_VERSION=10.1.243
LS_JOBPID=90033
CONDA_PROMPT_MODIFIER=
LSB_MAX_NUM_PROCESSORS=41
LSB_JOBRES_CALLBACK=43701@lassen710
LMOD_PKG=/usr/share/lmod/lmod
LSB_JOB_EXECUSER=mtcampbe
LSB_JOBID=4248562
QTDIR=/usr/lib64/qt-3.3
LSF_SERVERDIR=/opt/ibm/spectrumcomputing/lsf/10.1.0.10/linux3.10-glibc2.17-ppc64le-csm/etc
LSB_JOBRES_PID=90033
LMOD_VERSION=8.6.16
LMOD_SHORT_TIME=60
QTINC=/usr/lib64/qt-3.3/include
LSB_JOBNAME=isolator_timing_job.sh
LLNL_COMPUTE_NODES=lassen254
LLNL_ATSDISABLE=0
BSUB_BLOCK_EXEC_HOST=
QT_GRAPHICSSYSTEM_CHECKED=1
LSF_LIBDIR=/opt/ibm/spectrumcomputing/lsf/10.1.0.10/linux3.10-glibc2.17-ppc64le-csm/lib
LSB_PROJECT_NAME=default
OPAL_PREFIX=/usr/tce/packages/spectrum-mpi/ibm/spectrum-mpi-rolling-release
CUDA_HOME=/usr/tce/packages/cuda/cuda-10.1.243
USER=mtcampbe
PYOPENCL_CTX=port:tesla
LMOD_sys=Linux
LD_LIBRARY_PATH=/opt/ibm/spectrumcomputing/lsf/10.1.0.10/linux3.10-glibc2.17-ppc64le-csm/lib:/usr/tce/packages/cuda/cuda-10.1.243/lib64
SBD_KRB5CCNAME_VAL=
LSB_EEXEC_REAL_UID=
CONDA_EXE=/p/gpfs1/mtcampbe/CEESD/AutomatedTesting/MIRGE-Timing/timing/emirge/miniforge3/bin/conda
CEESD=/usr/workspace/wsa/xpacc/Users/mtcampbe/CEESD/Lassen
PFTP_CONFIG_FILENAME=/etc/pftp_config
ENV=/g/g17/mtcampbe/.bashrc
HOST_GRP=linux
_ModuleTable004_=bE5hbWUgPSAic3BlY3RydW0tbXBpL3JvbGxpbmctcmVsZWFzZSIsCmxvYWRPcmRlciA9IDUsCnByb3BUID0ge30sCnN0YWNrRGVwdGggPSAwLApzdGF0dXMgPSAiYWN0aXZlIiwKdXNlck5hbWUgPSAic3BlY3RydW0tbXBpL3JvbGxpbmctcmVsZWFzZSIsCndWID0gIl5yb2xsaW5nLipyZWxlYXNlLip6ZmluYWwiLAp9LAp9LAptcGF0aEEgPSB7CiIvdXNyL3RjZS9tb2R1bGVmaWxlcy9NUEkvZ2NjLzguMy4xL3NwZWN0cnVtLW1waS9yb2xsaW5nLXJlbGVhc2UiCiwgIi91c3IvdGNlL21vZHVsZWZpbGVzL0NvbXBpbGVyL2djYy84LjMuMSIsICIvdXNyL3RjZXRtcC9tb2R1bGVmaWxlcy9Db3JlIgosICIvdXNyL2FwcHMvbW9kdWxlZmlsZXMiLCAiL3Vzci9zaGFyZS9tb2R1bGVm
HOSTTYPE=LINUXPPC64LE
LSF_INVOKE_CMD=bsub
CUDA_CACHE_DISABLE=1
LS_EXEC_T=START
LMOD_FAMILY_LALLOC=lalloc
LS_SUBCWD=/p/gpfs1/mtcampbe/CEESD/AutomatedTesting/MIRGE-Timing/timing/emirge/mirgecom/y2-isolator/timing_run
LSB_SUB_RES_REQ=1*{select[LN]span[hosts=1]} + 40*{select[CN]span[ptile=40]}
LSB_HOSTS=lassen710 lassen254 lassen254 lassen254 lassen254 lassen254 lassen254 lassen254 lassen254 lassen254 lassen254 lassen254 lassen254 lassen254 lassen254 lassen254 lassen254 lassen254 lassen254 lassen254 lassen254 lassen254 lassen254 lassen254 lassen254 lassen254 lassen254 lassen254 lassen254 lassen254 lassen254 lassen254 lassen254 lassen254 lassen254 lassen254 lassen254 lassen254 lassen254 lassen254 lassen254
LMOD_PREPEND_BLOCK=normal
LMOD_FAMILY_MPI_VERSION=rolling-release
GUESTFISH_PS1=\[\e[1;32m\]><fs>\[\e[0;31m\] 
_CE_CONDA=
LSB_UNIXGROUP_INT=mtcampbe
LSB_JOBFILENAME=/g/g17/mtcampbe/.lsbatch/1670334456.4248562
LSB_JOBINDEX=0
_ModuleTable001_=X01vZHVsZVRhYmxlXyA9IHsKTVR2ZXJzaW9uID0gMywKY19yZWJ1aWxkVGltZSA9IGZhbHNlLApjX3Nob3J0VGltZSA9IGZhbHNlLApkZXB0aFQgPSB7fSwKZmFtaWx5ID0gewpjb21waWxlciA9ICJnY2MiLApjdWRhID0gImN1ZGEiLApsYWxsb2MgPSAibGFsbG9jIiwKbXBpID0gInNwZWN0cnVtLW1waSIsCn0sCm1UID0gewpTdGRFbnYgPSB7CmZuID0gIi91c3IvdGNldG1wL21vZHVsZWZpbGVzL0NvcmUvU3RkRW52Lmx1YSIsCmZ1bGxOYW1lID0gIlN0ZEVudiIsCmxvYWRPcmRlciA9IDIsCnByb3BUID0gewpsbW9kID0gewpzdGlja3kgPSAxLAp9LAp9LApzdGFja0RlcHRoID0gMCwKc3RhdHVzID0gImFjdGl2ZSIsCnVzZXJOYW1lID0gIlN0ZEVudiIsCndWID0gIk0uKnpm
PATH=/usr/tce/packages/spectrum-mpi/spectrum-mpi-rolling-release-gcc-8.3.1/bin:/usr/tce/packages/gcc/gcc-8.3.1/bin:/usr/tce/packages/lalloc/lalloc-2.0/bin:/p/gpfs1/mtcampbe/CEESD/AutomatedTesting/MIRGE-Timing/timing/emirge/miniforge3/envs/nozzle.lazy.timing.env/bin:/p/gpfs1/mtcampbe/CEESD/AutomatedTesting/MIRGE-Timing/timing/emirge/miniforge3/bin:/usr/tce/packages/cuda/cuda-10.1.243/bin:/usr/tcetmp/bin:/usr/condabin:/usr/workspace/wsa/xpacc/Users/mtcampbe/CEESD/Lassen/conda-install/bin:/usr/lib64/qt-3.3/bin:/usr/local/bin:/usr/bin:/usr/local/sbin:/usr/sbin:/opt/ibm/spectrum_mpi/jsm_pmix/bin:/opt/ibm/bb/bin:/opt/ibm/flightlog/bin:/opt/ibutils/bin:/opt/ibm/spectrumcomputing/lsf/10.1.0.10/linux3.10-glibc2.17-ppc64le-csm/etc:/opt/ibm/spectrumcomputing/lsf/10.1.0.10/linux3.10-glibc2.17-ppc64le-csm/bin:/opt/ibm/spectrumcomputing/lsf/10.1.0.9/linux3.10-glibc2.17-ppc64le-csm/etc:/opt/ibm/spectrumcomputing/lsf/10.1.0.9/linux3.10-glibc2.17-ppc64le-csm/bin
MAIL=/var/spool/mail/mtcampbe
PROJ_NETWORK=ON
LCSCHEDCLUSTER=lassen
LSB_EXIT_PRE_ABORT=99
LSB_JOBEXIT_STAT=0
LMOD_SETTARG_CMD=:
LMOD_FAMILY_LALLOC_VERSION=2.0
CONDA_PREFIX=/p/gpfs1/mtcampbe/CEESD/AutomatedTesting/MIRGE-Timing/timing/emirge/miniforge3/envs/nozzle.lazy.timing.env
INPUTRC=/etc/inputrc
PWD=/p/gpfs1/mtcampbe/CEESD/AutomatedTesting/MIRGE-Timing/timing/emirge/mirgecom/y2-isolator/timing_run
_LMFILES_=/usr/tcetmp/modulefiles/Core/cuda/10.1.243.lua:/usr/tcetmp/modulefiles/Core/StdEnv.lua:/usr/tcetmp/modulefiles/Core/lalloc/2.0.lua:/usr/tcetmp/modulefiles/Core/gcc/8.3.1.lua:/usr/tce/modulefiles/Compiler/gcc/8.3.1/spectrum-mpi/rolling-release.lua
EDITOR=/bin/vi
LANG=en_US.UTF-8
LSB_CHKFILENAME=/g/g17/mtcampbe/.lsbatch/1670334456.4248562
MODULEPATH=/usr/tce/modulefiles/MPI/gcc/8.3.1/spectrum-mpi/rolling-release:/usr/tce/modulefiles/Compiler/gcc/8.3.1:/usr/tcetmp/modulefiles/Core:/usr/apps/modulefiles:/usr/share/modulefiles/Linux:/usr/share/modulefiles/Core:/usr/share/lmod/lmod/modulefiles/Core:/collab/usr/global/tools/modulefiles/blueos_3_ppc64le_ib_p9/Core
LSB_DJOB_HOSTFILE=/g/g17/mtcampbe/.lsbatch/1670334456.4248562.hostfile
LOADEDMODULES=cuda/10.1.243:StdEnv:lalloc/2.0:gcc/8.3.1:spectrum-mpi/rolling-release
KDEDIRS=/usr
GUESTFISH_OUTPUT=\e[0m
_ModuleTable_Sz_=5
LSB_JOB_STARTER=/usr/tcetmp/bin/bsub_job_starter %USRCMD
EMIRGE_HOME=/p/gpfs1/mtcampbe/CEESD/AutomatedTesting/MIRGE-Timing/timing/emirge
LSF_JOB_TIMESTAMP_VALUE=1670334458
LMOD_CMD=/usr/share/lmod/lmod/libexec/lmod
_ModuleTable005_=aWxlcy9MaW51eCIKLCAiL3Vzci9zaGFyZS9tb2R1bGVmaWxlcy9Db3JlIiwgIi91c3Ivc2hhcmUvbG1vZC9sbW9kL21vZHVsZWZpbGVzL0NvcmUiLCAiL2NvbGxhYi91c3IvZ2xvYmFsL3Rvb2xzL21vZHVsZWZpbGVzL2JsdWVvc18zX3BwYzY0bGVfaWJfcDkvQ29yZSIsCn0sCnN5c3RlbUJhc2VNUEFUSCA9ICIvdXNyL3RjZXRtcC9tb2R1bGVmaWxlcy9Db3JlOi91c3IvYXBwcy9tb2R1bGVmaWxlczovdXNyL3NoYXJlL21vZHVsZWZpbGVzL0xpbnV4Oi91c3Ivc2hhcmUvbW9kdWxlZmlsZXMvQ29yZTovdXNyL3NoYXJlL2xtb2QvbG1vZC9tb2R1bGVmaWxlcy9Db3JlIiwKfQo=
BBPATH=/mnt/bb_c903000a7ea5f4815ba85a11033610af
LSB_EXEC_HOSTTYPE=UNKNOWN_AUTO_DETECT
LSB_DJOB_NUMPROC=41
LSF_BINDIR=/opt/ibm/spectrumcomputing/lsf/10.1.0.10/linux3.10-glibc2.17-ppc64le-csm/bin
LLNL_NUM_COMPUTE_NODES=1
HISTCONTROL=ignoredups
_CE_M=
SSH_ASKPASS=/usr/libexec/openssh/gnome-ssh-askpass
ENVIRONMENT=BATCH
CXX=mpicxx
HOME=/g/g17/mtcampbe
SHLVL=6
__LMOD_REF_COUNT_PATH=/usr/tce/packages/spectrum-mpi/spectrum-mpi-rolling-release-gcc-8.3.1/bin:2;/usr/tce/packages/gcc/gcc-8.3.1/bin:2;/usr/tce/packages/lalloc/lalloc-2.0/bin:2;/p/gpfs1/mtcampbe/CEESD/AutomatedTesting/MIRGE-Timing/timing/emirge/miniforge3/envs/nozzle.lazy.timing.env/bin:1;/p/gpfs1/mtcampbe/CEESD/AutomatedTesting/MIRGE-Timing/timing/emirge/miniforge3/bin:1;/usr/tce/packages/cuda/cuda-10.1.243/bin:2;/usr/tcetmp/bin:2;/usr/condabin:1;/usr/workspace/wsa/xpacc/Users/mtcampbe/CEESD/Lassen/conda-install/bin:1;/usr/lib64/qt-3.3/bin:1;/usr/local/bin:1;/usr/bin:1;/usr/local/sbin:1;/usr/sbin:1;/opt/ibm/spectrum_mpi/jsm_pmix/bin:1;/opt/ibm/bb/bin:1;/opt/ibm/flightlog/bin:1;/opt/ibutils/bin:1;/opt/ibm/spectrumcomputing/lsf/10.1.0.10/linux3.10-glibc2.17-ppc64le-csm/etc:1;/opt/ibm/spectrumcomputing/lsf/10.1.0.10/linux3.10-glibc2.17-ppc64le-csm/bin:1;/opt/ibm/spectrumcomputing/lsf/10.1.0.9/linux3.10-glibc2.17-ppc64le-csm/etc:1;/opt/ibm/spectrumcomputing/lsf/10.1.0.9/linux3.10-glibc2.17-ppc64le-csm/bin:1
JOB_TERMINATE_INTERVAL=10
LSB_ACCT_FILE=/tmp/4248562.tmpdir/.1670334456.4248562.acct
_ModuleTable002_=aW5hbCIsCn0sCmN1ZGEgPSB7CmZuID0gIi91c3IvdGNldG1wL21vZHVsZWZpbGVzL0NvcmUvY3VkYS8xMC4xLjI0My5sdWEiLApmdWxsTmFtZSA9ICJjdWRhLzEwLjEuMjQzIiwKbG9hZE9yZGVyID0gMSwKcHJvcFQgPSB7fSwKc3RhY2tEZXB0aCA9IDEsCnN0YXR1cyA9ICJhY3RpdmUiLAp1c2VyTmFtZSA9ICJjdWRhLzEwLjEuMjQzIiwKd1YgPSAiXjAwMDAwMDEwLjAwMDAwMDAwMS4wMDAwMDAyNDMuKnpmaW5hbCIsCn0sCmdjYyA9IHsKZm4gPSAiL3Vzci90Y2V0bXAvbW9kdWxlZmlsZXMvQ29yZS9nY2MvOC4zLjEubHVhIiwKZnVsbE5hbWUgPSAiZ2NjLzguMy4xIiwKbG9hZE9yZGVyID0gNCwKcHJvcFQgPSB7fSwKc3RhY2tEZXB0aCA9IDAsCnN0YXR1cyA9ICJhY3RpdmUi
CSM_ALLOCATION_ID=4518253
BINARY_TYPE_HPC=
LSB_SUB_HOST=lassen708
LLNL_CORE_ISOLATION=2
FC=mpif90
XDG_CACHE_HOME=/tmp/mtcampbe/xdg-scratch
__LSF_JOB_TMPDIR__=/tmp/4248562.tmpdir
LSFUSER=mtcampbe
LSB_SUB_USER=mtcampbe
LSB_QUEUE=pbatch
LSB_OUTPUTFILE=/p/gpfs1/mtcampbe/CEESD/AutomatedTesting/MIRGE-Timing/timing/emirge/mirgecom/y2-isolator/timing_run/
LSB_OUTDIR=/p/gpfs1/mtcampbe/CEESD/AutomatedTesting/MIRGE-Timing/timing/emirge/mirgecom/y2-isolator/timing_run
LSB_MCPU_HOSTS=lassen710 1 lassen254 40 
LMOD_arch=ppc64le
TMP=/var/tmp
MPI_ROOT=/usr/tce/packages/spectrum-mpi/ibm/spectrum-mpi-rolling-release
CONDA_PYTHON_EXE=/p/gpfs1/mtcampbe/CEESD/AutomatedTesting/MIRGE-Timing/timing/emirge/miniforge3/bin/python
LOGNAME=mtcampbe
QTLIB=/usr/lib64/qt-3.3/lib
CVS_RSH=ssh
XLSF_UIDDIR=/opt/ibm/spectrumcomputing/lsf/10.1.0.10/linux3.10-glibc2.17-ppc64le-csm/lib/uid
XDG_DATA_DIRS=/p/gpfs1/mtcampbe/CEESD/AutomatedTesting/MIRGE-Timing/.local/share/flatpak/exports/share:/var/lib/flatpak/exports/share:/usr/local/share:/usr/share
SSH_CONNECTION=192.168.66.202 39054 192.168.64.254 22
SYS_TYPE=blueos_3_ppc64le_ib_p9
MODULESHOME=/usr/share/lmod/lmod
LMOD_SETTARG_FULL_SUPPORT=no
LESSOPEN=||/usr/bin/lesspipe.sh %s
__LMOD_REF_COUNT_LD_LIBRARY_PATH=/usr/tce/packages/cuda/cuda-10.1.243/lib64:1;/opt/ibm/spectrumcomputing/lsf/10.1.0.10/linux3.10-glibc2.17-ppc64le-csm/lib:1
PKG_CONFIG_PATH=/usr/tce/packages/cuda/cuda-10.1.243/lib64/pkgconfig
OMP_NUM_THREADS=1
LSF_CGROUP_TOPDIR_KEY=lassen
CONDA_DEFAULT_ENV=nozzle.lazy.timing.env
LMOD_FULL_SETTARG_SUPPORT=no
LMOD_FAMILY_COMPILER=gcc
LSB_XFER_OP=
LSB_EEXEC_REAL_GID=
__LMOD_REF_COUNT_PKG_CONFIG_PATH=/usr/tce/packages/cuda/cuda-10.1.243/lib64/pkgconfig:1
CC=mpicc
QT_PLUGIN_PATH=/usr/lib64/kde4/plugins:/usr/lib/kde4/plugins
LMOD_DIR=/usr/share/lmod/lmod/libexec
LEXEC_UNPICKLE_QUIET=1
__LMOD_REF_COUNT_MANPATH=/usr/tce/packages/spectrum-mpi/ibm/spectrum-mpi-rolling-release/share/man:1;/usr/tce/packages/gcc/gcc-8.3.1/man:1;/opt/ibm/spectrumcomputing/lsf/10.1.0.10/man:1;/usr/man:1;/usr/share/man:1;/usr/local/man:1;/usr/X11R6/man:1;/usr/lib64/mvapich/default/man:1;/opt/ibm/spectrum_mpi/jsm_pmix/share/man:1
LSF_ENVDIR=/opt/ibm/spectrumcomputing/lsf/conf
GUESTFISH_RESTORE=\e[0m
LSB_DJOB_RANKFILE=/g/g17/mtcampbe/.lsbatch/1670334456.4248562.hostfile
LMOD_FAMILY_MPI=spectrum-mpi
LMOD_COLORIZE=yes
HISTFILE=/g/g17/mtcampbe/.bash_history
BASH_FUNC_module()=() {  local __lmod_my_status;
 local __lmod_sh_dbg;
 if [ -z "${LMOD_SH_DBG_ON+x}" ]; then
 case "$-" in 
 *v*x*)
 __lmod_sh_dbg='vx'
 ;;
 *v*)
 __lmod_sh_dbg='v'
 ;;
 *x*)
 __lmod_sh_dbg='x'
 ;;
 esac;
 fi;
 if [ -n "${__lmod_sh_dbg:-}" ]; then
 set +$__lmod_sh_dbg;
 echo "Shell debugging temporarily silenced: export LMOD_SH_DBG_ON=1 for Lmod's output" 1>&2;
 fi;
 eval "$($LMOD_CMD bash "$@")" && eval $(${LMOD_SETTARG_CMD:-:} -s sh);
 __lmod_my_status=$?;
 if [ -n "${__lmod_sh_dbg:-}" ]; then
 echo "Shell debugging restarted" 1>&2;
 set -$__lmod_sh_dbg;
 fi;
 return $__lmod_my_status
}
BASH_FUNC_ml()=() {  eval "$($LMOD_DIR/ml_cmd "$@")"
}
_=/usr/bin/env
LSB_MCPU_HOSTS=lassen710 1 lassen254 40 
Default casename isolator
2022-12-06 05:47:52,480 - INFO - grudge.array_context - get_reasonable_array_context_class: MPIFusionContractorArrayContext lazy=True distributed=True device-parallel=True
Using user input from file: timing_params.yaml
Running ./isolator.py

2022-12-06 05:48:13,803 - INFO - mirgecom.simutil - Using SVM-based memory pool on <pyopencl.Device 'Tesla V100-SXM2-16GB' on 'Portable Computing Language' at 0x102907e50>.
Shock capturing parameters: alpha 0.5, s0 -4.0, kappa 0.5

#### Simluation control data: ####
	nviz = 100
	nrestart = 100
	nhealth = 100
	nstatus = 100
	current_dt = 1e-08
	t_final = 2e-07
	order = 1
	dimen = 2
	Time integration rk4
#### Simluation control data: ####


#### Simluation material properties: ####
	mu = 4.216360056e-05
	kappa = 0.05621788139856423
	Prandtl Number  = 0.75
#### Simluation initialization data: ####
	inlet Mach number 0.038727226466056475
	inlet temperature 2075.8073416311686
	inlet pressure 274212.0081934861
	inlet rho 0.4623484671063763
	inlet velocity 35.28896626974282
	outlet Mach number 3.661995139955526
	outlet temperature 563.9344091915701
	outlet pressure 2865.7077436508835
	outlet rho 0.01778579568979098
	outlet velocity 1739.2462693097807
#### Simluation initialization data: ####

Reading mesh from data/isolator.msh
./isolator.py:1087: DeprecationWarning: generate_and_distribute_mesh is deprecated and will go away Q4 2022. Use distribute_mesh instead.
  local_mesh, global_nelements = generate_and_distribute_mesh(
2022-12-06 05:48:14,012 - INFO - meshmode.distributed - rank 0: received data
2022-12-06 05:48:14,013 - INFO - meshmode.distributed - rank 0: sent all data
Making discretization
./isolator.py:1094: DeprecationWarning: mpi_communicator argument is deprecated and will disappear in Q4 2022.
  dcoll = create_discretization_collection(
Done making discretization
/p/gpfs1/mtcampbe/CEESD/AutomatedTesting/MIRGE-Timing/timing/emirge/arraycontext/arraycontext/impl/pytato/__init__.py:408: UserWarning: Running on an Nvidia GPU, reducing the argument size limit from 4352 to 3896.
  warn("Running on an Nvidia GPU, reducing the argument "
2022-12-06 05:48:14,530 - INFO - arraycontext.impl.pytato - limiting argument buffer size for <pyopencl.Device 'Tesla V100-SXM2-16GB' on 'Portable Computing Language' at 0x102907e50> to 3896 bytes
2022-12-06 05:48:14,543 - INFO - meshmode.array_context - Transforming kernel with 1 statements.
2022-12-06 05:48:14,587 - INFO - meshmode.array_context - Array Contraction: Contracting 0 temps
2022-12-06 05:48:14,590 - INFO - meshmode.array_context - [_alias_global_temporaries]: Reduced memory requirement from 0.0MB to 0.0MB.
2022-12-06 05:48:15,116 - INFO - loopy.tools - preprocess_program on 'frozen_nodes0_2d': completed (0.51s wall 0.23x CPU)
2022-12-06 05:48:15,922 - INFO - pyopencl - build program: kernel 'frozen_nodes0_2d' was part of a lengthy source build resulting from a binary cache miss (0.66 s)
2022-12-06 05:48:15,949 - INFO - meshmode.array_context - Transforming kernel with 1 statements.
2022-12-06 05:48:15,986 - INFO - meshmode.array_context - Array Contraction: Contracting 0 temps
2022-12-06 05:48:15,989 - INFO - meshmode.array_context - [_alias_global_temporaries]: Reduced memory requirement from 0.0MB to 0.0MB.
2022-12-06 05:48:16,522 - INFO - pyopencl - build program: kernel 'frozen_nodes1_2d' was part of a lengthy source build resulting from a binary cache miss (0.37 s)
Before restart/init
Initializing soln.
Initialization for Case(isolator)
===
Num 2d order-1 elements: 2504
Num global elements: 2504
Timestep:        1e-08
Initial time:    0
Final time:      2e-07
CFL:             1.0
Constant CFL:    False
Initialization:  isolator
EOS:             IdealSingleGas

2022-12-06 05:48:18,215 - INFO - meshmode.array_context - transform_dag.infer_axes_tags: completed (0.55s wall 1.00x CPU)
2022-12-06 05:48:18,443 - INFO - arraycontext.impl.pytato - limiting argument buffer size for <pyopencl.Device 'Tesla V100-SXM2-16GB' on 'Portable Computing Language' at 0x102907e50> to 3896 bytes
2022-12-06 05:48:19,082 - INFO - meshmode.array_context - Transforming kernel with 14 statements.
2022-12-06 05:48:20,547 - INFO - loopy.tools - fuse_same_discretization_entity_loops on 'frozen_result': completed (1.31s wall 1.00x CPU)
2022-12-06 05:48:20,729 - INFO - meshmode.array_context - Loop Fusion: completed (1.65s wall 1.00x CPU)
2022-12-06 05:48:21,068 - INFO - meshmode.array_context - Array Contraction: Contracting 10 temps
2022-12-06 05:48:22,672 - INFO - loopy.tools - contract_arrays on 'frozen_result': completed (1.61s wall 1.00x CPU)
2022-12-06 05:48:22,871 - INFO - meshmode.array_context - Array Contraction: completed (1.95s wall 1.00x CPU)
2022-12-06 05:48:22,873 - INFO - meshmode.array_context - [_alias_global_temporaries]: Reduced memory requirement from 0.5MB to 0.4MB.
2022-12-06 05:48:24,770 - INFO - loopy.tools - preprocess_program on 'frozen_result': completed (1.20s wall 1.00x CPU)
2022-12-06 05:48:27,640 - INFO - loopy.check - frozen_result: check array access within bounds: completed (2.51s wall 1.00x CPU)
2022-12-06 05:48:29,863 - INFO - loopy.codegen - frozen_result: generate code: completed (1.95s wall 1.00x CPU)
2022-12-06 05:48:35,342 - INFO - pyopencl - build program: kernel 'frozen_result' was part of a lengthy source build resulting from a binary cache miss (4.99 s)
2022-12-06 05:48:35,395 - INFO - pytato.partition - find_partition: Split 22 nodes into 1 parts, with [22] nodes in each partition.
/p/gpfs1/mtcampbe/CEESD/AutomatedTesting/MIRGE-Timing/timing/emirge/pytato/pytato/array.py:831: UserWarning: Passing `tags=None` is deprecated and will result in an error from 2023. To remove this message either call make_dict_of_named_arrays or pass the `tags` argument.
  warn("Passing `tags=None` is deprecated and will result"
2022-12-06 05:48:35,467 - INFO - meshmode.array_context - Transforming kernel with 12 statements.
2022-12-06 05:48:35,726 - INFO - meshmode.array_context - Array Contraction: Contracting 1 temps
2022-12-06 05:48:35,766 - INFO - meshmode.array_context - [_alias_global_temporaries]: Reduced memory requirement from 0.1MB to 0.1MB.
2022-12-06 05:48:35,787 - INFO - arraycontext.impl.pytato.compile - transform_loopy_program for 'get_fluid_state': completed (0.32s wall 1.00x CPU)
2022-12-06 05:48:36,363 - INFO - loopy.schedule - get_fluid_state: schedule: completed (0.42s wall 1.00x CPU)
2022-12-06 05:48:36,876 - INFO - pyopencl - build program: kernel 'get_fluid_state' was part of a lengthy source build resulting from a binary cache miss (0.40 s)
2022-12-06 05:48:36,891 - INFO - meshmode.array_context - Transforming kernel with 0 statements.
2022-12-06 05:48:36,894 - INFO - meshmode.array_context - Array Contraction: Contracting 0 temps
2022-12-06 05:48:37,274 - INFO - pyopencl - build program: kernel 'frozen_result' was part of a lengthy source build resulting from a binary cache miss (0.37 s)
2022-12-06 05:48:37,290 - INFO - arraycontext.impl.pytato - limiting argument buffer size for <pyopencl.Device 'Tesla V100-SXM2-16GB' on 'Portable Computing Language' at 0x102907e50> to 3896 bytes
2022-12-06 05:48:37,292 - INFO - meshmode.array_context - Transforming kernel with 0 statements.
2022-12-06 05:48:37,589 - INFO - meshmode.array_context - Transforming kernel with 10 statements.
2022-12-06 05:48:37,874 - INFO - meshmode.array_context - Array Contraction: Contracting 1 temps
2022-12-06 05:48:37,920 - INFO - meshmode.array_context - [_alias_global_temporaries]: Reduced memory requirement from 0.3MB to 0.2MB.
2022-12-06 05:48:39,306 - INFO - pyopencl - build program: kernel 'frozen_area_el_vol' was part of a lengthy source build resulting from a binary cache miss (0.67 s)
2022-12-06 05:48:39,322 - INFO - meshmode.discretization.connection.face - building face restriction: start
2022-12-06 05:48:39,332 - INFO - meshmode.discretization.connection.face - building face restriction: done
2022-12-06 05:48:39,335 - INFO - arraycontext.impl.pytato - limiting argument buffer size for <pyopencl.Device 'Tesla V100-SXM2-16GB' on 'Portable Computing Language' at 0x102907e50> to 3896 bytes
2022-12-06 05:48:39,336 - INFO - meshmode.array_context - Transforming kernel with 0 statements.
2022-12-06 05:48:39,484 - INFO - meshmode.array_context - Transforming kernel with 7 statements.
2022-12-06 05:48:39,680 - INFO - meshmode.array_context - Array Contraction: Contracting 2 temps
2022-12-06 05:48:39,741 - INFO - meshmode.array_context - [_alias_global_temporaries]: Reduced memory requirement from 0.5MB to 0.3MB.
2022-12-06 05:48:40,928 - INFO - pyopencl - build program: kernel 'frozen_area_el_b_face_restr_all' was part of a lengthy source build resulting from a binary cache miss (0.64 s)
2022-12-06 05:48:41,006 - INFO - meshmode.array_context - Transforming kernel with 7 statements.
/p/gpfs1/mtcampbe/CEESD/AutomatedTesting/MIRGE-Timing/timing/emirge/pytato/pytato/target/loopy/__init__.py:142: UserWarning: [frozen_dt_geometric_vol]: Falling back to a slower transformation strategy as some loops are uninferred which mesh entity they belong to.
  return self.copy(program=f(self.program))
2022-12-06 05:48:42,338 - INFO - loopy.codegen - frozen_dt_geometric_vol: generate code: completed (0.72s wall 1.00x CPU)
2022-12-06 05:48:43,331 - INFO - pyopencl - build program: kernel 'frozen_dt_geometric_vol' was part of a lengthy source build resulting from a binary cache miss (0.98 s)
2022-12-06 05:48:43,353 - INFO - meshmode.array_context - Transforming kernel with 1 statements.
/p/gpfs1/mtcampbe/CEESD/AutomatedTesting/MIRGE-Timing/timing/emirge/pytato/pytato/target/loopy/__init__.py:142: UserWarning: [frozen_char_lscales]: Falling back to a slower transformation strategy as some loops are uninferred which mesh entity they belong to.
  return self.copy(program=f(self.program))
2022-12-06 05:48:43,886 - INFO - pyopencl - build program: kernel 'frozen_char_lscales' was part of a lengthy source build resulting from a binary cache miss (0.38 s)
2022-12-06 05:48:43,938 - INFO - meshmode.array_context - Transforming kernel with 4 statements.
2022-12-06 05:48:44,027 - INFO - meshmode.array_context - Array Contraction: Contracting 3 temps
2022-12-06 05:48:44,103 - INFO - meshmode.array_context - [_alias_global_temporaries]: Reduced memory requirement from 0.2MB to 0.2MB.
2022-12-06 05:48:44,676 - INFO - pyopencl - build program: kernel 'frozen_result' was part of a lengthy source build resulting from a binary cache miss (0.40 s)
2022-12-06 05:48:45,167 - INFO - pyopencl - build program: kernel 'reduce_kernel_stage1' was part of a lengthy source build resulting from a binary cache miss (0.47 s)
2022-12-06 05:48:45,650 - INFO - pyopencl - build program: kernel 'reduce_kernel_stage2' was part of a lengthy source build resulting from a binary cache miss (0.47 s)
2022-12-06 05:48:45,662 - INFO - meshmode.array_context - Transforming kernel with 1 statements.
2022-12-06 05:48:45,669 - INFO - meshmode.array_context - Array Contraction: Contracting 0 temps
/p/gpfs1/mtcampbe/CEESD/AutomatedTesting/MIRGE-Timing/timing/emirge/meshmode/meshmode/array_context.py:1738: UserWarning: [frozen_result]: FusionContractorArrayContext.transform_loopy_program not broad enough (yet). Falling back to a possibly slower transformation strategy.
  warn(f"[{knl.name}]: FusionContractorArrayContext."
2022-12-06 05:48:46,069 - INFO - pyopencl - build program: kernel 'frozen_result' was part of a lengthy source build resulting from a binary cache miss (0.37 s)
2022-12-06 05:48:46,539 - INFO - pyopencl - build program: kernel 'reduce_kernel_stage1' was part of a lengthy source build resulting from a binary cache miss (0.46 s)
2022-12-06 05:48:47,003 - INFO - pyopencl - build program: kernel 'reduce_kernel_stage2' was part of a lengthy source build resulting from a binary cache miss (0.46 s)
2022-12-06 05:48:47,009 - INFO - meshmode.array_context - Transforming kernel with 1 statements.
2022-12-06 05:48:47,015 - INFO - meshmode.array_context - Array Contraction: Contracting 0 temps
2022-12-06 05:48:47,403 - INFO - pyopencl - build program: kernel 'frozen_result' was part of a lengthy source build resulting from a binary cache miss (0.36 s)
2022-12-06 05:48:47,885 - INFO - pyopencl - build program: kernel 'reduce_kernel_stage1' was part of a lengthy source build resulting from a binary cache miss (0.47 s)
2022-12-06 05:48:48,364 - INFO - pyopencl - build program: kernel 'reduce_kernel_stage2' was part of a lengthy source build resulting from a binary cache miss (0.47 s)
2022-12-06 05:48:48,376 - INFO - meshmode.array_context - Transforming kernel with 1 statements.
2022-12-06 05:48:48,384 - INFO - meshmode.array_context - Array Contraction: Contracting 0 temps
2022-12-06 05:48:48,784 - INFO - pyopencl - build program: kernel 'frozen_result' was part of a lengthy source build resulting from a binary cache miss (0.37 s)
-------- dt = 1.000e-08, cfl = 0.0253
-------- P (min, max) (Pa) = (2.865706984e+03, 2.742120082e+05)
-------- T (min, max) (K)  = (    300, 2075.81)

2022-12-06 05:48:48,880 - INFO - meshmode.array_context - Transforming kernel with 1 statements.
2022-12-06 05:48:48,889 - INFO - meshmode.array_context - Array Contraction: Contracting 0 temps
2022-12-06 05:48:48,891 - INFO - meshmode.array_context - [_alias_global_temporaries]: Reduced memory requirement from 0.0MB to 0.0MB.
2022-12-06 05:48:49,355 - INFO - pyopencl - build program: kernel 'frozen_result' was part of a lengthy source build resulting from a binary cache miss (0.38 s)
2022-12-06 05:48:49,365 - INFO - meshmode.array_context - Transforming kernel with 1 statements.
2022-12-06 05:48:49,376 - INFO - meshmode.array_context - [_alias_global_temporaries]: Reduced memory requirement from 0.0MB to 0.0MB.
2022-12-06 05:48:49,521 - INFO - meshmode.array_context - Transforming kernel with 1 statements.
2022-12-06 05:48:49,529 - INFO - meshmode.array_context - Array Contraction: Contracting 0 temps
2022-12-06 05:48:49,532 - INFO - meshmode.array_context - [_alias_global_temporaries]: Reduced memory requirement from 0.0MB to 0.0MB.
2022-12-06 05:48:49,675 - INFO - meshmode.array_context - Transforming kernel with 1 statements.
2022-12-06 05:48:49,686 - INFO - meshmode.array_context - [_alias_global_temporaries]: Reduced memory requirement from 0.0MB to 0.0MB.
2022-12-06 05:48:49,781 - INFO - meshmode.array_context - Transforming kernel with 3 statements.
2022-12-06 05:48:49,823 - INFO - meshmode.array_context - Array Contraction: Contracting 0 temps
2022-12-06 05:48:49,828 - INFO - meshmode.array_context - [_alias_global_temporaries]: Reduced memory requirement from 0.1MB to 0.1MB.
2022-12-06 05:48:50,603 - INFO - pyopencl - build program: kernel 'frozen_result' was part of a lengthy source build resulting from a binary cache miss (0.52 s)
2022-12-06 05:48:50,619 - INFO - meshmode.array_context - Transforming kernel with 1 statements.
2022-12-06 05:48:50,628 - INFO - meshmode.array_context - Array Contraction: Contracting 0 temps
2022-12-06 05:48:50,631 - INFO - meshmode.array_context - [_alias_global_temporaries]: Reduced memory requirement from 0.0MB to 0.0MB.
2022-12-06 05:48:51,110 - INFO - pyopencl - build program: kernel 'frozen_result' was part of a lengthy source build resulting from a binary cache miss (0.38 s)
2022-12-06 05:48:51,134 - INFO - meshmode.array_context - Transforming kernel with 1 statements.
2022-12-06 05:48:51,145 - INFO - meshmode.array_context - Array Contraction: Contracting 0 temps
2022-12-06 05:48:51,148 - INFO - meshmode.array_context - [_alias_global_temporaries]: Reduced memory requirement from 0.0MB to 0.0MB.
2022-12-06 05:48:51,675 - INFO - pyopencl - build program: kernel 'frozen_result' was part of a lengthy source build resulting from a binary cache miss (0.39 s)
2022-12-06 05:48:51,705 - INFO - meshmode.array_context - Transforming kernel with 3 statements.
2022-12-06 05:48:51,748 - INFO - meshmode.array_context - Array Contraction: Contracting 0 temps
2022-12-06 05:48:51,753 - INFO - meshmode.array_context - [_alias_global_temporaries]: Reduced memory requirement from 0.1MB to 0.1MB.
2022-12-06 05:48:52,524 - INFO - pyopencl - build program: kernel 'frozen_result' was part of a lengthy source build resulting from a binary cache miss (0.52 s)
2022-12-06 05:48:52,590 - INFO - meshmode.array_context - Transforming kernel with 6 statements.
2022-12-06 05:48:52,744 - INFO - meshmode.array_context - Array Contraction: Contracting 0 temps
2022-12-06 05:48:52,755 - INFO - meshmode.array_context - [_alias_global_temporaries]: Reduced memory requirement from 0.2MB to 0.2MB.
2022-12-06 05:48:53,433 - INFO - loopy.codegen - frozen_result: generate code: completed (0.38s wall 1.00x CPU)
2022-12-06 05:48:54,497 - INFO - pyopencl - build program: kernel 'frozen_result' was part of a lengthy source build resulting from a binary cache miss (1.06 s)
2022-12-06 05:48:54,552 - INFO - meshmode.array_context - Transforming kernel with 4 statements.
2022-12-06 05:48:54,627 - INFO - meshmode.array_context - Array Contraction: Contracting 2 temps
2022-12-06 05:48:54,679 - INFO - meshmode.array_context - [_alias_global_temporaries]: Reduced memory requirement from 0.2MB to 0.2MB.
2022-12-06 05:48:55,506 - INFO - pyopencl - build program: kernel 'frozen_result' was part of a lengthy source build resulting from a binary cache miss (0.53 s)
2022-12-06 05:48:55,532 - INFO - meshmode.discretization.connection.face - building face restriction: start
2022-12-06 05:48:55,538 - INFO - meshmode.discretization.connection.face - building face restriction: done
2022-12-06 05:48:55,549 - INFO - meshmode.discretization.connection.face - building face restriction: start
2022-12-06 05:48:55,554 - INFO - meshmode.discretization.connection.face - building face restriction: done
2022-12-06 05:48:55,565 - INFO - meshmode.discretization.connection.face - building face restriction: start
2022-12-06 05:48:55,577 - INFO - meshmode.discretization.connection.face - building face restriction: done
2022-12-06 05:48:55,589 - INFO - meshmode.discretization.connection.face - building face restriction: start
2022-12-06 05:48:55,677 - INFO - meshmode.discretization.connection.face - building face restriction: done
2022-12-06 05:48:55,691 - INFO - arraycontext.impl.pytato - limiting argument buffer size for <pyopencl.Device 'Tesla V100-SXM2-16GB' on 'Portable Computing Language' at 0x102907e50> to 3896 bytes
2022-12-06 05:48:55,692 - INFO - meshmode.array_context - Transforming kernel with 0 statements.
2022-12-06 05:48:55,780 - INFO - arraycontext.impl.pytato - limiting argument buffer size for <pyopencl.Device 'Tesla V100-SXM2-16GB' on 'Portable Computing Language' at 0x102907e50> to 3896 bytes
2022-12-06 05:48:55,781 - INFO - meshmode.array_context - Transforming kernel with 0 statements.
2022-12-06 05:48:55,941 - INFO - meshmode.array_context - Transforming kernel with 7 statements.
2022-12-06 05:48:56,138 - INFO - meshmode.array_context - Array Contraction: Contracting 2 temps
2022-12-06 05:48:56,200 - INFO - meshmode.array_context - [_alias_global_temporaries]: Reduced memory requirement from 0.0MB to 0.0MB.
2022-12-06 05:48:57,346 - INFO - pyopencl - build program: kernel 'frozen_area_el_b_inflow' was part of a lengthy source build resulting from a binary cache miss (0.63 s)
2022-12-06 05:48:57,411 - INFO - meshmode.array_context - Transforming kernel with 3 statements.
2022-12-06 05:48:57,521 - INFO - meshmode.array_context - Array Contraction: Contracting 0 temps
2022-12-06 05:48:57,528 - INFO - meshmode.array_context - [_alias_global_temporaries]: Reduced memory requirement from 0.0MB to 0.0MB.
2022-12-06 05:48:58,583 - INFO - pyopencl - build program: kernel 'frozen_normal_2_b_inflow' was part of a lengthy source build resulting from a binary cache miss (0.62 s)
2022-12-06 05:48:58,644 - INFO - meshmode.array_context - Transforming kernel with 3 statements.
2022-12-06 05:48:58,754 - INFO - meshmode.array_context - Array Contraction: Contracting 0 temps
2022-12-06 05:48:58,760 - INFO - meshmode.array_context - [_alias_global_temporaries]: Reduced memory requirement from 0.0MB to 0.0MB.
2022-12-06 05:48:59,818 - INFO - pyopencl - build program: kernel 'frozen_normal_1_b_inflow' was part of a lengthy source build resulting from a binary cache miss (0.62 s)
2022-12-06 05:48:59,834 - INFO - meshmode.array_context - Transforming kernel with 0 statements.
2022-12-06 05:48:59,838 - INFO - meshmode.array_context - Array Contraction: Contracting 0 temps
2022-12-06 05:49:00,218 - INFO - pyopencl - build program: kernel 'frozen_f2allf_ind' was part of a lengthy source build resulting from a binary cache miss (0.36 s)
2022-12-06 05:49:00,227 - INFO - meshmode.array_context - Transforming kernel with 0 statements.
2022-12-06 05:49:00,362 - INFO - meshmode.array_context - Transforming kernel with 1 statements.
2022-12-06 05:49:00,376 - INFO - meshmode.array_context - Array Contraction: Contracting 0 temps
2022-12-06 05:49:00,378 - INFO - meshmode.array_context - [_alias_global_temporaries]: Reduced memory requirement from 0.0MB to 0.0MB.
2022-12-06 05:49:00,800 - INFO - pyopencl - build program: kernel 'frozen_f2allf_ind' was part of a lengthy source build resulting from a binary cache miss (0.37 s)
2022-12-06 05:49:00,818 - INFO - arraycontext.impl.pytato - limiting argument buffer size for <pyopencl.Device 'Tesla V100-SXM2-16GB' on 'Portable Computing Language' at 0x102907e50> to 3896 bytes
2022-12-06 05:49:00,819 - INFO - meshmode.array_context - Transforming kernel with 0 statements.
2022-12-06 05:49:00,979 - INFO - meshmode.array_context - Transforming kernel with 7 statements.
2022-12-06 05:49:01,177 - INFO - meshmode.array_context - Array Contraction: Contracting 2 temps
2022-12-06 05:49:01,238 - INFO - meshmode.array_context - [_alias_global_temporaries]: Reduced memory requirement from 0.0MB to 0.0MB.
2022-12-06 05:49:02,382 - INFO - pyopencl - build program: kernel 'frozen_area_el_b_outflow' was part of a lengthy source build resulting from a binary cache miss (0.63 s)
2022-12-06 05:49:02,448 - INFO - meshmode.array_context - Transforming kernel with 3 statements.
2022-12-06 05:49:02,558 - INFO - meshmode.array_context - Array Contraction: Contracting 0 temps
2022-12-06 05:49:02,564 - INFO - meshmode.array_context - [_alias_global_temporaries]: Reduced memory requirement from 0.0MB to 0.0MB.
2022-12-06 05:49:03,619 - INFO - pyopencl - build program: kernel 'frozen_normal_2_b_outflow' was part of a lengthy source build resulting from a binary cache miss (0.62 s)
2022-12-06 05:49:03,681 - INFO - meshmode.array_context - Transforming kernel with 3 statements.
2022-12-06 05:49:03,791 - INFO - meshmode.array_context - Array Contraction: Contracting 0 temps
2022-12-06 05:49:03,798 - INFO - meshmode.array_context - [_alias_global_temporaries]: Reduced memory requirement from 0.0MB to 0.0MB.
2022-12-06 05:49:04,853 - INFO - pyopencl - build program: kernel 'frozen_normal_1_b_outflow' was part of a lengthy source build resulting from a binary cache miss (0.62 s)
2022-12-06 05:49:04,869 - INFO - meshmode.array_context - Transforming kernel with 1 statements.
2022-12-06 05:49:04,884 - INFO - meshmode.array_context - Array Contraction: Contracting 0 temps
2022-12-06 05:49:04,886 - INFO - meshmode.array_context - [_alias_global_temporaries]: Reduced memory requirement from 0.0MB to 0.0MB.
2022-12-06 05:49:05,304 - INFO - pyopencl - build program: kernel 'frozen_f2allf_ind' was part of a lengthy source build resulting from a binary cache miss (0.36 s)
2022-12-06 05:49:05,315 - INFO - meshmode.array_context - Transforming kernel with 1 statements.
2022-12-06 05:49:05,329 - INFO - meshmode.array_context - Array Contraction: Contracting 0 temps
2022-12-06 05:49:05,332 - INFO - meshmode.array_context - [_alias_global_temporaries]: Reduced memory requirement from 0.0MB to 0.0MB.
2022-12-06 05:49:05,754 - INFO - pyopencl - build program: kernel 'frozen_f2allf_ind' was part of a lengthy source build resulting from a binary cache miss (0.37 s)
2022-12-06 05:49:05,775 - INFO - arraycontext.impl.pytato - limiting argument buffer size for <pyopencl.Device 'Tesla V100-SXM2-16GB' on 'Portable Computing Language' at 0x102907e50> to 3896 bytes
2022-12-06 05:49:05,776 - INFO - meshmode.array_context - Transforming kernel with 0 statements.
2022-12-06 05:49:05,930 - INFO - meshmode.array_context - Transforming kernel with 7 statements.
2022-12-06 05:49:06,127 - INFO - meshmode.array_context - Array Contraction: Contracting 2 temps
2022-12-06 05:49:06,189 - INFO - meshmode.array_context - [_alias_global_temporaries]: Reduced memory requirement from 0.0MB to 0.0MB.
2022-12-06 05:49:07,357 - INFO - pyopencl - build program: kernel 'frozen_area_el_b_wall' was part of a lengthy source build resulting from a binary cache miss (0.64 s)
2022-12-06 05:49:07,421 - INFO - meshmode.array_context - Transforming kernel with 3 statements.
2022-12-06 05:49:07,532 - INFO - meshmode.array_context - Array Contraction: Contracting 0 temps
2022-12-06 05:49:07,538 - INFO - meshmode.array_context - [_alias_global_temporaries]: Reduced memory requirement from 0.0MB to 0.0MB.
2022-12-06 05:49:08,613 - INFO - pyopencl - build program: kernel 'frozen_normal_2_b_wall' was part of a lengthy source build resulting from a binary cache miss (0.63 s)
2022-12-06 05:49:08,674 - INFO - meshmode.array_context - Transforming kernel with 3 statements.
2022-12-06 05:49:08,784 - INFO - meshmode.array_context - Array Contraction: Contracting 0 temps
2022-12-06 05:49:08,790 - INFO - meshmode.array_context - [_alias_global_temporaries]: Reduced memory requirement from 0.0MB to 0.0MB.
2022-12-06 05:49:09,865 - INFO - pyopencl - build program: kernel 'frozen_normal_1_b_wall' was part of a lengthy source build resulting from a binary cache miss (0.63 s)
2022-12-06 05:49:09,882 - INFO - meshmode.array_context - Transforming kernel with 1 statements.
2022-12-06 05:49:09,896 - INFO - meshmode.array_context - Array Contraction: Contracting 0 temps
2022-12-06 05:49:09,898 - INFO - meshmode.array_context - [_alias_global_temporaries]: Reduced memory requirement from 0.0MB to 0.0MB.
2022-12-06 05:49:10,316 - INFO - pyopencl - build program: kernel 'frozen_f2allf_ind' was part of a lengthy source build resulting from a binary cache miss (0.36 s)
2022-12-06 05:49:10,326 - INFO - meshmode.array_context - Transforming kernel with 1 statements.
2022-12-06 05:49:10,340 - INFO - meshmode.array_context - Array Contraction: Contracting 0 temps
2022-12-06 05:49:10,343 - INFO - meshmode.array_context - [_alias_global_temporaries]: Reduced memory requirement from 0.0MB to 0.0MB.
2022-12-06 05:49:10,768 - INFO - pyopencl - build program: kernel 'frozen_f2allf_ind' was part of a lengthy source build resulting from a binary cache miss (0.37 s)
2022-12-06 05:49:10,888 - INFO - meshmode.array_context - Transforming kernel with 7 statements.
2022-12-06 05:49:11,085 - INFO - meshmode.array_context - Array Contraction: Contracting 2 temps
2022-12-06 05:49:11,147 - INFO - meshmode.array_context - [_alias_global_temporaries]: Reduced memory requirement from 0.4MB to 0.3MB.
2022-12-06 05:49:12,319 - INFO - pyopencl - build program: kernel 'frozen_area_el_b_face_restr_interior' was part of a lengthy source build resulting from a binary cache miss (0.64 s)
2022-12-06 05:49:12,386 - INFO - meshmode.array_context - Transforming kernel with 3 statements.
2022-12-06 05:49:12,496 - INFO - meshmode.array_context - Array Contraction: Contracting 0 temps
2022-12-06 05:49:12,502 - INFO - meshmode.array_context - [_alias_global_temporaries]: Reduced memory requirement from 0.2MB to 0.2MB.
2022-12-06 05:49:13,586 - INFO - pyopencl - build program: kernel 'frozen_normal_2_b_face_restr_interior' was part of a lengthy source build resulting from a binary cache miss (0.63 s)
2022-12-06 05:49:13,726 - INFO - meshmode.array_context - Transforming kernel with 3 statements.
2022-12-06 05:49:13,836 - INFO - meshmode.array_context - Array Contraction: Contracting 0 temps
2022-12-06 05:49:13,842 - INFO - meshmode.array_context - [_alias_global_temporaries]: Reduced memory requirement from 0.2MB to 0.2MB.
2022-12-06 05:49:14,927 - INFO - pyopencl - build program: kernel 'frozen_normal_1_b_face_restr_interior' was part of a lengthy source build resulting from a binary cache miss (0.63 s)
2022-12-06 05:49:14,945 - INFO - meshmode.array_context - Transforming kernel with 1 statements.
2022-12-06 05:49:14,959 - INFO - meshmode.array_context - Array Contraction: Contracting 0 temps
2022-12-06 05:49:14,962 - INFO - meshmode.array_context - [_alias_global_temporaries]: Reduced memory requirement from 0.0MB to 0.0MB.
2022-12-06 05:49:15,389 - INFO - pyopencl - build program: kernel 'frozen_f2allf_ind' was part of a lengthy source build resulting from a binary cache miss (0.37 s)
2022-12-06 05:49:15,399 - INFO - meshmode.array_context - Transforming kernel with 1 statements.
2022-12-06 05:49:15,413 - INFO - meshmode.array_context - Array Contraction: Contracting 0 temps
2022-12-06 05:49:15,416 - INFO - meshmode.array_context - [_alias_global_temporaries]: Reduced memory requirement from 0.0MB to 0.0MB.
2022-12-06 05:49:15,844 - INFO - pyopencl - build program: kernel 'frozen_f2allf_ind' was part of a lengthy source build resulting from a binary cache miss (0.37 s)
2022-12-06 05:49:15,854 - INFO - meshmode.array_context - Transforming kernel with 1 statements.
2022-12-06 05:49:15,868 - INFO - meshmode.array_context - Array Contraction: Contracting 0 temps
2022-12-06 05:49:15,871 - INFO - meshmode.array_context - [_alias_global_temporaries]: Reduced memory requirement from 0.0MB to 0.0MB.
2022-12-06 05:49:16,300 - INFO - pyopencl - build program: kernel 'frozen_f2allf_ind' was part of a lengthy source build resulting from a binary cache miss (0.37 s)
2022-12-06 05:49:17,198 - INFO - meshmode.array_context - Transforming kernel with 45 statements.
2022-12-06 05:49:18,343 - INFO - loopy.tools - fuse_same_discretization_entity_loops on 'frozen_inv_metric_deriv_vol': completed (1.04s wall 1.00x CPU)
2022-12-06 05:49:18,404 - INFO - meshmode.array_context - Loop Fusion: completed (1.20s wall 1.00x CPU)
2022-12-06 05:49:18,585 - INFO - meshmode.array_context - Array Contraction: Contracting 0 temps
2022-12-06 05:49:18,629 - INFO - meshmode.array_context - [_alias_global_temporaries]: Reduced memory requirement from 1.7MB to 0.5MB.
2022-12-06 05:49:19,336 - INFO - loopy.tools - preprocess_program on 'frozen_inv_metric_deriv_vol': completed (0.52s wall 1.00x CPU)
2022-12-06 05:49:20,186 - INFO - loopy.check - frozen_inv_metric_deriv_vol: check array access within bounds: completed (0.67s wall 1.00x CPU)
2022-12-06 05:49:21,045 - INFO - loopy.codegen - frozen_inv_metric_deriv_vol: generate code: completed (0.57s wall 1.00x CPU)
2022-12-06 05:49:22,029 - INFO - pyopencl - build program: kernel 'frozen_inv_metric_deriv_vol' was part of a lengthy source build resulting from a binary cache miss (0.94 s)
/p/gpfs1/mtcampbe/CEESD/AutomatedTesting/MIRGE-Timing/timing/emirge/mirgecom/mirgecom/artificial_viscosity.py:234: UserWarning: The AV boundary_kwargs interface is deprecated, please pass gas_model and time directly.
  warn("The AV boundary_kwargs interface is deprecated, please pass gas_model"
2022-12-06 05:49:23,214 - INFO - grudge.array_context - deduplicate_data_wrappers[pre-partition]: completed (0.62s wall 1.00x CPU)
2022-12-06 05:49:25,144 - INFO - grudge.array_context - transform_dag.infer_axes_tags[pre-partition]: completed (1.75s wall 1.00x CPU)
2022-12-06 05:49:26,318 - INFO - pytato.partition - find_partition: Split 3457 nodes into 1 parts, with [3457] nodes in each partition.
2022-12-06 05:49:28,328 - INFO - meshmode.array_context - transform_dag.materialize_all_einsums_or_reduces: completed (0.44s wall 1.00x CPU)
2022-12-06 05:49:29,929 - INFO - meshmode.array_context - transform_dag.infer_axes_tags: completed (1.60s wall 1.00x CPU)
2022-12-06 05:49:30,093 - INFO - meshmode.array_context - Transforming kernel with 1 statements.
2022-12-06 05:49:30,107 - INFO - meshmode.array_context - Array Contraction: Contracting 0 temps
2022-12-06 05:49:30,110 - INFO - meshmode.array_context - [_alias_global_temporaries]: Reduced memory requirement from 0.0MB to 0.0MB.
2022-12-06 05:49:30,553 - INFO - pyopencl - build program: kernel 'frozen_result' was part of a lengthy source build resulting from a binary cache miss (0.38 s)
2022-12-06 05:49:30,566 - INFO - meshmode.array_context - Transforming kernel with 1 statements.
2022-12-06 05:49:30,602 - INFO - meshmode.array_context - Array Contraction: Contracting 0 temps
2022-12-06 05:49:31,203 - INFO - pyopencl - build program: kernel 'frozen_result' was part of a lengthy source build resulting from a binary cache miss (0.38 s)
2022-12-06 05:49:31,218 - INFO - meshmode.array_context - Transforming kernel with 1 statements.
2022-12-06 05:49:31,256 - INFO - meshmode.array_context - Array Contraction: Contracting 0 temps
2022-12-06 05:49:31,894 - INFO - pyopencl - build program: kernel 'frozen_result' was part of a lengthy source build resulting from a binary cache miss (0.39 s)
2022-12-06 05:49:31,908 - INFO - meshmode.array_context - Transforming kernel with 1 statements.
2022-12-06 05:49:31,933 - INFO - meshmode.array_context - Array Contraction: Contracting 0 temps
2022-12-06 05:49:32,507 - INFO - pyopencl - build program: kernel 'frozen_result' was part of a lengthy source build resulting from a binary cache miss (0.38 s)
2022-12-06 05:49:32,531 - INFO - meshmode.array_context - Transforming kernel with 1 statements.
2022-12-06 05:49:32,559 - INFO - meshmode.array_context - Array Contraction: Contracting 0 temps
2022-12-06 05:49:33,168 - INFO - pyopencl - build program: kernel 'frozen_result' was part of a lengthy source build resulting from a binary cache miss (0.38 s)
2022-12-06 05:49:33,711 - INFO - arraycontext.impl.pytato.compile - transform_dag for 'my_rhs': completed (7.15s wall 1.00x CPU)
2022-12-06 05:49:38,875 - INFO - arraycontext.impl.pytato.compile - generate_loopy for 'my_rhs': completed (5.16s wall 1.00x CPU)
2022-12-06 05:49:38,876 - INFO - meshmode.array_context - Transforming kernel with 364 statements.
2022-12-06 05:49:55,637 - INFO - loopy.tools - fuse_same_discretization_entity_loops on 'my_rhs': completed (15.86s wall 1.00x CPU)
2022-12-06 05:49:56,397 - INFO - meshmode.array_context - Loop Fusion: completed (17.50s wall 1.00x CPU)
2022-12-06 05:49:59,116 - INFO - meshmode.array_context - Array Contraction: Contracting 73 temps
2022-12-06 05:50:03,135 - INFO - loopy.tools - contract_arrays on 'my_rhs': completed (4.02s wall 1.00x CPU)
2022-12-06 05:50:03,577 - INFO - meshmode.array_context - Array Contraction: completed (5.12s wall 1.00x CPU)
2022-12-06 05:50:03,754 - INFO - meshmode.array_context - [_alias_global_temporaries]: Reduced memory requirement from 17.0MB to 7.9MB.
2022-12-06 05:50:05,522 - INFO - arraycontext.impl.pytato.compile - transform_loopy_program for 'my_rhs': completed (26.65s wall 1.00x CPU)
2022-12-06 05:50:09,481 - INFO - loopy.preprocess - my_rhs: preprocess: completed (0.45s wall 1.00x CPU)
2022-12-06 05:50:11,681 - INFO - loopy.tools - preprocess_program on 'my_rhs': completed (5.21s wall 1.00x CPU)
2022-12-06 05:50:20,867 - INFO - loopy.check - my_rhs: check array access within bounds: completed (8.26s wall 1.00x CPU)
2022-12-06 05:50:28,285 - INFO - loopy.schedule - my_rhs: schedule: completed (7.36s wall 1.00x CPU)
2022-12-06 05:50:35,612 - INFO - loopy.codegen - my_rhs: generate code: completed (6.16s wall 1.00x CPU)
2022-12-06 05:50:46,021 - INFO - pyopencl - build program: kernel 'my_rhs' was part of a lengthy source build resulting from a binary cache miss (9.57 s)
2022-12-06 05:50:46,203 - INFO - meshmode.array_context - Transforming kernel with 1 statements.
2022-12-06 05:50:46,228 - INFO - meshmode.array_context - Array Contraction: Contracting 0 temps
2022-12-06 05:50:46,231 - INFO - meshmode.array_context - [_alias_global_temporaries]: Reduced memory requirement from 0.0MB to 0.0MB.
2022-12-06 05:50:46,719 - INFO - pyopencl - build program: kernel 'frozen_result' was part of a lengthy source build resulting from a binary cache miss (0.38 s)
2022-12-06 05:50:46,735 - INFO - meshmode.array_context - Transforming kernel with 1 statements.
2022-12-06 05:50:46,750 - INFO - meshmode.array_context - [_alias_global_temporaries]: Reduced memory requirement from 0.0MB to 0.0MB.
2022-12-06 05:50:46,922 - INFO - meshmode.array_context - Transforming kernel with 1 statements.
2022-12-06 05:50:46,947 - INFO - meshmode.array_context - Array Contraction: Contracting 0 temps
2022-12-06 05:50:46,950 - INFO - meshmode.array_context - [_alias_global_temporaries]: Reduced memory requirement from 0.0MB to 0.0MB.
2022-12-06 05:50:47,434 - INFO - pyopencl - build program: kernel 'frozen_result' was part of a lengthy source build resulting from a binary cache miss (0.38 s)
2022-12-06 05:50:47,450 - INFO - meshmode.array_context - Transforming kernel with 1 statements.
2022-12-06 05:50:47,466 - INFO - meshmode.array_context - [_alias_global_temporaries]: Reduced memory requirement from 0.0MB to 0.0MB.
/p/gpfs1/mtcampbe/CEESD/AutomatedTesting/MIRGE-Timing/timing/emirge/mirgecom/mirgecom/steppers.py:425: UserWarning: Deduced force_eval=True for this timestepper. This can have a nontrivial performance impact. If you know that your timestepper does not require per-step forced evaluation, explicitly set force_eval=False.
  _advance_state_stepper_func(
2022-12-06 05:50:47,694 - INFO - meshmode.array_context - Transforming kernel with 4 statements.
2022-12-06 05:50:47,765 - INFO - meshmode.array_context - Array Contraction: Contracting 0 temps
2022-12-06 05:50:47,771 - INFO - meshmode.array_context - [_alias_global_temporaries]: Reduced memory requirement from 0.0MB to 0.0MB.
2022-12-06 05:50:48,409 - INFO - pyopencl - build program: kernel 'frozen_result' was part of a lengthy source build resulting from a binary cache miss (0.39 s)
step = 0, sim time: 0.000000e+00 s, step walltime: 131.144 s
2022-12-06 05:50:48,580 - INFO - meshmode.array_context - Transforming kernel with 4 statements.
2022-12-06 05:50:48,628 - INFO - meshmode.array_context - [_alias_global_temporaries]: Reduced memory requirement from 0.0MB to 0.0MB.
step = 1, sim time: 1.000000e-08 s, step walltime: 0.33581 s
step = 2, sim time: 2.000000e-08 s, step walltime: 0.0389981 s
step = 3, sim time: 3.000000e-08 s, step walltime: 0.0390043 s
step = 4, sim time: 4.000000e-08 s, step walltime: 0.0384357 s
step = 5, sim time: 5.000000e-08 s, step walltime: 0.0390534 s
step = 6, sim time: 6.000000e-08 s, step walltime: 0.0384007 s
step = 7, sim time: 7.000000e-08 s, step walltime: 0.0384753 s
step = 8, sim time: 8.000000e-08 s, step walltime: 0.0388935 s
step = 9, sim time: 9.000000e-08 s, step walltime: 0.0388267 s
step = 10, sim time: 1.000000e-07 s, step walltime: 0.0391419 s
step = 11, sim time: 1.100000e-07 s, step walltime: 0.0384278 s
step = 12, sim time: 1.200000e-07 s, step walltime: 0.0383587 s
step = 13, sim time: 1.300000e-07 s, step walltime: 0.0400994 s
step = 14, sim time: 1.400000e-07 s, step walltime: 0.0384538 s
step = 15, sim time: 1.500000e-07 s, step walltime: 0.0389967 s
step = 16, sim time: 1.600000e-07 s, step walltime: 0.0384371 s
step = 17, sim time: 1.700000e-07 s, step walltime: 0.0389817 s
step = 18, sim time: 1.800000e-07 s, step walltime: 0.03899 s
2022-12-06 05:50:49,562 - INFO - meshmode.array_context - Transforming kernel with 1 statements.
2022-12-06 05:50:49,587 - INFO - meshmode.array_context - Array Contraction: Contracting 0 temps
2022-12-06 05:50:49,589 - INFO - meshmode.array_context - [_alias_global_temporaries]: Reduced memory requirement from 0.0MB to 0.0MB.
2022-12-06 05:50:50,075 - INFO - pyopencl - build program: kernel 'frozen_result' was part of a lengthy source build resulting from a binary cache miss (0.38 s)
2022-12-06 05:50:50,102 - INFO - meshmode.array_context - Transforming kernel with 1 statements.
2022-12-06 05:50:50,127 - INFO - meshmode.array_context - Array Contraction: Contracting 0 temps
2022-12-06 05:50:50,130 - INFO - meshmode.array_context - [_alias_global_temporaries]: Reduced memory requirement from 0.0MB to 0.0MB.
2022-12-06 05:50:50,618 - INFO - pyopencl - build program: kernel 'frozen_result' was part of a lengthy source build resulting from a binary cache miss (0.38 s)
2022-12-06 05:50:50,698 - INFO - meshmode.array_context - Transforming kernel with 4 statements.
2022-12-06 05:50:50,769 - INFO - meshmode.array_context - Array Contraction: Contracting 0 temps
2022-12-06 05:50:50,775 - INFO - meshmode.array_context - [_alias_global_temporaries]: Reduced memory requirement from 0.0MB to 0.0MB.
2022-12-06 05:50:51,413 - INFO - pyopencl - build program: kernel 'frozen_result' was part of a lengthy source build resulting from a binary cache miss (0.39 s)
step = 19, sim time: 1.900000e-07 s, step walltime: 1.88568 s
2022-12-06 05:50:51,448 - INFO - pytato.partition - find_partition: Split 22 nodes into 1 parts, with [22] nodes in each partition.
2022-12-06 05:50:51,517 - INFO - meshmode.array_context - Transforming kernel with 12 statements.
2022-12-06 05:50:51,775 - INFO - meshmode.array_context - Array Contraction: Contracting 1 temps
2022-12-06 05:50:51,814 - INFO - meshmode.array_context - [_alias_global_temporaries]: Reduced memory requirement from 0.1MB to 0.1MB.
2022-12-06 05:50:51,834 - INFO - arraycontext.impl.pytato.compile - transform_loopy_program for 'get_fluid_state': completed (0.32s wall 1.00x CPU)
2022-12-06 05:50:52,414 - INFO - loopy.schedule - get_fluid_state: schedule: completed (0.42s wall 1.00x CPU)
2022-12-06 05:50:52,922 - INFO - pyopencl - build program: kernel 'get_fluid_state' was part of a lengthy source build resulting from a binary cache miss (0.40 s)
Checkpointing final state ...
2022-12-06 05:50:52,983 - INFO - meshmode.array_context - Transforming kernel with 4 statements.
2022-12-06 05:50:53,017 - INFO - meshmode.array_context - [_alias_global_temporaries]: Reduced memory requirement from 0.2MB to 0.2MB.
-------- dt = 0.000e+00, cfl = 0.0228
-------- P (min, max) (Pa) = (1.284504623e+03, 2.753939220e+05)
-------- T (min, max) (K)  = (269.955, 2214.65)

2022-12-06 05:50:53,250 - INFO - meshmode.array_context - Transforming kernel with 3 statements.
2022-12-06 05:50:53,279 - INFO - meshmode.array_context - [_alias_global_temporaries]: Reduced memory requirement from 0.1MB to 0.1MB.
2022-12-06 05:50:53,605 - INFO - meshmode.array_context - Transforming kernel with 1 statements.
2022-12-06 05:50:53,617 - INFO - meshmode.array_context - [_alias_global_temporaries]: Reduced memory requirement from 0.0MB to 0.0MB.
2022-12-06 05:50:53,795 - INFO - meshmode.array_context - Transforming kernel with 3 statements.
2022-12-06 05:50:53,825 - INFO - meshmode.array_context - [_alias_global_temporaries]: Reduced memory requirement from 0.1MB to 0.1MB.
2022-12-06 05:50:54,190 - INFO - meshmode.array_context - Transforming kernel with 6 statements.
2022-12-06 05:50:54,266 - INFO - meshmode.array_context - [_alias_global_temporaries]: Reduced memory requirement from 0.2MB to 0.2MB.
2022-12-06 05:50:55,220 - INFO - meshmode.array_context - Transforming kernel with 4 statements.
2022-12-06 05:50:55,259 - INFO - meshmode.array_context - [_alias_global_temporaries]: Reduced memory requirement from 0.2MB to 0.2MB.

------------------------------------------------------------
Sender: LSF System <lsfadmin@lassen710>
Subject: Job 4248562: <isolator_timing_job.sh> in cluster <lassen> Done

Job <isolator_timing_job.sh> was submitted from host <lassen708> by user <mtcampbe> in cluster <lassen> at Tue Dec  6 05:47:36 2022
Job was executed on host(s) <1*lassen710>, in queue <pbatch>, as user <mtcampbe> in cluster <lassen> at Tue Dec  6 05:47:38 2022
                            <40*lassen254>
</g/g17/mtcampbe> was used as the home directory.
</p/gpfs1/mtcampbe/CEESD/AutomatedTesting/MIRGE-Timing/timing/emirge/mirgecom/y2-isolator/timing_run> was used as the working directory.
Started at Tue Dec  6 05:47:38 2022
Terminated at Tue Dec  6 05:51:46 2022
Results reported at Tue Dec  6 05:51:46 2022

Your job looked like:

------------------------------------------------------------
# LSBATCH: User input
#!/bin/bash

#BSUB -nnodes 1
#BSUB -G uiuc
#BSUB -W 60
#BSUB -q pbatch

printf "Running with EMIRGE_HOME=/p/gpfs1/mtcampbe/CEESD/AutomatedTesting/MIRGE-Timing/timing/emirge\n"

source "/p/gpfs1/mtcampbe/CEESD/AutomatedTesting/MIRGE-Timing/timing/emirge/config/activate_env.sh"
export PYOPENCL_CTX="port:tesla"
export XDG_CACHE_HOME="/tmp/mtcampbe/xdg-scratch"
rm -rf $XDG_CACHE_HOME
rm -f timing-run-done
which python
conda env list
env
env | grep LSB_MCPU_HOSTS

jsrun -g 1 -a 1 -n 1 python -O -u -m mpi4py ./isolator.py -i timing_params.yaml --lazy --log
touch timing-run-done


------------------------------------------------------------

Successfully completed.

Resource usage summary:

    CPU time :                                   0.27 sec.
    Max Memory :                                 59 MB
    Average Memory :                             57.50 MB
    Total Requested Memory :                     -
    Delta Memory :                               -
    Max Swap :                                   1634 MB
    Max Processes :                              4
    Max Threads :                                27
    Run time :                                   247 sec.
    Turnaround time :                            250 sec.

The output (if any) is above this job summary.

