Customizing shell for Lassen.
Running with EMIRGE_HOME=/p/gpfs1/mtcampbe/CEESD/AutomatedTesting/MIRGE-Timing/timing/emirge
Activating 'nozzle.lazy.timing.env' environment for '/p/gpfs1/mtcampbe/CEESD/AutomatedTesting/MIRGE-Timing/timing/emirge/miniforge3/bin/conda'.
/p/gpfs1/mtcampbe/CEESD/AutomatedTesting/MIRGE-Timing/timing/emirge/miniforge3/envs/nozzle.lazy.timing.env/bin/python
# conda environments:
#
test.parsl               /g/g17/mtcampbe/.conda/envs/test.parsl
base                     /p/gpfs1/mtcampbe/CEESD/AutomatedTesting/MIRGE-Timing/timing/emirge/miniforge3
nozzle.lazy.timing.env  *  /p/gpfs1/mtcampbe/CEESD/AutomatedTesting/MIRGE-Timing/timing/emirge/miniforge3/envs/nozzle.lazy.timing.env
                         /p/gpfs1/mtcampbe/CEESD/AutomatedTesting/MIRGE-Timing/timing/y3-prediction-nowall-scaling-run/emirge/miniforge3/envs/big.scale
                         /p/gpfs1/mtcampbe/CEESD/Experimental/m2n-rst/emirge/miniforge3/envs/x.m2n
                         /p/gpfs1/mtcampbe/CEESD/Experimental/prediciton/mirge-test/miniforge3/envs/prediction.mirge.test
                         /p/gpfs1/mtcampbe/CEESD/Experimental/prediciton/mirge/miniforge3/envs/x.mirge
                         /p/gpfs1/mtcampbe/CEESD/Experimental/scalability/emirge/miniforge3/envs/big.scale2
                         /usr/WS1/xpacc/Users/mtcampbe/CEESD/Lassen/test_emirge/emirge/miniforge3/envs/test.emirge.fk
                         /usr/workspace/wsa/xpacc/Users/mtcampbe/CEESD/Quartz/Install/conda
                         /usr/workspace/wsa/xpacc/Users/mtcampbe/CEESD/Quartz/Install/conda/envs/abate.mtc_euler.env
                         /usr/workspace/wsa/xpacc/Users/mtcampbe/CEESD/Quartz/Install/conda/envs/ceesd.master
                         /usr/workspace/wsa/xpacc/Users/mtcampbe/CEESD/Quartz/Install/conda/envs/chem.master
                         /usr/workspace/wsa/xpacc/Users/mtcampbe/CEESD/Quartz/Install/conda/envs/dgfem
                         /usr/workspace/wsa/xpacc/Users/mtcampbe/CEESD/Quartz/Install/conda/envs/mc.master

LMOD_FAMILY_COMPILER_VERSION=8.3.1
LLNL_IPISOLATE=0
MANPATH=/usr/tce/packages/spectrum-mpi/ibm/spectrum-mpi-rolling-release/share/man:/usr/tce/packages/gcc/gcc-8.3.1/man:/opt/ibm/spectrumcomputing/lsf/10.1.0.10/man:/usr/man:/usr/share/man:/usr/local/man:/usr/X11R6/man:/usr/lib64/mvapich/default/man:/opt/ibm/spectrum_mpi/jsm_pmix/share/man
LSB_EXEC_CLUSTER=lassen
OMPI_COMM_WORLD_RANK=0
LMOD_FAMILY_CUDA=cuda
LMOD_ANCIENT_TIME=3600
GUESTFISH_INIT=\e[1;34m
_ModuleTable003_=LAp1c2VyTmFtZSA9ICJnY2MvOC4zLjEiLAp3ViA9ICIwMDAwMDAwMDguMDAwMDAwMDAzLjAwMDAwMDAwMS4qemZpbmFsIiwKfSwKbGFsbG9jID0gewpmbiA9ICIvdXNyL3RjZXRtcC9tb2R1bGVmaWxlcy9Db3JlL2xhbGxvYy8yLjAubHVhIiwKZnVsbE5hbWUgPSAibGFsbG9jLzIuMCIsCmxvYWRPcmRlciA9IDMsCnByb3BUID0ge30sCnN0YWNrRGVwdGggPSAwLApzdGF0dXMgPSAiYWN0aXZlIiwKdXNlck5hbWUgPSAibGFsbG9jLzIuMCIsCndWID0gIl4wMDAwMDAwMi4qemZpbmFsIiwKfSwKWyJzcGVjdHJ1bS1tcGkiXSA9IHsKZm4gPSAiL3Vzci90Y2UvbW9kdWxlZmlsZXMvQ29tcGlsZXIvZ2NjLzguMy4xL3NwZWN0cnVtLW1waS9yb2xsaW5nLXJlbGVhc2UubHVhIiwKZnVs
HOSTNAME=lassen511
PROJ_DATA=/p/gpfs1/mtcampbe/CEESD/AutomatedTesting/MIRGE-Timing/timing/emirge/miniforge3/envs/nozzle.lazy.timing.env/share/proj
LSB_EFFECTIVE_RSRCREQ=1*{select[(LN) && (type == any)] order[r15s:pg] span[hosts=1]}+40*{select[(CN) && (type == any)] order[r15s:pg] span[ptile=40]}
LSB_DOCKER_JOB_STARTTS=1696668906
BBHASH=b6a4cec278dafa5585969a63db5fde97
JSM_TMPDIR=/var/tmp
MIRGE_TIMING_HOME=/p/gpfs1/mtcampbe/CEESD/AutomatedTesting/MIRGE-Timing/timing
LSF_LOGDIR=/opt/ibm/spectrumcomputing/lsf/log
LSF_LIM_API_NTRIES=1
LSB_BATCH_JID=5273471
__LMOD_REF_COUNT_MODULEPATH=/usr/tce/modulefiles/MPI/gcc/8.3.1/spectrum-mpi/rolling-release:1;/usr/tce/modulefiles/Compiler/gcc/8.3.1:1;/usr/tcetmp/modulefiles/Core:1;/usr/apps/modulefiles:1;/usr/share/modulefiles/Linux:1;/usr/share/modulefiles/Core:1;/usr/share/lmod/lmod/modulefiles/Core:1;/collab/usr/global/tools/modulefiles/blueos_3_ppc64le_ib_p9/Core:1
MAILTO=mtcampbe@illinois.edu,andreask@illinois.edu
SHELL=/bin/bash
LMOD_ROOT=/usr/share/lmod
HISTSIZE=1000
WISECONFIGDIR=/usr/share/wise2/
LMOD_SYSTEM_DEFAULT_MODULES=StdEnv
TMPDIR=/var/tmp
MODULEPATH_ROOT=/usr/share/modulefiles
SSH_CLIENT=192.168.66.202 45274 22
LS_EXECCWD=/p/gpfs1/mtcampbe/CEESD/AutomatedTesting/MIRGE-Timing/timing/emirge/mirgecom/y2-isolator/timing_run
LSB_TRAPSIGS=trap # 15 10 12 2 1
CONDA_SHLVL=1
LMOD_FAMILY_CUDA_VERSION=10.1.243
LS_JOBPID=90062
CONDA_PROMPT_MODIFIER=
GSETTINGS_SCHEMA_DIR_CONDA_BACKUP=
LSB_MAX_NUM_PROCESSORS=41
LSB_JOBRES_CALLBACK=48169@lassen710
LMOD_PKG=/usr/share/lmod/lmod
LSB_JOB_EXECUSER=mtcampbe
LSB_JOBID=5273471
QTDIR=/usr/lib64/qt-3.3
LSF_SERVERDIR=/opt/ibm/spectrumcomputing/lsf/10.1.0.10/linux3.10-glibc2.17-ppc64le-csm/etc
LSB_JOBRES_PID=90062
LMOD_VERSION=8.6.16
LMOD_SHORT_TIME=60
QTINC=/usr/lib64/qt-3.3/include
LSB_JOBNAME=isolator_timing_job.sh
LLNL_COMPUTE_NODES=lassen511
LLNL_ATSDISABLE=0
BSUB_BLOCK_EXEC_HOST=
QT_GRAPHICSSYSTEM_CHECKED=1
LSF_LIBDIR=/opt/ibm/spectrumcomputing/lsf/10.1.0.10/linux3.10-glibc2.17-ppc64le-csm/lib
LSB_PROJECT_NAME=default
OPAL_PREFIX=/usr/tce/packages/spectrum-mpi/ibm/spectrum-mpi-rolling-release
CUDA_HOME=/usr/tce/packages/cuda/cuda-10.1.243
USER=mtcampbe
PYOPENCL_CTX=port:tesla
LMOD_sys=Linux
LD_LIBRARY_PATH=/opt/ibm/spectrumcomputing/lsf/10.1.0.10/linux3.10-glibc2.17-ppc64le-csm/lib:/usr/tce/packages/cuda/cuda-10.1.243/lib64
SBD_KRB5CCNAME_VAL=
NVHPC_CUDA_HOME=/usr/tce/packages/cuda/cuda-10.1.243
LSB_EEXEC_REAL_UID=
REQUESTS_CA_BUNDLE=/etc/pki/tls/cert.pem
CONDA_EXE=/p/gpfs1/mtcampbe/CEESD/AutomatedTesting/MIRGE-Timing/timing/emirge/miniforge3/bin/conda
CEESD=/usr/workspace/wsa/xpacc/Users/mtcampbe/CEESD/Lassen
PFTP_CONFIG_FILENAME=/etc/pftp_config
ENV=/g/g17/mtcampbe/.bashrc
HOST_GRP=linux
_ModuleTable004_=bE5hbWUgPSAic3BlY3RydW0tbXBpL3JvbGxpbmctcmVsZWFzZSIsCmxvYWRPcmRlciA9IDUsCnByb3BUID0ge30sCnN0YWNrRGVwdGggPSAwLApzdGF0dXMgPSAiYWN0aXZlIiwKdXNlck5hbWUgPSAic3BlY3RydW0tbXBpL3JvbGxpbmctcmVsZWFzZSIsCndWID0gIl5yb2xsaW5nLipyZWxlYXNlLip6ZmluYWwiLAp9LAp9LAptcGF0aEEgPSB7CiIvdXNyL3RjZS9tb2R1bGVmaWxlcy9NUEkvZ2NjLzguMy4xL3NwZWN0cnVtLW1waS9yb2xsaW5nLXJlbGVhc2UiCiwgIi91c3IvdGNlL21vZHVsZWZpbGVzL0NvbXBpbGVyL2djYy84LjMuMSIsICIvdXNyL3RjZXRtcC9tb2R1bGVmaWxlcy9Db3JlIgosICIvdXNyL2FwcHMvbW9kdWxlZmlsZXMiLCAiL3Vzci9zaGFyZS9tb2R1bGVm
HOSTTYPE=LINUXPPC64LE
LSF_INVOKE_CMD=bsub
CUDA_CACHE_DISABLE=1
LS_EXEC_T=START
LMOD_FAMILY_LALLOC=lalloc
LS_SUBCWD=/p/gpfs1/mtcampbe/CEESD/AutomatedTesting/MIRGE-Timing/timing/emirge/mirgecom/y2-isolator/timing_run
LSB_SUB_RES_REQ=1*{select[LN]span[hosts=1]} + 40*{select[CN]span[ptile=40]}
LSB_HOSTS=lassen710 lassen511 lassen511 lassen511 lassen511 lassen511 lassen511 lassen511 lassen511 lassen511 lassen511 lassen511 lassen511 lassen511 lassen511 lassen511 lassen511 lassen511 lassen511 lassen511 lassen511 lassen511 lassen511 lassen511 lassen511 lassen511 lassen511 lassen511 lassen511 lassen511 lassen511 lassen511 lassen511 lassen511 lassen511 lassen511 lassen511 lassen511 lassen511 lassen511 lassen511
LMOD_PREPEND_BLOCK=normal
LMOD_FAMILY_MPI_VERSION=rolling-release
GUESTFISH_PS1=\[\e[1;32m\]><fs>\[\e[0;31m\] 
_CE_CONDA=
LSB_UNIXGROUP_INT=mtcampbe
LSB_JOBFILENAME=/g/g17/mtcampbe/.lsbatch/1696668877.5273471
LSB_JOBINDEX=0
_ModuleTable001_=X01vZHVsZVRhYmxlXyA9IHsKTVR2ZXJzaW9uID0gMywKY19yZWJ1aWxkVGltZSA9IGZhbHNlLApjX3Nob3J0VGltZSA9IGZhbHNlLApkZXB0aFQgPSB7fSwKZmFtaWx5ID0gewpjb21waWxlciA9ICJnY2MiLApjdWRhID0gImN1ZGEiLApsYWxsb2MgPSAibGFsbG9jIiwKbXBpID0gInNwZWN0cnVtLW1waSIsCn0sCm1UID0gewpTdGRFbnYgPSB7CmZuID0gIi91c3IvdGNldG1wL21vZHVsZWZpbGVzL0NvcmUvU3RkRW52Lmx1YSIsCmZ1bGxOYW1lID0gIlN0ZEVudiIsCmxvYWRPcmRlciA9IDIsCnByb3BUID0gewpsbW9kID0gewpzdGlja3kgPSAxLAp9LAp9LApzdGFja0RlcHRoID0gMCwKc3RhdHVzID0gImFjdGl2ZSIsCnVzZXJOYW1lID0gIlN0ZEVudiIsCndWID0gIk0uKnpm
PATH=/usr/tce/packages/spectrum-mpi/spectrum-mpi-rolling-release-gcc-8.3.1/bin:/usr/tce/packages/gcc/gcc-8.3.1/bin:/usr/tce/packages/lalloc/lalloc-2.0/bin:/p/gpfs1/mtcampbe/CEESD/AutomatedTesting/MIRGE-Timing/timing/emirge/miniforge3/envs/nozzle.lazy.timing.env/bin:/p/gpfs1/mtcampbe/CEESD/AutomatedTesting/MIRGE-Timing/timing/emirge/miniforge3/bin:/usr/tce/packages/cuda/cuda-10.1.243/bin:/usr/tcetmp/bin:/usr/condabin:/usr/workspace/wsa/xpacc/Users/mtcampbe/CEESD/Lassen/conda-install/bin:/usr/lib64/qt-3.3/bin:/usr/local/bin:/usr/bin:/usr/local/sbin:/usr/sbin:/opt/ibm/spectrum_mpi/jsm_pmix/bin:/opt/ibm/bb/bin:/opt/ibm/flightlog/bin:/opt/ibutils/bin:/opt/ibm/spectrumcomputing/lsf/10.1.0.10/linux3.10-glibc2.17-ppc64le-csm/etc:/opt/ibm/spectrumcomputing/lsf/10.1.0.10/linux3.10-glibc2.17-ppc64le-csm/bin:/opt/ibm/spectrumcomputing/lsf/10.1.0.9/linux3.10-glibc2.17-ppc64le-csm/etc:/opt/ibm/spectrumcomputing/lsf/10.1.0.9/linux3.10-glibc2.17-ppc64le-csm/bin:/g/g17/mtcampbe/tools/bin
MAIL=/var/spool/mail/mtcampbe
PROJ_NETWORK=ON
GSETTINGS_SCHEMA_DIR=/p/gpfs1/mtcampbe/CEESD/AutomatedTesting/MIRGE-Timing/timing/emirge/miniforge3/envs/nozzle.lazy.timing.env/share/glib-2.0/schemas
LCSCHEDCLUSTER=lassen
XML_CATALOG_FILES=file:///p/gpfs1/mtcampbe/CEESD/AutomatedTesting/MIRGE-Timing/timing/emirge/miniforge3/envs/nozzle.lazy.timing.env/etc/xml/catalog file:///etc/xml/catalog
LSB_EXIT_PRE_ABORT=99
LSB_JOBEXIT_STAT=0
LMOD_SETTARG_CMD=:
LMOD_FAMILY_LALLOC_VERSION=2.0
CONDA_PREFIX=/p/gpfs1/mtcampbe/CEESD/AutomatedTesting/MIRGE-Timing/timing/emirge/miniforge3/envs/nozzle.lazy.timing.env
INPUTRC=/etc/inputrc
PWD=/p/gpfs1/mtcampbe/CEESD/AutomatedTesting/MIRGE-Timing/timing/emirge/mirgecom/y2-isolator/timing_run
_LMFILES_=/usr/tcetmp/modulefiles/Core/cuda/10.1.243.lua:/usr/tcetmp/modulefiles/Core/StdEnv.lua:/usr/tcetmp/modulefiles/Core/lalloc/2.0.lua:/usr/tcetmp/modulefiles/Core/gcc/8.3.1.lua:/usr/tce/modulefiles/Compiler/gcc/8.3.1/spectrum-mpi/rolling-release.lua
EDITOR=/bin/vi
LANG=en_US.UTF-8
LSB_CHKFILENAME=/g/g17/mtcampbe/.lsbatch/1696668877.5273471
MODULEPATH=/usr/tce/modulefiles/MPI/gcc/8.3.1/spectrum-mpi/rolling-release:/usr/tce/modulefiles/Compiler/gcc/8.3.1:/usr/tcetmp/modulefiles/Core:/usr/apps/modulefiles:/usr/share/modulefiles/Linux:/usr/share/modulefiles/Core:/usr/share/lmod/lmod/modulefiles/Core:/collab/usr/global/tools/modulefiles/blueos_3_ppc64le_ib_p9/Core
LSB_DJOB_HOSTFILE=/g/g17/mtcampbe/.lsbatch/1696668877.5273471.hostfile
LOADEDMODULES=cuda/10.1.243:StdEnv:lalloc/2.0:gcc/8.3.1:spectrum-mpi/rolling-release
KDEDIRS=/usr
GUESTFISH_OUTPUT=\e[0m
_ModuleTable_Sz_=5
LSB_JOB_STARTER=/usr/tcetmp/bin/bsub_job_starter %USRCMD
EMIRGE_HOME=/p/gpfs1/mtcampbe/CEESD/AutomatedTesting/MIRGE-Timing/timing/emirge
LSF_JOB_TIMESTAMP_VALUE=1696668905
LMOD_CMD=/usr/share/lmod/lmod/libexec/lmod
_ModuleTable005_=aWxlcy9MaW51eCIKLCAiL3Vzci9zaGFyZS9tb2R1bGVmaWxlcy9Db3JlIiwgIi91c3Ivc2hhcmUvbG1vZC9sbW9kL21vZHVsZWZpbGVzL0NvcmUiLCAiL2NvbGxhYi91c3IvZ2xvYmFsL3Rvb2xzL21vZHVsZWZpbGVzL2JsdWVvc18zX3BwYzY0bGVfaWJfcDkvQ29yZSIsCn0sCnN5c3RlbUJhc2VNUEFUSCA9ICIvdXNyL3RjZXRtcC9tb2R1bGVmaWxlcy9Db3JlOi91c3IvYXBwcy9tb2R1bGVmaWxlczovdXNyL3NoYXJlL21vZHVsZWZpbGVzL0xpbnV4Oi91c3Ivc2hhcmUvbW9kdWxlZmlsZXMvQ29yZTovdXNyL3NoYXJlL2xtb2QvbG1vZC9tb2R1bGVmaWxlcy9Db3JlIiwKfQo=
BBPATH=/mnt/bb_b6a4cec278dafa5585969a63db5fde97
LSB_EXEC_HOSTTYPE=UNKNOWN_AUTO_DETECT
LSB_DJOB_NUMPROC=41
LSF_BINDIR=/opt/ibm/spectrumcomputing/lsf/10.1.0.10/linux3.10-glibc2.17-ppc64le-csm/bin
LLNL_NUM_COMPUTE_NODES=1
HISTCONTROL=ignoredups
_CE_M=
SSH_ASKPASS=/usr/libexec/openssh/gnome-ssh-askpass
ENVIRONMENT=BATCH
CXX=mpicxx
HOME=/g/g17/mtcampbe
SHLVL=6
__LMOD_REF_COUNT_PATH=/usr/tce/packages/spectrum-mpi/spectrum-mpi-rolling-release-gcc-8.3.1/bin:2;/usr/tce/packages/gcc/gcc-8.3.1/bin:2;/usr/tce/packages/lalloc/lalloc-2.0/bin:2;/p/gpfs1/mtcampbe/CEESD/AutomatedTesting/MIRGE-Timing/timing/emirge/miniforge3/envs/nozzle.lazy.timing.env/bin:1;/p/gpfs1/mtcampbe/CEESD/AutomatedTesting/MIRGE-Timing/timing/emirge/miniforge3/bin:1;/usr/tce/packages/cuda/cuda-10.1.243/bin:2;/usr/tcetmp/bin:2;/usr/condabin:1;/usr/workspace/wsa/xpacc/Users/mtcampbe/CEESD/Lassen/conda-install/bin:1;/usr/lib64/qt-3.3/bin:1;/usr/local/bin:1;/usr/bin:1;/usr/local/sbin:1;/usr/sbin:1;/opt/ibm/spectrum_mpi/jsm_pmix/bin:1;/opt/ibm/bb/bin:1;/opt/ibm/flightlog/bin:1;/opt/ibutils/bin:1;/opt/ibm/spectrumcomputing/lsf/10.1.0.10/linux3.10-glibc2.17-ppc64le-csm/etc:1;/opt/ibm/spectrumcomputing/lsf/10.1.0.10/linux3.10-glibc2.17-ppc64le-csm/bin:1;/opt/ibm/spectrumcomputing/lsf/10.1.0.9/linux3.10-glibc2.17-ppc64le-csm/etc:1;/opt/ibm/spectrumcomputing/lsf/10.1.0.9/linux3.10-glibc2.17-ppc64le-csm/bin:1
JOB_TERMINATE_INTERVAL=10
LSB_ACCT_FILE=/tmp/5273471.tmpdir/.1696668877.5273471.acct
_ModuleTable002_=aW5hbCIsCn0sCmN1ZGEgPSB7CmZuID0gIi91c3IvdGNldG1wL21vZHVsZWZpbGVzL0NvcmUvY3VkYS8xMC4xLjI0My5sdWEiLApmdWxsTmFtZSA9ICJjdWRhLzEwLjEuMjQzIiwKbG9hZE9yZGVyID0gMSwKcHJvcFQgPSB7fSwKc3RhY2tEZXB0aCA9IDEsCnN0YXR1cyA9ICJhY3RpdmUiLAp1c2VyTmFtZSA9ICJjdWRhLzEwLjEuMjQzIiwKd1YgPSAiXjAwMDAwMDEwLjAwMDAwMDAwMS4wMDAwMDAyNDMuKnpmaW5hbCIsCn0sCmdjYyA9IHsKZm4gPSAiL3Vzci90Y2V0bXAvbW9kdWxlZmlsZXMvQ29yZS9nY2MvOC4zLjEubHVhIiwKZnVsbE5hbWUgPSAiZ2NjLzguMy4xIiwKbG9hZE9yZGVyID0gNCwKcHJvcFQgPSB7fSwKc3RhY2tEZXB0aCA9IDAsCnN0YXR1cyA9ICJhY3RpdmUi
CSM_ALLOCATION_ID=5774261
BINARY_TYPE_HPC=
LLNL_CORE_ISOLATION=2
FC=mpif90
LSB_SUB_HOST=lassen708
XDG_CACHE_HOME=/tmp/mtcampbe/xdg-scratch
__LSF_JOB_TMPDIR__=/tmp/5273471.tmpdir
LSFUSER=mtcampbe
LSB_SUB_USER=mtcampbe
LSB_OUTPUTFILE=/p/gpfs1/mtcampbe/CEESD/AutomatedTesting/MIRGE-Timing/timing/emirge/mirgecom/y2-isolator/timing_run/
LSB_OUTDIR=/p/gpfs1/mtcampbe/CEESD/AutomatedTesting/MIRGE-Timing/timing/emirge/mirgecom/y2-isolator/timing_run
LSB_MCPU_HOSTS=lassen710 1 lassen511 40 
LMOD_arch=ppc64le
TMP=/var/tmp
MPI_ROOT=/usr/tce/packages/spectrum-mpi/ibm/spectrum-mpi-rolling-release
LSB_QUEUE=pbatch
CONDA_PYTHON_EXE=/p/gpfs1/mtcampbe/CEESD/AutomatedTesting/MIRGE-Timing/timing/emirge/miniforge3/bin/python
LOGNAME=mtcampbe
QTLIB=/usr/lib64/qt-3.3/lib
CVS_RSH=ssh
XLSF_UIDDIR=/opt/ibm/spectrumcomputing/lsf/10.1.0.10/linux3.10-glibc2.17-ppc64le-csm/lib/uid
XDG_DATA_DIRS=/p/gpfs1/mtcampbe/CEESD/AutomatedTesting/MIRGE-Timing/.local/share/flatpak/exports/share:/var/lib/flatpak/exports/share:/usr/local/share:/usr/share
SSH_CONNECTION=192.168.66.202 45274 192.168.66.3 22
SYS_TYPE=blueos_3_ppc64le_ib_p9
MODULESHOME=/usr/share/lmod/lmod
LMOD_SETTARG_FULL_SUPPORT=no
LESSOPEN=||/usr/bin/lesspipe.sh %s
__LMOD_REF_COUNT_LD_LIBRARY_PATH=/usr/tce/packages/cuda/cuda-10.1.243/lib64:1;/opt/ibm/spectrumcomputing/lsf/10.1.0.10/linux3.10-glibc2.17-ppc64le-csm/lib:1
PKG_CONFIG_PATH=/usr/tce/packages/cuda/cuda-10.1.243/lib64/pkgconfig
OMP_NUM_THREADS=1
LSF_CGROUP_TOPDIR_KEY=lassen
CONDA_DEFAULT_ENV=nozzle.lazy.timing.env
LMOD_FULL_SETTARG_SUPPORT=no
LMOD_FAMILY_COMPILER=gcc
LSB_XFER_OP=
LSB_EEXEC_REAL_GID=
__LMOD_REF_COUNT_PKG_CONFIG_PATH=/usr/tce/packages/cuda/cuda-10.1.243/lib64/pkgconfig:1
CC=mpicc
QT_PLUGIN_PATH=/usr/lib64/kde4/plugins:/usr/lib/kde4/plugins
LMOD_DIR=/usr/share/lmod/lmod/libexec
LEXEC_UNPICKLE_QUIET=1
__LMOD_REF_COUNT_MANPATH=/usr/tce/packages/spectrum-mpi/ibm/spectrum-mpi-rolling-release/share/man:1;/usr/tce/packages/gcc/gcc-8.3.1/man:1;/opt/ibm/spectrumcomputing/lsf/10.1.0.10/man:1;/usr/man:1;/usr/share/man:1;/usr/local/man:1;/usr/X11R6/man:1;/usr/lib64/mvapich/default/man:1;/opt/ibm/spectrum_mpi/jsm_pmix/share/man:1
LSF_ENVDIR=/opt/ibm/spectrumcomputing/lsf/conf
GUESTFISH_RESTORE=\e[0m
LSB_DJOB_RANKFILE=/g/g17/mtcampbe/.lsbatch/1696668877.5273471.hostfile
LMOD_FAMILY_MPI=spectrum-mpi
LMOD_COLORIZE=yes
HISTFILE=/g/g17/mtcampbe/.bash_history
BASH_FUNC_module()=() {  local __lmod_my_status;
 local __lmod_sh_dbg;
 if [ -z "${LMOD_SH_DBG_ON+x}" ]; then
 case "$-" in 
 *v*x*)
 __lmod_sh_dbg='vx'
 ;;
 *v*)
 __lmod_sh_dbg='v'
 ;;
 *x*)
 __lmod_sh_dbg='x'
 ;;
 esac;
 fi;
 if [ -n "${__lmod_sh_dbg:-}" ]; then
 set +$__lmod_sh_dbg;
 echo "Shell debugging temporarily silenced: export LMOD_SH_DBG_ON=1 for Lmod's output" 1>&2;
 fi;
 eval "$($LMOD_CMD bash "$@")" && eval $(${LMOD_SETTARG_CMD:-:} -s sh);
 __lmod_my_status=$?;
 if [ -n "${__lmod_sh_dbg:-}" ]; then
 echo "Shell debugging restarted" 1>&2;
 set -$__lmod_sh_dbg;
 fi;
 return $__lmod_my_status
}
BASH_FUNC_ml()=() {  eval "$($LMOD_DIR/ml_cmd "$@")"
}
_=/usr/bin/env
LSB_MCPU_HOSTS=lassen710 1 lassen511 40 
Default casename isolator
Using user input from file: timing_params.yaml
Running ./isolator.py

2023-10-07 01:55:18,856 - INFO - grudge.array_context - get_reasonable_array_context_class: MPIFusionContractorArrayContext lazy=True distributed=True device-parallel=True
2023-10-07 01:55:19,365 - INFO - mirgecom.mpi - Using mpi4py version 4.0.0.dev0 with pkl5 scatter support.
2023-10-07 01:55:42,056 - INFO - mirgecom.simutil - Using SVM-based memory pool on <pyopencl.Device 'Tesla V100-SXM2-16GB' on 'Portable Computing Language' at 0x10280f480>.
Shock capturing parameters: alpha 0.5, s0 -4.0, kappa 0.5

#### Simluation control data: ####
	nviz = 100
	nrestart = 100
	nhealth = 100
	nstatus = 100
	current_dt = 1e-08
	t_final = 2e-07
	order = 1
	dimen = 2
	Time integration rk4
#### Simluation control data: ####


#### Simluation material properties: ####
	mu = 4.216360056e-05
	kappa = 0.05621788139856423
	Prandtl Number  = 0.75
#### Simluation initialization data: ####
	inlet Mach number 0.038727226466056475
	inlet temperature 2075.8073416311686
	inlet pressure 274212.0081934861
	inlet rho 0.4623484671063763
	inlet velocity 35.28896626974282
	outlet Mach number 3.661995139955526
	outlet temperature 563.9344091915701
	outlet pressure 2865.7077436508835
	outlet rho 0.01778579568979098
	outlet velocity 1739.2462693097807
#### Simluation initialization data: ####

Reading mesh from data/isolator.msh
./isolator.py:1087: DeprecationWarning: generate_and_distribute_mesh is deprecated and will go away Q4 2022. Use distribute_mesh instead.
  local_mesh, global_nelements = generate_and_distribute_mesh(
Read GMSH: 0.05815863609313965
MeshData: 0.08172416687011719
Making discretization
./isolator.py:1094: DeprecationWarning: mpi_communicator argument is deprecated and will disappear in Q4 2022.
  dcoll = create_discretization_collection(
Done making discretization
/p/gpfs1/mtcampbe/CEESD/AutomatedTesting/MIRGE-Timing/timing/emirge/arraycontext/arraycontext/impl/pytato/__init__.py:413: UserWarning: Running on an Nvidia GPU, reducing the argument size limit from 4352 to 3896.
  warn("Running on an Nvidia GPU, reducing the argument "
2023-10-07 01:55:42,760 - INFO - arraycontext.impl.pytato - limiting argument buffer size for <pyopencl.Device 'Tesla V100-SXM2-16GB' on 'Portable Computing Language' at 0x10280f480> to 3896 bytes
2023-10-07 01:55:42,771 - INFO - meshmode.array_context - Transforming kernel 'frozen_nodes0_2d' with 1 statements.
2023-10-07 01:55:42,802 - INFO - meshmode.array_context - Array Contraction: Contracting 0 temps
2023-10-07 01:55:42,804 - INFO - meshmode.array_context - [_alias_global_temporaries]: Reduced memory requirement of 'frozen_nodes0_2d' from 0.0MB to 0.0MB.
2023-10-07 01:55:43,259 - INFO - loopy.tools - preprocess_program on 'frozen_nodes0_2d': completed (0.45s wall 0.29x CPU)
2023-10-07 01:55:44,094 - INFO - pyopencl - build program: kernel 'frozen_nodes0_2d' was part of a lengthy source build resulting from a binary cache miss (0.75 s)
2023-10-07 01:55:44,143 - INFO - meshmode.array_context - Transforming kernel 'frozen_nodes1_2d' with 1 statements.
2023-10-07 01:55:44,167 - INFO - meshmode.array_context - Array Contraction: Contracting 0 temps
2023-10-07 01:55:44,169 - INFO - meshmode.array_context - [_alias_global_temporaries]: Reduced memory requirement of 'frozen_nodes1_2d' from 0.0MB to 0.0MB.
2023-10-07 01:55:44,612 - INFO - pyopencl - build program: kernel 'frozen_nodes1_2d' was part of a lengthy source build resulting from a binary cache miss (0.35 s)
Before restart/init
Initializing soln.
Initialization for Case(isolator)
===
Num 2d order-1 elements: 2504
Num global elements: 2504
Timestep:        1e-08
Initial time:    0
Final time:      2e-07
CFL:             1.0
Constant CFL:    False
Initialization:  isolator
EOS:             IdealSingleGas

2023-10-07 01:55:46,065 - INFO - meshmode.array_context - transform_dag.infer_axes_tags: completed (0.50s wall 1.00x CPU)
2023-10-07 01:55:46,191 - INFO - arraycontext.impl.pytato - limiting argument buffer size for <pyopencl.Device 'Tesla V100-SXM2-16GB' on 'Portable Computing Language' at 0x10280f480> to 3896 bytes
2023-10-07 01:55:46,801 - INFO - meshmode.array_context - Transforming kernel 'frozen_result' with 14 statements.
2023-10-07 01:55:48,043 - INFO - loopy.tools - fuse_same_discretization_entity_loops on 'frozen_result': completed (1.10s wall 1.00x CPU)
2023-10-07 01:55:48,217 - INFO - meshmode.array_context - Loop Fusion: completed (1.42s wall 1.00x CPU)
2023-10-07 01:55:48,540 - INFO - meshmode.array_context - Array Contraction: Contracting 10 temps
2023-10-07 01:55:49,914 - INFO - loopy.tools - contract_arrays on 'frozen_result': completed (1.38s wall 1.00x CPU)
2023-10-07 01:55:50,111 - INFO - meshmode.array_context - Array Contraction: completed (1.71s wall 1.00x CPU)
2023-10-07 01:55:50,114 - INFO - meshmode.array_context - [_alias_global_temporaries]: Reduced memory requirement of 'frozen_result' from 0.5MB to 0.4MB.
2023-10-07 01:55:51,983 - INFO - loopy.tools - preprocess_program on 'frozen_result': completed (1.16s wall 1.00x CPU)
2023-10-07 01:55:55,713 - INFO - loopy.codegen - frozen_result: generate code: completed (1.82s wall 1.00x CPU)
2023-10-07 01:56:01,427 - INFO - pyopencl - build program: kernel 'frozen_result' was part of a lengthy source build resulting from a binary cache miss (4.92 s)
2023-10-07 01:56:01,795 - INFO - pytato.distributed.verify - find_partition: Split 22 nodes into 1 parts, with [26] nodes in each partition.
2023-10-07 01:56:01,846 - INFO - meshmode.array_context - Transforming kernel 'get_fluid_state' with 14 statements.
2023-10-07 01:56:01,983 - INFO - meshmode.array_context - Array Contraction: Contracting 1 temps
2023-10-07 01:56:02,006 - INFO - meshmode.array_context - [_alias_global_temporaries]: Reduced memory requirement of 'get_fluid_state' from 0.1MB to 0.1MB.
2023-10-07 01:56:02,807 - INFO - pyopencl - build program: kernel 'get_fluid_state' was part of a lengthy source build resulting from a binary cache miss (0.38 s)
./isolator.py:1349: DeprecationWarning: simutil.force_evaluation is deprecated and will disappear in Q3 2023. Use utils.force_evaluation instead.
  fluid_state = force_evaluation(actx, create_fluid_state(cv=state))
2023-10-07 01:56:02,921 - INFO - arraycontext.impl.pytato - limiting argument buffer size for <pyopencl.Device 'Tesla V100-SXM2-16GB' on 'Portable Computing Language' at 0x10280f480> to 3896 bytes
2023-10-07 01:56:02,988 - INFO - meshmode.array_context - Transforming kernel 'frozen_area_el_vol' with 10 statements.
2023-10-07 01:56:03,181 - INFO - meshmode.array_context - Array Contraction: Contracting 1 temps
2023-10-07 01:56:03,210 - INFO - meshmode.array_context - [_alias_global_temporaries]: Reduced memory requirement of 'frozen_area_el_vol' from 0.3MB to 0.2MB.
2023-10-07 01:56:04,382 - INFO - pyopencl - build program: kernel 'frozen_area_el_vol' was part of a lengthy source build resulting from a binary cache miss (0.65 s)
2023-10-07 01:56:04,437 - INFO - meshmode.discretization.connection.face - building face restriction: start
2023-10-07 01:56:04,447 - INFO - meshmode.discretization.connection.face - building face restriction: done
2023-10-07 01:56:04,530 - INFO - meshmode.array_context - Transforming kernel 'frozen_area_el_b_face_restr_all' with 7 statements.
2023-10-07 01:56:04,655 - INFO - meshmode.array_context - Array Contraction: Contracting 2 temps
2023-10-07 01:56:04,686 - INFO - meshmode.array_context - [_alias_global_temporaries]: Reduced memory requirement of 'frozen_area_el_b_face_restr_all' from 0.5MB to 0.3MB.
2023-10-07 01:56:05,672 - INFO - pyopencl - build program: kernel 'frozen_area_el_b_face_restr_all' was part of a lengthy source build resulting from a binary cache miss (0.62 s)
2023-10-07 01:56:05,751 - INFO - meshmode.array_context - Transforming kernel 'frozen_dt_geometric_vol' with 7 statements.
2023-10-07 01:56:05,923 - INFO - meshmode.array_context - Array Contraction: Contracting 0 temps
2023-10-07 01:56:05,935 - INFO - meshmode.array_context - [_alias_global_temporaries]: Reduced memory requirement of 'frozen_dt_geometric_vol' from 0.3MB to 0.2MB.
2023-10-07 01:56:07,498 - INFO - pyopencl - build program: kernel 'frozen_dt_geometric_vol' was part of a lengthy source build resulting from a binary cache miss (1.11 s)
2023-10-07 01:56:07,547 - INFO - meshmode.array_context - Transforming kernel 'frozen_char_lscales' with 1 statements.
2023-10-07 01:56:07,562 - INFO - meshmode.array_context - Array Contraction: Contracting 0 temps
2023-10-07 01:56:07,564 - INFO - meshmode.array_context - [_alias_global_temporaries]: Reduced memory requirement of 'frozen_char_lscales' from 0.0MB to 0.0MB.
2023-10-07 01:56:07,975 - INFO - pyopencl - build program: kernel 'frozen_char_lscales' was part of a lengthy source build resulting from a binary cache miss (0.35 s)
2023-10-07 01:56:08,022 - INFO - meshmode.array_context - Transforming kernel 'frozen_result' with 4 statements.
2023-10-07 01:56:08,072 - INFO - meshmode.array_context - Array Contraction: Contracting 3 temps
2023-10-07 01:56:08,106 - INFO - meshmode.array_context - [_alias_global_temporaries]: Reduced memory requirement of 'frozen_result' from 0.2MB to 0.2MB.
2023-10-07 01:56:08,617 - INFO - pyopencl - build program: kernel 'frozen_result' was part of a lengthy source build resulting from a binary cache miss (0.38 s)
2023-10-07 01:56:09,096 - INFO - pyopencl - build program: kernel 'reduce_kernel_stage1' was part of a lengthy source build resulting from a binary cache miss (0.45 s)
2023-10-07 01:56:09,556 - INFO - pyopencl - build program: kernel 'reduce_kernel_stage2' was part of a lengthy source build resulting from a binary cache miss (0.45 s)
2023-10-07 01:56:09,568 - INFO - meshmode.array_context - Transforming kernel 'frozen_result' with 1 statements.
2023-10-07 01:56:09,574 - INFO - meshmode.array_context - Array Contraction: Contracting 0 temps
_get_iel_to_idofs: str(insn)='_ary_store: _ary <- NaN if isnan(_actx_dw) or isnan(_actx_dw_0) else (_actx_dw if _actx_dw > _actx_dw_0 else _actx_dw_0) {tags=EinsumTag(orig_loop_nest=frozenset())}'
/p/gpfs1/mtcampbe/CEESD/AutomatedTesting/MIRGE-Timing/timing/emirge/meshmode/meshmode/array_context.py:1748: UserWarning: [frozen_result]: FusionContractorArrayContext.transform_loopy_program not broad enough (yet). Falling back to a possibly slower transformation strategy.
  warn(f"[{knl.name}]: FusionContractorArrayContext."
2023-10-07 01:56:09,961 - INFO - pyopencl - build program: kernel 'frozen_result' was part of a lengthy source build resulting from a binary cache miss (0.35 s)
2023-10-07 01:56:10,412 - INFO - pyopencl - build program: kernel 'reduce_kernel_stage1' was part of a lengthy source build resulting from a binary cache miss (0.44 s)
2023-10-07 01:56:10,855 - INFO - pyopencl - build program: kernel 'reduce_kernel_stage2' was part of a lengthy source build resulting from a binary cache miss (0.44 s)
2023-10-07 01:56:10,861 - INFO - meshmode.array_context - Transforming kernel 'frozen_result' with 1 statements.
2023-10-07 01:56:10,866 - INFO - meshmode.array_context - Array Contraction: Contracting 0 temps
_get_iel_to_idofs: str(insn)='_ary_store: _ary <- 0 + _actx_dw {tags=EinsumTag(orig_loop_nest=frozenset())}'
2023-10-07 01:56:11,239 - INFO - pyopencl - build program: kernel 'frozen_result' was part of a lengthy source build resulting from a binary cache miss (0.35 s)
2023-10-07 01:56:11,700 - INFO - pyopencl - build program: kernel 'reduce_kernel_stage1' was part of a lengthy source build resulting from a binary cache miss (0.45 s)
2023-10-07 01:56:12,157 - INFO - pyopencl - build program: kernel 'reduce_kernel_stage2' was part of a lengthy source build resulting from a binary cache miss (0.45 s)
2023-10-07 01:56:12,167 - INFO - meshmode.array_context - Transforming kernel 'frozen_result' with 1 statements.
2023-10-07 01:56:12,174 - INFO - meshmode.array_context - Array Contraction: Contracting 0 temps
_get_iel_to_idofs: str(insn)='_ary_store: _ary <- NaN if isnan(_actx_dw) or isnan(_actx_dw_0) else (_actx_dw if _actx_dw < _actx_dw_0 else _actx_dw_0) {tags=EinsumTag(orig_loop_nest=frozenset())}'
2023-10-07 01:56:12,557 - INFO - pyopencl - build program: kernel 'frozen_result' was part of a lengthy source build resulting from a binary cache miss (0.35 s)
-------- dt = 1.000e-08, cfl = 0.0253
-------- P (min, max) (Pa) = (2.865706984e+03, 2.742120082e+05)
-------- T (min, max) (K)  = (    300, 2075.81)

2023-10-07 01:56:12,591 - INFO - meshmode.array_context - Transforming kernel 'frozen_result' with 1 statements.
2023-10-07 01:56:12,599 - INFO - meshmode.array_context - Array Contraction: Contracting 0 temps
2023-10-07 01:56:12,601 - INFO - meshmode.array_context - [_alias_global_temporaries]: Reduced memory requirement of 'frozen_result' from 0.0MB to 0.0MB.
2023-10-07 01:56:13,010 - INFO - pyopencl - build program: kernel 'frozen_result' was part of a lengthy source build resulting from a binary cache miss (0.36 s)
2023-10-07 01:56:13,022 - INFO - meshmode.array_context - Transforming kernel 'frozen_result' with 1 statements.
2023-10-07 01:56:13,030 - INFO - meshmode.array_context - Array Contraction: Contracting 0 temps
2023-10-07 01:56:13,032 - INFO - meshmode.array_context - [_alias_global_temporaries]: Reduced memory requirement of 'frozen_result' from 0.0MB to 0.0MB.
2023-10-07 01:56:13,440 - INFO - pyopencl - build program: kernel 'frozen_result' was part of a lengthy source build resulting from a binary cache miss (0.35 s)
2023-10-07 01:56:13,452 - INFO - meshmode.array_context - Transforming kernel 'frozen_result' with 1 statements.
2023-10-07 01:56:13,459 - INFO - meshmode.array_context - Array Contraction: Contracting 0 temps
2023-10-07 01:56:13,462 - INFO - meshmode.array_context - [_alias_global_temporaries]: Reduced memory requirement of 'frozen_result' from 0.0MB to 0.0MB.
2023-10-07 01:56:13,868 - INFO - pyopencl - build program: kernel 'frozen_result' was part of a lengthy source build resulting from a binary cache miss (0.35 s)
2023-10-07 01:56:13,880 - INFO - meshmode.array_context - Transforming kernel 'frozen_result' with 1 statements.
2023-10-07 01:56:13,888 - INFO - meshmode.array_context - Array Contraction: Contracting 0 temps
2023-10-07 01:56:13,890 - INFO - meshmode.array_context - [_alias_global_temporaries]: Reduced memory requirement of 'frozen_result' from 0.0MB to 0.0MB.
2023-10-07 01:56:14,296 - INFO - pyopencl - build program: kernel 'frozen_result' was part of a lengthy source build resulting from a binary cache miss (0.35 s)
2023-10-07 01:56:14,330 - INFO - meshmode.array_context - Transforming kernel 'frozen_result' with 3 statements.
2023-10-07 01:56:14,359 - INFO - meshmode.array_context - Array Contraction: Contracting 0 temps
2023-10-07 01:56:14,363 - INFO - meshmode.array_context - [_alias_global_temporaries]: Reduced memory requirement of 'frozen_result' from 0.1MB to 0.1MB.
2023-10-07 01:56:15,023 - INFO - pyopencl - build program: kernel 'frozen_result' was part of a lengthy source build resulting from a binary cache miss (0.50 s)
2023-10-07 01:56:15,046 - INFO - meshmode.array_context - Transforming kernel 'frozen_result' with 1 statements.
2023-10-07 01:56:15,054 - INFO - meshmode.array_context - Array Contraction: Contracting 0 temps
2023-10-07 01:56:15,057 - INFO - meshmode.array_context - [_alias_global_temporaries]: Reduced memory requirement of 'frozen_result' from 0.0MB to 0.0MB.
2023-10-07 01:56:15,481 - INFO - pyopencl - build program: kernel 'frozen_result' was part of a lengthy source build resulting from a binary cache miss (0.36 s)
2023-10-07 01:56:15,504 - INFO - meshmode.array_context - Transforming kernel 'frozen_result' with 1 statements.
2023-10-07 01:56:15,514 - INFO - meshmode.array_context - Array Contraction: Contracting 0 temps
2023-10-07 01:56:15,516 - INFO - meshmode.array_context - [_alias_global_temporaries]: Reduced memory requirement of 'frozen_result' from 0.0MB to 0.0MB.
2023-10-07 01:56:15,963 - INFO - pyopencl - build program: kernel 'frozen_result' was part of a lengthy source build resulting from a binary cache miss (0.36 s)
2023-10-07 01:56:15,994 - INFO - meshmode.array_context - Transforming kernel 'frozen_result' with 3 statements.
2023-10-07 01:56:16,025 - INFO - meshmode.array_context - Array Contraction: Contracting 0 temps
2023-10-07 01:56:16,029 - INFO - meshmode.array_context - [_alias_global_temporaries]: Reduced memory requirement of 'frozen_result' from 0.1MB to 0.1MB.
2023-10-07 01:56:16,683 - INFO - pyopencl - build program: kernel 'frozen_result' was part of a lengthy source build resulting from a binary cache miss (0.50 s)
2023-10-07 01:56:16,736 - INFO - meshmode.array_context - Transforming kernel 'frozen_result' with 6 statements.
2023-10-07 01:56:16,825 - INFO - meshmode.array_context - Array Contraction: Contracting 0 temps
2023-10-07 01:56:16,833 - INFO - meshmode.array_context - [_alias_global_temporaries]: Reduced memory requirement of 'frozen_result' from 0.2MB to 0.2MB.
2023-10-07 01:56:18,240 - INFO - pyopencl - build program: kernel 'frozen_result' was part of a lengthy source build resulting from a binary cache miss (1.02 s)
2023-10-07 01:56:18,311 - INFO - meshmode.array_context - Transforming kernel 'frozen_result' with 4 statements.
2023-10-07 01:56:18,355 - INFO - meshmode.array_context - Array Contraction: Contracting 2 temps
2023-10-07 01:56:18,380 - INFO - meshmode.array_context - [_alias_global_temporaries]: Reduced memory requirement of 'frozen_result' from 0.2MB to 0.2MB.
2023-10-07 01:56:19,147 - INFO - pyopencl - build program: kernel 'frozen_result' was part of a lengthy source build resulting from a binary cache miss (0.51 s)
2023-10-07 01:56:19,181 - INFO - meshmode.discretization.connection.face - building face restriction: start
2023-10-07 01:56:19,186 - INFO - meshmode.discretization.connection.face - building face restriction: done
2023-10-07 01:56:19,199 - INFO - meshmode.discretization.connection.face - building face restriction: start
2023-10-07 01:56:19,204 - INFO - meshmode.discretization.connection.face - building face restriction: done
2023-10-07 01:56:19,216 - INFO - meshmode.discretization.connection.face - building face restriction: start
2023-10-07 01:56:19,227 - INFO - meshmode.discretization.connection.face - building face restriction: done
2023-10-07 01:56:19,239 - INFO - meshmode.discretization.connection.face - building face restriction: start
2023-10-07 01:56:19,323 - INFO - meshmode.discretization.connection.face - building face restriction: done
2023-10-07 01:56:19,456 - INFO - meshmode.array_context - Transforming kernel 'frozen_area_el_b_inflow' with 7 statements.
2023-10-07 01:56:19,581 - INFO - meshmode.array_context - Array Contraction: Contracting 2 temps
2023-10-07 01:56:19,613 - INFO - meshmode.array_context - [_alias_global_temporaries]: Reduced memory requirement of 'frozen_area_el_b_inflow' from 0.0MB to 0.0MB.
2023-10-07 01:56:20,577 - INFO - pyopencl - build program: kernel 'frozen_area_el_b_inflow' was part of a lengthy source build resulting from a binary cache miss (0.60 s)
2023-10-07 01:56:20,657 - INFO - meshmode.array_context - Transforming kernel 'frozen_normal_2_b_inflow' with 3 statements.
2023-10-07 01:56:20,725 - INFO - meshmode.array_context - Array Contraction: Contracting 0 temps
2023-10-07 01:56:20,730 - INFO - meshmode.array_context - [_alias_global_temporaries]: Reduced memory requirement of 'frozen_normal_2_b_inflow' from 0.0MB to 0.0MB.
2023-10-07 01:56:21,577 - INFO - pyopencl - build program: kernel 'frozen_normal_2_b_inflow' was part of a lengthy source build resulting from a binary cache miss (0.60 s)
2023-10-07 01:56:21,645 - INFO - meshmode.array_context - Transforming kernel 'frozen_normal_1_b_inflow' with 3 statements.
2023-10-07 01:56:21,714 - INFO - meshmode.array_context - Array Contraction: Contracting 0 temps
2023-10-07 01:56:21,719 - INFO - meshmode.array_context - [_alias_global_temporaries]: Reduced memory requirement of 'frozen_normal_1_b_inflow' from 0.0MB to 0.0MB.
2023-10-07 01:56:22,570 - INFO - pyopencl - build program: kernel 'frozen_normal_1_b_inflow' was part of a lengthy source build resulting from a binary cache miss (0.60 s)
2023-10-07 01:56:22,601 - INFO - meshmode.array_context - Transforming kernel 'frozen_f2allf_ind' with 0 statements.
2023-10-07 01:56:22,605 - INFO - meshmode.array_context - Array Contraction: Contracting 0 temps
2023-10-07 01:56:22,968 - INFO - pyopencl - build program: kernel 'frozen_f2allf_ind' was part of a lengthy source build resulting from a binary cache miss (0.34 s)
2023-10-07 01:56:22,977 - INFO - meshmode.array_context - Transforming kernel 'frozen_f2allf_ind' with 0 statements.
2023-10-07 01:56:23,106 - INFO - meshmode.array_context - Transforming kernel 'frozen_f2allf_ind' with 1 statements.
2023-10-07 01:56:23,117 - INFO - meshmode.array_context - Array Contraction: Contracting 0 temps
2023-10-07 01:56:23,119 - INFO - meshmode.array_context - [_alias_global_temporaries]: Reduced memory requirement of 'frozen_f2allf_ind' from 0.0MB to 0.0MB.
2023-10-07 01:56:23,508 - INFO - pyopencl - build program: kernel 'frozen_f2allf_ind' was part of a lengthy source build resulting from a binary cache miss (0.35 s)
2023-10-07 01:56:23,611 - INFO - meshmode.array_context - Transforming kernel 'frozen_area_el_b_outflow' with 7 statements.
2023-10-07 01:56:23,736 - INFO - meshmode.array_context - Array Contraction: Contracting 2 temps
2023-10-07 01:56:23,768 - INFO - meshmode.array_context - [_alias_global_temporaries]: Reduced memory requirement of 'frozen_area_el_b_outflow' from 0.0MB to 0.0MB.
2023-10-07 01:56:24,730 - INFO - pyopencl - build program: kernel 'frozen_area_el_b_outflow' was part of a lengthy source build resulting from a binary cache miss (0.60 s)
2023-10-07 01:56:24,811 - INFO - meshmode.array_context - Transforming kernel 'frozen_normal_2_b_outflow' with 3 statements.
2023-10-07 01:56:24,878 - INFO - meshmode.array_context - Array Contraction: Contracting 0 temps
2023-10-07 01:56:24,884 - INFO - meshmode.array_context - [_alias_global_temporaries]: Reduced memory requirement of 'frozen_normal_2_b_outflow' from 0.0MB to 0.0MB.
2023-10-07 01:56:25,730 - INFO - pyopencl - build program: kernel 'frozen_normal_2_b_outflow' was part of a lengthy source build resulting from a binary cache miss (0.60 s)
2023-10-07 01:56:25,798 - INFO - meshmode.array_context - Transforming kernel 'frozen_normal_1_b_outflow' with 3 statements.
2023-10-07 01:56:25,865 - INFO - meshmode.array_context - Array Contraction: Contracting 0 temps
2023-10-07 01:56:25,871 - INFO - meshmode.array_context - [_alias_global_temporaries]: Reduced memory requirement of 'frozen_normal_1_b_outflow' from 0.0MB to 0.0MB.
2023-10-07 01:56:26,719 - INFO - pyopencl - build program: kernel 'frozen_normal_1_b_outflow' was part of a lengthy source build resulting from a binary cache miss (0.60 s)
2023-10-07 01:56:26,750 - INFO - meshmode.array_context - Transforming kernel 'frozen_f2allf_ind' with 1 statements.
2023-10-07 01:56:26,761 - INFO - meshmode.array_context - Array Contraction: Contracting 0 temps
2023-10-07 01:56:26,763 - INFO - meshmode.array_context - [_alias_global_temporaries]: Reduced memory requirement of 'frozen_f2allf_ind' from 0.0MB to 0.0MB.
2023-10-07 01:56:27,149 - INFO - pyopencl - build program: kernel 'frozen_f2allf_ind' was part of a lengthy source build resulting from a binary cache miss (0.35 s)
2023-10-07 01:56:27,161 - INFO - meshmode.array_context - Transforming kernel 'frozen_f2allf_ind' with 1 statements.
2023-10-07 01:56:27,172 - INFO - meshmode.array_context - Array Contraction: Contracting 0 temps
2023-10-07 01:56:27,174 - INFO - meshmode.array_context - [_alias_global_temporaries]: Reduced memory requirement of 'frozen_f2allf_ind' from 0.0MB to 0.0MB.
2023-10-07 01:56:27,560 - INFO - pyopencl - build program: kernel 'frozen_f2allf_ind' was part of a lengthy source build resulting from a binary cache miss (0.34 s)
2023-10-07 01:56:27,664 - INFO - meshmode.array_context - Transforming kernel 'frozen_area_el_b_wall' with 7 statements.
2023-10-07 01:56:27,788 - INFO - meshmode.array_context - Array Contraction: Contracting 2 temps
2023-10-07 01:56:27,819 - INFO - meshmode.array_context - [_alias_global_temporaries]: Reduced memory requirement of 'frozen_area_el_b_wall' from 0.0MB to 0.0MB.
2023-10-07 01:56:28,791 - INFO - pyopencl - build program: kernel 'frozen_area_el_b_wall' was part of a lengthy source build resulting from a binary cache miss (0.61 s)
2023-10-07 01:56:28,869 - INFO - meshmode.array_context - Transforming kernel 'frozen_normal_2_b_wall' with 3 statements.
2023-10-07 01:56:28,937 - INFO - meshmode.array_context - Array Contraction: Contracting 0 temps
2023-10-07 01:56:28,942 - INFO - meshmode.array_context - [_alias_global_temporaries]: Reduced memory requirement of 'frozen_normal_2_b_wall' from 0.0MB to 0.0MB.
2023-10-07 01:56:29,807 - INFO - pyopencl - build program: kernel 'frozen_normal_2_b_wall' was part of a lengthy source build resulting from a binary cache miss (0.61 s)
2023-10-07 01:56:29,874 - INFO - meshmode.array_context - Transforming kernel 'frozen_normal_1_b_wall' with 3 statements.
2023-10-07 01:56:29,941 - INFO - meshmode.array_context - Array Contraction: Contracting 0 temps
2023-10-07 01:56:29,946 - INFO - meshmode.array_context - [_alias_global_temporaries]: Reduced memory requirement of 'frozen_normal_1_b_wall' from 0.0MB to 0.0MB.
2023-10-07 01:56:30,809 - INFO - pyopencl - build program: kernel 'frozen_normal_1_b_wall' was part of a lengthy source build resulting from a binary cache miss (0.60 s)
2023-10-07 01:56:30,840 - INFO - meshmode.array_context - Transforming kernel 'frozen_f2allf_ind' with 1 statements.
2023-10-07 01:56:30,851 - INFO - meshmode.array_context - Array Contraction: Contracting 0 temps
2023-10-07 01:56:30,854 - INFO - meshmode.array_context - [_alias_global_temporaries]: Reduced memory requirement of 'frozen_f2allf_ind' from 0.0MB to 0.0MB.
2023-10-07 01:56:31,237 - INFO - pyopencl - build program: kernel 'frozen_f2allf_ind' was part of a lengthy source build resulting from a binary cache miss (0.34 s)
2023-10-07 01:56:31,248 - INFO - meshmode.array_context - Transforming kernel 'frozen_f2allf_ind' with 1 statements.
2023-10-07 01:56:31,258 - INFO - meshmode.array_context - Array Contraction: Contracting 0 temps
2023-10-07 01:56:31,260 - INFO - meshmode.array_context - [_alias_global_temporaries]: Reduced memory requirement of 'frozen_f2allf_ind' from 0.0MB to 0.0MB.
2023-10-07 01:56:31,652 - INFO - pyopencl - build program: kernel 'frozen_f2allf_ind' was part of a lengthy source build resulting from a binary cache miss (0.35 s)
2023-10-07 01:56:31,754 - INFO - meshmode.array_context - Transforming kernel 'frozen_area_el_b_face_restr_interior' with 7 statements.
2023-10-07 01:56:31,877 - INFO - meshmode.array_context - Array Contraction: Contracting 2 temps
2023-10-07 01:56:31,909 - INFO - meshmode.array_context - [_alias_global_temporaries]: Reduced memory requirement of 'frozen_area_el_b_face_restr_interior' from 0.4MB to 0.3MB.
2023-10-07 01:56:32,880 - INFO - pyopencl - build program: kernel 'frozen_area_el_b_face_restr_interior' was part of a lengthy source build resulting from a binary cache miss (0.61 s)
2023-10-07 01:56:32,959 - INFO - meshmode.array_context - Transforming kernel 'frozen_normal_2_b_face_restr_interior' with 3 statements.
2023-10-07 01:56:33,026 - INFO - meshmode.array_context - Array Contraction: Contracting 0 temps
2023-10-07 01:56:33,031 - INFO - meshmode.array_context - [_alias_global_temporaries]: Reduced memory requirement of 'frozen_normal_2_b_face_restr_interior' from 0.2MB to 0.2MB.
2023-10-07 01:56:33,897 - INFO - pyopencl - build program: kernel 'frozen_normal_2_b_face_restr_interior' was part of a lengthy source build resulting from a binary cache miss (0.61 s)
2023-10-07 01:56:33,963 - INFO - meshmode.array_context - Transforming kernel 'frozen_normal_1_b_face_restr_interior' with 3 statements.
2023-10-07 01:56:34,031 - INFO - meshmode.array_context - Array Contraction: Contracting 0 temps
2023-10-07 01:56:34,036 - INFO - meshmode.array_context - [_alias_global_temporaries]: Reduced memory requirement of 'frozen_normal_1_b_face_restr_interior' from 0.2MB to 0.2MB.
2023-10-07 01:56:34,983 - INFO - pyopencl - build program: kernel 'frozen_normal_1_b_face_restr_interior' was part of a lengthy source build resulting from a binary cache miss (0.61 s)
2023-10-07 01:56:35,014 - INFO - meshmode.array_context - Transforming kernel 'frozen_f2allf_ind' with 1 statements.
2023-10-07 01:56:35,025 - INFO - meshmode.array_context - Array Contraction: Contracting 0 temps
2023-10-07 01:56:35,027 - INFO - meshmode.array_context - [_alias_global_temporaries]: Reduced memory requirement of 'frozen_f2allf_ind' from 0.0MB to 0.0MB.
2023-10-07 01:56:35,420 - INFO - pyopencl - build program: kernel 'frozen_f2allf_ind' was part of a lengthy source build resulting from a binary cache miss (0.35 s)
2023-10-07 01:56:35,431 - INFO - meshmode.array_context - Transforming kernel 'frozen_f2allf_ind' with 1 statements.
2023-10-07 01:56:35,442 - INFO - meshmode.array_context - Array Contraction: Contracting 0 temps
2023-10-07 01:56:35,444 - INFO - meshmode.array_context - [_alias_global_temporaries]: Reduced memory requirement of 'frozen_f2allf_ind' from 0.0MB to 0.0MB.
2023-10-07 01:56:35,836 - INFO - pyopencl - build program: kernel 'frozen_f2allf_ind' was part of a lengthy source build resulting from a binary cache miss (0.35 s)
2023-10-07 01:56:35,847 - INFO - meshmode.array_context - Transforming kernel 'frozen_f2allf_ind' with 1 statements.
2023-10-07 01:56:35,858 - INFO - meshmode.array_context - Array Contraction: Contracting 0 temps
2023-10-07 01:56:35,860 - INFO - meshmode.array_context - [_alias_global_temporaries]: Reduced memory requirement of 'frozen_f2allf_ind' from 0.0MB to 0.0MB.
2023-10-07 01:56:36,253 - INFO - pyopencl - build program: kernel 'frozen_f2allf_ind' was part of a lengthy source build resulting from a binary cache miss (0.35 s)
2023-10-07 01:56:36,885 - INFO - meshmode.array_context - Transforming kernel 'frozen_inv_metric_deriv_vol' with 45 statements.
2023-10-07 01:56:37,738 - INFO - loopy.tools - fuse_same_discretization_entity_loops on 'frozen_inv_metric_deriv_vol': completed (0.75s wall 1.00x CPU)
2023-10-07 01:56:37,788 - INFO - meshmode.array_context - Loop Fusion: completed (0.89s wall 1.00x CPU)
2023-10-07 01:56:37,908 - INFO - meshmode.array_context - Array Contraction: Contracting 0 temps
2023-10-07 01:56:37,948 - INFO - meshmode.array_context - [_alias_global_temporaries]: Reduced memory requirement of 'frozen_inv_metric_deriv_vol' from 1.7MB to 0.5MB.
2023-10-07 01:56:38,698 - INFO - loopy.tools - preprocess_program on 'frozen_inv_metric_deriv_vol': completed (0.60s wall 1.00x CPU)
2023-10-07 01:56:41,155 - INFO - pyopencl - build program: kernel 'frozen_inv_metric_deriv_vol' was part of a lengthy source build resulting from a binary cache miss (0.93 s)
/p/gpfs1/mtcampbe/CEESD/AutomatedTesting/MIRGE-Timing/timing/emirge/mirgecom/mirgecom/artificial_viscosity.py:347: UserWarning: The AV boundary_kwargs interface is deprecated, please pass gas_model and time directly.
  warn("The AV boundary_kwargs interface is deprecated, please pass gas_model"
2023-10-07 01:56:43,291 - INFO - grudge.array_context - deduplicate_data_wrappers[pre-partition]: completed (1.38s wall 1.00x CPU)
2023-10-07 01:56:45,030 - INFO - grudge.array_context - materialize_with_mpms[pre-partition]: completed (1.74s wall 1.00x CPU)
2023-10-07 01:56:50,680 - INFO - grudge.array_context - transform_dag.infer_axes_tags[pre-partition]: completed (5.65s wall 1.00x CPU)
2023-10-07 01:56:52,223 - INFO - pytato.distributed.verify - find_partition: Split 3430 nodes into 1 parts, with [3430] nodes in each partition.
2023-10-07 01:56:54,549 - INFO - meshmode.array_context - transform_dag.mpms_materialization: completed (1.66s wall 1.00x CPU)
2023-10-07 01:56:55,344 - INFO - meshmode.array_context - transform_dag.naming_cse: completed (0.79s wall 1.00x CPU)
2023-10-07 01:56:56,023 - INFO - meshmode.array_context - transform_dag.tag_indices_as_non_negative: completed (0.64s wall 1.00x CPU)
2023-10-07 01:56:57,299 - INFO - meshmode.array_context - transform_dag.deduplicate_data_wrappers: completed (1.28s wall 1.00x CPU)
2023-10-07 01:56:58,565 - INFO - meshmode.array_context - transform_dag.materialize_face_mass_ins_and_outs: completed (0.64s wall 1.00x CPU)
2023-10-07 01:57:00,164 - INFO - meshmode.array_context - transform_dag.materialize_all_einsums_or_reduces: completed (0.96s wall 1.00x CPU)
2023-10-07 01:57:05,324 - INFO - meshmode.array_context - transform_dag.infer_axes_tags: completed (5.16s wall 1.00x CPU)
2023-10-07 01:57:05,990 - INFO - meshmode.array_context - Transforming kernel 'frozen_result' with 1 statements.
2023-10-07 01:57:06,002 - INFO - meshmode.array_context - Array Contraction: Contracting 0 temps
2023-10-07 01:57:06,004 - INFO - meshmode.array_context - [_alias_global_temporaries]: Reduced memory requirement of 'frozen_result' from 0.0MB to 0.0MB.
2023-10-07 01:57:06,408 - INFO - pyopencl - build program: kernel 'frozen_result' was part of a lengthy source build resulting from a binary cache miss (0.35 s)
2023-10-07 01:57:06,423 - INFO - meshmode.array_context - Transforming kernel 'frozen_result' with 1 statements.
2023-10-07 01:57:06,449 - INFO - meshmode.array_context - Array Contraction: Contracting 0 temps
_get_iel_to_idofs: str(insn)="_ary_store: _ary[idim_ensm0, idim_ensm0_0, iel_ensm0] <- inv_metric_deriv_vol[((idim_ensm0*5008 + idim_ensm0_0*2504 + iel_ensm0) % 10016) // 5008, ((idim_ensm0*5008 + idim_ensm0_0*2504 + iel_ensm0) % 5008) // 2504, (idim_ensm0*5008 + idim_ensm0_0*2504 + iel_ensm0) % 2504, 0] {tags=EinsumTag(orig_loop_nest=frozenset({'iel_0_0_', 'idim_0_0_', 'idim_1_0_'}))}"
2023-10-07 01:57:06,967 - INFO - pyopencl - build program: kernel 'frozen_result' was part of a lengthy source build resulting from a binary cache miss (0.37 s)
2023-10-07 01:57:06,990 - INFO - meshmode.array_context - Transforming kernel 'frozen_result' with 1 statements.
_get_iel_to_idofs: str(insn)="_ary_store: _ary[idim_ensm0, idim_ensm0_0, iel_ensm0] <- inv_metric_deriv_vol[((idim_ensm0*5008 + idim_ensm0_0*2504 + iel_ensm0) % 10016) // 5008, ((idim_ensm0*5008 + idim_ensm0_0*2504 + iel_ensm0) % 5008) // 2504, (idim_ensm0*5008 + idim_ensm0_0*2504 + iel_ensm0) % 2504, 0] {tags=EinsumTag(orig_loop_nest=frozenset({'idim_1_0_', 'idim_0_0_', 'iel_0_0_'}))}"
2023-10-07 01:57:07,173 - INFO - meshmode.array_context - Transforming kernel 'frozen_result' with 1 statements.
2023-10-07 01:57:07,190 - INFO - meshmode.array_context - Array Contraction: Contracting 0 temps
_get_iel_to_idofs: str(insn)="_ary_store: _ary[iface_ensm0, iel_ensm0] <- _actx_dw[((iface_ensm0*2504 + iel_ensm0) % 7512) // 2504, (iface_ensm0*2504 + iel_ensm0) % 2504, 0] {tags=EinsumTag(orig_loop_nest=frozenset({'iface_0_0_', 'iel_0_0_'}))}"
2023-10-07 01:57:07,643 - INFO - pyopencl - build program: kernel 'frozen_result' was part of a lengthy source build resulting from a binary cache miss (0.36 s)
2023-10-07 01:57:08,988 - INFO - arraycontext.impl.pytato.compile - transform_dag for 'my_rhs': completed (16.76s wall 1.00x CPU)
2023-10-07 01:57:15,264 - INFO - arraycontext.impl.pytato.compile - generate_loopy for 'my_rhs': completed (6.28s wall 1.00x CPU)
2023-10-07 01:57:15,265 - INFO - meshmode.array_context - Transforming kernel 'my_rhs' with 355 statements.
2023-10-07 01:57:26,560 - INFO - loopy.tools - fuse_same_discretization_entity_loops on 'my_rhs': completed (10.43s wall 1.00x CPU)
2023-10-07 01:57:27,242 - INFO - meshmode.array_context - Loop Fusion: completed (11.96s wall 1.00x CPU)
2023-10-07 01:57:28,668 - INFO - meshmode.array_context - Array Contraction: Contracting 73 temps
2023-10-07 01:57:31,509 - INFO - loopy.tools - contract_arrays on 'my_rhs': completed (2.85s wall 1.00x CPU)
2023-10-07 01:57:31,926 - INFO - meshmode.array_context - Array Contraction: completed (3.89s wall 1.00x CPU)
2023-10-07 01:57:32,109 - INFO - meshmode.array_context - [_alias_global_temporaries]: Reduced memory requirement of 'my_rhs' from 16.5MB to 7.7MB.
2023-10-07 01:57:33,381 - INFO - arraycontext.impl.pytato.compile - transform_loopy_program for 'my_rhs': completed (18.12s wall 1.00x CPU)
2023-10-07 01:57:37,251 - INFO - loopy.preprocess - my_rhs: preprocess: completed (0.44s wall 1.00x CPU)
2023-10-07 01:57:39,263 - INFO - loopy.tools - preprocess_program on 'my_rhs': completed (5.00s wall 1.00x CPU)
2023-10-07 01:57:45,190 - INFO - loopy.schedule - my_rhs: schedule: completed (2.37s wall 1.00x CPU)
2023-10-07 01:57:53,018 - INFO - loopy.codegen - my_rhs: generate code: completed (4.28s wall 1.00x CPU)
2023-10-07 01:58:04,597 - INFO - pyopencl - build program: kernel 'my_rhs' was part of a lengthy source build resulting from a binary cache miss (9.52 s)
2023-10-07 01:58:06,017 - INFO - meshmode.array_context - Transforming kernel 'frozen_result' with 1 statements.
2023-10-07 01:58:06,034 - INFO - meshmode.array_context - Array Contraction: Contracting 0 temps
2023-10-07 01:58:06,036 - INFO - meshmode.array_context - [_alias_global_temporaries]: Reduced memory requirement of 'frozen_result' from 0.0MB to 0.0MB.
2023-10-07 01:58:06,459 - INFO - pyopencl - build program: kernel 'frozen_result' was part of a lengthy source build resulting from a binary cache miss (0.36 s)
2023-10-07 01:58:06,476 - INFO - meshmode.array_context - Transforming kernel 'frozen_result' with 1 statements.
2023-10-07 01:58:06,492 - INFO - meshmode.array_context - Array Contraction: Contracting 0 temps
2023-10-07 01:58:06,494 - INFO - meshmode.array_context - [_alias_global_temporaries]: Reduced memory requirement of 'frozen_result' from 0.0MB to 0.0MB.
2023-10-07 01:58:06,917 - INFO - pyopencl - build program: kernel 'frozen_result' was part of a lengthy source build resulting from a binary cache miss (0.36 s)
2023-10-07 01:58:06,942 - INFO - meshmode.array_context - Transforming kernel 'frozen_result' with 1 statements.
2023-10-07 01:58:06,958 - INFO - meshmode.array_context - Array Contraction: Contracting 0 temps
2023-10-07 01:58:06,961 - INFO - meshmode.array_context - [_alias_global_temporaries]: Reduced memory requirement of 'frozen_result' from 0.0MB to 0.0MB.
2023-10-07 01:58:07,382 - INFO - pyopencl - build program: kernel 'frozen_result' was part of a lengthy source build resulting from a binary cache miss (0.36 s)
2023-10-07 01:58:07,399 - INFO - meshmode.array_context - Transforming kernel 'frozen_result' with 1 statements.
2023-10-07 01:58:07,416 - INFO - meshmode.array_context - Array Contraction: Contracting 0 temps
2023-10-07 01:58:07,419 - INFO - meshmode.array_context - [_alias_global_temporaries]: Reduced memory requirement of 'frozen_result' from 0.0MB to 0.0MB.
2023-10-07 01:58:07,839 - INFO - pyopencl - build program: kernel 'frozen_result' was part of a lengthy source build resulting from a binary cache miss (0.35 s)
/p/gpfs1/mtcampbe/CEESD/AutomatedTesting/MIRGE-Timing/timing/emirge/mirgecom/mirgecom/steppers.py:439: UserWarning: Deduced force_eval=True for this timestepper. This can have a nontrivial performance impact. If you know that your timestepper does not require per-step forced evaluation, explicitly set force_eval=False.
  _advance_state_stepper_func(
2023-10-07 01:58:07,905 - INFO - meshmode.array_context - Transforming kernel 'frozen_result' with 4 statements.
2023-10-07 01:58:07,960 - INFO - meshmode.array_context - Array Contraction: Contracting 0 temps
2023-10-07 01:58:07,965 - INFO - meshmode.array_context - [_alias_global_temporaries]: Reduced memory requirement of 'frozen_result' from 0.0MB to 0.0MB.
2023-10-07 01:58:08,536 - INFO - pyopencl - build program: kernel 'frozen_result' was part of a lengthy source build resulting from a binary cache miss (0.37 s)
step = 0, sim time: 0.000000e+00 s, step walltime: 125.716 s
2023-10-07 01:58:08,660 - INFO - meshmode.array_context - Transforming kernel 'frozen_result' with 4 statements.
2023-10-07 01:58:08,713 - INFO - meshmode.array_context - Array Contraction: Contracting 0 temps
2023-10-07 01:58:08,719 - INFO - meshmode.array_context - [_alias_global_temporaries]: Reduced memory requirement of 'frozen_result' from 0.0MB to 0.0MB.
2023-10-07 01:58:09,292 - INFO - pyopencl - build program: kernel 'frozen_result' was part of a lengthy source build resulting from a binary cache miss (0.37 s)
step = 1, sim time: 1.000000e-08 s, step walltime: 0.741874 s
step = 2, sim time: 2.000000e-08 s, step walltime: 0.0367051 s
step = 3, sim time: 3.000000e-08 s, step walltime: 0.035695 s
step = 4, sim time: 4.000000e-08 s, step walltime: 0.0357207 s
step = 5, sim time: 5.000000e-08 s, step walltime: 0.0361737 s
step = 6, sim time: 6.000000e-08 s, step walltime: 0.035647 s
step = 7, sim time: 7.000000e-08 s, step walltime: 0.0364134 s
step = 8, sim time: 8.000000e-08 s, step walltime: 0.0375209 s
step = 9, sim time: 9.000000e-08 s, step walltime: 0.0355948 s
step = 10, sim time: 1.000000e-07 s, step walltime: 0.0355169 s
step = 11, sim time: 1.100000e-07 s, step walltime: 0.0355102 s
step = 12, sim time: 1.200000e-07 s, step walltime: 0.0362528 s
step = 13, sim time: 1.300000e-07 s, step walltime: 0.0355205 s
step = 14, sim time: 1.400000e-07 s, step walltime: 0.0361322 s
step = 15, sim time: 1.500000e-07 s, step walltime: 0.0354858 s
step = 16, sim time: 1.600000e-07 s, step walltime: 0.0355096 s
step = 17, sim time: 1.700000e-07 s, step walltime: 0.0361531 s
step = 18, sim time: 1.800000e-07 s, step walltime: 0.0355283 s
2023-10-07 01:58:10,021 - INFO - meshmode.array_context - Transforming kernel 'frozen_result' with 1 statements.
2023-10-07 01:58:10,038 - INFO - meshmode.array_context - Array Contraction: Contracting 0 temps
2023-10-07 01:58:10,041 - INFO - meshmode.array_context - [_alias_global_temporaries]: Reduced memory requirement of 'frozen_result' from 0.0MB to 0.0MB.
2023-10-07 01:58:10,462 - INFO - pyopencl - build program: kernel 'frozen_result' was part of a lengthy source build resulting from a binary cache miss (0.36 s)
2023-10-07 01:58:10,489 - INFO - meshmode.array_context - Transforming kernel 'frozen_result' with 1 statements.
2023-10-07 01:58:10,505 - INFO - meshmode.array_context - Array Contraction: Contracting 0 temps
2023-10-07 01:58:10,507 - INFO - meshmode.array_context - [_alias_global_temporaries]: Reduced memory requirement of 'frozen_result' from 0.0MB to 0.0MB.
2023-10-07 01:58:10,928 - INFO - pyopencl - build program: kernel 'frozen_result' was part of a lengthy source build resulting from a binary cache miss (0.36 s)
2023-10-07 01:58:10,997 - INFO - meshmode.array_context - Transforming kernel 'frozen_result' with 4 statements.
2023-10-07 01:58:11,051 - INFO - meshmode.array_context - Array Contraction: Contracting 0 temps
2023-10-07 01:58:11,056 - INFO - meshmode.array_context - [_alias_global_temporaries]: Reduced memory requirement of 'frozen_result' from 0.0MB to 0.0MB.
2023-10-07 01:58:11,627 - INFO - pyopencl - build program: kernel 'frozen_result' was part of a lengthy source build resulting from a binary cache miss (0.37 s)
step = 19, sim time: 1.900000e-07 s, step walltime: 1.6506 s
2023-10-07 01:58:11,673 - INFO - pytato.distributed.verify - find_partition: Split 22 nodes into 1 parts, with [26] nodes in each partition.
2023-10-07 01:58:11,723 - INFO - meshmode.array_context - Transforming kernel 'get_fluid_state' with 14 statements.
2023-10-07 01:58:11,858 - INFO - meshmode.array_context - Array Contraction: Contracting 1 temps
2023-10-07 01:58:11,881 - INFO - meshmode.array_context - [_alias_global_temporaries]: Reduced memory requirement of 'get_fluid_state' from 0.1MB to 0.1MB.
2023-10-07 01:58:12,674 - INFO - pyopencl - build program: kernel 'get_fluid_state' was part of a lengthy source build resulting from a binary cache miss (0.38 s)
Checkpointing final state ...
2023-10-07 01:58:12,750 - INFO - meshmode.array_context - Transforming kernel 'frozen_result' with 4 statements.
2023-10-07 01:58:12,800 - INFO - meshmode.array_context - Array Contraction: Contracting 3 temps
2023-10-07 01:58:12,833 - INFO - meshmode.array_context - [_alias_global_temporaries]: Reduced memory requirement of 'frozen_result' from 0.2MB to 0.2MB.
2023-10-07 01:58:13,344 - INFO - pyopencl - build program: kernel 'frozen_result' was part of a lengthy source build resulting from a binary cache miss (0.38 s)
-------- dt = 0.000e+00, cfl = 0.0228
-------- P (min, max) (Pa) = (1.284504623e+03, 2.753939220e+05)
-------- T (min, max) (K)  = (269.955, 2214.65)

2023-10-07 01:58:13,400 - INFO - meshmode.array_context - Transforming kernel 'frozen_result' with 3 statements.
2023-10-07 01:58:13,429 - INFO - meshmode.array_context - Array Contraction: Contracting 0 temps
2023-10-07 01:58:13,433 - INFO - meshmode.array_context - [_alias_global_temporaries]: Reduced memory requirement of 'frozen_result' from 0.1MB to 0.1MB.
2023-10-07 01:58:14,100 - INFO - pyopencl - build program: kernel 'frozen_result' was part of a lengthy source build resulting from a binary cache miss (0.51 s)
2023-10-07 01:58:14,122 - INFO - meshmode.array_context - Transforming kernel 'frozen_result' with 1 statements.
2023-10-07 01:58:14,130 - INFO - meshmode.array_context - Array Contraction: Contracting 0 temps
2023-10-07 01:58:14,133 - INFO - meshmode.array_context - [_alias_global_temporaries]: Reduced memory requirement of 'frozen_result' from 0.0MB to 0.0MB.
2023-10-07 01:58:14,560 - INFO - pyopencl - build program: kernel 'frozen_result' was part of a lengthy source build resulting from a binary cache miss (0.37 s)
2023-10-07 01:58:14,593 - INFO - meshmode.array_context - Transforming kernel 'frozen_result' with 3 statements.
2023-10-07 01:58:14,623 - INFO - meshmode.array_context - Array Contraction: Contracting 0 temps
2023-10-07 01:58:14,627 - INFO - meshmode.array_context - [_alias_global_temporaries]: Reduced memory requirement of 'frozen_result' from 0.1MB to 0.1MB.
2023-10-07 01:58:15,290 - INFO - pyopencl - build program: kernel 'frozen_result' was part of a lengthy source build resulting from a binary cache miss (0.50 s)
2023-10-07 01:58:15,343 - INFO - meshmode.array_context - Transforming kernel 'frozen_result' with 6 statements.
2023-10-07 01:58:15,432 - INFO - meshmode.array_context - Array Contraction: Contracting 0 temps
2023-10-07 01:58:15,441 - INFO - meshmode.array_context - [_alias_global_temporaries]: Reduced memory requirement of 'frozen_result' from 0.2MB to 0.2MB.
2023-10-07 01:58:16,856 - INFO - pyopencl - build program: kernel 'frozen_result' was part of a lengthy source build resulting from a binary cache miss (1.05 s)
2023-10-07 01:58:16,924 - INFO - meshmode.array_context - Transforming kernel 'frozen_result' with 4 statements.
2023-10-07 01:58:16,969 - INFO - meshmode.array_context - Array Contraction: Contracting 2 temps
2023-10-07 01:58:16,993 - INFO - meshmode.array_context - [_alias_global_temporaries]: Reduced memory requirement of 'frozen_result' from 0.2MB to 0.2MB.
2023-10-07 01:58:17,698 - INFO - pyopencl - build program: kernel 'frozen_result' was part of a lengthy source build resulting from a binary cache miss (0.52 s)

------------------------------------------------------------
Sender: LSF System <lsfadmin@lassen710>
Subject: Job 5273471: <isolator_timing_job.sh> in cluster <lassen> Done

Job <isolator_timing_job.sh> was submitted from host <lassen708> by user <mtcampbe> in cluster <lassen> at Sat Oct  7 01:54:37 2023
Job was executed on host(s) <1*lassen710>, in queue <pbatch>, as user <mtcampbe> in cluster <lassen> at Sat Oct  7 01:55:06 2023
                            <40*lassen511>
</g/g17/mtcampbe> was used as the home directory.
</p/gpfs1/mtcampbe/CEESD/AutomatedTesting/MIRGE-Timing/timing/emirge/mirgecom/y2-isolator/timing_run> was used as the working directory.
Started at Sat Oct  7 01:55:06 2023
Terminated at Sat Oct  7 01:58:50 2023
Results reported at Sat Oct  7 01:58:50 2023

Your job looked like:

------------------------------------------------------------
# LSBATCH: User input
#!/bin/bash

#BSUB -nnodes 1
#BSUB -G uiuc
#BSUB -W 60
#BSUB -q pbatch

printf "Running with EMIRGE_HOME=/p/gpfs1/mtcampbe/CEESD/AutomatedTesting/MIRGE-Timing/timing/emirge\n"

source "/p/gpfs1/mtcampbe/CEESD/AutomatedTesting/MIRGE-Timing/timing/emirge/config/activate_env.sh"
export PYOPENCL_CTX="port:tesla"
export XDG_CACHE_HOME="/tmp/mtcampbe/xdg-scratch"
rm -rf $XDG_CACHE_HOME
rm -f timing-run-done
which python
conda env list
env
env | grep LSB_MCPU_HOSTS

jsrun -g 1 -a 1 -n 1 python -O -u -m mpi4py ./isolator.py -i timing_params.yaml --lazy --log
touch timing-run-done


------------------------------------------------------------

Successfully completed.

Resource usage summary:

    CPU time :                                   0.28 sec.
    Max Memory :                                 59 MB
    Average Memory :                             57.70 MB
    Total Requested Memory :                     -
    Delta Memory :                               -
    Max Swap :                                   1634 MB
    Max Processes :                              4
    Max Threads :                                27
    Run time :                                   223 sec.
    Turnaround time :                            253 sec.

The output (if any) is above this job summary.

