Customizing shell for Lassen.
Running with EMIRGE_HOME=/p/gpfs1/mtcampbe/CEESD/AutomatedTesting/MIRGE-Timing/timing/emirge
Activating 'nozzle.lazy.timing.env' environment for '/p/gpfs1/mtcampbe/CEESD/AutomatedTesting/MIRGE-Timing/timing/emirge/miniforge3/bin/conda'.
/p/gpfs1/mtcampbe/CEESD/AutomatedTesting/MIRGE-Timing/timing/emirge/miniforge3/envs/nozzle.lazy.timing.env/bin/python
# conda environments:
#
                         /p/gpfs1/mtcampbe/CEESD/AutomatedTesting/MIRGE-Timing/testing/emirge/miniforge3/envs/ceesd.testing.env
base                     /p/gpfs1/mtcampbe/CEESD/AutomatedTesting/MIRGE-Timing/timing/emirge/miniforge3
nozzle.lazy.timing.env  *  /p/gpfs1/mtcampbe/CEESD/AutomatedTesting/MIRGE-Timing/timing/emirge/miniforge3/envs/nozzle.lazy.timing.env
                         /usr/workspace/wsa/xpacc/Users/mtcampbe/CEESD/Quartz/Install/conda
                         /usr/workspace/wsa/xpacc/Users/mtcampbe/CEESD/Quartz/Install/conda/envs/abate.mtc_euler.env
                         /usr/workspace/wsa/xpacc/Users/mtcampbe/CEESD/Quartz/Install/conda/envs/ceesd.master
                         /usr/workspace/wsa/xpacc/Users/mtcampbe/CEESD/Quartz/Install/conda/envs/chem.master
                         /usr/workspace/wsa/xpacc/Users/mtcampbe/CEESD/Quartz/Install/conda/envs/dgfem
                         /usr/workspace/wsa/xpacc/Users/mtcampbe/CEESD/Quartz/Install/conda/envs/mc.master

LMOD_FAMILY_COMPILER_VERSION=8.3.1
PROJ_LIB=/p/gpfs1/mtcampbe/CEESD/AutomatedTesting/MIRGE-Timing/timing/emirge/miniforge3/envs/nozzle.lazy.timing.env/share/proj
LLNL_IPISOLATE=0
MANPATH=/usr/tce/packages/spectrum-mpi/ibm/spectrum-mpi-rolling-release/share/man:/usr/tce/packages/gcc/gcc-8.3.1/man:/opt/ibm/spectrumcomputing/lsf/10.1.0.10/man:/usr/man:/usr/share/man:/usr/local/man:/usr/X11R6/man:/usr/lib64/mvapich/default/man:/opt/ibm/spectrum_mpi/jsm_pmix/share/man
LSB_EXEC_CLUSTER=lassen
OMPI_COMM_WORLD_RANK=0
LMOD_FAMILY_CUDA=cuda
LMOD_ANCIENT_TIME=3600
GUESTFISH_INIT=\e[1;34m
_ModuleTable003_=LAp1c2VyTmFtZSA9ICJnY2MvOC4zLjEiLAp3ViA9ICIwMDAwMDAwMDguMDAwMDAwMDAzLjAwMDAwMDAwMS4qemZpbmFsIiwKfSwKbGFsbG9jID0gewpmbiA9ICIvdXNyL3RjZXRtcC9tb2R1bGVmaWxlcy9Db3JlL2xhbGxvYy8yLjAubHVhIiwKZnVsbE5hbWUgPSAibGFsbG9jLzIuMCIsCmxvYWRPcmRlciA9IDMsCnByb3BUID0ge30sCnN0YWNrRGVwdGggPSAwLApzdGF0dXMgPSAiYWN0aXZlIiwKdXNlck5hbWUgPSAibGFsbG9jLzIuMCIsCndWID0gIl4wMDAwMDAwMi4qemZpbmFsIiwKfSwKWyJzcGVjdHJ1bS1tcGkiXSA9IHsKZm4gPSAiL3Vzci90Y2UvbW9kdWxlZmlsZXMvQ29tcGlsZXIvZ2NjLzguMy4xL3NwZWN0cnVtLW1waS9yb2xsaW5nLXJlbGVhc2UubHVhIiwKZnVs
HOSTNAME=lassen581
LSB_EFFECTIVE_RSRCREQ=1*{select[(LN) && (type == any)] order[r15s:pg] span[hosts=1]}+40*{select[(CN) && (type == any)] order[r15s:pg] span[ptile=40]}
LSB_DOCKER_JOB_STARTTS=1655800305
BBHASH=fffc655c702a73ad565ea3fe4c75a01a
JSM_TMPDIR=/var/tmp
MIRGE_TIMING_HOME=/p/gpfs1/mtcampbe/CEESD/AutomatedTesting/MIRGE-Timing/timing
LSF_LOGDIR=/opt/ibm/spectrumcomputing/lsf/log
LSF_LIM_API_NTRIES=1
LSB_BATCH_JID=3666186
__LMOD_REF_COUNT_MODULEPATH=/usr/tce/modulefiles/MPI/gcc/8.3.1/spectrum-mpi/rolling-release:1;/usr/tce/modulefiles/Compiler/gcc/8.3.1:1;/usr/tcetmp/modulefiles/Core:1;/usr/apps/modulefiles:1;/usr/share/modulefiles/Linux:1;/usr/share/modulefiles/Core:1;/usr/share/lmod/lmod/modulefiles/Core:1;/collab/usr/global/tools/modulefiles/blueos_3_ppc64le_ib_p9/Core:1
MAILTO=mtcampbe@illinois.edu,andreask@illinois.edu
SHELL=/bin/bash
LMOD_ROOT=/usr/share/lmod
HISTSIZE=1000
WISECONFIGDIR=/usr/share/wise2/
LMOD_SYSTEM_DEFAULT_MODULES=StdEnv
TMPDIR=/var/tmp
MODULEPATH_ROOT=/usr/share/modulefiles
SSH_CLIENT=192.168.66.202 45774 22
LS_EXECCWD=/p/gpfs1/mtcampbe/CEESD/AutomatedTesting/MIRGE-Timing/timing/emirge/mirgecom/y2-isolator/timing_run
LSB_TRAPSIGS=trap # 15 10 12 2 1
CONDA_SHLVL=1
LMOD_FAMILY_CUDA_VERSION=10.1.243
LS_JOBPID=37110
CONDA_PROMPT_MODIFIER=
LSB_MAX_NUM_PROCESSORS=41
LSB_JOBRES_CALLBACK=53837@lassen710
LMOD_PKG=/usr/share/lmod/lmod
LSB_JOB_EXECUSER=mtcampbe
LSB_JOBID=3666186
QTDIR=/usr/lib64/qt-3.3
LSF_SERVERDIR=/opt/ibm/spectrumcomputing/lsf/10.1.0.10/linux3.10-glibc2.17-ppc64le-csm/etc
LSB_JOBRES_PID=37110
LMOD_VERSION=8.6.16
LMOD_SHORT_TIME=60
QTINC=/usr/lib64/qt-3.3/include
LSB_JOBNAME=isolator_timing_job.sh
LLNL_COMPUTE_NODES=lassen581
LLNL_ATSDISABLE=0
BSUB_BLOCK_EXEC_HOST=
QT_GRAPHICSSYSTEM_CHECKED=1
LSF_LIBDIR=/opt/ibm/spectrumcomputing/lsf/10.1.0.10/linux3.10-glibc2.17-ppc64le-csm/lib
LSB_PROJECT_NAME=default
OPAL_PREFIX=/usr/tce/packages/spectrum-mpi/ibm/spectrum-mpi-rolling-release
CUDA_HOME=/usr/tce/packages/cuda/cuda-10.1.243
USER=mtcampbe
PYOPENCL_CTX=port:tesla
LMOD_sys=Linux
LD_LIBRARY_PATH=/opt/ibm/spectrumcomputing/lsf/10.1.0.10/linux3.10-glibc2.17-ppc64le-csm/lib:/usr/tce/packages/cuda/cuda-10.1.243/lib64
SBD_KRB5CCNAME_VAL=
LSB_EEXEC_REAL_UID=
CONDA_EXE=/p/gpfs1/mtcampbe/CEESD/AutomatedTesting/MIRGE-Timing/timing/emirge/miniforge3/bin/conda
CEESD=/usr/workspace/wsa/xpacc/Users/mtcampbe/CEESD/Lassen
ENV=/g/g17/mtcampbe/.bashrc
PFTP_CONFIG_FILENAME=/etc/pftp_config
HOST_GRP=linux
_ModuleTable004_=bE5hbWUgPSAic3BlY3RydW0tbXBpL3JvbGxpbmctcmVsZWFzZSIsCmxvYWRPcmRlciA9IDUsCnByb3BUID0ge30sCnN0YWNrRGVwdGggPSAwLApzdGF0dXMgPSAiYWN0aXZlIiwKdXNlck5hbWUgPSAic3BlY3RydW0tbXBpL3JvbGxpbmctcmVsZWFzZSIsCndWID0gIl5yb2xsaW5nLipyZWxlYXNlLip6ZmluYWwiLAp9LAp9LAptcGF0aEEgPSB7CiIvdXNyL3RjZS9tb2R1bGVmaWxlcy9NUEkvZ2NjLzguMy4xL3NwZWN0cnVtLW1waS9yb2xsaW5nLXJlbGVhc2UiCiwgIi91c3IvdGNlL21vZHVsZWZpbGVzL0NvbXBpbGVyL2djYy84LjMuMSIsICIvdXNyL3RjZXRtcC9tb2R1bGVmaWxlcy9Db3JlIgosICIvdXNyL2FwcHMvbW9kdWxlZmlsZXMiLCAiL3Vzci9zaGFyZS9tb2R1bGVm
HOSTTYPE=LINUXPPC64LE
LSF_INVOKE_CMD=bsub
CUDA_CACHE_DISABLE=1
LS_EXEC_T=START
LMOD_FAMILY_LALLOC=lalloc
LS_SUBCWD=/p/gpfs1/mtcampbe/CEESD/AutomatedTesting/MIRGE-Timing/timing/emirge/mirgecom/y2-isolator/timing_run
LSB_SUB_RES_REQ=1*{select[LN]span[hosts=1]} + 40*{select[CN]span[ptile=40]}
LSB_HOSTS=lassen710 lassen581 lassen581 lassen581 lassen581 lassen581 lassen581 lassen581 lassen581 lassen581 lassen581 lassen581 lassen581 lassen581 lassen581 lassen581 lassen581 lassen581 lassen581 lassen581 lassen581 lassen581 lassen581 lassen581 lassen581 lassen581 lassen581 lassen581 lassen581 lassen581 lassen581 lassen581 lassen581 lassen581 lassen581 lassen581 lassen581 lassen581 lassen581 lassen581 lassen581
LMOD_PREPEND_BLOCK=normal
LMOD_FAMILY_MPI_VERSION=rolling-release
GUESTFISH_PS1=\[\e[1;32m\]><fs>\[\e[0;31m\] 
_CE_CONDA=
LSB_UNIXGROUP_INT=mtcampbe
LSB_JOBFILENAME=/g/g17/mtcampbe/.lsbatch/1655800304.3666186
LSB_JOBINDEX=0
_ModuleTable001_=X01vZHVsZVRhYmxlXyA9IHsKTVR2ZXJzaW9uID0gMywKY19yZWJ1aWxkVGltZSA9IGZhbHNlLApjX3Nob3J0VGltZSA9IGZhbHNlLApkZXB0aFQgPSB7fSwKZmFtaWx5ID0gewpjb21waWxlciA9ICJnY2MiLApjdWRhID0gImN1ZGEiLApsYWxsb2MgPSAibGFsbG9jIiwKbXBpID0gInNwZWN0cnVtLW1waSIsCn0sCm1UID0gewpTdGRFbnYgPSB7CmZuID0gIi91c3IvdGNldG1wL21vZHVsZWZpbGVzL0NvcmUvU3RkRW52Lmx1YSIsCmZ1bGxOYW1lID0gIlN0ZEVudiIsCmxvYWRPcmRlciA9IDIsCnByb3BUID0gewpsbW9kID0gewpzdGlja3kgPSAxLAp9LAp9LApzdGFja0RlcHRoID0gMCwKc3RhdHVzID0gImFjdGl2ZSIsCnVzZXJOYW1lID0gIlN0ZEVudiIsCndWID0gIk0uKnpm
PATH=/usr/workspace/wsa/xpacc/Users/mtcampbe/CEESD/Lassen/conda-install/bin:/usr/workspace/wsa/xpacc/Users/mtcampbe/CEESD/Lassen/conda-install/bin:/usr/tce/packages/spectrum-mpi/spectrum-mpi-rolling-release-gcc-8.3.1/bin:/usr/tce/packages/gcc/gcc-8.3.1/bin:/usr/tce/packages/lalloc/lalloc-2.0/bin:/p/gpfs1/mtcampbe/CEESD/AutomatedTesting/MIRGE-Timing/timing/emirge/miniforge3/envs/nozzle.lazy.timing.env/bin:/p/gpfs1/mtcampbe/CEESD/AutomatedTesting/MIRGE-Timing/timing/emirge/miniforge3/bin:/usr/workspace/wsa/xpacc/Users/mtcampbe/CEESD/Lassen/conda-install/bin:/usr/tce/packages/cuda/cuda-10.1.243/bin:/usr/tcetmp/bin:/usr/condabin:/usr/lib64/qt-3.3/bin:/usr/local/bin:/usr/bin:/usr/local/sbin:/usr/sbin:/opt/ibm/spectrum_mpi/jsm_pmix/bin:/opt/ibm/bb/bin:/opt/ibm/flightlog/bin:/opt/ibutils/bin:/opt/ibm/spectrumcomputing/lsf/10.1.0.10/linux3.10-glibc2.17-ppc64le-csm/etc:/opt/ibm/spectrumcomputing/lsf/10.1.0.10/linux3.10-glibc2.17-ppc64le-csm/bin:/opt/ibm/spectrumcomputing/lsf/10.1.0.9/linux3.10-glibc2.17-ppc64le-csm/etc:/opt/ibm/spectrumcomputing/lsf/10.1.0.9/linux3.10-glibc2.17-ppc64le-csm/bin
MAIL=/var/spool/mail/mtcampbe
PROJ_NETWORK=ON
LCSCHEDCLUSTER=lassen
LSB_EXIT_PRE_ABORT=99
LSB_JOBEXIT_STAT=0
LMOD_SETTARG_CMD=:
LMOD_FAMILY_LALLOC_VERSION=2.0
CONDA_PREFIX=/p/gpfs1/mtcampbe/CEESD/AutomatedTesting/MIRGE-Timing/timing/emirge/miniforge3/envs/nozzle.lazy.timing.env
INPUTRC=/etc/inputrc
PWD=/p/gpfs1/mtcampbe/CEESD/AutomatedTesting/MIRGE-Timing/timing/emirge/mirgecom/y2-isolator/timing_run
_LMFILES_=/usr/tcetmp/modulefiles/Core/cuda/10.1.243.lua:/usr/tcetmp/modulefiles/Core/StdEnv.lua:/usr/tcetmp/modulefiles/Core/lalloc/2.0.lua:/usr/tcetmp/modulefiles/Core/gcc/8.3.1.lua:/usr/tce/modulefiles/Compiler/gcc/8.3.1/spectrum-mpi/rolling-release.lua
EDITOR=/bin/vi
LANG=en_US.UTF-8
LSB_CHKFILENAME=/g/g17/mtcampbe/.lsbatch/1655800304.3666186
MODULEPATH=/usr/tce/modulefiles/MPI/gcc/8.3.1/spectrum-mpi/rolling-release:/usr/tce/modulefiles/Compiler/gcc/8.3.1:/usr/tcetmp/modulefiles/Core:/usr/apps/modulefiles:/usr/share/modulefiles/Linux:/usr/share/modulefiles/Core:/usr/share/lmod/lmod/modulefiles/Core:/collab/usr/global/tools/modulefiles/blueos_3_ppc64le_ib_p9/Core
LSB_DJOB_HOSTFILE=/g/g17/mtcampbe/.lsbatch/1655800304.3666186.hostfile
LOADEDMODULES=cuda/10.1.243:StdEnv:lalloc/2.0:gcc/8.3.1:spectrum-mpi/rolling-release
KDEDIRS=/usr
GUESTFISH_OUTPUT=\e[0m
_ModuleTable_Sz_=5
LSB_JOB_STARTER=/usr/tcetmp/bin/bsub_job_starter %USRCMD
EMIRGE_HOME=/p/gpfs1/mtcampbe/CEESD/AutomatedTesting/MIRGE-Timing/timing/emirge
LSF_JOB_TIMESTAMP_VALUE=1655800305
LMOD_CMD=/usr/share/lmod/lmod/libexec/lmod
_ModuleTable005_=aWxlcy9MaW51eCIKLCAiL3Vzci9zaGFyZS9tb2R1bGVmaWxlcy9Db3JlIiwgIi91c3Ivc2hhcmUvbG1vZC9sbW9kL21vZHVsZWZpbGVzL0NvcmUiLCAiL2NvbGxhYi91c3IvZ2xvYmFsL3Rvb2xzL21vZHVsZWZpbGVzL2JsdWVvc18zX3BwYzY0bGVfaWJfcDkvQ29yZSIsCn0sCnN5c3RlbUJhc2VNUEFUSCA9ICIvdXNyL3RjZXRtcC9tb2R1bGVmaWxlcy9Db3JlOi91c3IvYXBwcy9tb2R1bGVmaWxlczovdXNyL3NoYXJlL21vZHVsZWZpbGVzL0xpbnV4Oi91c3Ivc2hhcmUvbW9kdWxlZmlsZXMvQ29yZTovdXNyL3NoYXJlL2xtb2QvbG1vZC9tb2R1bGVmaWxlcy9Db3JlIiwKfQo=
BBPATH=/mnt/bb_fffc655c702a73ad565ea3fe4c75a01a
LSB_EXEC_HOSTTYPE=UNKNOWN_AUTO_DETECT
LSB_DJOB_NUMPROC=41
LSF_BINDIR=/opt/ibm/spectrumcomputing/lsf/10.1.0.10/linux3.10-glibc2.17-ppc64le-csm/bin
LLNL_NUM_COMPUTE_NODES=1
HISTCONTROL=ignoredups
ENVIRONMENT=BATCH
_CE_M=
SSH_ASKPASS=/usr/libexec/openssh/gnome-ssh-askpass
CXX=mpicxx
HOME=/g/g17/mtcampbe
SHLVL=6
__LMOD_REF_COUNT_PATH=/usr/tce/packages/spectrum-mpi/spectrum-mpi-rolling-release-gcc-8.3.1/bin:2;/usr/tce/packages/gcc/gcc-8.3.1/bin:2;/usr/tce/packages/lalloc/lalloc-2.0/bin:2;/p/gpfs1/mtcampbe/CEESD/AutomatedTesting/MIRGE-Timing/timing/emirge/miniforge3/envs/nozzle.lazy.timing.env/bin:1;/p/gpfs1/mtcampbe/CEESD/AutomatedTesting/MIRGE-Timing/timing/emirge/miniforge3/bin:1;/usr/workspace/wsa/xpacc/Users/mtcampbe/CEESD/Lassen/conda-install/bin:1;/usr/tce/packages/cuda/cuda-10.1.243/bin:2;/usr/tcetmp/bin:2;/usr/condabin:1;/usr/lib64/qt-3.3/bin:1;/usr/local/bin:1;/usr/bin:1;/usr/local/sbin:1;/usr/sbin:1;/opt/ibm/spectrum_mpi/jsm_pmix/bin:1;/opt/ibm/bb/bin:1;/opt/ibm/flightlog/bin:1;/opt/ibutils/bin:1;/opt/ibm/spectrumcomputing/lsf/10.1.0.10/linux3.10-glibc2.17-ppc64le-csm/etc:1;/opt/ibm/spectrumcomputing/lsf/10.1.0.10/linux3.10-glibc2.17-ppc64le-csm/bin:1;/opt/ibm/spectrumcomputing/lsf/10.1.0.9/linux3.10-glibc2.17-ppc64le-csm/etc:1;/opt/ibm/spectrumcomputing/lsf/10.1.0.9/linux3.10-glibc2.17-ppc64le-csm/bin:1
JOB_TERMINATE_INTERVAL=10
LSB_ACCT_FILE=/tmp/3666186.tmpdir/.1655800304.3666186.acct
_ModuleTable002_=aW5hbCIsCn0sCmN1ZGEgPSB7CmZuID0gIi91c3IvdGNldG1wL21vZHVsZWZpbGVzL0NvcmUvY3VkYS8xMC4xLjI0My5sdWEiLApmdWxsTmFtZSA9ICJjdWRhLzEwLjEuMjQzIiwKbG9hZE9yZGVyID0gMSwKcHJvcFQgPSB7fSwKc3RhY2tEZXB0aCA9IDEsCnN0YXR1cyA9ICJhY3RpdmUiLAp1c2VyTmFtZSA9ICJjdWRhLzEwLjEuMjQzIiwKd1YgPSAiXjAwMDAwMDEwLjAwMDAwMDAwMS4wMDAwMDAyNDMuKnpmaW5hbCIsCn0sCmdjYyA9IHsKZm4gPSAiL3Vzci90Y2V0bXAvbW9kdWxlZmlsZXMvQ29yZS9nY2MvOC4zLjEubHVhIiwKZnVsbE5hbWUgPSAiZ2NjLzguMy4xIiwKbG9hZE9yZGVyID0gNCwKcHJvcFQgPSB7fSwKc3RhY2tEZXB0aCA9IDAsCnN0YXR1cyA9ICJhY3RpdmUi
CSM_ALLOCATION_ID=3728228
BINARY_TYPE_HPC=
LLNL_CORE_ISOLATION=2
FC=mpif90
LSB_SUB_HOST=lassen708
XDG_CACHE_HOME=/tmp/mtcampbe/xdg-scratch
__LSF_JOB_TMPDIR__=/tmp/3666186.tmpdir
LSFUSER=mtcampbe
LSB_SUB_USER=mtcampbe
LSB_OUTPUTFILE=/p/gpfs1/mtcampbe/CEESD/AutomatedTesting/MIRGE-Timing/timing/emirge/mirgecom/y2-isolator/timing_run/
LSB_OUTDIR=/p/gpfs1/mtcampbe/CEESD/AutomatedTesting/MIRGE-Timing/timing/emirge/mirgecom/y2-isolator/timing_run
LSB_MCPU_HOSTS=lassen710 1 lassen581 40 
LMOD_arch=ppc64le
TMP=/var/tmp
MPI_ROOT=/usr/tce/packages/spectrum-mpi/ibm/spectrum-mpi-rolling-release
LSB_QUEUE=pbatch
CONDA_PYTHON_EXE=/p/gpfs1/mtcampbe/CEESD/AutomatedTesting/MIRGE-Timing/timing/emirge/miniforge3/bin/python
LOGNAME=mtcampbe
QTLIB=/usr/lib64/qt-3.3/lib
CVS_RSH=ssh
XLSF_UIDDIR=/opt/ibm/spectrumcomputing/lsf/10.1.0.10/linux3.10-glibc2.17-ppc64le-csm/lib/uid
XDG_DATA_DIRS=/g/g17/mtcampbe/.local/share/flatpak/exports/share:/var/lib/flatpak/exports/share:/usr/local/share:/usr/share
CEESD_CONDA_LASSEN=/usr/workspace/wsa/xpacc/Users/mtcampbe/CEESD/Lassen/conda-install
SSH_CONNECTION=192.168.66.202 45774 192.168.66.73 22
SYS_TYPE=blueos_3_ppc64le_ib_p9
MODULESHOME=/usr/share/lmod/lmod
LMOD_SETTARG_FULL_SUPPORT=no
LESSOPEN=||/usr/bin/lesspipe.sh %s
__LMOD_REF_COUNT_LD_LIBRARY_PATH=/usr/tce/packages/cuda/cuda-10.1.243/lib64:1;/opt/ibm/spectrumcomputing/lsf/10.1.0.10/linux3.10-glibc2.17-ppc64le-csm/lib:1
PKG_CONFIG_PATH=/usr/tce/packages/cuda/cuda-10.1.243/lib64/pkgconfig
OMP_NUM_THREADS=1
LSF_CGROUP_TOPDIR_KEY=lassen
CONDA_DEFAULT_ENV=nozzle.lazy.timing.env
LMOD_FULL_SETTARG_SUPPORT=no
LMOD_FAMILY_COMPILER=gcc
LSB_XFER_OP=
LSB_EEXEC_REAL_GID=
__LMOD_REF_COUNT_PKG_CONFIG_PATH=/usr/tce/packages/cuda/cuda-10.1.243/lib64/pkgconfig:1
CC=mpicc
QT_PLUGIN_PATH=/usr/lib64/kde4/plugins:/usr/lib/kde4/plugins
LMOD_DIR=/usr/share/lmod/lmod/libexec
LEXEC_UNPICKLE_QUIET=1
__LMOD_REF_COUNT_MANPATH=/usr/tce/packages/spectrum-mpi/ibm/spectrum-mpi-rolling-release/share/man:1;/usr/tce/packages/gcc/gcc-8.3.1/man:1;/opt/ibm/spectrumcomputing/lsf/10.1.0.10/man:1;/usr/man:1;/usr/share/man:1;/usr/local/man:1;/usr/X11R6/man:1;/usr/lib64/mvapich/default/man:1;/opt/ibm/spectrum_mpi/jsm_pmix/share/man:1
LSF_ENVDIR=/opt/ibm/spectrumcomputing/lsf/conf
GUESTFISH_RESTORE=\e[0m
LSB_DJOB_RANKFILE=/g/g17/mtcampbe/.lsbatch/1655800304.3666186.hostfile
LMOD_FAMILY_MPI=spectrum-mpi
LMOD_COLORIZE=yes
HISTFILE=/g/g17/mtcampbe/.bash_history
BASH_FUNC_module()=() {  local __lmod_my_status;
 local __lmod_sh_dbg;
 if [ -z "${LMOD_SH_DBG_ON+x}" ]; then
 case "$-" in 
 *v*x*)
 __lmod_sh_dbg='vx'
 ;;
 *v*)
 __lmod_sh_dbg='v'
 ;;
 *x*)
 __lmod_sh_dbg='x'
 ;;
 esac;
 fi;
 if [ -n "${__lmod_sh_dbg:-}" ]; then
 set +$__lmod_sh_dbg;
 echo "Shell debugging temporarily silenced: export LMOD_SH_DBG_ON=1 for Lmod's output" 1>&2;
 fi;
 eval "$($LMOD_CMD bash "$@")" && eval $(${LMOD_SETTARG_CMD:-:} -s sh);
 __lmod_my_status=$?;
 if [ -n "${__lmod_sh_dbg:-}" ]; then
 echo "Shell debugging restarted" 1>&2;
 set -$__lmod_sh_dbg;
 fi;
 return $__lmod_my_status
}
BASH_FUNC_ml()=() {  eval "$($LMOD_DIR/ml_cmd "$@")"
}
_=/usr/bin/env
LSB_MCPU_HOSTS=lassen710 1 lassen581 40 
Default casename isolator
Using user input from file: timing_params.yaml
Running ./isolator.py

2022-06-21 01:31:57,924 - INFO - grudge.array_context - get_reasonable_array_context_class: MPIFusionContractorArrayContext lazy=True distributed=True device-parallel=True
Shock capturing parameters: alpha 0.5, s0 -4.0, kappa 0.5

#### Simluation control data: ####
	nviz = 100
	nrestart = 100
	nhealth = 100
	nstatus = 100
	current_dt = 1e-08
	t_final = 2e-07
	order = 1
	dimen = 2
	Time integration rk4
#### Simluation control data: ####


#### Simluation material properties: ####
	mu = 4.216360056e-05
	kappa = 0.05621788139856423
	Prandtl Number  = 0.75
#### Simluation initialization data: ####
	inlet Mach number 0.038727226466056475
	inlet temperature 2075.8073416311686
	inlet pressure 274212.0081934861
	inlet rho 0.4623484671063763
	inlet velocity 35.28896626974282
	outlet Mach number 3.661995139955526
	outlet temperature 563.9344091915701
	outlet pressure 2865.7077436508835
	outlet rho 0.01778579568979098
	outlet velocity 1739.2462693097807
#### Simluation initialization data: ####

Reading mesh from data/isolator.msh
2022-06-21 01:32:17,031 - INFO - meshmode.distributed - rank 0: sent all mesh partitions
Making discretization
./isolator.py:1100: DeprecationWarning: EagerDGDiscretization is deprecated and will go away in 2022. Use the base DiscretizationCollection with grudge.op instead.
  discr = EagerDGDiscretization(
Done making discretization
2022-06-21 01:32:17,466 - INFO - meshmode.array_context - Transforming kernel with 1 statements.
2022-06-21 01:32:17,513 - INFO - meshmode.array_context - Array Contraction: Contracting 0 temps
2022-06-21 01:32:18,189 - INFO - loopy.tools - preprocess_program on '_pt_kernel': completed (0.66s wall 0.16x CPU)
2022-06-21 01:32:19,156 - INFO - pyopencl - build program: kernel '_pt_kernel' was part of a lengthy source build resulting from a binary cache miss (0.80 s)
Before restart/init
Initializing soln.
Initialization for Case(isolator)
===
Num 2d order-1 elements: 2504
Num global elements: 2504
Timestep:        1e-08
Final time:      2e-07
CFL:             1.0
Constant CFL:    False
Initialization:  isolator
EOS:             IdealSingleGas

2022-06-21 01:32:20,666 - INFO - meshmode.array_context - transform_dag.infer_axes_tags: completed (0.55s wall 1.00x CPU)
2022-06-21 01:32:21,422 - INFO - meshmode.array_context - Transforming kernel with 14 statements.
2022-06-21 01:32:22,772 - INFO - loopy.tools - fuse_same_discretization_entity_loops on '_pt_kernel': completed (1.25s wall 1.00x CPU)
2022-06-21 01:32:22,908 - INFO - meshmode.array_context - Loop Fusion: completed (1.49s wall 1.00x CPU)
2022-06-21 01:32:23,230 - INFO - meshmode.array_context - Array Contraction: Contracting 10 temps
2022-06-21 01:32:24,821 - INFO - loopy.tools - contract_arrays on '_pt_kernel': completed (1.59s wall 1.00x CPU)
2022-06-21 01:32:24,976 - INFO - meshmode.array_context - Array Contraction: completed (1.84s wall 1.00x CPU)
2022-06-21 01:32:26,788 - INFO - loopy.tools - preprocess_program on '_pt_kernel': completed (1.25s wall 1.00x CPU)
2022-06-21 01:32:29,330 - INFO - loopy.check - _pt_kernel: check array access within bounds: completed (2.08s wall 1.00x CPU)
2022-06-21 01:32:46,763 - INFO - loopy.codegen - _pt_kernel: generate code: completed (17.21s wall 1.00x CPU)
2022-06-21 01:32:51,500 - INFO - pyopencl - build program: kernel '_pt_kernel' was part of a lengthy source build resulting from a binary cache miss (4.38 s)
2022-06-21 01:32:51,545 - INFO - meshmode.array_context - Transforming kernel with 0 statements.
2022-06-21 01:32:51,548 - INFO - meshmode.array_context - Array Contraction: Contracting 0 temps
2022-06-21 01:32:52,031 - INFO - pyopencl - build program: kernel '_pt_kernel' was part of a lengthy source build resulting from a binary cache miss (0.47 s)
2022-06-21 01:32:52,189 - INFO - meshmode.array_context - Transforming kernel with 10 statements.
2022-06-21 01:32:52,505 - INFO - meshmode.array_context - Array Contraction: Contracting 1 temps
2022-06-21 01:32:54,114 - INFO - pyopencl - build program: kernel '_pt_kernel' was part of a lengthy source build resulting from a binary cache miss (0.81 s)
2022-06-21 01:32:54,115 - INFO - pyopencl - build program: kernel '_pt_kernel_0' was part of a lengthy source build resulting from a binary cache miss (0.81 s)
2022-06-21 01:32:54,116 - INFO - pyopencl - build program: kernel '_pt_kernel_1' was part of a lengthy source build resulting from a binary cache miss (0.81 s)
2022-06-21 01:32:54,128 - INFO - meshmode.discretization.connection.face - building face restriction: start
2022-06-21 01:32:54,139 - INFO - meshmode.discretization.connection.face - building face restriction: done
2022-06-21 01:32:54,144 - INFO - meshmode.array_context - Transforming kernel with 0 statements.
2022-06-21 01:32:54,381 - INFO - meshmode.array_context - Transforming kernel with 7 statements.
2022-06-21 01:32:54,593 - INFO - meshmode.array_context - Array Contraction: Contracting 2 temps
2022-06-21 01:32:55,981 - INFO - pyopencl - build program: kernel '_pt_kernel' was part of a lengthy source build resulting from a binary cache miss (0.77 s)
2022-06-21 01:32:55,982 - INFO - pyopencl - build program: kernel '_pt_kernel_0' was part of a lengthy source build resulting from a binary cache miss (0.77 s)
2022-06-21 01:32:55,983 - INFO - pyopencl - build program: kernel '_pt_kernel_1' was part of a lengthy source build resulting from a binary cache miss (0.77 s)
2022-06-21 01:32:56,064 - INFO - meshmode.array_context - Transforming kernel with 7 statements.
2022-06-21 01:32:56,330 - INFO - meshmode.array_context - Array Contraction: Contracting 1 temps
2022-06-21 01:32:57,102 - INFO - loopy.codegen - _pt_kernel: generate code: completed (0.39s wall 1.00x CPU)
2022-06-21 01:32:58,298 - INFO - pyopencl - build program: kernel '_pt_kernel' was part of a lengthy source build resulting from a binary cache miss (1.19 s)
2022-06-21 01:32:58,300 - INFO - pyopencl - build program: kernel '_pt_kernel_0' was part of a lengthy source build resulting from a binary cache miss (1.19 s)
2022-06-21 01:32:58,301 - INFO - pyopencl - build program: kernel '_pt_kernel_1' was part of a lengthy source build resulting from a binary cache miss (1.19 s)
2022-06-21 01:32:58,302 - INFO - pyopencl - build program: kernel '_pt_kernel_2' was part of a lengthy source build resulting from a binary cache miss (1.19 s)
2022-06-21 01:32:58,303 - INFO - pyopencl - build program: kernel '_pt_kernel_3' was part of a lengthy source build resulting from a binary cache miss (1.19 s)
2022-06-21 01:32:58,305 - INFO - pyopencl - build program: kernel '_pt_kernel_4' was part of a lengthy source build resulting from a binary cache miss (1.19 s)
2022-06-21 01:32:58,323 - INFO - meshmode.array_context - Transforming kernel with 1 statements.
2022-06-21 01:32:58,348 - INFO - meshmode.array_context - Array Contraction: Contracting 0 temps
2022-06-21 01:32:58,926 - INFO - pyopencl - build program: kernel '_pt_kernel' was part of a lengthy source build resulting from a binary cache miss (0.47 s)
2022-06-21 01:32:58,994 - INFO - meshmode.array_context - Transforming kernel with 4 statements.
2022-06-21 01:32:59,088 - INFO - meshmode.array_context - Array Contraction: Contracting 3 temps
2022-06-21 01:32:59,877 - INFO - pyopencl - build program: kernel '_pt_kernel' was part of a lengthy source build resulting from a binary cache miss (0.50 s)
2022-06-21 01:33:00,501 - INFO - pyopencl - build program: kernel 'reduce_kernel_stage1' was part of a lengthy source build resulting from a binary cache miss (0.61 s)
2022-06-21 01:33:01,118 - INFO - pyopencl - build program: kernel 'reduce_kernel_stage2' was part of a lengthy source build resulting from a binary cache miss (0.61 s)
2022-06-21 01:33:01,131 - INFO - meshmode.array_context - Transforming kernel with 1 statements.
2022-06-21 01:33:01,138 - INFO - meshmode.array_context - Array Contraction: Contracting 0 temps
/p/gpfs1/mtcampbe/CEESD/AutomatedTesting/MIRGE-Timing/timing/emirge/meshmode/meshmode/array_context.py:1599: UserWarning: FusionContractorArrayContext.transform_loopy_program not broad enough (yet). Falling back to a possibly slower transformation strategy.
  warn("FusionContractorArrayContext.transform_loopy_program not"
2022-06-21 01:33:01,637 - INFO - pyopencl - build program: kernel '_pt_kernel' was part of a lengthy source build resulting from a binary cache miss (0.46 s)
2022-06-21 01:33:01,644 - INFO - meshmode.array_context - Transforming kernel with 0 statements.
2022-06-21 01:33:01,718 - INFO - meshmode.array_context - Transforming kernel with 1 statements.
2022-06-21 01:33:01,747 - INFO - meshmode.array_context - Array Contraction: Contracting 0 temps
2022-06-21 01:33:02,360 - INFO - pyopencl - build program: kernel '_pt_kernel' was part of a lengthy source build resulting from a binary cache miss (0.48 s)
2022-06-21 01:33:02,976 - INFO - pyopencl - build program: kernel 'reduce_kernel_stage1' was part of a lengthy source build resulting from a binary cache miss (0.60 s)
2022-06-21 01:33:03,587 - INFO - pyopencl - build program: kernel 'reduce_kernel_stage2' was part of a lengthy source build resulting from a binary cache miss (0.60 s)
2022-06-21 01:33:03,596 - INFO - meshmode.array_context - Transforming kernel with 1 statements.
2022-06-21 01:33:03,602 - INFO - meshmode.array_context - Array Contraction: Contracting 0 temps
2022-06-21 01:33:04,085 - INFO - pyopencl - build program: kernel '_pt_kernel' was part of a lengthy source build resulting from a binary cache miss (0.46 s)
2022-06-21 01:33:04,702 - INFO - pyopencl - build program: kernel 'reduce_kernel_stage1' was part of a lengthy source build resulting from a binary cache miss (0.61 s)
2022-06-21 01:33:05,316 - INFO - pyopencl - build program: kernel 'reduce_kernel_stage2' was part of a lengthy source build resulting from a binary cache miss (0.61 s)
2022-06-21 01:33:05,328 - INFO - meshmode.array_context - Transforming kernel with 1 statements.
2022-06-21 01:33:05,335 - INFO - meshmode.array_context - Array Contraction: Contracting 0 temps
2022-06-21 01:33:05,834 - INFO - pyopencl - build program: kernel '_pt_kernel' was part of a lengthy source build resulting from a binary cache miss (0.47 s)
2022-06-21 01:33:05,863 - INFO - meshmode.array_context - Transforming kernel with 1 statements.
2022-06-21 01:33:05,892 - INFO - meshmode.array_context - Array Contraction: Contracting 0 temps
2022-06-21 01:33:06,512 - INFO - pyopencl - build program: kernel '_pt_kernel' was part of a lengthy source build resulting from a binary cache miss (0.48 s)
2022-06-21 01:33:06,537 - INFO - meshmode.array_context - Transforming kernel with 1 statements.
2022-06-21 01:33:06,566 - INFO - meshmode.array_context - Array Contraction: Contracting 0 temps
2022-06-21 01:33:07,227 - INFO - pyopencl - build program: kernel '_pt_kernel' was part of a lengthy source build resulting from a binary cache miss (0.48 s)
-------- dt = 1.000e-08, cfl = 0.0253
-------- P (min, max) (Pa) = (2.865706984e+03, 2.742120082e+05)
-------- T (min, max) (K)  = (    300, 2075.81)

2022-06-21 01:33:07,262 - INFO - meshmode.array_context - Transforming kernel with 1 statements.
2022-06-21 01:33:07,271 - INFO - meshmode.array_context - Array Contraction: Contracting 0 temps
2022-06-21 01:33:07,833 - INFO - pyopencl - build program: kernel '_pt_kernel' was part of a lengthy source build resulting from a binary cache miss (0.47 s)
2022-06-21 01:33:07,845 - INFO - meshmode.array_context - Transforming kernel with 1 statements.
2022-06-21 01:33:08,035 - INFO - meshmode.array_context - Transforming kernel with 1 statements.
2022-06-21 01:33:08,140 - INFO - meshmode.array_context - Transforming kernel with 1 statements.
2022-06-21 01:33:08,153 - INFO - meshmode.array_context - Array Contraction: Contracting 0 temps
2022-06-21 01:33:08,812 - INFO - pyopencl - build program: kernel '_pt_kernel' was part of a lengthy source build resulting from a binary cache miss (0.48 s)
2022-06-21 01:33:08,836 - INFO - meshmode.array_context - Transforming kernel with 1 statements.
2022-06-21 01:33:08,849 - INFO - meshmode.array_context - Array Contraction: Contracting 0 temps
2022-06-21 01:33:09,492 - INFO - pyopencl - build program: kernel '_pt_kernel' was part of a lengthy source build resulting from a binary cache miss (0.48 s)
2022-06-21 01:33:09,520 - INFO - meshmode.array_context - Transforming kernel with 1 statements.
2022-06-21 01:33:09,533 - INFO - meshmode.array_context - Array Contraction: Contracting 0 temps
2022-06-21 01:33:10,203 - INFO - pyopencl - build program: kernel '_pt_kernel' was part of a lengthy source build resulting from a binary cache miss (0.49 s)
2022-06-21 01:33:10,247 - INFO - meshmode.array_context - Transforming kernel with 3 statements.
2022-06-21 01:33:10,294 - INFO - meshmode.array_context - Array Contraction: Contracting 0 temps
2022-06-21 01:33:11,300 - INFO - pyopencl - build program: kernel '_pt_kernel' was part of a lengthy source build resulting from a binary cache miss (0.65 s)
2022-06-21 01:33:11,302 - INFO - pyopencl - build program: kernel '_pt_kernel_0' was part of a lengthy source build resulting from a binary cache miss (0.65 s)
2022-06-21 01:33:11,317 - INFO - meshmode.array_context - Transforming kernel with 1 statements.
2022-06-21 01:33:11,327 - INFO - meshmode.array_context - Array Contraction: Contracting 0 temps
2022-06-21 01:33:11,911 - INFO - pyopencl - build program: kernel '_pt_kernel' was part of a lengthy source build resulting from a binary cache miss (0.48 s)
2022-06-21 01:33:11,936 - INFO - meshmode.array_context - Transforming kernel with 1 statements.
2022-06-21 01:33:11,946 - INFO - meshmode.array_context - Array Contraction: Contracting 0 temps
2022-06-21 01:33:12,539 - INFO - pyopencl - build program: kernel '_pt_kernel' was part of a lengthy source build resulting from a binary cache miss (0.48 s)
2022-06-21 01:33:12,571 - INFO - meshmode.array_context - Transforming kernel with 3 statements.
2022-06-21 01:33:12,615 - INFO - meshmode.array_context - Array Contraction: Contracting 0 temps
2022-06-21 01:33:13,525 - INFO - pyopencl - build program: kernel '_pt_kernel' was part of a lengthy source build resulting from a binary cache miss (0.63 s)
2022-06-21 01:33:13,527 - INFO - pyopencl - build program: kernel '_pt_kernel_0' was part of a lengthy source build resulting from a binary cache miss (0.63 s)
2022-06-21 01:33:13,591 - INFO - meshmode.array_context - Transforming kernel with 6 statements.
2022-06-21 01:33:13,742 - INFO - meshmode.array_context - Array Contraction: Contracting 0 temps
2022-06-21 01:33:14,350 - INFO - loopy.codegen - _pt_kernel: generate code: completed (0.31s wall 1.00x CPU)
2022-06-21 01:33:15,458 - INFO - pyopencl - build program: kernel '_pt_kernel' was part of a lengthy source build resulting from a binary cache miss (1.10 s)
2022-06-21 01:33:15,459 - INFO - pyopencl - build program: kernel '_pt_kernel_0' was part of a lengthy source build resulting from a binary cache miss (1.10 s)
2022-06-21 01:33:15,460 - INFO - pyopencl - build program: kernel '_pt_kernel_1' was part of a lengthy source build resulting from a binary cache miss (1.10 s)
2022-06-21 01:33:15,461 - INFO - pyopencl - build program: kernel '_pt_kernel_2' was part of a lengthy source build resulting from a binary cache miss (1.10 s)
2022-06-21 01:33:15,462 - INFO - pyopencl - build program: kernel '_pt_kernel_3' was part of a lengthy source build resulting from a binary cache miss (1.10 s)
2022-06-21 01:33:15,529 - INFO - meshmode.array_context - Transforming kernel with 4 statements.
2022-06-21 01:33:15,607 - INFO - meshmode.array_context - Array Contraction: Contracting 2 temps
2022-06-21 01:33:16,707 - INFO - pyopencl - build program: kernel '_pt_kernel' was part of a lengthy source build resulting from a binary cache miss (0.66 s)
2022-06-21 01:33:16,708 - INFO - pyopencl - build program: kernel '_pt_kernel_0' was part of a lengthy source build resulting from a binary cache miss (0.66 s)
2022-06-21 01:33:16,720 - INFO - /p/gpfs1/mtcampbe/CEESD/AutomatedTesting/MIRGE-Timing/timing/emirge/pytato/pytato/transform/__init__.py - data wrapper de-duplication: 1 encountered, 1 kept, 0 eliminated
2022-06-21 01:33:16,723 - INFO - /p/gpfs1/mtcampbe/CEESD/AutomatedTesting/MIRGE-Timing/timing/emirge/pytato/pytato/transform/__init__.py - data wrapper de-duplication: 1 encountered, 1 kept, 0 eliminated
2022-06-21 01:33:16,725 - INFO - /p/gpfs1/mtcampbe/CEESD/AutomatedTesting/MIRGE-Timing/timing/emirge/pytato/pytato/transform/__init__.py - data wrapper de-duplication: 1 encountered, 1 kept, 0 eliminated
2022-06-21 01:33:16,727 - INFO - /p/gpfs1/mtcampbe/CEESD/AutomatedTesting/MIRGE-Timing/timing/emirge/pytato/pytato/transform/__init__.py - data wrapper de-duplication: 1 encountered, 1 kept, 0 eliminated
2022-06-21 01:33:16,732 - INFO - meshmode.discretization.connection.face - building face restriction: start
2022-06-21 01:33:16,737 - INFO - meshmode.discretization.connection.face - building face restriction: done
2022-06-21 01:33:16,748 - INFO - meshmode.discretization.connection.face - building face restriction: start
2022-06-21 01:33:16,753 - INFO - meshmode.discretization.connection.face - building face restriction: done
2022-06-21 01:33:16,763 - INFO - meshmode.discretization.connection.face - building face restriction: start
2022-06-21 01:33:16,774 - INFO - meshmode.discretization.connection.face - building face restriction: done
2022-06-21 01:33:16,785 - INFO - meshmode.discretization.connection.face - building face restriction: start
2022-06-21 01:33:16,873 - INFO - meshmode.discretization.connection.face - building face restriction: done
2022-06-21 01:33:16,887 - INFO - meshmode.array_context - Transforming kernel with 0 statements.
2022-06-21 01:33:16,975 - INFO - meshmode.array_context - Transforming kernel with 0 statements.
2022-06-21 01:33:17,130 - INFO - meshmode.array_context - Transforming kernel with 7 statements.
2022-06-21 01:33:17,340 - INFO - meshmode.array_context - Array Contraction: Contracting 2 temps
2022-06-21 01:33:18,685 - INFO - pyopencl - build program: kernel '_pt_kernel' was part of a lengthy source build resulting from a binary cache miss (0.76 s)
2022-06-21 01:33:18,685 - INFO - pyopencl - build program: kernel '_pt_kernel_0' was part of a lengthy source build resulting from a binary cache miss (0.76 s)
2022-06-21 01:33:18,686 - INFO - pyopencl - build program: kernel '_pt_kernel_1' was part of a lengthy source build resulting from a binary cache miss (0.76 s)
2022-06-21 01:33:18,785 - INFO - meshmode.array_context - Transforming kernel with 6 statements.
2022-06-21 01:33:18,971 - INFO - meshmode.array_context - Array Contraction: Contracting 0 temps
2022-06-21 01:33:20,284 - INFO - pyopencl - build program: kernel '_pt_kernel' was part of a lengthy source build resulting from a binary cache miss (0.76 s)
2022-06-21 01:33:20,284 - INFO - pyopencl - build program: kernel '_pt_kernel_0' was part of a lengthy source build resulting from a binary cache miss (0.76 s)
2022-06-21 01:33:20,285 - INFO - pyopencl - build program: kernel '_pt_kernel_1' was part of a lengthy source build resulting from a binary cache miss (0.76 s)
2022-06-21 01:33:20,303 - INFO - meshmode.array_context - Transforming kernel with 0 statements.
2022-06-21 01:33:20,308 - INFO - meshmode.array_context - Array Contraction: Contracting 0 temps
2022-06-21 01:33:20,381 - INFO - meshmode.array_context - Transforming kernel with 0 statements.
2022-06-21 01:33:20,448 - INFO - meshmode.array_context - Transforming kernel with 1 statements.
2022-06-21 01:33:20,463 - INFO - meshmode.array_context - Array Contraction: Contracting 0 temps
2022-06-21 01:33:20,987 - INFO - pyopencl - build program: kernel '_pt_kernel' was part of a lengthy source build resulting from a binary cache miss (0.46 s)
2022-06-21 01:33:21,006 - INFO - meshmode.array_context - Transforming kernel with 0 statements.
2022-06-21 01:33:21,161 - INFO - meshmode.array_context - Transforming kernel with 7 statements.
2022-06-21 01:33:21,371 - INFO - meshmode.array_context - Array Contraction: Contracting 2 temps
2022-06-21 01:33:22,717 - INFO - pyopencl - build program: kernel '_pt_kernel' was part of a lengthy source build resulting from a binary cache miss (0.76 s)
2022-06-21 01:33:22,717 - INFO - pyopencl - build program: kernel '_pt_kernel_0' was part of a lengthy source build resulting from a binary cache miss (0.76 s)
2022-06-21 01:33:22,717 - INFO - pyopencl - build program: kernel '_pt_kernel_1' was part of a lengthy source build resulting from a binary cache miss (0.76 s)
2022-06-21 01:33:22,817 - INFO - meshmode.array_context - Transforming kernel with 6 statements.
2022-06-21 01:33:23,001 - INFO - meshmode.array_context - Array Contraction: Contracting 0 temps
2022-06-21 01:33:24,313 - INFO - pyopencl - build program: kernel '_pt_kernel' was part of a lengthy source build resulting from a binary cache miss (0.76 s)
2022-06-21 01:33:24,313 - INFO - pyopencl - build program: kernel '_pt_kernel_0' was part of a lengthy source build resulting from a binary cache miss (0.76 s)
2022-06-21 01:33:24,314 - INFO - pyopencl - build program: kernel '_pt_kernel_1' was part of a lengthy source build resulting from a binary cache miss (0.76 s)
2022-06-21 01:33:24,332 - INFO - meshmode.array_context - Transforming kernel with 1 statements.
2022-06-21 01:33:24,346 - INFO - meshmode.array_context - Array Contraction: Contracting 0 temps
2022-06-21 01:33:24,861 - INFO - pyopencl - build program: kernel '_pt_kernel' was part of a lengthy source build resulting from a binary cache miss (0.46 s)
2022-06-21 01:33:24,873 - INFO - meshmode.array_context - Transforming kernel with 1 statements.
2022-06-21 01:33:24,887 - INFO - meshmode.array_context - Array Contraction: Contracting 0 temps
2022-06-21 01:33:25,405 - INFO - pyopencl - build program: kernel '_pt_kernel' was part of a lengthy source build resulting from a binary cache miss (0.46 s)
2022-06-21 01:33:25,430 - INFO - meshmode.array_context - Transforming kernel with 0 statements.
2022-06-21 01:33:25,579 - INFO - meshmode.array_context - Transforming kernel with 7 statements.
2022-06-21 01:33:25,789 - INFO - meshmode.array_context - Array Contraction: Contracting 2 temps
2022-06-21 01:33:27,163 - INFO - pyopencl - build program: kernel '_pt_kernel' was part of a lengthy source build resulting from a binary cache miss (0.77 s)
2022-06-21 01:33:27,163 - INFO - pyopencl - build program: kernel '_pt_kernel_0' was part of a lengthy source build resulting from a binary cache miss (0.77 s)
2022-06-21 01:33:27,164 - INFO - pyopencl - build program: kernel '_pt_kernel_1' was part of a lengthy source build resulting from a binary cache miss (0.77 s)
2022-06-21 01:33:27,263 - INFO - meshmode.array_context - Transforming kernel with 6 statements.
2022-06-21 01:33:27,447 - INFO - meshmode.array_context - Array Contraction: Contracting 0 temps
2022-06-21 01:33:28,787 - INFO - pyopencl - build program: kernel '_pt_kernel' was part of a lengthy source build resulting from a binary cache miss (0.77 s)
2022-06-21 01:33:28,787 - INFO - pyopencl - build program: kernel '_pt_kernel_0' was part of a lengthy source build resulting from a binary cache miss (0.77 s)
2022-06-21 01:33:28,787 - INFO - pyopencl - build program: kernel '_pt_kernel_1' was part of a lengthy source build resulting from a binary cache miss (0.77 s)
2022-06-21 01:33:28,808 - INFO - meshmode.array_context - Transforming kernel with 1 statements.
2022-06-21 01:33:28,823 - INFO - meshmode.array_context - Array Contraction: Contracting 0 temps
2022-06-21 01:33:29,340 - INFO - pyopencl - build program: kernel '_pt_kernel' was part of a lengthy source build resulting from a binary cache miss (0.46 s)
2022-06-21 01:33:29,351 - INFO - meshmode.array_context - Transforming kernel with 1 statements.
2022-06-21 01:33:29,366 - INFO - meshmode.array_context - Array Contraction: Contracting 0 temps
2022-06-21 01:33:29,893 - INFO - pyopencl - build program: kernel '_pt_kernel' was part of a lengthy source build resulting from a binary cache miss (0.46 s)
2022-06-21 01:33:30,066 - INFO - meshmode.array_context - Transforming kernel with 7 statements.
2022-06-21 01:33:30,278 - INFO - meshmode.array_context - Array Contraction: Contracting 2 temps
2022-06-21 01:33:31,657 - INFO - pyopencl - build program: kernel '_pt_kernel' was part of a lengthy source build resulting from a binary cache miss (0.77 s)
2022-06-21 01:33:31,657 - INFO - pyopencl - build program: kernel '_pt_kernel_0' was part of a lengthy source build resulting from a binary cache miss (0.77 s)
2022-06-21 01:33:31,657 - INFO - pyopencl - build program: kernel '_pt_kernel_1' was part of a lengthy source build resulting from a binary cache miss (0.77 s)
2022-06-21 01:33:31,760 - INFO - meshmode.array_context - Transforming kernel with 6 statements.
2022-06-21 01:33:31,945 - INFO - meshmode.array_context - Array Contraction: Contracting 0 temps
2022-06-21 01:33:33,290 - INFO - pyopencl - build program: kernel '_pt_kernel' was part of a lengthy source build resulting from a binary cache miss (0.77 s)
2022-06-21 01:33:33,290 - INFO - pyopencl - build program: kernel '_pt_kernel_0' was part of a lengthy source build resulting from a binary cache miss (0.77 s)
2022-06-21 01:33:33,291 - INFO - pyopencl - build program: kernel '_pt_kernel_1' was part of a lengthy source build resulting from a binary cache miss (0.77 s)
2022-06-21 01:33:33,309 - INFO - meshmode.array_context - Transforming kernel with 1 statements.
2022-06-21 01:33:33,323 - INFO - meshmode.array_context - Array Contraction: Contracting 0 temps
2022-06-21 01:33:33,849 - INFO - pyopencl - build program: kernel '_pt_kernel' was part of a lengthy source build resulting from a binary cache miss (0.46 s)
2022-06-21 01:33:33,860 - INFO - meshmode.array_context - Transforming kernel with 1 statements.
2022-06-21 01:33:33,875 - INFO - meshmode.array_context - Array Contraction: Contracting 0 temps
2022-06-21 01:33:34,400 - INFO - pyopencl - build program: kernel '_pt_kernel' was part of a lengthy source build resulting from a binary cache miss (0.46 s)
2022-06-21 01:33:34,413 - INFO - meshmode.array_context - Transforming kernel with 1 statements.
2022-06-21 01:33:34,427 - INFO - meshmode.array_context - Array Contraction: Contracting 0 temps
2022-06-21 01:33:34,954 - INFO - pyopencl - build program: kernel '_pt_kernel' was part of a lengthy source build resulting from a binary cache miss (0.46 s)
2022-06-21 01:33:35,784 - INFO - meshmode.array_context - Transforming kernel with 45 statements.
2022-06-21 01:33:37,110 - INFO - loopy.tools - fuse_same_discretization_entity_loops on '_pt_kernel': completed (1.25s wall 1.00x CPU)
2022-06-21 01:33:37,163 - INFO - meshmode.array_context - Loop Fusion: completed (1.37s wall 1.00x CPU)
2022-06-21 01:33:37,370 - INFO - meshmode.array_context - Array Contraction: Contracting 0 temps
2022-06-21 01:33:38,222 - INFO - loopy.tools - preprocess_program on '_pt_kernel': completed (0.64s wall 1.00x CPU)
2022-06-21 01:33:39,053 - INFO - loopy.check - _pt_kernel: check array access within bounds: completed (0.67s wall 1.00x CPU)
2022-06-21 01:33:40,175 - INFO - loopy.codegen - _pt_kernel: generate code: completed (0.75s wall 1.00x CPU)
2022-06-21 01:33:41,391 - INFO - pyopencl - build program: kernel '_pt_kernel' was part of a lengthy source build resulting from a binary cache miss (1.17 s)
2022-06-21 01:33:41,394 - INFO - pyopencl - build program: kernel '_pt_kernel_0' was part of a lengthy source build resulting from a binary cache miss (1.17 s)
2022-06-21 01:33:41,395 - INFO - pyopencl - build program: kernel '_pt_kernel_1' was part of a lengthy source build resulting from a binary cache miss (1.17 s)
2022-06-21 01:33:41,397 - INFO - pyopencl - build program: kernel '_pt_kernel_2' was part of a lengthy source build resulting from a binary cache miss (1.17 s)
/p/gpfs1/mtcampbe/CEESD/AutomatedTesting/MIRGE-Timing/timing/emirge/mirgecom/mirgecom/artificial_viscosity.py:190: UserWarning: The AV boundary_kwargs interface is deprecated, please pass gas_model and time directly.
  warn("The AV boundary_kwargs interface is deprecated, please pass gas_model"
2022-06-21 01:33:42,352 - INFO - /p/gpfs1/mtcampbe/CEESD/AutomatedTesting/MIRGE-Timing/timing/emirge/pytato/pytato/transform/__init__.py - data wrapper de-duplication: 1026 encountered, 54 kept, 972 eliminated
2022-06-21 01:33:42,591 - INFO - grudge.array_context - deduplicate_data_wrappers[pre-partition]: completed (0.63s wall 1.00x CPU)
2022-06-21 01:33:44,353 - INFO - grudge.array_context - transform_dag.infer_axes_tags[pre-partition]: completed (1.62s wall 1.00x CPU)
2022-06-21 01:33:45,407 - INFO - pytato.partition - find_partition: Split 3554 nodes into 1 parts, with [3554] nodes in each partition.
2022-06-21 01:33:46,183 - INFO - /p/gpfs1/mtcampbe/CEESD/AutomatedTesting/MIRGE-Timing/timing/emirge/pytato/pytato/transform/__init__.py - data wrapper de-duplication: 54 encountered, 54 kept, 0 eliminated
2022-06-21 01:33:47,190 - INFO - meshmode.array_context - transform_dag.materialize_all_einsums_or_reduces: completed (0.42s wall 1.00x CPU)
2022-06-21 01:33:48,911 - INFO - meshmode.array_context - transform_dag.infer_axes_tags: completed (1.72s wall 1.00x CPU)
2022-06-21 01:33:49,077 - INFO - meshmode.array_context - Transforming kernel with 1 statements.
2022-06-21 01:33:49,093 - INFO - meshmode.array_context - Array Contraction: Contracting 0 temps
2022-06-21 01:33:49,634 - INFO - pyopencl - build program: kernel '_pt_kernel' was part of a lengthy source build resulting from a binary cache miss (0.47 s)
2022-06-21 01:33:49,649 - INFO - meshmode.array_context - Transforming kernel with 1 statements.
2022-06-21 01:33:49,675 - INFO - meshmode.array_context - Array Contraction: Contracting 0 temps
2022-06-21 01:33:50,388 - INFO - pyopencl - build program: kernel '_pt_kernel' was part of a lengthy source build resulting from a binary cache miss (0.52 s)
2022-06-21 01:33:50,405 - INFO - meshmode.array_context - Transforming kernel with 1 statements.
2022-06-21 01:33:50,445 - INFO - meshmode.array_context - Array Contraction: Contracting 0 temps
2022-06-21 01:33:51,273 - INFO - pyopencl - build program: kernel '_pt_kernel' was part of a lengthy source build resulting from a binary cache miss (0.58 s)
2022-06-21 01:33:51,287 - INFO - meshmode.array_context - Transforming kernel with 1 statements.
2022-06-21 01:33:51,314 - INFO - meshmode.array_context - Array Contraction: Contracting 0 temps
2022-06-21 01:33:52,025 - INFO - pyopencl - build program: kernel '_pt_kernel' was part of a lengthy source build resulting from a binary cache miss (0.52 s)
2022-06-21 01:33:52,052 - INFO - meshmode.array_context - Transforming kernel with 1 statements.
2022-06-21 01:33:52,079 - INFO - meshmode.array_context - Array Contraction: Contracting 0 temps
2022-06-21 01:33:52,800 - INFO - pyopencl - build program: kernel '_pt_kernel' was part of a lengthy source build resulting from a binary cache miss (0.52 s)
2022-06-21 01:33:53,023 - INFO - arraycontext.impl.pytato.compile - transform_dag: completed (7.39s wall 1.00x CPU)
2022-06-21 01:33:58,288 - INFO - arraycontext.impl.pytato.compile - generate_loopy: completed (5.27s wall 1.00x CPU)
2022-06-21 01:33:58,289 - INFO - meshmode.array_context - Transforming kernel with 383 statements.
2022-06-21 01:34:16,171 - INFO - loopy.tools - fuse_same_discretization_entity_loops on '_pt_kernel': completed (17.26s wall 1.00x CPU)
2022-06-21 01:34:16,815 - INFO - meshmode.array_context - Loop Fusion: completed (18.52s wall 1.00x CPU)
2022-06-21 01:34:20,125 - INFO - meshmode.array_context - Array Contraction: Contracting 82 temps
2022-06-21 01:34:24,910 - INFO - loopy.tools - contract_arrays on '_pt_kernel': completed (4.79s wall 1.00x CPU)
2022-06-21 01:34:25,315 - INFO - meshmode.array_context - Array Contraction: completed (5.69s wall 1.00x CPU)
2022-06-21 01:34:33,437 - INFO - loopy.tools - preprocess_program on '_pt_kernel': completed (5.54s wall 1.00x CPU)
2022-06-21 01:34:42,546 - INFO - loopy.check - _pt_kernel: check array access within bounds: completed (7.68s wall 1.00x CPU)
2022-06-21 01:34:50,874 - INFO - loopy.schedule - _pt_kernel: schedule: completed (8.27s wall 1.00x CPU)
2022-06-21 01:34:51,177 - INFO - arraycontext.impl.pytato.compile - transform_loopy_program: completed (52.89s wall 1.00x CPU)
2022-06-21 01:35:15,746 - INFO - loopy.codegen - _pt_kernel: generate code: completed (23.57s wall 1.00x CPU)
2022-06-21 01:35:26,895 - INFO - pyopencl - build program: kernel '_pt_kernel' was part of a lengthy source build resulting from a binary cache miss (10.48 s)
2022-06-21 01:35:26,896 - INFO - pyopencl - build program: kernel '_pt_kernel_0' was part of a lengthy source build resulting from a binary cache miss (10.48 s)
2022-06-21 01:35:26,898 - INFO - pyopencl - build program: kernel '_pt_kernel_1' was part of a lengthy source build resulting from a binary cache miss (10.48 s)
2022-06-21 01:35:26,900 - INFO - pyopencl - build program: kernel '_pt_kernel_2' was part of a lengthy source build resulting from a binary cache miss (10.48 s)
2022-06-21 01:35:26,901 - INFO - pyopencl - build program: kernel '_pt_kernel_3' was part of a lengthy source build resulting from a binary cache miss (10.48 s)
2022-06-21 01:35:26,903 - INFO - pyopencl - build program: kernel '_pt_kernel_4' was part of a lengthy source build resulting from a binary cache miss (10.48 s)
2022-06-21 01:35:26,904 - INFO - pyopencl - build program: kernel '_pt_kernel_5' was part of a lengthy source build resulting from a binary cache miss (10.48 s)
2022-06-21 01:35:26,905 - INFO - pyopencl - build program: kernel '_pt_kernel_6' was part of a lengthy source build resulting from a binary cache miss (10.48 s)
2022-06-21 01:35:26,907 - INFO - pyopencl - build program: kernel '_pt_kernel_7' was part of a lengthy source build resulting from a binary cache miss (10.48 s)
2022-06-21 01:35:26,909 - INFO - pyopencl - build program: kernel '_pt_kernel_8' was part of a lengthy source build resulting from a binary cache miss (10.48 s)
2022-06-21 01:35:26,911 - INFO - pyopencl - build program: kernel '_pt_kernel_9' was part of a lengthy source build resulting from a binary cache miss (10.48 s)
2022-06-21 01:35:26,913 - INFO - pyopencl - build program: kernel '_pt_kernel_10' was part of a lengthy source build resulting from a binary cache miss (10.48 s)
2022-06-21 01:35:26,914 - INFO - pyopencl - build program: kernel '_pt_kernel_11' was part of a lengthy source build resulting from a binary cache miss (10.48 s)
2022-06-21 01:35:26,915 - INFO - pyopencl - build program: kernel '_pt_kernel_12' was part of a lengthy source build resulting from a binary cache miss (10.48 s)
2022-06-21 01:35:26,917 - INFO - pyopencl - build program: kernel '_pt_kernel_13' was part of a lengthy source build resulting from a binary cache miss (10.48 s)
2022-06-21 01:35:26,918 - INFO - pyopencl - build program: kernel '_pt_kernel_14' was part of a lengthy source build resulting from a binary cache miss (10.48 s)
2022-06-21 01:35:26,920 - INFO - pyopencl - build program: kernel '_pt_kernel_15' was part of a lengthy source build resulting from a binary cache miss (10.48 s)
2022-06-21 01:35:26,921 - INFO - pyopencl - build program: kernel '_pt_kernel_16' was part of a lengthy source build resulting from a binary cache miss (10.48 s)
2022-06-21 01:35:26,923 - INFO - pyopencl - build program: kernel '_pt_kernel_17' was part of a lengthy source build resulting from a binary cache miss (10.48 s)
2022-06-21 01:35:26,924 - INFO - pyopencl - build program: kernel '_pt_kernel_18' was part of a lengthy source build resulting from a binary cache miss (10.48 s)
2022-06-21 01:35:26,926 - INFO - pyopencl - build program: kernel '_pt_kernel_19' was part of a lengthy source build resulting from a binary cache miss (10.48 s)
2022-06-21 01:35:26,928 - INFO - pyopencl - build program: kernel '_pt_kernel_20' was part of a lengthy source build resulting from a binary cache miss (10.48 s)
2022-06-21 01:35:26,930 - INFO - pyopencl - build program: kernel '_pt_kernel_21' was part of a lengthy source build resulting from a binary cache miss (10.48 s)
2022-06-21 01:35:26,932 - INFO - pyopencl - build program: kernel '_pt_kernel_22' was part of a lengthy source build resulting from a binary cache miss (10.48 s)
2022-06-21 01:35:26,933 - INFO - pyopencl - build program: kernel '_pt_kernel_23' was part of a lengthy source build resulting from a binary cache miss (10.48 s)
2022-06-21 01:35:26,937 - INFO - pyopencl - build program: kernel '_pt_kernel_24' was part of a lengthy source build resulting from a binary cache miss (10.48 s)
2022-06-21 01:35:26,939 - INFO - pyopencl - build program: kernel '_pt_kernel_25' was part of a lengthy source build resulting from a binary cache miss (10.48 s)
2022-06-21 01:35:26,940 - INFO - pyopencl - build program: kernel '_pt_kernel_26' was part of a lengthy source build resulting from a binary cache miss (10.48 s)
2022-06-21 01:35:26,942 - INFO - pyopencl - build program: kernel '_pt_kernel_27' was part of a lengthy source build resulting from a binary cache miss (10.48 s)
2022-06-21 01:35:26,943 - INFO - pyopencl - build program: kernel '_pt_kernel_28' was part of a lengthy source build resulting from a binary cache miss (10.48 s)
Fusion actx took: 35.883381605148315 secs
2022-06-21 01:35:27,075 - INFO - meshmode.array_context - Transforming kernel with 1 statements.
2022-06-21 01:35:27,102 - INFO - meshmode.array_context - Array Contraction: Contracting 0 temps
2022-06-21 01:35:27,691 - INFO - pyopencl - build program: kernel '_pt_kernel' was part of a lengthy source build resulting from a binary cache miss (0.47 s)
2022-06-21 01:35:27,707 - INFO - meshmode.array_context - Transforming kernel with 1 statements.
Fusion actx took: 0.0015971660614013672 secs
Fusion actx took: 0.001516103744506836 secs
2022-06-21 01:35:27,933 - INFO - meshmode.array_context - Transforming kernel with 1 statements.
2022-06-21 01:35:27,960 - INFO - meshmode.array_context - Array Contraction: Contracting 0 temps
2022-06-21 01:35:28,548 - INFO - pyopencl - build program: kernel '_pt_kernel' was part of a lengthy source build resulting from a binary cache miss (0.47 s)
2022-06-21 01:35:28,564 - INFO - meshmode.array_context - Transforming kernel with 1 statements.
Fusion actx took: 0.0015861988067626953 secs
step = 0, sim time: 0.000000e+00 s, step walltime: 157.242 s
2022-06-21 01:35:28,914 - INFO - meshmode.array_context - Transforming kernel with 4 statements.
2022-06-21 01:35:28,987 - INFO - meshmode.array_context - Array Contraction: Contracting 0 temps
2022-06-21 01:35:29,744 - INFO - pyopencl - build program: kernel '_pt_kernel' was part of a lengthy source build resulting from a binary cache miss (0.49 s)
2022-06-21 01:35:29,822 - INFO - meshmode.array_context - Transforming kernel with 4 statements.
Fusion actx took: 0.002134561538696289 secs
Fusion actx took: 0.0014922618865966797 secs
Fusion actx took: 0.0015039443969726562 secs
Fusion actx took: 0.001489400863647461 secs
step = 1, sim time: 1.000000e-08 s, step walltime: 0.388335 s
2022-06-21 01:35:30,222 - INFO - meshmode.array_context - Transforming kernel with 4 statements.
Fusion actx took: 0.0015676021575927734 secs
Fusion actx took: 0.0015003681182861328 secs
Fusion actx took: 0.0014910697937011719 secs
Fusion actx took: 0.0019490718841552734 secs
step = 2, sim time: 2.000000e-08 s, step walltime: 0.0353043 s
Fusion actx took: 0.0014405250549316406 secs
Fusion actx took: 0.0014319419860839844 secs
Fusion actx took: 0.0014290809631347656 secs
Fusion actx took: 0.0014464855194091797 secs
step = 3, sim time: 3.000000e-08 s, step walltime: 0.0344903 s
Fusion actx took: 0.001440286636352539 secs
Fusion actx took: 0.0014257431030273438 secs
Fusion actx took: 0.0014293193817138672 secs
Fusion actx took: 0.0014331340789794922 secs
step = 4, sim time: 4.000000e-08 s, step walltime: 0.0341725 s
Fusion actx took: 0.0014395713806152344 secs
Fusion actx took: 0.0018486976623535156 secs
Fusion actx took: 0.0014171600341796875 secs
Fusion actx took: 0.0014939308166503906 secs
step = 5, sim time: 5.000000e-08 s, step walltime: 0.0341504 s
Fusion actx took: 0.0014541149139404297 secs
Fusion actx took: 0.0014312267303466797 secs
Fusion actx took: 0.0014247894287109375 secs
Fusion actx took: 0.0014424324035644531 secs
step = 6, sim time: 6.000000e-08 s, step walltime: 0.0344048 s
Fusion actx took: 0.0014407634735107422 secs
Fusion actx took: 0.00142669677734375 secs
Fusion actx took: 0.0014257431030273438 secs
Fusion actx took: 0.0014271736145019531 secs
step = 7, sim time: 7.000000e-08 s, step walltime: 0.0340915 s
Fusion actx took: 0.0014400482177734375 secs
Fusion actx took: 0.0018548965454101562 secs
Fusion actx took: 0.001424551010131836 secs
Fusion actx took: 0.001425027847290039 secs
step = 8, sim time: 8.000000e-08 s, step walltime: 0.0342257 s
Fusion actx took: 0.0014538764953613281 secs
Fusion actx took: 0.0018525123596191406 secs
Fusion actx took: 0.0014255046844482422 secs
Fusion actx took: 0.0014297962188720703 secs
step = 9, sim time: 9.000000e-08 s, step walltime: 0.034106 s
Fusion actx took: 0.0014483928680419922 secs
Fusion actx took: 0.0018525123596191406 secs
Fusion actx took: 0.001420736312866211 secs
Fusion actx took: 0.001434326171875 secs
step = 10, sim time: 1.000000e-07 s, step walltime: 0.0341208 s
Fusion actx took: 0.0014357566833496094 secs
Fusion actx took: 0.0018553733825683594 secs
Fusion actx took: 0.001425027847290039 secs
Fusion actx took: 0.0014219284057617188 secs
step = 11, sim time: 1.100000e-07 s, step walltime: 0.0340974 s
Fusion actx took: 0.0014526844024658203 secs
Fusion actx took: 0.0018510818481445312 secs
Fusion actx took: 0.0014219284057617188 secs
Fusion actx took: 0.0014231204986572266 secs
step = 12, sim time: 1.200000e-07 s, step walltime: 0.0340488 s
Fusion actx took: 0.0014421939849853516 secs
Fusion actx took: 0.002035379409790039 secs
Fusion actx took: 0.0014276504516601562 secs
Fusion actx took: 0.0014271736145019531 secs
step = 13, sim time: 1.300000e-07 s, step walltime: 0.0342524 s
Fusion actx took: 0.0014476776123046875 secs
Fusion actx took: 0.0018486976623535156 secs
Fusion actx took: 0.0014202594757080078 secs
Fusion actx took: 0.0014190673828125 secs
step = 14, sim time: 1.400000e-07 s, step walltime: 0.0340722 s
Fusion actx took: 0.0014524459838867188 secs
Fusion actx took: 0.0014276504516601562 secs
Fusion actx took: 0.0014271736145019531 secs
Fusion actx took: 0.0014379024505615234 secs
step = 15, sim time: 1.500000e-07 s, step walltime: 0.0343132 s
Fusion actx took: 0.0014424324035644531 secs
Fusion actx took: 0.001425027847290039 secs
Fusion actx took: 0.0014286041259765625 secs
Fusion actx took: 0.0014238357543945312 secs
step = 16, sim time: 1.600000e-07 s, step walltime: 0.0340629 s
Fusion actx took: 0.0014424324035644531 secs
Fusion actx took: 0.0018630027770996094 secs
Fusion actx took: 0.0014362335205078125 secs
Fusion actx took: 0.001459360122680664 secs
step = 17, sim time: 1.700000e-07 s, step walltime: 0.0341682 s
Fusion actx took: 0.001451730728149414 secs
Fusion actx took: 0.0014309883117675781 secs
Fusion actx took: 0.0014274120330810547 secs
Fusion actx took: 0.0014352798461914062 secs
step = 18, sim time: 1.800000e-07 s, step walltime: 0.0343781 s
Fusion actx took: 0.0014493465423583984 secs
2022-06-21 01:35:31,332 - INFO - meshmode.array_context - Transforming kernel with 1 statements.
2022-06-21 01:35:31,359 - INFO - meshmode.array_context - Array Contraction: Contracting 0 temps
2022-06-21 01:35:31,946 - INFO - pyopencl - build program: kernel '_pt_kernel' was part of a lengthy source build resulting from a binary cache miss (0.47 s)
Fusion actx took: 0.0015285015106201172 secs
Fusion actx took: 0.0014350414276123047 secs
2022-06-21 01:35:31,973 - INFO - meshmode.array_context - Transforming kernel with 1 statements.
2022-06-21 01:35:32,000 - INFO - meshmode.array_context - Array Contraction: Contracting 0 temps
2022-06-21 01:35:32,586 - INFO - pyopencl - build program: kernel '_pt_kernel' was part of a lengthy source build resulting from a binary cache miss (0.47 s)
Fusion actx took: 0.0015151500701904297 secs
step = 19, sim time: 1.900000e-07 s, step walltime: 1.29108 s
Checkpointing final state ...
2022-06-21 01:35:32,730 - INFO - meshmode.array_context - Transforming kernel with 7 statements.
2022-06-21 01:35:32,941 - INFO - meshmode.array_context - Array Contraction: Contracting 6 temps
2022-06-21 01:35:33,954 - INFO - pyopencl - build program: kernel '_pt_kernel' was part of a lengthy source build resulting from a binary cache miss (0.51 s)
2022-06-21 01:35:34,046 - INFO - meshmode.array_context - Transforming kernel with 4 statements.
2022-06-21 01:35:34,155 - INFO - meshmode.array_context - Array Contraction: Contracting 3 temps
2022-06-21 01:35:35,002 - INFO - pyopencl - build program: kernel '_pt_kernel' was part of a lengthy source build resulting from a binary cache miss (0.49 s)
2022-06-21 01:35:35,088 - INFO - meshmode.array_context - Transforming kernel with 3 statements.
2022-06-21 01:35:35,175 - INFO - meshmode.array_context - Array Contraction: Contracting 2 temps
2022-06-21 01:35:35,980 - INFO - pyopencl - build program: kernel '_pt_kernel' was part of a lengthy source build resulting from a binary cache miss (0.49 s)
-------- dt = 0.000e+00, cfl = 0.0228
-------- P (min, max) (Pa) = (1.308488379e+03, 2.864123776e+05)
-------- T (min, max) (K)  = (275.025, 2214.64)

2022-06-21 01:35:36,021 - INFO - meshmode.array_context - Transforming kernel with 1 statements.
2022-06-21 01:35:36,034 - INFO - meshmode.array_context - Array Contraction: Contracting 0 temps
2022-06-21 01:35:36,665 - INFO - pyopencl - build program: kernel '_pt_kernel' was part of a lengthy source build resulting from a binary cache miss (0.48 s)
2022-06-21 01:35:36,757 - INFO - meshmode.array_context - Transforming kernel with 4 statements.
2022-06-21 01:35:36,826 - INFO - meshmode.array_context - Array Contraction: Contracting 0 temps
2022-06-21 01:35:37,949 - INFO - pyopencl - build program: kernel '_pt_kernel' was part of a lengthy source build resulting from a binary cache miss (0.65 s)
2022-06-21 01:35:37,951 - INFO - pyopencl - build program: kernel '_pt_kernel_0' was part of a lengthy source build resulting from a binary cache miss (0.65 s)
2022-06-21 01:35:38,038 - INFO - meshmode.array_context - Transforming kernel with 3 statements.
2022-06-21 01:35:38,097 - INFO - meshmode.array_context - Array Contraction: Contracting 0 temps
2022-06-21 01:35:39,210 - INFO - pyopencl - build program: kernel '_pt_kernel' was part of a lengthy source build resulting from a binary cache miss (0.65 s)
2022-06-21 01:35:39,211 - INFO - pyopencl - build program: kernel '_pt_kernel_0' was part of a lengthy source build resulting from a binary cache miss (0.65 s)
2022-06-21 01:35:39,305 - INFO - meshmode.array_context - Transforming kernel with 4 statements.
2022-06-21 01:35:39,374 - INFO - meshmode.array_context - Array Contraction: Contracting 0 temps
2022-06-21 01:35:40,500 - INFO - pyopencl - build program: kernel '_pt_kernel' was part of a lengthy source build resulting from a binary cache miss (0.66 s)
2022-06-21 01:35:40,501 - INFO - pyopencl - build program: kernel '_pt_kernel_0' was part of a lengthy source build resulting from a binary cache miss (0.66 s)
2022-06-21 01:35:40,611 - INFO - meshmode.array_context - Transforming kernel with 6 statements.
2022-06-21 01:35:40,741 - INFO - meshmode.array_context - Array Contraction: Contracting 0 temps
2022-06-21 01:35:42,145 - INFO - pyopencl - build program: kernel '_pt_kernel' was part of a lengthy source build resulting from a binary cache miss (0.68 s)
2022-06-21 01:35:42,146 - INFO - pyopencl - build program: kernel '_pt_kernel_0' was part of a lengthy source build resulting from a binary cache miss (0.68 s)
2022-06-21 01:35:42,190 - INFO - meshmode.array_context - Transforming kernel with 1 statements.
2022-06-21 01:35:42,207 - INFO - meshmode.array_context - Array Contraction: Contracting 0 temps
2022-06-21 01:35:42,931 - INFO - pyopencl - build program: kernel '_pt_kernel' was part of a lengthy source build resulting from a binary cache miss (0.49 s)
2022-06-21 01:35:43,010 - INFO - meshmode.array_context - Transforming kernel with 4 statements.
2022-06-21 01:35:43,098 - INFO - meshmode.array_context - Array Contraction: Contracting 1 temps
2022-06-21 01:35:44,156 - INFO - pyopencl - build program: kernel '_pt_kernel' was part of a lengthy source build resulting from a binary cache miss (0.65 s)
2022-06-21 01:35:44,157 - INFO - pyopencl - build program: kernel '_pt_kernel_0' was part of a lengthy source build resulting from a binary cache miss (0.65 s)
2022-06-21 01:35:44,238 - INFO - meshmode.array_context - Transforming kernel with 6 statements.
2022-06-21 01:35:44,396 - INFO - meshmode.array_context - Array Contraction: Contracting 0 temps
2022-06-21 01:35:45,033 - INFO - loopy.codegen - _pt_kernel: generate code: completed (0.31s wall 1.00x CPU)
2022-06-21 01:35:46,158 - INFO - pyopencl - build program: kernel '_pt_kernel' was part of a lengthy source build resulting from a binary cache miss (1.12 s)
2022-06-21 01:35:46,159 - INFO - pyopencl - build program: kernel '_pt_kernel_0' was part of a lengthy source build resulting from a binary cache miss (1.12 s)
2022-06-21 01:35:46,159 - INFO - pyopencl - build program: kernel '_pt_kernel_1' was part of a lengthy source build resulting from a binary cache miss (1.12 s)
2022-06-21 01:35:46,160 - INFO - pyopencl - build program: kernel '_pt_kernel_2' was part of a lengthy source build resulting from a binary cache miss (1.12 s)
2022-06-21 01:35:46,160 - INFO - pyopencl - build program: kernel '_pt_kernel_3' was part of a lengthy source build resulting from a binary cache miss (1.12 s)
2022-06-21 01:35:46,289 - INFO - meshmode.array_context - Transforming kernel with 7 statements.
2022-06-21 01:35:46,451 - INFO - meshmode.array_context - Array Contraction: Contracting 2 temps
2022-06-21 01:35:47,931 - INFO - pyopencl - build program: kernel '_pt_kernel' was part of a lengthy source build resulting from a binary cache miss (0.68 s)
2022-06-21 01:35:47,932 - INFO - pyopencl - build program: kernel '_pt_kernel_0' was part of a lengthy source build resulting from a binary cache miss (0.68 s)
2022-06-21 01:35:47,967 - INFO - meshmode.array_context - Transforming kernel with 1 statements.
2022-06-21 01:35:47,997 - INFO - meshmode.array_context - Array Contraction: Contracting 0 temps
2022-06-21 01:35:48,604 - INFO - pyopencl - build program: kernel '_pt_kernel' was part of a lengthy source build resulting from a binary cache miss (0.47 s)

------------------------------------------------------------
Sender: LSF System <lsfadmin@lassen710>
Subject: Job 3666186: <isolator_timing_job.sh> in cluster <lassen> Done

Job <isolator_timing_job.sh> was submitted from host <lassen708> by user <mtcampbe> in cluster <lassen> at Tue Jun 21 01:31:44 2022
Job was executed on host(s) <1*lassen710>, in queue <pbatch>, as user <mtcampbe> in cluster <lassen> at Tue Jun 21 01:31:45 2022
                            <40*lassen581>
</g/g17/mtcampbe> was used as the home directory.
</p/gpfs1/mtcampbe/CEESD/AutomatedTesting/MIRGE-Timing/timing/emirge/mirgecom/y2-isolator/timing_run> was used as the working directory.
Started at Tue Jun 21 01:31:45 2022
Terminated at Tue Jun 21 01:36:20 2022
Results reported at Tue Jun 21 01:36:20 2022

Your job looked like:

------------------------------------------------------------
# LSBATCH: User input
#!/bin/bash

#BSUB -nnodes 1
#BSUB -G uiuc
#BSUB -W 60
#BSUB -q pbatch

printf "Running with EMIRGE_HOME=/p/gpfs1/mtcampbe/CEESD/AutomatedTesting/MIRGE-Timing/timing/emirge\n"

source "/p/gpfs1/mtcampbe/CEESD/AutomatedTesting/MIRGE-Timing/timing/emirge/config/activate_env.sh"
export PYOPENCL_CTX="port:tesla"
export XDG_CACHE_HOME="/tmp/mtcampbe/xdg-scratch"
rm -rf $XDG_CACHE_HOME
rm -f timing-run-done
which python
conda env list
env
env | grep LSB_MCPU_HOSTS

jsrun -g 1 -a 1 -n 1 python -O -u -m mpi4py ./isolator.py -i timing_params.yaml --lazy --log
touch timing-run-done


------------------------------------------------------------

Successfully completed.

Resource usage summary:

    CPU time :                                   0.34 sec.
    Max Memory :                                 59 MB
    Average Memory :                             57.59 MB
    Total Requested Memory :                     -
    Delta Memory :                               -
    Max Swap :                                   1634 MB
    Max Processes :                              4
    Max Threads :                                27
    Run time :                                   274 sec.
    Turnaround time :                            276 sec.

The output (if any) is above this job summary.

