Customizing shell for Lassen.
Running with EMIRGE_HOME=/p/gpfs1/mtcampbe/CEESD/AutomatedTesting/MIRGE-Timing/timing/emirge
Activating 'nozzle.lazy.timing.env' environment for '/p/gpfs1/mtcampbe/CEESD/AutomatedTesting/MIRGE-Timing/timing/emirge/miniforge3/bin/conda'.
/p/gpfs1/mtcampbe/CEESD/AutomatedTesting/MIRGE-Timing/timing/emirge/miniforge3/envs/nozzle.lazy.timing.env/bin/python
# conda environments:
#
test.parsl               /g/g17/mtcampbe/.conda/envs/test.parsl
                         /p/gpfs1/mtcampbe/CEESD/AutomatedTesting/MIRGE-Timing/testing/temporary-test/alpha/miniforge3/envs/temp.test.alpha
base                     /p/gpfs1/mtcampbe/CEESD/AutomatedTesting/MIRGE-Timing/timing/emirge/miniforge3
nozzle.lazy.timing.env  *  /p/gpfs1/mtcampbe/CEESD/AutomatedTesting/MIRGE-Timing/timing/emirge/miniforge3/envs/nozzle.lazy.timing.env
                         /p/gpfs1/mtcampbe/CEESD/AutomatedTesting/MIRGE-Timing/timing/y3-prediction-nowall-scaling-run/emirge/miniforge3/envs/big.scale
                         /p/gpfs1/mtcampbe/CEESD/Experimental/cache-db/miniforge3/envs/x.cache.db
                         /p/gpfs1/mtcampbe/CEESD/Experimental/m-to-n-prediction/emirge/miniforge3/envs/y3.m2n
                         /p/gpfs1/mtcampbe/CEESD/Experimental/performance-model/miniforge3/envs/x.perf.model
                         /p/gpfs1/mtcampbe/CEESD/Experimental/scalability/emirge/miniforge3/envs/big.scale2
                         /p/gpfs1/mtcampbe/CEESD/Experimental/tpe-test/miniforge3/envs/x.tpe.exmp
                         /p/gpfs1/mtcampbe/CEESD/Experimental/zirui/emirge/miniforge3/envs/ex.zirui
                         /usr/WS1/xpacc/Users/mtcampbe/CEESD/Lassen/test_emirge/emirge/miniforge3/envs/test.emirge.fk
                         /usr/workspace/wsa/xpacc/Users/mtcampbe/CEESD/Quartz/Install/conda
                         /usr/workspace/wsa/xpacc/Users/mtcampbe/CEESD/Quartz/Install/conda/envs/abate.mtc_euler.env
                         /usr/workspace/wsa/xpacc/Users/mtcampbe/CEESD/Quartz/Install/conda/envs/ceesd.master
                         /usr/workspace/wsa/xpacc/Users/mtcampbe/CEESD/Quartz/Install/conda/envs/chem.master
                         /usr/workspace/wsa/xpacc/Users/mtcampbe/CEESD/Quartz/Install/conda/envs/dgfem
                         /usr/workspace/wsa/xpacc/Users/mtcampbe/CEESD/Quartz/Install/conda/envs/mc.master

LMOD_FAMILY_COMPILER_VERSION=8.3.1
LLNL_IPISOLATE=0
MANPATH=/usr/tce/packages/spectrum-mpi/ibm/spectrum-mpi-rolling-release/share/man:/usr/tce/packages/gcc/gcc-8.3.1/man:/opt/ibm/spectrumcomputing/lsf/10.1.0.10/man:/usr/man:/usr/share/man:/usr/local/man:/usr/X11R6/man:/usr/lib64/mvapich/default/man:/opt/ibm/spectrum_mpi/jsm_pmix/share/man
LSB_EXEC_CLUSTER=lassen
OMPI_COMM_WORLD_RANK=0
LMOD_FAMILY_CUDA=cuda
LMOD_ANCIENT_TIME=3600
GUESTFISH_INIT=\e[1;34m
_ModuleTable003_=IHt9LApzdGFja0RlcHRoID0gMSwKc3RhdHVzID0gImFjdGl2ZSIsCnVzZXJOYW1lID0gImN1ZGEvMTEuMi4wIiwKd1YgPSAiXjAwMDAwMDExLjAwMDAwMDAwMi4qemZpbmFsIiwKfSwKZ2NjID0gewpmbiA9ICIvdXNyL3RjZXRtcC9tb2R1bGVmaWxlcy9Db3JlL2djYy84LjMuMS5sdWEiLApmdWxsTmFtZSA9ICJnY2MvOC4zLjEiLApsb2FkT3JkZXIgPSA1LApwcm9wVCA9IHt9LApzdGFja0RlcHRoID0gMCwKc3RhdHVzID0gImFjdGl2ZSIsCnVzZXJOYW1lID0gImdjYy84LjMuMSIsCndWID0gIjAwMDAwMDAwOC4wMDAwMDAwMDMuMDAwMDAwMDAxLip6ZmluYWwiLAp9LApsYWxsb2MgPSB7CmZuID0gIi91c3IvdGNldG1wL21vZHVsZWZpbGVzL0NvcmUvbGFsbG9jLzIuMC5sdWEi
HOSTNAME=lassen311
PROJ_DATA=/p/gpfs1/mtcampbe/CEESD/AutomatedTesting/MIRGE-Timing/timing/emirge/miniforge3/envs/nozzle.lazy.timing.env/share/proj
LSB_EFFECTIVE_RSRCREQ=1*{select[(LN) && (type == any)] order[r15s:pg] span[hosts=1]}+40*{select[(CN) && (type == any)] order[r15s:pg] span[ptile=40]}
LSB_DOCKER_JOB_STARTTS=1717828461
BBHASH=e37288eb285ea90d2bd18d83bc2f3d1c
JSM_TMPDIR=/var/tmp
MIRGE_TIMING_HOME=/p/gpfs1/mtcampbe/CEESD/AutomatedTesting/MIRGE-Timing/timing
LSF_LOGDIR=/opt/ibm/spectrumcomputing/lsf/log
LSF_LIM_API_NTRIES=1
LSB_BATCH_JID=5944885
__LMOD_REF_COUNT_MODULEPATH=/usr/tce/modulefiles/MPI/gcc/8.3.1/spectrum-mpi/rolling-release:1;/usr/tce/modulefiles/Compiler/gcc/8.3.1:1;/usr/tcetmp/modulefiles/Core:1;/usr/apps/modulefiles:1;/usr/share/modulefiles/Linux:1;/usr/share/modulefiles/Core:1;/usr/share/lmod/lmod/modulefiles/Core:1;/collab/usr/global/tools/modulefiles/blueos_3_ppc64le_ib_p9/Core:1
MAILTO=mtcampbe@illinois.edu,andreask@illinois.edu
SHELL=/bin/bash
LMOD_ROOT=/usr/share/lmod
LMOD_FAMILY_BASEGCC_VERSION=8.3.1
HISTSIZE=1000
WISECONFIGDIR=/usr/share/wise2/
LMOD_SYSTEM_DEFAULT_MODULES=StdEnv
TMPDIR=/var/tmp
MODULEPATH_ROOT=/usr/share/modulefiles
SSH_CLIENT=192.168.66.202 55330 22
LS_EXECCWD=/p/gpfs1/mtcampbe/CEESD/AutomatedTesting/MIRGE-Timing/timing/emirge/mirgecom/y2-isolator/timing_run
LSB_TRAPSIGS=trap # 15 10 12 2 1
CONDA_SHLVL=1
LMOD_FAMILY_CUDA_VERSION=11.2.0
LS_JOBPID=26929
CONDA_PROMPT_MODIFIER=
GSETTINGS_SCHEMA_DIR_CONDA_BACKUP=
LSB_MAX_NUM_PROCESSORS=41
LSB_JOBRES_CALLBACK=35167@lassen710
LMOD_PKG=/usr/share/lmod/lmod
LSB_JOB_EXECUSER=mtcampbe
LSB_JOBID=5944885
QTDIR=/usr/lib64/qt-3.3
LSF_SERVERDIR=/opt/ibm/spectrumcomputing/lsf/10.1.0.10/linux3.10-glibc2.17-ppc64le-csm/etc
LSB_JOBRES_PID=26929
LMOD_VERSION=8.6.16
LMOD_SHORT_TIME=60
QTINC=/usr/lib64/qt-3.3/include
LSB_JOBNAME=isolator_timing_job.sh
LLNL_COMPUTE_NODES=lassen311
LLNL_ATSDISABLE=0
_ModuleTable007_=ZXMvTGludXg6L3Vzci9zaGFyZS9tb2R1bGVmaWxlcy9Db3JlOi91c3Ivc2hhcmUvbG1vZC9sbW9kL21vZHVsZWZpbGVzL0NvcmUiLAp9Cg==
BSUB_BLOCK_EXEC_HOST=
QT_GRAPHICSSYSTEM_CHECKED=1
LSF_LIBDIR=/opt/ibm/spectrumcomputing/lsf/10.1.0.10/linux3.10-glibc2.17-ppc64le-csm/lib
OPAL_PREFIX=/usr/tce/packages/spectrum-mpi/ibm/spectrum-mpi-rolling-release
LSB_PROJECT_NAME=default
CUDA_HOME=/usr/tce/packages/cuda/cuda-11.2.0
USER=mtcampbe
PYOPENCL_CTX=port:tesla
LMOD_sys=Linux
LMOD_FAMILY_BASEGCC=base-gcc
LD_LIBRARY_PATH=/opt/ibm/spectrumcomputing/lsf/10.1.0.10/linux3.10-glibc2.17-ppc64le-csm/lib:/usr/tce/packages/cuda/cuda-11.2.0/lib64
SBD_KRB5CCNAME_VAL=
NVHPC_CUDA_HOME=/usr/tce/packages/cuda/cuda-11.2.0
LSB_EEXEC_REAL_UID=
REQUESTS_CA_BUNDLE=/etc/pki/tls/cert.pem
CONDA_EXE=/p/gpfs1/mtcampbe/CEESD/AutomatedTesting/MIRGE-Timing/timing/emirge/miniforge3/bin/conda
CEESD=/usr/workspace/wsa/xpacc/Users/mtcampbe/CEESD/Lassen
PFTP_CONFIG_FILENAME=/etc/pftp_config
ENV=/g/g17/mtcampbe/.bashrc
HOST_GRP=linux
_ModuleTable004_=LApmdWxsTmFtZSA9ICJsYWxsb2MvMi4wIiwKbG9hZE9yZGVyID0gNCwKcHJvcFQgPSB7fSwKc3RhY2tEZXB0aCA9IDAsCnN0YXR1cyA9ICJhY3RpdmUiLAp1c2VyTmFtZSA9ICJsYWxsb2MvMi4wIiwKd1YgPSAiXjAwMDAwMDAyLip6ZmluYWwiLAp9LApbInNwZWN0cnVtLW1waSJdID0gewpmbiA9ICIvdXNyL3RjZS9tb2R1bGVmaWxlcy9Db21waWxlci9nY2MvOC4zLjEvc3BlY3RydW0tbXBpL3JvbGxpbmctcmVsZWFzZS5sdWEiLApmdWxsTmFtZSA9ICJzcGVjdHJ1bS1tcGkvcm9sbGluZy1yZWxlYXNlIiwKbG9hZE9yZGVyID0gNiwKcHJvcFQgPSB7fSwKc3RhY2tEZXB0aCA9IDAsCnN0YXR1cyA9ICJhY3RpdmUiLAp1c2VyTmFtZSA9ICJzcGVjdHJ1bS1tcGkvcm9sbGluZy1y
HOSTTYPE=LINUXPPC64LE
LSF_INVOKE_CMD=bsub
CUDA_CACHE_DISABLE=1
LS_EXEC_T=START
LMOD_FAMILY_LALLOC=lalloc
LS_SUBCWD=/p/gpfs1/mtcampbe/CEESD/AutomatedTesting/MIRGE-Timing/timing/emirge/mirgecom/y2-isolator/timing_run
LSB_SUB_RES_REQ=1*{select[LN]span[hosts=1]} + 40*{select[CN]span[ptile=40]}
LSB_HOSTS=lassen710 lassen311 lassen311 lassen311 lassen311 lassen311 lassen311 lassen311 lassen311 lassen311 lassen311 lassen311 lassen311 lassen311 lassen311 lassen311 lassen311 lassen311 lassen311 lassen311 lassen311 lassen311 lassen311 lassen311 lassen311 lassen311 lassen311 lassen311 lassen311 lassen311 lassen311 lassen311 lassen311 lassen311 lassen311 lassen311 lassen311 lassen311 lassen311 lassen311 lassen311
LMOD_PREPEND_BLOCK=normal
LMOD_FAMILY_MPI_VERSION=rolling-release
GUESTFISH_PS1=\[\e[1;32m\]><fs>\[\e[0;31m\] 
_CE_CONDA=
LSB_UNIXGROUP_INT=mtcampbe
LSB_JOBFILENAME=/g/g17/mtcampbe/.lsbatch/1717828457.5944885
LSB_JOBINDEX=0
_ModuleTable001_=X01vZHVsZVRhYmxlXyA9IHsKTVR2ZXJzaW9uID0gMywKY19yZWJ1aWxkVGltZSA9IGZhbHNlLApjX3Nob3J0VGltZSA9IGZhbHNlLApkZXB0aFQgPSB7fSwKZmFtaWx5ID0gewpiYXNlZ2NjID0gImJhc2UtZ2NjIiwKY29tcGlsZXIgPSAiZ2NjIiwKY3VkYSA9ICJjdWRhIiwKbGFsbG9jID0gImxhbGxvYyIsCm1waSA9ICJzcGVjdHJ1bS1tcGkiLAp9LAptVCA9IHsKU3RkRW52ID0gewpmbiA9ICIvdXNyL3RjZXRtcC9tb2R1bGVmaWxlcy9Db3JlL1N0ZEVudi5sdWEiLApmdWxsTmFtZSA9ICJTdGRFbnYiLApsb2FkT3JkZXIgPSAzLApwcm9wVCA9IHsKbG1vZCA9IHsKc3RpY2t5ID0gMSwKfSwKfSwKc3RhY2tEZXB0aCA9IDAsCnN0YXR1cyA9ICJhY3RpdmUiLAp1c2VyTmFtZSA9
PATH=/usr/tce/packages/spectrum-mpi/spectrum-mpi-rolling-release-gcc-8.3.1/bin:/usr/tce/packages/gcc/gcc-8.3.1/bin:/usr/tce/packages/lalloc/lalloc-2.0/bin:/p/gpfs1/mtcampbe/CEESD/AutomatedTesting/MIRGE-Timing/timing/emirge/miniforge3/envs/nozzle.lazy.timing.env/bin:/p/gpfs1/mtcampbe/CEESD/AutomatedTesting/MIRGE-Timing/timing/emirge/miniforge3/bin:/usr/tce/packages/cuda/cuda-11.2.0/bin:/usr/tcetmp/packages/base-gcc/base-gcc-8.3.1/bin:/usr/tcetmp/bin:/usr/condabin:/usr/workspace/wsa/xpacc/Users/mtcampbe/CEESD/Lassen/conda-install/bin:/usr/tce/packages/cuda/cuda-10.1.243/bin:/usr/lib64/qt-3.3/bin:/usr/local/bin:/usr/bin:/usr/local/sbin:/usr/sbin:/opt/ibm/spectrum_mpi/jsm_pmix/bin:/opt/ibm/bb/bin:/opt/ibm/flightlog/bin:/opt/ibutils/bin:/opt/ibm/spectrumcomputing/lsf/10.1.0.10/linux3.10-glibc2.17-ppc64le-csm/etc:/opt/ibm/spectrumcomputing/lsf/10.1.0.10/linux3.10-glibc2.17-ppc64le-csm/bin:/opt/ibm/spectrumcomputing/lsf/10.1.0.9/linux3.10-glibc2.17-ppc64le-csm/etc:/opt/ibm/spectrumcomputing/lsf/10.1.0.9/linux3.10-glibc2.17-ppc64le-csm/bin:/g/g17/mtcampbe/tools/bin
MAIL=/var/spool/mail/mtcampbe
PROJ_NETWORK=ON
GSETTINGS_SCHEMA_DIR=/p/gpfs1/mtcampbe/CEESD/AutomatedTesting/MIRGE-Timing/timing/emirge/miniforge3/envs/nozzle.lazy.timing.env/share/glib-2.0/schemas
LCSCHEDCLUSTER=lassen
XML_CATALOG_FILES=file:///p/gpfs1/mtcampbe/CEESD/AutomatedTesting/MIRGE-Timing/timing/emirge/miniforge3/envs/nozzle.lazy.timing.env/etc/xml/catalog file:///etc/xml/catalog
LSB_EXIT_PRE_ABORT=99
LSB_JOBEXIT_STAT=0
LMOD_SETTARG_CMD=:
LMOD_FAMILY_LALLOC_VERSION=2.0
CONDA_PREFIX=/p/gpfs1/mtcampbe/CEESD/AutomatedTesting/MIRGE-Timing/timing/emirge/miniforge3/envs/nozzle.lazy.timing.env
INPUTRC=/etc/inputrc
PWD=/p/gpfs1/mtcampbe/CEESD/AutomatedTesting/MIRGE-Timing/timing/emirge/mirgecom/y2-isolator/timing_run
_LMFILES_=/usr/tcetmp/modulefiles/Core/base-gcc/8.3.1.lua:/usr/tcetmp/modulefiles/Core/cuda/11.2.0.lua:/usr/tcetmp/modulefiles/Core/StdEnv.lua:/usr/tcetmp/modulefiles/Core/lalloc/2.0.lua:/usr/tcetmp/modulefiles/Core/gcc/8.3.1.lua:/usr/tce/modulefiles/Compiler/gcc/8.3.1/spectrum-mpi/rolling-release.lua
EDITOR=/bin/vi
LANG=en_US.UTF-8
LSB_CHKFILENAME=/g/g17/mtcampbe/.lsbatch/1717828457.5944885
MODULEPATH=/usr/tce/modulefiles/MPI/gcc/8.3.1/spectrum-mpi/rolling-release:/usr/tce/modulefiles/Compiler/gcc/8.3.1:/usr/tcetmp/modulefiles/Core:/usr/apps/modulefiles:/usr/share/modulefiles/Linux:/usr/share/modulefiles/Core:/usr/share/lmod/lmod/modulefiles/Core:/collab/usr/global/tools/modulefiles/blueos_3_ppc64le_ib_p9/Core
LSB_DJOB_HOSTFILE=/g/g17/mtcampbe/.lsbatch/1717828457.5944885.hostfile
LOADEDMODULES=base-gcc/8.3.1:cuda/11.2.0:StdEnv:lalloc/2.0:gcc/8.3.1:spectrum-mpi/rolling-release
KDEDIRS=/usr
GUESTFISH_OUTPUT=\e[0m
_ModuleTable_Sz_=6
LSB_JOB_STARTER=/usr/tcetmp/bin/bsub_job_starter %USRCMD
EMIRGE_HOME=/p/gpfs1/mtcampbe/CEESD/AutomatedTesting/MIRGE-Timing/timing/emirge
LSF_JOB_TIMESTAMP_VALUE=1717828460
LMOD_CMD=/usr/share/lmod/lmod/libexec/lmod
_ModuleTable005_=ZWxlYXNlIiwKd1YgPSAiXnJvbGxpbmcuKnJlbGVhc2UuKnpmaW5hbCIsCn0sCn0sCm1wYXRoQSA9IHsKIi91c3IvdGNlL21vZHVsZWZpbGVzL01QSS9nY2MvOC4zLjEvc3BlY3RydW0tbXBpL3JvbGxpbmctcmVsZWFzZSIKLCAiL3Vzci90Y2UvbW9kdWxlZmlsZXMvQ29tcGlsZXIvZ2NjLzguMy4xIiwgIi91c3IvdGNldG1wL21vZHVsZWZpbGVzL0NvcmUiCiwgIi91c3IvYXBwcy9tb2R1bGVmaWxlcyIsICIvdXNyL3NoYXJlL21vZHVsZWZpbGVzL0xpbnV4IgosICIvdXNyL3NoYXJlL21vZHVsZWZpbGVzL0NvcmUiLCAiL3Vzci9zaGFyZS9sbW9kL2xtb2QvbW9kdWxlZmlsZXMvQ29yZSIsICIvY29sbGFiL3Vzci9nbG9iYWwvdG9vbHMvbW9kdWxlZmlsZXMvYmx1ZW9zXzNfcHBj
BBPATH=/mnt/bb_e37288eb285ea90d2bd18d83bc2f3d1c
LSB_EXEC_HOSTTYPE=UNKNOWN_AUTO_DETECT
LSB_DJOB_NUMPROC=41
LSF_BINDIR=/opt/ibm/spectrumcomputing/lsf/10.1.0.10/linux3.10-glibc2.17-ppc64le-csm/bin
LLNL_NUM_COMPUTE_NODES=1
HISTCONTROL=ignoredups
_CE_M=
SSH_ASKPASS=/usr/libexec/openssh/gnome-ssh-askpass
ENVIRONMENT=BATCH
CXX=mpicxx
HOME=/g/g17/mtcampbe
SHLVL=6
__LMOD_REF_COUNT_PATH=/usr/tce/packages/spectrum-mpi/spectrum-mpi-rolling-release-gcc-8.3.1/bin:2;/usr/tce/packages/gcc/gcc-8.3.1/bin:2;/usr/tce/packages/lalloc/lalloc-2.0/bin:2;/p/gpfs1/mtcampbe/CEESD/AutomatedTesting/MIRGE-Timing/timing/emirge/miniforge3/envs/nozzle.lazy.timing.env/bin:1;/p/gpfs1/mtcampbe/CEESD/AutomatedTesting/MIRGE-Timing/timing/emirge/miniforge3/bin:1;/usr/tce/packages/cuda/cuda-11.2.0/bin:1;/usr/tcetmp/packages/base-gcc/base-gcc-8.3.1/bin:1;/usr/tcetmp/bin:1;/usr/condabin:1;/usr/workspace/wsa/xpacc/Users/mtcampbe/CEESD/Lassen/conda-install/bin:1;/usr/tce/packages/cuda/cuda-10.1.243/bin:1;/usr/lib64/qt-3.3/bin:1;/usr/local/bin:1;/usr/bin:1;/usr/local/sbin:1;/usr/sbin:1;/opt/ibm/spectrum_mpi/jsm_pmix/bin:1;/opt/ibm/bb/bin:1;/opt/ibm/flightlog/bin:1;/opt/ibutils/bin:1;/opt/ibm/spectrumcomputing/lsf/10.1.0.10/linux3.10-glibc2.17-ppc64le-csm/etc:1;/opt/ibm/spectrumcomputing/lsf/10.1.0.10/linux3.10-glibc2.17-ppc64le-csm/bin:1;/opt/ibm/spectrumcomputing/lsf/10.1.0.9/linux3.10-glibc2.17-ppc64le-csm/etc:1;/opt/ibm/spectrumcomputing/lsf/10.1.0.9/linux3.10-glibc2.17-ppc64le-csm/bin:1
JOB_TERMINATE_INTERVAL=10
LSB_ACCT_FILE=/tmp/5944885.tmpdir/.1717828457.5944885.acct
_ModuleTable002_=ICJTdGRFbnYiLAp3ViA9ICJNLip6ZmluYWwiLAp9LApbImJhc2UtZ2NjIl0gPSB7CmZuID0gIi91c3IvdGNldG1wL21vZHVsZWZpbGVzL0NvcmUvYmFzZS1nY2MvOC4zLjEubHVhIiwKZnVsbE5hbWUgPSAiYmFzZS1nY2MvOC4zLjEiLApsb2FkT3JkZXIgPSAxLApwcm9wVCA9IHt9LApzdGFja0RlcHRoID0gMSwKc3RhdHVzID0gImFjdGl2ZSIsCnVzZXJOYW1lID0gImJhc2UtZ2NjLzguMy4xIiwKd1YgPSAiXjAwMDAwMDA4LjAwMDAwMDAwMy4wMDAwMDAwMDEuKnpmaW5hbCIsCn0sCmN1ZGEgPSB7CmZuID0gIi91c3IvdGNldG1wL21vZHVsZWZpbGVzL0NvcmUvY3VkYS8xMS4yLjAubHVhIiwKZnVsbE5hbWUgPSAiY3VkYS8xMS4yLjAiLApsb2FkT3JkZXIgPSAyLApwcm9wVCA9
CSM_ALLOCATION_ID=6533098
BINARY_TYPE_HPC=
LLNL_CORE_ISOLATION=2
FC=mpif90
LSB_SUB_HOST=lassen708
XDG_CACHE_HOME=/tmp/mtcampbe/xdg-scratch
__LSF_JOB_TMPDIR__=/tmp/5944885.tmpdir
LSFUSER=mtcampbe
LSB_SUB_USER=mtcampbe
LSB_OUTDIR=/p/gpfs1/mtcampbe/CEESD/AutomatedTesting/MIRGE-Timing/timing/emirge/mirgecom/y2-isolator/timing_run
LSB_MCPU_HOSTS=lassen710 1 lassen311 40 
LMOD_arch=ppc64le
TMP=/var/tmp
MPI_ROOT=/usr/tce/packages/spectrum-mpi/ibm/spectrum-mpi-rolling-release
LSB_QUEUE=pbatch
LSB_OUTPUTFILE=/p/gpfs1/mtcampbe/CEESD/AutomatedTesting/MIRGE-Timing/timing/emirge/mirgecom/y2-isolator/timing_run/
CONDA_PYTHON_EXE=/p/gpfs1/mtcampbe/CEESD/AutomatedTesting/MIRGE-Timing/timing/emirge/miniforge3/bin/python
LOGNAME=mtcampbe
QTLIB=/usr/lib64/qt-3.3/lib
CVS_RSH=ssh
XLSF_UIDDIR=/opt/ibm/spectrumcomputing/lsf/10.1.0.10/linux3.10-glibc2.17-ppc64le-csm/lib/uid
XDG_DATA_DIRS=/p/gpfs1/mtcampbe/CEESD/AutomatedTesting/MIRGE-Timing/.local/share/flatpak/exports/share:/var/lib/flatpak/exports/share:/usr/local/share:/usr/share
SSH_CONNECTION=192.168.66.202 55330 192.168.65.57 22
SYS_TYPE=blueos_3_ppc64le_ib_p9
MODULESHOME=/usr/share/lmod/lmod
LMOD_SETTARG_FULL_SUPPORT=no
LESSOPEN=||/usr/bin/lesspipe.sh %s
__LMOD_REF_COUNT_LD_LIBRARY_PATH=/usr/tce/packages/cuda/cuda-11.2.0/lib64:1;/opt/ibm/spectrumcomputing/lsf/10.1.0.10/linux3.10-glibc2.17-ppc64le-csm/lib:1
PKG_CONFIG_PATH=/usr/tce/packages/cuda/cuda-11.2.0/lib64/pkgconfig
OMP_NUM_THREADS=1
LSF_CGROUP_TOPDIR_KEY=lassen
CONDA_DEFAULT_ENV=nozzle.lazy.timing.env
LMOD_FULL_SETTARG_SUPPORT=no
LMOD_FAMILY_COMPILER=gcc
LSB_XFER_OP=
LSB_EEXEC_REAL_GID=
__LMOD_REF_COUNT_PKG_CONFIG_PATH=/usr/tce/packages/cuda/cuda-11.2.0/lib64/pkgconfig:1
CC=mpicc
QT_PLUGIN_PATH=/usr/lib64/kde4/plugins:/usr/lib/kde4/plugins
LMOD_DIR=/usr/share/lmod/lmod/libexec
LEXEC_UNPICKLE_QUIET=1
__LMOD_REF_COUNT_MANPATH=/usr/tce/packages/spectrum-mpi/ibm/spectrum-mpi-rolling-release/share/man:1;/usr/tce/packages/gcc/gcc-8.3.1/man:1;/opt/ibm/spectrumcomputing/lsf/10.1.0.10/man:1;/usr/man:1;/usr/share/man:1;/usr/local/man:1;/usr/X11R6/man:1;/usr/lib64/mvapich/default/man:1;/opt/ibm/spectrum_mpi/jsm_pmix/share/man:1
_ModuleTable006_=NjRsZV9pYl9wOS9Db3JlIiwKfSwKc3lzdGVtQmFzZU1QQVRIID0gIi91c3IvdGNldG1wL21vZHVsZWZpbGVzL0NvcmU6L3Vzci9hcHBzL21vZHVsZWZpbGVzOi91c3Ivc2hhcmUvbW9kdWxlZmlsZXMvTGludXg6L3Vzci9zaGFyZS9tb2R1bGVmaWxlcy9Db3JlOi91c3Ivc2hhcmUvbG1vZC9sbW9kL21vZHVsZWZpbGVzL0NvcmUiLAp9Cg==
LSF_ENVDIR=/opt/ibm/spectrumcomputing/lsf/conf
GUESTFISH_RESTORE=\e[0m
LSB_DJOB_RANKFILE=/g/g17/mtcampbe/.lsbatch/1717828457.5944885.hostfile
LMOD_FAMILY_MPI=spectrum-mpi
LMOD_COLORIZE=yes
HISTFILE=/g/g17/mtcampbe/.bash_history
BASH_FUNC_module()=() {  local __lmod_my_status;
 local __lmod_sh_dbg;
 if [ -z "${LMOD_SH_DBG_ON+x}" ]; then
 case "$-" in 
 *v*x*)
 __lmod_sh_dbg='vx'
 ;;
 *v*)
 __lmod_sh_dbg='v'
 ;;
 *x*)
 __lmod_sh_dbg='x'
 ;;
 esac;
 fi;
 if [ -n "${__lmod_sh_dbg:-}" ]; then
 set +$__lmod_sh_dbg;
 echo "Shell debugging temporarily silenced: export LMOD_SH_DBG_ON=1 for Lmod's output" 1>&2;
 fi;
 eval "$($LMOD_CMD bash "$@")" && eval $(${LMOD_SETTARG_CMD:-:} -s sh);
 __lmod_my_status=$?;
 if [ -n "${__lmod_sh_dbg:-}" ]; then
 echo "Shell debugging restarted" 1>&2;
 set -$__lmod_sh_dbg;
 fi;
 return $__lmod_my_status
}
BASH_FUNC_ml()=() {  eval "$($LMOD_DIR/ml_cmd "$@")"
}
_=/usr/bin/env
LSB_MCPU_HOSTS=lassen710 1 lassen311 40 
Default casename isolator
Using user input from file: timing_params.yaml
Running ./isolator.py

2024-06-07 23:34:29,822 - INFO - grudge.array_context - get_reasonable_array_context_class: MPIFusionContractorArrayContext lazy=True distributed=True device-parallel=True
2024-06-07 23:34:30,263 - INFO - mirgecom.mpi - Using mpi4py version 4.0.0.dev0 with pkl5 scatter support.
2024-06-07 23:34:54,128 - INFO - mirgecom.simutil - Using SVM-based memory pool on <pyopencl.Device 'Tesla V100-SXM2-16GB' on 'Portable Computing Language' at 0x102a1e770>.
Shock capturing parameters: alpha 0.5, s0 -4.0, kappa 0.5

#### Simluation control data: ####
	nviz = 100
	nrestart = 100
	nhealth = 100
	nstatus = 100
	current_dt = 1e-08
	t_final = 2e-07
	order = 1
	dimen = 2
	Time integration rk4
#### Simluation control data: ####


#### Simluation material properties: ####
	mu = 4.216360056e-05
	kappa = 0.05621788139856423
	Prandtl Number  = 0.75
#### Simluation initialization data: ####
	inlet Mach number 0.038727226466056475
	inlet temperature 2075.8073416311686
	inlet pressure 274212.0081934861
	inlet rho 0.4623484671063763
	inlet velocity 35.28896626974282
	outlet Mach number 3.661995139955526
	outlet temperature 563.9344091915701
	outlet pressure 2865.7077436508835
	outlet rho 0.01778579568979098
	outlet velocity 1739.2462693097807
#### Simluation initialization data: ####

Reading mesh from data/isolator.msh
./isolator.py:1087: DeprecationWarning: generate_and_distribute_mesh is deprecated and will go away Q4 2022. Use distribute_mesh instead.
  local_mesh, global_nelements = generate_and_distribute_mesh(
Reading gmsh mesh from disk file...
Done. Populating meshmode data structures...
Done.
Read GMSH: 0.05752253532409668
MeshData: 0.06325960159301758
Making discretization
./isolator.py:1094: DeprecationWarning: mpi_communicator argument is deprecated and will disappear in Q4 2022.
  dcoll = create_discretization_collection(
Done making discretization
/p/gpfs1/mtcampbe/CEESD/AutomatedTesting/MIRGE-Timing/timing/emirge/arraycontext/arraycontext/impl/pytato/__init__.py:413: UserWarning: Running on an Nvidia GPU, reducing the argument size limit from 4352 to 3896.
  warn("Running on an Nvidia GPU, reducing the argument "
2024-06-07 23:34:58,926 - INFO - arraycontext.impl.pytato - limiting argument buffer size for <pyopencl.Device 'Tesla V100-SXM2-16GB' on 'Portable Computing Language' at 0x102a1e770> to 3896 bytes
2024-06-07 23:34:58,982 - INFO - meshmode.array_context - Transforming kernel 'frozen_nodes0_2d' with 1 statements.
2024-06-07 23:34:59,023 - INFO - meshmode.array_context - Array Contraction: Contracting 0 temps
2024-06-07 23:34:59,025 - INFO - meshmode.array_context - [_alias_global_temporaries]: Reduced memory requirement of 'frozen_nodes0_2d' from 0.0MB to 0.0MB.
2024-06-07 23:35:03,359 - INFO - loopy.tools - preprocess_program on 'frozen_nodes0_2d': completed (4.33s wall 0.09x CPU)
2024-06-07 23:35:04,304 - INFO - pyopencl - build program: kernel 'frozen_nodes0_2d' was part of a lengthy uncached source build (assuming cached by ICD) (0.81 s)
2024-06-07 23:35:04,411 - INFO - meshmode.array_context - Transforming kernel 'frozen_nodes1_2d' with 1 statements.
2024-06-07 23:35:04,434 - INFO - meshmode.array_context - Array Contraction: Contracting 0 temps
2024-06-07 23:35:04,436 - INFO - meshmode.array_context - [_alias_global_temporaries]: Reduced memory requirement of 'frozen_nodes1_2d' from 0.0MB to 0.0MB.
2024-06-07 23:35:04,896 - INFO - pyopencl - build program: kernel 'frozen_nodes1_2d' was part of a lengthy uncached source build (assuming cached by ICD) (0.37 s)
Before restart/init
Initializing soln.
Initialization for Case(isolator)
===
Num 2d order-1 elements: 2504
Num global elements: 2504
Timestep:        1e-08
Initial time:    0
Final time:      2e-07
CFL:             1.0
Constant CFL:    False
Initialization:  isolator
EOS:             IdealSingleGas

2024-06-07 23:35:06,616 - INFO - meshmode.array_context - transform_dag.infer_axes_tags: completed (0.62s wall 1.00x CPU)
2024-06-07 23:35:06,820 - INFO - arraycontext.impl.pytato - limiting argument buffer size for <pyopencl.Device 'Tesla V100-SXM2-16GB' on 'Portable Computing Language' at 0x102a1e770> to 3896 bytes
2024-06-07 23:35:07,612 - INFO - meshmode.array_context - Transforming kernel 'frozen_result' with 14 statements.
2024-06-07 23:35:09,303 - INFO - loopy.tools - fuse_same_discretization_entity_loops on 'frozen_result': completed (1.54s wall 1.00x CPU)
2024-06-07 23:35:09,479 - INFO - meshmode.array_context - Loop Fusion: completed (1.87s wall 1.00x CPU)
2024-06-07 23:35:09,923 - INFO - meshmode.array_context - Array Contraction: Contracting 10 temps
2024-06-07 23:35:11,792 - INFO - loopy.tools - contract_arrays on 'frozen_result': completed (1.87s wall 1.00x CPU)
2024-06-07 23:35:11,990 - INFO - meshmode.array_context - Array Contraction: completed (2.21s wall 1.00x CPU)
2024-06-07 23:35:11,992 - INFO - meshmode.array_context - [_alias_global_temporaries]: Reduced memory requirement of 'frozen_result' from 0.5MB to 0.4MB.
2024-06-07 23:35:14,413 - INFO - loopy.tools - preprocess_program on 'frozen_result': completed (1.56s wall 1.00x CPU)
2024-06-07 23:35:18,433 - INFO - loopy.codegen - frozen_result: generate code: completed (2.00s wall 1.00x CPU)
2024-06-07 23:35:24,187 - INFO - pyopencl - build program: kernel 'frozen_result' was part of a lengthy uncached source build (assuming cached by ICD) (4.94 s)
2024-06-07 23:35:24,569 - INFO - pytato.distributed.verify - find_partition: Split 22 nodes into 1 parts, with [22] nodes in each partition.
2024-06-07 23:35:24,625 - INFO - meshmode.array_context - Transforming kernel 'get_fluid_state_part_0' with 15 statements.
2024-06-07 23:35:24,775 - INFO - meshmode.array_context - Array Contraction: Contracting 1 temps
2024-06-07 23:35:24,799 - INFO - meshmode.array_context - [_alias_global_temporaries]: Reduced memory requirement of 'get_fluid_state_part_0' from 0.1MB to 0.1MB.
2024-06-07 23:35:25,666 - INFO - pyopencl - build program: kernel 'get_fluid_state_part_0' was part of a lengthy uncached source build (assuming cached by ICD) (0.39 s)
./isolator.py:1349: DeprecationWarning: simutil.force_evaluation is deprecated and will disappear in Q3 2023. Use utils.force_evaluation instead.
  fluid_state = force_evaluation(actx, create_fluid_state(cv=state))
2024-06-07 23:35:25,875 - INFO - arraycontext.impl.pytato - limiting argument buffer size for <pyopencl.Device 'Tesla V100-SXM2-16GB' on 'Portable Computing Language' at 0x102a1e770> to 3896 bytes
2024-06-07 23:35:25,949 - INFO - meshmode.array_context - Transforming kernel 'frozen_area_el_vol' with 10 statements.
2024-06-07 23:35:26,156 - INFO - meshmode.array_context - Array Contraction: Contracting 1 temps
2024-06-07 23:35:26,188 - INFO - meshmode.array_context - [_alias_global_temporaries]: Reduced memory requirement of 'frozen_area_el_vol' from 0.3MB to 0.2MB.
2024-06-07 23:35:27,144 - INFO - pyopencl - build program: kernel 'frozen_area_el_vol' was part of a lengthy uncached source build (assuming cached by ICD) (0.42 s)
2024-06-07 23:35:27,195 - INFO - meshmode.discretization.connection.face - building face restriction: start
2024-06-07 23:35:27,204 - INFO - meshmode.discretization.connection.face - building face restriction: done
2024-06-07 23:35:27,302 - INFO - meshmode.array_context - Transforming kernel 'frozen_area_el_b_face_restr_all' with 7 statements.
2024-06-07 23:35:27,431 - INFO - meshmode.array_context - Array Contraction: Contracting 2 temps
2024-06-07 23:35:27,464 - INFO - meshmode.array_context - [_alias_global_temporaries]: Reduced memory requirement of 'frozen_area_el_b_face_restr_all' from 0.5MB to 0.3MB.
2024-06-07 23:35:28,225 - INFO - pyopencl - build program: kernel 'frozen_area_el_b_face_restr_all' was part of a lengthy uncached source build (assuming cached by ICD) (0.40 s)
2024-06-07 23:35:28,308 - INFO - meshmode.array_context - Transforming kernel 'frozen_dt_geometric_vol' with 7 statements.
2024-06-07 23:35:28,489 - INFO - meshmode.array_context - Array Contraction: Contracting 0 temps
2024-06-07 23:35:28,499 - INFO - meshmode.array_context - [_alias_global_temporaries]: Reduced memory requirement of 'frozen_dt_geometric_vol' from 0.3MB to 0.2MB.
2024-06-07 23:35:29,446 - INFO - pyopencl - build program: kernel 'frozen_dt_geometric_vol' was part of a lengthy uncached source build (assuming cached by ICD) (0.42 s)
2024-06-07 23:35:29,495 - INFO - meshmode.array_context - Transforming kernel 'frozen_char_lscales' with 1 statements.
2024-06-07 23:35:29,510 - INFO - meshmode.array_context - Array Contraction: Contracting 0 temps
2024-06-07 23:35:29,512 - INFO - meshmode.array_context - [_alias_global_temporaries]: Reduced memory requirement of 'frozen_char_lscales' from 0.0MB to 0.0MB.
2024-06-07 23:35:29,934 - INFO - pyopencl - build program: kernel 'frozen_char_lscales' was part of a lengthy uncached source build (assuming cached by ICD) (0.36 s)
2024-06-07 23:35:29,981 - INFO - meshmode.array_context - Transforming kernel 'frozen_result' with 4 statements.
2024-06-07 23:35:30,033 - INFO - meshmode.array_context - Array Contraction: Contracting 3 temps
2024-06-07 23:35:30,068 - INFO - meshmode.array_context - [_alias_global_temporaries]: Reduced memory requirement of 'frozen_result' from 0.2MB to 0.2MB.
2024-06-07 23:35:30,594 - INFO - pyopencl - build program: kernel 'frozen_result' was part of a lengthy uncached source build (assuming cached by ICD) (0.39 s)
2024-06-07 23:35:31,148 - INFO - pyopencl - build program: kernel 'reduce_kernel_stage1' was part of a lengthy uncached source build (assuming cached by ICD) (0.47 s)
2024-06-07 23:35:31,625 - INFO - pyopencl - build program: kernel 'reduce_kernel_stage2' was part of a lengthy uncached source build (assuming cached by ICD) (0.47 s)
2024-06-07 23:35:31,637 - INFO - meshmode.array_context - Transforming kernel 'frozen_result' with 1 statements.
2024-06-07 23:35:31,643 - INFO - meshmode.array_context - Array Contraction: Contracting 0 temps
_get_iel_to_idofs: str(insn)='_ary_store: _ary <- NaN if isnan(_actx_dw) or isnan(_actx_dw_0) else (_actx_dw if _actx_dw > _actx_dw_0 else _actx_dw_0) {tags=EinsumTag(orig_loop_nest=frozenset())}'
/p/gpfs1/mtcampbe/CEESD/AutomatedTesting/MIRGE-Timing/timing/emirge/meshmode/meshmode/array_context.py:1790: UserWarning: [frozen_result]: FusionContractorArrayContext.transform_loopy_program not broad enough (yet). Falling back to a possibly slower transformation strategy.
  warn(f"[{knl.name}]: FusionContractorArrayContext."
2024-06-07 23:35:32,040 - INFO - pyopencl - build program: kernel 'frozen_result' was part of a lengthy uncached source build (assuming cached by ICD) (0.36 s)
2024-06-07 23:35:32,505 - INFO - pyopencl - build program: kernel 'reduce_kernel_stage1' was part of a lengthy uncached source build (assuming cached by ICD) (0.45 s)
2024-06-07 23:35:32,963 - INFO - pyopencl - build program: kernel 'reduce_kernel_stage2' was part of a lengthy uncached source build (assuming cached by ICD) (0.45 s)
2024-06-07 23:35:32,970 - INFO - meshmode.array_context - Transforming kernel 'frozen_result' with 1 statements.
2024-06-07 23:35:32,975 - INFO - meshmode.array_context - Array Contraction: Contracting 0 temps
_get_iel_to_idofs: str(insn)='_ary_store: _ary <- 0 + _actx_dw {tags=EinsumTag(orig_loop_nest=frozenset())}'
2024-06-07 23:35:33,361 - INFO - pyopencl - build program: kernel 'frozen_result' was part of a lengthy uncached source build (assuming cached by ICD) (0.36 s)
2024-06-07 23:35:33,839 - INFO - pyopencl - build program: kernel 'reduce_kernel_stage1' was part of a lengthy uncached source build (assuming cached by ICD) (0.47 s)
2024-06-07 23:35:34,312 - INFO - pyopencl - build program: kernel 'reduce_kernel_stage2' was part of a lengthy uncached source build (assuming cached by ICD) (0.47 s)
2024-06-07 23:35:34,323 - INFO - meshmode.array_context - Transforming kernel 'frozen_result' with 1 statements.
2024-06-07 23:35:34,329 - INFO - meshmode.array_context - Array Contraction: Contracting 0 temps
_get_iel_to_idofs: str(insn)='_ary_store: _ary <- NaN if isnan(_actx_dw) or isnan(_actx_dw_0) else (_actx_dw if _actx_dw < _actx_dw_0 else _actx_dw_0) {tags=EinsumTag(orig_loop_nest=frozenset())}'
2024-06-07 23:35:34,726 - INFO - pyopencl - build program: kernel 'frozen_result' was part of a lengthy uncached source build (assuming cached by ICD) (0.36 s)
-------- dt = 1.000e-08, cfl = 0.0253
-------- P (min, max) (Pa) = (2.865706984e+03, 2.742120082e+05)
-------- T (min, max) (K)  = (    300, 2075.81)

2024-06-07 23:35:34,770 - INFO - meshmode.array_context - Transforming kernel 'frozen_result' with 1 statements.
2024-06-07 23:35:34,777 - INFO - meshmode.array_context - Array Contraction: Contracting 0 temps
2024-06-07 23:35:34,779 - INFO - meshmode.array_context - [_alias_global_temporaries]: Reduced memory requirement of 'frozen_result' from 0.0MB to 0.0MB.
2024-06-07 23:35:35,204 - INFO - pyopencl - build program: kernel 'frozen_result' was part of a lengthy uncached source build (assuming cached by ICD) (0.37 s)
2024-06-07 23:35:35,217 - INFO - meshmode.array_context - Transforming kernel 'frozen_result' with 1 statements.
2024-06-07 23:35:35,224 - INFO - meshmode.array_context - Array Contraction: Contracting 0 temps
2024-06-07 23:35:35,226 - INFO - meshmode.array_context - [_alias_global_temporaries]: Reduced memory requirement of 'frozen_result' from 0.0MB to 0.0MB.
2024-06-07 23:35:35,649 - INFO - pyopencl - build program: kernel 'frozen_result' was part of a lengthy uncached source build (assuming cached by ICD) (0.37 s)
2024-06-07 23:35:35,662 - INFO - meshmode.array_context - Transforming kernel 'frozen_result' with 1 statements.
2024-06-07 23:35:35,669 - INFO - meshmode.array_context - Array Contraction: Contracting 0 temps
2024-06-07 23:35:35,671 - INFO - meshmode.array_context - [_alias_global_temporaries]: Reduced memory requirement of 'frozen_result' from 0.0MB to 0.0MB.
2024-06-07 23:35:36,091 - INFO - pyopencl - build program: kernel 'frozen_result' was part of a lengthy uncached source build (assuming cached by ICD) (0.37 s)
2024-06-07 23:35:36,104 - INFO - meshmode.array_context - Transforming kernel 'frozen_result' with 1 statements.
2024-06-07 23:35:36,111 - INFO - meshmode.array_context - Array Contraction: Contracting 0 temps
2024-06-07 23:35:36,113 - INFO - meshmode.array_context - [_alias_global_temporaries]: Reduced memory requirement of 'frozen_result' from 0.0MB to 0.0MB.
2024-06-07 23:35:36,542 - INFO - pyopencl - build program: kernel 'frozen_result' was part of a lengthy uncached source build (assuming cached by ICD) (0.38 s)
2024-06-07 23:35:36,574 - INFO - meshmode.array_context - Transforming kernel 'frozen_result' with 3 statements.
2024-06-07 23:35:36,603 - INFO - meshmode.array_context - Array Contraction: Contracting 0 temps
2024-06-07 23:35:36,607 - INFO - meshmode.array_context - [_alias_global_temporaries]: Reduced memory requirement of 'frozen_result' from 0.1MB to 0.1MB.
2024-06-07 23:35:37,168 - INFO - pyopencl - build program: kernel 'frozen_result' was part of a lengthy uncached source build (assuming cached by ICD) (0.40 s)
2024-06-07 23:35:37,191 - INFO - meshmode.array_context - Transforming kernel 'frozen_result' with 1 statements.
2024-06-07 23:35:37,198 - INFO - meshmode.array_context - Array Contraction: Contracting 0 temps
2024-06-07 23:35:37,201 - INFO - meshmode.array_context - [_alias_global_temporaries]: Reduced memory requirement of 'frozen_result' from 0.0MB to 0.0MB.
2024-06-07 23:35:37,638 - INFO - pyopencl - build program: kernel 'frozen_result' was part of a lengthy uncached source build (assuming cached by ICD) (0.37 s)
2024-06-07 23:35:37,664 - INFO - meshmode.array_context - Transforming kernel 'frozen_result' with 1 statements.
2024-06-07 23:35:37,673 - INFO - meshmode.array_context - Array Contraction: Contracting 0 temps
2024-06-07 23:35:37,676 - INFO - meshmode.array_context - [_alias_global_temporaries]: Reduced memory requirement of 'frozen_result' from 0.0MB to 0.0MB.
2024-06-07 23:35:38,145 - INFO - pyopencl - build program: kernel 'frozen_result' was part of a lengthy uncached source build (assuming cached by ICD) (0.38 s)
2024-06-07 23:35:38,175 - INFO - meshmode.array_context - Transforming kernel 'frozen_result' with 3 statements.
2024-06-07 23:35:38,204 - INFO - meshmode.array_context - Array Contraction: Contracting 0 temps
2024-06-07 23:35:38,208 - INFO - meshmode.array_context - [_alias_global_temporaries]: Reduced memory requirement of 'frozen_result' from 0.1MB to 0.1MB.
2024-06-07 23:35:38,764 - INFO - pyopencl - build program: kernel 'frozen_result' was part of a lengthy uncached source build (assuming cached by ICD) (0.39 s)
failed to infer axis 1 of array of type <class 'pytato.array.Reshape'>.
expr.non_equality_tags=frozenset()
2024-06-07 23:35:38,828 - INFO - meshmode.array_context - Transforming kernel 'frozen_result' with 6 statements.
2024-06-07 23:35:38,920 - INFO - meshmode.array_context - Array Contraction: Contracting 0 temps
2024-06-07 23:35:38,928 - INFO - meshmode.array_context - [_alias_global_temporaries]: Reduced memory requirement of 'frozen_result' from 0.2MB to 0.2MB.
2024-06-07 23:35:39,782 - INFO - pyopencl - build program: kernel 'frozen_result' was part of a lengthy uncached source build (assuming cached by ICD) (0.46 s)
2024-06-07 23:35:39,852 - INFO - meshmode.array_context - Transforming kernel 'frozen_result' with 4 statements.
2024-06-07 23:35:39,897 - INFO - meshmode.array_context - Array Contraction: Contracting 2 temps
2024-06-07 23:35:39,922 - INFO - meshmode.array_context - [_alias_global_temporaries]: Reduced memory requirement of 'frozen_result' from 0.2MB to 0.2MB.
2024-06-07 23:35:40,525 - INFO - pyopencl - build program: kernel 'frozen_result' was part of a lengthy uncached source build (assuming cached by ICD) (0.40 s)
2024-06-07 23:35:40,561 - INFO - meshmode.discretization.connection.face - building face restriction: start
2024-06-07 23:35:40,566 - INFO - meshmode.discretization.connection.face - building face restriction: done
2024-06-07 23:35:40,581 - INFO - meshmode.discretization.connection.face - building face restriction: start
2024-06-07 23:35:40,586 - INFO - meshmode.discretization.connection.face - building face restriction: done
2024-06-07 23:35:40,600 - INFO - meshmode.discretization.connection.face - building face restriction: start
2024-06-07 23:35:40,612 - INFO - meshmode.discretization.connection.face - building face restriction: done
2024-06-07 23:35:40,626 - INFO - meshmode.discretization.connection.face - building face restriction: start
2024-06-07 23:35:40,722 - INFO - meshmode.discretization.connection.face - building face restriction: done
2024-06-07 23:35:40,870 - INFO - meshmode.array_context - Transforming kernel 'frozen_area_el_b_inflow' with 7 statements.
2024-06-07 23:35:40,999 - INFO - meshmode.array_context - Array Contraction: Contracting 2 temps
2024-06-07 23:35:41,034 - INFO - meshmode.array_context - [_alias_global_temporaries]: Reduced memory requirement of 'frozen_area_el_b_inflow' from 0.0MB to 0.0MB.
2024-06-07 23:35:41,788 - INFO - pyopencl - build program: kernel 'frozen_area_el_b_inflow' was part of a lengthy uncached source build (assuming cached by ICD) (0.39 s)
2024-06-07 23:35:41,870 - INFO - meshmode.array_context - Transforming kernel 'frozen_normal_2_b_inflow' with 3 statements.
2024-06-07 23:35:41,942 - INFO - meshmode.array_context - Array Contraction: Contracting 0 temps
2024-06-07 23:35:41,947 - INFO - meshmode.array_context - [_alias_global_temporaries]: Reduced memory requirement of 'frozen_normal_2_b_inflow' from 0.0MB to 0.0MB.
2024-06-07 23:35:42,586 - INFO - pyopencl - build program: kernel 'frozen_normal_2_b_inflow' was part of a lengthy uncached source build (assuming cached by ICD) (0.38 s)
2024-06-07 23:35:42,657 - INFO - meshmode.array_context - Transforming kernel 'frozen_normal_1_b_inflow' with 3 statements.
2024-06-07 23:35:42,728 - INFO - meshmode.array_context - Array Contraction: Contracting 0 temps
2024-06-07 23:35:42,733 - INFO - meshmode.array_context - [_alias_global_temporaries]: Reduced memory requirement of 'frozen_normal_1_b_inflow' from 0.0MB to 0.0MB.
2024-06-07 23:35:43,372 - INFO - pyopencl - build program: kernel 'frozen_normal_1_b_inflow' was part of a lengthy uncached source build (assuming cached by ICD) (0.38 s)
2024-06-07 23:35:43,403 - INFO - meshmode.array_context - Transforming kernel 'frozen_f2allf_ind' with 0 statements.
2024-06-07 23:35:43,406 - INFO - meshmode.array_context - Array Contraction: Contracting 0 temps
2024-06-07 23:35:43,784 - INFO - pyopencl - build program: kernel 'frozen_f2allf_ind' was part of a lengthy uncached source build (assuming cached by ICD) (0.36 s)
2024-06-07 23:35:43,795 - INFO - meshmode.array_context - Transforming kernel 'frozen_f2allf_ind' with 0 statements.
2024-06-07 23:35:43,909 - INFO - meshmode.array_context - Transforming kernel 'frozen_f2allf_ind' with 1 statements.
2024-06-07 23:35:43,919 - INFO - meshmode.array_context - Array Contraction: Contracting 0 temps
2024-06-07 23:35:43,921 - INFO - meshmode.array_context - [_alias_global_temporaries]: Reduced memory requirement of 'frozen_f2allf_ind' from 0.0MB to 0.0MB.
2024-06-07 23:35:44,323 - INFO - pyopencl - build program: kernel 'frozen_f2allf_ind' was part of a lengthy uncached source build (assuming cached by ICD) (0.36 s)
2024-06-07 23:35:44,440 - INFO - meshmode.array_context - Transforming kernel 'frozen_area_el_b_outflow' with 7 statements.
2024-06-07 23:35:44,570 - INFO - meshmode.array_context - Array Contraction: Contracting 2 temps
2024-06-07 23:35:44,604 - INFO - meshmode.array_context - [_alias_global_temporaries]: Reduced memory requirement of 'frozen_area_el_b_outflow' from 0.0MB to 0.0MB.
2024-06-07 23:35:45,358 - INFO - pyopencl - build program: kernel 'frozen_area_el_b_outflow' was part of a lengthy uncached source build (assuming cached by ICD) (0.39 s)
2024-06-07 23:35:45,441 - INFO - meshmode.array_context - Transforming kernel 'frozen_normal_2_b_outflow' with 3 statements.
2024-06-07 23:35:45,512 - INFO - meshmode.array_context - Array Contraction: Contracting 0 temps
2024-06-07 23:35:45,517 - INFO - meshmode.array_context - [_alias_global_temporaries]: Reduced memory requirement of 'frozen_normal_2_b_outflow' from 0.0MB to 0.0MB.
2024-06-07 23:35:46,156 - INFO - pyopencl - build program: kernel 'frozen_normal_2_b_outflow' was part of a lengthy uncached source build (assuming cached by ICD) (0.38 s)
2024-06-07 23:35:46,227 - INFO - meshmode.array_context - Transforming kernel 'frozen_normal_1_b_outflow' with 3 statements.
2024-06-07 23:35:46,298 - INFO - meshmode.array_context - Array Contraction: Contracting 0 temps
2024-06-07 23:35:46,303 - INFO - meshmode.array_context - [_alias_global_temporaries]: Reduced memory requirement of 'frozen_normal_1_b_outflow' from 0.0MB to 0.0MB.
2024-06-07 23:35:46,943 - INFO - pyopencl - build program: kernel 'frozen_normal_1_b_outflow' was part of a lengthy uncached source build (assuming cached by ICD) (0.38 s)
2024-06-07 23:35:46,974 - INFO - meshmode.array_context - Transforming kernel 'frozen_f2allf_ind' with 1 statements.
2024-06-07 23:35:46,984 - INFO - meshmode.array_context - Array Contraction: Contracting 0 temps
2024-06-07 23:35:46,986 - INFO - meshmode.array_context - [_alias_global_temporaries]: Reduced memory requirement of 'frozen_f2allf_ind' from 0.0MB to 0.0MB.
2024-06-07 23:35:47,386 - INFO - pyopencl - build program: kernel 'frozen_f2allf_ind' was part of a lengthy uncached source build (assuming cached by ICD) (0.36 s)
2024-06-07 23:35:47,399 - INFO - meshmode.array_context - Transforming kernel 'frozen_f2allf_ind' with 1 statements.
2024-06-07 23:35:47,409 - INFO - meshmode.array_context - Array Contraction: Contracting 0 temps
2024-06-07 23:35:47,411 - INFO - meshmode.array_context - [_alias_global_temporaries]: Reduced memory requirement of 'frozen_f2allf_ind' from 0.0MB to 0.0MB.
2024-06-07 23:35:47,813 - INFO - pyopencl - build program: kernel 'frozen_f2allf_ind' was part of a lengthy uncached source build (assuming cached by ICD) (0.36 s)
2024-06-07 23:35:48,013 - INFO - meshmode.array_context - Transforming kernel 'frozen_area_el_b_wall' with 7 statements.
2024-06-07 23:35:48,145 - INFO - meshmode.array_context - Array Contraction: Contracting 2 temps
2024-06-07 23:35:48,178 - INFO - meshmode.array_context - [_alias_global_temporaries]: Reduced memory requirement of 'frozen_area_el_b_wall' from 0.0MB to 0.0MB.
2024-06-07 23:35:48,949 - INFO - pyopencl - build program: kernel 'frozen_area_el_b_wall' was part of a lengthy uncached source build (assuming cached by ICD) (0.40 s)
2024-06-07 23:35:49,034 - INFO - meshmode.array_context - Transforming kernel 'frozen_normal_2_b_wall' with 3 statements.
2024-06-07 23:35:49,105 - INFO - meshmode.array_context - Array Contraction: Contracting 0 temps
2024-06-07 23:35:49,110 - INFO - meshmode.array_context - [_alias_global_temporaries]: Reduced memory requirement of 'frozen_normal_2_b_wall' from 0.0MB to 0.0MB.
2024-06-07 23:35:49,776 - INFO - pyopencl - build program: kernel 'frozen_normal_2_b_wall' was part of a lengthy uncached source build (assuming cached by ICD) (0.39 s)
2024-06-07 23:35:49,850 - INFO - meshmode.array_context - Transforming kernel 'frozen_normal_1_b_wall' with 3 statements.
2024-06-07 23:35:49,921 - INFO - meshmode.array_context - Array Contraction: Contracting 0 temps
2024-06-07 23:35:49,926 - INFO - meshmode.array_context - [_alias_global_temporaries]: Reduced memory requirement of 'frozen_normal_1_b_wall' from 0.0MB to 0.0MB.
2024-06-07 23:35:50,595 - INFO - pyopencl - build program: kernel 'frozen_normal_1_b_wall' was part of a lengthy uncached source build (assuming cached by ICD) (0.39 s)
2024-06-07 23:35:50,628 - INFO - meshmode.array_context - Transforming kernel 'frozen_f2allf_ind' with 1 statements.
2024-06-07 23:35:50,639 - INFO - meshmode.array_context - Array Contraction: Contracting 0 temps
2024-06-07 23:35:50,641 - INFO - meshmode.array_context - [_alias_global_temporaries]: Reduced memory requirement of 'frozen_f2allf_ind' from 0.0MB to 0.0MB.
2024-06-07 23:35:51,038 - INFO - pyopencl - build program: kernel 'frozen_f2allf_ind' was part of a lengthy uncached source build (assuming cached by ICD) (0.36 s)
2024-06-07 23:35:51,050 - INFO - meshmode.array_context - Transforming kernel 'frozen_f2allf_ind' with 1 statements.
2024-06-07 23:35:51,060 - INFO - meshmode.array_context - Array Contraction: Contracting 0 temps
2024-06-07 23:35:51,062 - INFO - meshmode.array_context - [_alias_global_temporaries]: Reduced memory requirement of 'frozen_f2allf_ind' from 0.0MB to 0.0MB.
2024-06-07 23:35:51,469 - INFO - pyopencl - build program: kernel 'frozen_f2allf_ind' was part of a lengthy uncached source build (assuming cached by ICD) (0.36 s)
2024-06-07 23:35:51,583 - INFO - meshmode.array_context - Transforming kernel 'frozen_area_el_b_face_restr_interior' with 7 statements.
2024-06-07 23:35:51,712 - INFO - meshmode.array_context - Array Contraction: Contracting 2 temps
2024-06-07 23:35:51,745 - INFO - meshmode.array_context - [_alias_global_temporaries]: Reduced memory requirement of 'frozen_area_el_b_face_restr_interior' from 0.4MB to 0.3MB.
2024-06-07 23:35:52,511 - INFO - pyopencl - build program: kernel 'frozen_area_el_b_face_restr_interior' was part of a lengthy uncached source build (assuming cached by ICD) (0.39 s)
2024-06-07 23:35:52,595 - INFO - meshmode.array_context - Transforming kernel 'frozen_normal_2_b_face_restr_interior' with 3 statements.
2024-06-07 23:35:52,665 - INFO - meshmode.array_context - Array Contraction: Contracting 0 temps
2024-06-07 23:35:52,670 - INFO - meshmode.array_context - [_alias_global_temporaries]: Reduced memory requirement of 'frozen_normal_2_b_face_restr_interior' from 0.2MB to 0.2MB.
2024-06-07 23:35:53,331 - INFO - pyopencl - build program: kernel 'frozen_normal_2_b_face_restr_interior' was part of a lengthy uncached source build (assuming cached by ICD) (0.39 s)
2024-06-07 23:35:53,403 - INFO - meshmode.array_context - Transforming kernel 'frozen_normal_1_b_face_restr_interior' with 3 statements.
2024-06-07 23:35:53,474 - INFO - meshmode.array_context - Array Contraction: Contracting 0 temps
2024-06-07 23:35:53,478 - INFO - meshmode.array_context - [_alias_global_temporaries]: Reduced memory requirement of 'frozen_normal_1_b_face_restr_interior' from 0.2MB to 0.2MB.
2024-06-07 23:35:54,141 - INFO - pyopencl - build program: kernel 'frozen_normal_1_b_face_restr_interior' was part of a lengthy uncached source build (assuming cached by ICD) (0.39 s)
2024-06-07 23:35:54,174 - INFO - meshmode.array_context - Transforming kernel 'frozen_f2allf_ind' with 1 statements.
2024-06-07 23:35:54,184 - INFO - meshmode.array_context - Array Contraction: Contracting 0 temps
2024-06-07 23:35:54,186 - INFO - meshmode.array_context - [_alias_global_temporaries]: Reduced memory requirement of 'frozen_f2allf_ind' from 0.0MB to 0.0MB.
2024-06-07 23:35:54,591 - INFO - pyopencl - build program: kernel 'frozen_f2allf_ind' was part of a lengthy uncached source build (assuming cached by ICD) (0.36 s)
2024-06-07 23:35:54,603 - INFO - meshmode.array_context - Transforming kernel 'frozen_f2allf_ind' with 1 statements.
2024-06-07 23:35:54,613 - INFO - meshmode.array_context - Array Contraction: Contracting 0 temps
2024-06-07 23:35:54,615 - INFO - meshmode.array_context - [_alias_global_temporaries]: Reduced memory requirement of 'frozen_f2allf_ind' from 0.0MB to 0.0MB.
2024-06-07 23:35:55,021 - INFO - pyopencl - build program: kernel 'frozen_f2allf_ind' was part of a lengthy uncached source build (assuming cached by ICD) (0.36 s)
2024-06-07 23:35:55,033 - INFO - meshmode.array_context - Transforming kernel 'frozen_f2allf_ind' with 1 statements.
2024-06-07 23:35:55,043 - INFO - meshmode.array_context - Array Contraction: Contracting 0 temps
2024-06-07 23:35:55,045 - INFO - meshmode.array_context - [_alias_global_temporaries]: Reduced memory requirement of 'frozen_f2allf_ind' from 0.0MB to 0.0MB.
2024-06-07 23:35:55,452 - INFO - pyopencl - build program: kernel 'frozen_f2allf_ind' was part of a lengthy uncached source build (assuming cached by ICD) (0.36 s)
2024-06-07 23:35:56,190 - INFO - meshmode.array_context - Transforming kernel 'frozen_inv_metric_deriv_vol' with 45 statements.
2024-06-07 23:35:57,221 - INFO - loopy.tools - fuse_same_discretization_entity_loops on 'frozen_inv_metric_deriv_vol': completed (0.94s wall 1.00x CPU)
2024-06-07 23:35:57,268 - INFO - meshmode.array_context - Loop Fusion: completed (1.07s wall 1.00x CPU)
2024-06-07 23:35:57,394 - INFO - meshmode.array_context - Array Contraction: Contracting 0 temps
2024-06-07 23:35:57,430 - INFO - meshmode.array_context - [_alias_global_temporaries]: Reduced memory requirement of 'frozen_inv_metric_deriv_vol' from 1.7MB to 0.5MB.
2024-06-07 23:35:58,210 - INFO - loopy.tools - preprocess_program on 'frozen_inv_metric_deriv_vol': completed (0.62s wall 1.00x CPU)
2024-06-07 23:36:00,257 - INFO - pyopencl - build program: kernel 'frozen_inv_metric_deriv_vol' was part of a lengthy uncached source build (assuming cached by ICD) (0.59 s)
/p/gpfs1/mtcampbe/CEESD/AutomatedTesting/MIRGE-Timing/timing/emirge/mirgecom/mirgecom/artificial_viscosity.py:347: UserWarning: The AV boundary_kwargs interface is deprecated, please pass gas_model and time directly.
  warn("The AV boundary_kwargs interface is deprecated, please pass gas_model"
2024-06-07 23:36:01,602 - INFO - grudge.array_context - deduplicate_data_wrappers[pre-partition]: completed (0.54s wall 1.00x CPU)
failed to infer axis 1 of array of type <class 'pytato.array.Reshape'>.
expr.non_equality_tags=frozenset()
2024-06-07 23:36:03,706 - INFO - grudge.array_context - transform_dag.infer_axes_tags[pre-partition]: completed (1.84s wall 1.00x CPU)
2024-06-07 23:36:04,204 - INFO - pytato.distributed.verify - find_partition: Split 3430 nodes into 1 parts, with [3430] nodes in each partition.
2024-06-07 23:36:05,921 - INFO - meshmode.array_context - transform_dag.materialize_all_einsums_or_reduces: completed (0.43s wall 1.00x CPU)
failed to infer axis 1 of array of type <class 'pytato.array.Reshape'>.
expr.non_equality_tags=frozenset()
2024-06-07 23:36:07,725 - INFO - meshmode.array_context - transform_dag.infer_axes_tags: completed (1.80s wall 1.00x CPU)
2024-06-07 23:36:08,034 - INFO - meshmode.array_context - Transforming kernel 'frozen_result' with 1 statements.
2024-06-07 23:36:08,045 - INFO - meshmode.array_context - Array Contraction: Contracting 0 temps
2024-06-07 23:36:08,047 - INFO - meshmode.array_context - [_alias_global_temporaries]: Reduced memory requirement of 'frozen_result' from 0.0MB to 0.0MB.
2024-06-07 23:36:08,468 - INFO - pyopencl - build program: kernel 'frozen_result' was part of a lengthy uncached source build (assuming cached by ICD) (0.37 s)
2024-06-07 23:36:08,484 - INFO - meshmode.array_context - Transforming kernel 'frozen_result' with 1 statements.
2024-06-07 23:36:08,512 - INFO - meshmode.array_context - Array Contraction: Contracting 0 temps
_get_iel_to_idofs: str(insn)="_ary_store: _ary[idim_ensm0, idim_ensm0_0, iel_ensm0] <- inv_metric_deriv_vol[((idim_ensm0*5008 + idim_ensm0_0*2504 + iel_ensm0) % 10016) // 5008, ((idim_ensm0*5008 + idim_ensm0_0*2504 + iel_ensm0) % 5008) // 2504, (idim_ensm0*5008 + idim_ensm0_0*2504 + iel_ensm0) % 2504, 0] {tags=EinsumTag(orig_loop_nest=frozenset({'idim_1_0_', 'idim_0_0_', 'iel_0_0_'}))}"
2024-06-07 23:36:09,054 - INFO - pyopencl - build program: kernel 'frozen_result' was part of a lengthy uncached source build (assuming cached by ICD) (0.40 s)
2024-06-07 23:36:09,076 - INFO - meshmode.array_context - Transforming kernel 'frozen_result' with 1 statements.
_get_iel_to_idofs: str(insn)="_ary_store: _ary[idim_ensm0, idim_ensm0_0, iel_ensm0] <- inv_metric_deriv_vol[((idim_ensm0*5008 + idim_ensm0_0*2504 + iel_ensm0) % 10016) // 5008, ((idim_ensm0*5008 + idim_ensm0_0*2504 + iel_ensm0) % 5008) // 2504, (idim_ensm0*5008 + idim_ensm0_0*2504 + iel_ensm0) % 2504, 0] {tags=EinsumTag(orig_loop_nest=frozenset({'idim_1_0_', 'idim_0_0_', 'iel_0_0_'}))}"
2024-06-07 23:36:09,231 - INFO - meshmode.array_context - Transforming kernel 'frozen_result' with 1 statements.
2024-06-07 23:36:09,248 - INFO - meshmode.array_context - Array Contraction: Contracting 0 temps
_get_iel_to_idofs: str(insn)="_ary_store: _ary[iface_ensm0, iel_ensm0] <- _actx_dw[((iface_ensm0*2504 + iel_ensm0) % 7512) // 2504, (iface_ensm0*2504 + iel_ensm0) % 2504, 0] {tags=EinsumTag(orig_loop_nest=frozenset({'iface_0_0_', 'iel_0_0_'}))}"
2024-06-07 23:36:09,722 - INFO - pyopencl - build program: kernel 'frozen_result' was part of a lengthy uncached source build (assuming cached by ICD) (0.38 s)
2024-06-07 23:36:09,980 - INFO - arraycontext.impl.pytato.compile - transform_dag for 'my_rhs_part_0': completed (5.78s wall 1.00x CPU)
2024-06-07 23:36:13,921 - INFO - arraycontext.impl.pytato.compile - generate_loopy for 'my_rhs_part_0': completed (3.94s wall 1.00x CPU)
2024-06-07 23:36:13,922 - INFO - meshmode.array_context - Transforming kernel 'my_rhs_part_0' with 355 statements.
2024-06-07 23:36:26,007 - INFO - loopy.tools - fuse_same_discretization_entity_loops on 'my_rhs_part_0': completed (11.28s wall 1.00x CPU)
2024-06-07 23:36:26,704 - INFO - meshmode.array_context - Loop Fusion: completed (12.76s wall 1.00x CPU)
2024-06-07 23:36:28,298 - INFO - meshmode.array_context - Array Contraction: Contracting 73 temps
2024-06-07 23:36:31,699 - INFO - loopy.tools - contract_arrays on 'my_rhs_part_0': completed (3.41s wall 1.00x CPU)
2024-06-07 23:36:32,108 - INFO - meshmode.array_context - Array Contraction: completed (4.43s wall 1.00x CPU)
2024-06-07 23:36:32,284 - INFO - meshmode.array_context - [_alias_global_temporaries]: Reduced memory requirement of 'my_rhs_part_0' from 16.3MB to 7.5MB.
2024-06-07 23:36:33,852 - INFO - arraycontext.impl.pytato.compile - transform_loopy_program for 'my_rhs_part_0': completed (19.93s wall 1.00x CPU)
2024-06-07 23:36:38,487 - INFO - loopy.preprocess - my_rhs_part_0: preprocess: completed (0.44s wall 1.00x CPU)
2024-06-07 23:36:40,935 - INFO - loopy.tools - preprocess_program on 'my_rhs_part_0': completed (6.15s wall 1.00x CPU)
2024-06-07 23:36:47,210 - INFO - loopy.schedule - my_rhs_part_0: schedule: completed (2.60s wall 1.00x CPU)
2024-06-07 23:36:55,258 - INFO - loopy.codegen - my_rhs_part_0: generate code: completed (4.33s wall 1.00x CPU)
2024-06-07 23:37:03,567 - INFO - pyopencl - build program: kernel 'my_rhs_part_0' was part of a lengthy uncached source build (assuming cached by ICD) (5.93 s)
2024-06-07 23:37:04,995 - INFO - meshmode.array_context - Transforming kernel 'frozen_result' with 1 statements.
2024-06-07 23:37:05,011 - INFO - meshmode.array_context - Array Contraction: Contracting 0 temps
2024-06-07 23:37:05,013 - INFO - meshmode.array_context - [_alias_global_temporaries]: Reduced memory requirement of 'frozen_result' from 0.0MB to 0.0MB.
2024-06-07 23:37:05,449 - INFO - pyopencl - build program: kernel 'frozen_result' was part of a lengthy uncached source build (assuming cached by ICD) (0.37 s)
2024-06-07 23:37:05,465 - INFO - meshmode.array_context - Transforming kernel 'frozen_result' with 1 statements.
2024-06-07 23:37:05,481 - INFO - meshmode.array_context - Array Contraction: Contracting 0 temps
2024-06-07 23:37:05,483 - INFO - meshmode.array_context - [_alias_global_temporaries]: Reduced memory requirement of 'frozen_result' from 0.0MB to 0.0MB.
2024-06-07 23:37:05,921 - INFO - pyopencl - build program: kernel 'frozen_result' was part of a lengthy uncached source build (assuming cached by ICD) (0.37 s)
2024-06-07 23:37:05,948 - INFO - meshmode.array_context - Transforming kernel 'frozen_result' with 1 statements.
2024-06-07 23:37:05,964 - INFO - meshmode.array_context - Array Contraction: Contracting 0 temps
2024-06-07 23:37:05,966 - INFO - meshmode.array_context - [_alias_global_temporaries]: Reduced memory requirement of 'frozen_result' from 0.0MB to 0.0MB.
2024-06-07 23:37:06,400 - INFO - pyopencl - build program: kernel 'frozen_result' was part of a lengthy uncached source build (assuming cached by ICD) (0.37 s)
2024-06-07 23:37:06,417 - INFO - meshmode.array_context - Transforming kernel 'frozen_result' with 1 statements.
2024-06-07 23:37:06,433 - INFO - meshmode.array_context - Array Contraction: Contracting 0 temps
2024-06-07 23:37:06,436 - INFO - meshmode.array_context - [_alias_global_temporaries]: Reduced memory requirement of 'frozen_result' from 0.0MB to 0.0MB.
2024-06-07 23:37:06,871 - INFO - pyopencl - build program: kernel 'frozen_result' was part of a lengthy uncached source build (assuming cached by ICD) (0.37 s)
/p/gpfs1/mtcampbe/CEESD/AutomatedTesting/MIRGE-Timing/timing/emirge/mirgecom/mirgecom/steppers.py:439: UserWarning: Deduced force_eval=True for this timestepper. This can have a nontrivial performance impact. If you know that your timestepper does not require per-step forced evaluation, explicitly set force_eval=False.
  _advance_state_stepper_func(
2024-06-07 23:37:06,946 - INFO - meshmode.array_context - Transforming kernel 'frozen_result' with 4 statements.
2024-06-07 23:37:06,999 - INFO - meshmode.array_context - Array Contraction: Contracting 0 temps
2024-06-07 23:37:07,003 - INFO - meshmode.array_context - [_alias_global_temporaries]: Reduced memory requirement of 'frozen_result' from 0.0MB to 0.0MB.
2024-06-07 23:37:07,594 - INFO - pyopencl - build program: kernel 'frozen_result' was part of a lengthy uncached source build (assuming cached by ICD) (0.38 s)
step = 0, sim time: 0.000000e+00 s, step walltime: 101.914 s
2024-06-07 23:37:07,731 - INFO - meshmode.array_context - Transforming kernel 'frozen_result' with 4 statements.
2024-06-07 23:37:07,784 - INFO - meshmode.array_context - Array Contraction: Contracting 0 temps
2024-06-07 23:37:07,788 - INFO - meshmode.array_context - [_alias_global_temporaries]: Reduced memory requirement of 'frozen_result' from 0.0MB to 0.0MB.
2024-06-07 23:37:08,375 - INFO - pyopencl - build program: kernel 'frozen_result' was part of a lengthy uncached source build (assuming cached by ICD) (0.38 s)
step = 1, sim time: 1.000000e-08 s, step walltime: 0.764532 s
step = 2, sim time: 2.000000e-08 s, step walltime: 0.0417491 s
step = 3, sim time: 3.000000e-08 s, step walltime: 0.0333671 s
step = 4, sim time: 4.000000e-08 s, step walltime: 0.0331174 s
step = 5, sim time: 5.000000e-08 s, step walltime: 0.0331983 s
step = 6, sim time: 6.000000e-08 s, step walltime: 0.0330432 s
step = 7, sim time: 7.000000e-08 s, step walltime: 0.0332081 s
step = 8, sim time: 8.000000e-08 s, step walltime: 0.0329885 s
step = 9, sim time: 9.000000e-08 s, step walltime: 0.0332299 s
step = 10, sim time: 1.000000e-07 s, step walltime: 0.0329469 s
step = 11, sim time: 1.100000e-07 s, step walltime: 0.0330337 s
step = 12, sim time: 1.200000e-07 s, step walltime: 0.0328584 s
step = 13, sim time: 1.300000e-07 s, step walltime: 0.033419 s
step = 14, sim time: 1.400000e-07 s, step walltime: 0.0329876 s
step = 15, sim time: 1.500000e-07 s, step walltime: 0.0331477 s
step = 16, sim time: 1.600000e-07 s, step walltime: 0.0329461 s
step = 17, sim time: 1.700000e-07 s, step walltime: 0.0332245 s
step = 18, sim time: 1.800000e-07 s, step walltime: 0.0329268 s
2024-06-07 23:37:09,067 - INFO - meshmode.array_context - Transforming kernel 'frozen_result' with 1 statements.
2024-06-07 23:37:09,084 - INFO - meshmode.array_context - Array Contraction: Contracting 0 temps
2024-06-07 23:37:09,086 - INFO - meshmode.array_context - [_alias_global_temporaries]: Reduced memory requirement of 'frozen_result' from 0.0MB to 0.0MB.
2024-06-07 23:37:09,522 - INFO - pyopencl - build program: kernel 'frozen_result' was part of a lengthy uncached source build (assuming cached by ICD) (0.37 s)
2024-06-07 23:37:09,548 - INFO - meshmode.array_context - Transforming kernel 'frozen_result' with 1 statements.
2024-06-07 23:37:09,564 - INFO - meshmode.array_context - Array Contraction: Contracting 0 temps
2024-06-07 23:37:09,566 - INFO - meshmode.array_context - [_alias_global_temporaries]: Reduced memory requirement of 'frozen_result' from 0.0MB to 0.0MB.
2024-06-07 23:37:10,001 - INFO - pyopencl - build program: kernel 'frozen_result' was part of a lengthy uncached source build (assuming cached by ICD) (0.37 s)
2024-06-07 23:37:10,076 - INFO - meshmode.array_context - Transforming kernel 'frozen_result' with 4 statements.
2024-06-07 23:37:10,129 - INFO - meshmode.array_context - Array Contraction: Contracting 0 temps
2024-06-07 23:37:10,134 - INFO - meshmode.array_context - [_alias_global_temporaries]: Reduced memory requirement of 'frozen_result' from 0.0MB to 0.0MB.
2024-06-07 23:37:10,720 - INFO - pyopencl - build program: kernel 'frozen_result' was part of a lengthy uncached source build (assuming cached by ICD) (0.38 s)
step = 19, sim time: 1.900000e-07 s, step walltime: 1.69774 s
2024-06-07 23:37:10,768 - INFO - pytato.distributed.verify - find_partition: Split 22 nodes into 1 parts, with [22] nodes in each partition.
2024-06-07 23:37:10,823 - INFO - meshmode.array_context - Transforming kernel 'get_fluid_state_part_0' with 15 statements.
2024-06-07 23:37:10,967 - INFO - meshmode.array_context - Array Contraction: Contracting 1 temps
2024-06-07 23:37:10,991 - INFO - meshmode.array_context - [_alias_global_temporaries]: Reduced memory requirement of 'get_fluid_state_part_0' from 0.1MB to 0.1MB.
2024-06-07 23:37:11,850 - INFO - pyopencl - build program: kernel 'get_fluid_state_part_0' was part of a lengthy uncached source build (assuming cached by ICD) (0.39 s)
Checkpointing final state ...
2024-06-07 23:37:11,928 - INFO - meshmode.array_context - Transforming kernel 'frozen_result' with 4 statements.
2024-06-07 23:37:11,979 - INFO - meshmode.array_context - Array Contraction: Contracting 3 temps
2024-06-07 23:37:12,014 - INFO - meshmode.array_context - [_alias_global_temporaries]: Reduced memory requirement of 'frozen_result' from 0.2MB to 0.2MB.
2024-06-07 23:37:12,542 - INFO - pyopencl - build program: kernel 'frozen_result' was part of a lengthy uncached source build (assuming cached by ICD) (0.39 s)
-------- dt = 0.000e+00, cfl = 0.0228
-------- P (min, max) (Pa) = (1.284504623e+03, 2.753939220e+05)
-------- T (min, max) (K)  = (269.955, 2214.65)

2024-06-07 23:37:12,596 - INFO - meshmode.array_context - Transforming kernel 'frozen_result' with 3 statements.
2024-06-07 23:37:12,624 - INFO - meshmode.array_context - Array Contraction: Contracting 0 temps
2024-06-07 23:37:12,628 - INFO - meshmode.array_context - [_alias_global_temporaries]: Reduced memory requirement of 'frozen_result' from 0.1MB to 0.1MB.
2024-06-07 23:37:13,192 - INFO - pyopencl - build program: kernel 'frozen_result' was part of a lengthy uncached source build (assuming cached by ICD) (0.40 s)
2024-06-07 23:37:13,214 - INFO - meshmode.array_context - Transforming kernel 'frozen_result' with 1 statements.
2024-06-07 23:37:13,222 - INFO - meshmode.array_context - Array Contraction: Contracting 0 temps
2024-06-07 23:37:13,224 - INFO - meshmode.array_context - [_alias_global_temporaries]: Reduced memory requirement of 'frozen_result' from 0.0MB to 0.0MB.
2024-06-07 23:37:13,663 - INFO - pyopencl - build program: kernel 'frozen_result' was part of a lengthy uncached source build (assuming cached by ICD) (0.38 s)
2024-06-07 23:37:13,693 - INFO - meshmode.array_context - Transforming kernel 'frozen_result' with 3 statements.
2024-06-07 23:37:13,722 - INFO - meshmode.array_context - Array Contraction: Contracting 0 temps
2024-06-07 23:37:13,726 - INFO - meshmode.array_context - [_alias_global_temporaries]: Reduced memory requirement of 'frozen_result' from 0.1MB to 0.1MB.
2024-06-07 23:37:14,283 - INFO - pyopencl - build program: kernel 'frozen_result' was part of a lengthy uncached source build (assuming cached by ICD) (0.39 s)
failed to infer axis 1 of array of type <class 'pytato.array.Reshape'>.
expr.non_equality_tags=frozenset()
2024-06-07 23:37:14,339 - INFO - meshmode.array_context - Transforming kernel 'frozen_result' with 6 statements.
2024-06-07 23:37:14,431 - INFO - meshmode.array_context - Array Contraction: Contracting 0 temps
2024-06-07 23:37:14,441 - INFO - meshmode.array_context - [_alias_global_temporaries]: Reduced memory requirement of 'frozen_result' from 0.2MB to 0.2MB.
2024-06-07 23:37:15,281 - INFO - pyopencl - build program: kernel 'frozen_result' was part of a lengthy uncached source build (assuming cached by ICD) (0.47 s)
2024-06-07 23:37:15,347 - INFO - meshmode.array_context - Transforming kernel 'frozen_result' with 4 statements.
2024-06-07 23:37:15,392 - INFO - meshmode.array_context - Array Contraction: Contracting 2 temps
2024-06-07 23:37:15,417 - INFO - meshmode.array_context - [_alias_global_temporaries]: Reduced memory requirement of 'frozen_result' from 0.2MB to 0.2MB.
2024-06-07 23:37:16,019 - INFO - pyopencl - build program: kernel 'frozen_result' was part of a lengthy uncached source build (assuming cached by ICD) (0.41 s)

------------------------------------------------------------
Sender: LSF System <lsfadmin@lassen710>
Subject: Job 5944885: <isolator_timing_job.sh> in cluster <lassen> Done

Job <isolator_timing_job.sh> was submitted from host <lassen708> by user <mtcampbe> in cluster <lassen> at Fri Jun  7 23:34:17 2024
Job was executed on host(s) <1*lassen710>, in queue <pbatch>, as user <mtcampbe> in cluster <lassen> at Fri Jun  7 23:34:21 2024
                            <40*lassen311>
</g/g17/mtcampbe> was used as the home directory.
</p/gpfs1/mtcampbe/CEESD/AutomatedTesting/MIRGE-Timing/timing/emirge/mirgecom/y2-isolator/timing_run> was used as the working directory.
Started at Fri Jun  7 23:34:21 2024
Terminated at Fri Jun  7 23:37:50 2024
Results reported at Fri Jun  7 23:37:50 2024

Your job looked like:

------------------------------------------------------------
# LSBATCH: User input
#!/bin/bash

#BSUB -nnodes 1
#BSUB -G uiuc
#BSUB -W 60
#BSUB -q pbatch

printf "Running with EMIRGE_HOME=/p/gpfs1/mtcampbe/CEESD/AutomatedTesting/MIRGE-Timing/timing/emirge\n"

source "/p/gpfs1/mtcampbe/CEESD/AutomatedTesting/MIRGE-Timing/timing/emirge/config/activate_env.sh"
export PYOPENCL_CTX="port:tesla"
export XDG_CACHE_HOME="/tmp/mtcampbe/xdg-scratch"
rm -rf $XDG_CACHE_HOME
rm -f timing-run-done
which python
conda env list
env
env | grep LSB_MCPU_HOSTS

jsrun -g 1 -a 1 -n 1 python -O -u -m mpi4py ./isolator.py -i timing_params.yaml --lazy --log
touch timing-run-done


------------------------------------------------------------

Successfully completed.

Resource usage summary:

    CPU time :                                   0.29 sec.
    Max Memory :                                 59 MB
    Average Memory :                             57.80 MB
    Total Requested Memory :                     -
    Delta Memory :                               -
    Max Swap :                                   1634 MB
    Max Processes :                              4
    Max Threads :                                27
    Run time :                                   210 sec.
    Turnaround time :                            213 sec.

The output (if any) is above this job summary.

