Customizing shell for Lassen.
Running with EMIRGE_HOME=/p/gpfs1/mtcampbe/CEESD/AutomatedTesting/MIRGE-Timing/timing/emirge
Activating 'nozzle.lazy.timing.env' environment for '/p/gpfs1/mtcampbe/CEESD/AutomatedTesting/MIRGE-Timing/timing/emirge/miniforge3/bin/conda'.
/p/gpfs1/mtcampbe/CEESD/AutomatedTesting/MIRGE-Timing/timing/emirge/miniforge3/envs/nozzle.lazy.timing.env/bin/python
# conda environments:
#
                         /p/gpfs1/mtcampbe/CEESD/AutomatedTesting/MIRGE-Timing/testing/test-x/emirge/miniforge3/envs/testing.test.x
base                     /p/gpfs1/mtcampbe/CEESD/AutomatedTesting/MIRGE-Timing/timing/emirge/miniforge3
nozzle.lazy.timing.env  *  /p/gpfs1/mtcampbe/CEESD/AutomatedTesting/MIRGE-Timing/timing/emirge/miniforge3/envs/nozzle.lazy.timing.env
                         /usr/workspace/wsa/xpacc/Users/mtcampbe/CEESD/Quartz/Install/conda
                         /usr/workspace/wsa/xpacc/Users/mtcampbe/CEESD/Quartz/Install/conda/envs/abate.mtc_euler.env
                         /usr/workspace/wsa/xpacc/Users/mtcampbe/CEESD/Quartz/Install/conda/envs/ceesd.master
                         /usr/workspace/wsa/xpacc/Users/mtcampbe/CEESD/Quartz/Install/conda/envs/chem.master
                         /usr/workspace/wsa/xpacc/Users/mtcampbe/CEESD/Quartz/Install/conda/envs/dgfem
                         /usr/workspace/wsa/xpacc/Users/mtcampbe/CEESD/Quartz/Install/conda/envs/mc.master

LMOD_FAMILY_COMPILER_VERSION=8.3.1
PROJ_LIB=/p/gpfs1/mtcampbe/CEESD/AutomatedTesting/MIRGE-Timing/timing/emirge/miniforge3/envs/nozzle.lazy.timing.env/share/proj
LLNL_IPISOLATE=0
MANPATH=/usr/tce/packages/spectrum-mpi/ibm/spectrum-mpi-rolling-release/share/man:/usr/tce/packages/gcc/gcc-8.3.1/man:/opt/ibm/spectrumcomputing/lsf/10.1.0.10/man:/usr/man:/usr/share/man:/usr/local/man:/usr/X11R6/man:/usr/lib64/mvapich/default/man:/opt/ibm/spectrum_mpi/jsm_pmix/share/man
LSB_EXEC_CLUSTER=lassen
OMPI_COMM_WORLD_RANK=0
LMOD_FAMILY_CUDA=cuda
LMOD_ANCIENT_TIME=3600
GUESTFISH_INIT=\e[1;34m
_ModuleTable003_=LAp1c2VyTmFtZSA9ICJnY2MvOC4zLjEiLAp3ViA9ICIwMDAwMDAwMDguMDAwMDAwMDAzLjAwMDAwMDAwMS4qemZpbmFsIiwKfSwKbGFsbG9jID0gewpmbiA9ICIvdXNyL3RjZXRtcC9tb2R1bGVmaWxlcy9Db3JlL2xhbGxvYy8yLjAubHVhIiwKZnVsbE5hbWUgPSAibGFsbG9jLzIuMCIsCmxvYWRPcmRlciA9IDMsCnByb3BUID0ge30sCnN0YWNrRGVwdGggPSAwLApzdGF0dXMgPSAiYWN0aXZlIiwKdXNlck5hbWUgPSAibGFsbG9jLzIuMCIsCndWID0gIl4wMDAwMDAwMi4qemZpbmFsIiwKfSwKWyJzcGVjdHJ1bS1tcGkiXSA9IHsKZm4gPSAiL3Vzci90Y2UvbW9kdWxlZmlsZXMvQ29tcGlsZXIvZ2NjLzguMy4xL3NwZWN0cnVtLW1waS9yb2xsaW5nLXJlbGVhc2UubHVhIiwKZnVs
HOSTNAME=lassen192
LSB_EFFECTIVE_RSRCREQ=1*{select[(LN) && (type == any)] order[r15s:pg] span[hosts=1]}+40*{select[(CN) && (type == any)] order[r15s:pg] span[ptile=40]}
LSB_DOCKER_JOB_STARTTS=1656145996
BBHASH=0c0f03d14236b08141910cce7104ca3c
JSM_TMPDIR=/var/tmp
MIRGE_TIMING_HOME=/p/gpfs1/mtcampbe/CEESD/AutomatedTesting/MIRGE-Timing/timing
LSF_LOGDIR=/opt/ibm/spectrumcomputing/lsf/log
LSF_LIM_API_NTRIES=1
LSB_BATCH_JID=3678694
__LMOD_REF_COUNT_MODULEPATH=/usr/tce/modulefiles/MPI/gcc/8.3.1/spectrum-mpi/rolling-release:1;/usr/tce/modulefiles/Compiler/gcc/8.3.1:1;/usr/tcetmp/modulefiles/Core:1;/usr/apps/modulefiles:1;/usr/share/modulefiles/Linux:1;/usr/share/modulefiles/Core:1;/usr/share/lmod/lmod/modulefiles/Core:1;/collab/usr/global/tools/modulefiles/blueos_3_ppc64le_ib_p9/Core:1
MAILTO=mtcampbe@illinois.edu,andreask@illinois.edu
SHELL=/bin/bash
LMOD_ROOT=/usr/share/lmod
HISTSIZE=1000
WISECONFIGDIR=/usr/share/wise2/
LMOD_SYSTEM_DEFAULT_MODULES=StdEnv
TMPDIR=/var/tmp
MODULEPATH_ROOT=/usr/share/modulefiles
SSH_CLIENT=192.168.66.202 38546 22
LS_EXECCWD=/p/gpfs1/mtcampbe/CEESD/AutomatedTesting/MIRGE-Timing/timing/emirge/mirgecom/y2-isolator/timing_run
LSB_TRAPSIGS=trap # 15 10 12 2 1
CONDA_SHLVL=1
LMOD_FAMILY_CUDA_VERSION=10.1.243
LS_JOBPID=11193
CONDA_PROMPT_MODIFIER=
LSB_MAX_NUM_PROCESSORS=41
LSB_JOBRES_CALLBACK=59757@lassen710
LMOD_PKG=/usr/share/lmod/lmod
LSB_JOB_EXECUSER=mtcampbe
LSB_JOBID=3678694
QTDIR=/usr/lib64/qt-3.3
LSF_SERVERDIR=/opt/ibm/spectrumcomputing/lsf/10.1.0.10/linux3.10-glibc2.17-ppc64le-csm/etc
LSB_JOBRES_PID=11193
LMOD_VERSION=8.6.16
LMOD_SHORT_TIME=60
QTINC=/usr/lib64/qt-3.3/include
LSB_JOBNAME=isolator_timing_job.sh
LLNL_COMPUTE_NODES=lassen192
LLNL_ATSDISABLE=0
BSUB_BLOCK_EXEC_HOST=
QT_GRAPHICSSYSTEM_CHECKED=1
LSF_LIBDIR=/opt/ibm/spectrumcomputing/lsf/10.1.0.10/linux3.10-glibc2.17-ppc64le-csm/lib
LSB_PROJECT_NAME=default
OPAL_PREFIX=/usr/tce/packages/spectrum-mpi/ibm/spectrum-mpi-rolling-release
CUDA_HOME=/usr/tce/packages/cuda/cuda-10.1.243
USER=mtcampbe
PYOPENCL_CTX=port:tesla
LMOD_sys=Linux
LD_LIBRARY_PATH=/opt/ibm/spectrumcomputing/lsf/10.1.0.10/linux3.10-glibc2.17-ppc64le-csm/lib:/usr/tce/packages/cuda/cuda-10.1.243/lib64
SBD_KRB5CCNAME_VAL=
LSB_EEXEC_REAL_UID=
CONDA_EXE=/p/gpfs1/mtcampbe/CEESD/AutomatedTesting/MIRGE-Timing/timing/emirge/miniforge3/bin/conda
CEESD=/usr/workspace/wsa/xpacc/Users/mtcampbe/CEESD/Lassen
ENV=/g/g17/mtcampbe/.bashrc
PFTP_CONFIG_FILENAME=/etc/pftp_config
HOST_GRP=linux
_ModuleTable004_=bE5hbWUgPSAic3BlY3RydW0tbXBpL3JvbGxpbmctcmVsZWFzZSIsCmxvYWRPcmRlciA9IDUsCnByb3BUID0ge30sCnN0YWNrRGVwdGggPSAwLApzdGF0dXMgPSAiYWN0aXZlIiwKdXNlck5hbWUgPSAic3BlY3RydW0tbXBpL3JvbGxpbmctcmVsZWFzZSIsCndWID0gIl5yb2xsaW5nLipyZWxlYXNlLip6ZmluYWwiLAp9LAp9LAptcGF0aEEgPSB7CiIvdXNyL3RjZS9tb2R1bGVmaWxlcy9NUEkvZ2NjLzguMy4xL3NwZWN0cnVtLW1waS9yb2xsaW5nLXJlbGVhc2UiCiwgIi91c3IvdGNlL21vZHVsZWZpbGVzL0NvbXBpbGVyL2djYy84LjMuMSIsICIvdXNyL3RjZXRtcC9tb2R1bGVmaWxlcy9Db3JlIgosICIvdXNyL2FwcHMvbW9kdWxlZmlsZXMiLCAiL3Vzci9zaGFyZS9tb2R1bGVm
HOSTTYPE=LINUXPPC64LE
LSF_INVOKE_CMD=bsub
CUDA_CACHE_DISABLE=1
LS_EXEC_T=START
LMOD_FAMILY_LALLOC=lalloc
LS_SUBCWD=/p/gpfs1/mtcampbe/CEESD/AutomatedTesting/MIRGE-Timing/timing/emirge/mirgecom/y2-isolator/timing_run
LSB_SUB_RES_REQ=1*{select[LN]span[hosts=1]} + 40*{select[CN]span[ptile=40]}
LSB_HOSTS=lassen710 lassen192 lassen192 lassen192 lassen192 lassen192 lassen192 lassen192 lassen192 lassen192 lassen192 lassen192 lassen192 lassen192 lassen192 lassen192 lassen192 lassen192 lassen192 lassen192 lassen192 lassen192 lassen192 lassen192 lassen192 lassen192 lassen192 lassen192 lassen192 lassen192 lassen192 lassen192 lassen192 lassen192 lassen192 lassen192 lassen192 lassen192 lassen192 lassen192 lassen192
LMOD_PREPEND_BLOCK=normal
LMOD_FAMILY_MPI_VERSION=rolling-release
GUESTFISH_PS1=\[\e[1;32m\]><fs>\[\e[0;31m\] 
_CE_CONDA=
LSB_UNIXGROUP_INT=mtcampbe
LSB_JOBFILENAME=/g/g17/mtcampbe/.lsbatch/1656145994.3678694
LSB_JOBINDEX=0
_ModuleTable001_=X01vZHVsZVRhYmxlXyA9IHsKTVR2ZXJzaW9uID0gMywKY19yZWJ1aWxkVGltZSA9IGZhbHNlLApjX3Nob3J0VGltZSA9IGZhbHNlLApkZXB0aFQgPSB7fSwKZmFtaWx5ID0gewpjb21waWxlciA9ICJnY2MiLApjdWRhID0gImN1ZGEiLApsYWxsb2MgPSAibGFsbG9jIiwKbXBpID0gInNwZWN0cnVtLW1waSIsCn0sCm1UID0gewpTdGRFbnYgPSB7CmZuID0gIi91c3IvdGNldG1wL21vZHVsZWZpbGVzL0NvcmUvU3RkRW52Lmx1YSIsCmZ1bGxOYW1lID0gIlN0ZEVudiIsCmxvYWRPcmRlciA9IDIsCnByb3BUID0gewpsbW9kID0gewpzdGlja3kgPSAxLAp9LAp9LApzdGFja0RlcHRoID0gMCwKc3RhdHVzID0gImFjdGl2ZSIsCnVzZXJOYW1lID0gIlN0ZEVudiIsCndWID0gIk0uKnpm
PATH=/usr/workspace/wsa/xpacc/Users/mtcampbe/CEESD/Lassen/conda-install/bin:/usr/workspace/wsa/xpacc/Users/mtcampbe/CEESD/Lassen/conda-install/bin:/usr/tce/packages/spectrum-mpi/spectrum-mpi-rolling-release-gcc-8.3.1/bin:/usr/tce/packages/gcc/gcc-8.3.1/bin:/usr/tce/packages/lalloc/lalloc-2.0/bin:/p/gpfs1/mtcampbe/CEESD/AutomatedTesting/MIRGE-Timing/timing/emirge/miniforge3/envs/nozzle.lazy.timing.env/bin:/p/gpfs1/mtcampbe/CEESD/AutomatedTesting/MIRGE-Timing/timing/emirge/miniforge3/bin:/usr/workspace/wsa/xpacc/Users/mtcampbe/CEESD/Lassen/conda-install/bin:/usr/tce/packages/cuda/cuda-10.1.243/bin:/usr/tcetmp/bin:/usr/condabin:/usr/lib64/qt-3.3/bin:/usr/local/bin:/usr/bin:/usr/local/sbin:/usr/sbin:/opt/ibm/spectrum_mpi/jsm_pmix/bin:/opt/ibm/bb/bin:/opt/ibm/flightlog/bin:/opt/ibutils/bin:/opt/ibm/spectrumcomputing/lsf/10.1.0.10/linux3.10-glibc2.17-ppc64le-csm/etc:/opt/ibm/spectrumcomputing/lsf/10.1.0.10/linux3.10-glibc2.17-ppc64le-csm/bin:/opt/ibm/spectrumcomputing/lsf/10.1.0.9/linux3.10-glibc2.17-ppc64le-csm/etc:/opt/ibm/spectrumcomputing/lsf/10.1.0.9/linux3.10-glibc2.17-ppc64le-csm/bin
MAIL=/var/spool/mail/mtcampbe
PROJ_NETWORK=ON
LCSCHEDCLUSTER=lassen
LSB_EXIT_PRE_ABORT=99
LSB_JOBEXIT_STAT=0
LMOD_SETTARG_CMD=:
LMOD_FAMILY_LALLOC_VERSION=2.0
CONDA_PREFIX=/p/gpfs1/mtcampbe/CEESD/AutomatedTesting/MIRGE-Timing/timing/emirge/miniforge3/envs/nozzle.lazy.timing.env
INPUTRC=/etc/inputrc
PWD=/p/gpfs1/mtcampbe/CEESD/AutomatedTesting/MIRGE-Timing/timing/emirge/mirgecom/y2-isolator/timing_run
_LMFILES_=/usr/tcetmp/modulefiles/Core/cuda/10.1.243.lua:/usr/tcetmp/modulefiles/Core/StdEnv.lua:/usr/tcetmp/modulefiles/Core/lalloc/2.0.lua:/usr/tcetmp/modulefiles/Core/gcc/8.3.1.lua:/usr/tce/modulefiles/Compiler/gcc/8.3.1/spectrum-mpi/rolling-release.lua
EDITOR=/bin/vi
LANG=en_US.UTF-8
LSB_CHKFILENAME=/g/g17/mtcampbe/.lsbatch/1656145994.3678694
MODULEPATH=/usr/tce/modulefiles/MPI/gcc/8.3.1/spectrum-mpi/rolling-release:/usr/tce/modulefiles/Compiler/gcc/8.3.1:/usr/tcetmp/modulefiles/Core:/usr/apps/modulefiles:/usr/share/modulefiles/Linux:/usr/share/modulefiles/Core:/usr/share/lmod/lmod/modulefiles/Core:/collab/usr/global/tools/modulefiles/blueos_3_ppc64le_ib_p9/Core
LSB_DJOB_HOSTFILE=/g/g17/mtcampbe/.lsbatch/1656145994.3678694.hostfile
LOADEDMODULES=cuda/10.1.243:StdEnv:lalloc/2.0:gcc/8.3.1:spectrum-mpi/rolling-release
KDEDIRS=/usr
GUESTFISH_OUTPUT=\e[0m
_ModuleTable_Sz_=5
LSB_JOB_STARTER=/usr/tcetmp/bin/bsub_job_starter %USRCMD
EMIRGE_HOME=/p/gpfs1/mtcampbe/CEESD/AutomatedTesting/MIRGE-Timing/timing/emirge
LSF_JOB_TIMESTAMP_VALUE=1656145996
LMOD_CMD=/usr/share/lmod/lmod/libexec/lmod
_ModuleTable005_=aWxlcy9MaW51eCIKLCAiL3Vzci9zaGFyZS9tb2R1bGVmaWxlcy9Db3JlIiwgIi91c3Ivc2hhcmUvbG1vZC9sbW9kL21vZHVsZWZpbGVzL0NvcmUiLCAiL2NvbGxhYi91c3IvZ2xvYmFsL3Rvb2xzL21vZHVsZWZpbGVzL2JsdWVvc18zX3BwYzY0bGVfaWJfcDkvQ29yZSIsCn0sCnN5c3RlbUJhc2VNUEFUSCA9ICIvdXNyL3RjZXRtcC9tb2R1bGVmaWxlcy9Db3JlOi91c3IvYXBwcy9tb2R1bGVmaWxlczovdXNyL3NoYXJlL21vZHVsZWZpbGVzL0xpbnV4Oi91c3Ivc2hhcmUvbW9kdWxlZmlsZXMvQ29yZTovdXNyL3NoYXJlL2xtb2QvbG1vZC9tb2R1bGVmaWxlcy9Db3JlIiwKfQo=
BBPATH=/mnt/bb_0c0f03d14236b08141910cce7104ca3c
LSB_EXEC_HOSTTYPE=UNKNOWN_AUTO_DETECT
LSB_DJOB_NUMPROC=41
LSF_BINDIR=/opt/ibm/spectrumcomputing/lsf/10.1.0.10/linux3.10-glibc2.17-ppc64le-csm/bin
LLNL_NUM_COMPUTE_NODES=1
HISTCONTROL=ignoredups
ENVIRONMENT=BATCH
_CE_M=
SSH_ASKPASS=/usr/libexec/openssh/gnome-ssh-askpass
CXX=mpicxx
HOME=/g/g17/mtcampbe
SHLVL=6
__LMOD_REF_COUNT_PATH=/usr/tce/packages/spectrum-mpi/spectrum-mpi-rolling-release-gcc-8.3.1/bin:2;/usr/tce/packages/gcc/gcc-8.3.1/bin:2;/usr/tce/packages/lalloc/lalloc-2.0/bin:2;/p/gpfs1/mtcampbe/CEESD/AutomatedTesting/MIRGE-Timing/timing/emirge/miniforge3/envs/nozzle.lazy.timing.env/bin:1;/p/gpfs1/mtcampbe/CEESD/AutomatedTesting/MIRGE-Timing/timing/emirge/miniforge3/bin:1;/usr/workspace/wsa/xpacc/Users/mtcampbe/CEESD/Lassen/conda-install/bin:1;/usr/tce/packages/cuda/cuda-10.1.243/bin:2;/usr/tcetmp/bin:2;/usr/condabin:1;/usr/lib64/qt-3.3/bin:1;/usr/local/bin:1;/usr/bin:1;/usr/local/sbin:1;/usr/sbin:1;/opt/ibm/spectrum_mpi/jsm_pmix/bin:1;/opt/ibm/bb/bin:1;/opt/ibm/flightlog/bin:1;/opt/ibutils/bin:1;/opt/ibm/spectrumcomputing/lsf/10.1.0.10/linux3.10-glibc2.17-ppc64le-csm/etc:1;/opt/ibm/spectrumcomputing/lsf/10.1.0.10/linux3.10-glibc2.17-ppc64le-csm/bin:1;/opt/ibm/spectrumcomputing/lsf/10.1.0.9/linux3.10-glibc2.17-ppc64le-csm/etc:1;/opt/ibm/spectrumcomputing/lsf/10.1.0.9/linux3.10-glibc2.17-ppc64le-csm/bin:1
JOB_TERMINATE_INTERVAL=10
LSB_ACCT_FILE=/tmp/3678694.tmpdir/.1656145994.3678694.acct
_ModuleTable002_=aW5hbCIsCn0sCmN1ZGEgPSB7CmZuID0gIi91c3IvdGNldG1wL21vZHVsZWZpbGVzL0NvcmUvY3VkYS8xMC4xLjI0My5sdWEiLApmdWxsTmFtZSA9ICJjdWRhLzEwLjEuMjQzIiwKbG9hZE9yZGVyID0gMSwKcHJvcFQgPSB7fSwKc3RhY2tEZXB0aCA9IDEsCnN0YXR1cyA9ICJhY3RpdmUiLAp1c2VyTmFtZSA9ICJjdWRhLzEwLjEuMjQzIiwKd1YgPSAiXjAwMDAwMDEwLjAwMDAwMDAwMS4wMDAwMDAyNDMuKnpmaW5hbCIsCn0sCmdjYyA9IHsKZm4gPSAiL3Vzci90Y2V0bXAvbW9kdWxlZmlsZXMvQ29yZS9nY2MvOC4zLjEubHVhIiwKZnVsbE5hbWUgPSAiZ2NjLzguMy4xIiwKbG9hZE9yZGVyID0gNCwKcHJvcFQgPSB7fSwKc3RhY2tEZXB0aCA9IDAsCnN0YXR1cyA9ICJhY3RpdmUi
CSM_ALLOCATION_ID=3737931
BINARY_TYPE_HPC=
LLNL_CORE_ISOLATION=2
FC=mpif90
LSB_SUB_HOST=lassen708
XDG_CACHE_HOME=/tmp/mtcampbe/xdg-scratch
__LSF_JOB_TMPDIR__=/tmp/3678694.tmpdir
LSFUSER=mtcampbe
LSB_SUB_USER=mtcampbe
LSB_OUTPUTFILE=/p/gpfs1/mtcampbe/CEESD/AutomatedTesting/MIRGE-Timing/timing/emirge/mirgecom/y2-isolator/timing_run/
LSB_OUTDIR=/p/gpfs1/mtcampbe/CEESD/AutomatedTesting/MIRGE-Timing/timing/emirge/mirgecom/y2-isolator/timing_run
LSB_MCPU_HOSTS=lassen710 1 lassen192 40 
LMOD_arch=ppc64le
TMP=/var/tmp
MPI_ROOT=/usr/tce/packages/spectrum-mpi/ibm/spectrum-mpi-rolling-release
LSB_QUEUE=pbatch
CONDA_PYTHON_EXE=/p/gpfs1/mtcampbe/CEESD/AutomatedTesting/MIRGE-Timing/timing/emirge/miniforge3/bin/python
LOGNAME=mtcampbe
QTLIB=/usr/lib64/qt-3.3/lib
CVS_RSH=ssh
XLSF_UIDDIR=/opt/ibm/spectrumcomputing/lsf/10.1.0.10/linux3.10-glibc2.17-ppc64le-csm/lib/uid
XDG_DATA_DIRS=/g/g17/mtcampbe/.local/share/flatpak/exports/share:/var/lib/flatpak/exports/share:/usr/local/share:/usr/share
CEESD_CONDA_LASSEN=/usr/workspace/wsa/xpacc/Users/mtcampbe/CEESD/Lassen/conda-install
SSH_CONNECTION=192.168.66.202 38546 192.168.64.192 22
SYS_TYPE=blueos_3_ppc64le_ib_p9
MODULESHOME=/usr/share/lmod/lmod
LMOD_SETTARG_FULL_SUPPORT=no
LESSOPEN=||/usr/bin/lesspipe.sh %s
__LMOD_REF_COUNT_LD_LIBRARY_PATH=/usr/tce/packages/cuda/cuda-10.1.243/lib64:1;/opt/ibm/spectrumcomputing/lsf/10.1.0.10/linux3.10-glibc2.17-ppc64le-csm/lib:1
PKG_CONFIG_PATH=/usr/tce/packages/cuda/cuda-10.1.243/lib64/pkgconfig
OMP_NUM_THREADS=1
LSF_CGROUP_TOPDIR_KEY=lassen
CONDA_DEFAULT_ENV=nozzle.lazy.timing.env
LMOD_FULL_SETTARG_SUPPORT=no
LMOD_FAMILY_COMPILER=gcc
LSB_XFER_OP=
LSB_EEXEC_REAL_GID=
__LMOD_REF_COUNT_PKG_CONFIG_PATH=/usr/tce/packages/cuda/cuda-10.1.243/lib64/pkgconfig:1
CC=mpicc
QT_PLUGIN_PATH=/usr/lib64/kde4/plugins:/usr/lib/kde4/plugins
LMOD_DIR=/usr/share/lmod/lmod/libexec
LEXEC_UNPICKLE_QUIET=1
__LMOD_REF_COUNT_MANPATH=/usr/tce/packages/spectrum-mpi/ibm/spectrum-mpi-rolling-release/share/man:1;/usr/tce/packages/gcc/gcc-8.3.1/man:1;/opt/ibm/spectrumcomputing/lsf/10.1.0.10/man:1;/usr/man:1;/usr/share/man:1;/usr/local/man:1;/usr/X11R6/man:1;/usr/lib64/mvapich/default/man:1;/opt/ibm/spectrum_mpi/jsm_pmix/share/man:1
LSF_ENVDIR=/opt/ibm/spectrumcomputing/lsf/conf
GUESTFISH_RESTORE=\e[0m
LSB_DJOB_RANKFILE=/g/g17/mtcampbe/.lsbatch/1656145994.3678694.hostfile
LMOD_FAMILY_MPI=spectrum-mpi
LMOD_COLORIZE=yes
HISTFILE=/g/g17/mtcampbe/.bash_history
BASH_FUNC_module()=() {  local __lmod_my_status;
 local __lmod_sh_dbg;
 if [ -z "${LMOD_SH_DBG_ON+x}" ]; then
 case "$-" in 
 *v*x*)
 __lmod_sh_dbg='vx'
 ;;
 *v*)
 __lmod_sh_dbg='v'
 ;;
 *x*)
 __lmod_sh_dbg='x'
 ;;
 esac;
 fi;
 if [ -n "${__lmod_sh_dbg:-}" ]; then
 set +$__lmod_sh_dbg;
 echo "Shell debugging temporarily silenced: export LMOD_SH_DBG_ON=1 for Lmod's output" 1>&2;
 fi;
 eval "$($LMOD_CMD bash "$@")" && eval $(${LMOD_SETTARG_CMD:-:} -s sh);
 __lmod_my_status=$?;
 if [ -n "${__lmod_sh_dbg:-}" ]; then
 echo "Shell debugging restarted" 1>&2;
 set -$__lmod_sh_dbg;
 fi;
 return $__lmod_my_status
}
BASH_FUNC_ml()=() {  eval "$($LMOD_DIR/ml_cmd "$@")"
}
_=/usr/bin/env
LSB_MCPU_HOSTS=lassen710 1 lassen192 40 
Default casename isolator
Using user input from file: timing_params.yaml
Running ./isolator.py

2022-06-25 01:33:27,689 - INFO - grudge.array_context - get_reasonable_array_context_class: MPIFusionContractorArrayContext lazy=True distributed=True device-parallel=True
Shock capturing parameters: alpha 0.5, s0 -4.0, kappa 0.5

#### Simluation control data: ####
	nviz = 100
	nrestart = 100
	nhealth = 100
	nstatus = 100
	current_dt = 1e-08
	t_final = 2e-07
	order = 1
	dimen = 2
	Time integration rk4
#### Simluation control data: ####


#### Simluation material properties: ####
	mu = 4.216360056e-05
	kappa = 0.05621788139856423
	Prandtl Number  = 0.75
#### Simluation initialization data: ####
	inlet Mach number 0.038727226466056475
	inlet temperature 2075.8073416311686
	inlet pressure 274212.0081934861
	inlet rho 0.4623484671063763
	inlet velocity 35.28896626974282
	outlet Mach number 3.661995139955526
	outlet temperature 563.9344091915701
	outlet pressure 2865.7077436508835
	outlet rho 0.01778579568979098
	outlet velocity 1739.2462693097807
#### Simluation initialization data: ####

Reading mesh from data/isolator.msh
2022-06-25 01:33:47,218 - INFO - meshmode.distributed - rank 0: sent all mesh partitions
Making discretization
./isolator.py:1100: DeprecationWarning: EagerDGDiscretization is deprecated and will go away in 2022. Use the base DiscretizationCollection with grudge.op instead.
  discr = EagerDGDiscretization(
Done making discretization
2022-06-25 01:33:47,522 - INFO - meshmode.array_context - Transforming kernel with 1 statements.
2022-06-25 01:33:47,568 - INFO - meshmode.array_context - Array Contraction: Contracting 0 temps
2022-06-25 01:33:47,923 - INFO - loopy.tools - preprocess_program on '_pt_kernel': completed (0.34s wall 0.31x CPU)
2022-06-25 01:33:48,886 - INFO - pyopencl - build program: kernel '_pt_kernel' was part of a lengthy source build resulting from a binary cache miss (0.79 s)
Before restart/init
Initializing soln.
Initialization for Case(isolator)
===
Num 2d order-1 elements: 2504
Num global elements: 2504
Timestep:        1e-08
Final time:      2e-07
CFL:             1.0
Constant CFL:    False
Initialization:  isolator
EOS:             IdealSingleGas

2022-06-25 01:33:50,397 - INFO - meshmode.array_context - transform_dag.infer_axes_tags: completed (0.55s wall 1.00x CPU)
2022-06-25 01:33:51,157 - INFO - meshmode.array_context - Transforming kernel with 14 statements.
2022-06-25 01:33:52,517 - INFO - loopy.tools - fuse_same_discretization_entity_loops on '_pt_kernel': completed (1.26s wall 1.00x CPU)
2022-06-25 01:33:52,655 - INFO - meshmode.array_context - Loop Fusion: completed (1.50s wall 1.00x CPU)
2022-06-25 01:33:52,981 - INFO - meshmode.array_context - Array Contraction: Contracting 10 temps
2022-06-25 01:33:54,587 - INFO - loopy.tools - contract_arrays on '_pt_kernel': completed (1.61s wall 1.00x CPU)
2022-06-25 01:33:54,744 - INFO - meshmode.array_context - Array Contraction: completed (1.86s wall 1.00x CPU)
2022-06-25 01:33:56,569 - INFO - loopy.tools - preprocess_program on '_pt_kernel': completed (1.26s wall 1.00x CPU)
2022-06-25 01:33:59,116 - INFO - loopy.check - _pt_kernel: check array access within bounds: completed (2.08s wall 1.00x CPU)
2022-06-25 01:34:16,741 - INFO - loopy.codegen - _pt_kernel: generate code: completed (17.40s wall 1.00x CPU)
2022-06-25 01:34:21,481 - INFO - pyopencl - build program: kernel '_pt_kernel' was part of a lengthy source build resulting from a binary cache miss (4.39 s)
2022-06-25 01:34:21,527 - INFO - meshmode.array_context - Transforming kernel with 0 statements.
2022-06-25 01:34:21,530 - INFO - meshmode.array_context - Array Contraction: Contracting 0 temps
2022-06-25 01:34:22,010 - INFO - pyopencl - build program: kernel '_pt_kernel' was part of a lengthy source build resulting from a binary cache miss (0.46 s)
2022-06-25 01:34:22,168 - INFO - meshmode.array_context - Transforming kernel with 10 statements.
2022-06-25 01:34:22,485 - INFO - meshmode.array_context - Array Contraction: Contracting 1 temps
2022-06-25 01:34:24,088 - INFO - pyopencl - build program: kernel '_pt_kernel' was part of a lengthy source build resulting from a binary cache miss (0.80 s)
2022-06-25 01:34:24,089 - INFO - pyopencl - build program: kernel '_pt_kernel_0' was part of a lengthy source build resulting from a binary cache miss (0.80 s)
2022-06-25 01:34:24,090 - INFO - pyopencl - build program: kernel '_pt_kernel_1' was part of a lengthy source build resulting from a binary cache miss (0.80 s)
2022-06-25 01:34:24,102 - INFO - meshmode.discretization.connection.face - building face restriction: start
2022-06-25 01:34:24,114 - INFO - meshmode.discretization.connection.face - building face restriction: done
2022-06-25 01:34:24,118 - INFO - meshmode.array_context - Transforming kernel with 0 statements.
2022-06-25 01:34:24,356 - INFO - meshmode.array_context - Transforming kernel with 7 statements.
2022-06-25 01:34:24,568 - INFO - meshmode.array_context - Array Contraction: Contracting 2 temps
2022-06-25 01:34:25,955 - INFO - pyopencl - build program: kernel '_pt_kernel' was part of a lengthy source build resulting from a binary cache miss (0.77 s)
2022-06-25 01:34:25,956 - INFO - pyopencl - build program: kernel '_pt_kernel_0' was part of a lengthy source build resulting from a binary cache miss (0.77 s)
2022-06-25 01:34:25,957 - INFO - pyopencl - build program: kernel '_pt_kernel_1' was part of a lengthy source build resulting from a binary cache miss (0.77 s)
2022-06-25 01:34:26,037 - INFO - meshmode.array_context - Transforming kernel with 7 statements.
2022-06-25 01:34:26,306 - INFO - meshmode.array_context - Array Contraction: Contracting 1 temps
2022-06-25 01:34:27,081 - INFO - loopy.codegen - _pt_kernel: generate code: completed (0.39s wall 1.00x CPU)
2022-06-25 01:34:28,277 - INFO - pyopencl - build program: kernel '_pt_kernel' was part of a lengthy source build resulting from a binary cache miss (1.19 s)
2022-06-25 01:34:28,279 - INFO - pyopencl - build program: kernel '_pt_kernel_0' was part of a lengthy source build resulting from a binary cache miss (1.19 s)
2022-06-25 01:34:28,280 - INFO - pyopencl - build program: kernel '_pt_kernel_1' was part of a lengthy source build resulting from a binary cache miss (1.19 s)
2022-06-25 01:34:28,281 - INFO - pyopencl - build program: kernel '_pt_kernel_2' was part of a lengthy source build resulting from a binary cache miss (1.19 s)
2022-06-25 01:34:28,282 - INFO - pyopencl - build program: kernel '_pt_kernel_3' was part of a lengthy source build resulting from a binary cache miss (1.19 s)
2022-06-25 01:34:28,283 - INFO - pyopencl - build program: kernel '_pt_kernel_4' was part of a lengthy source build resulting from a binary cache miss (1.19 s)
2022-06-25 01:34:28,300 - INFO - meshmode.array_context - Transforming kernel with 1 statements.
2022-06-25 01:34:28,325 - INFO - meshmode.array_context - Array Contraction: Contracting 0 temps
2022-06-25 01:34:28,902 - INFO - pyopencl - build program: kernel '_pt_kernel' was part of a lengthy source build resulting from a binary cache miss (0.47 s)
2022-06-25 01:34:28,969 - INFO - meshmode.array_context - Transforming kernel with 4 statements.
2022-06-25 01:34:29,064 - INFO - meshmode.array_context - Array Contraction: Contracting 3 temps
2022-06-25 01:34:29,852 - INFO - pyopencl - build program: kernel '_pt_kernel' was part of a lengthy source build resulting from a binary cache miss (0.50 s)
2022-06-25 01:34:30,473 - INFO - pyopencl - build program: kernel 'reduce_kernel_stage1' was part of a lengthy source build resulting from a binary cache miss (0.61 s)
2022-06-25 01:34:31,088 - INFO - pyopencl - build program: kernel 'reduce_kernel_stage2' was part of a lengthy source build resulting from a binary cache miss (0.60 s)
2022-06-25 01:34:31,102 - INFO - meshmode.array_context - Transforming kernel with 1 statements.
2022-06-25 01:34:31,108 - INFO - meshmode.array_context - Array Contraction: Contracting 0 temps
/p/gpfs1/mtcampbe/CEESD/AutomatedTesting/MIRGE-Timing/timing/emirge/meshmode/meshmode/array_context.py:1599: UserWarning: FusionContractorArrayContext.transform_loopy_program not broad enough (yet). Falling back to a possibly slower transformation strategy.
  warn("FusionContractorArrayContext.transform_loopy_program not"
2022-06-25 01:34:31,606 - INFO - pyopencl - build program: kernel '_pt_kernel' was part of a lengthy source build resulting from a binary cache miss (0.46 s)
2022-06-25 01:34:31,613 - INFO - meshmode.array_context - Transforming kernel with 0 statements.
2022-06-25 01:34:31,686 - INFO - meshmode.array_context - Transforming kernel with 1 statements.
2022-06-25 01:34:31,716 - INFO - meshmode.array_context - Array Contraction: Contracting 0 temps
2022-06-25 01:34:32,379 - INFO - pyopencl - build program: kernel '_pt_kernel' was part of a lengthy source build resulting from a binary cache miss (0.48 s)
2022-06-25 01:34:32,993 - INFO - pyopencl - build program: kernel 'reduce_kernel_stage1' was part of a lengthy source build resulting from a binary cache miss (0.60 s)
2022-06-25 01:34:33,603 - INFO - pyopencl - build program: kernel 'reduce_kernel_stage2' was part of a lengthy source build resulting from a binary cache miss (0.60 s)
2022-06-25 01:34:33,609 - INFO - meshmode.array_context - Transforming kernel with 1 statements.
2022-06-25 01:34:33,615 - INFO - meshmode.array_context - Array Contraction: Contracting 0 temps
2022-06-25 01:34:34,097 - INFO - pyopencl - build program: kernel '_pt_kernel' was part of a lengthy source build resulting from a binary cache miss (0.46 s)
2022-06-25 01:34:34,715 - INFO - pyopencl - build program: kernel 'reduce_kernel_stage1' was part of a lengthy source build resulting from a binary cache miss (0.61 s)
2022-06-25 01:34:35,326 - INFO - pyopencl - build program: kernel 'reduce_kernel_stage2' was part of a lengthy source build resulting from a binary cache miss (0.60 s)
2022-06-25 01:34:35,338 - INFO - meshmode.array_context - Transforming kernel with 1 statements.
2022-06-25 01:34:35,344 - INFO - meshmode.array_context - Array Contraction: Contracting 0 temps
2022-06-25 01:34:35,839 - INFO - pyopencl - build program: kernel '_pt_kernel' was part of a lengthy source build resulting from a binary cache miss (0.46 s)
2022-06-25 01:34:35,868 - INFO - meshmode.array_context - Transforming kernel with 1 statements.
2022-06-25 01:34:35,898 - INFO - meshmode.array_context - Array Contraction: Contracting 0 temps
2022-06-25 01:34:36,517 - INFO - pyopencl - build program: kernel '_pt_kernel' was part of a lengthy source build resulting from a binary cache miss (0.48 s)
2022-06-25 01:34:36,542 - INFO - meshmode.array_context - Transforming kernel with 1 statements.
2022-06-25 01:34:36,571 - INFO - meshmode.array_context - Array Contraction: Contracting 0 temps
2022-06-25 01:34:37,182 - INFO - pyopencl - build program: kernel '_pt_kernel' was part of a lengthy source build resulting from a binary cache miss (0.47 s)
-------- dt = 1.000e-08, cfl = 0.0253
-------- P (min, max) (Pa) = (2.865706984e+03, 2.742120082e+05)
-------- T (min, max) (K)  = (    300, 2075.81)

2022-06-25 01:34:37,218 - INFO - meshmode.array_context - Transforming kernel with 1 statements.
2022-06-25 01:34:37,227 - INFO - meshmode.array_context - Array Contraction: Contracting 0 temps
2022-06-25 01:34:37,786 - INFO - pyopencl - build program: kernel '_pt_kernel' was part of a lengthy source build resulting from a binary cache miss (0.47 s)
2022-06-25 01:34:37,798 - INFO - meshmode.array_context - Transforming kernel with 1 statements.
2022-06-25 01:34:37,987 - INFO - meshmode.array_context - Transforming kernel with 1 statements.
2022-06-25 01:34:38,092 - INFO - meshmode.array_context - Transforming kernel with 1 statements.
2022-06-25 01:34:38,105 - INFO - meshmode.array_context - Array Contraction: Contracting 0 temps
2022-06-25 01:34:38,762 - INFO - pyopencl - build program: kernel '_pt_kernel' was part of a lengthy source build resulting from a binary cache miss (0.48 s)
2022-06-25 01:34:38,786 - INFO - meshmode.array_context - Transforming kernel with 1 statements.
2022-06-25 01:34:38,799 - INFO - meshmode.array_context - Array Contraction: Contracting 0 temps
2022-06-25 01:34:39,439 - INFO - pyopencl - build program: kernel '_pt_kernel' was part of a lengthy source build resulting from a binary cache miss (0.48 s)
2022-06-25 01:34:39,467 - INFO - meshmode.array_context - Transforming kernel with 1 statements.
2022-06-25 01:34:39,480 - INFO - meshmode.array_context - Array Contraction: Contracting 0 temps
2022-06-25 01:34:40,143 - INFO - pyopencl - build program: kernel '_pt_kernel' was part of a lengthy source build resulting from a binary cache miss (0.49 s)
2022-06-25 01:34:40,188 - INFO - meshmode.array_context - Transforming kernel with 3 statements.
2022-06-25 01:34:40,233 - INFO - meshmode.array_context - Array Contraction: Contracting 0 temps
2022-06-25 01:34:41,234 - INFO - pyopencl - build program: kernel '_pt_kernel' was part of a lengthy source build resulting from a binary cache miss (0.64 s)
2022-06-25 01:34:41,235 - INFO - pyopencl - build program: kernel '_pt_kernel_0' was part of a lengthy source build resulting from a binary cache miss (0.64 s)
2022-06-25 01:34:41,250 - INFO - meshmode.array_context - Transforming kernel with 1 statements.
2022-06-25 01:34:41,260 - INFO - meshmode.array_context - Array Contraction: Contracting 0 temps
2022-06-25 01:34:41,842 - INFO - pyopencl - build program: kernel '_pt_kernel' was part of a lengthy source build resulting from a binary cache miss (0.48 s)
2022-06-25 01:34:41,866 - INFO - meshmode.array_context - Transforming kernel with 1 statements.
2022-06-25 01:34:41,876 - INFO - meshmode.array_context - Array Contraction: Contracting 0 temps
2022-06-25 01:34:42,469 - INFO - pyopencl - build program: kernel '_pt_kernel' was part of a lengthy source build resulting from a binary cache miss (0.48 s)
2022-06-25 01:34:42,502 - INFO - meshmode.array_context - Transforming kernel with 3 statements.
2022-06-25 01:34:42,545 - INFO - meshmode.array_context - Array Contraction: Contracting 0 temps
2022-06-25 01:34:43,467 - INFO - pyopencl - build program: kernel '_pt_kernel' was part of a lengthy source build resulting from a binary cache miss (0.64 s)
2022-06-25 01:34:43,469 - INFO - pyopencl - build program: kernel '_pt_kernel_0' was part of a lengthy source build resulting from a binary cache miss (0.64 s)
2022-06-25 01:34:43,533 - INFO - meshmode.array_context - Transforming kernel with 6 statements.
2022-06-25 01:34:43,685 - INFO - meshmode.array_context - Array Contraction: Contracting 0 temps
2022-06-25 01:34:44,293 - INFO - loopy.codegen - _pt_kernel: generate code: completed (0.31s wall 1.00x CPU)
2022-06-25 01:34:45,404 - INFO - pyopencl - build program: kernel '_pt_kernel' was part of a lengthy source build resulting from a binary cache miss (1.10 s)
2022-06-25 01:34:45,404 - INFO - pyopencl - build program: kernel '_pt_kernel_0' was part of a lengthy source build resulting from a binary cache miss (1.10 s)
2022-06-25 01:34:45,405 - INFO - pyopencl - build program: kernel '_pt_kernel_1' was part of a lengthy source build resulting from a binary cache miss (1.10 s)
2022-06-25 01:34:45,406 - INFO - pyopencl - build program: kernel '_pt_kernel_2' was part of a lengthy source build resulting from a binary cache miss (1.10 s)
2022-06-25 01:34:45,406 - INFO - pyopencl - build program: kernel '_pt_kernel_3' was part of a lengthy source build resulting from a binary cache miss (1.10 s)
2022-06-25 01:34:45,472 - INFO - meshmode.array_context - Transforming kernel with 4 statements.
2022-06-25 01:34:45,549 - INFO - meshmode.array_context - Array Contraction: Contracting 2 temps
2022-06-25 01:34:46,646 - INFO - pyopencl - build program: kernel '_pt_kernel' was part of a lengthy source build resulting from a binary cache miss (0.66 s)
2022-06-25 01:34:46,647 - INFO - pyopencl - build program: kernel '_pt_kernel_0' was part of a lengthy source build resulting from a binary cache miss (0.66 s)
2022-06-25 01:34:46,659 - INFO - /p/gpfs1/mtcampbe/CEESD/AutomatedTesting/MIRGE-Timing/timing/emirge/pytato/pytato/transform/__init__.py - data wrapper de-duplication: 1 encountered, 1 kept, 0 eliminated
2022-06-25 01:34:46,661 - INFO - /p/gpfs1/mtcampbe/CEESD/AutomatedTesting/MIRGE-Timing/timing/emirge/pytato/pytato/transform/__init__.py - data wrapper de-duplication: 1 encountered, 1 kept, 0 eliminated
2022-06-25 01:34:46,663 - INFO - /p/gpfs1/mtcampbe/CEESD/AutomatedTesting/MIRGE-Timing/timing/emirge/pytato/pytato/transform/__init__.py - data wrapper de-duplication: 1 encountered, 1 kept, 0 eliminated
2022-06-25 01:34:46,664 - INFO - /p/gpfs1/mtcampbe/CEESD/AutomatedTesting/MIRGE-Timing/timing/emirge/pytato/pytato/transform/__init__.py - data wrapper de-duplication: 1 encountered, 1 kept, 0 eliminated
2022-06-25 01:34:46,670 - INFO - meshmode.discretization.connection.face - building face restriction: start
2022-06-25 01:34:46,675 - INFO - meshmode.discretization.connection.face - building face restriction: done
2022-06-25 01:34:46,685 - INFO - meshmode.discretization.connection.face - building face restriction: start
2022-06-25 01:34:46,690 - INFO - meshmode.discretization.connection.face - building face restriction: done
2022-06-25 01:34:46,700 - INFO - meshmode.discretization.connection.face - building face restriction: start
2022-06-25 01:34:46,711 - INFO - meshmode.discretization.connection.face - building face restriction: done
2022-06-25 01:34:46,722 - INFO - meshmode.discretization.connection.face - building face restriction: start
2022-06-25 01:34:46,810 - INFO - meshmode.discretization.connection.face - building face restriction: done
2022-06-25 01:34:46,823 - INFO - meshmode.array_context - Transforming kernel with 0 statements.
2022-06-25 01:34:46,911 - INFO - meshmode.array_context - Transforming kernel with 0 statements.
2022-06-25 01:34:47,066 - INFO - meshmode.array_context - Transforming kernel with 7 statements.
2022-06-25 01:34:47,274 - INFO - meshmode.array_context - Array Contraction: Contracting 2 temps
2022-06-25 01:34:48,619 - INFO - pyopencl - build program: kernel '_pt_kernel' was part of a lengthy source build resulting from a binary cache miss (0.76 s)
2022-06-25 01:34:48,619 - INFO - pyopencl - build program: kernel '_pt_kernel_0' was part of a lengthy source build resulting from a binary cache miss (0.76 s)
2022-06-25 01:34:48,620 - INFO - pyopencl - build program: kernel '_pt_kernel_1' was part of a lengthy source build resulting from a binary cache miss (0.76 s)
2022-06-25 01:34:48,720 - INFO - meshmode.array_context - Transforming kernel with 6 statements.
2022-06-25 01:34:48,905 - INFO - meshmode.array_context - Array Contraction: Contracting 0 temps
2022-06-25 01:34:50,217 - INFO - pyopencl - build program: kernel '_pt_kernel' was part of a lengthy source build resulting from a binary cache miss (0.76 s)
2022-06-25 01:34:50,217 - INFO - pyopencl - build program: kernel '_pt_kernel_0' was part of a lengthy source build resulting from a binary cache miss (0.76 s)
2022-06-25 01:34:50,218 - INFO - pyopencl - build program: kernel '_pt_kernel_1' was part of a lengthy source build resulting from a binary cache miss (0.76 s)
2022-06-25 01:34:50,236 - INFO - meshmode.array_context - Transforming kernel with 0 statements.
2022-06-25 01:34:50,240 - INFO - meshmode.array_context - Array Contraction: Contracting 0 temps
2022-06-25 01:34:50,314 - INFO - meshmode.array_context - Transforming kernel with 0 statements.
2022-06-25 01:34:50,380 - INFO - meshmode.array_context - Transforming kernel with 1 statements.
2022-06-25 01:34:50,395 - INFO - meshmode.array_context - Array Contraction: Contracting 0 temps
2022-06-25 01:34:50,913 - INFO - pyopencl - build program: kernel '_pt_kernel' was part of a lengthy source build resulting from a binary cache miss (0.46 s)
2022-06-25 01:34:50,931 - INFO - meshmode.array_context - Transforming kernel with 0 statements.
2022-06-25 01:34:51,086 - INFO - meshmode.array_context - Transforming kernel with 7 statements.
2022-06-25 01:34:51,296 - INFO - meshmode.array_context - Array Contraction: Contracting 2 temps
2022-06-25 01:34:52,642 - INFO - pyopencl - build program: kernel '_pt_kernel' was part of a lengthy source build resulting from a binary cache miss (0.76 s)
2022-06-25 01:34:52,642 - INFO - pyopencl - build program: kernel '_pt_kernel_0' was part of a lengthy source build resulting from a binary cache miss (0.76 s)
2022-06-25 01:34:52,643 - INFO - pyopencl - build program: kernel '_pt_kernel_1' was part of a lengthy source build resulting from a binary cache miss (0.76 s)
2022-06-25 01:34:52,741 - INFO - meshmode.array_context - Transforming kernel with 6 statements.
2022-06-25 01:34:52,924 - INFO - meshmode.array_context - Array Contraction: Contracting 0 temps
2022-06-25 01:34:54,235 - INFO - pyopencl - build program: kernel '_pt_kernel' was part of a lengthy source build resulting from a binary cache miss (0.76 s)
2022-06-25 01:34:54,235 - INFO - pyopencl - build program: kernel '_pt_kernel_0' was part of a lengthy source build resulting from a binary cache miss (0.76 s)
2022-06-25 01:34:54,235 - INFO - pyopencl - build program: kernel '_pt_kernel_1' was part of a lengthy source build resulting from a binary cache miss (0.76 s)
2022-06-25 01:34:54,253 - INFO - meshmode.array_context - Transforming kernel with 1 statements.
2022-06-25 01:34:54,268 - INFO - meshmode.array_context - Array Contraction: Contracting 0 temps
2022-06-25 01:34:54,783 - INFO - pyopencl - build program: kernel '_pt_kernel' was part of a lengthy source build resulting from a binary cache miss (0.46 s)
2022-06-25 01:34:54,794 - INFO - meshmode.array_context - Transforming kernel with 1 statements.
2022-06-25 01:34:54,808 - INFO - meshmode.array_context - Array Contraction: Contracting 0 temps
2022-06-25 01:34:55,327 - INFO - pyopencl - build program: kernel '_pt_kernel' was part of a lengthy source build resulting from a binary cache miss (0.46 s)
2022-06-25 01:34:55,351 - INFO - meshmode.array_context - Transforming kernel with 0 statements.
2022-06-25 01:34:55,499 - INFO - meshmode.array_context - Transforming kernel with 7 statements.
2022-06-25 01:34:55,708 - INFO - meshmode.array_context - Array Contraction: Contracting 2 temps
2022-06-25 01:34:57,079 - INFO - pyopencl - build program: kernel '_pt_kernel' was part of a lengthy source build resulting from a binary cache miss (0.76 s)
2022-06-25 01:34:57,080 - INFO - pyopencl - build program: kernel '_pt_kernel_0' was part of a lengthy source build resulting from a binary cache miss (0.76 s)
2022-06-25 01:34:57,080 - INFO - pyopencl - build program: kernel '_pt_kernel_1' was part of a lengthy source build resulting from a binary cache miss (0.76 s)
2022-06-25 01:34:57,179 - INFO - meshmode.array_context - Transforming kernel with 6 statements.
2022-06-25 01:34:57,423 - INFO - meshmode.array_context - Array Contraction: Contracting 0 temps
2022-06-25 01:34:58,769 - INFO - pyopencl - build program: kernel '_pt_kernel' was part of a lengthy source build resulting from a binary cache miss (0.77 s)
2022-06-25 01:34:58,769 - INFO - pyopencl - build program: kernel '_pt_kernel_0' was part of a lengthy source build resulting from a binary cache miss (0.77 s)
2022-06-25 01:34:58,769 - INFO - pyopencl - build program: kernel '_pt_kernel_1' was part of a lengthy source build resulting from a binary cache miss (0.77 s)
2022-06-25 01:34:58,788 - INFO - meshmode.array_context - Transforming kernel with 1 statements.
2022-06-25 01:34:58,803 - INFO - meshmode.array_context - Array Contraction: Contracting 0 temps
2022-06-25 01:34:59,320 - INFO - pyopencl - build program: kernel '_pt_kernel' was part of a lengthy source build resulting from a binary cache miss (0.46 s)
2022-06-25 01:34:59,331 - INFO - meshmode.array_context - Transforming kernel with 1 statements.
2022-06-25 01:34:59,346 - INFO - meshmode.array_context - Array Contraction: Contracting 0 temps
2022-06-25 01:34:59,872 - INFO - pyopencl - build program: kernel '_pt_kernel' was part of a lengthy source build resulting from a binary cache miss (0.46 s)
2022-06-25 01:34:59,985 - INFO - meshmode.array_context - Transforming kernel with 7 statements.
2022-06-25 01:35:00,196 - INFO - meshmode.array_context - Array Contraction: Contracting 2 temps
2022-06-25 01:35:01,570 - INFO - pyopencl - build program: kernel '_pt_kernel' was part of a lengthy source build resulting from a binary cache miss (0.76 s)
2022-06-25 01:35:01,570 - INFO - pyopencl - build program: kernel '_pt_kernel_0' was part of a lengthy source build resulting from a binary cache miss (0.76 s)
2022-06-25 01:35:01,570 - INFO - pyopencl - build program: kernel '_pt_kernel_1' was part of a lengthy source build resulting from a binary cache miss (0.76 s)
2022-06-25 01:35:01,671 - INFO - meshmode.array_context - Transforming kernel with 6 statements.
2022-06-25 01:35:01,855 - INFO - meshmode.array_context - Array Contraction: Contracting 0 temps
2022-06-25 01:35:03,194 - INFO - pyopencl - build program: kernel '_pt_kernel' was part of a lengthy source build resulting from a binary cache miss (0.76 s)
2022-06-25 01:35:03,194 - INFO - pyopencl - build program: kernel '_pt_kernel_0' was part of a lengthy source build resulting from a binary cache miss (0.76 s)
2022-06-25 01:35:03,194 - INFO - pyopencl - build program: kernel '_pt_kernel_1' was part of a lengthy source build resulting from a binary cache miss (0.76 s)
2022-06-25 01:35:03,212 - INFO - meshmode.array_context - Transforming kernel with 1 statements.
2022-06-25 01:35:03,226 - INFO - meshmode.array_context - Array Contraction: Contracting 0 temps
2022-06-25 01:35:03,750 - INFO - pyopencl - build program: kernel '_pt_kernel' was part of a lengthy source build resulting from a binary cache miss (0.46 s)
2022-06-25 01:35:03,761 - INFO - meshmode.array_context - Transforming kernel with 1 statements.
2022-06-25 01:35:03,775 - INFO - meshmode.array_context - Array Contraction: Contracting 0 temps
2022-06-25 01:35:04,300 - INFO - pyopencl - build program: kernel '_pt_kernel' was part of a lengthy source build resulting from a binary cache miss (0.46 s)
2022-06-25 01:35:04,311 - INFO - meshmode.array_context - Transforming kernel with 1 statements.
2022-06-25 01:35:04,326 - INFO - meshmode.array_context - Array Contraction: Contracting 0 temps
2022-06-25 01:35:04,851 - INFO - pyopencl - build program: kernel '_pt_kernel' was part of a lengthy source build resulting from a binary cache miss (0.46 s)
2022-06-25 01:35:05,679 - INFO - meshmode.array_context - Transforming kernel with 45 statements.
2022-06-25 01:35:07,002 - INFO - loopy.tools - fuse_same_discretization_entity_loops on '_pt_kernel': completed (1.25s wall 1.00x CPU)
2022-06-25 01:35:07,056 - INFO - meshmode.array_context - Loop Fusion: completed (1.37s wall 1.00x CPU)
2022-06-25 01:35:07,262 - INFO - meshmode.array_context - Array Contraction: Contracting 0 temps
2022-06-25 01:35:08,116 - INFO - loopy.tools - preprocess_program on '_pt_kernel': completed (0.64s wall 1.00x CPU)
2022-06-25 01:35:08,947 - INFO - loopy.check - _pt_kernel: check array access within bounds: completed (0.67s wall 1.00x CPU)
2022-06-25 01:35:10,070 - INFO - loopy.codegen - _pt_kernel: generate code: completed (0.75s wall 1.00x CPU)
2022-06-25 01:35:11,278 - INFO - pyopencl - build program: kernel '_pt_kernel' was part of a lengthy source build resulting from a binary cache miss (1.16 s)
2022-06-25 01:35:11,281 - INFO - pyopencl - build program: kernel '_pt_kernel_0' was part of a lengthy source build resulting from a binary cache miss (1.16 s)
2022-06-25 01:35:11,283 - INFO - pyopencl - build program: kernel '_pt_kernel_1' was part of a lengthy source build resulting from a binary cache miss (1.16 s)
2022-06-25 01:35:11,284 - INFO - pyopencl - build program: kernel '_pt_kernel_2' was part of a lengthy source build resulting from a binary cache miss (1.16 s)
/p/gpfs1/mtcampbe/CEESD/AutomatedTesting/MIRGE-Timing/timing/emirge/mirgecom/mirgecom/artificial_viscosity.py:190: UserWarning: The AV boundary_kwargs interface is deprecated, please pass gas_model and time directly.
  warn("The AV boundary_kwargs interface is deprecated, please pass gas_model"
2022-06-25 01:35:12,222 - INFO - /p/gpfs1/mtcampbe/CEESD/AutomatedTesting/MIRGE-Timing/timing/emirge/pytato/pytato/transform/__init__.py - data wrapper de-duplication: 1026 encountered, 54 kept, 972 eliminated
2022-06-25 01:35:12,460 - INFO - grudge.array_context - deduplicate_data_wrappers[pre-partition]: completed (0.55s wall 1.00x CPU)
2022-06-25 01:35:14,216 - INFO - grudge.array_context - transform_dag.infer_axes_tags[pre-partition]: completed (1.61s wall 1.00x CPU)
2022-06-25 01:35:15,261 - INFO - pytato.partition - find_partition: Split 3554 nodes into 1 parts, with [3554] nodes in each partition.
2022-06-25 01:35:16,036 - INFO - /p/gpfs1/mtcampbe/CEESD/AutomatedTesting/MIRGE-Timing/timing/emirge/pytato/pytato/transform/__init__.py - data wrapper de-duplication: 54 encountered, 54 kept, 0 eliminated
2022-06-25 01:35:17,038 - INFO - meshmode.array_context - transform_dag.materialize_all_einsums_or_reduces: completed (0.42s wall 1.00x CPU)
2022-06-25 01:35:18,747 - INFO - meshmode.array_context - transform_dag.infer_axes_tags: completed (1.71s wall 1.00x CPU)
2022-06-25 01:35:18,914 - INFO - meshmode.array_context - Transforming kernel with 1 statements.
2022-06-25 01:35:18,929 - INFO - meshmode.array_context - Array Contraction: Contracting 0 temps
2022-06-25 01:35:19,472 - INFO - pyopencl - build program: kernel '_pt_kernel' was part of a lengthy source build resulting from a binary cache miss (0.47 s)
2022-06-25 01:35:19,486 - INFO - meshmode.array_context - Transforming kernel with 1 statements.
2022-06-25 01:35:19,513 - INFO - meshmode.array_context - Array Contraction: Contracting 0 temps
2022-06-25 01:35:20,228 - INFO - pyopencl - build program: kernel '_pt_kernel' was part of a lengthy source build resulting from a binary cache miss (0.52 s)
2022-06-25 01:35:20,243 - INFO - meshmode.array_context - Transforming kernel with 1 statements.
2022-06-25 01:35:20,284 - INFO - meshmode.array_context - Array Contraction: Contracting 0 temps
2022-06-25 01:35:21,114 - INFO - pyopencl - build program: kernel '_pt_kernel' was part of a lengthy source build resulting from a binary cache miss (0.58 s)
2022-06-25 01:35:21,128 - INFO - meshmode.array_context - Transforming kernel with 1 statements.
2022-06-25 01:35:21,155 - INFO - meshmode.array_context - Array Contraction: Contracting 0 temps
2022-06-25 01:35:21,866 - INFO - pyopencl - build program: kernel '_pt_kernel' was part of a lengthy source build resulting from a binary cache miss (0.52 s)
2022-06-25 01:35:21,893 - INFO - meshmode.array_context - Transforming kernel with 1 statements.
2022-06-25 01:35:21,920 - INFO - meshmode.array_context - Array Contraction: Contracting 0 temps
2022-06-25 01:35:22,639 - INFO - pyopencl - build program: kernel '_pt_kernel' was part of a lengthy source build resulting from a binary cache miss (0.52 s)
2022-06-25 01:35:22,861 - INFO - arraycontext.impl.pytato.compile - transform_dag: completed (7.37s wall 1.00x CPU)
2022-06-25 01:35:28,128 - INFO - arraycontext.impl.pytato.compile - generate_loopy: completed (5.27s wall 1.00x CPU)
2022-06-25 01:35:28,129 - INFO - meshmode.array_context - Transforming kernel with 383 statements.
2022-06-25 01:35:46,018 - INFO - loopy.tools - fuse_same_discretization_entity_loops on '_pt_kernel': completed (17.26s wall 1.00x CPU)
2022-06-25 01:35:46,663 - INFO - meshmode.array_context - Loop Fusion: completed (18.52s wall 1.00x CPU)
2022-06-25 01:35:49,960 - INFO - meshmode.array_context - Array Contraction: Contracting 82 temps
2022-06-25 01:35:54,741 - INFO - loopy.tools - contract_arrays on '_pt_kernel': completed (4.79s wall 1.00x CPU)
2022-06-25 01:35:55,147 - INFO - meshmode.array_context - Array Contraction: completed (5.69s wall 1.00x CPU)
2022-06-25 01:36:03,306 - INFO - loopy.tools - preprocess_program on '_pt_kernel': completed (5.57s wall 1.00x CPU)
2022-06-25 01:36:12,414 - INFO - loopy.check - _pt_kernel: check array access within bounds: completed (7.67s wall 1.00x CPU)
2022-06-25 01:36:20,740 - INFO - loopy.schedule - _pt_kernel: schedule: completed (8.26s wall 1.00x CPU)
2022-06-25 01:36:21,048 - INFO - arraycontext.impl.pytato.compile - transform_loopy_program: completed (52.92s wall 1.00x CPU)
2022-06-25 01:36:45,691 - INFO - loopy.codegen - _pt_kernel: generate code: completed (23.64s wall 1.00x CPU)
2022-06-25 01:36:56,854 - INFO - pyopencl - build program: kernel '_pt_kernel' was part of a lengthy source build resulting from a binary cache miss (10.49 s)
2022-06-25 01:36:56,856 - INFO - pyopencl - build program: kernel '_pt_kernel_0' was part of a lengthy source build resulting from a binary cache miss (10.49 s)
2022-06-25 01:36:56,858 - INFO - pyopencl - build program: kernel '_pt_kernel_1' was part of a lengthy source build resulting from a binary cache miss (10.49 s)
2022-06-25 01:36:56,858 - INFO - pyopencl - build program: kernel '_pt_kernel_2' was part of a lengthy source build resulting from a binary cache miss (10.49 s)
2022-06-25 01:36:56,859 - INFO - pyopencl - build program: kernel '_pt_kernel_3' was part of a lengthy source build resulting from a binary cache miss (10.49 s)
2022-06-25 01:36:56,861 - INFO - pyopencl - build program: kernel '_pt_kernel_4' was part of a lengthy source build resulting from a binary cache miss (10.49 s)
2022-06-25 01:36:56,862 - INFO - pyopencl - build program: kernel '_pt_kernel_5' was part of a lengthy source build resulting from a binary cache miss (10.49 s)
2022-06-25 01:36:56,863 - INFO - pyopencl - build program: kernel '_pt_kernel_6' was part of a lengthy source build resulting from a binary cache miss (10.49 s)
2022-06-25 01:36:56,865 - INFO - pyopencl - build program: kernel '_pt_kernel_7' was part of a lengthy source build resulting from a binary cache miss (10.49 s)
2022-06-25 01:36:56,867 - INFO - pyopencl - build program: kernel '_pt_kernel_8' was part of a lengthy source build resulting from a binary cache miss (10.49 s)
2022-06-25 01:36:56,869 - INFO - pyopencl - build program: kernel '_pt_kernel_9' was part of a lengthy source build resulting from a binary cache miss (10.49 s)
2022-06-25 01:36:56,871 - INFO - pyopencl - build program: kernel '_pt_kernel_10' was part of a lengthy source build resulting from a binary cache miss (10.49 s)
2022-06-25 01:36:56,872 - INFO - pyopencl - build program: kernel '_pt_kernel_11' was part of a lengthy source build resulting from a binary cache miss (10.49 s)
2022-06-25 01:36:56,873 - INFO - pyopencl - build program: kernel '_pt_kernel_12' was part of a lengthy source build resulting from a binary cache miss (10.49 s)
2022-06-25 01:36:56,874 - INFO - pyopencl - build program: kernel '_pt_kernel_13' was part of a lengthy source build resulting from a binary cache miss (10.49 s)
2022-06-25 01:36:56,876 - INFO - pyopencl - build program: kernel '_pt_kernel_14' was part of a lengthy source build resulting from a binary cache miss (10.49 s)
2022-06-25 01:36:56,877 - INFO - pyopencl - build program: kernel '_pt_kernel_15' was part of a lengthy source build resulting from a binary cache miss (10.49 s)
2022-06-25 01:36:56,878 - INFO - pyopencl - build program: kernel '_pt_kernel_16' was part of a lengthy source build resulting from a binary cache miss (10.49 s)
2022-06-25 01:36:56,880 - INFO - pyopencl - build program: kernel '_pt_kernel_17' was part of a lengthy source build resulting from a binary cache miss (10.49 s)
2022-06-25 01:36:56,882 - INFO - pyopencl - build program: kernel '_pt_kernel_18' was part of a lengthy source build resulting from a binary cache miss (10.49 s)
2022-06-25 01:36:56,884 - INFO - pyopencl - build program: kernel '_pt_kernel_19' was part of a lengthy source build resulting from a binary cache miss (10.49 s)
2022-06-25 01:36:56,885 - INFO - pyopencl - build program: kernel '_pt_kernel_20' was part of a lengthy source build resulting from a binary cache miss (10.49 s)
2022-06-25 01:36:56,887 - INFO - pyopencl - build program: kernel '_pt_kernel_21' was part of a lengthy source build resulting from a binary cache miss (10.49 s)
2022-06-25 01:36:56,888 - INFO - pyopencl - build program: kernel '_pt_kernel_22' was part of a lengthy source build resulting from a binary cache miss (10.49 s)
2022-06-25 01:36:56,890 - INFO - pyopencl - build program: kernel '_pt_kernel_23' was part of a lengthy source build resulting from a binary cache miss (10.49 s)
2022-06-25 01:36:56,894 - INFO - pyopencl - build program: kernel '_pt_kernel_24' was part of a lengthy source build resulting from a binary cache miss (10.49 s)
2022-06-25 01:36:56,896 - INFO - pyopencl - build program: kernel '_pt_kernel_25' was part of a lengthy source build resulting from a binary cache miss (10.49 s)
2022-06-25 01:36:56,897 - INFO - pyopencl - build program: kernel '_pt_kernel_26' was part of a lengthy source build resulting from a binary cache miss (10.49 s)
2022-06-25 01:36:56,899 - INFO - pyopencl - build program: kernel '_pt_kernel_27' was part of a lengthy source build resulting from a binary cache miss (10.49 s)
2022-06-25 01:36:56,900 - INFO - pyopencl - build program: kernel '_pt_kernel_28' was part of a lengthy source build resulting from a binary cache miss (10.49 s)
Fusion actx took: 35.97094941139221 secs
2022-06-25 01:36:57,033 - INFO - meshmode.array_context - Transforming kernel with 1 statements.
2022-06-25 01:36:57,060 - INFO - meshmode.array_context - Array Contraction: Contracting 0 temps
2022-06-25 01:36:57,647 - INFO - pyopencl - build program: kernel '_pt_kernel' was part of a lengthy source build resulting from a binary cache miss (0.47 s)
2022-06-25 01:36:57,663 - INFO - meshmode.array_context - Transforming kernel with 1 statements.
Fusion actx took: 0.0016036033630371094 secs
Fusion actx took: 0.0015184879302978516 secs
2022-06-25 01:36:57,890 - INFO - meshmode.array_context - Transforming kernel with 1 statements.
2022-06-25 01:36:57,917 - INFO - meshmode.array_context - Array Contraction: Contracting 0 temps
2022-06-25 01:36:58,503 - INFO - pyopencl - build program: kernel '_pt_kernel' was part of a lengthy source build resulting from a binary cache miss (0.47 s)
2022-06-25 01:36:58,519 - INFO - meshmode.array_context - Transforming kernel with 1 statements.
Fusion actx took: 0.0015995502471923828 secs
step = 0, sim time: 0.000000e+00 s, step walltime: 157.215 s
2022-06-25 01:36:58,860 - INFO - meshmode.array_context - Transforming kernel with 4 statements.
2022-06-25 01:36:58,933 - INFO - meshmode.array_context - Array Contraction: Contracting 0 temps
2022-06-25 01:36:59,688 - INFO - pyopencl - build program: kernel '_pt_kernel' was part of a lengthy source build resulting from a binary cache miss (0.48 s)
2022-06-25 01:36:59,766 - INFO - meshmode.array_context - Transforming kernel with 4 statements.
Fusion actx took: 0.00215911865234375 secs
Fusion actx took: 0.0015087127685546875 secs
Fusion actx took: 0.0015063285827636719 secs
Fusion actx took: 0.0015113353729248047 secs
step = 1, sim time: 1.000000e-08 s, step walltime: 0.388418 s
2022-06-25 01:37:00,165 - INFO - meshmode.array_context - Transforming kernel with 4 statements.
Fusion actx took: 0.0015883445739746094 secs
Fusion actx took: 0.0015056133270263672 secs
Fusion actx took: 0.001501321792602539 secs
Fusion actx took: 0.002000570297241211 secs
step = 2, sim time: 2.000000e-08 s, step walltime: 0.0350044 s
Fusion actx took: 0.0014612674713134766 secs
Fusion actx took: 0.0014412403106689453 secs
Fusion actx took: 0.001432180404663086 secs
Fusion actx took: 0.0014657974243164062 secs
step = 3, sim time: 3.000000e-08 s, step walltime: 0.0340993 s
Fusion actx took: 0.001455068588256836 secs
Fusion actx took: 0.0014400482177734375 secs
Fusion actx took: 0.001439809799194336 secs
Fusion actx took: 0.0014410018920898438 secs
step = 4, sim time: 4.000000e-08 s, step walltime: 0.0338411 s
Fusion actx took: 0.001451730728149414 secs
Fusion actx took: 0.001873016357421875 secs
Fusion actx took: 0.0014390945434570312 secs
Fusion actx took: 0.0015063285827636719 secs
step = 5, sim time: 5.000000e-08 s, step walltime: 0.0338359 s
Fusion actx took: 0.001463174819946289 secs
Fusion actx took: 0.0014348030090332031 secs
Fusion actx took: 0.001439809799194336 secs
Fusion actx took: 0.0014357566833496094 secs
step = 6, sim time: 6.000000e-08 s, step walltime: 0.0340128 s
Fusion actx took: 0.0014531612396240234 secs
Fusion actx took: 0.0014348030090332031 secs
Fusion actx took: 0.0014379024505615234 secs
Fusion actx took: 0.001443624496459961 secs
step = 7, sim time: 7.000000e-08 s, step walltime: 0.0337336 s
Fusion actx took: 0.0014524459838867188 secs
Fusion actx took: 0.0018658638000488281 secs
Fusion actx took: 0.001438140869140625 secs
Fusion actx took: 0.0014405250549316406 secs
step = 8, sim time: 8.000000e-08 s, step walltime: 0.0338778 s
Fusion actx took: 0.0014481544494628906 secs
Fusion actx took: 0.001870870590209961 secs
Fusion actx took: 0.0014488697052001953 secs
Fusion actx took: 0.0014355182647705078 secs
step = 9, sim time: 9.000000e-08 s, step walltime: 0.0337477 s
Fusion actx took: 0.001451253890991211 secs
Fusion actx took: 0.0018606185913085938 secs
Fusion actx took: 0.0014405250549316406 secs
Fusion actx took: 0.0014433860778808594 secs
step = 10, sim time: 1.000000e-07 s, step walltime: 0.0337338 s
Fusion actx took: 0.0014564990997314453 secs
Fusion actx took: 0.0018839836120605469 secs
Fusion actx took: 0.0014407634735107422 secs
Fusion actx took: 0.0014426708221435547 secs
step = 11, sim time: 1.100000e-07 s, step walltime: 0.0338404 s
Fusion actx took: 0.0014507770538330078 secs
Fusion actx took: 0.0018687248229980469 secs
Fusion actx took: 0.001438140869140625 secs
Fusion actx took: 0.0014405250549316406 secs
step = 12, sim time: 1.200000e-07 s, step walltime: 0.0337591 s
Fusion actx took: 0.001466512680053711 secs
Fusion actx took: 0.002074718475341797 secs
Fusion actx took: 0.0014472007751464844 secs
Fusion actx took: 0.0014417171478271484 secs
step = 13, sim time: 1.300000e-07 s, step walltime: 0.0340166 s
Fusion actx took: 0.0014531612396240234 secs
Fusion actx took: 0.0018699169158935547 secs
Fusion actx took: 0.0014309883117675781 secs
Fusion actx took: 0.0014450550079345703 secs
step = 14, sim time: 1.400000e-07 s, step walltime: 0.0337381 s
Fusion actx took: 0.001453399658203125 secs
Fusion actx took: 0.0014345645904541016 secs
Fusion actx took: 0.0014340877532958984 secs
Fusion actx took: 0.0014429092407226562 secs
step = 15, sim time: 1.500000e-07 s, step walltime: 0.0339034 s
Fusion actx took: 0.0014524459838867188 secs
Fusion actx took: 0.0014448165893554688 secs
Fusion actx took: 0.0014371871948242188 secs
Fusion actx took: 0.0014393329620361328 secs
step = 16, sim time: 1.600000e-07 s, step walltime: 0.0337331 s
Fusion actx took: 0.0014541149139404297 secs
Fusion actx took: 0.0018720626831054688 secs
Fusion actx took: 0.0014405250549316406 secs
Fusion actx took: 0.0014786720275878906 secs
step = 17, sim time: 1.700000e-07 s, step walltime: 0.0337813 s
Fusion actx took: 0.0014503002166748047 secs
Fusion actx took: 0.001440286636352539 secs
Fusion actx took: 0.001435995101928711 secs
Fusion actx took: 0.0014450550079345703 secs
step = 18, sim time: 1.800000e-07 s, step walltime: 0.0339909 s
Fusion actx took: 0.0014536380767822266 secs
2022-06-25 01:37:01,268 - INFO - meshmode.array_context - Transforming kernel with 1 statements.
2022-06-25 01:37:01,294 - INFO - meshmode.array_context - Array Contraction: Contracting 0 temps
2022-06-25 01:37:01,881 - INFO - pyopencl - build program: kernel '_pt_kernel' was part of a lengthy source build resulting from a binary cache miss (0.47 s)
Fusion actx took: 0.0015306472778320312 secs
Fusion actx took: 0.0014469623565673828 secs
2022-06-25 01:37:01,907 - INFO - meshmode.array_context - Transforming kernel with 1 statements.
2022-06-25 01:37:01,934 - INFO - meshmode.array_context - Array Contraction: Contracting 0 temps
2022-06-25 01:37:02,520 - INFO - pyopencl - build program: kernel '_pt_kernel' was part of a lengthy source build resulting from a binary cache miss (0.47 s)
Fusion actx took: 0.001516103744506836 secs
step = 19, sim time: 1.900000e-07 s, step walltime: 1.28926 s
Checkpointing final state ...
2022-06-25 01:37:02,664 - INFO - meshmode.array_context - Transforming kernel with 7 statements.
2022-06-25 01:37:02,875 - INFO - meshmode.array_context - Array Contraction: Contracting 6 temps
2022-06-25 01:37:03,886 - INFO - pyopencl - build program: kernel '_pt_kernel' was part of a lengthy source build resulting from a binary cache miss (0.51 s)
2022-06-25 01:37:03,978 - INFO - meshmode.array_context - Transforming kernel with 4 statements.
2022-06-25 01:37:04,087 - INFO - meshmode.array_context - Array Contraction: Contracting 3 temps
2022-06-25 01:37:04,930 - INFO - pyopencl - build program: kernel '_pt_kernel' was part of a lengthy source build resulting from a binary cache miss (0.49 s)
2022-06-25 01:37:05,016 - INFO - meshmode.array_context - Transforming kernel with 3 statements.
2022-06-25 01:37:05,103 - INFO - meshmode.array_context - Array Contraction: Contracting 2 temps
2022-06-25 01:37:05,907 - INFO - pyopencl - build program: kernel '_pt_kernel' was part of a lengthy source build resulting from a binary cache miss (0.49 s)
-------- dt = 0.000e+00, cfl = 0.0228
-------- P (min, max) (Pa) = (1.308488379e+03, 2.864123776e+05)
-------- T (min, max) (K)  = (275.025, 2214.64)

2022-06-25 01:37:05,947 - INFO - meshmode.array_context - Transforming kernel with 1 statements.
2022-06-25 01:37:05,960 - INFO - meshmode.array_context - Array Contraction: Contracting 0 temps
2022-06-25 01:37:06,588 - INFO - pyopencl - build program: kernel '_pt_kernel' was part of a lengthy source build resulting from a binary cache miss (0.48 s)
2022-06-25 01:37:06,679 - INFO - meshmode.array_context - Transforming kernel with 4 statements.
2022-06-25 01:37:06,748 - INFO - meshmode.array_context - Array Contraction: Contracting 0 temps
2022-06-25 01:37:07,872 - INFO - pyopencl - build program: kernel '_pt_kernel' was part of a lengthy source build resulting from a binary cache miss (0.65 s)
2022-06-25 01:37:07,873 - INFO - pyopencl - build program: kernel '_pt_kernel_0' was part of a lengthy source build resulting from a binary cache miss (0.65 s)
2022-06-25 01:37:07,960 - INFO - meshmode.array_context - Transforming kernel with 3 statements.
2022-06-25 01:37:08,018 - INFO - meshmode.array_context - Array Contraction: Contracting 0 temps
2022-06-25 01:37:09,131 - INFO - pyopencl - build program: kernel '_pt_kernel' was part of a lengthy source build resulting from a binary cache miss (0.65 s)
2022-06-25 01:37:09,132 - INFO - pyopencl - build program: kernel '_pt_kernel_0' was part of a lengthy source build resulting from a binary cache miss (0.65 s)
2022-06-25 01:37:09,225 - INFO - meshmode.array_context - Transforming kernel with 4 statements.
2022-06-25 01:37:09,295 - INFO - meshmode.array_context - Array Contraction: Contracting 0 temps
2022-06-25 01:37:10,419 - INFO - pyopencl - build program: kernel '_pt_kernel' was part of a lengthy source build resulting from a binary cache miss (0.66 s)
2022-06-25 01:37:10,420 - INFO - pyopencl - build program: kernel '_pt_kernel_0' was part of a lengthy source build resulting from a binary cache miss (0.66 s)
2022-06-25 01:37:10,529 - INFO - meshmode.array_context - Transforming kernel with 6 statements.
2022-06-25 01:37:10,659 - INFO - meshmode.array_context - Array Contraction: Contracting 0 temps
2022-06-25 01:37:12,059 - INFO - pyopencl - build program: kernel '_pt_kernel' was part of a lengthy source build resulting from a binary cache miss (0.67 s)
2022-06-25 01:37:12,061 - INFO - pyopencl - build program: kernel '_pt_kernel_0' was part of a lengthy source build resulting from a binary cache miss (0.67 s)
2022-06-25 01:37:12,104 - INFO - meshmode.array_context - Transforming kernel with 1 statements.
2022-06-25 01:37:12,121 - INFO - meshmode.array_context - Array Contraction: Contracting 0 temps
2022-06-25 01:37:12,844 - INFO - pyopencl - build program: kernel '_pt_kernel' was part of a lengthy source build resulting from a binary cache miss (0.49 s)
2022-06-25 01:37:12,923 - INFO - meshmode.array_context - Transforming kernel with 4 statements.
2022-06-25 01:37:13,010 - INFO - meshmode.array_context - Array Contraction: Contracting 1 temps
2022-06-25 01:37:14,068 - INFO - pyopencl - build program: kernel '_pt_kernel' was part of a lengthy source build resulting from a binary cache miss (0.65 s)
2022-06-25 01:37:14,069 - INFO - pyopencl - build program: kernel '_pt_kernel_0' was part of a lengthy source build resulting from a binary cache miss (0.65 s)
2022-06-25 01:37:14,149 - INFO - meshmode.array_context - Transforming kernel with 6 statements.
2022-06-25 01:37:14,308 - INFO - meshmode.array_context - Array Contraction: Contracting 0 temps
2022-06-25 01:37:14,944 - INFO - loopy.codegen - _pt_kernel: generate code: completed (0.31s wall 1.00x CPU)
2022-06-25 01:37:16,070 - INFO - pyopencl - build program: kernel '_pt_kernel' was part of a lengthy source build resulting from a binary cache miss (1.12 s)
2022-06-25 01:37:16,070 - INFO - pyopencl - build program: kernel '_pt_kernel_0' was part of a lengthy source build resulting from a binary cache miss (1.12 s)
2022-06-25 01:37:16,071 - INFO - pyopencl - build program: kernel '_pt_kernel_1' was part of a lengthy source build resulting from a binary cache miss (1.12 s)
2022-06-25 01:37:16,071 - INFO - pyopencl - build program: kernel '_pt_kernel_2' was part of a lengthy source build resulting from a binary cache miss (1.12 s)
2022-06-25 01:37:16,071 - INFO - pyopencl - build program: kernel '_pt_kernel_3' was part of a lengthy source build resulting from a binary cache miss (1.12 s)
2022-06-25 01:37:16,200 - INFO - meshmode.array_context - Transforming kernel with 7 statements.
2022-06-25 01:37:16,361 - INFO - meshmode.array_context - Array Contraction: Contracting 2 temps
2022-06-25 01:37:17,839 - INFO - pyopencl - build program: kernel '_pt_kernel' was part of a lengthy source build resulting from a binary cache miss (0.68 s)
2022-06-25 01:37:17,841 - INFO - pyopencl - build program: kernel '_pt_kernel_0' was part of a lengthy source build resulting from a binary cache miss (0.68 s)
2022-06-25 01:37:17,876 - INFO - meshmode.array_context - Transforming kernel with 1 statements.
2022-06-25 01:37:17,905 - INFO - meshmode.array_context - Array Contraction: Contracting 0 temps
2022-06-25 01:37:18,510 - INFO - pyopencl - build program: kernel '_pt_kernel' was part of a lengthy source build resulting from a binary cache miss (0.47 s)

------------------------------------------------------------
Sender: LSF System <lsfadmin@lassen710>
Subject: Job 3678694: <isolator_timing_job.sh> in cluster <lassen> Done

Job <isolator_timing_job.sh> was submitted from host <lassen708> by user <mtcampbe> in cluster <lassen> at Sat Jun 25 01:33:14 2022
Job was executed on host(s) <1*lassen710>, in queue <pbatch>, as user <mtcampbe> in cluster <lassen> at Sat Jun 25 01:33:16 2022
                            <40*lassen192>
</g/g17/mtcampbe> was used as the home directory.
</p/gpfs1/mtcampbe/CEESD/AutomatedTesting/MIRGE-Timing/timing/emirge/mirgecom/y2-isolator/timing_run> was used as the working directory.
Started at Sat Jun 25 01:33:16 2022
Terminated at Sat Jun 25 01:38:03 2022
Results reported at Sat Jun 25 01:38:03 2022

Your job looked like:

------------------------------------------------------------
# LSBATCH: User input
#!/bin/bash

#BSUB -nnodes 1
#BSUB -G uiuc
#BSUB -W 60
#BSUB -q pbatch

printf "Running with EMIRGE_HOME=/p/gpfs1/mtcampbe/CEESD/AutomatedTesting/MIRGE-Timing/timing/emirge\n"

source "/p/gpfs1/mtcampbe/CEESD/AutomatedTesting/MIRGE-Timing/timing/emirge/config/activate_env.sh"
export PYOPENCL_CTX="port:tesla"
export XDG_CACHE_HOME="/tmp/mtcampbe/xdg-scratch"
rm -rf $XDG_CACHE_HOME
rm -f timing-run-done
which python
conda env list
env
env | grep LSB_MCPU_HOSTS

jsrun -g 1 -a 1 -n 1 python -O -u -m mpi4py ./isolator.py -i timing_params.yaml --lazy --log
touch timing-run-done


------------------------------------------------------------

Successfully completed.

Resource usage summary:

    CPU time :                                   0.38 sec.
    Max Memory :                                 59 MB
    Average Memory :                             57.68 MB
    Total Requested Memory :                     -
    Delta Memory :                               -
    Max Swap :                                   1634 MB
    Max Processes :                              4
    Max Threads :                                27
    Run time :                                   287 sec.
    Turnaround time :                            289 sec.

The output (if any) is above this job summary.

