Customizing shell for Lassen.

Lmod is automatically replacing "xl/2021.09.22" with "gcc/8.3.1".


Due to MODULEPATH changes, the following have been reloaded:
  1) spectrum-mpi/rolling-release

Running with EMIRGE_HOME=/p/gpfs1/mtcampbe/CEESD/AutomatedTesting/MIRGE-Timing/timing/emirge
Activating 'nozzle.lazy.timing.env' environment for '/p/gpfs1/mtcampbe/CEESD/AutomatedTesting/MIRGE-Timing/timing/emirge/miniforge3/bin/conda'.
/p/gpfs1/mtcampbe/CEESD/AutomatedTesting/MIRGE-Timing/timing/emirge/miniforge3/envs/nozzle.lazy.timing.env/bin/python
# conda environments:
#
                         /p/gpfs1/mtcampbe/CEESD/AutomatedTesting/MIRGE-Timing/testing/emirge/miniforge3/envs/ceesd.testing.env
base                     /p/gpfs1/mtcampbe/CEESD/AutomatedTesting/MIRGE-Timing/timing/emirge/miniforge3
nozzle.lazy.timing.env  *  /p/gpfs1/mtcampbe/CEESD/AutomatedTesting/MIRGE-Timing/timing/emirge/miniforge3/envs/nozzle.lazy.timing.env
                         /usr/workspace/wsa/xpacc/Users/mtcampbe/CEESD/Quartz/Install/conda
                         /usr/workspace/wsa/xpacc/Users/mtcampbe/CEESD/Quartz/Install/conda/envs/abate.mtc_euler.env
                         /usr/workspace/wsa/xpacc/Users/mtcampbe/CEESD/Quartz/Install/conda/envs/ceesd.master
                         /usr/workspace/wsa/xpacc/Users/mtcampbe/CEESD/Quartz/Install/conda/envs/chem.master
                         /usr/workspace/wsa/xpacc/Users/mtcampbe/CEESD/Quartz/Install/conda/envs/dgfem
                         /usr/workspace/wsa/xpacc/Users/mtcampbe/CEESD/Quartz/Install/conda/envs/mc.master

LMOD_FAMILY_COMPILER_VERSION=8.3.1
PROJ_LIB=/p/gpfs1/mtcampbe/CEESD/AutomatedTesting/MIRGE-Timing/timing/emirge/miniforge3/envs/nozzle.lazy.timing.env/share/proj
LLNL_IPISOLATE=0
MANPATH=/usr/tce/packages/spectrum-mpi/ibm/spectrum-mpi-rolling-release/share/man:/usr/tce/packages/gcc/gcc-8.3.1/man:/opt/ibm/spectrumcomputing/lsf/10.1.0.10/man:/usr/man:/usr/share/man:/usr/local/man:/usr/X11R6/man:/usr/lib64/mvapich/default/man:/opt/ibm/spectrum_mpi/jsm_pmix/share/man
LSB_EXEC_CLUSTER=lassen
OMPI_COMM_WORLD_RANK=0
LMOD_FAMILY_CUDA=cuda
LMOD_ANCIENT_TIME=3600
_ModuleTable003_=LAp1c2VyTmFtZSA9ICJnY2MvOC4zLjEiLAp3ViA9ICIwMDAwMDAwMDguMDAwMDAwMDAzLjAwMDAwMDAwMS4qemZpbmFsIiwKfSwKbGFsbG9jID0gewpmbiA9ICIvdXNyL3RjZXRtcC9tb2R1bGVmaWxlcy9Db3JlL2xhbGxvYy8yLjAubHVhIiwKZnVsbE5hbWUgPSAibGFsbG9jLzIuMCIsCmxvYWRPcmRlciA9IDMsCnByb3BUID0ge30sCnN0YWNrRGVwdGggPSAwLApzdGF0dXMgPSAiYWN0aXZlIiwKdXNlck5hbWUgPSAibGFsbG9jLzIuMCIsCndWID0gIl4wMDAwMDAwMi4qemZpbmFsIiwKfSwKWyJzcGVjdHJ1bS1tcGkiXSA9IHsKZm4gPSAiL3Vzci90Y2UvbW9kdWxlZmlsZXMvQ29tcGlsZXIvZ2NjLzguMy4xL3NwZWN0cnVtLW1waS9yb2xsaW5nLXJlbGVhc2UubHVhIiwKZnVs
GUESTFISH_INIT=\e[1;34m
HOSTNAME=lassen133
LSB_EFFECTIVE_RSRCREQ=1*{select[(LN) && (type == any)] order[r15s:pg] span[hosts=1]}+40*{select[(CN) && (type == any)] order[r15s:pg] span[ptile=40]}
LSB_DOCKER_JOB_STARTTS=1658565215
BBHASH=18e914b95ac0d0b37207cbf7e6a720c5
JSM_TMPDIR=/var/tmp
MIRGE_TIMING_HOME=/p/gpfs1/mtcampbe/CEESD/AutomatedTesting/MIRGE-Timing/timing
LSF_LOGDIR=/opt/ibm/spectrumcomputing/lsf/log
LSF_LIM_API_NTRIES=1
LSB_BATCH_JID=3746781
__LMOD_REF_COUNT_MODULEPATH=/usr/tce/modulefiles/MPI/gcc/8.3.1/spectrum-mpi/rolling-release:1;/usr/tce/modulefiles/Compiler/gcc/8.3.1:1;/usr/tcetmp/modulefiles/Core:1;/usr/apps/modulefiles:1;/usr/share/modulefiles/Linux:1;/usr/share/modulefiles/Core:1;/usr/share/lmod/lmod/modulefiles/Core:1;/collab/usr/global/tools/modulefiles/blueos_3_ppc64le_ib_p9/Core:1
MAILTO=mtcampbe@illinois.edu,andreask@illinois.edu
SHELL=/bin/bash
LMOD_ROOT=/usr/share/lmod
HISTSIZE=1000
WISECONFIGDIR=/usr/share/wise2/
LMOD_SYSTEM_DEFAULT_MODULES=StdEnv
TMPDIR=/var/tmp
MODULEPATH_ROOT=/usr/share/modulefiles
SSH_CLIENT=192.168.66.202 42012 22
LSB_TRAPSIGS=trap # 15 10 12 2 1
LS_EXECCWD=/p/gpfs1/mtcampbe/CEESD/AutomatedTesting/MIRGE-Timing/timing/emirge/mirgecom/y2-isolator/timing_run
CONDA_SHLVL=1
LMOD_FAMILY_CUDA_VERSION=10.1.243
LS_JOBPID=63661
CONDA_PROMPT_MODIFIER=
LSB_MAX_NUM_PROCESSORS=41
LSB_JOBRES_CALLBACK=53951@lassen710
LMOD_PKG=/usr/share/lmod/lmod
LSB_JOB_EXECUSER=mtcampbe
LSB_JOBID=3746781
QTDIR=/usr/lib64/qt-3.3
LSF_SERVERDIR=/opt/ibm/spectrumcomputing/lsf/10.1.0.10/linux3.10-glibc2.17-ppc64le-csm/etc
LSB_JOBRES_PID=63661
LMOD_VERSION=8.6.16
LMOD_SHORT_TIME=60
QTINC=/usr/lib64/qt-3.3/include
LSB_JOBNAME=isolator_timing_job.sh
LLNL_COMPUTE_NODES=lassen133
LLNL_ATSDISABLE=0
BSUB_BLOCK_EXEC_HOST=
QT_GRAPHICSSYSTEM_CHECKED=1
LSF_LIBDIR=/opt/ibm/spectrumcomputing/lsf/10.1.0.10/linux3.10-glibc2.17-ppc64le-csm/lib
LSB_PROJECT_NAME=default
OPAL_PREFIX=/usr/tce/packages/spectrum-mpi/ibm/spectrum-mpi-rolling-release
CUDA_HOME=/usr/tce/packages/cuda/cuda-10.1.243
USER=mtcampbe
PYOPENCL_CTX=port:tesla
LMOD_sys=Linux
LD_LIBRARY_PATH=/opt/ibm/spectrumcomputing/lsf/10.1.0.10/linux3.10-glibc2.17-ppc64le-csm/lib:/usr/tce/packages/cuda/cuda-10.1.243/lib64
SBD_KRB5CCNAME_VAL=
LSB_EEXEC_REAL_UID=
CONDA_EXE=/p/gpfs1/mtcampbe/CEESD/AutomatedTesting/MIRGE-Timing/timing/emirge/miniforge3/bin/conda
CEESD=/usr/workspace/wsa/xpacc/Users/mtcampbe/CEESD/Lassen
PFTP_CONFIG_FILENAME=/etc/pftp_config
ENV=/g/g17/mtcampbe/.bashrc
HOST_GRP=linux
_ModuleTable004_=bE5hbWUgPSAic3BlY3RydW0tbXBpL3JvbGxpbmctcmVsZWFzZSIsCmxvYWRPcmRlciA9IDUsCnByb3BUID0ge30sCnN0YWNrRGVwdGggPSAwLApzdGF0dXMgPSAiYWN0aXZlIiwKdXNlck5hbWUgPSAic3BlY3RydW0tbXBpL3JvbGxpbmctcmVsZWFzZSIsCndWID0gIl5yb2xsaW5nLipyZWxlYXNlLip6ZmluYWwiLAp9LAp9LAptcGF0aEEgPSB7CiIvdXNyL3RjZS9tb2R1bGVmaWxlcy9NUEkvZ2NjLzguMy4xL3NwZWN0cnVtLW1waS9yb2xsaW5nLXJlbGVhc2UiCiwgIi91c3IvdGNlL21vZHVsZWZpbGVzL0NvbXBpbGVyL2djYy84LjMuMSIsICIvdXNyL3RjZXRtcC9tb2R1bGVmaWxlcy9Db3JlIgosICIvdXNyL2FwcHMvbW9kdWxlZmlsZXMiLCAiL3Vzci9zaGFyZS9tb2R1bGVm
HOSTTYPE=LINUXPPC64LE
LSF_INVOKE_CMD=bsub
CUDA_CACHE_DISABLE=1
LS_EXEC_T=START
LMOD_FAMILY_LALLOC=lalloc
LSB_SUB_RES_REQ=1*{select[LN]span[hosts=1]} + 40*{select[CN]span[ptile=40]}
LS_SUBCWD=/p/gpfs1/mtcampbe/CEESD/AutomatedTesting/MIRGE-Timing/timing/emirge/mirgecom/y2-isolator/timing_run
LSB_UNIXGROUP_INT=mtcampbe
LSB_HOSTS=lassen710 lassen133 lassen133 lassen133 lassen133 lassen133 lassen133 lassen133 lassen133 lassen133 lassen133 lassen133 lassen133 lassen133 lassen133 lassen133 lassen133 lassen133 lassen133 lassen133 lassen133 lassen133 lassen133 lassen133 lassen133 lassen133 lassen133 lassen133 lassen133 lassen133 lassen133 lassen133 lassen133 lassen133 lassen133 lassen133 lassen133 lassen133 lassen133 lassen133 lassen133
LMOD_PREPEND_BLOCK=normal
LMOD_FAMILY_MPI_VERSION=rolling-release
GUESTFISH_PS1=\[\e[1;32m\]><fs>\[\e[0;31m\] 
_CE_CONDA=
LSB_JOBFILENAME=/g/g17/mtcampbe/.lsbatch/1658565161.3746781
LSB_JOBINDEX=0
_ModuleTable001_=X01vZHVsZVRhYmxlXyA9IHsKTVR2ZXJzaW9uID0gMywKY19yZWJ1aWxkVGltZSA9IGZhbHNlLApjX3Nob3J0VGltZSA9IGZhbHNlLApkZXB0aFQgPSB7fSwKZmFtaWx5ID0gewpjb21waWxlciA9ICJnY2MiLApjdWRhID0gImN1ZGEiLApsYWxsb2MgPSAibGFsbG9jIiwKbXBpID0gInNwZWN0cnVtLW1waSIsCn0sCm1UID0gewpTdGRFbnYgPSB7CmZuID0gIi91c3IvdGNldG1wL21vZHVsZWZpbGVzL0NvcmUvU3RkRW52Lmx1YSIsCmZ1bGxOYW1lID0gIlN0ZEVudiIsCmxvYWRPcmRlciA9IDIsCnByb3BUID0gewpsbW9kID0gewpzdGlja3kgPSAxLAp9LAp9LApzdGFja0RlcHRoID0gMCwKc3RhdHVzID0gImFjdGl2ZSIsCnVzZXJOYW1lID0gIlN0ZEVudiIsCndWID0gIk0uKnpm
PATH=/usr/workspace/wsa/xpacc/Users/mtcampbe/CEESD/Lassen/conda-install/bin:/usr/workspace/wsa/xpacc/Users/mtcampbe/CEESD/Lassen/conda-install/bin:/usr/tce/packages/spectrum-mpi/spectrum-mpi-rolling-release-gcc-8.3.1/bin:/usr/tce/packages/gcc/gcc-8.3.1/bin:/usr/tce/packages/lalloc/lalloc-2.0/bin:/p/gpfs1/mtcampbe/CEESD/AutomatedTesting/MIRGE-Timing/timing/emirge/miniforge3/envs/nozzle.lazy.timing.env/bin:/p/gpfs1/mtcampbe/CEESD/AutomatedTesting/MIRGE-Timing/timing/emirge/miniforge3/bin:/usr/tce/packages/cuda/cuda-10.1.243/bin:/usr/tcetmp/bin:/usr/condabin:/usr/workspace/wsa/xpacc/Users/mtcampbe/CEESD/Lassen/conda-install/bin:/usr/lib64/qt-3.3/bin:/usr/local/bin:/usr/bin:/usr/local/sbin:/usr/sbin:/opt/ibm/spectrum_mpi/jsm_pmix/bin:/opt/ibm/bb/bin:/opt/ibm/flightlog/bin:/opt/ibutils/bin:/opt/ibm/spectrumcomputing/lsf/10.1.0.10/linux3.10-glibc2.17-ppc64le-csm/etc:/opt/ibm/spectrumcomputing/lsf/10.1.0.10/linux3.10-glibc2.17-ppc64le-csm/bin:/opt/ibm/spectrumcomputing/lsf/10.1.0.9/linux3.10-glibc2.17-ppc64le-csm/etc:/opt/ibm/spectrumcomputing/lsf/10.1.0.9/linux3.10-glibc2.17-ppc64le-csm/bin
MAIL=/var/spool/mail/mtcampbe
PROJ_NETWORK=ON
LCSCHEDCLUSTER=lassen
LSB_EXIT_PRE_ABORT=99
LSB_JOBEXIT_STAT=0
LMOD_SETTARG_CMD=:
CONDA_PREFIX=/p/gpfs1/mtcampbe/CEESD/AutomatedTesting/MIRGE-Timing/timing/emirge/miniforge3/envs/nozzle.lazy.timing.env
LMOD_FAMILY_LALLOC_VERSION=2.0
INPUTRC=/etc/inputrc
PWD=/p/gpfs1/mtcampbe/CEESD/AutomatedTesting/MIRGE-Timing/timing/emirge/mirgecom/y2-isolator/timing_run
_LMFILES_=/usr/tcetmp/modulefiles/Core/cuda/10.1.243.lua:/usr/tcetmp/modulefiles/Core/StdEnv.lua:/usr/tcetmp/modulefiles/Core/lalloc/2.0.lua:/usr/tcetmp/modulefiles/Core/gcc/8.3.1.lua:/usr/tce/modulefiles/Compiler/gcc/8.3.1/spectrum-mpi/rolling-release.lua
EDITOR=/bin/vi
LANG=en_US.UTF-8
LSB_CHKFILENAME=/g/g17/mtcampbe/.lsbatch/1658565161.3746781
MODULEPATH=/usr/tce/modulefiles/MPI/gcc/8.3.1/spectrum-mpi/rolling-release:/usr/tce/modulefiles/Compiler/gcc/8.3.1:/usr/tcetmp/modulefiles/Core:/usr/apps/modulefiles:/usr/share/modulefiles/Linux:/usr/share/modulefiles/Core:/usr/share/lmod/lmod/modulefiles/Core:/collab/usr/global/tools/modulefiles/blueos_3_ppc64le_ib_p9/Core
LSB_DJOB_HOSTFILE=/g/g17/mtcampbe/.lsbatch/1658565161.3746781.hostfile
LOADEDMODULES=cuda/10.1.243:StdEnv:lalloc/2.0:gcc/8.3.1:spectrum-mpi/rolling-release
KDEDIRS=/usr
_ModuleTable_Sz_=5
GUESTFISH_OUTPUT=\e[0m
LSB_JOB_STARTER=/usr/tcetmp/bin/bsub_job_starter %USRCMD
EMIRGE_HOME=/p/gpfs1/mtcampbe/CEESD/AutomatedTesting/MIRGE-Timing/timing/emirge
LSF_JOB_TIMESTAMP_VALUE=1658565215
LMOD_CMD=/usr/share/lmod/lmod/libexec/lmod
_ModuleTable005_=aWxlcy9MaW51eCIKLCAiL3Vzci9zaGFyZS9tb2R1bGVmaWxlcy9Db3JlIiwgIi91c3Ivc2hhcmUvbG1vZC9sbW9kL21vZHVsZWZpbGVzL0NvcmUiLCAiL2NvbGxhYi91c3IvZ2xvYmFsL3Rvb2xzL21vZHVsZWZpbGVzL2JsdWVvc18zX3BwYzY0bGVfaWJfcDkvQ29yZSIsCn0sCnN5c3RlbUJhc2VNUEFUSCA9ICIvdXNyL3RjZXRtcC9tb2R1bGVmaWxlcy9Db3JlOi91c3IvYXBwcy9tb2R1bGVmaWxlczovdXNyL3NoYXJlL21vZHVsZWZpbGVzL0xpbnV4Oi91c3Ivc2hhcmUvbW9kdWxlZmlsZXMvQ29yZTovdXNyL3NoYXJlL2xtb2QvbG1vZC9tb2R1bGVmaWxlcy9Db3JlIiwKfQo=
BBPATH=/mnt/bb_18e914b95ac0d0b37207cbf7e6a720c5
LSB_EXEC_HOSTTYPE=UNKNOWN_AUTO_DETECT
LSB_DJOB_NUMPROC=41
LSF_BINDIR=/opt/ibm/spectrumcomputing/lsf/10.1.0.10/linux3.10-glibc2.17-ppc64le-csm/bin
LLNL_NUM_COMPUTE_NODES=1
HISTCONTROL=ignoredups
_CE_M=
SSH_ASKPASS=/usr/libexec/openssh/gnome-ssh-askpass
ENVIRONMENT=BATCH
CXX=mpicxx
HOME=/g/g17/mtcampbe
SHLVL=6
__LMOD_REF_COUNT_PATH=/usr/tce/packages/spectrum-mpi/spectrum-mpi-rolling-release-gcc-8.3.1/bin:2;/usr/tce/packages/gcc/gcc-8.3.1/bin:2;/usr/tce/packages/lalloc/lalloc-2.0/bin:2;/p/gpfs1/mtcampbe/CEESD/AutomatedTesting/MIRGE-Timing/timing/emirge/miniforge3/envs/nozzle.lazy.timing.env/bin:1;/p/gpfs1/mtcampbe/CEESD/AutomatedTesting/MIRGE-Timing/timing/emirge/miniforge3/bin:1;/usr/tce/packages/cuda/cuda-10.1.243/bin:2;/usr/tcetmp/bin:2;/usr/condabin:1;/usr/workspace/wsa/xpacc/Users/mtcampbe/CEESD/Lassen/conda-install/bin:1;/usr/lib64/qt-3.3/bin:1;/usr/local/bin:1;/usr/bin:1;/usr/local/sbin:1;/usr/sbin:1;/opt/ibm/spectrum_mpi/jsm_pmix/bin:1;/opt/ibm/bb/bin:1;/opt/ibm/flightlog/bin:1;/opt/ibutils/bin:1;/opt/ibm/spectrumcomputing/lsf/10.1.0.10/linux3.10-glibc2.17-ppc64le-csm/etc:1;/opt/ibm/spectrumcomputing/lsf/10.1.0.10/linux3.10-glibc2.17-ppc64le-csm/bin:1;/opt/ibm/spectrumcomputing/lsf/10.1.0.9/linux3.10-glibc2.17-ppc64le-csm/etc:1;/opt/ibm/spectrumcomputing/lsf/10.1.0.9/linux3.10-glibc2.17-ppc64le-csm/bin:1
JOB_TERMINATE_INTERVAL=10
LSB_ACCT_FILE=/tmp/3746781.tmpdir/.1658565161.3746781.acct
_ModuleTable002_=aW5hbCIsCn0sCmN1ZGEgPSB7CmZuID0gIi91c3IvdGNldG1wL21vZHVsZWZpbGVzL0NvcmUvY3VkYS8xMC4xLjI0My5sdWEiLApmdWxsTmFtZSA9ICJjdWRhLzEwLjEuMjQzIiwKbG9hZE9yZGVyID0gMSwKcHJvcFQgPSB7fSwKc3RhY2tEZXB0aCA9IDEsCnN0YXR1cyA9ICJhY3RpdmUiLAp1c2VyTmFtZSA9ICJjdWRhLzEwLjEuMjQzIiwKd1YgPSAiXjAwMDAwMDEwLjAwMDAwMDAwMS4wMDAwMDAyNDMuKnpmaW5hbCIsCn0sCmdjYyA9IHsKZm4gPSAiL3Vzci90Y2V0bXAvbW9kdWxlZmlsZXMvQ29yZS9nY2MvOC4zLjEubHVhIiwKZnVsbE5hbWUgPSAiZ2NjLzguMy4xIiwKbG9hZE9yZGVyID0gNCwKcHJvcFQgPSB7fSwKc3RhY2tEZXB0aCA9IDAsCnN0YXR1cyA9ICJhY3RpdmUi
CSM_ALLOCATION_ID=3797472
BINARY_TYPE_HPC=
LSB_SUB_HOST=lassen708
LLNL_CORE_ISOLATION=2
FC=mpif90
XDG_CACHE_HOME=/tmp/mtcampbe/xdg-scratch
LSB_SUB_USER=mtcampbe
__LSF_JOB_TMPDIR__=/tmp/3746781.tmpdir
LSFUSER=mtcampbe
LSB_QUEUE=pbatch
LSB_OUTPUTFILE=/p/gpfs1/mtcampbe/CEESD/AutomatedTesting/MIRGE-Timing/timing/emirge/mirgecom/y2-isolator/timing_run/
LSB_OUTDIR=/p/gpfs1/mtcampbe/CEESD/AutomatedTesting/MIRGE-Timing/timing/emirge/mirgecom/y2-isolator/timing_run
LSB_MCPU_HOSTS=lassen710 1 lassen133 40 
LMOD_arch=ppc64le
TMP=/var/tmp
MPI_ROOT=/usr/tce/packages/spectrum-mpi/ibm/spectrum-mpi-rolling-release
CONDA_PYTHON_EXE=/p/gpfs1/mtcampbe/CEESD/AutomatedTesting/MIRGE-Timing/timing/emirge/miniforge3/bin/python
LOGNAME=mtcampbe
QTLIB=/usr/lib64/qt-3.3/lib
CVS_RSH=ssh
XLSF_UIDDIR=/opt/ibm/spectrumcomputing/lsf/10.1.0.10/linux3.10-glibc2.17-ppc64le-csm/lib/uid
XDG_DATA_DIRS=/p/gpfs1/mtcampbe/CEESD/AutomatedTesting/MIRGE-Timing/.local/share/flatpak/exports/share:/var/lib/flatpak/exports/share:/usr/local/share:/usr/share
SSH_CONNECTION=192.168.66.202 42012 192.168.64.133 22
CEESD_CONDA_LASSEN=/usr/workspace/wsa/xpacc/Users/mtcampbe/CEESD/Lassen/conda-install
SYS_TYPE=blueos_3_ppc64le_ib_p9
MODULESHOME=/usr/share/lmod/lmod
LMOD_SETTARG_FULL_SUPPORT=no
LESSOPEN=||/usr/bin/lesspipe.sh %s
__LMOD_REF_COUNT_LD_LIBRARY_PATH=/usr/tce/packages/cuda/cuda-10.1.243/lib64:1;/opt/ibm/spectrumcomputing/lsf/10.1.0.10/linux3.10-glibc2.17-ppc64le-csm/lib:1
PKG_CONFIG_PATH=/usr/tce/packages/cuda/cuda-10.1.243/lib64/pkgconfig
LSF_CGROUP_TOPDIR_KEY=lassen
CONDA_DEFAULT_ENV=nozzle.lazy.timing.env
OMP_NUM_THREADS=1
LSB_XFER_OP=
LMOD_FULL_SETTARG_SUPPORT=no
LMOD_FAMILY_COMPILER=gcc
LSB_EEXEC_REAL_GID=
__LMOD_REF_COUNT_PKG_CONFIG_PATH=/usr/tce/packages/cuda/cuda-10.1.243/lib64/pkgconfig:1
CC=mpicc
QT_PLUGIN_PATH=/usr/lib64/kde4/plugins:/usr/lib/kde4/plugins
LMOD_DIR=/usr/share/lmod/lmod/libexec
LEXEC_UNPICKLE_QUIET=1
__LMOD_REF_COUNT_MANPATH=/usr/tce/packages/spectrum-mpi/ibm/spectrum-mpi-rolling-release/share/man:1;/usr/tce/packages/gcc/gcc-8.3.1/man:1;/opt/ibm/spectrumcomputing/lsf/10.1.0.10/man:1;/usr/man:1;/usr/share/man:1;/usr/local/man:1;/usr/X11R6/man:1;/usr/lib64/mvapich/default/man:1;/opt/ibm/spectrum_mpi/jsm_pmix/share/man:1
LSF_ENVDIR=/opt/ibm/spectrumcomputing/lsf/conf
GUESTFISH_RESTORE=\e[0m
LSB_DJOB_RANKFILE=/g/g17/mtcampbe/.lsbatch/1658565161.3746781.hostfile
LMOD_FAMILY_MPI=spectrum-mpi
LMOD_COLORIZE=yes
HISTFILE=/g/g17/mtcampbe/.bash_history
BASH_FUNC_module()=() {  local __lmod_my_status;
 local __lmod_sh_dbg;
 if [ -z "${LMOD_SH_DBG_ON+x}" ]; then
 case "$-" in 
 *v*x*)
 __lmod_sh_dbg='vx'
 ;;
 *v*)
 __lmod_sh_dbg='v'
 ;;
 *x*)
 __lmod_sh_dbg='x'
 ;;
 esac;
 fi;
 if [ -n "${__lmod_sh_dbg:-}" ]; then
 set +$__lmod_sh_dbg;
 echo "Shell debugging temporarily silenced: export LMOD_SH_DBG_ON=1 for Lmod's output" 1>&2;
 fi;
 eval "$($LMOD_CMD bash "$@")" && eval $(${LMOD_SETTARG_CMD:-:} -s sh);
 __lmod_my_status=$?;
 if [ -n "${__lmod_sh_dbg:-}" ]; then
 echo "Shell debugging restarted" 1>&2;
 set -$__lmod_sh_dbg;
 fi;
 return $__lmod_my_status
}
BASH_FUNC_ml()=() {  eval "$($LMOD_DIR/ml_cmd "$@")"
}
_=/usr/bin/env
LSB_MCPU_HOSTS=lassen710 1 lassen133 40 
Default casename isolator
Using user input from file: timing_params.yaml
Running ./isolator.py

2022-07-23 01:33:46,790 - INFO - grudge.array_context - get_reasonable_array_context_class: MPIFusionContractorArrayContext lazy=True distributed=True device-parallel=True
Shock capturing parameters: alpha 0.5, s0 -4.0, kappa 0.5

#### Simluation control data: ####
	nviz = 100
	nrestart = 100
	nhealth = 100
	nstatus = 100
	current_dt = 1e-08
	t_final = 2e-07
	order = 1
	dimen = 2
	Time integration rk4
#### Simluation control data: ####


#### Simluation material properties: ####
	mu = 4.216360056e-05
	kappa = 0.05621788139856423
	Prandtl Number  = 0.75
#### Simluation initialization data: ####
	inlet Mach number 0.038727226466056475
	inlet temperature 2075.8073416311686
	inlet pressure 274212.0081934861
	inlet rho 0.4623484671063763
	inlet velocity 35.28896626974282
	outlet Mach number 3.661995139955526
	outlet temperature 563.9344091915701
	outlet pressure 2865.7077436508835
	outlet rho 0.01778579568979098
	outlet velocity 1739.2462693097807
#### Simluation initialization data: ####

Reading mesh from data/isolator.msh
2022-07-23 01:34:05,165 - INFO - meshmode.distributed - rank 0: sent all mesh partitions
Making discretization
./isolator.py:1100: DeprecationWarning: EagerDGDiscretization is deprecated and will go away in 2022. Use the base DiscretizationCollection with grudge.op instead.
  discr = EagerDGDiscretization(
Done making discretization
2022-07-23 01:34:05,470 - INFO - meshmode.array_context - Transforming kernel with 1 statements.
2022-07-23 01:34:05,517 - INFO - meshmode.array_context - Array Contraction: Contracting 0 temps
2022-07-23 01:34:05,853 - INFO - loopy.tools - preprocess_program on 'frozen_nodes0_2d': completed (0.32s wall 0.32x CPU)
2022-07-23 01:34:06,654 - INFO - pyopencl - build program: kernel 'frozen_nodes0_2d' was part of a lengthy source build resulting from a binary cache miss (0.65 s)
2022-07-23 01:34:06,673 - INFO - meshmode.array_context - Transforming kernel with 1 statements.
2022-07-23 01:34:06,712 - INFO - meshmode.array_context - Array Contraction: Contracting 0 temps
2022-07-23 01:34:07,271 - INFO - pyopencl - build program: kernel 'frozen_nodes1_2d' was part of a lengthy source build resulting from a binary cache miss (0.37 s)
./isolator.py:1125: DeprecationWarning: Calling thaw(ary, actx) is deprecated, call actx.thaw(ary) instead. This will stop working in 2023.
  sponge_sigma = sponge_init(x_vec=thaw(discr.nodes(), actx))
./isolator.py:1126: DeprecationWarning: Calling thaw(ary, actx) is deprecated, call actx.thaw(ary) instead. This will stop working in 2023.
  ref_cv = bulk_init(discr=discr, x_vec=thaw(discr.nodes(), actx),
Before restart/init
Initializing soln.
./isolator.py:1179: DeprecationWarning: Calling thaw(ary, actx) is deprecated, call actx.thaw(ary) instead. This will stop working in 2023.
  current_cv = bulk_init(discr=discr, x_vec=thaw(discr.nodes(), actx),
Initialization for Case(isolator)
===
Num 2d order-1 elements: 2504
Num global elements: 2504
Timestep:        1e-08
Final time:      2e-07
CFL:             1.0
Constant CFL:    False
Initialization:  isolator
EOS:             IdealSingleGas

2022-07-23 01:34:08,778 - INFO - meshmode.array_context - transform_dag.infer_axes_tags: completed (0.51s wall 1.00x CPU)
2022-07-23 01:34:09,583 - INFO - meshmode.array_context - Transforming kernel with 14 statements.
2022-07-23 01:34:10,970 - INFO - loopy.tools - fuse_same_discretization_entity_loops on 'frozen_result': completed (1.29s wall 1.00x CPU)
2022-07-23 01:34:11,107 - INFO - meshmode.array_context - Loop Fusion: completed (1.52s wall 1.00x CPU)
2022-07-23 01:34:11,389 - INFO - meshmode.array_context - Array Contraction: Contracting 10 temps
2022-07-23 01:34:12,974 - INFO - loopy.tools - contract_arrays on 'frozen_result': completed (1.59s wall 1.00x CPU)
2022-07-23 01:34:13,128 - INFO - meshmode.array_context - Array Contraction: completed (1.84s wall 1.00x CPU)
2022-07-23 01:34:14,696 - INFO - loopy.tools - preprocess_program on 'frozen_result': completed (0.96s wall 1.00x CPU)
2022-07-23 01:34:17,101 - INFO - loopy.check - frozen_result: check array access within bounds: completed (2.12s wall 1.00x CPU)
2022-07-23 01:34:18,949 - INFO - loopy.codegen - frozen_result: generate code: completed (1.63s wall 1.00x CPU)
2022-07-23 01:34:23,376 - INFO - pyopencl - build program: kernel 'frozen_result' was part of a lengthy source build resulting from a binary cache miss (4.07 s)
2022-07-23 01:34:23,421 - INFO - meshmode.array_context - Transforming kernel with 0 statements.
2022-07-23 01:34:23,425 - INFO - meshmode.array_context - Array Contraction: Contracting 0 temps
2022-07-23 01:34:23,810 - INFO - pyopencl - build program: kernel 'frozen_result' was part of a lengthy source build resulting from a binary cache miss (0.37 s)
2022-07-23 01:34:23,971 - INFO - meshmode.array_context - Transforming kernel with 10 statements.
2022-07-23 01:34:24,272 - INFO - meshmode.array_context - Array Contraction: Contracting 1 temps
2022-07-23 01:34:25,098 - INFO - loopy.codegen - frozen_area_el_vol: generate code: completed (0.33s wall 1.00x CPU)
2022-07-23 01:34:25,776 - INFO - pyopencl - build program: kernel 'frozen_area_el_vol' was part of a lengthy source build resulting from a binary cache miss (0.67 s)
2022-07-23 01:34:25,790 - INFO - meshmode.discretization.connection.face - building face restriction: start
2022-07-23 01:34:25,802 - INFO - meshmode.discretization.connection.face - building face restriction: done
2022-07-23 01:34:25,806 - INFO - meshmode.array_context - Transforming kernel with 0 statements.
2022-07-23 01:34:26,031 - INFO - meshmode.array_context - Transforming kernel with 7 statements.
2022-07-23 01:34:26,236 - INFO - meshmode.array_context - Array Contraction: Contracting 2 temps
2022-07-23 01:34:27,487 - INFO - pyopencl - build program: kernel 'frozen_area_el_f_all' was part of a lengthy source build resulting from a binary cache miss (0.64 s)
2022-07-23 01:34:27,570 - INFO - meshmode.array_context - Transforming kernel with 7 statements.
/p/gpfs1/mtcampbe/CEESD/AutomatedTesting/MIRGE-Timing/timing/emirge/pytato/pytato/target/loopy/__init__.py:137: UserWarning: Falling back to a slower transformation strategy as some loops are uninferred which mesh entity they belong to.
  return self.copy(program=f(self.program))
2022-07-23 01:34:28,894 - INFO - loopy.codegen - frozen_dt_geometric_vol: generate code: completed (0.71s wall 1.00x CPU)
2022-07-23 01:34:29,880 - INFO - pyopencl - build program: kernel 'frozen_dt_geometric_vol' was part of a lengthy source build resulting from a binary cache miss (0.97 s)
2022-07-23 01:34:29,902 - INFO - meshmode.array_context - Transforming kernel with 1 statements.
2022-07-23 01:34:30,442 - INFO - pyopencl - build program: kernel 'frozen_char_lscales' was part of a lengthy source build resulting from a binary cache miss (0.38 s)
2022-07-23 01:34:30,512 - INFO - meshmode.array_context - Transforming kernel with 4 statements.
2022-07-23 01:34:30,607 - INFO - meshmode.array_context - Array Contraction: Contracting 3 temps
2022-07-23 01:34:31,286 - INFO - pyopencl - build program: kernel 'frozen_result' was part of a lengthy source build resulting from a binary cache miss (0.40 s)
2022-07-23 01:34:31,762 - INFO - pyopencl - build program: kernel 'reduce_kernel_stage1' was part of a lengthy source build resulting from a binary cache miss (0.46 s)
2022-07-23 01:34:32,231 - INFO - pyopencl - build program: kernel 'reduce_kernel_stage2' was part of a lengthy source build resulting from a binary cache miss (0.46 s)
2022-07-23 01:34:32,245 - INFO - meshmode.array_context - Transforming kernel with 1 statements.
2022-07-23 01:34:32,252 - INFO - meshmode.array_context - Array Contraction: Contracting 0 temps
/p/gpfs1/mtcampbe/CEESD/AutomatedTesting/MIRGE-Timing/timing/emirge/meshmode/meshmode/array_context.py:1763: UserWarning: FusionContractorArrayContext.transform_loopy_program not broad enough (yet). Falling back to a possibly slower transformation strategy.
  warn("FusionContractorArrayContext.transform_loopy_program not"
2022-07-23 01:34:32,655 - INFO - pyopencl - build program: kernel 'frozen_result' was part of a lengthy source build resulting from a binary cache miss (0.37 s)
2022-07-23 01:34:32,662 - INFO - meshmode.array_context - Transforming kernel with 0 statements.
2022-07-23 01:34:32,736 - INFO - meshmode.array_context - Transforming kernel with 1 statements.
2022-07-23 01:34:32,765 - INFO - meshmode.array_context - Array Contraction: Contracting 0 temps
2022-07-23 01:34:33,276 - INFO - pyopencl - build program: kernel 'frozen_result' was part of a lengthy source build resulting from a binary cache miss (0.38 s)
2022-07-23 01:34:33,745 - INFO - pyopencl - build program: kernel 'reduce_kernel_stage1' was part of a lengthy source build resulting from a binary cache miss (0.46 s)
2022-07-23 01:34:34,208 - INFO - pyopencl - build program: kernel 'reduce_kernel_stage2' was part of a lengthy source build resulting from a binary cache miss (0.46 s)
2022-07-23 01:34:34,215 - INFO - meshmode.array_context - Transforming kernel with 1 statements.
2022-07-23 01:34:34,221 - INFO - meshmode.array_context - Array Contraction: Contracting 0 temps
2022-07-23 01:34:34,611 - INFO - pyopencl - build program: kernel 'frozen_result' was part of a lengthy source build resulting from a binary cache miss (0.36 s)
2022-07-23 01:34:35,080 - INFO - pyopencl - build program: kernel 'reduce_kernel_stage1' was part of a lengthy source build resulting from a binary cache miss (0.46 s)
2022-07-23 01:34:35,547 - INFO - pyopencl - build program: kernel 'reduce_kernel_stage2' was part of a lengthy source build resulting from a binary cache miss (0.46 s)
2022-07-23 01:34:35,559 - INFO - meshmode.array_context - Transforming kernel with 1 statements.
2022-07-23 01:34:35,566 - INFO - meshmode.array_context - Array Contraction: Contracting 0 temps
2022-07-23 01:34:35,967 - INFO - pyopencl - build program: kernel 'frozen_result' was part of a lengthy source build resulting from a binary cache miss (0.37 s)
./isolator.py:1202: DeprecationWarning: Calling freeze(ary, actx) is deprecated, call actx.freeze(ary) instead. This will stop working in 2023.
  temp = thaw(freeze(temp, actx), actx)
2022-07-23 01:34:35,996 - INFO - meshmode.array_context - Transforming kernel with 1 statements.
2022-07-23 01:34:36,026 - INFO - meshmode.array_context - Array Contraction: Contracting 0 temps
2022-07-23 01:34:36,536 - INFO - pyopencl - build program: kernel 'frozen_result' was part of a lengthy source build resulting from a binary cache miss (0.38 s)
./isolator.py:1202: DeprecationWarning: Calling thaw(ary, actx) is deprecated, call actx.thaw(ary) instead. This will stop working in 2023.
  temp = thaw(freeze(temp, actx), actx)
./isolator.py:1203: DeprecationWarning: Calling freeze(ary, actx) is deprecated, call actx.freeze(ary) instead. This will stop working in 2023.
  pres = thaw(freeze(pres, actx), actx)
2022-07-23 01:34:36,562 - INFO - meshmode.array_context - Transforming kernel with 1 statements.
2022-07-23 01:34:36,590 - INFO - meshmode.array_context - Array Contraction: Contracting 0 temps
2022-07-23 01:34:37,098 - INFO - pyopencl - build program: kernel 'frozen_result' was part of a lengthy source build resulting from a binary cache miss (0.38 s)
./isolator.py:1203: DeprecationWarning: Calling thaw(ary, actx) is deprecated, call actx.thaw(ary) instead. This will stop working in 2023.
  pres = thaw(freeze(pres, actx), actx)
-------- dt = 1.000e-08, cfl = 0.0253
-------- P (min, max) (Pa) = (2.865706984e+03, 2.742120082e+05)
-------- T (min, max) (K)  = (    300, 2075.81)

/p/gpfs1/mtcampbe/CEESD/AutomatedTesting/MIRGE-Timing/timing/emirge/mirgecom/mirgecom/simutil.py:199: UserWarning: Using `write_visfile` in parallel without an MPI communicator is deprecated and will stop working in Fall 2022. For parallel writes, specify an MPI communicator with the `mpi_communicator` argument.
  warn("Using `write_visfile` in parallel without an MPI communicator is "
2022-07-23 01:34:37,134 - INFO - meshmode.array_context - Transforming kernel with 1 statements.
2022-07-23 01:34:37,143 - INFO - meshmode.array_context - Array Contraction: Contracting 0 temps
2022-07-23 01:34:37,605 - INFO - pyopencl - build program: kernel 'frozen_result' was part of a lengthy source build resulting from a binary cache miss (0.37 s)
2022-07-23 01:34:37,616 - INFO - meshmode.array_context - Transforming kernel with 1 statements.
2022-07-23 01:34:37,789 - INFO - meshmode.array_context - Transforming kernel with 1 statements.
2022-07-23 01:34:37,798 - INFO - meshmode.array_context - Array Contraction: Contracting 0 temps
2022-07-23 01:34:37,943 - INFO - meshmode.array_context - Transforming kernel with 1 statements.
2022-07-23 01:34:38,056 - INFO - meshmode.array_context - Transforming kernel with 1 statements.
2022-07-23 01:34:38,069 - INFO - meshmode.array_context - Array Contraction: Contracting 0 temps
2022-07-23 01:34:38,613 - INFO - pyopencl - build program: kernel 'frozen_result' was part of a lengthy source build resulting from a binary cache miss (0.38 s)
2022-07-23 01:34:38,639 - INFO - meshmode.array_context - Transforming kernel with 1 statements.
2022-07-23 01:34:38,651 - INFO - meshmode.array_context - Array Contraction: Contracting 0 temps
2022-07-23 01:34:39,184 - INFO - pyopencl - build program: kernel 'frozen_result' was part of a lengthy source build resulting from a binary cache miss (0.38 s)
2022-07-23 01:34:39,212 - INFO - meshmode.array_context - Transforming kernel with 1 statements.
2022-07-23 01:34:39,225 - INFO - meshmode.array_context - Array Contraction: Contracting 0 temps
2022-07-23 01:34:39,780 - INFO - pyopencl - build program: kernel 'frozen_result' was part of a lengthy source build resulting from a binary cache miss (0.39 s)
2022-07-23 01:34:39,827 - INFO - meshmode.array_context - Transforming kernel with 3 statements.
2022-07-23 01:34:39,872 - INFO - meshmode.array_context - Array Contraction: Contracting 0 temps
2022-07-23 01:34:40,740 - INFO - pyopencl - build program: kernel 'frozen_result' was part of a lengthy source build resulting from a binary cache miss (0.53 s)
2022-07-23 01:34:40,757 - INFO - meshmode.array_context - Transforming kernel with 1 statements.
2022-07-23 01:34:40,767 - INFO - meshmode.array_context - Array Contraction: Contracting 0 temps
2022-07-23 01:34:41,248 - INFO - pyopencl - build program: kernel 'frozen_result' was part of a lengthy source build resulting from a binary cache miss (0.38 s)
2022-07-23 01:34:41,273 - INFO - meshmode.array_context - Transforming kernel with 1 statements.
2022-07-23 01:34:41,284 - INFO - meshmode.array_context - Array Contraction: Contracting 0 temps
2022-07-23 01:34:41,773 - INFO - pyopencl - build program: kernel 'frozen_result' was part of a lengthy source build resulting from a binary cache miss (0.38 s)
2022-07-23 01:34:41,806 - INFO - meshmode.array_context - Transforming kernel with 3 statements.
2022-07-23 01:34:41,850 - INFO - meshmode.array_context - Array Contraction: Contracting 0 temps
2022-07-23 01:34:42,633 - INFO - pyopencl - build program: kernel 'frozen_result' was part of a lengthy source build resulting from a binary cache miss (0.51 s)
2022-07-23 01:34:42,700 - INFO - meshmode.array_context - Transforming kernel with 6 statements.
2022-07-23 01:34:42,862 - INFO - meshmode.array_context - Array Contraction: Contracting 0 temps
2022-07-23 01:34:43,529 - INFO - loopy.codegen - frozen_result: generate code: completed (0.35s wall 1.00x CPU)
2022-07-23 01:34:44,581 - INFO - pyopencl - build program: kernel 'frozen_result' was part of a lengthy source build resulting from a binary cache miss (1.04 s)
2022-07-23 01:34:44,656 - INFO - meshmode.array_context - Transforming kernel with 4 statements.
2022-07-23 01:34:44,733 - INFO - meshmode.array_context - Array Contraction: Contracting 2 temps
2022-07-23 01:34:45,686 - INFO - pyopencl - build program: kernel 'frozen_result' was part of a lengthy source build resulting from a binary cache miss (0.54 s)
2022-07-23 01:34:45,712 - INFO - meshmode.discretization.connection.face - building face restriction: start
2022-07-23 01:34:45,717 - INFO - meshmode.discretization.connection.face - building face restriction: done
2022-07-23 01:34:45,727 - INFO - meshmode.discretization.connection.face - building face restriction: start
2022-07-23 01:34:45,732 - INFO - meshmode.discretization.connection.face - building face restriction: done
2022-07-23 01:34:45,743 - INFO - meshmode.discretization.connection.face - building face restriction: start
2022-07-23 01:34:45,754 - INFO - meshmode.discretization.connection.face - building face restriction: done
2022-07-23 01:34:45,764 - INFO - meshmode.discretization.connection.face - building face restriction: start
2022-07-23 01:34:45,848 - INFO - meshmode.discretization.connection.face - building face restriction: done
2022-07-23 01:34:45,862 - INFO - meshmode.array_context - Transforming kernel with 0 statements.
2022-07-23 01:34:45,952 - INFO - meshmode.array_context - Transforming kernel with 0 statements.
./isolator.py:1043: DeprecationWarning: Calling thaw(ary, actx) is deprecated, call actx.thaw(ary) instead. This will stop working in 2023.
  nodes = thaw(bnd_discr.nodes(), actx)
2022-07-23 01:34:46,107 - INFO - meshmode.array_context - Transforming kernel with 7 statements.
2022-07-23 01:34:46,311 - INFO - meshmode.array_context - Array Contraction: Contracting 2 temps
2022-07-23 01:34:47,523 - INFO - pyopencl - build program: kernel 'frozen_area_el_b_inflow' was part of a lengthy source build resulting from a binary cache miss (0.63 s)
2022-07-23 01:34:47,586 - INFO - meshmode.array_context - Transforming kernel with 3 statements.
2022-07-23 01:34:47,698 - INFO - meshmode.array_context - Array Contraction: Contracting 0 temps
2022-07-23 01:34:48,740 - INFO - pyopencl - build program: kernel 'frozen_normal_2_b_inflow' was part of a lengthy source build resulting from a binary cache miss (0.62 s)
2022-07-23 01:34:48,800 - INFO - meshmode.array_context - Transforming kernel with 3 statements.
2022-07-23 01:34:48,913 - INFO - meshmode.array_context - Array Contraction: Contracting 0 temps
2022-07-23 01:34:49,956 - INFO - pyopencl - build program: kernel 'frozen_normal_1_b_inflow' was part of a lengthy source build resulting from a binary cache miss (0.62 s)
2022-07-23 01:34:49,976 - INFO - meshmode.array_context - Transforming kernel with 0 statements.
2022-07-23 01:34:49,980 - INFO - meshmode.array_context - Array Contraction: Contracting 0 temps
2022-07-23 01:34:50,363 - INFO - pyopencl - build program: kernel 'frozen_f2allf_ind' was part of a lengthy source build resulting from a binary cache miss (0.36 s)
2022-07-23 01:34:50,373 - INFO - meshmode.array_context - Transforming kernel with 0 statements.
2022-07-23 01:34:50,511 - INFO - meshmode.array_context - Transforming kernel with 1 statements.
2022-07-23 01:34:50,525 - INFO - meshmode.array_context - Array Contraction: Contracting 0 temps
2022-07-23 01:34:50,950 - INFO - pyopencl - build program: kernel 'frozen_f2allf_ind' was part of a lengthy source build resulting from a binary cache miss (0.36 s)
2022-07-23 01:34:50,969 - INFO - meshmode.array_context - Transforming kernel with 0 statements.
2022-07-23 01:34:51,187 - INFO - meshmode.array_context - Transforming kernel with 7 statements.
2022-07-23 01:34:51,394 - INFO - meshmode.array_context - Array Contraction: Contracting 2 temps
2022-07-23 01:34:52,608 - INFO - pyopencl - build program: kernel 'frozen_area_el_b_outflow' was part of a lengthy source build resulting from a binary cache miss (0.62 s)
2022-07-23 01:34:52,672 - INFO - meshmode.array_context - Transforming kernel with 3 statements.
2022-07-23 01:34:52,786 - INFO - meshmode.array_context - Array Contraction: Contracting 0 temps
2022-07-23 01:34:53,833 - INFO - pyopencl - build program: kernel 'frozen_normal_2_b_outflow' was part of a lengthy source build resulting from a binary cache miss (0.62 s)
2022-07-23 01:34:53,893 - INFO - meshmode.array_context - Transforming kernel with 3 statements.
2022-07-23 01:34:54,006 - INFO - meshmode.array_context - Array Contraction: Contracting 0 temps
2022-07-23 01:34:55,051 - INFO - pyopencl - build program: kernel 'frozen_normal_1_b_outflow' was part of a lengthy source build resulting from a binary cache miss (0.62 s)
2022-07-23 01:34:55,069 - INFO - meshmode.array_context - Transforming kernel with 1 statements.
2022-07-23 01:34:55,083 - INFO - meshmode.array_context - Array Contraction: Contracting 0 temps
2022-07-23 01:34:55,504 - INFO - pyopencl - build program: kernel 'frozen_f2allf_ind' was part of a lengthy source build resulting from a binary cache miss (0.36 s)
2022-07-23 01:34:55,516 - INFO - meshmode.array_context - Transforming kernel with 1 statements.
2022-07-23 01:34:55,530 - INFO - meshmode.array_context - Array Contraction: Contracting 0 temps
2022-07-23 01:34:55,956 - INFO - pyopencl - build program: kernel 'frozen_f2allf_ind' was part of a lengthy source build resulting from a binary cache miss (0.37 s)
2022-07-23 01:34:55,980 - INFO - meshmode.array_context - Transforming kernel with 0 statements.
2022-07-23 01:34:56,128 - INFO - meshmode.array_context - Transforming kernel with 7 statements.
2022-07-23 01:34:56,333 - INFO - meshmode.array_context - Array Contraction: Contracting 2 temps
2022-07-23 01:34:57,571 - INFO - pyopencl - build program: kernel 'frozen_area_el_b_wall' was part of a lengthy source build resulting from a binary cache miss (0.63 s)
2022-07-23 01:34:57,633 - INFO - meshmode.array_context - Transforming kernel with 3 statements.
2022-07-23 01:34:57,745 - INFO - meshmode.array_context - Array Contraction: Contracting 0 temps
2022-07-23 01:34:58,815 - INFO - pyopencl - build program: kernel 'frozen_normal_2_b_wall' was part of a lengthy source build resulting from a binary cache miss (0.63 s)
2022-07-23 01:34:58,873 - INFO - meshmode.array_context - Transforming kernel with 3 statements.
2022-07-23 01:34:58,986 - INFO - meshmode.array_context - Array Contraction: Contracting 0 temps
2022-07-23 01:35:00,053 - INFO - pyopencl - build program: kernel 'frozen_normal_1_b_wall' was part of a lengthy source build resulting from a binary cache miss (0.62 s)
2022-07-23 01:35:00,072 - INFO - meshmode.array_context - Transforming kernel with 1 statements.
2022-07-23 01:35:00,086 - INFO - meshmode.array_context - Array Contraction: Contracting 0 temps
2022-07-23 01:35:00,509 - INFO - pyopencl - build program: kernel 'frozen_f2allf_ind' was part of a lengthy source build resulting from a binary cache miss (0.36 s)
2022-07-23 01:35:00,520 - INFO - meshmode.array_context - Transforming kernel with 1 statements.
2022-07-23 01:35:00,534 - INFO - meshmode.array_context - Array Contraction: Contracting 0 temps
2022-07-23 01:35:00,965 - INFO - pyopencl - build program: kernel 'frozen_f2allf_ind' was part of a lengthy source build resulting from a binary cache miss (0.37 s)
2022-07-23 01:35:01,081 - INFO - meshmode.array_context - Transforming kernel with 7 statements.
2022-07-23 01:35:01,285 - INFO - meshmode.array_context - Array Contraction: Contracting 2 temps
2022-07-23 01:35:02,521 - INFO - pyopencl - build program: kernel 'frozen_area_el_f_int' was part of a lengthy source build resulting from a binary cache miss (0.63 s)
2022-07-23 01:35:02,584 - INFO - meshmode.array_context - Transforming kernel with 3 statements.
2022-07-23 01:35:02,696 - INFO - meshmode.array_context - Array Contraction: Contracting 0 temps
2022-07-23 01:35:03,765 - INFO - pyopencl - build program: kernel 'frozen_normal_2_f_int' was part of a lengthy source build resulting from a binary cache miss (0.63 s)
2022-07-23 01:35:03,823 - INFO - meshmode.array_context - Transforming kernel with 3 statements.
2022-07-23 01:35:03,937 - INFO - meshmode.array_context - Array Contraction: Contracting 0 temps
2022-07-23 01:35:05,004 - INFO - pyopencl - build program: kernel 'frozen_normal_1_f_int' was part of a lengthy source build resulting from a binary cache miss (0.62 s)
2022-07-23 01:35:05,022 - INFO - meshmode.array_context - Transforming kernel with 1 statements.
2022-07-23 01:35:05,036 - INFO - meshmode.array_context - Array Contraction: Contracting 0 temps
2022-07-23 01:35:05,465 - INFO - pyopencl - build program: kernel 'frozen_f2allf_ind' was part of a lengthy source build resulting from a binary cache miss (0.37 s)
2022-07-23 01:35:05,478 - INFO - meshmode.array_context - Transforming kernel with 1 statements.
2022-07-23 01:35:05,492 - INFO - meshmode.array_context - Array Contraction: Contracting 0 temps
2022-07-23 01:35:05,921 - INFO - pyopencl - build program: kernel 'frozen_f2allf_ind' was part of a lengthy source build resulting from a binary cache miss (0.37 s)
2022-07-23 01:35:05,933 - INFO - meshmode.array_context - Transforming kernel with 1 statements.
2022-07-23 01:35:05,947 - INFO - meshmode.array_context - Array Contraction: Contracting 0 temps
2022-07-23 01:35:06,378 - INFO - pyopencl - build program: kernel 'frozen_f2allf_ind' was part of a lengthy source build resulting from a binary cache miss (0.37 s)
2022-07-23 01:35:07,293 - INFO - meshmode.array_context - Transforming kernel with 45 statements.
2022-07-23 01:35:08,535 - INFO - loopy.tools - fuse_same_discretization_entity_loops on 'frozen_inv_metric_deriv_vol': completed (1.16s wall 1.00x CPU)
2022-07-23 01:35:08,589 - INFO - meshmode.array_context - Loop Fusion: completed (1.29s wall 1.00x CPU)
2022-07-23 01:35:08,762 - INFO - meshmode.array_context - Array Contraction: Contracting 0 temps
2022-07-23 01:35:09,531 - INFO - loopy.tools - preprocess_program on 'frozen_inv_metric_deriv_vol': completed (0.56s wall 1.00x CPU)
2022-07-23 01:35:10,338 - INFO - loopy.check - frozen_inv_metric_deriv_vol: check array access within bounds: completed (0.66s wall 1.00x CPU)
2022-07-23 01:35:11,439 - INFO - loopy.codegen - frozen_inv_metric_deriv_vol: generate code: completed (0.73s wall 1.00x CPU)
2022-07-23 01:35:12,454 - INFO - pyopencl - build program: kernel 'frozen_inv_metric_deriv_vol' was part of a lengthy source build resulting from a binary cache miss (0.97 s)
/p/gpfs1/mtcampbe/CEESD/AutomatedTesting/MIRGE-Timing/timing/emirge/mirgecom/mirgecom/artificial_viscosity.py:221: UserWarning: The AV boundary_kwargs interface is deprecated, please pass gas_model and time directly.
  warn("The AV boundary_kwargs interface is deprecated, please pass gas_model"
2022-07-23 01:35:13,603 - INFO - grudge.array_context - deduplicate_data_wrappers[pre-partition]: completed (0.54s wall 1.00x CPU)
2022-07-23 01:35:15,265 - INFO - grudge.array_context - transform_dag.infer_axes_tags[pre-partition]: completed (1.52s wall 1.00x CPU)
2022-07-23 01:35:16,312 - INFO - pytato.partition - find_partition: Split 3553 nodes into 1 parts, with [3553] nodes in each partition.
2022-07-23 01:35:16,973 - INFO - meshmode.array_context - transform_dag.mpms_materialization: completed (0.30s wall 1.00x CPU)
2022-07-23 01:35:18,195 - INFO - meshmode.array_context - transform_dag.materialize_all_einsums_or_reduces: completed (0.41s wall 1.00x CPU)
2022-07-23 01:35:19,828 - INFO - meshmode.array_context - transform_dag.infer_axes_tags: completed (1.63s wall 1.00x CPU)
2022-07-23 01:35:19,993 - INFO - meshmode.array_context - Transforming kernel with 1 statements.
2022-07-23 01:35:20,008 - INFO - meshmode.array_context - Array Contraction: Contracting 0 temps
2022-07-23 01:35:20,453 - INFO - pyopencl - build program: kernel 'frozen_result' was part of a lengthy source build resulting from a binary cache miss (0.37 s)
2022-07-23 01:35:20,469 - INFO - meshmode.array_context - Transforming kernel with 1 statements.
2022-07-23 01:35:20,495 - INFO - meshmode.array_context - Array Contraction: Contracting 0 temps
2022-07-23 01:35:21,069 - INFO - pyopencl - build program: kernel 'frozen_result' was part of a lengthy source build resulting from a binary cache miss (0.38 s)
2022-07-23 01:35:21,085 - INFO - meshmode.array_context - Transforming kernel with 1 statements.
2022-07-23 01:35:21,125 - INFO - meshmode.array_context - Array Contraction: Contracting 0 temps
2022-07-23 01:35:21,768 - INFO - pyopencl - build program: kernel 'frozen_result' was part of a lengthy source build resulting from a binary cache miss (0.39 s)
2022-07-23 01:35:21,782 - INFO - meshmode.array_context - Transforming kernel with 1 statements.
2022-07-23 01:35:21,809 - INFO - meshmode.array_context - Array Contraction: Contracting 0 temps
2022-07-23 01:35:22,383 - INFO - pyopencl - build program: kernel 'frozen_result' was part of a lengthy source build resulting from a binary cache miss (0.38 s)
2022-07-23 01:35:22,413 - INFO - meshmode.array_context - Transforming kernel with 1 statements.
2022-07-23 01:35:22,439 - INFO - meshmode.array_context - Array Contraction: Contracting 0 temps
2022-07-23 01:35:23,014 - INFO - pyopencl - build program: kernel 'frozen_result' was part of a lengthy source build resulting from a binary cache miss (0.38 s)
2022-07-23 01:35:23,541 - INFO - arraycontext.impl.pytato.compile - transform_dag for 'my_rhs': completed (7.00s wall 1.00x CPU)
2022-07-23 01:35:28,804 - INFO - arraycontext.impl.pytato.compile - generate_loopy for 'my_rhs': completed (5.26s wall 1.00x CPU)
2022-07-23 01:35:28,804 - INFO - meshmode.array_context - Transforming kernel with 383 statements.
2022-07-23 01:35:47,214 - INFO - loopy.tools - fuse_same_discretization_entity_loops on 'my_rhs': completed (17.73s wall 1.00x CPU)
2022-07-23 01:35:47,859 - INFO - meshmode.array_context - Loop Fusion: completed (19.03s wall 1.00x CPU)
2022-07-23 01:35:50,545 - INFO - meshmode.array_context - Array Contraction: Contracting 82 temps
2022-07-23 01:35:55,147 - INFO - loopy.tools - contract_arrays on 'my_rhs': completed (4.61s wall 1.00x CPU)
2022-07-23 01:35:55,550 - INFO - meshmode.array_context - Array Contraction: completed (5.49s wall 1.00x CPU)
2022-07-23 01:36:02,978 - INFO - loopy.tools - preprocess_program on 'my_rhs': completed (4.74s wall 1.00x CPU)
2022-07-23 01:36:11,641 - INFO - loopy.check - my_rhs: check array access within bounds: completed (7.81s wall 1.00x CPU)
2022-07-23 01:36:19,782 - INFO - loopy.schedule - my_rhs: schedule: completed (8.08s wall 1.00x CPU)
2022-07-23 01:36:20,092 - INFO - arraycontext.impl.pytato.compile - transform_loopy_program for 'my_rhs': completed (51.29s wall 1.00x CPU)
2022-07-23 01:36:28,685 - INFO - loopy.codegen - my_rhs: generate code: completed (7.59s wall 1.00x CPU)
2022-07-23 01:36:38,710 - INFO - pyopencl - build program: kernel 'my_rhs' was part of a lengthy source build resulting from a binary cache miss (9.12 s)
2022-07-23 01:36:38,896 - INFO - meshmode.array_context - Transforming kernel with 1 statements.
2022-07-23 01:36:38,922 - INFO - meshmode.array_context - Array Contraction: Contracting 0 temps
2022-07-23 01:36:39,416 - INFO - pyopencl - build program: kernel 'frozen_result' was part of a lengthy source build resulting from a binary cache miss (0.38 s)
2022-07-23 01:36:39,433 - INFO - meshmode.array_context - Transforming kernel with 1 statements.
2022-07-23 01:36:39,643 - INFO - meshmode.array_context - Transforming kernel with 1 statements.
2022-07-23 01:36:39,669 - INFO - meshmode.array_context - Array Contraction: Contracting 0 temps
2022-07-23 01:36:40,162 - INFO - pyopencl - build program: kernel 'frozen_result' was part of a lengthy source build resulting from a binary cache miss (0.38 s)
2022-07-23 01:36:40,179 - INFO - meshmode.array_context - Transforming kernel with 1 statements.
/p/gpfs1/mtcampbe/CEESD/AutomatedTesting/MIRGE-Timing/timing/emirge/mirgecom/mirgecom/steppers.py:385: UserWarning: Deduced force_eval=True for this timestepper. This can have a nontrivial performance impact. If you know that your timestepper does not require per-step forced evaluation, explicitly set force_eval=False.
  _advance_state_stepper_func(
2022-07-23 01:36:40,453 - INFO - meshmode.array_context - Transforming kernel with 4 statements.
2022-07-23 01:36:40,525 - INFO - meshmode.array_context - Array Contraction: Contracting 0 temps
2022-07-23 01:36:41,180 - INFO - pyopencl - build program: kernel 'frozen_result' was part of a lengthy source build resulting from a binary cache miss (0.39 s)
step = 0, sim time: 0.000000e+00 s, step walltime: 137.782 s
2022-07-23 01:36:41,338 - INFO - meshmode.array_context - Transforming kernel with 4 statements.
2022-07-23 01:36:41,723 - INFO - meshmode.array_context - Transforming kernel with 4 statements.
step = 1, sim time: 1.000000e-08 s, step walltime: 0.776615 s
step = 2, sim time: 2.000000e-08 s, step walltime: 0.0404766 s
step = 3, sim time: 3.000000e-08 s, step walltime: 0.0401413 s
step = 4, sim time: 4.000000e-08 s, step walltime: 0.0394185 s
step = 5, sim time: 5.000000e-08 s, step walltime: 0.0393195 s
step = 6, sim time: 6.000000e-08 s, step walltime: 0.0393565 s
step = 7, sim time: 7.000000e-08 s, step walltime: 0.0393391 s
step = 8, sim time: 8.000000e-08 s, step walltime: 0.0399663 s
step = 9, sim time: 9.000000e-08 s, step walltime: 0.0392907 s
step = 10, sim time: 1.000000e-07 s, step walltime: 0.0399084 s
step = 11, sim time: 1.100000e-07 s, step walltime: 0.0393209 s
step = 12, sim time: 1.200000e-07 s, step walltime: 0.0399237 s
step = 13, sim time: 1.300000e-07 s, step walltime: 0.0393393 s
step = 14, sim time: 1.400000e-07 s, step walltime: 0.0397248 s
step = 15, sim time: 1.500000e-07 s, step walltime: 0.0393922 s
step = 16, sim time: 1.600000e-07 s, step walltime: 0.0393546 s
step = 17, sim time: 1.700000e-07 s, step walltime: 0.0393097 s
step = 18, sim time: 1.800000e-07 s, step walltime: 0.0392864 s
2022-07-23 01:36:42,809 - INFO - meshmode.array_context - Transforming kernel with 1 statements.
2022-07-23 01:36:42,835 - INFO - meshmode.array_context - Array Contraction: Contracting 0 temps
2022-07-23 01:36:43,327 - INFO - pyopencl - build program: kernel 'frozen_result' was part of a lengthy source build resulting from a binary cache miss (0.38 s)
2022-07-23 01:36:43,354 - INFO - meshmode.array_context - Transforming kernel with 1 statements.
2022-07-23 01:36:43,380 - INFO - meshmode.array_context - Array Contraction: Contracting 0 temps
2022-07-23 01:36:43,870 - INFO - pyopencl - build program: kernel 'frozen_result' was part of a lengthy source build resulting from a binary cache miss (0.37 s)
2022-07-23 01:36:43,961 - INFO - meshmode.array_context - Transforming kernel with 4 statements.
2022-07-23 01:36:44,033 - INFO - meshmode.array_context - Array Contraction: Contracting 0 temps
2022-07-23 01:36:44,684 - INFO - pyopencl - build program: kernel 'frozen_result' was part of a lengthy source build resulting from a binary cache miss (0.39 s)
step = 19, sim time: 1.900000e-07 s, step walltime: 1.91329 s
Checkpointing final state ...
2022-07-23 01:36:44,734 - INFO - meshmode.array_context - Transforming kernel with 1 statements.
2022-07-23 01:36:44,965 - INFO - meshmode.array_context - Transforming kernel with 1 statements.
-------- dt = 0.000e+00, cfl = 0.0228
-------- P (min, max) (Pa) = (1.308488379e+03, 2.864123776e+05)
-------- T (min, max) (K)  = (275.025, 2214.64)

2022-07-23 01:36:45,209 - INFO - meshmode.array_context - Transforming kernel with 1 statements.
2022-07-23 01:36:45,430 - INFO - meshmode.array_context - Transforming kernel with 1 statements.
2022-07-23 01:36:45,652 - INFO - meshmode.array_context - Transforming kernel with 1 statements.
2022-07-23 01:36:45,901 - INFO - meshmode.array_context - Transforming kernel with 3 statements.
2022-07-23 01:36:46,331 - INFO - meshmode.array_context - Transforming kernel with 1 statements.
2022-07-23 01:36:46,546 - INFO - meshmode.array_context - Transforming kernel with 3 statements.
2022-07-23 01:36:47,003 - INFO - meshmode.array_context - Transforming kernel with 6 statements.
2022-07-23 01:36:48,152 - INFO - meshmode.array_context - Transforming kernel with 4 statements.

------------------------------------------------------------
Sender: LSF System <lsfadmin@lassen710>
Subject: Job 3746781: <isolator_timing_job.sh> in cluster <lassen> Done

Job <isolator_timing_job.sh> was submitted from host <lassen708> by user <mtcampbe> in cluster <lassen> at Sat Jul 23 01:32:41 2022
Job was executed on host(s) <1*lassen710>, in queue <pbatch>, as user <mtcampbe> in cluster <lassen> at Sat Jul 23 01:33:35 2022
                            <40*lassen133>
</g/g17/mtcampbe> was used as the home directory.
</p/gpfs1/mtcampbe/CEESD/AutomatedTesting/MIRGE-Timing/timing/emirge/mirgecom/y2-isolator/timing_run> was used as the working directory.
Started at Sat Jul 23 01:33:35 2022
Terminated at Sat Jul 23 01:37:24 2022
Results reported at Sat Jul 23 01:37:24 2022

Your job looked like:

------------------------------------------------------------
# LSBATCH: User input
#!/bin/bash

#BSUB -nnodes 1
#BSUB -G uiuc
#BSUB -W 60
#BSUB -q pbatch

printf "Running with EMIRGE_HOME=/p/gpfs1/mtcampbe/CEESD/AutomatedTesting/MIRGE-Timing/timing/emirge\n"

source "/p/gpfs1/mtcampbe/CEESD/AutomatedTesting/MIRGE-Timing/timing/emirge/config/activate_env.sh"
export PYOPENCL_CTX="port:tesla"
export XDG_CACHE_HOME="/tmp/mtcampbe/xdg-scratch"
rm -rf $XDG_CACHE_HOME
rm -f timing-run-done
which python
conda env list
env
env | grep LSB_MCPU_HOSTS

jsrun -g 1 -a 1 -n 1 python -O -u -m mpi4py ./isolator.py -i timing_params.yaml --lazy --log
touch timing-run-done


------------------------------------------------------------

Successfully completed.

Resource usage summary:

    CPU time :                                   0.24 sec.
    Max Memory :                                 59 MB
    Average Memory :                             57.33 MB
    Total Requested Memory :                     -
    Delta Memory :                               -
    Max Swap :                                   1634 MB
    Max Processes :                              4
    Max Threads :                                27
    Run time :                                   229 sec.
    Turnaround time :                            283 sec.

The output (if any) is above this job summary.

