Customizing shell for Lassen.
Running with EMIRGE_HOME=/p/gpfs1/mtcampbe/CEESD/AutomatedTesting/MIRGE-Timing/timing/emirge
Activating 'nozzle.lazy.timing.env' environment for '/p/gpfs1/mtcampbe/CEESD/AutomatedTesting/MIRGE-Timing/timing/emirge/miniforge3/bin/conda'.
/p/gpfs1/mtcampbe/CEESD/AutomatedTesting/MIRGE-Timing/timing/emirge/miniforge3/envs/nozzle.lazy.timing.env/bin/python
# conda environments:
#
test.parsl               /g/g17/mtcampbe/.conda/envs/test.parsl
                         /p/gpfs1/mtcampbe/CEESD/AutomatedTesting/MIRGE-Timing/testing/temporary-test/alpha/miniforge3/envs/temp.test.alpha
base                     /p/gpfs1/mtcampbe/CEESD/AutomatedTesting/MIRGE-Timing/timing/emirge/miniforge3
nozzle.lazy.timing.env  *  /p/gpfs1/mtcampbe/CEESD/AutomatedTesting/MIRGE-Timing/timing/emirge/miniforge3/envs/nozzle.lazy.timing.env
                         /p/gpfs1/mtcampbe/CEESD/AutomatedTesting/MIRGE-Timing/timing/y3-prediction-nowall-scaling-run/emirge/miniforge3/envs/big.scale
                         /p/gpfs1/mtcampbe/CEESD/Experimental/cache-db/miniforge3/envs/x.cache.db
                         /p/gpfs1/mtcampbe/CEESD/Experimental/m-to-n-prediction/emirge/miniforge3/envs/y3.m2n
                         /p/gpfs1/mtcampbe/CEESD/Experimental/performance-model/miniforge3/envs/x.perf.model
                         /p/gpfs1/mtcampbe/CEESD/Experimental/scalability/emirge/miniforge3/envs/big.scale2
                         /p/gpfs1/mtcampbe/CEESD/Experimental/tpe-test/miniforge3/envs/x.tpe.exmp
                         /p/gpfs1/mtcampbe/CEESD/Experimental/zirui/emirge/miniforge3/envs/ex.zirui
                         /usr/WS1/xpacc/Users/mtcampbe/CEESD/Lassen/test_emirge/emirge/miniforge3/envs/test.emirge.fk
                         /usr/workspace/wsa/xpacc/Users/mtcampbe/CEESD/Quartz/Install/conda
                         /usr/workspace/wsa/xpacc/Users/mtcampbe/CEESD/Quartz/Install/conda/envs/abate.mtc_euler.env
                         /usr/workspace/wsa/xpacc/Users/mtcampbe/CEESD/Quartz/Install/conda/envs/ceesd.master
                         /usr/workspace/wsa/xpacc/Users/mtcampbe/CEESD/Quartz/Install/conda/envs/chem.master
                         /usr/workspace/wsa/xpacc/Users/mtcampbe/CEESD/Quartz/Install/conda/envs/dgfem
                         /usr/workspace/wsa/xpacc/Users/mtcampbe/CEESD/Quartz/Install/conda/envs/mc.master

LMOD_FAMILY_COMPILER_VERSION=8.3.1
LLNL_IPISOLATE=0
MANPATH=/usr/tce/packages/spectrum-mpi/ibm/spectrum-mpi-rolling-release/share/man:/usr/tce/packages/gcc/gcc-8.3.1/man:/opt/ibm/spectrumcomputing/lsf/10.1.0.10/man:/usr/man:/usr/share/man:/usr/local/man:/usr/X11R6/man:/usr/lib64/mvapich/default/man:/opt/ibm/spectrum_mpi/jsm_pmix/share/man
LSB_EXEC_CLUSTER=lassen
OMPI_COMM_WORLD_RANK=0
LMOD_FAMILY_CUDA=cuda
LMOD_ANCIENT_TIME=3600
GUESTFISH_INIT=\e[1;34m
_ModuleTable003_=IHt9LApzdGFja0RlcHRoID0gMSwKc3RhdHVzID0gImFjdGl2ZSIsCnVzZXJOYW1lID0gImN1ZGEvMTEuMi4wIiwKd1YgPSAiXjAwMDAwMDExLjAwMDAwMDAwMi4qemZpbmFsIiwKfSwKZ2NjID0gewpmbiA9ICIvdXNyL3RjZXRtcC9tb2R1bGVmaWxlcy9Db3JlL2djYy84LjMuMS5sdWEiLApmdWxsTmFtZSA9ICJnY2MvOC4zLjEiLApsb2FkT3JkZXIgPSA1LApwcm9wVCA9IHt9LApzdGFja0RlcHRoID0gMCwKc3RhdHVzID0gImFjdGl2ZSIsCnVzZXJOYW1lID0gImdjYy84LjMuMSIsCndWID0gIjAwMDAwMDAwOC4wMDAwMDAwMDMuMDAwMDAwMDAxLip6ZmluYWwiLAp9LApsYWxsb2MgPSB7CmZuID0gIi91c3IvdGNldG1wL21vZHVsZWZpbGVzL0NvcmUvbGFsbG9jLzIuMC5sdWEi
HOSTNAME=lassen483
PROJ_DATA=/p/gpfs1/mtcampbe/CEESD/AutomatedTesting/MIRGE-Timing/timing/emirge/miniforge3/envs/nozzle.lazy.timing.env/share/proj
LSB_EFFECTIVE_RSRCREQ=1*{select[(LN) && (type == any)] order[r15s:pg] span[hosts=1]}+40*{select[(CN) && (type == any)] order[r15s:pg] span[ptile=40]}
LSB_DOCKER_JOB_STARTTS=1717396451
BBHASH=7a325639235579941a2a2735721c9c23
JSM_TMPDIR=/var/tmp
MIRGE_TIMING_HOME=/p/gpfs1/mtcampbe/CEESD/AutomatedTesting/MIRGE-Timing/timing
LSF_LOGDIR=/opt/ibm/spectrumcomputing/lsf/log
LSF_LIM_API_NTRIES=1
LSB_BATCH_JID=5929890
__LMOD_REF_COUNT_MODULEPATH=/usr/tce/modulefiles/MPI/gcc/8.3.1/spectrum-mpi/rolling-release:1;/usr/tce/modulefiles/Compiler/gcc/8.3.1:1;/usr/tcetmp/modulefiles/Core:1;/usr/apps/modulefiles:1;/usr/share/modulefiles/Linux:1;/usr/share/modulefiles/Core:1;/usr/share/lmod/lmod/modulefiles/Core:1;/collab/usr/global/tools/modulefiles/blueos_3_ppc64le_ib_p9/Core:1
MAILTO=mtcampbe@illinois.edu,andreask@illinois.edu
SHELL=/bin/bash
LMOD_ROOT=/usr/share/lmod
LMOD_FAMILY_BASEGCC_VERSION=8.3.1
HISTSIZE=1000
WISECONFIGDIR=/usr/share/wise2/
LMOD_SYSTEM_DEFAULT_MODULES=StdEnv
TMPDIR=/var/tmp
MODULEPATH_ROOT=/usr/share/modulefiles
SSH_CLIENT=192.168.66.202 55172 22
LS_EXECCWD=/p/gpfs1/mtcampbe/CEESD/AutomatedTesting/MIRGE-Timing/timing/emirge/mirgecom/y2-isolator/timing_run
LSB_TRAPSIGS=trap # 15 10 12 2 1
CONDA_SHLVL=1
LMOD_FAMILY_CUDA_VERSION=11.2.0
LS_JOBPID=80929
CONDA_PROMPT_MODIFIER=
GSETTINGS_SCHEMA_DIR_CONDA_BACKUP=
LSB_MAX_NUM_PROCESSORS=41
LSB_JOBRES_CALLBACK=41821@lassen710
LMOD_PKG=/usr/share/lmod/lmod
LSB_JOB_EXECUSER=mtcampbe
LSB_JOBID=5929890
QTDIR=/usr/lib64/qt-3.3
LSF_SERVERDIR=/opt/ibm/spectrumcomputing/lsf/10.1.0.10/linux3.10-glibc2.17-ppc64le-csm/etc
LSB_JOBRES_PID=80929
LMOD_VERSION=8.6.16
LMOD_SHORT_TIME=60
QTINC=/usr/lib64/qt-3.3/include
LSB_JOBNAME=isolator_timing_job.sh
LLNL_COMPUTE_NODES=lassen483
LLNL_ATSDISABLE=0
_ModuleTable007_=ZXMvTGludXg6L3Vzci9zaGFyZS9tb2R1bGVmaWxlcy9Db3JlOi91c3Ivc2hhcmUvbG1vZC9sbW9kL21vZHVsZWZpbGVzL0NvcmUiLAp9Cg==
BSUB_BLOCK_EXEC_HOST=
QT_GRAPHICSSYSTEM_CHECKED=1
LSF_LIBDIR=/opt/ibm/spectrumcomputing/lsf/10.1.0.10/linux3.10-glibc2.17-ppc64le-csm/lib
OPAL_PREFIX=/usr/tce/packages/spectrum-mpi/ibm/spectrum-mpi-rolling-release
LSB_PROJECT_NAME=default
CUDA_HOME=/usr/tce/packages/cuda/cuda-11.2.0
USER=mtcampbe
PYOPENCL_CTX=port:tesla
LMOD_sys=Linux
LMOD_FAMILY_BASEGCC=base-gcc
LD_LIBRARY_PATH=/opt/ibm/spectrumcomputing/lsf/10.1.0.10/linux3.10-glibc2.17-ppc64le-csm/lib:/usr/tce/packages/cuda/cuda-11.2.0/lib64
SBD_KRB5CCNAME_VAL=
NVHPC_CUDA_HOME=/usr/tce/packages/cuda/cuda-11.2.0
LSB_EEXEC_REAL_UID=
REQUESTS_CA_BUNDLE=/etc/pki/tls/cert.pem
CONDA_EXE=/p/gpfs1/mtcampbe/CEESD/AutomatedTesting/MIRGE-Timing/timing/emirge/miniforge3/bin/conda
CEESD=/usr/workspace/wsa/xpacc/Users/mtcampbe/CEESD/Lassen
PFTP_CONFIG_FILENAME=/etc/pftp_config
ENV=/g/g17/mtcampbe/.bashrc
HOST_GRP=linux
_ModuleTable004_=LApmdWxsTmFtZSA9ICJsYWxsb2MvMi4wIiwKbG9hZE9yZGVyID0gNCwKcHJvcFQgPSB7fSwKc3RhY2tEZXB0aCA9IDAsCnN0YXR1cyA9ICJhY3RpdmUiLAp1c2VyTmFtZSA9ICJsYWxsb2MvMi4wIiwKd1YgPSAiXjAwMDAwMDAyLip6ZmluYWwiLAp9LApbInNwZWN0cnVtLW1waSJdID0gewpmbiA9ICIvdXNyL3RjZS9tb2R1bGVmaWxlcy9Db21waWxlci9nY2MvOC4zLjEvc3BlY3RydW0tbXBpL3JvbGxpbmctcmVsZWFzZS5sdWEiLApmdWxsTmFtZSA9ICJzcGVjdHJ1bS1tcGkvcm9sbGluZy1yZWxlYXNlIiwKbG9hZE9yZGVyID0gNiwKcHJvcFQgPSB7fSwKc3RhY2tEZXB0aCA9IDAsCnN0YXR1cyA9ICJhY3RpdmUiLAp1c2VyTmFtZSA9ICJzcGVjdHJ1bS1tcGkvcm9sbGluZy1y
HOSTTYPE=LINUXPPC64LE
LSF_INVOKE_CMD=bsub
CUDA_CACHE_DISABLE=1
LS_EXEC_T=START
LMOD_FAMILY_LALLOC=lalloc
LS_SUBCWD=/p/gpfs1/mtcampbe/CEESD/AutomatedTesting/MIRGE-Timing/timing/emirge/mirgecom/y2-isolator/timing_run
LSB_SUB_RES_REQ=1*{select[LN]span[hosts=1]} + 40*{select[CN]span[ptile=40]}
LSB_HOSTS=lassen710 lassen483 lassen483 lassen483 lassen483 lassen483 lassen483 lassen483 lassen483 lassen483 lassen483 lassen483 lassen483 lassen483 lassen483 lassen483 lassen483 lassen483 lassen483 lassen483 lassen483 lassen483 lassen483 lassen483 lassen483 lassen483 lassen483 lassen483 lassen483 lassen483 lassen483 lassen483 lassen483 lassen483 lassen483 lassen483 lassen483 lassen483 lassen483 lassen483 lassen483
LMOD_PREPEND_BLOCK=normal
LMOD_FAMILY_MPI_VERSION=rolling-release
GUESTFISH_PS1=\[\e[1;32m\]><fs>\[\e[0;31m\] 
_CE_CONDA=
LSB_UNIXGROUP_INT=mtcampbe
LSB_JOBFILENAME=/g/g17/mtcampbe/.lsbatch/1717396449.5929890
LSB_JOBINDEX=0
_ModuleTable001_=X01vZHVsZVRhYmxlXyA9IHsKTVR2ZXJzaW9uID0gMywKY19yZWJ1aWxkVGltZSA9IGZhbHNlLApjX3Nob3J0VGltZSA9IGZhbHNlLApkZXB0aFQgPSB7fSwKZmFtaWx5ID0gewpiYXNlZ2NjID0gImJhc2UtZ2NjIiwKY29tcGlsZXIgPSAiZ2NjIiwKY3VkYSA9ICJjdWRhIiwKbGFsbG9jID0gImxhbGxvYyIsCm1waSA9ICJzcGVjdHJ1bS1tcGkiLAp9LAptVCA9IHsKU3RkRW52ID0gewpmbiA9ICIvdXNyL3RjZXRtcC9tb2R1bGVmaWxlcy9Db3JlL1N0ZEVudi5sdWEiLApmdWxsTmFtZSA9ICJTdGRFbnYiLApsb2FkT3JkZXIgPSAzLApwcm9wVCA9IHsKbG1vZCA9IHsKc3RpY2t5ID0gMSwKfSwKfSwKc3RhY2tEZXB0aCA9IDAsCnN0YXR1cyA9ICJhY3RpdmUiLAp1c2VyTmFtZSA9
PATH=/usr/tce/packages/spectrum-mpi/spectrum-mpi-rolling-release-gcc-8.3.1/bin:/usr/tce/packages/gcc/gcc-8.3.1/bin:/usr/tce/packages/lalloc/lalloc-2.0/bin:/p/gpfs1/mtcampbe/CEESD/AutomatedTesting/MIRGE-Timing/timing/emirge/miniforge3/envs/nozzle.lazy.timing.env/bin:/p/gpfs1/mtcampbe/CEESD/AutomatedTesting/MIRGE-Timing/timing/emirge/miniforge3/bin:/usr/tce/packages/cuda/cuda-11.2.0/bin:/usr/tcetmp/packages/base-gcc/base-gcc-8.3.1/bin:/usr/tcetmp/bin:/usr/condabin:/usr/workspace/wsa/xpacc/Users/mtcampbe/CEESD/Lassen/conda-install/bin:/usr/tce/packages/cuda/cuda-10.1.243/bin:/usr/lib64/qt-3.3/bin:/usr/local/bin:/usr/bin:/usr/local/sbin:/usr/sbin:/opt/ibm/spectrum_mpi/jsm_pmix/bin:/opt/ibm/bb/bin:/opt/ibm/flightlog/bin:/opt/ibutils/bin:/opt/ibm/spectrumcomputing/lsf/10.1.0.10/linux3.10-glibc2.17-ppc64le-csm/etc:/opt/ibm/spectrumcomputing/lsf/10.1.0.10/linux3.10-glibc2.17-ppc64le-csm/bin:/opt/ibm/spectrumcomputing/lsf/10.1.0.9/linux3.10-glibc2.17-ppc64le-csm/etc:/opt/ibm/spectrumcomputing/lsf/10.1.0.9/linux3.10-glibc2.17-ppc64le-csm/bin:/g/g17/mtcampbe/tools/bin
MAIL=/var/spool/mail/mtcampbe
PROJ_NETWORK=ON
GSETTINGS_SCHEMA_DIR=/p/gpfs1/mtcampbe/CEESD/AutomatedTesting/MIRGE-Timing/timing/emirge/miniforge3/envs/nozzle.lazy.timing.env/share/glib-2.0/schemas
LCSCHEDCLUSTER=lassen
XML_CATALOG_FILES=file:///p/gpfs1/mtcampbe/CEESD/AutomatedTesting/MIRGE-Timing/timing/emirge/miniforge3/envs/nozzle.lazy.timing.env/etc/xml/catalog file:///etc/xml/catalog
LSB_EXIT_PRE_ABORT=99
LSB_JOBEXIT_STAT=0
LMOD_SETTARG_CMD=:
LMOD_FAMILY_LALLOC_VERSION=2.0
CONDA_PREFIX=/p/gpfs1/mtcampbe/CEESD/AutomatedTesting/MIRGE-Timing/timing/emirge/miniforge3/envs/nozzle.lazy.timing.env
INPUTRC=/etc/inputrc
PWD=/p/gpfs1/mtcampbe/CEESD/AutomatedTesting/MIRGE-Timing/timing/emirge/mirgecom/y2-isolator/timing_run
_LMFILES_=/usr/tcetmp/modulefiles/Core/base-gcc/8.3.1.lua:/usr/tcetmp/modulefiles/Core/cuda/11.2.0.lua:/usr/tcetmp/modulefiles/Core/StdEnv.lua:/usr/tcetmp/modulefiles/Core/lalloc/2.0.lua:/usr/tcetmp/modulefiles/Core/gcc/8.3.1.lua:/usr/tce/modulefiles/Compiler/gcc/8.3.1/spectrum-mpi/rolling-release.lua
EDITOR=/bin/vi
LANG=en_US.UTF-8
LSB_CHKFILENAME=/g/g17/mtcampbe/.lsbatch/1717396449.5929890
MODULEPATH=/usr/tce/modulefiles/MPI/gcc/8.3.1/spectrum-mpi/rolling-release:/usr/tce/modulefiles/Compiler/gcc/8.3.1:/usr/tcetmp/modulefiles/Core:/usr/apps/modulefiles:/usr/share/modulefiles/Linux:/usr/share/modulefiles/Core:/usr/share/lmod/lmod/modulefiles/Core:/collab/usr/global/tools/modulefiles/blueos_3_ppc64le_ib_p9/Core
LSB_DJOB_HOSTFILE=/g/g17/mtcampbe/.lsbatch/1717396449.5929890.hostfile
LOADEDMODULES=base-gcc/8.3.1:cuda/11.2.0:StdEnv:lalloc/2.0:gcc/8.3.1:spectrum-mpi/rolling-release
KDEDIRS=/usr
GUESTFISH_OUTPUT=\e[0m
_ModuleTable_Sz_=6
LSB_JOB_STARTER=/usr/tcetmp/bin/bsub_job_starter %USRCMD
EMIRGE_HOME=/p/gpfs1/mtcampbe/CEESD/AutomatedTesting/MIRGE-Timing/timing/emirge
LSF_JOB_TIMESTAMP_VALUE=1717396451
LMOD_CMD=/usr/share/lmod/lmod/libexec/lmod
_ModuleTable005_=ZWxlYXNlIiwKd1YgPSAiXnJvbGxpbmcuKnJlbGVhc2UuKnpmaW5hbCIsCn0sCn0sCm1wYXRoQSA9IHsKIi91c3IvdGNlL21vZHVsZWZpbGVzL01QSS9nY2MvOC4zLjEvc3BlY3RydW0tbXBpL3JvbGxpbmctcmVsZWFzZSIKLCAiL3Vzci90Y2UvbW9kdWxlZmlsZXMvQ29tcGlsZXIvZ2NjLzguMy4xIiwgIi91c3IvdGNldG1wL21vZHVsZWZpbGVzL0NvcmUiCiwgIi91c3IvYXBwcy9tb2R1bGVmaWxlcyIsICIvdXNyL3NoYXJlL21vZHVsZWZpbGVzL0xpbnV4IgosICIvdXNyL3NoYXJlL21vZHVsZWZpbGVzL0NvcmUiLCAiL3Vzci9zaGFyZS9sbW9kL2xtb2QvbW9kdWxlZmlsZXMvQ29yZSIsICIvY29sbGFiL3Vzci9nbG9iYWwvdG9vbHMvbW9kdWxlZmlsZXMvYmx1ZW9zXzNfcHBj
BBPATH=/mnt/bb_7a325639235579941a2a2735721c9c23
LSB_EXEC_HOSTTYPE=UNKNOWN_AUTO_DETECT
LSB_DJOB_NUMPROC=41
LSF_BINDIR=/opt/ibm/spectrumcomputing/lsf/10.1.0.10/linux3.10-glibc2.17-ppc64le-csm/bin
LLNL_NUM_COMPUTE_NODES=1
HISTCONTROL=ignoredups
_CE_M=
SSH_ASKPASS=/usr/libexec/openssh/gnome-ssh-askpass
ENVIRONMENT=BATCH
CXX=mpicxx
HOME=/g/g17/mtcampbe
SHLVL=6
__LMOD_REF_COUNT_PATH=/usr/tce/packages/spectrum-mpi/spectrum-mpi-rolling-release-gcc-8.3.1/bin:2;/usr/tce/packages/gcc/gcc-8.3.1/bin:2;/usr/tce/packages/lalloc/lalloc-2.0/bin:2;/p/gpfs1/mtcampbe/CEESD/AutomatedTesting/MIRGE-Timing/timing/emirge/miniforge3/envs/nozzle.lazy.timing.env/bin:1;/p/gpfs1/mtcampbe/CEESD/AutomatedTesting/MIRGE-Timing/timing/emirge/miniforge3/bin:1;/usr/tce/packages/cuda/cuda-11.2.0/bin:1;/usr/tcetmp/packages/base-gcc/base-gcc-8.3.1/bin:1;/usr/tcetmp/bin:1;/usr/condabin:1;/usr/workspace/wsa/xpacc/Users/mtcampbe/CEESD/Lassen/conda-install/bin:1;/usr/tce/packages/cuda/cuda-10.1.243/bin:1;/usr/lib64/qt-3.3/bin:1;/usr/local/bin:1;/usr/bin:1;/usr/local/sbin:1;/usr/sbin:1;/opt/ibm/spectrum_mpi/jsm_pmix/bin:1;/opt/ibm/bb/bin:1;/opt/ibm/flightlog/bin:1;/opt/ibutils/bin:1;/opt/ibm/spectrumcomputing/lsf/10.1.0.10/linux3.10-glibc2.17-ppc64le-csm/etc:1;/opt/ibm/spectrumcomputing/lsf/10.1.0.10/linux3.10-glibc2.17-ppc64le-csm/bin:1;/opt/ibm/spectrumcomputing/lsf/10.1.0.9/linux3.10-glibc2.17-ppc64le-csm/etc:1;/opt/ibm/spectrumcomputing/lsf/10.1.0.9/linux3.10-glibc2.17-ppc64le-csm/bin:1
JOB_TERMINATE_INTERVAL=10
LSB_ACCT_FILE=/tmp/5929890.tmpdir/.1717396449.5929890.acct
_ModuleTable002_=ICJTdGRFbnYiLAp3ViA9ICJNLip6ZmluYWwiLAp9LApbImJhc2UtZ2NjIl0gPSB7CmZuID0gIi91c3IvdGNldG1wL21vZHVsZWZpbGVzL0NvcmUvYmFzZS1nY2MvOC4zLjEubHVhIiwKZnVsbE5hbWUgPSAiYmFzZS1nY2MvOC4zLjEiLApsb2FkT3JkZXIgPSAxLApwcm9wVCA9IHt9LApzdGFja0RlcHRoID0gMSwKc3RhdHVzID0gImFjdGl2ZSIsCnVzZXJOYW1lID0gImJhc2UtZ2NjLzguMy4xIiwKd1YgPSAiXjAwMDAwMDA4LjAwMDAwMDAwMy4wMDAwMDAwMDEuKnpmaW5hbCIsCn0sCmN1ZGEgPSB7CmZuID0gIi91c3IvdGNldG1wL21vZHVsZWZpbGVzL0NvcmUvY3VkYS8xMS4yLjAubHVhIiwKZnVsbE5hbWUgPSAiY3VkYS8xMS4yLjAiLApsb2FkT3JkZXIgPSAyLApwcm9wVCA9
CSM_ALLOCATION_ID=6515762
BINARY_TYPE_HPC=
LLNL_CORE_ISOLATION=2
FC=mpif90
LSB_SUB_HOST=lassen708
XDG_CACHE_HOME=/tmp/mtcampbe/xdg-scratch
__LSF_JOB_TMPDIR__=/tmp/5929890.tmpdir
LSFUSER=mtcampbe
LSB_SUB_USER=mtcampbe
LSB_OUTDIR=/p/gpfs1/mtcampbe/CEESD/AutomatedTesting/MIRGE-Timing/timing/emirge/mirgecom/y2-isolator/timing_run
LSB_MCPU_HOSTS=lassen710 1 lassen483 40 
LMOD_arch=ppc64le
TMP=/var/tmp
MPI_ROOT=/usr/tce/packages/spectrum-mpi/ibm/spectrum-mpi-rolling-release
LSB_QUEUE=pbatch
LSB_OUTPUTFILE=/p/gpfs1/mtcampbe/CEESD/AutomatedTesting/MIRGE-Timing/timing/emirge/mirgecom/y2-isolator/timing_run/
CONDA_PYTHON_EXE=/p/gpfs1/mtcampbe/CEESD/AutomatedTesting/MIRGE-Timing/timing/emirge/miniforge3/bin/python
LOGNAME=mtcampbe
QTLIB=/usr/lib64/qt-3.3/lib
CVS_RSH=ssh
XLSF_UIDDIR=/opt/ibm/spectrumcomputing/lsf/10.1.0.10/linux3.10-glibc2.17-ppc64le-csm/lib/uid
XDG_DATA_DIRS=/p/gpfs1/mtcampbe/CEESD/AutomatedTesting/MIRGE-Timing/.local/share/flatpak/exports/share:/var/lib/flatpak/exports/share:/usr/local/share:/usr/share
SSH_CONNECTION=192.168.66.202 55172 192.168.65.229 22
SYS_TYPE=blueos_3_ppc64le_ib_p9
MODULESHOME=/usr/share/lmod/lmod
LMOD_SETTARG_FULL_SUPPORT=no
LESSOPEN=||/usr/bin/lesspipe.sh %s
__LMOD_REF_COUNT_LD_LIBRARY_PATH=/usr/tce/packages/cuda/cuda-11.2.0/lib64:1;/opt/ibm/spectrumcomputing/lsf/10.1.0.10/linux3.10-glibc2.17-ppc64le-csm/lib:1
PKG_CONFIG_PATH=/usr/tce/packages/cuda/cuda-11.2.0/lib64/pkgconfig
OMP_NUM_THREADS=1
LSF_CGROUP_TOPDIR_KEY=lassen
CONDA_DEFAULT_ENV=nozzle.lazy.timing.env
LMOD_FULL_SETTARG_SUPPORT=no
LMOD_FAMILY_COMPILER=gcc
LSB_XFER_OP=
LSB_EEXEC_REAL_GID=
__LMOD_REF_COUNT_PKG_CONFIG_PATH=/usr/tce/packages/cuda/cuda-11.2.0/lib64/pkgconfig:1
CC=mpicc
QT_PLUGIN_PATH=/usr/lib64/kde4/plugins:/usr/lib/kde4/plugins
LMOD_DIR=/usr/share/lmod/lmod/libexec
LEXEC_UNPICKLE_QUIET=1
__LMOD_REF_COUNT_MANPATH=/usr/tce/packages/spectrum-mpi/ibm/spectrum-mpi-rolling-release/share/man:1;/usr/tce/packages/gcc/gcc-8.3.1/man:1;/opt/ibm/spectrumcomputing/lsf/10.1.0.10/man:1;/usr/man:1;/usr/share/man:1;/usr/local/man:1;/usr/X11R6/man:1;/usr/lib64/mvapich/default/man:1;/opt/ibm/spectrum_mpi/jsm_pmix/share/man:1
_ModuleTable006_=NjRsZV9pYl9wOS9Db3JlIiwKfSwKc3lzdGVtQmFzZU1QQVRIID0gIi91c3IvdGNldG1wL21vZHVsZWZpbGVzL0NvcmU6L3Vzci9hcHBzL21vZHVsZWZpbGVzOi91c3Ivc2hhcmUvbW9kdWxlZmlsZXMvTGludXg6L3Vzci9zaGFyZS9tb2R1bGVmaWxlcy9Db3JlOi91c3Ivc2hhcmUvbG1vZC9sbW9kL21vZHVsZWZpbGVzL0NvcmUiLAp9Cg==
LSF_ENVDIR=/opt/ibm/spectrumcomputing/lsf/conf
GUESTFISH_RESTORE=\e[0m
LSB_DJOB_RANKFILE=/g/g17/mtcampbe/.lsbatch/1717396449.5929890.hostfile
LMOD_FAMILY_MPI=spectrum-mpi
LMOD_COLORIZE=yes
HISTFILE=/g/g17/mtcampbe/.bash_history
BASH_FUNC_module()=() {  local __lmod_my_status;
 local __lmod_sh_dbg;
 if [ -z "${LMOD_SH_DBG_ON+x}" ]; then
 case "$-" in 
 *v*x*)
 __lmod_sh_dbg='vx'
 ;;
 *v*)
 __lmod_sh_dbg='v'
 ;;
 *x*)
 __lmod_sh_dbg='x'
 ;;
 esac;
 fi;
 if [ -n "${__lmod_sh_dbg:-}" ]; then
 set +$__lmod_sh_dbg;
 echo "Shell debugging temporarily silenced: export LMOD_SH_DBG_ON=1 for Lmod's output" 1>&2;
 fi;
 eval "$($LMOD_CMD bash "$@")" && eval $(${LMOD_SETTARG_CMD:-:} -s sh);
 __lmod_my_status=$?;
 if [ -n "${__lmod_sh_dbg:-}" ]; then
 echo "Shell debugging restarted" 1>&2;
 set -$__lmod_sh_dbg;
 fi;
 return $__lmod_my_status
}
BASH_FUNC_ml()=() {  eval "$($LMOD_DIR/ml_cmd "$@")"
}
_=/usr/bin/env
LSB_MCPU_HOSTS=lassen710 1 lassen483 40 
Default casename isolator
Using user input from file: timing_params.yaml
Running ./isolator.py

2024-06-02 23:34:32,483 - INFO - grudge.array_context - get_reasonable_array_context_class: MPIFusionContractorArrayContext lazy=True distributed=True device-parallel=True
2024-06-02 23:34:33,372 - INFO - mirgecom.mpi - Using mpi4py version 4.0.0.dev0 with pkl5 scatter support.
2024-06-02 23:35:03,477 - INFO - mirgecom.simutil - Using SVM-based memory pool on <pyopencl.Device 'Tesla V100-SXM2-16GB' on 'Portable Computing Language' at 0x102a14a80>.
Shock capturing parameters: alpha 0.5, s0 -4.0, kappa 0.5

#### Simluation control data: ####
	nviz = 100
	nrestart = 100
	nhealth = 100
	nstatus = 100
	current_dt = 1e-08
	t_final = 2e-07
	order = 1
	dimen = 2
	Time integration rk4
#### Simluation control data: ####


#### Simluation material properties: ####
	mu = 4.216360056e-05
	kappa = 0.05621788139856423
	Prandtl Number  = 0.75
#### Simluation initialization data: ####
	inlet Mach number 0.038727226466056475
	inlet temperature 2075.8073416311686
	inlet pressure 274212.0081934861
	inlet rho 0.4623484671063763
	inlet velocity 35.28896626974282
	outlet Mach number 3.661995139955526
	outlet temperature 563.9344091915701
	outlet pressure 2865.7077436508835
	outlet rho 0.01778579568979098
	outlet velocity 1739.2462693097807
#### Simluation initialization data: ####

Reading mesh from data/isolator.msh
./isolator.py:1087: DeprecationWarning: generate_and_distribute_mesh is deprecated and will go away Q4 2022. Use distribute_mesh instead.
  local_mesh, global_nelements = generate_and_distribute_mesh(
Reading gmsh mesh from disk file...
Done. Populating meshmode data structures...
Done.
Read GMSH: 0.057102203369140625
MeshData: 0.06491494178771973
Making discretization
./isolator.py:1094: DeprecationWarning: mpi_communicator argument is deprecated and will disappear in Q4 2022.
  dcoll = create_discretization_collection(
Done making discretization
/p/gpfs1/mtcampbe/CEESD/AutomatedTesting/MIRGE-Timing/timing/emirge/arraycontext/arraycontext/impl/pytato/__init__.py:413: UserWarning: Running on an Nvidia GPU, reducing the argument size limit from 4352 to 3896.
  warn("Running on an Nvidia GPU, reducing the argument "
2024-06-02 23:35:09,996 - INFO - arraycontext.impl.pytato - limiting argument buffer size for <pyopencl.Device 'Tesla V100-SXM2-16GB' on 'Portable Computing Language' at 0x102a14a80> to 3896 bytes
2024-06-02 23:35:10,025 - INFO - meshmode.array_context - Transforming kernel 'frozen_nodes0_2d' with 1 statements.
2024-06-02 23:35:10,064 - INFO - meshmode.array_context - Array Contraction: Contracting 0 temps
2024-06-02 23:35:10,066 - INFO - meshmode.array_context - [_alias_global_temporaries]: Reduced memory requirement of 'frozen_nodes0_2d' from 0.0MB to 0.0MB.
2024-06-02 23:35:16,907 - INFO - loopy.tools - preprocess_program on 'frozen_nodes0_2d': completed (6.83s wall 0.06x CPU)
2024-06-02 23:35:17,937 - INFO - pyopencl - build program: kernel 'frozen_nodes0_2d' was part of a lengthy source build resulting from a binary cache miss (0.89 s)
2024-06-02 23:35:18,055 - INFO - meshmode.array_context - Transforming kernel 'frozen_nodes1_2d' with 1 statements.
2024-06-02 23:35:18,079 - INFO - meshmode.array_context - Array Contraction: Contracting 0 temps
2024-06-02 23:35:18,081 - INFO - meshmode.array_context - [_alias_global_temporaries]: Reduced memory requirement of 'frozen_nodes1_2d' from 0.0MB to 0.0MB.
2024-06-02 23:35:18,540 - INFO - pyopencl - build program: kernel 'frozen_nodes1_2d' was part of a lengthy source build resulting from a binary cache miss (0.37 s)
Before restart/init
Initializing soln.
Initialization for Case(isolator)
===
Num 2d order-1 elements: 2504
Num global elements: 2504
Timestep:        1e-08
Initial time:    0
Final time:      2e-07
CFL:             1.0
Constant CFL:    False
Initialization:  isolator
EOS:             IdealSingleGas

2024-06-02 23:35:20,254 - INFO - meshmode.array_context - transform_dag.infer_axes_tags: completed (0.61s wall 1.00x CPU)
2024-06-02 23:35:20,457 - INFO - arraycontext.impl.pytato - limiting argument buffer size for <pyopencl.Device 'Tesla V100-SXM2-16GB' on 'Portable Computing Language' at 0x102a14a80> to 3896 bytes
2024-06-02 23:35:21,243 - INFO - meshmode.array_context - Transforming kernel 'frozen_result' with 14 statements.
2024-06-02 23:35:22,922 - INFO - loopy.tools - fuse_same_discretization_entity_loops on 'frozen_result': completed (1.53s wall 1.00x CPU)
2024-06-02 23:35:23,096 - INFO - meshmode.array_context - Loop Fusion: completed (1.85s wall 1.00x CPU)
2024-06-02 23:35:23,538 - INFO - meshmode.array_context - Array Contraction: Contracting 10 temps
2024-06-02 23:35:25,392 - INFO - loopy.tools - contract_arrays on 'frozen_result': completed (1.86s wall 1.00x CPU)
2024-06-02 23:35:25,587 - INFO - meshmode.array_context - Array Contraction: completed (2.19s wall 1.00x CPU)
2024-06-02 23:35:25,590 - INFO - meshmode.array_context - [_alias_global_temporaries]: Reduced memory requirement of 'frozen_result' from 0.5MB to 0.4MB.
2024-06-02 23:35:27,939 - INFO - loopy.tools - preprocess_program on 'frozen_result': completed (1.49s wall 1.00x CPU)
2024-06-02 23:35:31,979 - INFO - loopy.codegen - frozen_result: generate code: completed (1.98s wall 1.00x CPU)
2024-06-02 23:35:37,691 - INFO - pyopencl - build program: kernel 'frozen_result' was part of a lengthy source build resulting from a binary cache miss (4.91 s)
2024-06-02 23:35:38,069 - INFO - pytato.distributed.verify - find_partition: Split 22 nodes into 1 parts, with [22] nodes in each partition.
2024-06-02 23:35:38,124 - INFO - meshmode.array_context - Transforming kernel 'get_fluid_state_part_0' with 15 statements.
2024-06-02 23:35:38,273 - INFO - meshmode.array_context - Array Contraction: Contracting 1 temps
2024-06-02 23:35:38,297 - INFO - meshmode.array_context - [_alias_global_temporaries]: Reduced memory requirement of 'get_fluid_state_part_0' from 0.1MB to 0.1MB.
2024-06-02 23:35:39,160 - INFO - pyopencl - build program: kernel 'get_fluid_state_part_0' was part of a lengthy source build resulting from a binary cache miss (0.39 s)
./isolator.py:1349: DeprecationWarning: simutil.force_evaluation is deprecated and will disappear in Q3 2023. Use utils.force_evaluation instead.
  fluid_state = force_evaluation(actx, create_fluid_state(cv=state))
2024-06-02 23:35:39,354 - INFO - arraycontext.impl.pytato - limiting argument buffer size for <pyopencl.Device 'Tesla V100-SXM2-16GB' on 'Portable Computing Language' at 0x102a14a80> to 3896 bytes
2024-06-02 23:35:39,426 - INFO - meshmode.array_context - Transforming kernel 'frozen_area_el_vol' with 10 statements.
2024-06-02 23:35:39,632 - INFO - meshmode.array_context - Array Contraction: Contracting 1 temps
2024-06-02 23:35:39,663 - INFO - meshmode.array_context - [_alias_global_temporaries]: Reduced memory requirement of 'frozen_area_el_vol' from 0.3MB to 0.2MB.
2024-06-02 23:35:40,618 - INFO - pyopencl - build program: kernel 'frozen_area_el_vol' was part of a lengthy source build resulting from a binary cache miss (0.42 s)
2024-06-02 23:35:40,668 - INFO - meshmode.discretization.connection.face - building face restriction: start
2024-06-02 23:35:40,677 - INFO - meshmode.discretization.connection.face - building face restriction: done
2024-06-02 23:35:40,774 - INFO - meshmode.array_context - Transforming kernel 'frozen_area_el_b_face_restr_all' with 7 statements.
2024-06-02 23:35:40,902 - INFO - meshmode.array_context - Array Contraction: Contracting 2 temps
2024-06-02 23:35:40,935 - INFO - meshmode.array_context - [_alias_global_temporaries]: Reduced memory requirement of 'frozen_area_el_b_face_restr_all' from 0.5MB to 0.3MB.
2024-06-02 23:35:41,697 - INFO - pyopencl - build program: kernel 'frozen_area_el_b_face_restr_all' was part of a lengthy source build resulting from a binary cache miss (0.40 s)
2024-06-02 23:35:41,780 - INFO - meshmode.array_context - Transforming kernel 'frozen_dt_geometric_vol' with 7 statements.
2024-06-02 23:35:41,960 - INFO - meshmode.array_context - Array Contraction: Contracting 0 temps
2024-06-02 23:35:41,971 - INFO - meshmode.array_context - [_alias_global_temporaries]: Reduced memory requirement of 'frozen_dt_geometric_vol' from 0.3MB to 0.2MB.
2024-06-02 23:35:42,914 - INFO - pyopencl - build program: kernel 'frozen_dt_geometric_vol' was part of a lengthy source build resulting from a binary cache miss (0.42 s)
2024-06-02 23:35:42,963 - INFO - meshmode.array_context - Transforming kernel 'frozen_char_lscales' with 1 statements.
2024-06-02 23:35:42,978 - INFO - meshmode.array_context - Array Contraction: Contracting 0 temps
2024-06-02 23:35:42,980 - INFO - meshmode.array_context - [_alias_global_temporaries]: Reduced memory requirement of 'frozen_char_lscales' from 0.0MB to 0.0MB.
2024-06-02 23:35:43,401 - INFO - pyopencl - build program: kernel 'frozen_char_lscales' was part of a lengthy source build resulting from a binary cache miss (0.36 s)
2024-06-02 23:35:43,448 - INFO - meshmode.array_context - Transforming kernel 'frozen_result' with 4 statements.
2024-06-02 23:35:43,499 - INFO - meshmode.array_context - Array Contraction: Contracting 3 temps
2024-06-02 23:35:43,535 - INFO - meshmode.array_context - [_alias_global_temporaries]: Reduced memory requirement of 'frozen_result' from 0.2MB to 0.2MB.
2024-06-02 23:35:44,058 - INFO - pyopencl - build program: kernel 'frozen_result' was part of a lengthy source build resulting from a binary cache miss (0.39 s)
2024-06-02 23:35:44,646 - INFO - pyopencl - build program: kernel 'reduce_kernel_stage1' was part of a lengthy source build resulting from a binary cache miss (0.51 s)
2024-06-02 23:35:45,124 - INFO - pyopencl - build program: kernel 'reduce_kernel_stage2' was part of a lengthy source build resulting from a binary cache miss (0.47 s)
2024-06-02 23:35:45,136 - INFO - meshmode.array_context - Transforming kernel 'frozen_result' with 1 statements.
2024-06-02 23:35:45,142 - INFO - meshmode.array_context - Array Contraction: Contracting 0 temps
_get_iel_to_idofs: str(insn)='_ary_store: _ary <- NaN if isnan(_actx_dw) or isnan(_actx_dw_0) else (_actx_dw if _actx_dw > _actx_dw_0 else _actx_dw_0) {tags=EinsumTag(orig_loop_nest=frozenset())}'
/p/gpfs1/mtcampbe/CEESD/AutomatedTesting/MIRGE-Timing/timing/emirge/meshmode/meshmode/array_context.py:1790: UserWarning: [frozen_result]: FusionContractorArrayContext.transform_loopy_program not broad enough (yet). Falling back to a possibly slower transformation strategy.
  warn(f"[{knl.name}]: FusionContractorArrayContext."
2024-06-02 23:35:45,544 - INFO - pyopencl - build program: kernel 'frozen_result' was part of a lengthy source build resulting from a binary cache miss (0.36 s)
2024-06-02 23:35:46,010 - INFO - pyopencl - build program: kernel 'reduce_kernel_stage1' was part of a lengthy source build resulting from a binary cache miss (0.45 s)
2024-06-02 23:35:46,471 - INFO - pyopencl - build program: kernel 'reduce_kernel_stage2' was part of a lengthy source build resulting from a binary cache miss (0.45 s)
2024-06-02 23:35:46,477 - INFO - meshmode.array_context - Transforming kernel 'frozen_result' with 1 statements.
2024-06-02 23:35:46,482 - INFO - meshmode.array_context - Array Contraction: Contracting 0 temps
_get_iel_to_idofs: str(insn)='_ary_store: _ary <- 0 + _actx_dw {tags=EinsumTag(orig_loop_nest=frozenset())}'
2024-06-02 23:35:46,869 - INFO - pyopencl - build program: kernel 'frozen_result' was part of a lengthy source build resulting from a binary cache miss (0.36 s)
2024-06-02 23:35:47,349 - INFO - pyopencl - build program: kernel 'reduce_kernel_stage1' was part of a lengthy source build resulting from a binary cache miss (0.47 s)
2024-06-02 23:35:47,824 - INFO - pyopencl - build program: kernel 'reduce_kernel_stage2' was part of a lengthy source build resulting from a binary cache miss (0.47 s)
2024-06-02 23:35:47,835 - INFO - meshmode.array_context - Transforming kernel 'frozen_result' with 1 statements.
2024-06-02 23:35:47,840 - INFO - meshmode.array_context - Array Contraction: Contracting 0 temps
_get_iel_to_idofs: str(insn)='_ary_store: _ary <- NaN if isnan(_actx_dw) or isnan(_actx_dw_0) else (_actx_dw if _actx_dw < _actx_dw_0 else _actx_dw_0) {tags=EinsumTag(orig_loop_nest=frozenset())}'
2024-06-02 23:35:48,238 - INFO - pyopencl - build program: kernel 'frozen_result' was part of a lengthy source build resulting from a binary cache miss (0.36 s)
-------- dt = 1.000e-08, cfl = 0.0253
-------- P (min, max) (Pa) = (2.865706984e+03, 2.742120082e+05)
-------- T (min, max) (K)  = (    300, 2075.81)

2024-06-02 23:35:48,284 - INFO - meshmode.array_context - Transforming kernel 'frozen_result' with 1 statements.
2024-06-02 23:35:48,291 - INFO - meshmode.array_context - Array Contraction: Contracting 0 temps
2024-06-02 23:35:48,293 - INFO - meshmode.array_context - [_alias_global_temporaries]: Reduced memory requirement of 'frozen_result' from 0.0MB to 0.0MB.
2024-06-02 23:35:48,719 - INFO - pyopencl - build program: kernel 'frozen_result' was part of a lengthy source build resulting from a binary cache miss (0.37 s)
2024-06-02 23:35:48,732 - INFO - meshmode.array_context - Transforming kernel 'frozen_result' with 1 statements.
2024-06-02 23:35:48,739 - INFO - meshmode.array_context - Array Contraction: Contracting 0 temps
2024-06-02 23:35:48,741 - INFO - meshmode.array_context - [_alias_global_temporaries]: Reduced memory requirement of 'frozen_result' from 0.0MB to 0.0MB.
2024-06-02 23:35:49,166 - INFO - pyopencl - build program: kernel 'frozen_result' was part of a lengthy source build resulting from a binary cache miss (0.37 s)
2024-06-02 23:35:49,178 - INFO - meshmode.array_context - Transforming kernel 'frozen_result' with 1 statements.
2024-06-02 23:35:49,185 - INFO - meshmode.array_context - Array Contraction: Contracting 0 temps
2024-06-02 23:35:49,188 - INFO - meshmode.array_context - [_alias_global_temporaries]: Reduced memory requirement of 'frozen_result' from 0.0MB to 0.0MB.
2024-06-02 23:35:49,610 - INFO - pyopencl - build program: kernel 'frozen_result' was part of a lengthy source build resulting from a binary cache miss (0.37 s)
2024-06-02 23:35:49,623 - INFO - meshmode.array_context - Transforming kernel 'frozen_result' with 1 statements.
2024-06-02 23:35:49,630 - INFO - meshmode.array_context - Array Contraction: Contracting 0 temps
2024-06-02 23:35:49,632 - INFO - meshmode.array_context - [_alias_global_temporaries]: Reduced memory requirement of 'frozen_result' from 0.0MB to 0.0MB.
2024-06-02 23:35:50,053 - INFO - pyopencl - build program: kernel 'frozen_result' was part of a lengthy source build resulting from a binary cache miss (0.37 s)
2024-06-02 23:35:50,087 - INFO - meshmode.array_context - Transforming kernel 'frozen_result' with 3 statements.
2024-06-02 23:35:50,115 - INFO - meshmode.array_context - Array Contraction: Contracting 0 temps
2024-06-02 23:35:50,119 - INFO - meshmode.array_context - [_alias_global_temporaries]: Reduced memory requirement of 'frozen_result' from 0.1MB to 0.1MB.
2024-06-02 23:35:50,680 - INFO - pyopencl - build program: kernel 'frozen_result' was part of a lengthy source build resulting from a binary cache miss (0.40 s)
2024-06-02 23:35:50,704 - INFO - meshmode.array_context - Transforming kernel 'frozen_result' with 1 statements.
2024-06-02 23:35:50,711 - INFO - meshmode.array_context - Array Contraction: Contracting 0 temps
2024-06-02 23:35:50,713 - INFO - meshmode.array_context - [_alias_global_temporaries]: Reduced memory requirement of 'frozen_result' from 0.0MB to 0.0MB.
2024-06-02 23:35:51,154 - INFO - pyopencl - build program: kernel 'frozen_result' was part of a lengthy source build resulting from a binary cache miss (0.38 s)
2024-06-02 23:35:51,180 - INFO - meshmode.array_context - Transforming kernel 'frozen_result' with 1 statements.
2024-06-02 23:35:51,190 - INFO - meshmode.array_context - Array Contraction: Contracting 0 temps
2024-06-02 23:35:51,193 - INFO - meshmode.array_context - [_alias_global_temporaries]: Reduced memory requirement of 'frozen_result' from 0.0MB to 0.0MB.
2024-06-02 23:35:51,659 - INFO - pyopencl - build program: kernel 'frozen_result' was part of a lengthy source build resulting from a binary cache miss (0.38 s)
2024-06-02 23:35:51,688 - INFO - meshmode.array_context - Transforming kernel 'frozen_result' with 3 statements.
2024-06-02 23:35:51,718 - INFO - meshmode.array_context - Array Contraction: Contracting 0 temps
2024-06-02 23:35:51,722 - INFO - meshmode.array_context - [_alias_global_temporaries]: Reduced memory requirement of 'frozen_result' from 0.1MB to 0.1MB.
2024-06-02 23:35:52,281 - INFO - pyopencl - build program: kernel 'frozen_result' was part of a lengthy source build resulting from a binary cache miss (0.39 s)
failed to infer axis 1 of array of type <class 'pytato.array.Reshape'>.
expr.non_equality_tags=frozenset()
2024-06-02 23:35:52,343 - INFO - meshmode.array_context - Transforming kernel 'frozen_result' with 6 statements.
2024-06-02 23:35:52,435 - INFO - meshmode.array_context - Array Contraction: Contracting 0 temps
2024-06-02 23:35:52,443 - INFO - meshmode.array_context - [_alias_global_temporaries]: Reduced memory requirement of 'frozen_result' from 0.2MB to 0.2MB.
2024-06-02 23:35:53,297 - INFO - pyopencl - build program: kernel 'frozen_result' was part of a lengthy source build resulting from a binary cache miss (0.46 s)
2024-06-02 23:35:53,366 - INFO - meshmode.array_context - Transforming kernel 'frozen_result' with 4 statements.
2024-06-02 23:35:53,412 - INFO - meshmode.array_context - Array Contraction: Contracting 2 temps
2024-06-02 23:35:53,438 - INFO - meshmode.array_context - [_alias_global_temporaries]: Reduced memory requirement of 'frozen_result' from 0.2MB to 0.2MB.
2024-06-02 23:35:54,041 - INFO - pyopencl - build program: kernel 'frozen_result' was part of a lengthy source build resulting from a binary cache miss (0.41 s)
2024-06-02 23:35:54,076 - INFO - meshmode.discretization.connection.face - building face restriction: start
2024-06-02 23:35:54,081 - INFO - meshmode.discretization.connection.face - building face restriction: done
2024-06-02 23:35:54,096 - INFO - meshmode.discretization.connection.face - building face restriction: start
2024-06-02 23:35:54,101 - INFO - meshmode.discretization.connection.face - building face restriction: done
2024-06-02 23:35:54,115 - INFO - meshmode.discretization.connection.face - building face restriction: start
2024-06-02 23:35:54,127 - INFO - meshmode.discretization.connection.face - building face restriction: done
2024-06-02 23:35:54,141 - INFO - meshmode.discretization.connection.face - building face restriction: start
2024-06-02 23:35:54,237 - INFO - meshmode.discretization.connection.face - building face restriction: done
2024-06-02 23:35:54,384 - INFO - meshmode.array_context - Transforming kernel 'frozen_area_el_b_inflow' with 7 statements.
2024-06-02 23:35:54,515 - INFO - meshmode.array_context - Array Contraction: Contracting 2 temps
2024-06-02 23:35:54,548 - INFO - meshmode.array_context - [_alias_global_temporaries]: Reduced memory requirement of 'frozen_area_el_b_inflow' from 0.0MB to 0.0MB.
2024-06-02 23:35:55,302 - INFO - pyopencl - build program: kernel 'frozen_area_el_b_inflow' was part of a lengthy source build resulting from a binary cache miss (0.39 s)
2024-06-02 23:35:55,385 - INFO - meshmode.array_context - Transforming kernel 'frozen_normal_2_b_inflow' with 3 statements.
2024-06-02 23:35:55,455 - INFO - meshmode.array_context - Array Contraction: Contracting 0 temps
2024-06-02 23:35:55,460 - INFO - meshmode.array_context - [_alias_global_temporaries]: Reduced memory requirement of 'frozen_normal_2_b_inflow' from 0.0MB to 0.0MB.
2024-06-02 23:35:56,099 - INFO - pyopencl - build program: kernel 'frozen_normal_2_b_inflow' was part of a lengthy source build resulting from a binary cache miss (0.38 s)
2024-06-02 23:35:56,170 - INFO - meshmode.array_context - Transforming kernel 'frozen_normal_1_b_inflow' with 3 statements.
2024-06-02 23:35:56,240 - INFO - meshmode.array_context - Array Contraction: Contracting 0 temps
2024-06-02 23:35:56,245 - INFO - meshmode.array_context - [_alias_global_temporaries]: Reduced memory requirement of 'frozen_normal_1_b_inflow' from 0.0MB to 0.0MB.
2024-06-02 23:35:56,884 - INFO - pyopencl - build program: kernel 'frozen_normal_1_b_inflow' was part of a lengthy source build resulting from a binary cache miss (0.38 s)
2024-06-02 23:35:56,916 - INFO - meshmode.array_context - Transforming kernel 'frozen_f2allf_ind' with 0 statements.
2024-06-02 23:35:56,920 - INFO - meshmode.array_context - Array Contraction: Contracting 0 temps
2024-06-02 23:35:57,298 - INFO - pyopencl - build program: kernel 'frozen_f2allf_ind' was part of a lengthy source build resulting from a binary cache miss (0.36 s)
2024-06-02 23:35:57,308 - INFO - meshmode.array_context - Transforming kernel 'frozen_f2allf_ind' with 0 statements.
2024-06-02 23:35:57,367 - INFO - meshmode.array_context - Transforming kernel 'frozen_f2allf_ind' with 1 statements.
2024-06-02 23:35:57,377 - INFO - meshmode.array_context - Array Contraction: Contracting 0 temps
2024-06-02 23:35:57,379 - INFO - meshmode.array_context - [_alias_global_temporaries]: Reduced memory requirement of 'frozen_f2allf_ind' from 0.0MB to 0.0MB.
2024-06-02 23:35:57,781 - INFO - pyopencl - build program: kernel 'frozen_f2allf_ind' was part of a lengthy source build resulting from a binary cache miss (0.36 s)
2024-06-02 23:35:57,897 - INFO - meshmode.array_context - Transforming kernel 'frozen_area_el_b_outflow' with 7 statements.
2024-06-02 23:35:58,027 - INFO - meshmode.array_context - Array Contraction: Contracting 2 temps
2024-06-02 23:35:58,061 - INFO - meshmode.array_context - [_alias_global_temporaries]: Reduced memory requirement of 'frozen_area_el_b_outflow' from 0.0MB to 0.0MB.
2024-06-02 23:35:58,815 - INFO - pyopencl - build program: kernel 'frozen_area_el_b_outflow' was part of a lengthy source build resulting from a binary cache miss (0.39 s)
2024-06-02 23:35:58,899 - INFO - meshmode.array_context - Transforming kernel 'frozen_normal_2_b_outflow' with 3 statements.
2024-06-02 23:35:58,968 - INFO - meshmode.array_context - Array Contraction: Contracting 0 temps
2024-06-02 23:35:58,973 - INFO - meshmode.array_context - [_alias_global_temporaries]: Reduced memory requirement of 'frozen_normal_2_b_outflow' from 0.0MB to 0.0MB.
2024-06-02 23:35:59,611 - INFO - pyopencl - build program: kernel 'frozen_normal_2_b_outflow' was part of a lengthy source build resulting from a binary cache miss (0.38 s)
2024-06-02 23:35:59,681 - INFO - meshmode.array_context - Transforming kernel 'frozen_normal_1_b_outflow' with 3 statements.
2024-06-02 23:35:59,751 - INFO - meshmode.array_context - Array Contraction: Contracting 0 temps
2024-06-02 23:35:59,756 - INFO - meshmode.array_context - [_alias_global_temporaries]: Reduced memory requirement of 'frozen_normal_1_b_outflow' from 0.0MB to 0.0MB.
2024-06-02 23:36:00,399 - INFO - pyopencl - build program: kernel 'frozen_normal_1_b_outflow' was part of a lengthy source build resulting from a binary cache miss (0.39 s)
2024-06-02 23:36:00,430 - INFO - meshmode.array_context - Transforming kernel 'frozen_f2allf_ind' with 1 statements.
2024-06-02 23:36:00,440 - INFO - meshmode.array_context - Array Contraction: Contracting 0 temps
2024-06-02 23:36:00,442 - INFO - meshmode.array_context - [_alias_global_temporaries]: Reduced memory requirement of 'frozen_f2allf_ind' from 0.0MB to 0.0MB.
2024-06-02 23:36:00,840 - INFO - pyopencl - build program: kernel 'frozen_f2allf_ind' was part of a lengthy source build resulting from a binary cache miss (0.36 s)
2024-06-02 23:36:00,852 - INFO - meshmode.array_context - Transforming kernel 'frozen_f2allf_ind' with 1 statements.
2024-06-02 23:36:00,862 - INFO - meshmode.array_context - Array Contraction: Contracting 0 temps
2024-06-02 23:36:00,864 - INFO - meshmode.array_context - [_alias_global_temporaries]: Reduced memory requirement of 'frozen_f2allf_ind' from 0.0MB to 0.0MB.
2024-06-02 23:36:01,265 - INFO - pyopencl - build program: kernel 'frozen_f2allf_ind' was part of a lengthy source build resulting from a binary cache miss (0.36 s)
2024-06-02 23:36:01,381 - INFO - meshmode.array_context - Transforming kernel 'frozen_area_el_b_wall' with 7 statements.
2024-06-02 23:36:01,591 - INFO - meshmode.array_context - Array Contraction: Contracting 2 temps
2024-06-02 23:36:01,624 - INFO - meshmode.array_context - [_alias_global_temporaries]: Reduced memory requirement of 'frozen_area_el_b_wall' from 0.0MB to 0.0MB.
2024-06-02 23:36:02,393 - INFO - pyopencl - build program: kernel 'frozen_area_el_b_wall' was part of a lengthy source build resulting from a binary cache miss (0.40 s)
2024-06-02 23:36:02,478 - INFO - meshmode.array_context - Transforming kernel 'frozen_normal_2_b_wall' with 3 statements.
2024-06-02 23:36:02,548 - INFO - meshmode.array_context - Array Contraction: Contracting 0 temps
2024-06-02 23:36:02,553 - INFO - meshmode.array_context - [_alias_global_temporaries]: Reduced memory requirement of 'frozen_normal_2_b_wall' from 0.0MB to 0.0MB.
2024-06-02 23:36:03,217 - INFO - pyopencl - build program: kernel 'frozen_normal_2_b_wall' was part of a lengthy source build resulting from a binary cache miss (0.39 s)
2024-06-02 23:36:03,291 - INFO - meshmode.array_context - Transforming kernel 'frozen_normal_1_b_wall' with 3 statements.
2024-06-02 23:36:03,361 - INFO - meshmode.array_context - Array Contraction: Contracting 0 temps
2024-06-02 23:36:03,366 - INFO - meshmode.array_context - [_alias_global_temporaries]: Reduced memory requirement of 'frozen_normal_1_b_wall' from 0.0MB to 0.0MB.
2024-06-02 23:36:04,034 - INFO - pyopencl - build program: kernel 'frozen_normal_1_b_wall' was part of a lengthy source build resulting from a binary cache miss (0.39 s)
2024-06-02 23:36:04,067 - INFO - meshmode.array_context - Transforming kernel 'frozen_f2allf_ind' with 1 statements.
2024-06-02 23:36:04,077 - INFO - meshmode.array_context - Array Contraction: Contracting 0 temps
2024-06-02 23:36:04,079 - INFO - meshmode.array_context - [_alias_global_temporaries]: Reduced memory requirement of 'frozen_f2allf_ind' from 0.0MB to 0.0MB.
2024-06-02 23:36:04,478 - INFO - pyopencl - build program: kernel 'frozen_f2allf_ind' was part of a lengthy source build resulting from a binary cache miss (0.36 s)
2024-06-02 23:36:04,489 - INFO - meshmode.array_context - Transforming kernel 'frozen_f2allf_ind' with 1 statements.
2024-06-02 23:36:04,499 - INFO - meshmode.array_context - Array Contraction: Contracting 0 temps
2024-06-02 23:36:04,501 - INFO - meshmode.array_context - [_alias_global_temporaries]: Reduced memory requirement of 'frozen_f2allf_ind' from 0.0MB to 0.0MB.
2024-06-02 23:36:04,908 - INFO - pyopencl - build program: kernel 'frozen_f2allf_ind' was part of a lengthy source build resulting from a binary cache miss (0.36 s)
2024-06-02 23:36:05,022 - INFO - meshmode.array_context - Transforming kernel 'frozen_area_el_b_face_restr_interior' with 7 statements.
2024-06-02 23:36:05,152 - INFO - meshmode.array_context - Array Contraction: Contracting 2 temps
2024-06-02 23:36:05,185 - INFO - meshmode.array_context - [_alias_global_temporaries]: Reduced memory requirement of 'frozen_area_el_b_face_restr_interior' from 0.4MB to 0.3MB.
2024-06-02 23:36:05,951 - INFO - pyopencl - build program: kernel 'frozen_area_el_b_face_restr_interior' was part of a lengthy source build resulting from a binary cache miss (0.40 s)
2024-06-02 23:36:06,035 - INFO - meshmode.array_context - Transforming kernel 'frozen_normal_2_b_face_restr_interior' with 3 statements.
2024-06-02 23:36:06,105 - INFO - meshmode.array_context - Array Contraction: Contracting 0 temps
2024-06-02 23:36:06,110 - INFO - meshmode.array_context - [_alias_global_temporaries]: Reduced memory requirement of 'frozen_normal_2_b_face_restr_interior' from 0.2MB to 0.2MB.
2024-06-02 23:36:06,772 - INFO - pyopencl - build program: kernel 'frozen_normal_2_b_face_restr_interior' was part of a lengthy source build resulting from a binary cache miss (0.39 s)
2024-06-02 23:36:06,844 - INFO - meshmode.array_context - Transforming kernel 'frozen_normal_1_b_face_restr_interior' with 3 statements.
2024-06-02 23:36:06,914 - INFO - meshmode.array_context - Array Contraction: Contracting 0 temps
2024-06-02 23:36:06,919 - INFO - meshmode.array_context - [_alias_global_temporaries]: Reduced memory requirement of 'frozen_normal_1_b_face_restr_interior' from 0.2MB to 0.2MB.
2024-06-02 23:36:07,581 - INFO - pyopencl - build program: kernel 'frozen_normal_1_b_face_restr_interior' was part of a lengthy source build resulting from a binary cache miss (0.39 s)
2024-06-02 23:36:07,613 - INFO - meshmode.array_context - Transforming kernel 'frozen_f2allf_ind' with 1 statements.
2024-06-02 23:36:07,623 - INFO - meshmode.array_context - Array Contraction: Contracting 0 temps
2024-06-02 23:36:07,625 - INFO - meshmode.array_context - [_alias_global_temporaries]: Reduced memory requirement of 'frozen_f2allf_ind' from 0.0MB to 0.0MB.
2024-06-02 23:36:08,032 - INFO - pyopencl - build program: kernel 'frozen_f2allf_ind' was part of a lengthy source build resulting from a binary cache miss (0.36 s)
2024-06-02 23:36:08,044 - INFO - meshmode.array_context - Transforming kernel 'frozen_f2allf_ind' with 1 statements.
2024-06-02 23:36:08,054 - INFO - meshmode.array_context - Array Contraction: Contracting 0 temps
2024-06-02 23:36:08,056 - INFO - meshmode.array_context - [_alias_global_temporaries]: Reduced memory requirement of 'frozen_f2allf_ind' from 0.0MB to 0.0MB.
2024-06-02 23:36:08,462 - INFO - pyopencl - build program: kernel 'frozen_f2allf_ind' was part of a lengthy source build resulting from a binary cache miss (0.36 s)
2024-06-02 23:36:08,474 - INFO - meshmode.array_context - Transforming kernel 'frozen_f2allf_ind' with 1 statements.
2024-06-02 23:36:08,484 - INFO - meshmode.array_context - Array Contraction: Contracting 0 temps
2024-06-02 23:36:08,486 - INFO - meshmode.array_context - [_alias_global_temporaries]: Reduced memory requirement of 'frozen_f2allf_ind' from 0.0MB to 0.0MB.
2024-06-02 23:36:08,892 - INFO - pyopencl - build program: kernel 'frozen_f2allf_ind' was part of a lengthy source build resulting from a binary cache miss (0.36 s)
2024-06-02 23:36:09,630 - INFO - meshmode.array_context - Transforming kernel 'frozen_inv_metric_deriv_vol' with 45 statements.
2024-06-02 23:36:10,651 - INFO - loopy.tools - fuse_same_discretization_entity_loops on 'frozen_inv_metric_deriv_vol': completed (0.93s wall 1.00x CPU)
2024-06-02 23:36:10,697 - INFO - meshmode.array_context - Loop Fusion: completed (1.06s wall 1.00x CPU)
2024-06-02 23:36:10,823 - INFO - meshmode.array_context - Array Contraction: Contracting 0 temps
2024-06-02 23:36:10,860 - INFO - meshmode.array_context - [_alias_global_temporaries]: Reduced memory requirement of 'frozen_inv_metric_deriv_vol' from 1.7MB to 0.5MB.
2024-06-02 23:36:11,636 - INFO - loopy.tools - preprocess_program on 'frozen_inv_metric_deriv_vol': completed (0.61s wall 1.00x CPU)
2024-06-02 23:36:13,676 - INFO - pyopencl - build program: kernel 'frozen_inv_metric_deriv_vol' was part of a lengthy source build resulting from a binary cache miss (0.59 s)
/p/gpfs1/mtcampbe/CEESD/AutomatedTesting/MIRGE-Timing/timing/emirge/mirgecom/mirgecom/artificial_viscosity.py:347: UserWarning: The AV boundary_kwargs interface is deprecated, please pass gas_model and time directly.
  warn("The AV boundary_kwargs interface is deprecated, please pass gas_model"
2024-06-02 23:36:15,128 - INFO - grudge.array_context - deduplicate_data_wrappers[pre-partition]: completed (0.65s wall 1.00x CPU)
failed to infer axis 1 of array of type <class 'pytato.array.Reshape'>.
expr.non_equality_tags=frozenset()
2024-06-02 23:36:17,107 - INFO - grudge.array_context - transform_dag.infer_axes_tags[pre-partition]: completed (1.83s wall 1.00x CPU)
2024-06-02 23:36:17,608 - INFO - pytato.distributed.verify - find_partition: Split 3430 nodes into 1 parts, with [3430] nodes in each partition.
2024-06-02 23:36:18,587 - INFO - meshmode.array_context - transform_dag.deduplicate_data_wrappers: completed (0.37s wall 1.00x CPU)
2024-06-02 23:36:19,309 - INFO - meshmode.array_context - transform_dag.materialize_all_einsums_or_reduces: completed (0.43s wall 1.00x CPU)
failed to infer axis 1 of array of type <class 'pytato.array.Reshape'>.
expr.non_equality_tags=frozenset()
2024-06-02 23:36:21,120 - INFO - meshmode.array_context - transform_dag.infer_axes_tags: completed (1.81s wall 1.00x CPU)
2024-06-02 23:36:21,440 - INFO - meshmode.array_context - Transforming kernel 'frozen_result' with 1 statements.
2024-06-02 23:36:21,451 - INFO - meshmode.array_context - Array Contraction: Contracting 0 temps
2024-06-02 23:36:21,453 - INFO - meshmode.array_context - [_alias_global_temporaries]: Reduced memory requirement of 'frozen_result' from 0.0MB to 0.0MB.
2024-06-02 23:36:21,872 - INFO - pyopencl - build program: kernel 'frozen_result' was part of a lengthy source build resulting from a binary cache miss (0.37 s)
2024-06-02 23:36:21,888 - INFO - meshmode.array_context - Transforming kernel 'frozen_result' with 1 statements.
2024-06-02 23:36:21,917 - INFO - meshmode.array_context - Array Contraction: Contracting 0 temps
_get_iel_to_idofs: str(insn)="_ary_store: _ary[idim_ensm0, idim_ensm0_0, iel_ensm0] <- inv_metric_deriv_vol[((idim_ensm0*5008 + idim_ensm0_0*2504 + iel_ensm0) % 10016) // 5008, ((idim_ensm0*5008 + idim_ensm0_0*2504 + iel_ensm0) % 5008) // 2504, (idim_ensm0*5008 + idim_ensm0_0*2504 + iel_ensm0) % 2504, 0] {tags=EinsumTag(orig_loop_nest=frozenset({'iel_0_0_', 'idim_0_0_', 'idim_1_0_'}))}"
2024-06-02 23:36:22,457 - INFO - pyopencl - build program: kernel 'frozen_result' was part of a lengthy source build resulting from a binary cache miss (0.39 s)
2024-06-02 23:36:22,479 - INFO - meshmode.array_context - Transforming kernel 'frozen_result' with 1 statements.
_get_iel_to_idofs: str(insn)="_ary_store: _ary[idim_ensm0, idim_ensm0_0, iel_ensm0] <- inv_metric_deriv_vol[((idim_ensm0*5008 + idim_ensm0_0*2504 + iel_ensm0) % 10016) // 5008, ((idim_ensm0*5008 + idim_ensm0_0*2504 + iel_ensm0) % 5008) // 2504, (idim_ensm0*5008 + idim_ensm0_0*2504 + iel_ensm0) % 2504, 0] {tags=EinsumTag(orig_loop_nest=frozenset({'iel_0_0_', 'idim_0_0_', 'idim_1_0_'}))}"
2024-06-02 23:36:22,580 - INFO - meshmode.array_context - Transforming kernel 'frozen_result' with 1 statements.
2024-06-02 23:36:22,597 - INFO - meshmode.array_context - Array Contraction: Contracting 0 temps
_get_iel_to_idofs: str(insn)="_ary_store: _ary[iface_ensm0, iel_ensm0] <- _actx_dw[((iface_ensm0*2504 + iel_ensm0) % 7512) // 2504, (iface_ensm0*2504 + iel_ensm0) % 2504, 0] {tags=EinsumTag(orig_loop_nest=frozenset({'iel_0_0_', 'iface_0_0_'}))}"
2024-06-02 23:36:23,068 - INFO - pyopencl - build program: kernel 'frozen_result' was part of a lengthy source build resulting from a binary cache miss (0.38 s)
2024-06-02 23:36:23,326 - INFO - arraycontext.impl.pytato.compile - transform_dag for 'my_rhs_part_0': completed (5.72s wall 1.00x CPU)
2024-06-02 23:36:27,264 - INFO - arraycontext.impl.pytato.compile - generate_loopy for 'my_rhs_part_0': completed (3.94s wall 1.00x CPU)
2024-06-02 23:36:27,265 - INFO - meshmode.array_context - Transforming kernel 'my_rhs_part_0' with 355 statements.
2024-06-02 23:36:39,270 - INFO - loopy.tools - fuse_same_discretization_entity_loops on 'my_rhs_part_0': completed (11.20s wall 1.00x CPU)
2024-06-02 23:36:39,966 - INFO - meshmode.array_context - Loop Fusion: completed (12.68s wall 1.00x CPU)
2024-06-02 23:36:41,554 - INFO - meshmode.array_context - Array Contraction: Contracting 73 temps
2024-06-02 23:36:44,940 - INFO - loopy.tools - contract_arrays on 'my_rhs_part_0': completed (3.39s wall 1.00x CPU)
2024-06-02 23:36:45,342 - INFO - meshmode.array_context - Array Contraction: completed (4.41s wall 1.00x CPU)
2024-06-02 23:36:45,519 - INFO - meshmode.array_context - [_alias_global_temporaries]: Reduced memory requirement of 'my_rhs_part_0' from 16.3MB to 7.5MB.
2024-06-02 23:36:47,284 - INFO - arraycontext.impl.pytato.compile - transform_loopy_program for 'my_rhs_part_0': completed (20.02s wall 1.00x CPU)
2024-06-02 23:36:51,664 - INFO - loopy.preprocess - my_rhs_part_0: preprocess: completed (0.43s wall 1.00x CPU)
2024-06-02 23:36:54,090 - INFO - loopy.tools - preprocess_program on 'my_rhs_part_0': completed (5.88s wall 1.00x CPU)
2024-06-02 23:37:00,310 - INFO - loopy.schedule - my_rhs_part_0: schedule: completed (2.58s wall 1.00x CPU)
2024-06-02 23:37:08,532 - INFO - loopy.codegen - my_rhs_part_0: generate code: completed (4.52s wall 1.00x CPU)
2024-06-02 23:37:16,587 - INFO - pyopencl - build program: kernel 'my_rhs_part_0' was part of a lengthy source build resulting from a binary cache miss (5.90 s)
2024-06-02 23:37:18,010 - INFO - meshmode.array_context - Transforming kernel 'frozen_result' with 1 statements.
2024-06-02 23:37:18,026 - INFO - meshmode.array_context - Array Contraction: Contracting 0 temps
2024-06-02 23:37:18,028 - INFO - meshmode.array_context - [_alias_global_temporaries]: Reduced memory requirement of 'frozen_result' from 0.0MB to 0.0MB.
2024-06-02 23:37:18,463 - INFO - pyopencl - build program: kernel 'frozen_result' was part of a lengthy source build resulting from a binary cache miss (0.37 s)
2024-06-02 23:37:18,480 - INFO - meshmode.array_context - Transforming kernel 'frozen_result' with 1 statements.
2024-06-02 23:37:18,495 - INFO - meshmode.array_context - Array Contraction: Contracting 0 temps
2024-06-02 23:37:18,498 - INFO - meshmode.array_context - [_alias_global_temporaries]: Reduced memory requirement of 'frozen_result' from 0.0MB to 0.0MB.
2024-06-02 23:37:18,932 - INFO - pyopencl - build program: kernel 'frozen_result' was part of a lengthy source build resulting from a binary cache miss (0.37 s)
2024-06-02 23:37:18,959 - INFO - meshmode.array_context - Transforming kernel 'frozen_result' with 1 statements.
2024-06-02 23:37:18,975 - INFO - meshmode.array_context - Array Contraction: Contracting 0 temps
2024-06-02 23:37:18,977 - INFO - meshmode.array_context - [_alias_global_temporaries]: Reduced memory requirement of 'frozen_result' from 0.0MB to 0.0MB.
2024-06-02 23:37:19,410 - INFO - pyopencl - build program: kernel 'frozen_result' was part of a lengthy source build resulting from a binary cache miss (0.37 s)
2024-06-02 23:37:19,426 - INFO - meshmode.array_context - Transforming kernel 'frozen_result' with 1 statements.
2024-06-02 23:37:19,442 - INFO - meshmode.array_context - Array Contraction: Contracting 0 temps
2024-06-02 23:37:19,444 - INFO - meshmode.array_context - [_alias_global_temporaries]: Reduced memory requirement of 'frozen_result' from 0.0MB to 0.0MB.
2024-06-02 23:37:19,877 - INFO - pyopencl - build program: kernel 'frozen_result' was part of a lengthy source build resulting from a binary cache miss (0.37 s)
/p/gpfs1/mtcampbe/CEESD/AutomatedTesting/MIRGE-Timing/timing/emirge/mirgecom/mirgecom/steppers.py:439: UserWarning: Deduced force_eval=True for this timestepper. This can have a nontrivial performance impact. If you know that your timestepper does not require per-step forced evaluation, explicitly set force_eval=False.
  _advance_state_stepper_func(
2024-06-02 23:37:19,953 - INFO - meshmode.array_context - Transforming kernel 'frozen_result' with 4 statements.
2024-06-02 23:37:20,006 - INFO - meshmode.array_context - Array Contraction: Contracting 0 temps
2024-06-02 23:37:20,011 - INFO - meshmode.array_context - [_alias_global_temporaries]: Reduced memory requirement of 'frozen_result' from 0.0MB to 0.0MB.
2024-06-02 23:37:20,600 - INFO - pyopencl - build program: kernel 'frozen_result' was part of a lengthy source build resulting from a binary cache miss (0.38 s)
step = 0, sim time: 0.000000e+00 s, step walltime: 101.425 s
2024-06-02 23:37:20,737 - INFO - meshmode.array_context - Transforming kernel 'frozen_result' with 4 statements.
2024-06-02 23:37:20,790 - INFO - meshmode.array_context - Array Contraction: Contracting 0 temps
2024-06-02 23:37:20,795 - INFO - meshmode.array_context - [_alias_global_temporaries]: Reduced memory requirement of 'frozen_result' from 0.0MB to 0.0MB.
2024-06-02 23:37:21,383 - INFO - pyopencl - build program: kernel 'frozen_result' was part of a lengthy source build resulting from a binary cache miss (0.38 s)
step = 1, sim time: 1.000000e-08 s, step walltime: 0.766535 s
step = 2, sim time: 2.000000e-08 s, step walltime: 0.0417726 s
step = 3, sim time: 3.000000e-08 s, step walltime: 0.0333779 s
step = 4, sim time: 4.000000e-08 s, step walltime: 0.0332508 s
step = 5, sim time: 5.000000e-08 s, step walltime: 0.0331103 s
step = 6, sim time: 6.000000e-08 s, step walltime: 0.0333217 s
step = 7, sim time: 7.000000e-08 s, step walltime: 0.0331402 s
step = 8, sim time: 8.000000e-08 s, step walltime: 0.0332918 s
step = 9, sim time: 9.000000e-08 s, step walltime: 0.0330914 s
step = 10, sim time: 1.000000e-07 s, step walltime: 0.0333471 s
step = 11, sim time: 1.100000e-07 s, step walltime: 0.0330519 s
step = 12, sim time: 1.200000e-07 s, step walltime: 0.033038 s
step = 13, sim time: 1.300000e-07 s, step walltime: 0.0335773 s
step = 14, sim time: 1.400000e-07 s, step walltime: 0.033121 s
step = 15, sim time: 1.500000e-07 s, step walltime: 0.0333137 s
step = 16, sim time: 1.600000e-07 s, step walltime: 0.0331007 s
step = 17, sim time: 1.700000e-07 s, step walltime: 0.0333249 s
step = 18, sim time: 1.800000e-07 s, step walltime: 0.0331179 s
2024-06-02 23:37:22,079 - INFO - meshmode.array_context - Transforming kernel 'frozen_result' with 1 statements.
2024-06-02 23:37:22,096 - INFO - meshmode.array_context - Array Contraction: Contracting 0 temps
2024-06-02 23:37:22,102 - INFO - meshmode.array_context - [_alias_global_temporaries]: Reduced memory requirement of 'frozen_result' from 0.0MB to 0.0MB.
2024-06-02 23:37:22,537 - INFO - pyopencl - build program: kernel 'frozen_result' was part of a lengthy source build resulting from a binary cache miss (0.37 s)
2024-06-02 23:37:22,563 - INFO - meshmode.array_context - Transforming kernel 'frozen_result' with 1 statements.
2024-06-02 23:37:22,579 - INFO - meshmode.array_context - Array Contraction: Contracting 0 temps
2024-06-02 23:37:22,581 - INFO - meshmode.array_context - [_alias_global_temporaries]: Reduced memory requirement of 'frozen_result' from 0.0MB to 0.0MB.
2024-06-02 23:37:23,014 - INFO - pyopencl - build program: kernel 'frozen_result' was part of a lengthy source build resulting from a binary cache miss (0.37 s)
2024-06-02 23:37:23,088 - INFO - meshmode.array_context - Transforming kernel 'frozen_result' with 4 statements.
2024-06-02 23:37:23,141 - INFO - meshmode.array_context - Array Contraction: Contracting 0 temps
2024-06-02 23:37:23,145 - INFO - meshmode.array_context - [_alias_global_temporaries]: Reduced memory requirement of 'frozen_result' from 0.0MB to 0.0MB.
2024-06-02 23:37:23,732 - INFO - pyopencl - build program: kernel 'frozen_result' was part of a lengthy source build resulting from a binary cache miss (0.38 s)
step = 19, sim time: 1.900000e-07 s, step walltime: 1.69802 s
2024-06-02 23:37:23,780 - INFO - pytato.distributed.verify - find_partition: Split 22 nodes into 1 parts, with [22] nodes in each partition.
2024-06-02 23:37:23,835 - INFO - meshmode.array_context - Transforming kernel 'get_fluid_state_part_0' with 15 statements.
2024-06-02 23:37:23,978 - INFO - meshmode.array_context - Array Contraction: Contracting 1 temps
2024-06-02 23:37:24,002 - INFO - meshmode.array_context - [_alias_global_temporaries]: Reduced memory requirement of 'get_fluid_state_part_0' from 0.1MB to 0.1MB.
2024-06-02 23:37:24,860 - INFO - pyopencl - build program: kernel 'get_fluid_state_part_0' was part of a lengthy source build resulting from a binary cache miss (0.39 s)
Checkpointing final state ...
2024-06-02 23:37:24,937 - INFO - meshmode.array_context - Transforming kernel 'frozen_result' with 4 statements.
2024-06-02 23:37:24,989 - INFO - meshmode.array_context - Array Contraction: Contracting 3 temps
2024-06-02 23:37:25,025 - INFO - meshmode.array_context - [_alias_global_temporaries]: Reduced memory requirement of 'frozen_result' from 0.2MB to 0.2MB.
2024-06-02 23:37:25,550 - INFO - pyopencl - build program: kernel 'frozen_result' was part of a lengthy source build resulting from a binary cache miss (0.39 s)
-------- dt = 0.000e+00, cfl = 0.0228
-------- P (min, max) (Pa) = (1.284504623e+03, 2.753939220e+05)
-------- T (min, max) (K)  = (269.955, 2214.65)

2024-06-02 23:37:25,604 - INFO - meshmode.array_context - Transforming kernel 'frozen_result' with 3 statements.
2024-06-02 23:37:25,632 - INFO - meshmode.array_context - Array Contraction: Contracting 0 temps
2024-06-02 23:37:25,636 - INFO - meshmode.array_context - [_alias_global_temporaries]: Reduced memory requirement of 'frozen_result' from 0.1MB to 0.1MB.
2024-06-02 23:37:26,395 - INFO - pyopencl - build program: kernel 'frozen_result' was part of a lengthy source build resulting from a binary cache miss (0.40 s)
2024-06-02 23:37:26,417 - INFO - meshmode.array_context - Transforming kernel 'frozen_result' with 1 statements.
2024-06-02 23:37:26,425 - INFO - meshmode.array_context - Array Contraction: Contracting 0 temps
2024-06-02 23:37:26,427 - INFO - meshmode.array_context - [_alias_global_temporaries]: Reduced memory requirement of 'frozen_result' from 0.0MB to 0.0MB.
2024-06-02 23:37:26,867 - INFO - pyopencl - build program: kernel 'frozen_result' was part of a lengthy source build resulting from a binary cache miss (0.38 s)
2024-06-02 23:37:26,899 - INFO - meshmode.array_context - Transforming kernel 'frozen_result' with 3 statements.
2024-06-02 23:37:26,927 - INFO - meshmode.array_context - Array Contraction: Contracting 0 temps
2024-06-02 23:37:26,931 - INFO - meshmode.array_context - [_alias_global_temporaries]: Reduced memory requirement of 'frozen_result' from 0.1MB to 0.1MB.
2024-06-02 23:37:27,491 - INFO - pyopencl - build program: kernel 'frozen_result' was part of a lengthy source build resulting from a binary cache miss (0.40 s)
failed to infer axis 1 of array of type <class 'pytato.array.Reshape'>.
expr.non_equality_tags=frozenset()
2024-06-02 23:37:27,548 - INFO - meshmode.array_context - Transforming kernel 'frozen_result' with 6 statements.
2024-06-02 23:37:27,640 - INFO - meshmode.array_context - Array Contraction: Contracting 0 temps
2024-06-02 23:37:27,648 - INFO - meshmode.array_context - [_alias_global_temporaries]: Reduced memory requirement of 'frozen_result' from 0.2MB to 0.2MB.
2024-06-02 23:37:28,488 - INFO - pyopencl - build program: kernel 'frozen_result' was part of a lengthy source build resulting from a binary cache miss (0.47 s)
2024-06-02 23:37:28,553 - INFO - meshmode.array_context - Transforming kernel 'frozen_result' with 4 statements.
2024-06-02 23:37:28,598 - INFO - meshmode.array_context - Array Contraction: Contracting 2 temps
2024-06-02 23:37:28,623 - INFO - meshmode.array_context - [_alias_global_temporaries]: Reduced memory requirement of 'frozen_result' from 0.2MB to 0.2MB.
2024-06-02 23:37:29,231 - INFO - pyopencl - build program: kernel 'frozen_result' was part of a lengthy source build resulting from a binary cache miss (0.41 s)
nanobind: leaked 498 instances!
 - leaked instance 0x10ae39f00 of type "PooledSVM"
 - leaked instance 0x1089fdc80 of type "PooledSVM"
 - leaked instance 0x2002ef846d18 of type "Kernel"
 - leaked instance 0x2002ef481558 of type "Kernel"
 - leaked instance 0x2002ef86f698 of type "Kernel"
 - leaked instance 0x10afbdc80 of type "Event"
 - leaked instance 0x10adf11b0 of type "Event"
 - leaked instance 0x2002eeba4118 of type "Kernel"
 - leaked instance 0x109497b20 of type "PooledSVM"
 - leaked instance 0x109972180 of type "PooledSVM"
 - leaked instance 0x108aa29b0 of type "Event"
 - leaked instance 0x1089f4930 of type "Event"
 - leaked instance 0x10ac4a400 of type "Event"
 - leaked instance 0x101382630 of type "PooledSVM"
 - leaked instance 0x10a2c0df0 of type "PooledSVM"
 - leaked instance 0x10a4c16d0 of type "Event"
 - leaked instance 0x2002ef7cf358 of type "Kernel"
 - leaked instance 0x10adcaf20 of type "Event"
 - leaked instance 0x10addf2c0 of type "Event"
 - leaked instance 0x2002eecb3718 of type "Kernel"
 - leaked instance 0x2002ee4a3e18 of type "Kernel"
 - leaked instance 0x10ae59860 of type "PooledSVM"
 - leaked instance 0x2002fedc0498 of type "Kernel"
 - leaked instance 0x2002ee238a58 of type "Kernel"
 - leaked instance 0x10b1edd60 of type "Event"
 - leaked instance 0x2002ef3151d8 of type "Kernel"
 - leaked instance 0x2002efa1da98 of type "Kernel"
 - leaked instance 0x108ae5400 of type "PooledSVM"
 - leaked instance 0x10a607a20 of type "Event"
 - leaked instance 0x2002ef851358 of type "Kernel"
 - leaked instance 0x10b9caa70 of type "Event"
 - leaked instance 0x10ae62f80 of type "Event"
 - leaked instance 0x1099a8230 of type "Event"
 - leaked instance 0x2002fda41818 of type "Kernel"
 - leaked instance 0x2002fec81c18 of type "Kernel"
 - leaked instance 0x10c7d36f0 of type "PooledSVM"
 - leaked instance 0x102d3d560 of type "Device"
 - leaked instance 0x10b37a020 of type "PooledSVM"
 - leaked instance 0x109497e50 of type "Event"
 - leaked instance 0x108a06f30 of type "Event"
 - leaked instance 0x10327cf80 of type "PooledSVM"
 - leaked instance 0x10afa7ef0 of type "Event"
 - leaked instance 0x10adb9be0 of type "Event"
 - leaked instance 0x10ae8bd60 of type "Event"
 - leaked instance 0x2002ff75a898 of type "Kernel"
 - leaked instance 0x2002fc62b218 of type "Kernel"
 - leaked instance 0x2002ef496a98 of type "Kernel"
 - leaked instance 0x2002ff8a11d8 of type "Kernel"
 - leaked instance 0x10ae6a240 of type "Event"
 - leaked instance 0x2002efa2dc18 of type "Kernel"
 - leaked instance 0x10ad35b70 of type "Event"
 - leaked instance 0x10a82e790 of type "Event"
 - leaked instance 0x109d850c0 of type "PooledSVM"
 - leaked instance 0x10adf41d0 of type "Event"
 - leaked instance 0x10b800400 of type "Event"
 - leaked instance 0x109772ab0 of type "PooledSVM"
 - leaked instance 0x2002fc62b098 of type "Kernel"
 - leaked instance 0x10ae46b40 of type "Event"
 - leaked instance 0x10b2998c0 of type "Event"
 - leaked instance 0x108aba930 of type "Event"
 - leaked instance 0x109b9c0b0 of type "Event"
 - leaked instance 0x108af7e00 of type "PooledSVM"
 - leaked instance 0x10ae59200 of type "Event"
 - leaked instance 0x2002ef4c9258 of type "Kernel"
 - leaked instance 0x10b28f440 of type "PooledSVM"
 - leaked instance 0x10ae04630 of type "PooledSVM"
 - leaked instance 0x100b24100 of type "Event"
 - leaked instance 0x106f9ece0 of type "Event"
 - leaked instance 0x10a401a60 of type "Event"
 - leaked instance 0x10ada1f40 of type "PooledSVM"
 - leaked instance 0x106f6c900 of type "Event"
 - leaked instance 0x104d21c10 of type "PooledSVM"
 - leaked instance 0x10bb69c10 of type "PooledSVM"
 - leaked instance 0x1089f4ed0 of type "PooledSVM"
 - leaked instance 0x2002fe9a6758 of type "Kernel"
 - leaked instance 0x108a83ab0 of type "Event"
 - leaked instance 0x109e49f00 of type "Event"
 - leaked instance 0x10b63e420 of type "Event"
 - leaked instance 0x2002ef838f58 of type "Kernel"
 - leaked instance 0x2002ef146a98 of type "Kernel"
 - leaked instance 0x104991c70 of type "Event"
 - leaked instance 0x10adc5ef0 of type "PooledSVM"
 - leaked instance 0x2002efd04098 of type "Kernel"
 - leaked instance 0x2002fd317b98 of type "Kernel"
 - leaked instance 0x109be4590 of type "Event"
 - leaked instance 0x2002efb74818 of type "Kernel"
 - leaked instance 0x10a002e80 of type "PooledSVM"
 - leaked instance 0x10b274d00 of type "Event"
 - leaked instance 0x10aefd650 of type "Event"
 - leaked instance 0x10c826f10 of type "Event"
 - leaked instance 0x10a109e20 of type "Event"
 - leaked instance 0x1094a5130 of type "PooledSVM"
 - leaked instance 0x1089e8d40 of type "Event"
 - leaked instance 0x108a51ce0 of type "Event"
 - leaked instance 0x108a73750 of type "PooledSVM"
 - leaked instance 0x10b34bd20 of type "PooledSVM"
 - leaked instance 0x2002efa2a458 of type "Kernel"
 - leaked instance 0x10af4b8e0 of type "PooledSVM"
 - leaked instance 0x108affe80 of type "Event"
 - leaked instance 0x2002ef9a6598 of type "Kernel"
 - leaked instance 0x10aebbe00 of type "Event"
 - leaked instance 0x2002eefffe18 of type "Kernel"
 - leaked instance 0x2002efd82798 of type "Kernel"
 - leaked instance 0x10b381e80 of type "Event"
 - leaked instance 0x2002efc8ea98 of type "Kernel"
 - leaked instance 0x10ae59740 of type "Event"
 - leaked instance 0x10af04e60 of type "Event"
 - leaked instance 0x10acf1da0 of type "PooledSVM"
 - leaked instance 0x10aa6ff70 of type "PooledSVM"
 - leaked instance 0x10b37e440 of type "PooledSVM"
 - leaked instance 0x2002ef4e7d98 of type "Kernel"
 - leaked instance 0x108a61c70 of type "Event"
 - leaked instance 0x10ae09c60 of type "Event"
 - leaked instance 0x10add6ed0 of type "Event"
 - leaked instance 0x2002ef22e698 of type "Kernel"
 - leaked instance 0x108b55dc0 of type "PooledSVM"
 - leaked instance 0x10aa7c100 of type "PooledSVM"
 - leaked instance 0x109a7cd40 of type "Event"
 - leaked instance 0x1089b3110 of type "PooledSVM"
 - leaked instance 0x106fa1600 of type "Event"
 - leaked instance 0x10a1cca10 of type "Event"
 - leaked instance 0x10b260bd0 of type "PooledSVM"
 - leaked instance 0x2002ee4a2b98 of type "Kernel"
 - leaked instance 0x10ba02b40 of type "PooledSVM"
 - leaked instance 0x10b382930 of type "Event"
 - leaked instance 0x10aa4c990 of type "Event"
 - leaked instance 0x101205030 of type "PooledSVM"
 - leaked instance 0x10ac7b990 of type "PooledSVM"
 - leaked instance 0x10ae3c530 of type "Event"
 - leaked instance 0x10af026c0 of type "PooledSVM"
 - leaked instance 0x109f118c0 of type "Event"
 - leaked instance 0x2002ef8e6a98 of type "Kernel"
 - leaked instance 0x10a4c2980 of type "PooledSVM"
 - leaked instance 0x10abfea70 of type "Event"
 - leaked instance 0x10af88100 of type "PooledSVM"
 - leaked instance 0x106f20e70 of type "Event"
 - leaked instance 0x2002ef3c4b58 of type "Kernel"
 - leaked instance 0x2002eeb51418 of type "Kernel"
 - leaked instance 0x10b35e500 of type "Event"
 - leaked instance 0x10af00190 of type "Event"
 - leaked instance 0x10b214b30 of type "Event"
 - leaked instance 0x2002ef510e18 of type "Kernel"
 - leaked instance 0x2002efda7018 of type "Kernel"
 - leaked instance 0x1099df220 of type "PooledSVM"
 - leaked instance 0x2002ef570dd8 of type "Kernel"
 - leaked instance 0x10b619be0 of type "PooledSVM"
 - leaked instance 0x2002ef83a898 of type "Kernel"
 - leaked instance 0x2002ff759dd8 of type "Kernel"
 - leaked instance 0x109dc88e0 of type "Event"
 - leaked instance 0x10a004a70 of type "Event"
 - leaked instance 0x10aa4cb10 of type "PooledSVM"
 - leaked instance 0x10a3ed840 of type "PooledSVM"
 - leaked instance 0x10aa6ffc0 of type "Event"
 - leaked instance 0x2002ef331118 of type "Kernel"
 - leaked instance 0x109f5b1d0 of type "PooledSVM"
 - leaked instance 0x10ae0c2d0 of type "PooledSVM"
 - leaked instance 0x10af87b60 of type "PooledSVM"
 - leaked instance 0x2002ee2fc358 of type "Kernel"
 - leaked instance 0x2002fe0a7bd8 of type "Kernel"
 - leaked instance 0x2002ff0e3358 of type "Kernel"
 - leaked instance 0x10ad97110 of type "Event"
 - leaked instance 0x10af89e60 of type "Event"
 - leaked instance 0x2002efd808d8 of type "Kernel"
 - leaked instance 0x10ae45d90 of type "PooledSVM"
 - leaked instance 0x1089f0f60 of type "Event"
 - leaked instance 0x2002efda5a18 of type "Kernel"
 - leaked instance 0x10bb2ea30 of type "Event"
 - leaked instance 0x10bdcc370 of type "Event"
 - leaked instance 0x10b238cf0 of type "Event"
 - leaked instance 0x10a28c3a0 of type "PooledSVM"
 - leaked instance 0x10b1dac90 of type "PooledSVM"
 - leaked instance 0x2002eeba70d8 of type "Kernel"
 - leaked instance 0x10bda31e0 of type "PooledSVM"
 - leaked instance 0x1089f6310 of type "Event"
 - leaked instance 0x1099e0e90 of type "Event"
 - leaked instance 0x10ba462c0 of type "PooledSVM"
 - leaked instance 0x10ae8bce0 of type "Event"
 - leaked instance 0x2002fdbd1a58 of type "Kernel"
 - leaked instance 0x101011280 of type "Event"
 - leaked instance 0x10bc43210 of type "Event"
 - leaked instance 0x10abfeee0 of type "PooledSVM"
 - leaked instance 0x2002ff9ff4d8 of type "Kernel"
 - leaked instance 0x10adcd220 of type "PooledSVM"
 - leaked instance 0x10be9f5d0 of type "Event"
 - leaked instance 0x109f22680 of type "PooledSVM"
 - leaked instance 0x2002fd18c498 of type "Kernel"
 - leaked instance 0x10ad8a180 of type "Event"
 - leaked instance 0x20000d053c98 of type "Context"
 - leaked instance 0x2002ee7f4958 of type "Kernel"
 - leaked instance 0x10a35f7b0 of type "Event"
 - leaked instance 0x10ba48590 of type "Event"
 - leaked instance 0x10aefd9b0 of type "Event"
 - leaked instance 0x10b9c5fe0 of type "PooledSVM"
 - leaked instance 0x2002ee69c1d8 of type "Kernel"
 - leaked instance 0x2002ff491398 of type "Kernel"
 - leaked instance 0x2002ff82ca58 of type "Kernel"
 - leaked instance 0x1089de4e0 of type "PooledSVM"
 - leaked instance 0x2002eed15098 of type "Kernel"
 - leaked instance 0x10aa70fb0 of type "PooledSVM"
 - leaked instance 0x109a62640 of type "Event"
 - leaked instance 0x10a341820 of type "Event"
 - leaked instance 0x10a3a91c0 of type "Event"
 - leaked instance 0x10acbf920 of type "Event"
 - leaked instance 0x2002fe98a6d8 of type "Kernel"
 - leaked instance 0x2002ff5ff218 of type "Kernel"
 - leaked instance 0x2002eea59c98 of type "Kernel"
 - leaked instance 0x1099e0f30 of type "PooledSVM"
 - leaked instance 0x2002ee914158 of type "Kernel"
 - leaked instance 0x106f27fd0 of type "Event"
 - leaked instance 0x10bb5b420 of type "Event"
 - leaked instance 0x10a82e400 of type "PooledSVM"
 - leaked instance 0x102e36b10 of type "Context"
 - leaked instance 0x10b28a260 of type "Event"
 - leaked instance 0x10b382f50 of type "Event"
 - leaked instance 0x2002ef4e7b98 of type "Kernel"
 - leaked instance 0x2002fcfe0dd8 of type "Kernel"
 - leaked instance 0x10ad777b0 of type "PooledSVM"
 - leaked instance 0x10af00290 of type "PooledSVM"
 - leaked instance 0x1043384a0 of type "Event"
 - leaked instance 0x106f62cd0 of type "PooledSVM"
 - leaked instance 0x104347170 of type "Event"
 - leaked instance 0x10ba2eee0 of type "PooledSVM"
 - leaked instance 0x109f233b0 of type "Event"
 - leaked instance 0x10a3b08c0 of type "PooledSVM"
 - leaked instance 0x1099f7140 of type "PooledSVM"
 - leaked instance 0x10a401c90 of type "PooledSVM"
 - leaked instance 0x2002ff5ff458 of type "Kernel"
 - leaked instance 0x10b9ca830 of type "Event"
 - leaked instance 0x10aa95830 of type "Event"
 - leaked instance 0x10c831ed0 of type "Event"
 - leaked instance 0x10ada1f90 of type "Event"
 - leaked instance 0x2002eef66d18 of type "Kernel"
 - leaked instance 0x10c4e47a0 of type "Event"
 - leaked instance 0x108ad5870 of type "Event"
 - leaked instance 0x2002ff82c618 of type "Kernel"
 - leaked instance 0x2002fd38a5d8 of type "Kernel"
 - leaked instance 0x2002ffacdf98 of type "Kernel"
 - leaked instance 0x2002efa2d4d8 of type "Kernel"
 - leaked instance 0x2002aff130d8 of type "Kernel"
 - leaked instance 0x2002ef300718 of type "Kernel"
 - leaked instance 0x108aa34e0 of type "PooledSVM"
 - leaked instance 0x10a5b8eb0 of type "PooledSVM"
 - leaked instance 0x10b2b1b60 of type "Event"
 - leaked instance 0x10a64e850 of type "PooledSVM"
 - leaked instance 0x10acd5fe0 of type "Event"
 - leaked instance 0x10a0e4850 of type "Event"
 - leaked instance 0x10a2b7fa0 of type "PooledSVM"
 - leaked instance 0x109b75100 of type "PooledSVM"
 - leaked instance 0x2002efb89398 of type "Kernel"
 - leaked instance 0x10aefd810 of type "Event"
 - leaked instance 0x2002fc6287d8 of type "Kernel"
 - leaked instance 0x109b9bd20 of type "Event"
 - leaked instance 0x2002fedcb2d8 of type "Kernel"
 - leaked instance 0x10b2a4890 of type "PooledSVM"
 - leaked instance 0x10ae6a0c0 of type "Event"
 - leaked instance 0x10ae3bda0 of type "PooledSVM"
 - leaked instance 0x108a5b840 of type "PooledSVM"
 - leaked instance 0x10942f5d0 of type "PooledSVM"
 - leaked instance 0x2002ef54bfd8 of type "Kernel"
 - leaked instance 0x2002ef35f598 of type "Kernel"
 - leaked instance 0x2002ff8a0318 of type "Kernel"
 - leaked instance 0x2002ff5fc418 of type "Kernel"
 - leaked instance 0x2002fda29f98 of type "Kernel"
 - leaked instance 0x10ae62f60 of type "Event"
 - leaked instance 0x10bb2e850 of type "PooledSVM"
 - leaked instance 0x1052b5f20 of type "Event"
 - leaked instance 0x2002ef461198 of type "Kernel"
 - leaked instance 0x109f30b40 of type "PooledSVM"
 - leaked instance 0x10aa8da00 of type "Event"
 - leaked instance 0x10b1ca170 of type "PooledSVM"
 - leaked instance 0x2002efaaed18 of type "Kernel"
 - leaked instance 0x10adb5030 of type "Event"
 - leaked instance 0x2002ef1620d8 of type "Kernel"
 - leaked instance 0x2002ff82fed8 of type "Kernel"
 - leaked instance 0x10acfbdb0 of type "Event"
 - leaked instance 0x10adf1030 of type "PooledSVM"
 - leaked instance 0x2002eeba5b98 of type "Kernel"
 - leaked instance 0x1089f6370 of type "Event"
 - leaked instance 0x1094a5200 of type "Event"
 - leaked instance 0x10be4f650 of type "Event"
 - leaked instance 0x10b2dcdd0 of type "Event"
 - leaked instance 0x10ae6b160 of type "PooledSVM"
 - leaked instance 0x20003fde5758 of type "CommandQueue"
 - leaked instance 0x108a735f0 of type "Event"
 - leaked instance 0x10ae3e760 of type "Event"
 - leaked instance 0x1099722e0 of type "PooledSVM"
 - leaked instance 0x106fa9830 of type "Event"
 - leaked instance 0x108ae55b0 of type "PooledSVM"
 - leaked instance 0x2002ef8cedd8 of type "Kernel"
 - leaked instance 0x109b9d990 of type "Event"
 - leaked instance 0x1099414a0 of type "Event"
 - leaked instance 0x109f22ad0 of type "Event"
 - leaked instance 0x10af9dc60 of type "PooledSVM"
 - leaked instance 0x109cbec80 of type "Event"
 - leaked instance 0x1097a69c0 of type "PooledSVM"
 - leaked instance 0x109f1d2c0 of type "Event"
 - leaked instance 0x10bb543d0 of type "Event"
 - leaked instance 0x2002ef8e9c98 of type "Kernel"
 - leaked instance 0x10ae62be0 of type "Event"
 - leaked instance 0x109923390 of type "Event"
 - leaked instance 0x108af6470 of type "Event"
 - leaked instance 0x2002ef7a6d18 of type "Kernel"
 - leaked instance 0x10be11900 of type "PooledSVM"
 - leaked instance 0x2002ef13ce18 of type "Kernel"
 - leaked instance 0x10b2dca30 of type "PooledSVM"
 - leaked instance 0x109fbdd40 of type "Event"
 - leaked instance 0x2002fea20898 of type "Kernel"
 - leaked instance 0x2002ef4e7598 of type "Kernel"
 - leaked instance 0x10a3b58f0 of type "PooledSVM"
 - leaked instance 0x108a31070 of type "Event"
 - leaked instance 0x2002ff5fef58 of type "Kernel"
 - leaked instance 0x2002efbd88d8 of type "Kernel"
 - leaked instance 0x2002feb280d8 of type "Kernel"
 - leaked instance 0x10ae3ec30 of type "Event"
 - leaked instance 0x109f23190 of type "Event"
 - leaked instance 0x10a425f20 of type "Event"
 - leaked instance 0x2002efafb2d8 of type "Kernel"
 - leaked instance 0x102eb2bf0 of type "Platform"
 - leaked instance 0x109e97b00 of type "PooledSVM"
 - leaked instance 0x1089ed160 of type "Event"
 - leaked instance 0x10a398670 of type "Event"
 - leaked instance 0x10af04e10 of type "PooledSVM"
 - leaked instance 0x10aecce40 of type "Event"
 - leaked instance 0x2002ef333b98 of type "Kernel"
 - leaked instance 0x109dca1f0 of type "PooledSVM"
 - leaked instance 0x2002ee909658 of type "Kernel"
 - leaked instance 0x10aeccd70 of type "Event"
 - leaked instance 0x2002fe56d718 of type "Kernel"
 - leaked instance 0x10abf1e50 of type "PooledSVM"
 - leaked instance 0x109f22b10 of type "PooledSVM"
 - leaked instance 0x10ad02f90 of type "Event"
 - leaked instance 0x10b35c1a0 of type "PooledSVM"
 - leaked instance 0x10bea1e60 of type "Event"
 - leaked instance 0x109f05d60 of type "Event"
 - leaked instance 0x10be0f8f0 of type "Event"
 - leaked instance 0x2002fe7a0718 of type "Kernel"
 - leaked instance 0x10b1daa30 of type "Event"
 - leaked instance 0x2002ff53bd58 of type "Kernel"
 - leaked instance 0x2002ff328098 of type "Kernel"
 - leaked instance 0x10ace1500 of type "Event"
 - leaked instance 0x104cc8ec0 of type "PooledSVM"
 - leaked instance 0x108b154a0 of type "Event"
 - leaked instance 0x2002ef3a8d18 of type "Kernel"
 - leaked instance 0x10ae63040 of type "Event"
 - leaked instance 0x2002ff5fdd98 of type "Kernel"
 - leaked instance 0x2002ef4d0058 of type "Kernel"
 - leaked instance 0x10af22620 of type "PooledSVM"
 - leaked instance 0x10ba14af0 of type "PooledSVM"
 - leaked instance 0x2002efd20998 of type "Kernel"
 - leaked instance 0x2002eefd3dd8 of type "Kernel"
 - leaked instance 0x10b567d00 of type "PooledSVM"
 - leaked instance 0x10acb7f40 of type "PooledSVM"
 - leaked instance 0x10af7c890 of type "PooledSVM"
 - leaked instance 0x2002ef847bd8 of type "Kernel"
 - leaked instance 0x10b83a220 of type "Event"
 - leaked instance 0x2002ff5ffc58 of type "Kernel"
 - leaked instance 0x2002efa621d8 of type "Kernel"
 - leaked instance 0x10b1ee540 of type "PooledSVM"
 - leaked instance 0x108ad56a0 of type "Event"
 - leaked instance 0x2002fc629d18 of type "Kernel"
 - leaked instance 0x106f893c0 of type "PooledSVM"
 - leaked instance 0x109e4a380 of type "Event"
 - leaked instance 0x2002fc6293d8 of type "Kernel"
 - leaked instance 0x1097c9230 of type "Event"
 - leaked instance 0x10ae9c870 of type "Event"
 - leaked instance 0x2002fcbc9fd8 of type "Kernel"
 - leaked instance 0x10a624370 of type "Event"
 - leaked instance 0x10c82a070 of type "PooledSVM"
 - leaked instance 0x10a616390 of type "PooledSVM"
 - leaked instance 0x108a75f70 of type "PooledSVM"
 - leaked instance 0x109f199b0 of type "Event"
 - leaked instance 0x10ad9aab0 of type "Event"
 - leaked instance 0x10b382620 of type "Event"
 - leaked instance 0x2002ef2cf1d8 of type "Kernel"
 - leaked instance 0x2002eeba4218 of type "Kernel"
 - leaked instance 0x10aebc4c0 of type "Event"
 - leaked instance 0x10a001f80 of type "PooledSVM"
 - leaked instance 0x10c7fa660 of type "PooledSVM"
 - leaked instance 0x10b360f30 of type "PooledSVM"
 - leaked instance 0x10b283560 of type "PooledSVM"
 - leaked instance 0x1097a6800 of type "Event"
 - leaked instance 0x10aa4c940 of type "PooledSVM"
 - leaked instance 0x10ba36c20 of type "PooledSVM"
 - leaked instance 0x109a75180 of type "Event"
 - leaked instance 0x10aeb2c80 of type "Event"
 - leaked instance 0x10b33a650 of type "PooledSVM"
 - leaked instance 0x10ad9aa60 of type "PooledSVM"
 - leaked instance 0x2002ff82c458 of type "Kernel"
 - leaked instance 0x10ae596f0 of type "PooledSVM"
 - leaked instance 0x1099db5b0 of type "Event"
 - leaked instance 0x1052f7220 of type "Event"
 - leaked instance 0x10a602d70 of type "Event"
 - leaked instance 0x108a83a60 of type "PooledSVM"
 - leaked instance 0x109448400 of type "Event"
 - leaked instance 0x10ae5cc60 of type "Event"
 - leaked instance 0x10ab9d8c0 of type "Event"
 - leaked instance 0x109b51830 of type "Event"
 - leaked instance 0x1099db590 of type "Event"
 - leaked instance 0x10b2b8a50 of type "PooledSVM"
 - leaked instance 0x10a3b0ac0 of type "PooledSVM"
 - leaked instance 0x10b1d3380 of type "PooledSVM"
 - leaked instance 0x10ae9ca20 of type "Event"
 - leaked instance 0x108afaa10 of type "PooledSVM"
 - leaked instance 0x10a401ce0 of type "Event"
 - leaked instance 0x2002ee3b3758 of type "Kernel"
 - leaked instance 0x2002efda6dd8 of type "Kernel"
 - leaked instance 0x10c866190 of type "PooledSVM"
 - leaked instance 0x10c82beb0 of type "PooledSVM"
 - leaked instance 0x2002ed0ce418 of type "Kernel"
 - leaked instance 0x2002eeba6dd8 of type "Kernel"
 - leaked instance 0x10a4039f0 of type "Event"
 - leaked instance 0x10b1ee0a0 of type "Event"
 - leaked instance 0x10ae73c80 of type "PooledSVM"
 - leaked instance 0x10ae3c0d0 of type "Event"
 - leaked instance 0x10aedbca0 of type "Event"
 - leaked instance 0x106fad640 of type "PooledSVM"
 - leaked instance 0x2002ef8bc258 of type "Kernel"
 - leaked instance 0x109bca7c0 of type "PooledSVM"
 - leaked instance 0x10ae44930 of type "Event"
 - leaked instance 0x2002ef1305d8 of type "Kernel"
 - leaked instance 0x2002ff5fd698 of type "Kernel"
 - leaked instance 0x2002feeb8dd8 of type "Kernel"
 - leaked instance 0x10abf4600 of type "PooledSVM"
 - leaked instance 0x10aebc4a0 of type "Event"
 - leaked instance 0x2002fceb8898 of type "Kernel"
 - leaked instance 0x1089fdcd0 of type "Event"
 - leaked instance 0x10ac0d190 of type "PooledSVM"
 - leaked instance 0x10af02300 of type "PooledSVM"
 - leaked instance 0x102ef96c0 of type "PooledSVM"
 - leaked instance 0x109b846a0 of type "PooledSVM"
 - leaked instance 0x109f226d0 of type "Event"
 - leaked instance 0x2002efa72758 of type "Kernel"
 - leaked instance 0x10c7d0e90 of type "Event"
 - leaked instance 0x10af24a20 of type "Event"
 - leaked instance 0x2002efa2c358 of type "Kernel"
 - leaked instance 0x2002eeedc918 of type "Kernel"
 - leaked instance 0x10a16ade0 of type "Event"
 - leaked instance 0x108a071e0 of type "Event"
 - leaked instance 0x2002eeafea98 of type "Kernel"
 - leaked instance 0x2002ffeb2718 of type "Kernel"
 - leaked instance 0x2002ef162cd8 of type "Kernel"
 - leaked instance 0x10acb7ae0 of type "Event"
 - leaked instance 0x2002fcc4b5d8 of type "Kernel"
 - leaked instance 0x2002fd0174d8 of type "Kernel"
 - leaked instance 0x10ae0c260 of type "Event"
 - leaked instance 0x2002ff82fd98 of type "Kernel"
 - leaked instance 0x10aa4cef0 of type "Event"
 - leaked instance 0x10ad18200 of type "Event"
 - leaked instance 0x10ae68590 of type "PooledSVM"
 - leaked instance 0x106f40300 of type "PooledSVM"
 - leaked instance 0x10b352550 of type "Event"
 - leaked instance 0x109a56d10 of type "Event"
 - leaked instance 0x10af882b0 of type "PooledSVM"
 - leaked instance 0x109fd0b70 of type "Event"
 - leaked instance 0x10b350d80 of type "Event"
 - leaked instance 0x10a838150 of type "Event"
 - leaked instance 0x10b7ce630 of type "Event"
 - leaked instance 0x10b379e20 of type "Event"
 - leaked instance 0x20003fdcede8 of type "SVMAllocator"
 - leaked instance 0x2002eef8df58 of type "Kernel"
 - leaked instance 0x2002fefd9118 of type "Kernel"
 - leaked instance 0x2002ef35a818 of type "Kernel"
 - leaked instance 0x2002ef184d18 of type "Kernel"
 - leaked instance 0x10a82dbf0 of type "Event"
 - leaked instance 0x10a46fdb0 of type "Event"
 - leaked instance 0x109a02d80 of type "PooledSVM"
 - leaked instance 0x20003fdb9908 of type "SVMPool"
 - leaked instance 0x2002ff872d18 of type "Kernel"
 - leaked instance 0x109f2edc0 of type "PooledSVM"
 - leaked instance 0x10af5cc60 of type "Event"
 - leaked instance 0x109f30c50 of type "PooledSVM"
 - leaked instance 0x2002ef3b6c98 of type "Kernel"
 - leaked instance 0x108ad5820 of type "PooledSVM"
 - leaked instance 0x10be2bfa0 of type "PooledSVM"
 - leaked instance 0x2002ef8a6158 of type "Kernel"
 - leaked instance 0x2002efa1f898 of type "Kernel"
 - leaked instance 0x10b296000 of type "Event"
 - leaked instance 0x10aea1970 of type "Event"
 - leaked instance 0x10a004a90 of type "Event"
 - leaked instance 0x2002fd44f6d8 of type "Kernel"
 - leaked instance 0x10bdb07e0 of type "PooledSVM"
 - leaked instance 0x10a515770 of type "Event"
 - leaked instance 0x10aeccd30 of type "Event"
 - leaked instance 0x109e08b20 of type "PooledSVM"
 - leaked instance 0x10a358cb0 of type "Event"
 - leaked instance 0x10af0fd80 of type "Event"
 - leaked instance 0x10a382fc0 of type "Event"
 - leaked instance 0x2002ff5fc758 of type "Kernel"
 - leaked instance 0x10add6f20 of type "PooledSVM"
 - leaked instance 0x10ae396e0 of type "Event"
 - leaked instance 0x1099e68b0 of type "Event"
 - leaked instance 0x10c7f7690 of type "PooledSVM"
 - leaked instance 0x10b9ca3f0 of type "PooledSVM"
 - leaked instance 0x2002eeba6018 of type "Kernel"
 - leaked instance 0x2002eec1a798 of type "Kernel"
 - leaked instance 0x10af24ce0 of type "PooledSVM"
 - leaked instance 0x10b2e1cf0 of type "PooledSVM"
 - leaked instance 0x10a61b130 of type "PooledSVM"
nanobind: leaked 16 types!
 - leaked type "pyopencl._cl.Device"
 - leaked type "pyopencl._cl.status_code"
 - leaked type "pyopencl._cl.SVMAllocator"
 - leaked type "pyopencl._cl.SVMPointer"
 - leaked type "pyopencl._cl.CommandQueue"
 - leaked type "pyopencl._cl.AllocatorBase"
 - leaked type "pyopencl._cl.Event"
 - leaked type "pyopencl._cl.Buffer"
 - leaked type "pyopencl._cl.Kernel"
 - leaked type "pyopencl._cl.SVMPool"
 - leaked type "pyopencl._cl.PooledSVM"
 - ... skipped remainder
nanobind: leaked 102 functions!
 - leaked function "__eq__"
 - leaked function ""
 - leaked function "release"
 - leaked function "bin_number"
 - leaked function "wait"
 - leaked function "__call__"
 - leaked function "set_default_device_command_queue"
 - leaked function "enqueue_release"
 - leaked function ""
 - leaked function "flush"
 - leaked function "get_sub_group_info"
 - ... skipped remainder
nanobind: this is likely caused by a reference counting issue in the binding code.

------------------------------------------------------------
Sender: LSF System <lsfadmin@lassen710>
Subject: Job 5929890: <isolator_timing_job.sh> in cluster <lassen> Done

Job <isolator_timing_job.sh> was submitted from host <lassen708> by user <mtcampbe> in cluster <lassen> at Sun Jun  2 23:34:09 2024
Job was executed on host(s) <1*lassen710>, in queue <pbatch>, as user <mtcampbe> in cluster <lassen> at Sun Jun  2 23:34:11 2024
                            <40*lassen483>
</g/g17/mtcampbe> was used as the home directory.
</p/gpfs1/mtcampbe/CEESD/AutomatedTesting/MIRGE-Timing/timing/emirge/mirgecom/y2-isolator/timing_run> was used as the working directory.
Started at Sun Jun  2 23:34:11 2024
Terminated at Sun Jun  2 23:37:40 2024
Results reported at Sun Jun  2 23:37:40 2024

Your job looked like:

------------------------------------------------------------
# LSBATCH: User input
#!/bin/bash

#BSUB -nnodes 1
#BSUB -G uiuc
#BSUB -W 60
#BSUB -q pbatch

printf "Running with EMIRGE_HOME=/p/gpfs1/mtcampbe/CEESD/AutomatedTesting/MIRGE-Timing/timing/emirge\n"

source "/p/gpfs1/mtcampbe/CEESD/AutomatedTesting/MIRGE-Timing/timing/emirge/config/activate_env.sh"
export PYOPENCL_CTX="port:tesla"
export XDG_CACHE_HOME="/tmp/mtcampbe/xdg-scratch"
rm -rf $XDG_CACHE_HOME
rm -f timing-run-done
which python
conda env list
env
env | grep LSB_MCPU_HOSTS

jsrun -g 1 -a 1 -n 1 python -O -u -m mpi4py ./isolator.py -i timing_params.yaml --lazy --log
touch timing-run-done


------------------------------------------------------------

Successfully completed.

Resource usage summary:

    CPU time :                                   0.43 sec.
    Max Memory :                                 59 MB
    Average Memory :                             56.95 MB
    Total Requested Memory :                     -
    Delta Memory :                               -
    Max Swap :                                   1634 MB
    Max Processes :                              4
    Max Threads :                                27
    Run time :                                   209 sec.
    Turnaround time :                            211 sec.

The output (if any) is above this job summary.

