Customizing shell for Lassen.
Running with EMIRGE_HOME=/p/gpfs1/mtcampbe/CEESD/AutomatedTesting/MIRGE-Timing/timing/emirge
Activating 'nozzle.lazy.timing.env' environment for '/p/gpfs1/mtcampbe/CEESD/AutomatedTesting/MIRGE-Timing/timing/emirge/miniforge3/bin/conda'.
/p/gpfs1/mtcampbe/CEESD/AutomatedTesting/MIRGE-Timing/timing/emirge/miniforge3/envs/nozzle.lazy.timing.env/bin/python
# conda environments:
#
test.parsl               /g/g17/mtcampbe/.conda/envs/test.parsl
base                     /p/gpfs1/mtcampbe/CEESD/AutomatedTesting/MIRGE-Timing/timing/emirge/miniforge3
nozzle.lazy.timing.env  *  /p/gpfs1/mtcampbe/CEESD/AutomatedTesting/MIRGE-Timing/timing/emirge/miniforge3/envs/nozzle.lazy.timing.env
                         /p/gpfs1/mtcampbe/CEESD/AutomatedTesting/MIRGE-Timing/timing/y3-prediction-nowall-scaling-run/emirge/miniforge3/envs/big.scale
                         /p/gpfs1/mtcampbe/CEESD/Experimental/m2n-rst/emirge/miniforge3/envs/x.m2n
                         /p/gpfs1/mtcampbe/CEESD/Experimental/prediciton/mirge-test/miniforge3/envs/prediction.mirge.test
                         /p/gpfs1/mtcampbe/CEESD/Experimental/prediciton/mirge/miniforge3/envs/x.mirge
                         /p/gpfs1/mtcampbe/CEESD/Experimental/scalability/emirge/miniforge3/envs/big.scale2
                         /usr/WS1/xpacc/Users/mtcampbe/CEESD/Lassen/test_emirge/emirge/miniforge3/envs/test.emirge.fk
                         /usr/workspace/wsa/xpacc/Users/mtcampbe/CEESD/Quartz/Install/conda
                         /usr/workspace/wsa/xpacc/Users/mtcampbe/CEESD/Quartz/Install/conda/envs/abate.mtc_euler.env
                         /usr/workspace/wsa/xpacc/Users/mtcampbe/CEESD/Quartz/Install/conda/envs/ceesd.master
                         /usr/workspace/wsa/xpacc/Users/mtcampbe/CEESD/Quartz/Install/conda/envs/chem.master
                         /usr/workspace/wsa/xpacc/Users/mtcampbe/CEESD/Quartz/Install/conda/envs/dgfem
                         /usr/workspace/wsa/xpacc/Users/mtcampbe/CEESD/Quartz/Install/conda/envs/mc.master

LMOD_FAMILY_COMPILER_VERSION=8.3.1
LLNL_IPISOLATE=0
MANPATH=/usr/tce/packages/spectrum-mpi/ibm/spectrum-mpi-rolling-release/share/man:/usr/tce/packages/gcc/gcc-8.3.1/man:/opt/ibm/spectrumcomputing/lsf/10.1.0.10/man:/usr/man:/usr/share/man:/usr/local/man:/usr/X11R6/man:/usr/lib64/mvapich/default/man:/opt/ibm/spectrum_mpi/jsm_pmix/share/man
LSB_EXEC_CLUSTER=lassen
OMPI_COMM_WORLD_RANK=0
LMOD_FAMILY_CUDA=cuda
LMOD_ANCIENT_TIME=3600
GUESTFISH_INIT=\e[1;34m
_ModuleTable003_=LAp1c2VyTmFtZSA9ICJnY2MvOC4zLjEiLAp3ViA9ICIwMDAwMDAwMDguMDAwMDAwMDAzLjAwMDAwMDAwMS4qemZpbmFsIiwKfSwKbGFsbG9jID0gewpmbiA9ICIvdXNyL3RjZXRtcC9tb2R1bGVmaWxlcy9Db3JlL2xhbGxvYy8yLjAubHVhIiwKZnVsbE5hbWUgPSAibGFsbG9jLzIuMCIsCmxvYWRPcmRlciA9IDMsCnByb3BUID0ge30sCnN0YWNrRGVwdGggPSAwLApzdGF0dXMgPSAiYWN0aXZlIiwKdXNlck5hbWUgPSAibGFsbG9jLzIuMCIsCndWID0gIl4wMDAwMDAwMi4qemZpbmFsIiwKfSwKWyJzcGVjdHJ1bS1tcGkiXSA9IHsKZm4gPSAiL3Vzci90Y2UvbW9kdWxlZmlsZXMvQ29tcGlsZXIvZ2NjLzguMy4xL3NwZWN0cnVtLW1waS9yb2xsaW5nLXJlbGVhc2UubHVhIiwKZnVs
HOSTNAME=lassen377
PROJ_DATA=/p/gpfs1/mtcampbe/CEESD/AutomatedTesting/MIRGE-Timing/timing/emirge/miniforge3/envs/nozzle.lazy.timing.env/share/proj
LSB_EFFECTIVE_RSRCREQ=1*{select[(LN) && (type == any)] order[r15s:pg] span[hosts=1]}+40*{select[(CN) && (type == any)] order[r15s:pg] span[ptile=40]}
LSB_DOCKER_JOB_STARTTS=1696409187
BBHASH=66a93da32ab4defa39f3def22edabc24
JSM_TMPDIR=/var/tmp
MIRGE_TIMING_HOME=/p/gpfs1/mtcampbe/CEESD/AutomatedTesting/MIRGE-Timing/timing
LSF_LOGDIR=/opt/ibm/spectrumcomputing/lsf/log
LSF_LIM_API_NTRIES=1
LSB_BATCH_JID=5256271
__LMOD_REF_COUNT_MODULEPATH=/usr/tce/modulefiles/MPI/gcc/8.3.1/spectrum-mpi/rolling-release:1;/usr/tce/modulefiles/Compiler/gcc/8.3.1:1;/usr/tcetmp/modulefiles/Core:1;/usr/apps/modulefiles:1;/usr/share/modulefiles/Linux:1;/usr/share/modulefiles/Core:1;/usr/share/lmod/lmod/modulefiles/Core:1;/collab/usr/global/tools/modulefiles/blueos_3_ppc64le_ib_p9/Core:1
MAILTO=mtcampbe@illinois.edu,andreask@illinois.edu
SHELL=/bin/bash
LMOD_ROOT=/usr/share/lmod
HISTSIZE=1000
WISECONFIGDIR=/usr/share/wise2/
LMOD_SYSTEM_DEFAULT_MODULES=StdEnv
TMPDIR=/var/tmp
MODULEPATH_ROOT=/usr/share/modulefiles
SSH_CLIENT=192.168.66.202 45892 22
LS_EXECCWD=/p/gpfs1/mtcampbe/CEESD/AutomatedTesting/MIRGE-Timing/timing/emirge/mirgecom/y2-isolator/timing_run
LSB_TRAPSIGS=trap # 15 10 12 2 1
CONDA_SHLVL=1
LMOD_FAMILY_CUDA_VERSION=10.1.243
LS_JOBPID=95083
CONDA_PROMPT_MODIFIER=
GSETTINGS_SCHEMA_DIR_CONDA_BACKUP=
LSB_MAX_NUM_PROCESSORS=41
LSB_JOBRES_CALLBACK=52443@lassen710
LMOD_PKG=/usr/share/lmod/lmod
LSB_JOB_EXECUSER=mtcampbe
LSB_JOBID=5256271
QTDIR=/usr/lib64/qt-3.3
LSF_SERVERDIR=/opt/ibm/spectrumcomputing/lsf/10.1.0.10/linux3.10-glibc2.17-ppc64le-csm/etc
LSB_JOBRES_PID=95083
LMOD_VERSION=8.6.16
LMOD_SHORT_TIME=60
QTINC=/usr/lib64/qt-3.3/include
LSB_JOBNAME=isolator_timing_job.sh
LLNL_COMPUTE_NODES=lassen377
LLNL_ATSDISABLE=0
BSUB_BLOCK_EXEC_HOST=
QT_GRAPHICSSYSTEM_CHECKED=1
LSF_LIBDIR=/opt/ibm/spectrumcomputing/lsf/10.1.0.10/linux3.10-glibc2.17-ppc64le-csm/lib
LSB_PROJECT_NAME=default
OPAL_PREFIX=/usr/tce/packages/spectrum-mpi/ibm/spectrum-mpi-rolling-release
CUDA_HOME=/usr/tce/packages/cuda/cuda-10.1.243
USER=mtcampbe
PYOPENCL_CTX=port:tesla
LMOD_sys=Linux
LD_LIBRARY_PATH=/opt/ibm/spectrumcomputing/lsf/10.1.0.10/linux3.10-glibc2.17-ppc64le-csm/lib:/usr/tce/packages/cuda/cuda-10.1.243/lib64
SBD_KRB5CCNAME_VAL=
NVHPC_CUDA_HOME=/usr/tce/packages/cuda/cuda-10.1.243
LSB_EEXEC_REAL_UID=
REQUESTS_CA_BUNDLE=/etc/pki/tls/cert.pem
CONDA_EXE=/p/gpfs1/mtcampbe/CEESD/AutomatedTesting/MIRGE-Timing/timing/emirge/miniforge3/bin/conda
CEESD=/usr/workspace/wsa/xpacc/Users/mtcampbe/CEESD/Lassen
PFTP_CONFIG_FILENAME=/etc/pftp_config
ENV=/g/g17/mtcampbe/.bashrc
HOST_GRP=linux
_ModuleTable004_=bE5hbWUgPSAic3BlY3RydW0tbXBpL3JvbGxpbmctcmVsZWFzZSIsCmxvYWRPcmRlciA9IDUsCnByb3BUID0ge30sCnN0YWNrRGVwdGggPSAwLApzdGF0dXMgPSAiYWN0aXZlIiwKdXNlck5hbWUgPSAic3BlY3RydW0tbXBpL3JvbGxpbmctcmVsZWFzZSIsCndWID0gIl5yb2xsaW5nLipyZWxlYXNlLip6ZmluYWwiLAp9LAp9LAptcGF0aEEgPSB7CiIvdXNyL3RjZS9tb2R1bGVmaWxlcy9NUEkvZ2NjLzguMy4xL3NwZWN0cnVtLW1waS9yb2xsaW5nLXJlbGVhc2UiCiwgIi91c3IvdGNlL21vZHVsZWZpbGVzL0NvbXBpbGVyL2djYy84LjMuMSIsICIvdXNyL3RjZXRtcC9tb2R1bGVmaWxlcy9Db3JlIgosICIvdXNyL2FwcHMvbW9kdWxlZmlsZXMiLCAiL3Vzci9zaGFyZS9tb2R1bGVm
HOSTTYPE=LINUXPPC64LE
LSF_INVOKE_CMD=bsub
CUDA_CACHE_DISABLE=1
LS_EXEC_T=START
LMOD_FAMILY_LALLOC=lalloc
LS_SUBCWD=/p/gpfs1/mtcampbe/CEESD/AutomatedTesting/MIRGE-Timing/timing/emirge/mirgecom/y2-isolator/timing_run
LSB_SUB_RES_REQ=1*{select[LN]span[hosts=1]} + 40*{select[CN]span[ptile=40]}
LSB_HOSTS=lassen710 lassen377 lassen377 lassen377 lassen377 lassen377 lassen377 lassen377 lassen377 lassen377 lassen377 lassen377 lassen377 lassen377 lassen377 lassen377 lassen377 lassen377 lassen377 lassen377 lassen377 lassen377 lassen377 lassen377 lassen377 lassen377 lassen377 lassen377 lassen377 lassen377 lassen377 lassen377 lassen377 lassen377 lassen377 lassen377 lassen377 lassen377 lassen377 lassen377 lassen377
LMOD_PREPEND_BLOCK=normal
LMOD_FAMILY_MPI_VERSION=rolling-release
GUESTFISH_PS1=\[\e[1;32m\]><fs>\[\e[0;31m\] 
_CE_CONDA=
LSB_UNIXGROUP_INT=mtcampbe
LSB_JOBFILENAME=/g/g17/mtcampbe/.lsbatch/1696409184.5256271
LSB_JOBINDEX=0
_ModuleTable001_=X01vZHVsZVRhYmxlXyA9IHsKTVR2ZXJzaW9uID0gMywKY19yZWJ1aWxkVGltZSA9IGZhbHNlLApjX3Nob3J0VGltZSA9IGZhbHNlLApkZXB0aFQgPSB7fSwKZmFtaWx5ID0gewpjb21waWxlciA9ICJnY2MiLApjdWRhID0gImN1ZGEiLApsYWxsb2MgPSAibGFsbG9jIiwKbXBpID0gInNwZWN0cnVtLW1waSIsCn0sCm1UID0gewpTdGRFbnYgPSB7CmZuID0gIi91c3IvdGNldG1wL21vZHVsZWZpbGVzL0NvcmUvU3RkRW52Lmx1YSIsCmZ1bGxOYW1lID0gIlN0ZEVudiIsCmxvYWRPcmRlciA9IDIsCnByb3BUID0gewpsbW9kID0gewpzdGlja3kgPSAxLAp9LAp9LApzdGFja0RlcHRoID0gMCwKc3RhdHVzID0gImFjdGl2ZSIsCnVzZXJOYW1lID0gIlN0ZEVudiIsCndWID0gIk0uKnpm
PATH=/usr/tce/packages/spectrum-mpi/spectrum-mpi-rolling-release-gcc-8.3.1/bin:/usr/tce/packages/gcc/gcc-8.3.1/bin:/usr/tce/packages/lalloc/lalloc-2.0/bin:/p/gpfs1/mtcampbe/CEESD/AutomatedTesting/MIRGE-Timing/timing/emirge/miniforge3/envs/nozzle.lazy.timing.env/bin:/p/gpfs1/mtcampbe/CEESD/AutomatedTesting/MIRGE-Timing/timing/emirge/miniforge3/bin:/usr/tce/packages/cuda/cuda-10.1.243/bin:/usr/tcetmp/bin:/usr/condabin:/usr/workspace/wsa/xpacc/Users/mtcampbe/CEESD/Lassen/conda-install/bin:/usr/lib64/qt-3.3/bin:/usr/local/bin:/usr/bin:/usr/local/sbin:/usr/sbin:/opt/ibm/spectrum_mpi/jsm_pmix/bin:/opt/ibm/bb/bin:/opt/ibm/flightlog/bin:/opt/ibutils/bin:/opt/ibm/spectrumcomputing/lsf/10.1.0.10/linux3.10-glibc2.17-ppc64le-csm/etc:/opt/ibm/spectrumcomputing/lsf/10.1.0.10/linux3.10-glibc2.17-ppc64le-csm/bin:/opt/ibm/spectrumcomputing/lsf/10.1.0.9/linux3.10-glibc2.17-ppc64le-csm/etc:/opt/ibm/spectrumcomputing/lsf/10.1.0.9/linux3.10-glibc2.17-ppc64le-csm/bin:/g/g17/mtcampbe/tools/bin
MAIL=/var/spool/mail/mtcampbe
PROJ_NETWORK=ON
GSETTINGS_SCHEMA_DIR=/p/gpfs1/mtcampbe/CEESD/AutomatedTesting/MIRGE-Timing/timing/emirge/miniforge3/envs/nozzle.lazy.timing.env/share/glib-2.0/schemas
LCSCHEDCLUSTER=lassen
XML_CATALOG_FILES=file:///p/gpfs1/mtcampbe/CEESD/AutomatedTesting/MIRGE-Timing/timing/emirge/miniforge3/envs/nozzle.lazy.timing.env/etc/xml/catalog file:///etc/xml/catalog
LSB_EXIT_PRE_ABORT=99
LSB_JOBEXIT_STAT=0
LMOD_SETTARG_CMD=:
LMOD_FAMILY_LALLOC_VERSION=2.0
CONDA_PREFIX=/p/gpfs1/mtcampbe/CEESD/AutomatedTesting/MIRGE-Timing/timing/emirge/miniforge3/envs/nozzle.lazy.timing.env
INPUTRC=/etc/inputrc
PWD=/p/gpfs1/mtcampbe/CEESD/AutomatedTesting/MIRGE-Timing/timing/emirge/mirgecom/y2-isolator/timing_run
_LMFILES_=/usr/tcetmp/modulefiles/Core/cuda/10.1.243.lua:/usr/tcetmp/modulefiles/Core/StdEnv.lua:/usr/tcetmp/modulefiles/Core/lalloc/2.0.lua:/usr/tcetmp/modulefiles/Core/gcc/8.3.1.lua:/usr/tce/modulefiles/Compiler/gcc/8.3.1/spectrum-mpi/rolling-release.lua
EDITOR=/bin/vi
LANG=en_US.UTF-8
LSB_CHKFILENAME=/g/g17/mtcampbe/.lsbatch/1696409184.5256271
MODULEPATH=/usr/tce/modulefiles/MPI/gcc/8.3.1/spectrum-mpi/rolling-release:/usr/tce/modulefiles/Compiler/gcc/8.3.1:/usr/tcetmp/modulefiles/Core:/usr/apps/modulefiles:/usr/share/modulefiles/Linux:/usr/share/modulefiles/Core:/usr/share/lmod/lmod/modulefiles/Core:/collab/usr/global/tools/modulefiles/blueos_3_ppc64le_ib_p9/Core
LSB_DJOB_HOSTFILE=/g/g17/mtcampbe/.lsbatch/1696409184.5256271.hostfile
LOADEDMODULES=cuda/10.1.243:StdEnv:lalloc/2.0:gcc/8.3.1:spectrum-mpi/rolling-release
KDEDIRS=/usr
GUESTFISH_OUTPUT=\e[0m
_ModuleTable_Sz_=5
LSB_JOB_STARTER=/usr/tcetmp/bin/bsub_job_starter %USRCMD
EMIRGE_HOME=/p/gpfs1/mtcampbe/CEESD/AutomatedTesting/MIRGE-Timing/timing/emirge
LSF_JOB_TIMESTAMP_VALUE=1696409187
LMOD_CMD=/usr/share/lmod/lmod/libexec/lmod
_ModuleTable005_=aWxlcy9MaW51eCIKLCAiL3Vzci9zaGFyZS9tb2R1bGVmaWxlcy9Db3JlIiwgIi91c3Ivc2hhcmUvbG1vZC9sbW9kL21vZHVsZWZpbGVzL0NvcmUiLCAiL2NvbGxhYi91c3IvZ2xvYmFsL3Rvb2xzL21vZHVsZWZpbGVzL2JsdWVvc18zX3BwYzY0bGVfaWJfcDkvQ29yZSIsCn0sCnN5c3RlbUJhc2VNUEFUSCA9ICIvdXNyL3RjZXRtcC9tb2R1bGVmaWxlcy9Db3JlOi91c3IvYXBwcy9tb2R1bGVmaWxlczovdXNyL3NoYXJlL21vZHVsZWZpbGVzL0xpbnV4Oi91c3Ivc2hhcmUvbW9kdWxlZmlsZXMvQ29yZTovdXNyL3NoYXJlL2xtb2QvbG1vZC9tb2R1bGVmaWxlcy9Db3JlIiwKfQo=
BBPATH=/mnt/bb_66a93da32ab4defa39f3def22edabc24
LSB_EXEC_HOSTTYPE=UNKNOWN_AUTO_DETECT
LSB_DJOB_NUMPROC=41
LSF_BINDIR=/opt/ibm/spectrumcomputing/lsf/10.1.0.10/linux3.10-glibc2.17-ppc64le-csm/bin
LLNL_NUM_COMPUTE_NODES=1
HISTCONTROL=ignoredups
_CE_M=
SSH_ASKPASS=/usr/libexec/openssh/gnome-ssh-askpass
ENVIRONMENT=BATCH
CXX=mpicxx
HOME=/g/g17/mtcampbe
SHLVL=6
__LMOD_REF_COUNT_PATH=/usr/tce/packages/spectrum-mpi/spectrum-mpi-rolling-release-gcc-8.3.1/bin:2;/usr/tce/packages/gcc/gcc-8.3.1/bin:2;/usr/tce/packages/lalloc/lalloc-2.0/bin:2;/p/gpfs1/mtcampbe/CEESD/AutomatedTesting/MIRGE-Timing/timing/emirge/miniforge3/envs/nozzle.lazy.timing.env/bin:1;/p/gpfs1/mtcampbe/CEESD/AutomatedTesting/MIRGE-Timing/timing/emirge/miniforge3/bin:1;/usr/tce/packages/cuda/cuda-10.1.243/bin:2;/usr/tcetmp/bin:2;/usr/condabin:1;/usr/workspace/wsa/xpacc/Users/mtcampbe/CEESD/Lassen/conda-install/bin:1;/usr/lib64/qt-3.3/bin:1;/usr/local/bin:1;/usr/bin:1;/usr/local/sbin:1;/usr/sbin:1;/opt/ibm/spectrum_mpi/jsm_pmix/bin:1;/opt/ibm/bb/bin:1;/opt/ibm/flightlog/bin:1;/opt/ibutils/bin:1;/opt/ibm/spectrumcomputing/lsf/10.1.0.10/linux3.10-glibc2.17-ppc64le-csm/etc:1;/opt/ibm/spectrumcomputing/lsf/10.1.0.10/linux3.10-glibc2.17-ppc64le-csm/bin:1;/opt/ibm/spectrumcomputing/lsf/10.1.0.9/linux3.10-glibc2.17-ppc64le-csm/etc:1;/opt/ibm/spectrumcomputing/lsf/10.1.0.9/linux3.10-glibc2.17-ppc64le-csm/bin:1
JOB_TERMINATE_INTERVAL=10
LSB_ACCT_FILE=/tmp/5256271.tmpdir/.1696409184.5256271.acct
_ModuleTable002_=aW5hbCIsCn0sCmN1ZGEgPSB7CmZuID0gIi91c3IvdGNldG1wL21vZHVsZWZpbGVzL0NvcmUvY3VkYS8xMC4xLjI0My5sdWEiLApmdWxsTmFtZSA9ICJjdWRhLzEwLjEuMjQzIiwKbG9hZE9yZGVyID0gMSwKcHJvcFQgPSB7fSwKc3RhY2tEZXB0aCA9IDEsCnN0YXR1cyA9ICJhY3RpdmUiLAp1c2VyTmFtZSA9ICJjdWRhLzEwLjEuMjQzIiwKd1YgPSAiXjAwMDAwMDEwLjAwMDAwMDAwMS4wMDAwMDAyNDMuKnpmaW5hbCIsCn0sCmdjYyA9IHsKZm4gPSAiL3Vzci90Y2V0bXAvbW9kdWxlZmlsZXMvQ29yZS9nY2MvOC4zLjEubHVhIiwKZnVsbE5hbWUgPSAiZ2NjLzguMy4xIiwKbG9hZE9yZGVyID0gNCwKcHJvcFQgPSB7fSwKc3RhY2tEZXB0aCA9IDAsCnN0YXR1cyA9ICJhY3RpdmUi
CSM_ALLOCATION_ID=5760572
BINARY_TYPE_HPC=
LLNL_CORE_ISOLATION=2
FC=mpif90
LSB_SUB_HOST=lassen708
XDG_CACHE_HOME=/tmp/mtcampbe/xdg-scratch
__LSF_JOB_TMPDIR__=/tmp/5256271.tmpdir
LSFUSER=mtcampbe
LSB_SUB_USER=mtcampbe
LSB_OUTPUTFILE=/p/gpfs1/mtcampbe/CEESD/AutomatedTesting/MIRGE-Timing/timing/emirge/mirgecom/y2-isolator/timing_run/
LSB_OUTDIR=/p/gpfs1/mtcampbe/CEESD/AutomatedTesting/MIRGE-Timing/timing/emirge/mirgecom/y2-isolator/timing_run
LSB_MCPU_HOSTS=lassen710 1 lassen377 40 
LMOD_arch=ppc64le
TMP=/var/tmp
MPI_ROOT=/usr/tce/packages/spectrum-mpi/ibm/spectrum-mpi-rolling-release
LSB_QUEUE=pbatch
CONDA_PYTHON_EXE=/p/gpfs1/mtcampbe/CEESD/AutomatedTesting/MIRGE-Timing/timing/emirge/miniforge3/bin/python
LOGNAME=mtcampbe
QTLIB=/usr/lib64/qt-3.3/lib
CVS_RSH=ssh
XLSF_UIDDIR=/opt/ibm/spectrumcomputing/lsf/10.1.0.10/linux3.10-glibc2.17-ppc64le-csm/lib/uid
XDG_DATA_DIRS=/p/gpfs1/mtcampbe/CEESD/AutomatedTesting/MIRGE-Timing/.local/share/flatpak/exports/share:/var/lib/flatpak/exports/share:/usr/local/share:/usr/share
SSH_CONNECTION=192.168.66.202 45892 192.168.65.123 22
SYS_TYPE=blueos_3_ppc64le_ib_p9
MODULESHOME=/usr/share/lmod/lmod
LMOD_SETTARG_FULL_SUPPORT=no
LESSOPEN=||/usr/bin/lesspipe.sh %s
__LMOD_REF_COUNT_LD_LIBRARY_PATH=/usr/tce/packages/cuda/cuda-10.1.243/lib64:1;/opt/ibm/spectrumcomputing/lsf/10.1.0.10/linux3.10-glibc2.17-ppc64le-csm/lib:1
PKG_CONFIG_PATH=/usr/tce/packages/cuda/cuda-10.1.243/lib64/pkgconfig
OMP_NUM_THREADS=1
LSF_CGROUP_TOPDIR_KEY=lassen
CONDA_DEFAULT_ENV=nozzle.lazy.timing.env
LMOD_FULL_SETTARG_SUPPORT=no
LMOD_FAMILY_COMPILER=gcc
LSB_XFER_OP=
LSB_EEXEC_REAL_GID=
__LMOD_REF_COUNT_PKG_CONFIG_PATH=/usr/tce/packages/cuda/cuda-10.1.243/lib64/pkgconfig:1
CC=mpicc
QT_PLUGIN_PATH=/usr/lib64/kde4/plugins:/usr/lib/kde4/plugins
LMOD_DIR=/usr/share/lmod/lmod/libexec
LEXEC_UNPICKLE_QUIET=1
__LMOD_REF_COUNT_MANPATH=/usr/tce/packages/spectrum-mpi/ibm/spectrum-mpi-rolling-release/share/man:1;/usr/tce/packages/gcc/gcc-8.3.1/man:1;/opt/ibm/spectrumcomputing/lsf/10.1.0.10/man:1;/usr/man:1;/usr/share/man:1;/usr/local/man:1;/usr/X11R6/man:1;/usr/lib64/mvapich/default/man:1;/opt/ibm/spectrum_mpi/jsm_pmix/share/man:1
LSF_ENVDIR=/opt/ibm/spectrumcomputing/lsf/conf
GUESTFISH_RESTORE=\e[0m
LSB_DJOB_RANKFILE=/g/g17/mtcampbe/.lsbatch/1696409184.5256271.hostfile
LMOD_FAMILY_MPI=spectrum-mpi
LMOD_COLORIZE=yes
HISTFILE=/g/g17/mtcampbe/.bash_history
BASH_FUNC_module()=() {  local __lmod_my_status;
 local __lmod_sh_dbg;
 if [ -z "${LMOD_SH_DBG_ON+x}" ]; then
 case "$-" in 
 *v*x*)
 __lmod_sh_dbg='vx'
 ;;
 *v*)
 __lmod_sh_dbg='v'
 ;;
 *x*)
 __lmod_sh_dbg='x'
 ;;
 esac;
 fi;
 if [ -n "${__lmod_sh_dbg:-}" ]; then
 set +$__lmod_sh_dbg;
 echo "Shell debugging temporarily silenced: export LMOD_SH_DBG_ON=1 for Lmod's output" 1>&2;
 fi;
 eval "$($LMOD_CMD bash "$@")" && eval $(${LMOD_SETTARG_CMD:-:} -s sh);
 __lmod_my_status=$?;
 if [ -n "${__lmod_sh_dbg:-}" ]; then
 echo "Shell debugging restarted" 1>&2;
 set -$__lmod_sh_dbg;
 fi;
 return $__lmod_my_status
}
BASH_FUNC_ml()=() {  eval "$($LMOD_DIR/ml_cmd "$@")"
}
_=/usr/bin/env
LSB_MCPU_HOSTS=lassen710 1 lassen377 40 
Default casename isolator
Using user input from file: timing_params.yaml
Running ./isolator.py

2023-10-04 01:46:41,344 - INFO - grudge.array_context - get_reasonable_array_context_class: MPIFusionContractorArrayContext lazy=True distributed=True device-parallel=True
2023-10-04 01:46:41,932 - INFO - mirgecom.mpi - Using mpi4py version 4.0.0.dev0 with pkl5 scatter support.
2023-10-04 01:47:06,964 - INFO - mirgecom.simutil - Using SVM-based memory pool on <pyopencl.Device 'Tesla V100-SXM2-16GB' on 'Portable Computing Language' at 0x102780750>.
Shock capturing parameters: alpha 0.5, s0 -4.0, kappa 0.5

#### Simluation control data: ####
	nviz = 100
	nrestart = 100
	nhealth = 100
	nstatus = 100
	current_dt = 1e-08
	t_final = 2e-07
	order = 1
	dimen = 2
	Time integration rk4
#### Simluation control data: ####


#### Simluation material properties: ####
	mu = 4.216360056e-05
	kappa = 0.05621788139856423
	Prandtl Number  = 0.75
#### Simluation initialization data: ####
	inlet Mach number 0.038727226466056475
	inlet temperature 2075.8073416311686
	inlet pressure 274212.0081934861
	inlet rho 0.4623484671063763
	inlet velocity 35.28896626974282
	outlet Mach number 3.661995139955526
	outlet temperature 563.9344091915701
	outlet pressure 2865.7077436508835
	outlet rho 0.01778579568979098
	outlet velocity 1739.2462693097807
#### Simluation initialization data: ####

Reading mesh from data/isolator.msh
./isolator.py:1087: DeprecationWarning: generate_and_distribute_mesh is deprecated and will go away Q4 2022. Use distribute_mesh instead.
  local_mesh, global_nelements = generate_and_distribute_mesh(
Read GMSH: 0.05742812156677246
MeshData: 0.08176255226135254
Making discretization
./isolator.py:1094: DeprecationWarning: mpi_communicator argument is deprecated and will disappear in Q4 2022.
  dcoll = create_discretization_collection(
Done making discretization
/p/gpfs1/mtcampbe/CEESD/AutomatedTesting/MIRGE-Timing/timing/emirge/arraycontext/arraycontext/impl/pytato/__init__.py:413: UserWarning: Running on an Nvidia GPU, reducing the argument size limit from 4352 to 3896.
  warn("Running on an Nvidia GPU, reducing the argument "
2023-10-04 01:47:07,958 - INFO - arraycontext.impl.pytato - limiting argument buffer size for <pyopencl.Device 'Tesla V100-SXM2-16GB' on 'Portable Computing Language' at 0x102780750> to 3896 bytes
2023-10-04 01:47:07,968 - INFO - meshmode.array_context - Transforming kernel 'frozen_nodes0_2d' with 1 statements.
2023-10-04 01:47:07,999 - INFO - meshmode.array_context - Array Contraction: Contracting 0 temps
2023-10-04 01:47:08,002 - INFO - meshmode.array_context - [_alias_global_temporaries]: Reduced memory requirement of 'frozen_nodes0_2d' from 0.0MB to 0.0MB.
2023-10-04 01:47:08,758 - INFO - loopy.tools - preprocess_program on 'frozen_nodes0_2d': completed (0.75s wall 0.17x CPU)
2023-10-04 01:47:09,609 - INFO - pyopencl - build program: kernel 'frozen_nodes0_2d' was part of a lengthy source build resulting from a binary cache miss (0.77 s)
2023-10-04 01:47:09,665 - INFO - meshmode.array_context - Transforming kernel 'frozen_nodes1_2d' with 1 statements.
2023-10-04 01:47:09,689 - INFO - meshmode.array_context - Array Contraction: Contracting 0 temps
2023-10-04 01:47:09,692 - INFO - meshmode.array_context - [_alias_global_temporaries]: Reduced memory requirement of 'frozen_nodes1_2d' from 0.0MB to 0.0MB.
2023-10-04 01:47:10,135 - INFO - pyopencl - build program: kernel 'frozen_nodes1_2d' was part of a lengthy source build resulting from a binary cache miss (0.35 s)
Before restart/init
Initializing soln.
Initialization for Case(isolator)
===
Num 2d order-1 elements: 2504
Num global elements: 2504
Timestep:        1e-08
Initial time:    0
Final time:      2e-07
CFL:             1.0
Constant CFL:    False
Initialization:  isolator
EOS:             IdealSingleGas

2023-10-04 01:47:11,594 - INFO - meshmode.array_context - transform_dag.infer_axes_tags: completed (0.50s wall 1.00x CPU)
2023-10-04 01:47:11,722 - INFO - arraycontext.impl.pytato - limiting argument buffer size for <pyopencl.Device 'Tesla V100-SXM2-16GB' on 'Portable Computing Language' at 0x102780750> to 3896 bytes
2023-10-04 01:47:12,334 - INFO - meshmode.array_context - Transforming kernel 'frozen_result' with 14 statements.
2023-10-04 01:47:13,576 - INFO - loopy.tools - fuse_same_discretization_entity_loops on 'frozen_result': completed (1.10s wall 1.00x CPU)
2023-10-04 01:47:13,751 - INFO - meshmode.array_context - Loop Fusion: completed (1.42s wall 1.00x CPU)
2023-10-04 01:47:14,075 - INFO - meshmode.array_context - Array Contraction: Contracting 10 temps
2023-10-04 01:47:15,498 - INFO - loopy.tools - contract_arrays on 'frozen_result': completed (1.43s wall 1.00x CPU)
2023-10-04 01:47:15,694 - INFO - meshmode.array_context - Array Contraction: completed (1.76s wall 1.00x CPU)
2023-10-04 01:47:15,696 - INFO - meshmode.array_context - [_alias_global_temporaries]: Reduced memory requirement of 'frozen_result' from 0.5MB to 0.4MB.
2023-10-04 01:47:17,570 - INFO - loopy.tools - preprocess_program on 'frozen_result': completed (1.21s wall 1.00x CPU)
2023-10-04 01:47:21,252 - INFO - loopy.codegen - frozen_result: generate code: completed (1.83s wall 1.00x CPU)
2023-10-04 01:47:26,972 - INFO - pyopencl - build program: kernel 'frozen_result' was part of a lengthy source build resulting from a binary cache miss (4.92 s)
2023-10-04 01:47:27,339 - INFO - pytato.distributed.verify - find_partition: Split 22 nodes into 1 parts, with [26] nodes in each partition.
2023-10-04 01:47:27,391 - INFO - meshmode.array_context - Transforming kernel 'get_fluid_state' with 14 statements.
2023-10-04 01:47:27,529 - INFO - meshmode.array_context - Array Contraction: Contracting 1 temps
2023-10-04 01:47:27,552 - INFO - meshmode.array_context - [_alias_global_temporaries]: Reduced memory requirement of 'get_fluid_state' from 0.1MB to 0.1MB.
2023-10-04 01:47:28,352 - INFO - pyopencl - build program: kernel 'get_fluid_state' was part of a lengthy source build resulting from a binary cache miss (0.38 s)
./isolator.py:1349: DeprecationWarning: simutil.force_evaluation is deprecated and will disappear in Q3 2023. Use utils.force_evaluation instead.
  fluid_state = force_evaluation(actx, create_fluid_state(cv=state))
2023-10-04 01:47:28,465 - INFO - arraycontext.impl.pytato - limiting argument buffer size for <pyopencl.Device 'Tesla V100-SXM2-16GB' on 'Portable Computing Language' at 0x102780750> to 3896 bytes
2023-10-04 01:47:28,531 - INFO - meshmode.array_context - Transforming kernel 'frozen_area_el_vol' with 10 statements.
2023-10-04 01:47:28,723 - INFO - meshmode.array_context - Array Contraction: Contracting 1 temps
2023-10-04 01:47:28,752 - INFO - meshmode.array_context - [_alias_global_temporaries]: Reduced memory requirement of 'frozen_area_el_vol' from 0.3MB to 0.2MB.
2023-10-04 01:47:29,921 - INFO - pyopencl - build program: kernel 'frozen_area_el_vol' was part of a lengthy source build resulting from a binary cache miss (0.65 s)
2023-10-04 01:47:29,976 - INFO - meshmode.discretization.connection.face - building face restriction: start
2023-10-04 01:47:29,986 - INFO - meshmode.discretization.connection.face - building face restriction: done
2023-10-04 01:47:30,070 - INFO - meshmode.array_context - Transforming kernel 'frozen_area_el_b_face_restr_all' with 7 statements.
2023-10-04 01:47:30,192 - INFO - meshmode.array_context - Array Contraction: Contracting 2 temps
2023-10-04 01:47:30,224 - INFO - meshmode.array_context - [_alias_global_temporaries]: Reduced memory requirement of 'frozen_area_el_b_face_restr_all' from 0.5MB to 0.3MB.
2023-10-04 01:47:31,207 - INFO - pyopencl - build program: kernel 'frozen_area_el_b_face_restr_all' was part of a lengthy source build resulting from a binary cache miss (0.63 s)
2023-10-04 01:47:31,287 - INFO - meshmode.array_context - Transforming kernel 'frozen_dt_geometric_vol' with 7 statements.
2023-10-04 01:47:31,457 - INFO - meshmode.array_context - Array Contraction: Contracting 0 temps
2023-10-04 01:47:31,468 - INFO - meshmode.array_context - [_alias_global_temporaries]: Reduced memory requirement of 'frozen_dt_geometric_vol' from 0.3MB to 0.2MB.
2023-10-04 01:47:33,039 - INFO - pyopencl - build program: kernel 'frozen_dt_geometric_vol' was part of a lengthy source build resulting from a binary cache miss (1.12 s)
2023-10-04 01:47:33,087 - INFO - meshmode.array_context - Transforming kernel 'frozen_char_lscales' with 1 statements.
2023-10-04 01:47:33,104 - INFO - meshmode.array_context - Array Contraction: Contracting 0 temps
2023-10-04 01:47:33,106 - INFO - meshmode.array_context - [_alias_global_temporaries]: Reduced memory requirement of 'frozen_char_lscales' from 0.0MB to 0.0MB.
2023-10-04 01:47:33,517 - INFO - pyopencl - build program: kernel 'frozen_char_lscales' was part of a lengthy source build resulting from a binary cache miss (0.35 s)
2023-10-04 01:47:33,564 - INFO - meshmode.array_context - Transforming kernel 'frozen_result' with 4 statements.
2023-10-04 01:47:33,614 - INFO - meshmode.array_context - Array Contraction: Contracting 3 temps
2023-10-04 01:47:33,647 - INFO - meshmode.array_context - [_alias_global_temporaries]: Reduced memory requirement of 'frozen_result' from 0.2MB to 0.2MB.
2023-10-04 01:47:34,160 - INFO - pyopencl - build program: kernel 'frozen_result' was part of a lengthy source build resulting from a binary cache miss (0.38 s)
2023-10-04 01:47:34,638 - INFO - pyopencl - build program: kernel 'reduce_kernel_stage1' was part of a lengthy source build resulting from a binary cache miss (0.45 s)
2023-10-04 01:47:35,101 - INFO - pyopencl - build program: kernel 'reduce_kernel_stage2' was part of a lengthy source build resulting from a binary cache miss (0.45 s)
2023-10-04 01:47:35,112 - INFO - meshmode.array_context - Transforming kernel 'frozen_result' with 1 statements.
2023-10-04 01:47:35,118 - INFO - meshmode.array_context - Array Contraction: Contracting 0 temps
_get_iel_to_idofs: str(insn)='_ary_store: _ary <- NaN if isnan(_actx_dw) or isnan(_actx_dw_0) else (_actx_dw if _actx_dw > _actx_dw_0 else _actx_dw_0) {tags=EinsumTag(orig_loop_nest=frozenset())}'
/p/gpfs1/mtcampbe/CEESD/AutomatedTesting/MIRGE-Timing/timing/emirge/meshmode/meshmode/array_context.py:1748: UserWarning: [frozen_result]: FusionContractorArrayContext.transform_loopy_program not broad enough (yet). Falling back to a possibly slower transformation strategy.
  warn(f"[{knl.name}]: FusionContractorArrayContext."
2023-10-04 01:47:35,504 - INFO - pyopencl - build program: kernel 'frozen_result' was part of a lengthy source build resulting from a binary cache miss (0.35 s)
2023-10-04 01:47:35,959 - INFO - pyopencl - build program: kernel 'reduce_kernel_stage1' was part of a lengthy source build resulting from a binary cache miss (0.44 s)
2023-10-04 01:47:36,402 - INFO - pyopencl - build program: kernel 'reduce_kernel_stage2' was part of a lengthy source build resulting from a binary cache miss (0.44 s)
2023-10-04 01:47:36,408 - INFO - meshmode.array_context - Transforming kernel 'frozen_result' with 1 statements.
2023-10-04 01:47:36,414 - INFO - meshmode.array_context - Array Contraction: Contracting 0 temps
_get_iel_to_idofs: str(insn)='_ary_store: _ary <- 0 + _actx_dw {tags=EinsumTag(orig_loop_nest=frozenset())}'
2023-10-04 01:47:36,786 - INFO - pyopencl - build program: kernel 'frozen_result' was part of a lengthy source build resulting from a binary cache miss (0.35 s)
2023-10-04 01:47:37,248 - INFO - pyopencl - build program: kernel 'reduce_kernel_stage1' was part of a lengthy source build resulting from a binary cache miss (0.45 s)
2023-10-04 01:47:37,707 - INFO - pyopencl - build program: kernel 'reduce_kernel_stage2' was part of a lengthy source build resulting from a binary cache miss (0.45 s)
2023-10-04 01:47:37,716 - INFO - meshmode.array_context - Transforming kernel 'frozen_result' with 1 statements.
2023-10-04 01:47:37,723 - INFO - meshmode.array_context - Array Contraction: Contracting 0 temps
_get_iel_to_idofs: str(insn)='_ary_store: _ary <- NaN if isnan(_actx_dw) or isnan(_actx_dw_0) else (_actx_dw if _actx_dw < _actx_dw_0 else _actx_dw_0) {tags=EinsumTag(orig_loop_nest=frozenset())}'
2023-10-04 01:47:38,106 - INFO - pyopencl - build program: kernel 'frozen_result' was part of a lengthy source build resulting from a binary cache miss (0.35 s)
-------- dt = 1.000e-08, cfl = 0.0253
-------- P (min, max) (Pa) = (2.865706984e+03, 2.742120082e+05)
-------- T (min, max) (K)  = (    300, 2075.81)

2023-10-04 01:47:38,140 - INFO - meshmode.array_context - Transforming kernel 'frozen_result' with 1 statements.
2023-10-04 01:47:38,148 - INFO - meshmode.array_context - Array Contraction: Contracting 0 temps
2023-10-04 01:47:38,150 - INFO - meshmode.array_context - [_alias_global_temporaries]: Reduced memory requirement of 'frozen_result' from 0.0MB to 0.0MB.
2023-10-04 01:47:38,558 - INFO - pyopencl - build program: kernel 'frozen_result' was part of a lengthy source build resulting from a binary cache miss (0.35 s)
2023-10-04 01:47:38,570 - INFO - meshmode.array_context - Transforming kernel 'frozen_result' with 1 statements.
2023-10-04 01:47:38,578 - INFO - meshmode.array_context - Array Contraction: Contracting 0 temps
2023-10-04 01:47:38,580 - INFO - meshmode.array_context - [_alias_global_temporaries]: Reduced memory requirement of 'frozen_result' from 0.0MB to 0.0MB.
2023-10-04 01:47:38,988 - INFO - pyopencl - build program: kernel 'frozen_result' was part of a lengthy source build resulting from a binary cache miss (0.35 s)
2023-10-04 01:47:39,000 - INFO - meshmode.array_context - Transforming kernel 'frozen_result' with 1 statements.
2023-10-04 01:47:39,007 - INFO - meshmode.array_context - Array Contraction: Contracting 0 temps
2023-10-04 01:47:39,009 - INFO - meshmode.array_context - [_alias_global_temporaries]: Reduced memory requirement of 'frozen_result' from 0.0MB to 0.0MB.
2023-10-04 01:47:39,416 - INFO - pyopencl - build program: kernel 'frozen_result' was part of a lengthy source build resulting from a binary cache miss (0.35 s)
2023-10-04 01:47:39,427 - INFO - meshmode.array_context - Transforming kernel 'frozen_result' with 1 statements.
2023-10-04 01:47:39,435 - INFO - meshmode.array_context - Array Contraction: Contracting 0 temps
2023-10-04 01:47:39,437 - INFO - meshmode.array_context - [_alias_global_temporaries]: Reduced memory requirement of 'frozen_result' from 0.0MB to 0.0MB.
2023-10-04 01:47:39,844 - INFO - pyopencl - build program: kernel 'frozen_result' was part of a lengthy source build resulting from a binary cache miss (0.35 s)
2023-10-04 01:47:39,878 - INFO - meshmode.array_context - Transforming kernel 'frozen_result' with 3 statements.
2023-10-04 01:47:39,907 - INFO - meshmode.array_context - Array Contraction: Contracting 0 temps
2023-10-04 01:47:39,911 - INFO - meshmode.array_context - [_alias_global_temporaries]: Reduced memory requirement of 'frozen_result' from 0.1MB to 0.1MB.
2023-10-04 01:47:40,573 - INFO - pyopencl - build program: kernel 'frozen_result' was part of a lengthy source build resulting from a binary cache miss (0.50 s)
2023-10-04 01:47:40,595 - INFO - meshmode.array_context - Transforming kernel 'frozen_result' with 1 statements.
2023-10-04 01:47:40,603 - INFO - meshmode.array_context - Array Contraction: Contracting 0 temps
2023-10-04 01:47:40,606 - INFO - meshmode.array_context - [_alias_global_temporaries]: Reduced memory requirement of 'frozen_result' from 0.0MB to 0.0MB.
2023-10-04 01:47:41,029 - INFO - pyopencl - build program: kernel 'frozen_result' was part of a lengthy source build resulting from a binary cache miss (0.36 s)
2023-10-04 01:47:41,053 - INFO - meshmode.array_context - Transforming kernel 'frozen_result' with 1 statements.
2023-10-04 01:47:41,063 - INFO - meshmode.array_context - Array Contraction: Contracting 0 temps
2023-10-04 01:47:41,065 - INFO - meshmode.array_context - [_alias_global_temporaries]: Reduced memory requirement of 'frozen_result' from 0.0MB to 0.0MB.
2023-10-04 01:47:41,512 - INFO - pyopencl - build program: kernel 'frozen_result' was part of a lengthy source build resulting from a binary cache miss (0.36 s)
2023-10-04 01:47:41,544 - INFO - meshmode.array_context - Transforming kernel 'frozen_result' with 3 statements.
2023-10-04 01:47:41,574 - INFO - meshmode.array_context - Array Contraction: Contracting 0 temps
2023-10-04 01:47:41,578 - INFO - meshmode.array_context - [_alias_global_temporaries]: Reduced memory requirement of 'frozen_result' from 0.1MB to 0.1MB.
2023-10-04 01:47:42,234 - INFO - pyopencl - build program: kernel 'frozen_result' was part of a lengthy source build resulting from a binary cache miss (0.50 s)
2023-10-04 01:47:42,352 - INFO - meshmode.array_context - Transforming kernel 'frozen_result' with 6 statements.
2023-10-04 01:47:42,441 - INFO - meshmode.array_context - Array Contraction: Contracting 0 temps
2023-10-04 01:47:42,450 - INFO - meshmode.array_context - [_alias_global_temporaries]: Reduced memory requirement of 'frozen_result' from 0.2MB to 0.2MB.
2023-10-04 01:47:43,864 - INFO - pyopencl - build program: kernel 'frozen_result' was part of a lengthy source build resulting from a binary cache miss (1.03 s)
2023-10-04 01:47:43,936 - INFO - meshmode.array_context - Transforming kernel 'frozen_result' with 4 statements.
2023-10-04 01:47:43,981 - INFO - meshmode.array_context - Array Contraction: Contracting 2 temps
2023-10-04 01:47:44,005 - INFO - meshmode.array_context - [_alias_global_temporaries]: Reduced memory requirement of 'frozen_result' from 0.2MB to 0.2MB.
2023-10-04 01:47:44,708 - INFO - pyopencl - build program: kernel 'frozen_result' was part of a lengthy source build resulting from a binary cache miss (0.51 s)
2023-10-04 01:47:44,742 - INFO - meshmode.discretization.connection.face - building face restriction: start
2023-10-04 01:47:44,747 - INFO - meshmode.discretization.connection.face - building face restriction: done
2023-10-04 01:47:44,760 - INFO - meshmode.discretization.connection.face - building face restriction: start
2023-10-04 01:47:44,765 - INFO - meshmode.discretization.connection.face - building face restriction: done
2023-10-04 01:47:44,778 - INFO - meshmode.discretization.connection.face - building face restriction: start
2023-10-04 01:47:44,789 - INFO - meshmode.discretization.connection.face - building face restriction: done
2023-10-04 01:47:44,801 - INFO - meshmode.discretization.connection.face - building face restriction: start
2023-10-04 01:47:44,887 - INFO - meshmode.discretization.connection.face - building face restriction: done
2023-10-04 01:47:45,019 - INFO - meshmode.array_context - Transforming kernel 'frozen_area_el_b_inflow' with 7 statements.
2023-10-04 01:47:45,143 - INFO - meshmode.array_context - Array Contraction: Contracting 2 temps
2023-10-04 01:47:45,175 - INFO - meshmode.array_context - [_alias_global_temporaries]: Reduced memory requirement of 'frozen_area_el_b_inflow' from 0.0MB to 0.0MB.
2023-10-04 01:47:46,139 - INFO - pyopencl - build program: kernel 'frozen_area_el_b_inflow' was part of a lengthy source build resulting from a binary cache miss (0.60 s)
2023-10-04 01:47:46,219 - INFO - meshmode.array_context - Transforming kernel 'frozen_normal_2_b_inflow' with 3 statements.
2023-10-04 01:47:46,287 - INFO - meshmode.array_context - Array Contraction: Contracting 0 temps
2023-10-04 01:47:46,292 - INFO - meshmode.array_context - [_alias_global_temporaries]: Reduced memory requirement of 'frozen_normal_2_b_inflow' from 0.0MB to 0.0MB.
2023-10-04 01:47:47,139 - INFO - pyopencl - build program: kernel 'frozen_normal_2_b_inflow' was part of a lengthy source build resulting from a binary cache miss (0.60 s)
2023-10-04 01:47:47,208 - INFO - meshmode.array_context - Transforming kernel 'frozen_normal_1_b_inflow' with 3 statements.
2023-10-04 01:47:47,275 - INFO - meshmode.array_context - Array Contraction: Contracting 0 temps
2023-10-04 01:47:47,281 - INFO - meshmode.array_context - [_alias_global_temporaries]: Reduced memory requirement of 'frozen_normal_1_b_inflow' from 0.0MB to 0.0MB.
2023-10-04 01:47:48,130 - INFO - pyopencl - build program: kernel 'frozen_normal_1_b_inflow' was part of a lengthy source build resulting from a binary cache miss (0.60 s)
2023-10-04 01:47:48,161 - INFO - meshmode.array_context - Transforming kernel 'frozen_f2allf_ind' with 0 statements.
2023-10-04 01:47:48,166 - INFO - meshmode.array_context - Array Contraction: Contracting 0 temps
2023-10-04 01:47:48,529 - INFO - pyopencl - build program: kernel 'frozen_f2allf_ind' was part of a lengthy source build resulting from a binary cache miss (0.34 s)
2023-10-04 01:47:48,538 - INFO - meshmode.array_context - Transforming kernel 'frozen_f2allf_ind' with 0 statements.
2023-10-04 01:47:48,668 - INFO - meshmode.array_context - Transforming kernel 'frozen_f2allf_ind' with 1 statements.
2023-10-04 01:47:48,679 - INFO - meshmode.array_context - Array Contraction: Contracting 0 temps
2023-10-04 01:47:48,682 - INFO - meshmode.array_context - [_alias_global_temporaries]: Reduced memory requirement of 'frozen_f2allf_ind' from 0.0MB to 0.0MB.
2023-10-04 01:47:49,067 - INFO - pyopencl - build program: kernel 'frozen_f2allf_ind' was part of a lengthy source build resulting from a binary cache miss (0.34 s)
2023-10-04 01:47:49,170 - INFO - meshmode.array_context - Transforming kernel 'frozen_area_el_b_outflow' with 7 statements.
2023-10-04 01:47:49,296 - INFO - meshmode.array_context - Array Contraction: Contracting 2 temps
2023-10-04 01:47:49,327 - INFO - meshmode.array_context - [_alias_global_temporaries]: Reduced memory requirement of 'frozen_area_el_b_outflow' from 0.0MB to 0.0MB.
2023-10-04 01:47:50,289 - INFO - pyopencl - build program: kernel 'frozen_area_el_b_outflow' was part of a lengthy source build resulting from a binary cache miss (0.60 s)
2023-10-04 01:47:50,370 - INFO - meshmode.array_context - Transforming kernel 'frozen_normal_2_b_outflow' with 3 statements.
2023-10-04 01:47:50,437 - INFO - meshmode.array_context - Array Contraction: Contracting 0 temps
2023-10-04 01:47:50,442 - INFO - meshmode.array_context - [_alias_global_temporaries]: Reduced memory requirement of 'frozen_normal_2_b_outflow' from 0.0MB to 0.0MB.
2023-10-04 01:47:51,290 - INFO - pyopencl - build program: kernel 'frozen_normal_2_b_outflow' was part of a lengthy source build resulting from a binary cache miss (0.60 s)
2023-10-04 01:47:51,357 - INFO - meshmode.array_context - Transforming kernel 'frozen_normal_1_b_outflow' with 3 statements.
2023-10-04 01:47:51,424 - INFO - meshmode.array_context - Array Contraction: Contracting 0 temps
2023-10-04 01:47:51,429 - INFO - meshmode.array_context - [_alias_global_temporaries]: Reduced memory requirement of 'frozen_normal_1_b_outflow' from 0.0MB to 0.0MB.
2023-10-04 01:47:52,279 - INFO - pyopencl - build program: kernel 'frozen_normal_1_b_outflow' was part of a lengthy source build resulting from a binary cache miss (0.60 s)
2023-10-04 01:47:52,310 - INFO - meshmode.array_context - Transforming kernel 'frozen_f2allf_ind' with 1 statements.
2023-10-04 01:47:52,321 - INFO - meshmode.array_context - Array Contraction: Contracting 0 temps
2023-10-04 01:47:52,323 - INFO - meshmode.array_context - [_alias_global_temporaries]: Reduced memory requirement of 'frozen_f2allf_ind' from 0.0MB to 0.0MB.
2023-10-04 01:47:52,705 - INFO - pyopencl - build program: kernel 'frozen_f2allf_ind' was part of a lengthy source build resulting from a binary cache miss (0.34 s)
2023-10-04 01:47:52,717 - INFO - meshmode.array_context - Transforming kernel 'frozen_f2allf_ind' with 1 statements.
2023-10-04 01:47:52,727 - INFO - meshmode.array_context - Array Contraction: Contracting 0 temps
2023-10-04 01:47:52,729 - INFO - meshmode.array_context - [_alias_global_temporaries]: Reduced memory requirement of 'frozen_f2allf_ind' from 0.0MB to 0.0MB.
2023-10-04 01:47:53,117 - INFO - pyopencl - build program: kernel 'frozen_f2allf_ind' was part of a lengthy source build resulting from a binary cache miss (0.35 s)
2023-10-04 01:47:53,221 - INFO - meshmode.array_context - Transforming kernel 'frozen_area_el_b_wall' with 7 statements.
2023-10-04 01:47:53,345 - INFO - meshmode.array_context - Array Contraction: Contracting 2 temps
2023-10-04 01:47:53,376 - INFO - meshmode.array_context - [_alias_global_temporaries]: Reduced memory requirement of 'frozen_area_el_b_wall' from 0.0MB to 0.0MB.
2023-10-04 01:47:54,350 - INFO - pyopencl - build program: kernel 'frozen_area_el_b_wall' was part of a lengthy source build resulting from a binary cache miss (0.62 s)
2023-10-04 01:47:54,428 - INFO - meshmode.array_context - Transforming kernel 'frozen_normal_2_b_wall' with 3 statements.
2023-10-04 01:47:54,495 - INFO - meshmode.array_context - Array Contraction: Contracting 0 temps
2023-10-04 01:47:54,500 - INFO - meshmode.array_context - [_alias_global_temporaries]: Reduced memory requirement of 'frozen_normal_2_b_wall' from 0.0MB to 0.0MB.
2023-10-04 01:47:55,369 - INFO - pyopencl - build program: kernel 'frozen_normal_2_b_wall' was part of a lengthy source build resulting from a binary cache miss (0.61 s)
2023-10-04 01:47:55,435 - INFO - meshmode.array_context - Transforming kernel 'frozen_normal_1_b_wall' with 3 statements.
2023-10-04 01:47:55,502 - INFO - meshmode.array_context - Array Contraction: Contracting 0 temps
2023-10-04 01:47:55,507 - INFO - meshmode.array_context - [_alias_global_temporaries]: Reduced memory requirement of 'frozen_normal_1_b_wall' from 0.0MB to 0.0MB.
2023-10-04 01:47:56,374 - INFO - pyopencl - build program: kernel 'frozen_normal_1_b_wall' was part of a lengthy source build resulting from a binary cache miss (0.61 s)
2023-10-04 01:47:56,405 - INFO - meshmode.array_context - Transforming kernel 'frozen_f2allf_ind' with 1 statements.
2023-10-04 01:47:56,416 - INFO - meshmode.array_context - Array Contraction: Contracting 0 temps
2023-10-04 01:47:56,418 - INFO - meshmode.array_context - [_alias_global_temporaries]: Reduced memory requirement of 'frozen_f2allf_ind' from 0.0MB to 0.0MB.
2023-10-04 01:47:56,802 - INFO - pyopencl - build program: kernel 'frozen_f2allf_ind' was part of a lengthy source build resulting from a binary cache miss (0.34 s)
2023-10-04 01:47:56,813 - INFO - meshmode.array_context - Transforming kernel 'frozen_f2allf_ind' with 1 statements.
2023-10-04 01:47:56,823 - INFO - meshmode.array_context - Array Contraction: Contracting 0 temps
2023-10-04 01:47:56,825 - INFO - meshmode.array_context - [_alias_global_temporaries]: Reduced memory requirement of 'frozen_f2allf_ind' from 0.0MB to 0.0MB.
2023-10-04 01:47:57,219 - INFO - pyopencl - build program: kernel 'frozen_f2allf_ind' was part of a lengthy source build resulting from a binary cache miss (0.35 s)
2023-10-04 01:47:57,399 - INFO - meshmode.array_context - Transforming kernel 'frozen_area_el_b_face_restr_interior' with 7 statements.
2023-10-04 01:47:57,522 - INFO - meshmode.array_context - Array Contraction: Contracting 2 temps
2023-10-04 01:47:57,553 - INFO - meshmode.array_context - [_alias_global_temporaries]: Reduced memory requirement of 'frozen_area_el_b_face_restr_interior' from 0.4MB to 0.3MB.
2023-10-04 01:47:58,530 - INFO - pyopencl - build program: kernel 'frozen_area_el_b_face_restr_interior' was part of a lengthy source build resulting from a binary cache miss (0.62 s)
2023-10-04 01:47:58,608 - INFO - meshmode.array_context - Transforming kernel 'frozen_normal_2_b_face_restr_interior' with 3 statements.
2023-10-04 01:47:58,676 - INFO - meshmode.array_context - Array Contraction: Contracting 0 temps
2023-10-04 01:47:58,681 - INFO - meshmode.array_context - [_alias_global_temporaries]: Reduced memory requirement of 'frozen_normal_2_b_face_restr_interior' from 0.2MB to 0.2MB.
2023-10-04 01:47:59,549 - INFO - pyopencl - build program: kernel 'frozen_normal_2_b_face_restr_interior' was part of a lengthy source build resulting from a binary cache miss (0.61 s)
2023-10-04 01:47:59,616 - INFO - meshmode.array_context - Transforming kernel 'frozen_normal_1_b_face_restr_interior' with 3 statements.
2023-10-04 01:47:59,685 - INFO - meshmode.array_context - Array Contraction: Contracting 0 temps
2023-10-04 01:47:59,690 - INFO - meshmode.array_context - [_alias_global_temporaries]: Reduced memory requirement of 'frozen_normal_1_b_face_restr_interior' from 0.2MB to 0.2MB.
2023-10-04 01:48:00,561 - INFO - pyopencl - build program: kernel 'frozen_normal_1_b_face_restr_interior' was part of a lengthy source build resulting from a binary cache miss (0.61 s)
2023-10-04 01:48:00,594 - INFO - meshmode.array_context - Transforming kernel 'frozen_f2allf_ind' with 1 statements.
2023-10-04 01:48:00,604 - INFO - meshmode.array_context - Array Contraction: Contracting 0 temps
2023-10-04 01:48:00,606 - INFO - meshmode.array_context - [_alias_global_temporaries]: Reduced memory requirement of 'frozen_f2allf_ind' from 0.0MB to 0.0MB.
2023-10-04 01:48:00,998 - INFO - pyopencl - build program: kernel 'frozen_f2allf_ind' was part of a lengthy source build resulting from a binary cache miss (0.35 s)
2023-10-04 01:48:01,010 - INFO - meshmode.array_context - Transforming kernel 'frozen_f2allf_ind' with 1 statements.
2023-10-04 01:48:01,020 - INFO - meshmode.array_context - Array Contraction: Contracting 0 temps
2023-10-04 01:48:01,023 - INFO - meshmode.array_context - [_alias_global_temporaries]: Reduced memory requirement of 'frozen_f2allf_ind' from 0.0MB to 0.0MB.
2023-10-04 01:48:01,416 - INFO - pyopencl - build program: kernel 'frozen_f2allf_ind' was part of a lengthy source build resulting from a binary cache miss (0.35 s)
2023-10-04 01:48:01,427 - INFO - meshmode.array_context - Transforming kernel 'frozen_f2allf_ind' with 1 statements.
2023-10-04 01:48:01,438 - INFO - meshmode.array_context - Array Contraction: Contracting 0 temps
2023-10-04 01:48:01,440 - INFO - meshmode.array_context - [_alias_global_temporaries]: Reduced memory requirement of 'frozen_f2allf_ind' from 0.0MB to 0.0MB.
2023-10-04 01:48:01,832 - INFO - pyopencl - build program: kernel 'frozen_f2allf_ind' was part of a lengthy source build resulting from a binary cache miss (0.35 s)
2023-10-04 01:48:02,466 - INFO - meshmode.array_context - Transforming kernel 'frozen_inv_metric_deriv_vol' with 45 statements.
2023-10-04 01:48:03,318 - INFO - loopy.tools - fuse_same_discretization_entity_loops on 'frozen_inv_metric_deriv_vol': completed (0.75s wall 1.00x CPU)
2023-10-04 01:48:03,368 - INFO - meshmode.array_context - Loop Fusion: completed (0.89s wall 1.00x CPU)
2023-10-04 01:48:03,488 - INFO - meshmode.array_context - Array Contraction: Contracting 0 temps
2023-10-04 01:48:03,528 - INFO - meshmode.array_context - [_alias_global_temporaries]: Reduced memory requirement of 'frozen_inv_metric_deriv_vol' from 1.7MB to 0.5MB.
2023-10-04 01:48:04,279 - INFO - loopy.tools - preprocess_program on 'frozen_inv_metric_deriv_vol': completed (0.61s wall 1.00x CPU)
2023-10-04 01:48:06,740 - INFO - pyopencl - build program: kernel 'frozen_inv_metric_deriv_vol' was part of a lengthy source build resulting from a binary cache miss (0.93 s)
/p/gpfs1/mtcampbe/CEESD/AutomatedTesting/MIRGE-Timing/timing/emirge/mirgecom/mirgecom/artificial_viscosity.py:347: UserWarning: The AV boundary_kwargs interface is deprecated, please pass gas_model and time directly.
  warn("The AV boundary_kwargs interface is deprecated, please pass gas_model"
2023-10-04 01:48:08,874 - INFO - grudge.array_context - deduplicate_data_wrappers[pre-partition]: completed (1.38s wall 1.00x CPU)
2023-10-04 01:48:10,624 - INFO - grudge.array_context - materialize_with_mpms[pre-partition]: completed (1.75s wall 1.00x CPU)
2023-10-04 01:48:16,294 - INFO - grudge.array_context - transform_dag.infer_axes_tags[pre-partition]: completed (5.67s wall 1.00x CPU)
2023-10-04 01:48:17,855 - INFO - pytato.distributed.verify - find_partition: Split 3430 nodes into 1 parts, with [3430] nodes in each partition.
2023-10-04 01:48:20,407 - INFO - meshmode.array_context - transform_dag.mpms_materialization: completed (1.88s wall 1.00x CPU)
2023-10-04 01:48:21,067 - INFO - meshmode.array_context - transform_dag.naming_cse: completed (0.66s wall 1.00x CPU)
2023-10-04 01:48:21,744 - INFO - meshmode.array_context - transform_dag.tag_indices_as_non_negative: completed (0.63s wall 1.00x CPU)
2023-10-04 01:48:23,018 - INFO - meshmode.array_context - transform_dag.deduplicate_data_wrappers: completed (1.27s wall 1.00x CPU)
2023-10-04 01:48:24,279 - INFO - meshmode.array_context - transform_dag.materialize_face_mass_ins_and_outs: completed (0.64s wall 1.00x CPU)
2023-10-04 01:48:26,038 - INFO - meshmode.array_context - transform_dag.materialize_all_einsums_or_reduces: completed (1.12s wall 1.00x CPU)
2023-10-04 01:48:31,018 - INFO - meshmode.array_context - transform_dag.infer_axes_tags: completed (4.98s wall 1.00x CPU)
2023-10-04 01:48:31,676 - INFO - meshmode.array_context - Transforming kernel 'frozen_result' with 1 statements.
2023-10-04 01:48:31,687 - INFO - meshmode.array_context - Array Contraction: Contracting 0 temps
2023-10-04 01:48:31,689 - INFO - meshmode.array_context - [_alias_global_temporaries]: Reduced memory requirement of 'frozen_result' from 0.0MB to 0.0MB.
2023-10-04 01:48:32,094 - INFO - pyopencl - build program: kernel 'frozen_result' was part of a lengthy source build resulting from a binary cache miss (0.35 s)
2023-10-04 01:48:32,108 - INFO - meshmode.array_context - Transforming kernel 'frozen_result' with 1 statements.
2023-10-04 01:48:32,134 - INFO - meshmode.array_context - Array Contraction: Contracting 0 temps
_get_iel_to_idofs: str(insn)="_ary_store: _ary[idim_ensm0, idim_ensm0_0, iel_ensm0] <- inv_metric_deriv_vol[((idim_ensm0*5008 + idim_ensm0_0*2504 + iel_ensm0) % 10016) // 5008, ((idim_ensm0*5008 + idim_ensm0_0*2504 + iel_ensm0) % 5008) // 2504, (idim_ensm0*5008 + idim_ensm0_0*2504 + iel_ensm0) % 2504, 0] {tags=EinsumTag(orig_loop_nest=frozenset({'iel_0_0_', 'idim_0_0_', 'idim_1_0_'}))}"
2023-10-04 01:48:32,652 - INFO - pyopencl - build program: kernel 'frozen_result' was part of a lengthy source build resulting from a binary cache miss (0.37 s)
2023-10-04 01:48:32,673 - INFO - meshmode.array_context - Transforming kernel 'frozen_result' with 1 statements.
2023-10-04 01:48:32,691 - INFO - meshmode.array_context - Array Contraction: Contracting 0 temps
_get_iel_to_idofs: str(insn)="_ary_store: _ary[iface_ensm0, iel_ensm0] <- _actx_dw[((iface_ensm0*2504 + iel_ensm0) % 7512) // 2504, (iface_ensm0*2504 + iel_ensm0) % 2504, 0] {tags=EinsumTag(orig_loop_nest=frozenset({'iface_0_0_', 'iel_0_0_'}))}"
2023-10-04 01:48:33,173 - INFO - pyopencl - build program: kernel 'frozen_result' was part of a lengthy source build resulting from a binary cache miss (0.36 s)
2023-10-04 01:48:33,229 - INFO - meshmode.array_context - Transforming kernel 'frozen_result' with 1 statements.
_get_iel_to_idofs: str(insn)="_ary_store: _ary[idim_ensm0, idim_ensm0_0, iel_ensm0] <- inv_metric_deriv_vol[((idim_ensm0*5008 + idim_ensm0_0*2504 + iel_ensm0) % 10016) // 5008, ((idim_ensm0*5008 + idim_ensm0_0*2504 + iel_ensm0) % 5008) // 2504, (idim_ensm0*5008 + idim_ensm0_0*2504 + iel_ensm0) % 2504, 0] {tags=EinsumTag(orig_loop_nest=frozenset({'iel_0_0_', 'idim_0_0_', 'idim_1_0_'}))}"
2023-10-04 01:48:34,869 - INFO - arraycontext.impl.pytato.compile - transform_dag for 'my_rhs': completed (17.01s wall 1.00x CPU)
2023-10-04 01:48:40,994 - INFO - arraycontext.impl.pytato.compile - generate_loopy for 'my_rhs': completed (6.13s wall 1.00x CPU)
2023-10-04 01:48:40,995 - INFO - meshmode.array_context - Transforming kernel 'my_rhs' with 355 statements.
2023-10-04 01:48:52,266 - INFO - loopy.tools - fuse_same_discretization_entity_loops on 'my_rhs': completed (10.40s wall 1.00x CPU)
2023-10-04 01:48:52,946 - INFO - meshmode.array_context - Loop Fusion: completed (11.93s wall 1.00x CPU)
2023-10-04 01:48:54,550 - INFO - meshmode.array_context - Array Contraction: Contracting 73 temps
2023-10-04 01:48:57,194 - INFO - loopy.tools - contract_arrays on 'my_rhs': completed (2.65s wall 1.00x CPU)
2023-10-04 01:48:57,608 - INFO - meshmode.array_context - Array Contraction: completed (3.69s wall 1.00x CPU)
2023-10-04 01:48:57,790 - INFO - meshmode.array_context - [_alias_global_temporaries]: Reduced memory requirement of 'my_rhs' from 16.5MB to 7.7MB.
2023-10-04 01:48:59,252 - INFO - arraycontext.impl.pytato.compile - transform_loopy_program for 'my_rhs': completed (18.26s wall 1.00x CPU)
2023-10-04 01:49:03,070 - INFO - loopy.preprocess - my_rhs: preprocess: completed (0.42s wall 1.00x CPU)
2023-10-04 01:49:04,922 - INFO - loopy.tools - preprocess_program on 'my_rhs': completed (4.79s wall 1.00x CPU)
2023-10-04 01:49:10,825 - INFO - loopy.schedule - my_rhs: schedule: completed (2.37s wall 1.00x CPU)
2023-10-04 01:49:18,638 - INFO - loopy.codegen - my_rhs: generate code: completed (4.27s wall 1.00x CPU)
2023-10-04 01:49:30,232 - INFO - pyopencl - build program: kernel 'my_rhs' was part of a lengthy source build resulting from a binary cache miss (9.54 s)
2023-10-04 01:49:31,652 - INFO - meshmode.array_context - Transforming kernel 'frozen_result' with 1 statements.
2023-10-04 01:49:31,668 - INFO - meshmode.array_context - Array Contraction: Contracting 0 temps
2023-10-04 01:49:31,671 - INFO - meshmode.array_context - [_alias_global_temporaries]: Reduced memory requirement of 'frozen_result' from 0.0MB to 0.0MB.
2023-10-04 01:49:32,091 - INFO - pyopencl - build program: kernel 'frozen_result' was part of a lengthy source build resulting from a binary cache miss (0.35 s)
2023-10-04 01:49:32,108 - INFO - meshmode.array_context - Transforming kernel 'frozen_result' with 1 statements.
2023-10-04 01:49:32,124 - INFO - meshmode.array_context - Array Contraction: Contracting 0 temps
2023-10-04 01:49:32,127 - INFO - meshmode.array_context - [_alias_global_temporaries]: Reduced memory requirement of 'frozen_result' from 0.0MB to 0.0MB.
2023-10-04 01:49:32,548 - INFO - pyopencl - build program: kernel 'frozen_result' was part of a lengthy source build resulting from a binary cache miss (0.35 s)
2023-10-04 01:49:32,573 - INFO - meshmode.array_context - Transforming kernel 'frozen_result' with 1 statements.
2023-10-04 01:49:32,589 - INFO - meshmode.array_context - Array Contraction: Contracting 0 temps
2023-10-04 01:49:32,591 - INFO - meshmode.array_context - [_alias_global_temporaries]: Reduced memory requirement of 'frozen_result' from 0.0MB to 0.0MB.
2023-10-04 01:49:33,012 - INFO - pyopencl - build program: kernel 'frozen_result' was part of a lengthy source build resulting from a binary cache miss (0.35 s)
2023-10-04 01:49:33,029 - INFO - meshmode.array_context - Transforming kernel 'frozen_result' with 1 statements.
2023-10-04 01:49:33,045 - INFO - meshmode.array_context - Array Contraction: Contracting 0 temps
2023-10-04 01:49:33,047 - INFO - meshmode.array_context - [_alias_global_temporaries]: Reduced memory requirement of 'frozen_result' from 0.0MB to 0.0MB.
2023-10-04 01:49:33,468 - INFO - pyopencl - build program: kernel 'frozen_result' was part of a lengthy source build resulting from a binary cache miss (0.36 s)
/p/gpfs1/mtcampbe/CEESD/AutomatedTesting/MIRGE-Timing/timing/emirge/mirgecom/mirgecom/steppers.py:439: UserWarning: Deduced force_eval=True for this timestepper. This can have a nontrivial performance impact. If you know that your timestepper does not require per-step forced evaluation, explicitly set force_eval=False.
  _advance_state_stepper_func(
2023-10-04 01:49:33,535 - INFO - meshmode.array_context - Transforming kernel 'frozen_result' with 4 statements.
2023-10-04 01:49:33,589 - INFO - meshmode.array_context - Array Contraction: Contracting 0 temps
2023-10-04 01:49:33,594 - INFO - meshmode.array_context - [_alias_global_temporaries]: Reduced memory requirement of 'frozen_result' from 0.0MB to 0.0MB.
2023-10-04 01:49:34,166 - INFO - pyopencl - build program: kernel 'frozen_result' was part of a lengthy source build resulting from a binary cache miss (0.37 s)
step = 0, sim time: 0.000000e+00 s, step walltime: 125.801 s
2023-10-04 01:49:34,289 - INFO - meshmode.array_context - Transforming kernel 'frozen_result' with 4 statements.
2023-10-04 01:49:34,343 - INFO - meshmode.array_context - Array Contraction: Contracting 0 temps
2023-10-04 01:49:34,348 - INFO - meshmode.array_context - [_alias_global_temporaries]: Reduced memory requirement of 'frozen_result' from 0.0MB to 0.0MB.
2023-10-04 01:49:35,101 - INFO - pyopencl - build program: kernel 'frozen_result' was part of a lengthy source build resulting from a binary cache miss (0.37 s)
step = 1, sim time: 1.000000e-08 s, step walltime: 0.921583 s
step = 2, sim time: 2.000000e-08 s, step walltime: 0.0361288 s
step = 3, sim time: 3.000000e-08 s, step walltime: 0.035995 s
step = 4, sim time: 4.000000e-08 s, step walltime: 0.0357081 s
step = 5, sim time: 5.000000e-08 s, step walltime: 0.0359649 s
step = 6, sim time: 6.000000e-08 s, step walltime: 0.0357386 s
step = 7, sim time: 7.000000e-08 s, step walltime: 0.0358194 s
step = 8, sim time: 8.000000e-08 s, step walltime: 0.0364748 s
step = 9, sim time: 9.000000e-08 s, step walltime: 0.0356822 s
step = 10, sim time: 1.000000e-07 s, step walltime: 0.0363827 s
step = 11, sim time: 1.100000e-07 s, step walltime: 0.0357299 s
step = 12, sim time: 1.200000e-07 s, step walltime: 0.0358169 s
step = 13, sim time: 1.300000e-07 s, step walltime: 0.036243 s
step = 14, sim time: 1.400000e-07 s, step walltime: 0.0358059 s
step = 15, sim time: 1.500000e-07 s, step walltime: 0.036503 s
step = 16, sim time: 1.600000e-07 s, step walltime: 0.0356595 s
step = 17, sim time: 1.700000e-07 s, step walltime: 0.0355188 s
step = 18, sim time: 1.800000e-07 s, step walltime: 0.0357631 s
2023-10-04 01:49:35,829 - INFO - meshmode.array_context - Transforming kernel 'frozen_result' with 1 statements.
2023-10-04 01:49:35,846 - INFO - meshmode.array_context - Array Contraction: Contracting 0 temps
2023-10-04 01:49:35,848 - INFO - meshmode.array_context - [_alias_global_temporaries]: Reduced memory requirement of 'frozen_result' from 0.0MB to 0.0MB.
2023-10-04 01:49:36,269 - INFO - pyopencl - build program: kernel 'frozen_result' was part of a lengthy source build resulting from a binary cache miss (0.35 s)
2023-10-04 01:49:36,297 - INFO - meshmode.array_context - Transforming kernel 'frozen_result' with 1 statements.
2023-10-04 01:49:36,313 - INFO - meshmode.array_context - Array Contraction: Contracting 0 temps
2023-10-04 01:49:36,316 - INFO - meshmode.array_context - [_alias_global_temporaries]: Reduced memory requirement of 'frozen_result' from 0.0MB to 0.0MB.
2023-10-04 01:49:36,735 - INFO - pyopencl - build program: kernel 'frozen_result' was part of a lengthy source build resulting from a binary cache miss (0.35 s)
2023-10-04 01:49:36,804 - INFO - meshmode.array_context - Transforming kernel 'frozen_result' with 4 statements.
2023-10-04 01:49:36,857 - INFO - meshmode.array_context - Array Contraction: Contracting 0 temps
2023-10-04 01:49:36,862 - INFO - meshmode.array_context - [_alias_global_temporaries]: Reduced memory requirement of 'frozen_result' from 0.0MB to 0.0MB.
2023-10-04 01:49:37,431 - INFO - pyopencl - build program: kernel 'frozen_result' was part of a lengthy source build resulting from a binary cache miss (0.37 s)
step = 19, sim time: 1.900000e-07 s, step walltime: 1.64619 s
2023-10-04 01:49:37,477 - INFO - pytato.distributed.verify - find_partition: Split 22 nodes into 1 parts, with [26] nodes in each partition.
2023-10-04 01:49:37,527 - INFO - meshmode.array_context - Transforming kernel 'get_fluid_state' with 14 statements.
2023-10-04 01:49:37,662 - INFO - meshmode.array_context - Array Contraction: Contracting 1 temps
2023-10-04 01:49:37,685 - INFO - meshmode.array_context - [_alias_global_temporaries]: Reduced memory requirement of 'get_fluid_state' from 0.1MB to 0.1MB.
2023-10-04 01:49:38,477 - INFO - pyopencl - build program: kernel 'get_fluid_state' was part of a lengthy source build resulting from a binary cache miss (0.38 s)
Checkpointing final state ...
2023-10-04 01:49:38,554 - INFO - meshmode.array_context - Transforming kernel 'frozen_result' with 4 statements.
2023-10-04 01:49:38,603 - INFO - meshmode.array_context - Array Contraction: Contracting 3 temps
2023-10-04 01:49:38,637 - INFO - meshmode.array_context - [_alias_global_temporaries]: Reduced memory requirement of 'frozen_result' from 0.2MB to 0.2MB.
2023-10-04 01:49:39,146 - INFO - pyopencl - build program: kernel 'frozen_result' was part of a lengthy source build resulting from a binary cache miss (0.38 s)
-------- dt = 0.000e+00, cfl = 0.0228
-------- P (min, max) (Pa) = (1.284504623e+03, 2.753939220e+05)
-------- T (min, max) (K)  = (269.955, 2214.65)

2023-10-04 01:49:39,202 - INFO - meshmode.array_context - Transforming kernel 'frozen_result' with 3 statements.
2023-10-04 01:49:39,231 - INFO - meshmode.array_context - Array Contraction: Contracting 0 temps
2023-10-04 01:49:39,236 - INFO - meshmode.array_context - [_alias_global_temporaries]: Reduced memory requirement of 'frozen_result' from 0.1MB to 0.1MB.
2023-10-04 01:49:39,902 - INFO - pyopencl - build program: kernel 'frozen_result' was part of a lengthy source build resulting from a binary cache miss (0.51 s)
2023-10-04 01:49:39,924 - INFO - meshmode.array_context - Transforming kernel 'frozen_result' with 1 statements.
2023-10-04 01:49:39,932 - INFO - meshmode.array_context - Array Contraction: Contracting 0 temps
2023-10-04 01:49:39,935 - INFO - meshmode.array_context - [_alias_global_temporaries]: Reduced memory requirement of 'frozen_result' from 0.0MB to 0.0MB.
2023-10-04 01:49:40,362 - INFO - pyopencl - build program: kernel 'frozen_result' was part of a lengthy source build resulting from a binary cache miss (0.37 s)
2023-10-04 01:49:40,395 - INFO - meshmode.array_context - Transforming kernel 'frozen_result' with 3 statements.
2023-10-04 01:49:40,425 - INFO - meshmode.array_context - Array Contraction: Contracting 0 temps
2023-10-04 01:49:40,429 - INFO - meshmode.array_context - [_alias_global_temporaries]: Reduced memory requirement of 'frozen_result' from 0.1MB to 0.1MB.
2023-10-04 01:49:41,095 - INFO - pyopencl - build program: kernel 'frozen_result' was part of a lengthy source build resulting from a binary cache miss (0.51 s)
2023-10-04 01:49:41,148 - INFO - meshmode.array_context - Transforming kernel 'frozen_result' with 6 statements.
2023-10-04 01:49:41,237 - INFO - meshmode.array_context - Array Contraction: Contracting 0 temps
2023-10-04 01:49:41,245 - INFO - meshmode.array_context - [_alias_global_temporaries]: Reduced memory requirement of 'frozen_result' from 0.2MB to 0.2MB.
2023-10-04 01:49:42,667 - INFO - pyopencl - build program: kernel 'frozen_result' was part of a lengthy source build resulting from a binary cache miss (1.05 s)
2023-10-04 01:49:42,735 - INFO - meshmode.array_context - Transforming kernel 'frozen_result' with 4 statements.
2023-10-04 01:49:42,780 - INFO - meshmode.array_context - Array Contraction: Contracting 2 temps
2023-10-04 01:49:42,804 - INFO - meshmode.array_context - [_alias_global_temporaries]: Reduced memory requirement of 'frozen_result' from 0.2MB to 0.2MB.
2023-10-04 01:49:43,509 - INFO - pyopencl - build program: kernel 'frozen_result' was part of a lengthy source build resulting from a binary cache miss (0.52 s)

------------------------------------------------------------
Sender: LSF System <lsfadmin@lassen710>
Subject: Job 5256271: <isolator_timing_job.sh> in cluster <lassen> Done

Job <isolator_timing_job.sh> was submitted from host <lassen708> by user <mtcampbe> in cluster <lassen> at Wed Oct  4 01:46:24 2023
Job was executed on host(s) <1*lassen710>, in queue <pbatch>, as user <mtcampbe> in cluster <lassen> at Wed Oct  4 01:46:27 2023
                            <40*lassen377>
</g/g17/mtcampbe> was used as the home directory.
</p/gpfs1/mtcampbe/CEESD/AutomatedTesting/MIRGE-Timing/timing/emirge/mirgecom/y2-isolator/timing_run> was used as the working directory.
Started at Wed Oct  4 01:46:27 2023
Terminated at Wed Oct  4 01:50:50 2023
Results reported at Wed Oct  4 01:50:50 2023

Your job looked like:

------------------------------------------------------------
# LSBATCH: User input
#!/bin/bash

#BSUB -nnodes 1
#BSUB -G uiuc
#BSUB -W 60
#BSUB -q pbatch

printf "Running with EMIRGE_HOME=/p/gpfs1/mtcampbe/CEESD/AutomatedTesting/MIRGE-Timing/timing/emirge\n"

source "/p/gpfs1/mtcampbe/CEESD/AutomatedTesting/MIRGE-Timing/timing/emirge/config/activate_env.sh"
export PYOPENCL_CTX="port:tesla"
export XDG_CACHE_HOME="/tmp/mtcampbe/xdg-scratch"
rm -rf $XDG_CACHE_HOME
rm -f timing-run-done
which python
conda env list
env
env | grep LSB_MCPU_HOSTS

jsrun -g 1 -a 1 -n 1 python -O -u -m mpi4py ./isolator.py -i timing_params.yaml --lazy --log
touch timing-run-done


------------------------------------------------------------

Successfully completed.

Resource usage summary:

    CPU time :                                   0.32 sec.
    Max Memory :                                 59 MB
    Average Memory :                             57.35 MB
    Total Requested Memory :                     -
    Delta Memory :                               -
    Max Swap :                                   1634 MB
    Max Processes :                              4
    Max Threads :                                27
    Run time :                                   262 sec.
    Turnaround time :                            266 sec.

The output (if any) is above this job summary.

