Customizing shell for Lassen.
Running with EMIRGE_HOME=/p/gpfs1/mtcampbe/CEESD/AutomatedTesting/MIRGE-Timing/timing/emirge
Activating 'nozzle.lazy.timing.env' environment for '/p/gpfs1/mtcampbe/CEESD/AutomatedTesting/MIRGE-Timing/timing/emirge/miniforge3/bin/conda'.
/p/gpfs1/mtcampbe/CEESD/AutomatedTesting/MIRGE-Timing/timing/emirge/miniforge3/envs/nozzle.lazy.timing.env/bin/python
# conda environments:
#
                         /g/g17/mtcampbe/scratchl/CEESD/AutomatedTesting/AK/emirge/miniforge3
                         /g/g17/mtcampbe/scratchl/CEESD/AutomatedTesting/AK/emirge/miniforge3/envs/nozzle.timing.env
                         /g/g17/mtcampbe/scratchl/CEESD/Software/Experimental/emirge/miniforge3
                         /g/g17/mtcampbe/scratchl/CEESD/Software/Experimental/emirge/miniforge3/envs/xp.ceesd
                         /g/g17/mtcampbe/scratchl/CEESD/Support/CEESD-Y1_Shock1D/emirge/miniforge3
                         /g/g17/mtcampbe/scratchl/CEESD/Support/CEESD-Y1_Shock1D/emirge/miniforge3/envs/mirgeDriver.shock1d
                         /p/gpfs1/mtcampbe/CEESD/AutomatedTesting/MIRGE-Timing/hand-timing/emirge/miniforge3/envs/hand.timing.lazy.env
                         /p/gpfs1/mtcampbe/CEESD/AutomatedTesting/MIRGE-Timing/timing.mix/emirge/miniforge3/envs/flame1d.lazy.mix.env
base                     /p/gpfs1/mtcampbe/CEESD/AutomatedTesting/MIRGE-Timing/timing/emirge/miniforge3
nozzle.lazy.timing.env  *  /p/gpfs1/mtcampbe/CEESD/AutomatedTesting/MIRGE-Timing/timing/emirge/miniforge3/envs/nozzle.lazy.timing.env
                         /p/gpfs1/mtcampbe/CEESD/AutomatedTesting/MIRGE-Timing/timing/production.permanent/emirge/miniforge3/envs/timing.production.permanent
                         /p/gpfs1/mtcampbe/CEESD/Experimental/pardist2/emirge/miniforge3
                         /p/gpfs1/mtcampbe/CEESD/Experimental/pardist2/emirge/miniforge3/envs/x.distpar2.test
                         /usr/workspace/wsa/xpacc/Users/mtcampbe/CEESD/Quartz/Install/conda
                         /usr/workspace/wsa/xpacc/Users/mtcampbe/CEESD/Quartz/Install/conda/envs/abate.mtc_euler.env
                         /usr/workspace/wsa/xpacc/Users/mtcampbe/CEESD/Quartz/Install/conda/envs/ceesd.master
                         /usr/workspace/wsa/xpacc/Users/mtcampbe/CEESD/Quartz/Install/conda/envs/chem.master
                         /usr/workspace/wsa/xpacc/Users/mtcampbe/CEESD/Quartz/Install/conda/envs/dgfem
                         /usr/workspace/wsa/xpacc/Users/mtcampbe/CEESD/Quartz/Install/conda/envs/mc.master

LMOD_FAMILY_COMPILER_VERSION=8.3.1
PROJ_LIB=/p/gpfs1/mtcampbe/CEESD/AutomatedTesting/MIRGE-Timing/timing/emirge/miniforge3/envs/nozzle.lazy.timing.env/share/proj
LLNL_IPISOLATE=0
MANPATH=/usr/tce/packages/spectrum-mpi/ibm/spectrum-mpi-rolling-release/share/man:/usr/tce/packages/gcc/gcc-8.3.1/man:/opt/ibm/spectrumcomputing/lsf/10.1.0.10/man:/usr/man:/usr/share/man:/usr/local/man:/usr/X11R6/man:/usr/lib64/mvapich/default/man:/opt/ibm/spectrum_mpi/jsm_pmix/share/man
LSB_EXEC_CLUSTER=lassen
OMPI_COMM_WORLD_RANK=0
LMOD_FAMILY_CUDA=cuda
LMOD_ANCIENT_TIME=3600
GUESTFISH_INIT=\e[1;34m
_ModuleTable003_=LAp1c2VyTmFtZSA9ICJnY2MvOC4zLjEiLAp3ViA9ICIwMDAwMDAwMDguMDAwMDAwMDAzLjAwMDAwMDAwMS4qemZpbmFsIiwKfSwKbGFsbG9jID0gewpmbiA9ICIvdXNyL3RjZXRtcC9tb2R1bGVmaWxlcy9Db3JlL2xhbGxvYy8yLjAubHVhIiwKZnVsbE5hbWUgPSAibGFsbG9jLzIuMCIsCmxvYWRPcmRlciA9IDMsCnByb3BUID0ge30sCnN0YWNrRGVwdGggPSAwLApzdGF0dXMgPSAiYWN0aXZlIiwKdXNlck5hbWUgPSAibGFsbG9jLzIuMCIsCndWID0gIl4wMDAwMDAwMi4qemZpbmFsIiwKfSwKWyJzcGVjdHJ1bS1tcGkiXSA9IHsKZm4gPSAiL3Vzci90Y2UvbW9kdWxlZmlsZXMvQ29tcGlsZXIvZ2NjLzguMy4xL3NwZWN0cnVtLW1waS9yb2xsaW5nLXJlbGVhc2UubHVhIiwKZnVs
HOSTNAME=lassen339
LSB_EFFECTIVE_RSRCREQ=1*{select[(LN) && (type == any)] order[r15s:pg] span[hosts=1]}+40*{select[(CN) && (type == any)] order[r15s:pg] span[ptile=40]}
LSB_DOCKER_JOB_STARTTS=1651654362
BBHASH=92c9dadbbf36c4bd48bc352388fd2d02
JSM_TMPDIR=/var/tmp
MIRGE_TIMING_HOME=/p/gpfs1/mtcampbe/CEESD/AutomatedTesting/MIRGE-Timing
LSF_LOGDIR=/opt/ibm/spectrumcomputing/lsf/log
LSF_LIM_API_NTRIES=1
LSB_BATCH_JID=3496085
__LMOD_REF_COUNT_MODULEPATH=/usr/tce/modulefiles/MPI/gcc/8.3.1/spectrum-mpi/rolling-release:1;/usr/tce/modulefiles/Compiler/gcc/8.3.1:1;/usr/tcetmp/modulefiles/Core:1;/usr/apps/modulefiles:1;/usr/share/modulefiles/Linux:1;/usr/share/modulefiles/Core:1;/usr/share/lmod/lmod/modulefiles/Core:1;/collab/usr/global/tools/modulefiles/blueos_3_ppc64le_ib_p9/Core:1
MAILTO=mtcampbe@illinois.edu,andreask@illinois.edu
SHELL=/bin/bash
LMOD_ROOT=/usr/share/lmod
HISTSIZE=1000
WISECONFIGDIR=/usr/share/wise2/
LMOD_SYSTEM_DEFAULT_MODULES=StdEnv
TMPDIR=/var/tmp
MODULEPATH_ROOT=/usr/share/modulefiles
SSH_CLIENT=192.168.66.202 60414 22
LS_EXECCWD=/p/gpfs1/mtcampbe/CEESD/AutomatedTesting/MIRGE-Timing/timing/emirge/mirgecom/flame1d-lazy/timing_run
LSB_TRAPSIGS=trap # 15 10 12 2 1
CONDA_SHLVL=1
LMOD_FAMILY_CUDA_VERSION=10.1.243
LS_JOBPID=48958
CONDA_PROMPT_MODIFIER=
LSB_MAX_NUM_PROCESSORS=41
LSB_JOBRES_CALLBACK=41017@lassen710
LMOD_PKG=/usr/share/lmod/lmod
LSB_JOB_EXECUSER=mtcampbe
LSB_JOBID=3496085
QTDIR=/usr/lib64/qt-3.3
LSF_SERVERDIR=/opt/ibm/spectrumcomputing/lsf/10.1.0.10/linux3.10-glibc2.17-ppc64le-csm/etc
LSB_JOBRES_PID=48958
LMOD_VERSION=8.6.16
LMOD_SHORT_TIME=60
QTINC=/usr/lib64/qt-3.3/include
LSB_JOBNAME=flame1d_timing_job.sh
LLNL_COMPUTE_NODES=lassen339
LLNL_ATSDISABLE=0
BSUB_BLOCK_EXEC_HOST=
QT_GRAPHICSSYSTEM_CHECKED=1
LSF_LIBDIR=/opt/ibm/spectrumcomputing/lsf/10.1.0.10/linux3.10-glibc2.17-ppc64le-csm/lib
LSB_PROJECT_NAME=default
OPAL_PREFIX=/usr/tce/packages/spectrum-mpi/ibm/spectrum-mpi-rolling-release
CUDA_HOME=/usr/tce/packages/cuda/cuda-10.1.243
USER=mtcampbe
PYOPENCL_CTX=port:tesla
LMOD_sys=Linux
LD_LIBRARY_PATH=/opt/ibm/spectrumcomputing/lsf/10.1.0.10/linux3.10-glibc2.17-ppc64le-csm/lib:/usr/tce/packages/cuda/cuda-10.1.243/lib64
SBD_KRB5CCNAME_VAL=
LSB_EEXEC_REAL_UID=
CONDA_EXE=/p/gpfs1/mtcampbe/CEESD/AutomatedTesting/MIRGE-Timing/timing/emirge/miniforge3/bin/conda
CEESD=/usr/workspace/wsa/xpacc/Users/mtcampbe/CEESD/Lassen
ENV=/g/g17/mtcampbe/.bashrc
PFTP_CONFIG_FILENAME=/etc/pftp_config
HOST_GRP=linux
_ModuleTable004_=bE5hbWUgPSAic3BlY3RydW0tbXBpL3JvbGxpbmctcmVsZWFzZSIsCmxvYWRPcmRlciA9IDUsCnByb3BUID0ge30sCnN0YWNrRGVwdGggPSAwLApzdGF0dXMgPSAiYWN0aXZlIiwKdXNlck5hbWUgPSAic3BlY3RydW0tbXBpL3JvbGxpbmctcmVsZWFzZSIsCndWID0gIl5yb2xsaW5nLipyZWxlYXNlLip6ZmluYWwiLAp9LAp9LAptcGF0aEEgPSB7CiIvdXNyL3RjZS9tb2R1bGVmaWxlcy9NUEkvZ2NjLzguMy4xL3NwZWN0cnVtLW1waS9yb2xsaW5nLXJlbGVhc2UiCiwgIi91c3IvdGNlL21vZHVsZWZpbGVzL0NvbXBpbGVyL2djYy84LjMuMSIsICIvdXNyL3RjZXRtcC9tb2R1bGVmaWxlcy9Db3JlIgosICIvdXNyL2FwcHMvbW9kdWxlZmlsZXMiLCAiL3Vzci9zaGFyZS9tb2R1bGVm
HOSTTYPE=LINUXPPC64LE
LSF_INVOKE_CMD=bsub
CUDA_CACHE_DISABLE=1
LS_EXEC_T=START
LMOD_FAMILY_LALLOC=lalloc
LS_SUBCWD=/p/gpfs1/mtcampbe/CEESD/AutomatedTesting/MIRGE-Timing/timing/emirge/mirgecom/flame1d-lazy/timing_run
LSB_SUB_RES_REQ=1*{select[LN]span[hosts=1]} + 40*{select[CN]span[ptile=40]}
LSB_HOSTS=lassen710 lassen339 lassen339 lassen339 lassen339 lassen339 lassen339 lassen339 lassen339 lassen339 lassen339 lassen339 lassen339 lassen339 lassen339 lassen339 lassen339 lassen339 lassen339 lassen339 lassen339 lassen339 lassen339 lassen339 lassen339 lassen339 lassen339 lassen339 lassen339 lassen339 lassen339 lassen339 lassen339 lassen339 lassen339 lassen339 lassen339 lassen339 lassen339 lassen339 lassen339
LMOD_PREPEND_BLOCK=normal
LMOD_FAMILY_MPI_VERSION=rolling-release
GUESTFISH_PS1=\[\e[1;32m\]><fs>\[\e[0;31m\] 
_CE_CONDA=
LSB_UNIXGROUP_INT=mtcampbe
LSB_JOBFILENAME=/g/g17/mtcampbe/.lsbatch/1651654361.3496085
LSB_JOBINDEX=0
_ModuleTable001_=X01vZHVsZVRhYmxlXyA9IHsKTVR2ZXJzaW9uID0gMywKY19yZWJ1aWxkVGltZSA9IGZhbHNlLApjX3Nob3J0VGltZSA9IGZhbHNlLApkZXB0aFQgPSB7fSwKZmFtaWx5ID0gewpjb21waWxlciA9ICJnY2MiLApjdWRhID0gImN1ZGEiLApsYWxsb2MgPSAibGFsbG9jIiwKbXBpID0gInNwZWN0cnVtLW1waSIsCn0sCm1UID0gewpTdGRFbnYgPSB7CmZuID0gIi91c3IvdGNldG1wL21vZHVsZWZpbGVzL0NvcmUvU3RkRW52Lmx1YSIsCmZ1bGxOYW1lID0gIlN0ZEVudiIsCmxvYWRPcmRlciA9IDIsCnByb3BUID0gewpsbW9kID0gewpzdGlja3kgPSAxLAp9LAp9LApzdGFja0RlcHRoID0gMCwKc3RhdHVzID0gImFjdGl2ZSIsCnVzZXJOYW1lID0gIlN0ZEVudiIsCndWID0gIk0uKnpm
PATH=/usr/workspace/wsa/xpacc/Users/mtcampbe/CEESD/Lassen/conda-install/bin:/usr/workspace/wsa/xpacc/Users/mtcampbe/CEESD/Lassen/conda-install/bin:/usr/tce/packages/spectrum-mpi/spectrum-mpi-rolling-release-gcc-8.3.1/bin:/usr/tce/packages/gcc/gcc-8.3.1/bin:/usr/tce/packages/lalloc/lalloc-2.0/bin:/p/gpfs1/mtcampbe/CEESD/AutomatedTesting/MIRGE-Timing/timing/emirge/miniforge3/envs/nozzle.lazy.timing.env/bin:/p/gpfs1/mtcampbe/CEESD/AutomatedTesting/MIRGE-Timing/timing/emirge/miniforge3/bin:/usr/workspace/wsa/xpacc/Users/mtcampbe/CEESD/Lassen/conda-install/bin:/usr/tce/packages/cuda/cuda-10.1.243/bin:/usr/tcetmp/bin:/usr/condabin:/usr/lib64/qt-3.3/bin:/usr/local/bin:/usr/bin:/usr/local/sbin:/usr/sbin:/opt/ibm/spectrum_mpi/jsm_pmix/bin:/opt/ibm/bb/bin:/opt/ibm/flightlog/bin:/opt/ibutils/bin:/opt/ibm/spectrumcomputing/lsf/10.1.0.10/linux3.10-glibc2.17-ppc64le-csm/etc:/opt/ibm/spectrumcomputing/lsf/10.1.0.10/linux3.10-glibc2.17-ppc64le-csm/bin:/opt/ibm/spectrumcomputing/lsf/10.1.0.9/linux3.10-glibc2.17-ppc64le-csm/etc:/opt/ibm/spectrumcomputing/lsf/10.1.0.9/linux3.10-glibc2.17-ppc64le-csm/bin
MAIL=/var/spool/mail/mtcampbe
PROJ_NETWORK=ON
LCSCHEDCLUSTER=lassen
LSB_EXIT_PRE_ABORT=99
LSB_JOBEXIT_STAT=0
LMOD_SETTARG_CMD=:
LMOD_FAMILY_LALLOC_VERSION=2.0
CONDA_PREFIX=/p/gpfs1/mtcampbe/CEESD/AutomatedTesting/MIRGE-Timing/timing/emirge/miniforge3/envs/nozzle.lazy.timing.env
INPUTRC=/etc/inputrc
PWD=/p/gpfs1/mtcampbe/CEESD/AutomatedTesting/MIRGE-Timing/timing/emirge/mirgecom/flame1d-lazy/timing_run
_LMFILES_=/usr/tcetmp/modulefiles/Core/cuda/10.1.243.lua:/usr/tcetmp/modulefiles/Core/StdEnv.lua:/usr/tcetmp/modulefiles/Core/lalloc/2.0.lua:/usr/tcetmp/modulefiles/Core/gcc/8.3.1.lua:/usr/tce/modulefiles/Compiler/gcc/8.3.1/spectrum-mpi/rolling-release.lua
EDITOR=/bin/vi
LANG=en_US.UTF-8
LSB_CHKFILENAME=/g/g17/mtcampbe/.lsbatch/1651654361.3496085
MODULEPATH=/usr/tce/modulefiles/MPI/gcc/8.3.1/spectrum-mpi/rolling-release:/usr/tce/modulefiles/Compiler/gcc/8.3.1:/usr/tcetmp/modulefiles/Core:/usr/apps/modulefiles:/usr/share/modulefiles/Linux:/usr/share/modulefiles/Core:/usr/share/lmod/lmod/modulefiles/Core:/collab/usr/global/tools/modulefiles/blueos_3_ppc64le_ib_p9/Core
LSB_DJOB_HOSTFILE=/g/g17/mtcampbe/.lsbatch/1651654361.3496085.hostfile
LOADEDMODULES=cuda/10.1.243:StdEnv:lalloc/2.0:gcc/8.3.1:spectrum-mpi/rolling-release
KDEDIRS=/usr
GUESTFISH_OUTPUT=\e[0m
_ModuleTable_Sz_=5
LSB_JOB_STARTER=/usr/tcetmp/bin/bsub_job_starter %USRCMD
EMIRGE_HOME=/p/gpfs1/mtcampbe/CEESD/AutomatedTesting/MIRGE-Timing/timing/emirge
LSF_JOB_TIMESTAMP_VALUE=1651654362
LMOD_CMD=/usr/share/lmod/lmod/libexec/lmod
_ModuleTable005_=aWxlcy9MaW51eCIKLCAiL3Vzci9zaGFyZS9tb2R1bGVmaWxlcy9Db3JlIiwgIi91c3Ivc2hhcmUvbG1vZC9sbW9kL21vZHVsZWZpbGVzL0NvcmUiLCAiL2NvbGxhYi91c3IvZ2xvYmFsL3Rvb2xzL21vZHVsZWZpbGVzL2JsdWVvc18zX3BwYzY0bGVfaWJfcDkvQ29yZSIsCn0sCnN5c3RlbUJhc2VNUEFUSCA9ICIvdXNyL3RjZXRtcC9tb2R1bGVmaWxlcy9Db3JlOi91c3IvYXBwcy9tb2R1bGVmaWxlczovdXNyL3NoYXJlL21vZHVsZWZpbGVzL0xpbnV4Oi91c3Ivc2hhcmUvbW9kdWxlZmlsZXMvQ29yZTovdXNyL3NoYXJlL2xtb2QvbG1vZC9tb2R1bGVmaWxlcy9Db3JlIiwKfQo=
BBPATH=/mnt/bb_92c9dadbbf36c4bd48bc352388fd2d02
LSB_EXEC_HOSTTYPE=UNKNOWN_AUTO_DETECT
LSB_DJOB_NUMPROC=41
LSF_BINDIR=/opt/ibm/spectrumcomputing/lsf/10.1.0.10/linux3.10-glibc2.17-ppc64le-csm/bin
LLNL_NUM_COMPUTE_NODES=1
HISTCONTROL=ignoredups
ENVIRONMENT=BATCH
_CE_M=
SSH_ASKPASS=/usr/libexec/openssh/gnome-ssh-askpass
CXX=mpicxx
HOME=/g/g17/mtcampbe
SHLVL=6
__LMOD_REF_COUNT_PATH=/usr/tce/packages/spectrum-mpi/spectrum-mpi-rolling-release-gcc-8.3.1/bin:2;/usr/tce/packages/gcc/gcc-8.3.1/bin:2;/usr/tce/packages/lalloc/lalloc-2.0/bin:2;/p/gpfs1/mtcampbe/CEESD/AutomatedTesting/MIRGE-Timing/timing/emirge/miniforge3/envs/nozzle.lazy.timing.env/bin:1;/p/gpfs1/mtcampbe/CEESD/AutomatedTesting/MIRGE-Timing/timing/emirge/miniforge3/bin:1;/usr/workspace/wsa/xpacc/Users/mtcampbe/CEESD/Lassen/conda-install/bin:1;/usr/tce/packages/cuda/cuda-10.1.243/bin:2;/usr/tcetmp/bin:2;/usr/condabin:1;/usr/lib64/qt-3.3/bin:1;/usr/local/bin:1;/usr/bin:1;/usr/local/sbin:1;/usr/sbin:1;/opt/ibm/spectrum_mpi/jsm_pmix/bin:1;/opt/ibm/bb/bin:1;/opt/ibm/flightlog/bin:1;/opt/ibutils/bin:1;/opt/ibm/spectrumcomputing/lsf/10.1.0.10/linux3.10-glibc2.17-ppc64le-csm/etc:1;/opt/ibm/spectrumcomputing/lsf/10.1.0.10/linux3.10-glibc2.17-ppc64le-csm/bin:1;/opt/ibm/spectrumcomputing/lsf/10.1.0.9/linux3.10-glibc2.17-ppc64le-csm/etc:1;/opt/ibm/spectrumcomputing/lsf/10.1.0.9/linux3.10-glibc2.17-ppc64le-csm/bin:1
JOB_TERMINATE_INTERVAL=10
LSB_ACCT_FILE=/tmp/3496085.tmpdir/.1651654361.3496085.acct
_ModuleTable002_=aW5hbCIsCn0sCmN1ZGEgPSB7CmZuID0gIi91c3IvdGNldG1wL21vZHVsZWZpbGVzL0NvcmUvY3VkYS8xMC4xLjI0My5sdWEiLApmdWxsTmFtZSA9ICJjdWRhLzEwLjEuMjQzIiwKbG9hZE9yZGVyID0gMSwKcHJvcFQgPSB7fSwKc3RhY2tEZXB0aCA9IDEsCnN0YXR1cyA9ICJhY3RpdmUiLAp1c2VyTmFtZSA9ICJjdWRhLzEwLjEuMjQzIiwKd1YgPSAiXjAwMDAwMDEwLjAwMDAwMDAwMS4wMDAwMDAyNDMuKnpmaW5hbCIsCn0sCmdjYyA9IHsKZm4gPSAiL3Vzci90Y2V0bXAvbW9kdWxlZmlsZXMvQ29yZS9nY2MvOC4zLjEubHVhIiwKZnVsbE5hbWUgPSAiZ2NjLzguMy4xIiwKbG9hZE9yZGVyID0gNCwKcHJvcFQgPSB7fSwKc3RhY2tEZXB0aCA9IDAsCnN0YXR1cyA9ICJhY3RpdmUi
CSM_ALLOCATION_ID=3577511
BINARY_TYPE_HPC=
LLNL_CORE_ISOLATION=2
FC=mpif90
LSB_SUB_HOST=lassen708
XDG_CACHE_HOME=/tmp/mtcampbe/xdg-scratch
__LSF_JOB_TMPDIR__=/tmp/3496085.tmpdir
LSFUSER=mtcampbe
LSB_SUB_USER=mtcampbe
LSB_OUTPUTFILE=/p/gpfs1/mtcampbe/CEESD/AutomatedTesting/MIRGE-Timing/timing/emirge/mirgecom/flame1d-lazy/timing_run/
LSB_OUTDIR=/p/gpfs1/mtcampbe/CEESD/AutomatedTesting/MIRGE-Timing/timing/emirge/mirgecom/flame1d-lazy/timing_run
LSB_MCPU_HOSTS=lassen710 1 lassen339 40 
LMOD_arch=ppc64le
TMP=/var/tmp
MPI_ROOT=/usr/tce/packages/spectrum-mpi/ibm/spectrum-mpi-rolling-release
LSB_QUEUE=pbatch
CONDA_PYTHON_EXE=/p/gpfs1/mtcampbe/CEESD/AutomatedTesting/MIRGE-Timing/timing/emirge/miniforge3/bin/python
LOGNAME=mtcampbe
QTLIB=/usr/lib64/qt-3.3/lib
CVS_RSH=ssh
XLSF_UIDDIR=/opt/ibm/spectrumcomputing/lsf/10.1.0.10/linux3.10-glibc2.17-ppc64le-csm/lib/uid
XDG_DATA_DIRS=/g/g17/mtcampbe/.local/share/flatpak/exports/share:/var/lib/flatpak/exports/share:/usr/local/share:/usr/share
CEESD_CONDA_LASSEN=/usr/workspace/wsa/xpacc/Users/mtcampbe/CEESD/Lassen/conda-install
SSH_CONNECTION=192.168.66.202 60414 192.168.65.85 22
SYS_TYPE=blueos_3_ppc64le_ib_p9
MODULESHOME=/usr/share/lmod/lmod
LMOD_SETTARG_FULL_SUPPORT=no
LESSOPEN=||/usr/bin/lesspipe.sh %s
__LMOD_REF_COUNT_LD_LIBRARY_PATH=/usr/tce/packages/cuda/cuda-10.1.243/lib64:1;/opt/ibm/spectrumcomputing/lsf/10.1.0.10/linux3.10-glibc2.17-ppc64le-csm/lib:1
PKG_CONFIG_PATH=/usr/tce/packages/cuda/cuda-10.1.243/lib64/pkgconfig
OMP_NUM_THREADS=1
LSF_CGROUP_TOPDIR_KEY=lassen
CONDA_DEFAULT_ENV=nozzle.lazy.timing.env
LMOD_FULL_SETTARG_SUPPORT=no
LMOD_FAMILY_COMPILER=gcc
LSB_XFER_OP=
LSB_EEXEC_REAL_GID=
__LMOD_REF_COUNT_PKG_CONFIG_PATH=/usr/tce/packages/cuda/cuda-10.1.243/lib64/pkgconfig:1
CC=mpicc
QT_PLUGIN_PATH=/usr/lib64/kde4/plugins:/usr/lib/kde4/plugins
LMOD_DIR=/usr/share/lmod/lmod/libexec
LEXEC_UNPICKLE_QUIET=1
__LMOD_REF_COUNT_MANPATH=/usr/tce/packages/spectrum-mpi/ibm/spectrum-mpi-rolling-release/share/man:1;/usr/tce/packages/gcc/gcc-8.3.1/man:1;/opt/ibm/spectrumcomputing/lsf/10.1.0.10/man:1;/usr/man:1;/usr/share/man:1;/usr/local/man:1;/usr/X11R6/man:1;/usr/lib64/mvapich/default/man:1;/opt/ibm/spectrum_mpi/jsm_pmix/share/man:1
LSF_ENVDIR=/opt/ibm/spectrumcomputing/lsf/conf
GUESTFISH_RESTORE=\e[0m
LSB_DJOB_RANKFILE=/g/g17/mtcampbe/.lsbatch/1651654361.3496085.hostfile
LMOD_FAMILY_MPI=spectrum-mpi
LMOD_COLORIZE=yes
HISTFILE=/g/g17/mtcampbe/.bash_history
BASH_FUNC_module()=() {  local __lmod_my_status;
 local __lmod_sh_dbg;
 if [ -z "${LMOD_SH_DBG_ON+x}" ]; then
 case "$-" in 
 *v*x*)
 __lmod_sh_dbg='vx'
 ;;
 *v*)
 __lmod_sh_dbg='v'
 ;;
 *x*)
 __lmod_sh_dbg='x'
 ;;
 esac;
 fi;
 if [ -n "${__lmod_sh_dbg:-}" ]; then
 set +$__lmod_sh_dbg;
 echo "Shell debugging temporarily silenced: export LMOD_SH_DBG_ON=1 for Lmod's output" 1>&2;
 fi;
 eval "$($LMOD_CMD bash "$@")" && eval $(${LMOD_SETTARG_CMD:-:} -s sh);
 __lmod_my_status=$?;
 if [ -n "${__lmod_sh_dbg:-}" ]; then
 echo "Shell debugging restarted" 1>&2;
 set -$__lmod_sh_dbg;
 fi;
 return $__lmod_my_status
}
BASH_FUNC_ml()=() {  eval "$($LMOD_DIR/ml_cmd "$@")"
}
_=/usr/bin/env
LSB_MCPU_HOSTS=lassen710 1 lassen339 40 
get_reasonable_array_context_class: MPIFusionContractorArrayContext lazy=True distributed=True device-parallel=True
Default casename flame1d
Reading user input from 'timing_params.yaml'
Running ./flame1d.py

/p/gpfs1/mtcampbe/CEESD/AutomatedTesting/MIRGE-Timing/timing/emirge/grudge/grudge/array_context.py:324: UserWarning: No memory allocator specified, please pass one. (Preferably a pyopencl.tools.MemoryPool in order to reduce device allocations)
  warn("No memory allocator specified, please pass one. "
#### Simluation control data: ####
	nviz = 100
	nrestart = 100
	nhealth = 100
	nstatus = 1
	current_dt = 5e-08
	t_final = 1e-06
	order = 1
	Time integration rk4
	Fuel: C2H4
#### Simluation control data: ####
Input state (T,P,X) = (300.0, 101325.0, [0.06542056 0.19626168 0.         0.         0.         0.
 0.73831776]
/p/gpfs1/mtcampbe/CEESD/AutomatedTesting/MIRGE-Timing/timing/emirge/mirgecom/mirgecom/thermochemistry.py:135: UserWarning: make_pyrometheus_mechanism_class is deprecated. use get_pyrometheus_wrapper_class_from_cantera.
  warn("make_pyrometheus_mechanism_class is deprecated."
Pyrometheus mechanism species names ['C2H4', 'O2', 'CO2', 'CO', 'H2O', 'H2', 'N2']
Unburned (T,P,Y) = (300.0, 101325.0, [0.06372925 0.21806609 0.         0.         0.         0.
 0.71820466]
Burned (T,P,Y) = (299.99999999999994, 101325.00000023544, [9.18702785e-176 8.53517662e-020 1.99947297e-001 8.07802672e-037
 8.18480439e-002 5.43388456e-033 7.18204659e-001]
rank 0: sent all mesh partitions
Making discretization
./flame1d.py:495: DeprecationWarning: EagerDGDiscretization is deprecated and will go away in 2022. Use the base DiscretizationCollection with grudge.op instead.
  discr = EagerDGDiscretization(actx,
/p/gpfs1/mtcampbe/CEESD/AutomatedTesting/MIRGE-Timing/timing/emirge/grudge/grudge/array_context.py:324: UserWarning: No memory allocator specified, please pass one. (Preferably a pyopencl.tools.MemoryPool in order to reduce device allocations)
  warn("No memory allocator specified, please pass one. "
Unification converged after 1 iterations.
Array Contraction: Contracting 0 temps
build program: kernel '_pt_kernel' was part of a lengthy source build resulting from a binary cache miss (0.80 s)
Initializing soln.
data wrapper de-duplication: 1 encountered, 1 kept, 0 eliminated
Unification converged after 1 iterations.
data wrapper de-duplication: 1 encountered, 1 kept, 0 eliminated
Unification converged after 1 iterations.
data wrapper de-duplication: 1 encountered, 1 kept, 0 eliminated
Unification converged after 1 iterations.
data wrapper de-duplication: 1 encountered, 1 kept, 0 eliminated
Unification converged after 1 iterations.
data wrapper de-duplication: 1 encountered, 1 kept, 0 eliminated
Unification converged after 1 iterations.
data wrapper de-duplication: 1 encountered, 1 kept, 0 eliminated
Unification converged after 1 iterations.
data wrapper de-duplication: 1 encountered, 1 kept, 0 eliminated
Unification converged after 1 iterations.
data wrapper de-duplication: 1 encountered, 1 kept, 0 eliminated
Unification converged after 1 iterations.
data wrapper de-duplication: 1 encountered, 1 kept, 0 eliminated
Unification converged after 1 iterations.
data wrapper de-duplication: 1 encountered, 1 kept, 0 eliminated
Unification converged after 1 iterations.
data wrapper de-duplication: 1 encountered, 1 kept, 0 eliminated
Unification converged after 1 iterations.
Unification converged after 1 iterations.
transform_dag.infer_axes_tags[pre-partition]: completed (1.14s wall 1.00x CPU)
find_partition: Split 2008 nodes into 1 parts, with [2008] nodes in each partition.
Unification converged after 1 iterations.
transform_dag.infer_axes_tags: completed (1.05s wall 1.00x CPU)
transform_dag: completed (2.13s wall 1.00x CPU)
generate_loopy: completed (0.73s wall 1.00x CPU)
fuse_same_discretization_entity_loops on '_pt_kernel': completed (3.62s wall 1.00x CPU)
Loop Fusion: completed (3.85s wall 1.00x CPU)
Array Contraction: Contracting 16 temps
contract_arrays on '_pt_kernel': completed (6.24s wall 1.00x CPU)
Array Contraction: completed (6.46s wall 1.00x CPU)
preprocess_program on '_pt_kernel': completed (0.45s wall 1.00x CPU)
_pt_kernel: schedule: completed (1.06s wall 1.00x CPU)
transform_loopy_program: completed (12.70s wall 1.00x CPU)
Unification converged after 1 iterations.
Array Contraction: Contracting 0 temps
build program: kernel '_pt_kernel' was part of a lengthy source build resulting from a binary cache miss (0.46 s)
Unification converged after 1 iterations.
Array Contraction: Contracting 0 temps
build program: kernel '_pt_kernel' was part of a lengthy source build resulting from a binary cache miss (0.49 s)
Unification converged after 1 iterations.
Array Contraction: Contracting 0 temps
build program: kernel '_pt_kernel' was part of a lengthy source build resulting from a binary cache miss (0.49 s)
Unification converged after 1 iterations.
Array Contraction: Contracting 0 temps
build program: kernel '_pt_kernel' was part of a lengthy source build resulting from a binary cache miss (0.49 s)
Unification converged after 1 iterations.
Array Contraction: Contracting 0 temps
build program: kernel '_pt_kernel' was part of a lengthy source build resulting from a binary cache miss (0.49 s)
Unification converged after 1 iterations.
Array Contraction: Contracting 0 temps
build program: kernel '_pt_kernel' was part of a lengthy source build resulting from a binary cache miss (0.49 s)
Unification converged after 1 iterations.
Array Contraction: Contracting 0 temps
build program: kernel '_pt_kernel' was part of a lengthy source build resulting from a binary cache miss (0.49 s)
Unification converged after 1 iterations.
Array Contraction: Contracting 0 temps
build program: kernel '_pt_kernel' was part of a lengthy source build resulting from a binary cache miss (0.49 s)
Unification converged after 1 iterations.
Array Contraction: Contracting 0 temps
preprocess_program on '_pt_kernel': completed (0.30s wall 1.00x CPU)
build program: kernel '_pt_kernel' was part of a lengthy source build resulting from a binary cache miss (0.58 s)
Unification converged after 1 iterations.
Array Contraction: Contracting 0 temps
build program: kernel '_pt_kernel' was part of a lengthy source build resulting from a binary cache miss (0.49 s)
_pt_kernel: generate code: completed (0.71s wall 1.00x CPU)
build program: kernel '_pt_kernel' was part of a lengthy source build resulting from a binary cache miss (1.37 s)
Initialization for Case(flame1d)
===
Num 2d order-1 elements: 43978
Num global elements: 43978
Timestep:        5e-08
Final time:      1e-06
CFL:             1.0
Constant CFL:    False
Initialization:  flame1d
EOS:             PyrometheusMixture

Stepping.
data wrapper de-duplication: 1 encountered, 1 kept, 0 eliminated
Unification converged after 1 iterations.
data wrapper de-duplication: 1 encountered, 1 kept, 0 eliminated
Unification converged after 1 iterations.
data wrapper de-duplication: 1 encountered, 1 kept, 0 eliminated
Unification converged after 1 iterations.
data wrapper de-duplication: 1 encountered, 1 kept, 0 eliminated
Unification converged after 1 iterations.
data wrapper de-duplication: 1 encountered, 1 kept, 0 eliminated
Unification converged after 1 iterations.
data wrapper de-duplication: 1 encountered, 1 kept, 0 eliminated
Unification converged after 1 iterations.
data wrapper de-duplication: 1 encountered, 1 kept, 0 eliminated
Unification converged after 1 iterations.
data wrapper de-duplication: 1 encountered, 1 kept, 0 eliminated
Unification converged after 1 iterations.
data wrapper de-duplication: 1 encountered, 1 kept, 0 eliminated
Unification converged after 1 iterations.
data wrapper de-duplication: 1 encountered, 1 kept, 0 eliminated
Unification converged after 1 iterations.
data wrapper de-duplication: 1 encountered, 1 kept, 0 eliminated
Unification converged after 1 iterations.
data wrapper de-duplication: 1 encountered, 1 kept, 0 eliminated
Unification converged after 1 iterations.
Unification converged after 1 iterations.
transform_dag.infer_axes_tags[pre-partition]: completed (1.09s wall 1.00x CPU)
find_partition: Split 2007 nodes into 1 parts, with [2007] nodes in each partition.
Unification converged after 1 iterations.
transform_dag.infer_axes_tags: completed (1.05s wall 1.00x CPU)
transform_dag: completed (2.18s wall 1.00x CPU)
generate_loopy: completed (0.72s wall 1.00x CPU)
fuse_same_discretization_entity_loops on '_pt_kernel': completed (3.57s wall 1.00x CPU)
Loop Fusion: completed (3.80s wall 1.00x CPU)
Array Contraction: Contracting 15 temps
contract_arrays on '_pt_kernel': completed (6.06s wall 1.00x CPU)
Array Contraction: completed (6.28s wall 1.00x CPU)
preprocess_program on '_pt_kernel': completed (0.56s wall 1.00x CPU)
_pt_kernel: check array access within bounds: completed (0.60s wall 1.00x CPU)
_pt_kernel: schedule: completed (1.06s wall 1.00x CPU)
transform_loopy_program: completed (12.99s wall 1.00x CPU)
_pt_kernel: generate code: completed (0.91s wall 1.00x CPU)
build program: kernel '_pt_kernel' was part of a lengthy source build resulting from a binary cache miss (1.38 s)
data wrapper de-duplication: 1 encountered, 1 kept, 0 eliminated
Unification converged after 1 iterations.
data wrapper de-duplication: 1 encountered, 1 kept, 0 eliminated
Unification converged after 1 iterations.
data wrapper de-duplication: 1 encountered, 1 kept, 0 eliminated
Unification converged after 1 iterations.
data wrapper de-duplication: 1 encountered, 1 kept, 0 eliminated
Unification converged after 1 iterations.
data wrapper de-duplication: 1 encountered, 1 kept, 0 eliminated
Unification converged after 1 iterations.
data wrapper de-duplication: 1 encountered, 1 kept, 0 eliminated
Unification converged after 1 iterations.
data wrapper de-duplication: 1 encountered, 1 kept, 0 eliminated
Unification converged after 1 iterations.
data wrapper de-duplication: 1 encountered, 1 kept, 0 eliminated
Unification converged after 1 iterations.
data wrapper de-duplication: 1 encountered, 1 kept, 0 eliminated
Unification converged after 1 iterations.
data wrapper de-duplication: 1 encountered, 1 kept, 0 eliminated
Unification converged after 1 iterations.
data wrapper de-duplication: 1 encountered, 1 kept, 0 eliminated
Unification converged after 1 iterations.
data wrapper de-duplication: 1 encountered, 1 kept, 0 eliminated
Unification converged after 1 iterations.
data wrapper de-duplication: 1 encountered, 1 kept, 0 eliminated
Unification converged after 1 iterations.
data wrapper de-duplication: 1 encountered, 1 kept, 0 eliminated
Unification converged after 1 iterations.
data wrapper de-duplication: 1 encountered, 1 kept, 0 eliminated
Unification converged after 1 iterations.
data wrapper de-duplication: 1 encountered, 1 kept, 0 eliminated
Unification converged after 1 iterations.
data wrapper de-duplication: 1 encountered, 1 kept, 0 eliminated
Unification converged after 1 iterations.
data wrapper de-duplication: 1 encountered, 1 kept, 0 eliminated
Unification converged after 1 iterations.
data wrapper de-duplication: 1 encountered, 1 kept, 0 eliminated
Unification converged after 1 iterations.
data wrapper de-duplication: 1 encountered, 1 kept, 0 eliminated
Unification converged after 1 iterations.
data wrapper de-duplication: 1 encountered, 1 kept, 0 eliminated
Unification converged after 1 iterations.
data wrapper de-duplication: 1 encountered, 1 kept, 0 eliminated
Unification converged after 1 iterations.
data wrapper de-duplication: 1 encountered, 1 kept, 0 eliminated
Unification converged after 1 iterations.
data wrapper de-duplication: 1 encountered, 1 kept, 0 eliminated
Unification converged after 1 iterations.
data wrapper de-duplication: 1 encountered, 1 kept, 0 eliminated
Unification converged after 1 iterations.
data wrapper de-duplication: 1 encountered, 1 kept, 0 eliminated
Unification converged after 1 iterations.
data wrapper de-duplication: 1 encountered, 1 kept, 0 eliminated
Unification converged after 1 iterations.
data wrapper de-duplication: 1 encountered, 1 kept, 0 eliminated
Unification converged after 1 iterations.
data wrapper de-duplication: 1 encountered, 1 kept, 0 eliminated
Unification converged after 1 iterations.
data wrapper de-duplication: 1 encountered, 1 kept, 0 eliminated
Unification converged after 1 iterations.
data wrapper de-duplication: 1 encountered, 1 kept, 0 eliminated
Unification converged after 1 iterations.
Unification converged after 2 iterations.
fuse_same_discretization_entity_loops on '_pt_kernel': completed (0.36s wall 1.00x CPU)
Loop Fusion: completed (0.40s wall 1.00x CPU)
Array Contraction: Contracting 1 temps
build program: kernel '_pt_kernel' was part of a lengthy source build resulting from a binary cache miss (0.80 s)
build program: kernel '_pt_kernel_0' was part of a lengthy source build resulting from a binary cache miss (0.80 s)
build program: kernel '_pt_kernel_1' was part of a lengthy source build resulting from a binary cache miss (0.80 s)
building face restriction: start
building face restriction: done
Unification converged after 2 iterations.
Array Contraction: Contracting 2 temps
build program: kernel '_pt_kernel' was part of a lengthy source build resulting from a binary cache miss (0.77 s)
build program: kernel '_pt_kernel_0' was part of a lengthy source build resulting from a binary cache miss (0.77 s)
build program: kernel '_pt_kernel_1' was part of a lengthy source build resulting from a binary cache miss (0.77 s)
Unification converged after 1 iterations.
Array Contraction: Contracting 1 temps
_pt_kernel: generate code: completed (0.39s wall 1.00x CPU)
build program: kernel '_pt_kernel' was part of a lengthy source build resulting from a binary cache miss (1.17 s)
build program: kernel '_pt_kernel_0' was part of a lengthy source build resulting from a binary cache miss (1.17 s)
build program: kernel '_pt_kernel_1' was part of a lengthy source build resulting from a binary cache miss (1.17 s)
build program: kernel '_pt_kernel_2' was part of a lengthy source build resulting from a binary cache miss (1.17 s)
build program: kernel '_pt_kernel_3' was part of a lengthy source build resulting from a binary cache miss (1.17 s)
build program: kernel '_pt_kernel_4' was part of a lengthy source build resulting from a binary cache miss (1.17 s)
Unification converged after 1 iterations.
Array Contraction: Contracting 0 temps
build program: kernel '_pt_kernel' was part of a lengthy source build resulting from a binary cache miss (0.46 s)
data wrapper de-duplication: 1 encountered, 1 kept, 0 eliminated
Unification converged after 1 iterations.
find_partition: Split 64 nodes into 1 parts, with [64] nodes in each partition.
data wrapper de-duplication: 1 encountered, 1 kept, 0 eliminated
Unification converged after 1 iterations.
Array Contraction: Contracting 7 temps
transform_loopy_program: completed (0.73s wall 1.00x CPU)
build program: kernel '_pt_kernel' was part of a lengthy source build resulting from a binary cache miss (0.51 s)
build program: kernel 'reduce_kernel_stage1' was part of a lengthy source build resulting from a binary cache miss (0.61 s)
build program: kernel 'reduce_kernel_stage2' was part of a lengthy source build resulting from a binary cache miss (0.61 s)
Unification converged after 0 iterations.
Array Contraction: Contracting 0 temps
/p/gpfs1/mtcampbe/CEESD/AutomatedTesting/MIRGE-Timing/timing/emirge/meshmode/meshmode/array_context.py:1606: UserWarning: FusionContractorArrayContext.transform_loopy_program not broad enough (yet). Falling back to a possibly slower transformation strategy.
  warn("FusionContractorArrayContext.transform_loopy_program not"
build program: kernel '_pt_kernel' was part of a lengthy source build resulting from a binary cache miss (0.46 s)
build program: kernel 'reduce_kernel_stage1' was part of a lengthy source build resulting from a binary cache miss (0.61 s)
build program: kernel 'reduce_kernel_stage2' was part of a lengthy source build resulting from a binary cache miss (0.60 s)
Unification converged after 0 iterations.
Array Contraction: Contracting 0 temps
build program: kernel '_pt_kernel' was part of a lengthy source build resulting from a binary cache miss (0.46 s)
build program: kernel 'reduce_kernel_stage1' was part of a lengthy source build resulting from a binary cache miss (0.61 s)
build program: kernel 'reduce_kernel_stage2' was part of a lengthy source build resulting from a binary cache miss (0.61 s)
Unification converged after 0 iterations.
Array Contraction: Contracting 0 temps
build program: kernel '_pt_kernel' was part of a lengthy source build resulting from a binary cache miss (0.47 s)
Unification converged after 1 iterations.
Array Contraction: Contracting 0 temps
build program: kernel '_pt_kernel' was part of a lengthy source build resulting from a binary cache miss (0.47 s)
data wrapper de-duplication: 1 encountered, 1 kept, 0 eliminated
Unification converged after 1 iterations.
data wrapper de-duplication: 1 encountered, 1 kept, 0 eliminated
Unification converged after 1 iterations.
data wrapper de-duplication: 1 encountered, 1 kept, 0 eliminated
Unification converged after 1 iterations.
data wrapper de-duplication: 1 encountered, 1 kept, 0 eliminated
Unification converged after 1 iterations.
data wrapper de-duplication: 1 encountered, 1 kept, 0 eliminated
Unification converged after 1 iterations.
data wrapper de-duplication: 1 encountered, 1 kept, 0 eliminated
Unification converged after 1 iterations.
data wrapper de-duplication: 1 encountered, 1 kept, 0 eliminated
Unification converged after 1 iterations.
data wrapper de-duplication: 1 encountered, 1 kept, 0 eliminated
Unification converged after 1 iterations.
data wrapper de-duplication: 1 encountered, 1 kept, 0 eliminated
Unification converged after 1 iterations.
data wrapper de-duplication: 1 encountered, 1 kept, 0 eliminated
Unification converged after 1 iterations.
data wrapper de-duplication: 1 encountered, 1 kept, 0 eliminated
Unification converged after 1 iterations.
data wrapper de-duplication: 1 encountered, 1 kept, 0 eliminated
Unification converged after 1 iterations.
Unification converged after 1 iterations.
find_partition: Split 358 nodes into 1 parts, with [358] nodes in each partition.
Unification converged after 1 iterations.
transform_dag: completed (0.33s wall 1.00x CPU)
fuse_same_discretization_entity_loops on '_pt_kernel': completed (0.38s wall 1.00x CPU)
Loop Fusion: completed (0.42s wall 1.00x CPU)
Array Contraction: Contracting 7 temps
contract_arrays on '_pt_kernel': completed (0.52s wall 1.00x CPU)
Array Contraction: completed (0.56s wall 1.00x CPU)
_pt_kernel: check array access within bounds: completed (0.37s wall 1.00x CPU)
transform_loopy_program: completed (1.75s wall 1.00x CPU)
_pt_kernel: generate code: completed (0.36s wall 1.00x CPU)
build program: kernel '_pt_kernel' was part of a lengthy source build resulting from a binary cache miss (0.62 s)
Unification converged after 1 iterations.
data wrapper de-duplication: 1 encountered, 1 kept, 0 eliminated
Unification converged after 1 iterations.
data wrapper de-duplication: 1 encountered, 1 kept, 0 eliminated
Unification converged after 1 iterations.
data wrapper de-duplication: 1 encountered, 1 kept, 0 eliminated
Unification converged after 1 iterations.
data wrapper de-duplication: 1 encountered, 1 kept, 0 eliminated
Unification converged after 1 iterations.
data wrapper de-duplication: 1 encountered, 1 kept, 0 eliminated
Unification converged after 1 iterations.
data wrapper de-duplication: 1 encountered, 1 kept, 0 eliminated
Unification converged after 1 iterations.
data wrapper de-duplication: 1 encountered, 1 kept, 0 eliminated
Unification converged after 1 iterations.
data wrapper de-duplication: 1 encountered, 1 kept, 0 eliminated
Unification converged after 1 iterations.
data wrapper de-duplication: 1 encountered, 1 kept, 0 eliminated
Unification converged after 1 iterations.
data wrapper de-duplication: 1 encountered, 1 kept, 0 eliminated
Unification converged after 1 iterations.
data wrapper de-duplication: 1 encountered, 1 kept, 0 eliminated
Unification converged after 1 iterations.
data wrapper de-duplication: 1 encountered, 1 kept, 0 eliminated
Unification converged after 1 iterations.
Unification converged after 1 iterations.
find_partition: Split 329 nodes into 1 parts, with [329] nodes in each partition.
Unification converged after 1 iterations.
transform_dag: completed (0.31s wall 1.00x CPU)
fuse_same_discretization_entity_loops on '_pt_kernel': completed (0.66s wall 1.00x CPU)
Loop Fusion: completed (0.71s wall 1.00x CPU)
Array Contraction: Contracting 10 temps
contract_arrays on '_pt_kernel': completed (0.64s wall 1.00x CPU)
Array Contraction: completed (0.70s wall 1.00x CPU)
_pt_kernel: check array access within bounds: completed (0.39s wall 1.00x CPU)
transform_loopy_program: completed (2.26s wall 1.00x CPU)
build program: kernel '_pt_kernel' was part of a lengthy source build resulting from a binary cache miss (0.68 s)
Unification converged after 1 iterations.
Array Contraction: Contracting 0 temps
build program: kernel '_pt_kernel' was part of a lengthy source build resulting from a binary cache miss (0.47 s)
Unification converged after 1 iterations.
Unification converged after 1 iterations.
Unification converged after 1 iterations.
Array Contraction: Contracting 0 temps
build program: kernel '_pt_kernel' was part of a lengthy source build resulting from a binary cache miss (0.48 s)
data wrapper de-duplication: 1 encountered, 1 kept, 0 eliminated
Unification converged after 1 iterations.
data wrapper de-duplication: 1 encountered, 1 kept, 0 eliminated
Unification converged after 1 iterations.
data wrapper de-duplication: 1 encountered, 1 kept, 0 eliminated
Unification converged after 1 iterations.
data wrapper de-duplication: 1 encountered, 1 kept, 0 eliminated
Unification converged after 1 iterations.
data wrapper de-duplication: 1 encountered, 1 kept, 0 eliminated
Unification converged after 1 iterations.
data wrapper de-duplication: 1 encountered, 1 kept, 0 eliminated
Unification converged after 1 iterations.
data wrapper de-duplication: 1 encountered, 1 kept, 0 eliminated
Unification converged after 1 iterations.
data wrapper de-duplication: 1 encountered, 1 kept, 0 eliminated
Unification converged after 1 iterations.
data wrapper de-duplication: 1 encountered, 1 kept, 0 eliminated
Unification converged after 1 iterations.
data wrapper de-duplication: 1 encountered, 1 kept, 0 eliminated
Unification converged after 1 iterations.
data wrapper de-duplication: 1 encountered, 1 kept, 0 eliminated
Unification converged after 1 iterations.
data wrapper de-duplication: 1 encountered, 1 kept, 0 eliminated
Unification converged after 1 iterations.
building face restriction: start
building face restriction: done
building face restriction: start
building face restriction: done
building face restriction: start
building face restriction: done
building face restriction: start
building face restriction: done
Unification converged after 2 iterations.
Array Contraction: Contracting 2 temps
build program: kernel '_pt_kernel' was part of a lengthy source build resulting from a binary cache miss (0.76 s)
build program: kernel '_pt_kernel_0' was part of a lengthy source build resulting from a binary cache miss (0.76 s)
build program: kernel '_pt_kernel_1' was part of a lengthy source build resulting from a binary cache miss (0.76 s)
Unification converged after 2 iterations.
Array Contraction: Contracting 0 temps
build program: kernel '_pt_kernel' was part of a lengthy source build resulting from a binary cache miss (0.75 s)
build program: kernel '_pt_kernel_0' was part of a lengthy source build resulting from a binary cache miss (0.75 s)
build program: kernel '_pt_kernel_1' was part of a lengthy source build resulting from a binary cache miss (0.75 s)
Unification converged after 2 iterations.
Array Contraction: Contracting 0 temps
build program: kernel '_pt_kernel' was part of a lengthy source build resulting from a binary cache miss (0.75 s)
build program: kernel '_pt_kernel_0' was part of a lengthy source build resulting from a binary cache miss (0.75 s)
build program: kernel '_pt_kernel_1' was part of a lengthy source build resulting from a binary cache miss (0.75 s)
Unification converged after 1 iterations.
Array Contraction: Contracting 0 temps
build program: kernel '_pt_kernel' was part of a lengthy source build resulting from a binary cache miss (0.46 s)
Unification converged after 2 iterations.
Array Contraction: Contracting 2 temps
build program: kernel '_pt_kernel' was part of a lengthy source build resulting from a binary cache miss (0.77 s)
build program: kernel '_pt_kernel_0' was part of a lengthy source build resulting from a binary cache miss (0.77 s)
build program: kernel '_pt_kernel_1' was part of a lengthy source build resulting from a binary cache miss (0.77 s)
Unification converged after 2 iterations.
Array Contraction: Contracting 0 temps
build program: kernel '_pt_kernel' was part of a lengthy source build resulting from a binary cache miss (0.76 s)
build program: kernel '_pt_kernel_0' was part of a lengthy source build resulting from a binary cache miss (0.76 s)
build program: kernel '_pt_kernel_1' was part of a lengthy source build resulting from a binary cache miss (0.76 s)
Unification converged after 2 iterations.
Array Contraction: Contracting 0 temps
build program: kernel '_pt_kernel' was part of a lengthy source build resulting from a binary cache miss (0.76 s)
build program: kernel '_pt_kernel_0' was part of a lengthy source build resulting from a binary cache miss (0.76 s)
build program: kernel '_pt_kernel_1' was part of a lengthy source build resulting from a binary cache miss (0.76 s)
Unification converged after 1 iterations.
Array Contraction: Contracting 0 temps
build program: kernel '_pt_kernel' was part of a lengthy source build resulting from a binary cache miss (0.47 s)
Unification converged after 2 iterations.
Array Contraction: Contracting 2 temps
build program: kernel '_pt_kernel' was part of a lengthy source build resulting from a binary cache miss (0.77 s)
build program: kernel '_pt_kernel_0' was part of a lengthy source build resulting from a binary cache miss (0.77 s)
build program: kernel '_pt_kernel_1' was part of a lengthy source build resulting from a binary cache miss (0.77 s)
Unification converged after 2 iterations.
Array Contraction: Contracting 0 temps
build program: kernel '_pt_kernel' was part of a lengthy source build resulting from a binary cache miss (0.76 s)
build program: kernel '_pt_kernel_0' was part of a lengthy source build resulting from a binary cache miss (0.76 s)
build program: kernel '_pt_kernel_1' was part of a lengthy source build resulting from a binary cache miss (0.76 s)
Unification converged after 2 iterations.
Array Contraction: Contracting 0 temps
build program: kernel '_pt_kernel' was part of a lengthy source build resulting from a binary cache miss (0.76 s)
build program: kernel '_pt_kernel_0' was part of a lengthy source build resulting from a binary cache miss (0.76 s)
build program: kernel '_pt_kernel_1' was part of a lengthy source build resulting from a binary cache miss (0.76 s)
Unification converged after 1 iterations.
Array Contraction: Contracting 0 temps
build program: kernel '_pt_kernel' was part of a lengthy source build resulting from a binary cache miss (0.46 s)
Unification converged after 1 iterations.
Array Contraction: Contracting 0 temps
build program: kernel '_pt_kernel' was part of a lengthy source build resulting from a binary cache miss (0.46 s)
Unification converged after 1 iterations.
Array Contraction: Contracting 0 temps
build program: kernel '_pt_kernel' was part of a lengthy source build resulting from a binary cache miss (0.47 s)
Unification converged after 2 iterations.
fuse_same_discretization_entity_loops on '_pt_kernel': completed (2.04s wall 1.00x CPU)
Loop Fusion: completed (2.19s wall 1.00x CPU)
Array Contraction: Contracting 0 temps
preprocess_program on '_pt_kernel': completed (0.45s wall 1.00x CPU)
_pt_kernel: check array access within bounds: completed (0.65s wall 1.00x CPU)
_pt_kernel: generate code: completed (0.94s wall 1.00x CPU)
build program: kernel '_pt_kernel' was part of a lengthy source build resulting from a binary cache miss (1.18 s)
build program: kernel '_pt_kernel_0' was part of a lengthy source build resulting from a binary cache miss (1.18 s)
build program: kernel '_pt_kernel_1' was part of a lengthy source build resulting from a binary cache miss (1.18 s)
build program: kernel '_pt_kernel_2' was part of a lengthy source build resulting from a binary cache miss (1.18 s)
data wrapper de-duplication: 1444 encountered, 45 kept, 1399 eliminated
Unification converged after 3 iterations.
transform_dag.infer_axes_tags[pre-partition]: completed (48.18s wall 1.00x CPU)
find_partition: Split 24127 nodes into 1 parts, with [24127] nodes in each partition.
transform_dag.mpms_materialization: completed (1.23s wall 1.00x CPU)
transform_dag.naming_cse: completed (0.74s wall 1.00x CPU)
transform_dag.tag_indices_as_non_negative: completed (0.76s wall 1.00x CPU)
data wrapper de-duplication: 45 encountered, 45 kept, 0 eliminated
transform_dag.deduplicate_data_wrappers: completed (1.46s wall 1.00x CPU)
transform_dag.materialize_face_mass_ins_and_outs: completed (0.78s wall 1.00x CPU)
transform_dag.materialize_all_einsums_or_reduces: completed (5.62s wall 1.00x CPU)
Unification converged after 1 iterations.
transform_dag.infer_axes_tags: completed (54.02s wall 1.00x CPU)
Unification converged after 1 iterations.
Array Contraction: Contracting 0 temps
build program: kernel '_pt_kernel' was part of a lengthy source build resulting from a binary cache miss (0.47 s)
Unification converged after 1 iterations.
Array Contraction: Contracting 0 temps
build program: kernel '_pt_kernel' was part of a lengthy source build resulting from a binary cache miss (0.52 s)
Unification converged after 1 iterations.
Array Contraction: Contracting 0 temps
build program: kernel '_pt_kernel' was part of a lengthy source build resulting from a binary cache miss (0.58 s)
Unification converged after 1 iterations.
Array Contraction: Contracting 0 temps
build program: kernel '_pt_kernel' was part of a lengthy source build resulting from a binary cache miss (0.53 s)
Unification converged after 1 iterations.
Array Contraction: Contracting 0 temps
build program: kernel '_pt_kernel' was part of a lengthy source build resulting from a binary cache miss (0.52 s)
transform_dag: completed (74.32s wall 1.00x CPU)
generate_loopy: completed (16.32s wall 1.00x CPU)
fuse_same_discretization_entity_loops on '_pt_kernel': completed (125.23s wall 1.00x CPU)
Loop Fusion: completed (129.03s wall 1.00x CPU)
Array Contraction: Contracting 211 temps
contract_arrays on '_pt_kernel': completed (66.68s wall 1.00x CPU)
Array Contraction: completed (70.28s wall 1.00x CPU)
_pt_kernel: preprocess: completed (0.74s wall 1.00x CPU)
preprocess_program on '_pt_kernel': completed (18.40s wall 1.00x CPU)
_pt_kernel: check array access within bounds: completed (21.95s wall 1.00x CPU)
_pt_kernel: schedule: completed (57.62s wall 1.00x CPU)
transform_loopy_program: completed (316.02s wall 1.00x CPU)
_pt_kernel: generate code: completed (21.64s wall 1.00x CPU)
build program: kernel '_pt_kernel' was part of a lengthy source build resulting from a binary cache miss (17.58 s)
build program: kernel '_pt_kernel_0' was part of a lengthy source build resulting from a binary cache miss (17.58 s)
build program: kernel '_pt_kernel_1' was part of a lengthy source build resulting from a binary cache miss (17.58 s)
build program: kernel '_pt_kernel_2' was part of a lengthy source build resulting from a binary cache miss (17.58 s)
build program: kernel '_pt_kernel_3' was part of a lengthy source build resulting from a binary cache miss (17.58 s)
build program: kernel '_pt_kernel_4' was part of a lengthy source build resulting from a binary cache miss (17.58 s)
build program: kernel '_pt_kernel_5' was part of a lengthy source build resulting from a binary cache miss (17.58 s)
build program: kernel '_pt_kernel_6' was part of a lengthy source build resulting from a binary cache miss (17.58 s)
build program: kernel '_pt_kernel_7' was part of a lengthy source build resulting from a binary cache miss (17.58 s)
build program: kernel '_pt_kernel_8' was part of a lengthy source build resulting from a binary cache miss (17.58 s)
build program: kernel '_pt_kernel_9' was part of a lengthy source build resulting from a binary cache miss (17.58 s)
build program: kernel '_pt_kernel_10' was part of a lengthy source build resulting from a binary cache miss (17.58 s)
build program: kernel '_pt_kernel_11' was part of a lengthy source build resulting from a binary cache miss (17.58 s)
build program: kernel '_pt_kernel_12' was part of a lengthy source build resulting from a binary cache miss (17.58 s)
build program: kernel '_pt_kernel_13' was part of a lengthy source build resulting from a binary cache miss (17.58 s)
build program: kernel '_pt_kernel_14' was part of a lengthy source build resulting from a binary cache miss (17.58 s)
build program: kernel '_pt_kernel_15' was part of a lengthy source build resulting from a binary cache miss (17.58 s)
build program: kernel '_pt_kernel_16' was part of a lengthy source build resulting from a binary cache miss (17.58 s)
build program: kernel '_pt_kernel_17' was part of a lengthy source build resulting from a binary cache miss (17.58 s)
build program: kernel '_pt_kernel_18' was part of a lengthy source build resulting from a binary cache miss (17.58 s)
build program: kernel '_pt_kernel_19' was part of a lengthy source build resulting from a binary cache miss (17.58 s)
build program: kernel '_pt_kernel_20' was part of a lengthy source build resulting from a binary cache miss (17.58 s)
build program: kernel '_pt_kernel_21' was part of a lengthy source build resulting from a binary cache miss (17.58 s)
build program: kernel '_pt_kernel_22' was part of a lengthy source build resulting from a binary cache miss (17.58 s)
Unification converged after 1 iterations.
Array Contraction: Contracting 0 temps
build program: kernel '_pt_kernel' was part of a lengthy source build resulting from a binary cache miss (0.48 s)
Unification converged after 1 iterations.
Unification converged after 1 iterations.
Array Contraction: Contracting 0 temps
build program: kernel '_pt_kernel' was part of a lengthy source build resulting from a binary cache miss (0.47 s)
Unification converged after 1 iterations.
Unification converged after 1 iterations.
Array Contraction: Contracting 0 temps
build program: kernel '_pt_kernel' was part of a lengthy source build resulting from a binary cache miss (0.48 s)
Unification converged after 1 iterations.
step = 0, sim time: 0.000000e+00 s, ------- step walltime: 1085.23 s, log walltime: 0.000177622 s

step = 1, sim time: 5.000000e-08 s, ------- step walltime: 0.163598 s, log walltime: 0.000169516 s

step = 2, sim time: 1.000000e-07 s, ------- step walltime: 0.163759 s, log walltime: 9.65595e-05 s

step = 3, sim time: 1.500000e-07 s, ------- step walltime: 0.163135 s, log walltime: 9.36985e-05 s

step = 4, sim time: 2.000000e-07 s, ------- step walltime: 0.168739 s, log walltime: 9.36985e-05 s

step = 5, sim time: 2.500000e-07 s, ------- step walltime: 0.165589 s, log walltime: 9.67979e-05 s

step = 6, sim time: 3.000000e-07 s, ------- step walltime: 0.163313 s, log walltime: 0.000108242 s

step = 7, sim time: 3.500000e-07 s, ------- step walltime: 0.159751 s, log walltime: 9.67979e-05 s

step = 8, sim time: 4.000000e-07 s, ------- step walltime: 0.167418 s, log walltime: 9.60827e-05 s

step = 9, sim time: 4.500000e-07 s, ------- step walltime: 0.164069 s, log walltime: 9.53674e-05 s

step = 10, sim time: 5.000000e-07 s, ------- step walltime: 0.163629 s, log walltime: 9.63211e-05 s

step = 11, sim time: 5.500000e-07 s, ------- step walltime: 0.159915 s, log walltime: 9.77516e-05 s

step = 12, sim time: 6.000000e-07 s, ------- step walltime: 0.168956 s, log walltime: 9.70364e-05 s

step = 13, sim time: 6.500000e-07 s, ------- step walltime: 0.164628 s, log walltime: 9.89437e-05 s

step = 14, sim time: 7.000000e-07 s, ------- step walltime: 0.163764 s, log walltime: 9.5129e-05 s

step = 15, sim time: 7.500000e-07 s, ------- step walltime: 0.159907 s, log walltime: 9.58443e-05 s

step = 16, sim time: 8.000000e-07 s, ------- step walltime: 0.16752 s, log walltime: 9.60827e-05 s

step = 17, sim time: 8.500000e-07 s, ------- step walltime: 0.164127 s, log walltime: 9.65595e-05 s

step = 18, sim time: 9.000000e-07 s, ------- step walltime: 0.163807 s, log walltime: 9.56059e-05 s

step = 19, sim time: 9.500000e-07 s, ------- step walltime: 0.161058 s, log walltime: 9.799e-05 s

Unification converged after 1 iterations.
Array Contraction: Contracting 0 temps
build program: kernel '_pt_kernel' was part of a lengthy source build resulting from a binary cache miss (0.47 s)
Unification converged after 1 iterations.
Unification converged after 1 iterations.
Array Contraction: Contracting 0 temps
build program: kernel '_pt_kernel' was part of a lengthy source build resulting from a binary cache miss (0.47 s)
Unification converged after 1 iterations.
Unification converged after 1 iterations.
Array Contraction: Contracting 0 temps
build program: kernel '_pt_kernel' was part of a lengthy source build resulting from a binary cache miss (0.48 s)
Unification converged after 1 iterations.
step = 20, sim time: 1.000000e-06 s, ------- step walltime: 2.77262 s, log walltime: 9.63211e-05 s

Checkpointing final state ...
Unification converged after 1 iterations.
Array Contraction: Contracting 0 temps
build program: kernel '_pt_kernel' was part of a lengthy source build resulting from a binary cache miss (0.47 s)
Unification converged after 1 iterations.
Unification converged after 1 iterations.
transform_dag.infer_axes_tags: completed (0.87s wall 1.00x CPU)
fuse_same_discretization_entity_loops on '_pt_kernel': completed (1.77s wall 1.00x CPU)
Loop Fusion: completed (1.90s wall 1.00x CPU)
Array Contraction: Contracting 13 temps
contract_arrays on '_pt_kernel': completed (4.13s wall 1.00x CPU)
Array Contraction: completed (4.26s wall 1.00x CPU)
preprocess_program on '_pt_kernel': completed (0.39s wall 1.00x CPU)
_pt_kernel: check array access within bounds: completed (0.40s wall 1.00x CPU)
_pt_kernel: generate code: completed (0.72s wall 1.00x CPU)
build program: kernel '_pt_kernel' was part of a lengthy source build resulting from a binary cache miss (1.10 s)
Unification converged after 1 iterations.
transform_dag.infer_axes_tags: completed (0.86s wall 1.00x CPU)
fuse_same_discretization_entity_loops on '_pt_kernel': completed (1.77s wall 1.00x CPU)
Loop Fusion: completed (1.91s wall 1.00x CPU)
Array Contraction: Contracting 13 temps
contract_arrays on '_pt_kernel': completed (4.04s wall 1.00x CPU)
Array Contraction: completed (4.17s wall 1.00x CPU)
preprocess_program on '_pt_kernel': completed (0.40s wall 1.00x CPU)
_pt_kernel: check array access within bounds: completed (0.40s wall 1.00x CPU)
_pt_kernel: generate code: completed (0.72s wall 1.00x CPU)
build program: kernel '_pt_kernel' was part of a lengthy source build resulting from a binary cache miss (1.10 s)
Unification converged after 1 iterations.
transform_dag.infer_axes_tags: completed (0.85s wall 1.00x CPU)
fuse_same_discretization_entity_loops on '_pt_kernel': completed (1.73s wall 1.00x CPU)
Loop Fusion: completed (1.86s wall 1.00x CPU)
Array Contraction: Contracting 12 temps
contract_arrays on '_pt_kernel': completed (3.92s wall 1.00x CPU)
Array Contraction: completed (4.05s wall 1.00x CPU)
preprocess_program on '_pt_kernel': completed (0.40s wall 1.00x CPU)
_pt_kernel: check array access within bounds: completed (0.40s wall 1.00x CPU)
_pt_kernel: generate code: completed (0.72s wall 1.00x CPU)
build program: kernel '_pt_kernel' was part of a lengthy source build resulting from a binary cache miss (1.09 s)
Unification converged after 1 iterations.
transform_dag.infer_axes_tags: completed (0.87s wall 1.00x CPU)
fuse_same_discretization_entity_loops on '_pt_kernel': completed (1.76s wall 1.00x CPU)
Loop Fusion: completed (1.89s wall 1.00x CPU)
Array Contraction: Contracting 13 temps
contract_arrays on '_pt_kernel': completed (4.01s wall 1.00x CPU)
Array Contraction: completed (4.14s wall 1.00x CPU)
preprocess_program on '_pt_kernel': completed (0.40s wall 1.00x CPU)
_pt_kernel: check array access within bounds: completed (0.40s wall 1.00x CPU)
_pt_kernel: generate code: completed (0.72s wall 1.00x CPU)
build program: kernel '_pt_kernel' was part of a lengthy source build resulting from a binary cache miss (1.09 s)
Unification converged after 1 iterations.
transform_dag.infer_axes_tags: completed (0.85s wall 1.00x CPU)
fuse_same_discretization_entity_loops on '_pt_kernel': completed (1.75s wall 1.00x CPU)
Loop Fusion: completed (1.88s wall 1.00x CPU)
Array Contraction: Contracting 12 temps
contract_arrays on '_pt_kernel': completed (4.15s wall 1.00x CPU)
Array Contraction: completed (4.28s wall 1.00x CPU)
preprocess_program on '_pt_kernel': completed (0.39s wall 1.00x CPU)
_pt_kernel: check array access within bounds: completed (0.40s wall 1.00x CPU)
_pt_kernel: generate code: completed (0.75s wall 1.00x CPU)
build program: kernel '_pt_kernel' was part of a lengthy source build resulting from a binary cache miss (1.08 s)
Unification converged after 1 iterations.
transform_dag.infer_axes_tags: completed (0.96s wall 1.00x CPU)
fuse_same_discretization_entity_loops on '_pt_kernel': completed (2.22s wall 1.00x CPU)
Loop Fusion: completed (2.36s wall 1.00x CPU)
Array Contraction: Contracting 15 temps
contract_arrays on '_pt_kernel': completed (4.95s wall 1.00x CPU)
Array Contraction: completed (5.09s wall 1.00x CPU)
preprocess_program on '_pt_kernel': completed (0.42s wall 1.00x CPU)
_pt_kernel: check array access within bounds: completed (0.41s wall 1.00x CPU)
_pt_kernel: generate code: completed (0.75s wall 1.00x CPU)
build program: kernel '_pt_kernel' was part of a lengthy source build resulting from a binary cache miss (1.15 s)
Unification converged after 1 iterations.
transform_dag.infer_axes_tags: completed (0.86s wall 1.00x CPU)
fuse_same_discretization_entity_loops on '_pt_kernel': completed (1.76s wall 1.00x CPU)
Loop Fusion: completed (1.89s wall 1.00x CPU)
Array Contraction: Contracting 13 temps
contract_arrays on '_pt_kernel': completed (4.02s wall 1.00x CPU)
Array Contraction: completed (4.15s wall 1.00x CPU)
preprocess_program on '_pt_kernel': completed (0.40s wall 1.00x CPU)
_pt_kernel: check array access within bounds: completed (0.40s wall 1.00x CPU)
_pt_kernel: generate code: completed (0.72s wall 1.00x CPU)
build program: kernel '_pt_kernel' was part of a lengthy source build resulting from a binary cache miss (1.08 s)
Unification converged after 1 iterations.
Array Contraction: Contracting 0 temps
build program: kernel '_pt_kernel' was part of a lengthy source build resulting from a binary cache miss (0.47 s)
Unification converged after 1 iterations.
transform_dag.infer_axes_tags: completed (0.86s wall 1.00x CPU)
fuse_same_discretization_entity_loops on '_pt_kernel': completed (1.76s wall 1.00x CPU)
Loop Fusion: completed (1.89s wall 1.00x CPU)
Array Contraction: Contracting 13 temps
contract_arrays on '_pt_kernel': completed (4.01s wall 1.00x CPU)
Array Contraction: completed (4.14s wall 1.00x CPU)
preprocess_program on '_pt_kernel': completed (0.40s wall 1.00x CPU)
_pt_kernel: check array access within bounds: completed (0.40s wall 1.00x CPU)
_pt_kernel: generate code: completed (0.72s wall 1.00x CPU)
build program: kernel '_pt_kernel' was part of a lengthy source build resulting from a binary cache miss (1.08 s)
transform_dag.materialize_face_mass_ins_and_outs: completed (1.26s wall 1.00x CPU)
Unification converged after 1 iterations.
transform_dag.infer_axes_tags: completed (0.87s wall 1.00x CPU)
fuse_same_discretization_entity_loops on '_pt_kernel': completed (1.77s wall 1.00x CPU)
Loop Fusion: completed (1.90s wall 1.00x CPU)
Array Contraction: Contracting 13 temps
contract_arrays on '_pt_kernel': completed (4.04s wall 1.00x CPU)
Array Contraction: completed (4.17s wall 1.00x CPU)
preprocess_program on '_pt_kernel': completed (0.40s wall 1.00x CPU)
_pt_kernel: check array access within bounds: completed (0.40s wall 1.00x CPU)
_pt_kernel: generate code: completed (0.72s wall 1.00x CPU)
build program: kernel '_pt_kernel' was part of a lengthy source build resulting from a binary cache miss (1.08 s)
Unification converged after 1 iterations.
transform_dag.infer_axes_tags: completed (0.87s wall 1.00x CPU)
fuse_same_discretization_entity_loops on '_pt_kernel': completed (1.77s wall 1.00x CPU)
Loop Fusion: completed (1.90s wall 1.00x CPU)
Array Contraction: Contracting 13 temps
contract_arrays on '_pt_kernel': completed (4.03s wall 1.00x CPU)
Array Contraction: completed (4.16s wall 1.00x CPU)
preprocess_program on '_pt_kernel': completed (0.40s wall 1.00x CPU)
_pt_kernel: check array access within bounds: completed (0.40s wall 1.00x CPU)
_pt_kernel: generate code: completed (0.72s wall 1.00x CPU)
build program: kernel '_pt_kernel' was part of a lengthy source build resulting from a binary cache miss (1.08 s)
Unification converged after 1 iterations.
transform_dag.infer_axes_tags: completed (0.85s wall 1.00x CPU)
fuse_same_discretization_entity_loops on '_pt_kernel': completed (1.44s wall 1.00x CPU)
Loop Fusion: completed (1.57s wall 1.00x CPU)
Array Contraction: Contracting 3 temps
contract_arrays on '_pt_kernel': completed (1.72s wall 1.00x CPU)
Array Contraction: completed (1.87s wall 1.00x CPU)
preprocess_program on '_pt_kernel': completed (0.80s wall 1.00x CPU)
_pt_kernel: check array access within bounds: completed (0.93s wall 1.00x CPU)
_pt_kernel: schedule: completed (2.40s wall 1.00x CPU)
_pt_kernel: generate code: completed (3.07s wall 1.00x CPU)
build program: kernel '_pt_kernel' was part of a lengthy source build resulting from a binary cache miss (1.32 s)
build program: kernel '_pt_kernel_0' was part of a lengthy source build resulting from a binary cache miss (1.32 s)
Unification converged after 1 iterations.
transform_dag.infer_axes_tags: completed (0.84s wall 1.00x CPU)
fuse_same_discretization_entity_loops on '_pt_kernel': completed (1.44s wall 1.00x CPU)
Loop Fusion: completed (1.56s wall 1.00x CPU)
Array Contraction: Contracting 3 temps
contract_arrays on '_pt_kernel': completed (1.70s wall 1.00x CPU)
Array Contraction: completed (1.85s wall 1.00x CPU)
preprocess_program on '_pt_kernel': completed (0.79s wall 1.00x CPU)
_pt_kernel: check array access within bounds: completed (0.92s wall 1.00x CPU)
_pt_kernel: schedule: completed (2.40s wall 1.00x CPU)
_pt_kernel: generate code: completed (2.85s wall 1.00x CPU)
build program: kernel '_pt_kernel' was part of a lengthy source build resulting from a binary cache miss (1.31 s)
build program: kernel '_pt_kernel_0' was part of a lengthy source build resulting from a binary cache miss (1.31 s)

------------------------------------------------------------
Sender: LSF System <lsfadmin@lassen710>
Subject: Job 3496085: <flame1d_timing_job.sh> in cluster <lassen> Done

Job <flame1d_timing_job.sh> was submitted from host <lassen708> by user <mtcampbe> in cluster <lassen> at Wed May  4 01:52:41 2022
Job was executed on host(s) <1*lassen710>, in queue <pbatch>, as user <mtcampbe> in cluster <lassen> at Wed May  4 01:52:42 2022
                            <40*lassen339>
</g/g17/mtcampbe> was used as the home directory.
</p/gpfs1/mtcampbe/CEESD/AutomatedTesting/MIRGE-Timing/timing/emirge/mirgecom/flame1d-lazy/timing_run> was used as the working directory.
Started at Wed May  4 01:52:42 2022
Terminated at Wed May  4 02:17:27 2022
Results reported at Wed May  4 02:17:27 2022

Your job looked like:

------------------------------------------------------------
# LSBATCH: User input
#!/bin/bash

#BSUB -nnodes 1
#BSUB -G uiuc
#BSUB -W 60
#BSUB -q pbatch

printf "Running with EMIRGE_HOME=/p/gpfs1/mtcampbe/CEESD/AutomatedTesting/MIRGE-Timing/timing/emirge\n"

source "/p/gpfs1/mtcampbe/CEESD/AutomatedTesting/MIRGE-Timing/timing/emirge/config/activate_env.sh"
export PYOPENCL_CTX="port:tesla"
export XDG_CACHE_HOME="/tmp/mtcampbe/xdg-scratch"
rm -rf $XDG_CACHE_HOME
rm -f timing-run-done
which python
conda env list
env
env | grep LSB_MCPU_HOSTS

jsrun -g 1 -a 1 -n 1 python -O -u -m mpi4py ./flame1d.py -i timing_params.yaml --lazy --log
touch timing-run-done


------------------------------------------------------------

Successfully completed.

Resource usage summary:

    CPU time :                                   0.61 sec.
    Max Memory :                                 59 MB
    Average Memory :                             58.74 MB
    Total Requested Memory :                     -
    Delta Memory :                               -
    Max Swap :                                   1251 MB
    Max Processes :                              4
    Max Threads :                                27
    Run time :                                   1484 sec.
    Turnaround time :                            1486 sec.

The output (if any) is above this job summary.

